[2024-11-17T08:57:38.213+0000] {processor.py:186} INFO - Started process (PID=67) to work on /opt/airflow/dags/afrr_reserves_danish.py
[2024-11-17T08:57:38.217+0000] {processor.py:914} INFO - Processing file /opt/airflow/dags/afrr_reserves_danish.py for tasks to queue
[2024-11-17T08:57:38.226+0000] {logging_mixin.py:190} INFO - [2024-11-17T08:57:38.225+0000] {dagbag.py:588} INFO - Filling up the DagBag from /opt/airflow/dags/afrr_reserves_danish.py
[2024-11-17T08:57:38.434+0000] {processor.py:925} INFO - DAG(s) 'fetch_transform_store_danish_afrr_data' retrieved from /opt/airflow/dags/afrr_reserves_danish.py
[2024-11-17T08:57:39.771+0000] {logging_mixin.py:190} INFO - [2024-11-17T08:57:39.758+0000] {override.py:1911} INFO - Created Permission View: can delete on DAG:fetch_transform_store_danish_afrr_data
[2024-11-17T08:57:39.840+0000] {logging_mixin.py:190} INFO - [2024-11-17T08:57:39.838+0000] {override.py:1911} INFO - Created Permission View: can edit on DAG:fetch_transform_store_danish_afrr_data
[2024-11-17T08:57:39.903+0000] {logging_mixin.py:190} INFO - [2024-11-17T08:57:39.903+0000] {override.py:1911} INFO - Created Permission View: can read on DAG:fetch_transform_store_danish_afrr_data
[2024-11-17T08:57:39.941+0000] {logging_mixin.py:190} INFO - [2024-11-17T08:57:39.940+0000] {override.py:1911} INFO - Created Permission View: can delete on DAG Run:fetch_transform_store_danish_afrr_data
[2024-11-17T08:57:39.977+0000] {logging_mixin.py:190} INFO - [2024-11-17T08:57:39.975+0000] {override.py:1911} INFO - Created Permission View: menu access on DAG Run:fetch_transform_store_danish_afrr_data
[2024-11-17T08:57:40.007+0000] {logging_mixin.py:190} INFO - [2024-11-17T08:57:40.006+0000] {override.py:1911} INFO - Created Permission View: can create on DAG Run:fetch_transform_store_danish_afrr_data
[2024-11-17T08:57:40.032+0000] {logging_mixin.py:190} INFO - [2024-11-17T08:57:40.030+0000] {override.py:1911} INFO - Created Permission View: can read on DAG Run:fetch_transform_store_danish_afrr_data
[2024-11-17T08:57:40.034+0000] {logging_mixin.py:190} INFO - [2024-11-17T08:57:40.033+0000] {dag.py:3239} INFO - Sync 1 DAGs
[2024-11-17T08:57:40.090+0000] {logging_mixin.py:190} INFO - [2024-11-17T08:57:40.089+0000] {dag.py:3262} INFO - Creating ORM DAG for fetch_transform_store_danish_afrr_data
[2024-11-17T08:57:40.153+0000] {logging_mixin.py:190} INFO - [2024-11-17T08:57:40.149+0000] {dag.py:4180} INFO - Setting next_dagrun for fetch_transform_store_danish_afrr_data to 2024-11-16 00:00:00+00:00, run_after=2024-11-17 00:00:00+00:00
[2024-11-17T08:57:40.302+0000] {processor.py:208} INFO - Processing /opt/airflow/dags/afrr_reserves_danish.py took 2.998 seconds
[2024-11-17T08:58:16.552+0000] {processor.py:186} INFO - Started process (PID=134) to work on /opt/airflow/dags/afrr_reserves_danish.py
[2024-11-17T08:58:16.555+0000] {processor.py:914} INFO - Processing file /opt/airflow/dags/afrr_reserves_danish.py for tasks to queue
[2024-11-17T08:58:16.565+0000] {logging_mixin.py:190} INFO - [2024-11-17T08:58:16.563+0000] {dagbag.py:588} INFO - Filling up the DagBag from /opt/airflow/dags/afrr_reserves_danish.py
[2024-11-17T08:58:16.630+0000] {processor.py:925} INFO - DAG(s) 'fetch_transform_store_danish_afrr_data' retrieved from /opt/airflow/dags/afrr_reserves_danish.py
[2024-11-17T08:58:16.689+0000] {logging_mixin.py:190} INFO - [2024-11-17T08:58:16.689+0000] {dag.py:3239} INFO - Sync 1 DAGs
[2024-11-17T08:58:16.757+0000] {logging_mixin.py:190} INFO - [2024-11-17T08:58:16.757+0000] {dag.py:4180} INFO - Setting next_dagrun for fetch_transform_store_danish_afrr_data to 2024-11-16 00:00:00+00:00, run_after=2024-11-17 00:00:00+00:00
[2024-11-17T08:58:16.812+0000] {processor.py:208} INFO - Processing /opt/airflow/dags/afrr_reserves_danish.py took 0.283 seconds
[2024-11-17T08:58:50.238+0000] {processor.py:186} INFO - Started process (PID=192) to work on /opt/airflow/dags/afrr_reserves_danish.py
[2024-11-17T08:58:50.240+0000] {processor.py:914} INFO - Processing file /opt/airflow/dags/afrr_reserves_danish.py for tasks to queue
[2024-11-17T08:58:50.247+0000] {logging_mixin.py:190} INFO - [2024-11-17T08:58:50.246+0000] {dagbag.py:588} INFO - Filling up the DagBag from /opt/airflow/dags/afrr_reserves_danish.py
[2024-11-17T08:58:50.314+0000] {processor.py:925} INFO - DAG(s) 'fetch_transform_store_danish_afrr_data' retrieved from /opt/airflow/dags/afrr_reserves_danish.py
[2024-11-17T08:58:50.367+0000] {logging_mixin.py:190} INFO - [2024-11-17T08:58:50.367+0000] {dag.py:3239} INFO - Sync 1 DAGs
[2024-11-17T08:58:50.435+0000] {logging_mixin.py:190} INFO - [2024-11-17T08:58:50.435+0000] {dag.py:4180} INFO - Setting next_dagrun for fetch_transform_store_danish_afrr_data to 2024-11-16 00:00:00+00:00, run_after=2024-11-17 00:00:00+00:00
[2024-11-17T08:58:50.493+0000] {processor.py:208} INFO - Processing /opt/airflow/dags/afrr_reserves_danish.py took 0.272 seconds
[2024-11-17T08:59:26.747+0000] {processor.py:186} INFO - Started process (PID=255) to work on /opt/airflow/dags/afrr_reserves_danish.py
[2024-11-17T08:59:26.750+0000] {processor.py:914} INFO - Processing file /opt/airflow/dags/afrr_reserves_danish.py for tasks to queue
[2024-11-17T08:59:26.756+0000] {logging_mixin.py:190} INFO - [2024-11-17T08:59:26.756+0000] {dagbag.py:588} INFO - Filling up the DagBag from /opt/airflow/dags/afrr_reserves_danish.py
[2024-11-17T08:59:26.818+0000] {processor.py:925} INFO - DAG(s) 'fetch_transform_store_danish_afrr_data' retrieved from /opt/airflow/dags/afrr_reserves_danish.py
[2024-11-17T08:59:26.889+0000] {logging_mixin.py:190} INFO - [2024-11-17T08:59:26.888+0000] {dag.py:3239} INFO - Sync 1 DAGs
[2024-11-17T08:59:26.977+0000] {logging_mixin.py:190} INFO - [2024-11-17T08:59:26.976+0000] {dag.py:4180} INFO - Setting next_dagrun for fetch_transform_store_danish_afrr_data to 2024-11-16 00:00:00+00:00, run_after=2024-11-17 00:00:00+00:00
[2024-11-17T08:59:27.049+0000] {processor.py:208} INFO - Processing /opt/airflow/dags/afrr_reserves_danish.py took 0.319 seconds
[2024-11-17T08:59:57.212+0000] {processor.py:186} INFO - Started process (PID=320) to work on /opt/airflow/dags/afrr_reserves_danish.py
[2024-11-17T08:59:57.216+0000] {processor.py:914} INFO - Processing file /opt/airflow/dags/afrr_reserves_danish.py for tasks to queue
[2024-11-17T08:59:57.226+0000] {logging_mixin.py:190} INFO - [2024-11-17T08:59:57.224+0000] {dagbag.py:588} INFO - Filling up the DagBag from /opt/airflow/dags/afrr_reserves_danish.py
[2024-11-17T08:59:57.296+0000] {processor.py:925} INFO - DAG(s) 'fetch_transform_store_danish_afrr_data' retrieved from /opt/airflow/dags/afrr_reserves_danish.py
[2024-11-17T08:59:57.365+0000] {logging_mixin.py:190} INFO - [2024-11-17T08:59:57.364+0000] {dag.py:3239} INFO - Sync 1 DAGs
[2024-11-17T08:59:57.447+0000] {logging_mixin.py:190} INFO - [2024-11-17T08:59:57.446+0000] {dag.py:4180} INFO - Setting next_dagrun for fetch_transform_store_danish_afrr_data to 2024-11-16 00:00:00+00:00, run_after=2024-11-17 00:00:00+00:00
[2024-11-17T08:59:57.505+0000] {processor.py:208} INFO - Processing /opt/airflow/dags/afrr_reserves_danish.py took 0.321 seconds
[2024-11-17T09:00:27.685+0000] {processor.py:186} INFO - Started process (PID=386) to work on /opt/airflow/dags/afrr_reserves_danish.py
[2024-11-17T09:00:27.689+0000] {processor.py:914} INFO - Processing file /opt/airflow/dags/afrr_reserves_danish.py for tasks to queue
[2024-11-17T09:00:27.701+0000] {logging_mixin.py:190} INFO - [2024-11-17T09:00:27.700+0000] {dagbag.py:588} INFO - Filling up the DagBag from /opt/airflow/dags/afrr_reserves_danish.py
[2024-11-17T09:00:27.754+0000] {processor.py:925} INFO - DAG(s) 'fetch_transform_store_danish_afrr_data' retrieved from /opt/airflow/dags/afrr_reserves_danish.py
[2024-11-17T09:00:27.805+0000] {logging_mixin.py:190} INFO - [2024-11-17T09:00:27.804+0000] {dag.py:3239} INFO - Sync 1 DAGs
[2024-11-17T09:00:27.874+0000] {logging_mixin.py:190} INFO - [2024-11-17T09:00:27.873+0000] {dag.py:4180} INFO - Setting next_dagrun for fetch_transform_store_danish_afrr_data to 2024-11-16 00:00:00+00:00, run_after=2024-11-17 00:00:00+00:00
[2024-11-17T09:00:27.927+0000] {processor.py:208} INFO - Processing /opt/airflow/dags/afrr_reserves_danish.py took 0.266 seconds
[2024-11-17T09:01:00.461+0000] {processor.py:186} INFO - Started process (PID=444) to work on /opt/airflow/dags/afrr_reserves_danish.py
[2024-11-17T09:01:00.463+0000] {processor.py:914} INFO - Processing file /opt/airflow/dags/afrr_reserves_danish.py for tasks to queue
[2024-11-17T09:01:00.470+0000] {logging_mixin.py:190} INFO - [2024-11-17T09:01:00.469+0000] {dagbag.py:588} INFO - Filling up the DagBag from /opt/airflow/dags/afrr_reserves_danish.py
[2024-11-17T09:01:00.525+0000] {processor.py:925} INFO - DAG(s) 'fetch_transform_store_danish_afrr_data' retrieved from /opt/airflow/dags/afrr_reserves_danish.py
[2024-11-17T09:01:00.597+0000] {logging_mixin.py:190} INFO - [2024-11-17T09:01:00.596+0000] {dag.py:3239} INFO - Sync 1 DAGs
[2024-11-17T09:01:00.692+0000] {logging_mixin.py:190} INFO - [2024-11-17T09:01:00.691+0000] {dag.py:4180} INFO - Setting next_dagrun for fetch_transform_store_danish_afrr_data to 2024-11-16 00:00:00+00:00, run_after=2024-11-17 00:00:00+00:00
[2024-11-17T09:01:00.763+0000] {processor.py:208} INFO - Processing /opt/airflow/dags/afrr_reserves_danish.py took 0.322 seconds
[2024-11-17T09:01:32.234+0000] {processor.py:186} INFO - Started process (PID=506) to work on /opt/airflow/dags/afrr_reserves_danish.py
[2024-11-17T09:01:32.238+0000] {processor.py:914} INFO - Processing file /opt/airflow/dags/afrr_reserves_danish.py for tasks to queue
[2024-11-17T09:01:32.246+0000] {logging_mixin.py:190} INFO - [2024-11-17T09:01:32.245+0000] {dagbag.py:588} INFO - Filling up the DagBag from /opt/airflow/dags/afrr_reserves_danish.py
[2024-11-17T09:01:32.306+0000] {processor.py:925} INFO - DAG(s) 'fetch_transform_store_danish_afrr_data' retrieved from /opt/airflow/dags/afrr_reserves_danish.py
[2024-11-17T09:01:32.370+0000] {logging_mixin.py:190} INFO - [2024-11-17T09:01:32.369+0000] {dag.py:3239} INFO - Sync 1 DAGs
[2024-11-17T09:01:32.450+0000] {logging_mixin.py:190} INFO - [2024-11-17T09:01:32.449+0000] {dag.py:4180} INFO - Setting next_dagrun for fetch_transform_store_danish_afrr_data to 2024-11-16 00:00:00+00:00, run_after=2024-11-17 00:00:00+00:00
[2024-11-17T09:01:32.507+0000] {processor.py:208} INFO - Processing /opt/airflow/dags/afrr_reserves_danish.py took 0.293 seconds
[2024-11-17T09:02:04.845+0000] {processor.py:186} INFO - Started process (PID=572) to work on /opt/airflow/dags/afrr_reserves_danish.py
[2024-11-17T09:02:04.848+0000] {processor.py:914} INFO - Processing file /opt/airflow/dags/afrr_reserves_danish.py for tasks to queue
[2024-11-17T09:02:04.854+0000] {logging_mixin.py:190} INFO - [2024-11-17T09:02:04.853+0000] {dagbag.py:588} INFO - Filling up the DagBag from /opt/airflow/dags/afrr_reserves_danish.py
[2024-11-17T09:02:04.908+0000] {processor.py:925} INFO - DAG(s) 'fetch_transform_store_danish_afrr_data' retrieved from /opt/airflow/dags/afrr_reserves_danish.py
[2024-11-17T09:02:04.962+0000] {logging_mixin.py:190} INFO - [2024-11-17T09:02:04.961+0000] {dag.py:3239} INFO - Sync 1 DAGs
[2024-11-17T09:02:05.033+0000] {logging_mixin.py:190} INFO - [2024-11-17T09:02:05.032+0000] {dag.py:4180} INFO - Setting next_dagrun for fetch_transform_store_danish_afrr_data to 2024-11-16 00:00:00+00:00, run_after=2024-11-17 00:00:00+00:00
[2024-11-17T09:02:05.096+0000] {processor.py:208} INFO - Processing /opt/airflow/dags/afrr_reserves_danish.py took 0.268 seconds
[2024-11-17T09:02:38.057+0000] {processor.py:186} INFO - Started process (PID=644) to work on /opt/airflow/dags/afrr_reserves_danish.py
[2024-11-17T09:02:38.060+0000] {processor.py:914} INFO - Processing file /opt/airflow/dags/afrr_reserves_danish.py for tasks to queue
[2024-11-17T09:02:38.069+0000] {logging_mixin.py:190} INFO - [2024-11-17T09:02:38.068+0000] {dagbag.py:588} INFO - Filling up the DagBag from /opt/airflow/dags/afrr_reserves_danish.py
[2024-11-17T09:02:38.122+0000] {processor.py:925} INFO - DAG(s) 'fetch_transform_store_danish_afrr_data' retrieved from /opt/airflow/dags/afrr_reserves_danish.py
[2024-11-17T09:02:38.188+0000] {logging_mixin.py:190} INFO - [2024-11-17T09:02:38.187+0000] {dag.py:3239} INFO - Sync 1 DAGs
[2024-11-17T09:02:38.261+0000] {logging_mixin.py:190} INFO - [2024-11-17T09:02:38.260+0000] {dag.py:4180} INFO - Setting next_dagrun for fetch_transform_store_danish_afrr_data to 2024-11-16 00:00:00+00:00, run_after=2024-11-17 00:00:00+00:00
[2024-11-17T09:02:38.316+0000] {processor.py:208} INFO - Processing /opt/airflow/dags/afrr_reserves_danish.py took 0.287 seconds
[2024-11-17T09:03:10.613+0000] {processor.py:186} INFO - Started process (PID=710) to work on /opt/airflow/dags/afrr_reserves_danish.py
[2024-11-17T09:03:10.616+0000] {processor.py:914} INFO - Processing file /opt/airflow/dags/afrr_reserves_danish.py for tasks to queue
[2024-11-17T09:03:10.622+0000] {logging_mixin.py:190} INFO - [2024-11-17T09:03:10.622+0000] {dagbag.py:588} INFO - Filling up the DagBag from /opt/airflow/dags/afrr_reserves_danish.py
[2024-11-17T09:03:10.675+0000] {processor.py:925} INFO - DAG(s) 'fetch_transform_store_danish_afrr_data' retrieved from /opt/airflow/dags/afrr_reserves_danish.py
[2024-11-17T09:03:10.733+0000] {logging_mixin.py:190} INFO - [2024-11-17T09:03:10.733+0000] {dag.py:3239} INFO - Sync 1 DAGs
[2024-11-17T09:03:10.808+0000] {logging_mixin.py:190} INFO - [2024-11-17T09:03:10.807+0000] {dag.py:4180} INFO - Setting next_dagrun for fetch_transform_store_danish_afrr_data to 2024-11-16 00:00:00+00:00, run_after=2024-11-17 00:00:00+00:00
[2024-11-17T09:03:10.871+0000] {processor.py:208} INFO - Processing /opt/airflow/dags/afrr_reserves_danish.py took 0.274 seconds
[2024-11-17T09:03:41.570+0000] {processor.py:186} INFO - Started process (PID=774) to work on /opt/airflow/dags/afrr_reserves_danish.py
[2024-11-17T09:03:41.573+0000] {processor.py:914} INFO - Processing file /opt/airflow/dags/afrr_reserves_danish.py for tasks to queue
[2024-11-17T09:03:41.581+0000] {logging_mixin.py:190} INFO - [2024-11-17T09:03:41.580+0000] {dagbag.py:588} INFO - Filling up the DagBag from /opt/airflow/dags/afrr_reserves_danish.py
[2024-11-17T09:03:41.631+0000] {processor.py:925} INFO - DAG(s) 'fetch_transform_store_danish_afrr_data' retrieved from /opt/airflow/dags/afrr_reserves_danish.py
[2024-11-17T09:03:41.680+0000] {logging_mixin.py:190} INFO - [2024-11-17T09:03:41.679+0000] {dag.py:3239} INFO - Sync 1 DAGs
[2024-11-17T09:03:41.742+0000] {logging_mixin.py:190} INFO - [2024-11-17T09:03:41.742+0000] {dag.py:4180} INFO - Setting next_dagrun for fetch_transform_store_danish_afrr_data to 2024-11-16 00:00:00+00:00, run_after=2024-11-17 00:00:00+00:00
[2024-11-17T09:03:41.798+0000] {processor.py:208} INFO - Processing /opt/airflow/dags/afrr_reserves_danish.py took 0.246 seconds
[2024-11-17T09:04:12.752+0000] {processor.py:186} INFO - Started process (PID=839) to work on /opt/airflow/dags/afrr_reserves_danish.py
[2024-11-17T09:04:12.755+0000] {processor.py:914} INFO - Processing file /opt/airflow/dags/afrr_reserves_danish.py for tasks to queue
[2024-11-17T09:04:12.762+0000] {logging_mixin.py:190} INFO - [2024-11-17T09:04:12.761+0000] {dagbag.py:588} INFO - Filling up the DagBag from /opt/airflow/dags/afrr_reserves_danish.py
[2024-11-17T09:04:12.818+0000] {processor.py:925} INFO - DAG(s) 'fetch_transform_store_danish_afrr_data' retrieved from /opt/airflow/dags/afrr_reserves_danish.py
[2024-11-17T09:04:12.871+0000] {logging_mixin.py:190} INFO - [2024-11-17T09:04:12.870+0000] {dag.py:3239} INFO - Sync 1 DAGs
[2024-11-17T09:04:12.932+0000] {logging_mixin.py:190} INFO - [2024-11-17T09:04:12.932+0000] {dag.py:4180} INFO - Setting next_dagrun for fetch_transform_store_danish_afrr_data to 2024-11-16 00:00:00+00:00, run_after=2024-11-17 00:00:00+00:00
[2024-11-17T09:04:12.988+0000] {processor.py:208} INFO - Processing /opt/airflow/dags/afrr_reserves_danish.py took 0.252 seconds
[2024-11-17T09:04:43.450+0000] {processor.py:186} INFO - Started process (PID=905) to work on /opt/airflow/dags/afrr_reserves_danish.py
[2024-11-17T09:04:43.454+0000] {processor.py:914} INFO - Processing file /opt/airflow/dags/afrr_reserves_danish.py for tasks to queue
[2024-11-17T09:04:43.463+0000] {logging_mixin.py:190} INFO - [2024-11-17T09:04:43.462+0000] {dagbag.py:588} INFO - Filling up the DagBag from /opt/airflow/dags/afrr_reserves_danish.py
[2024-11-17T09:04:43.524+0000] {processor.py:925} INFO - DAG(s) 'fetch_transform_store_danish_afrr_data' retrieved from /opt/airflow/dags/afrr_reserves_danish.py
[2024-11-17T09:04:43.575+0000] {logging_mixin.py:190} INFO - [2024-11-17T09:04:43.575+0000] {dag.py:3239} INFO - Sync 1 DAGs
[2024-11-17T09:04:43.637+0000] {logging_mixin.py:190} INFO - [2024-11-17T09:04:43.636+0000] {dag.py:4180} INFO - Setting next_dagrun for fetch_transform_store_danish_afrr_data to 2024-11-16 00:00:00+00:00, run_after=2024-11-17 00:00:00+00:00
[2024-11-17T09:04:43.695+0000] {processor.py:208} INFO - Processing /opt/airflow/dags/afrr_reserves_danish.py took 0.275 seconds
[2024-11-17T09:05:14.184+0000] {processor.py:186} INFO - Started process (PID=971) to work on /opt/airflow/dags/afrr_reserves_danish.py
[2024-11-17T09:05:14.187+0000] {processor.py:914} INFO - Processing file /opt/airflow/dags/afrr_reserves_danish.py for tasks to queue
[2024-11-17T09:05:14.195+0000] {logging_mixin.py:190} INFO - [2024-11-17T09:05:14.194+0000] {dagbag.py:588} INFO - Filling up the DagBag from /opt/airflow/dags/afrr_reserves_danish.py
[2024-11-17T09:05:14.253+0000] {processor.py:925} INFO - DAG(s) 'fetch_transform_store_danish_afrr_data' retrieved from /opt/airflow/dags/afrr_reserves_danish.py
[2024-11-17T09:05:14.331+0000] {logging_mixin.py:190} INFO - [2024-11-17T09:05:14.330+0000] {dag.py:3239} INFO - Sync 1 DAGs
[2024-11-17T09:05:14.418+0000] {logging_mixin.py:190} INFO - [2024-11-17T09:05:14.418+0000] {dag.py:4180} INFO - Setting next_dagrun for fetch_transform_store_danish_afrr_data to 2024-11-16 00:00:00+00:00, run_after=2024-11-17 00:00:00+00:00
[2024-11-17T09:05:14.508+0000] {processor.py:208} INFO - Processing /opt/airflow/dags/afrr_reserves_danish.py took 0.349 seconds
[2024-11-17T09:05:44.929+0000] {processor.py:186} INFO - Started process (PID=1037) to work on /opt/airflow/dags/afrr_reserves_danish.py
[2024-11-17T09:05:44.932+0000] {processor.py:914} INFO - Processing file /opt/airflow/dags/afrr_reserves_danish.py for tasks to queue
[2024-11-17T09:05:44.939+0000] {logging_mixin.py:190} INFO - [2024-11-17T09:05:44.938+0000] {dagbag.py:588} INFO - Filling up the DagBag from /opt/airflow/dags/afrr_reserves_danish.py
[2024-11-17T09:05:44.996+0000] {processor.py:925} INFO - DAG(s) 'fetch_transform_store_danish_afrr_data' retrieved from /opt/airflow/dags/afrr_reserves_danish.py
[2024-11-17T09:05:45.063+0000] {logging_mixin.py:190} INFO - [2024-11-17T09:05:45.063+0000] {dag.py:3239} INFO - Sync 1 DAGs
[2024-11-17T09:05:45.136+0000] {logging_mixin.py:190} INFO - [2024-11-17T09:05:45.135+0000] {dag.py:4180} INFO - Setting next_dagrun for fetch_transform_store_danish_afrr_data to 2024-11-16 00:00:00+00:00, run_after=2024-11-17 00:00:00+00:00
[2024-11-17T09:05:45.192+0000] {processor.py:208} INFO - Processing /opt/airflow/dags/afrr_reserves_danish.py took 0.280 seconds
[2024-11-17T09:06:15.589+0000] {processor.py:186} INFO - Started process (PID=1103) to work on /opt/airflow/dags/afrr_reserves_danish.py
[2024-11-17T09:06:15.592+0000] {processor.py:914} INFO - Processing file /opt/airflow/dags/afrr_reserves_danish.py for tasks to queue
[2024-11-17T09:06:15.599+0000] {logging_mixin.py:190} INFO - [2024-11-17T09:06:15.598+0000] {dagbag.py:588} INFO - Filling up the DagBag from /opt/airflow/dags/afrr_reserves_danish.py
[2024-11-17T09:06:15.661+0000] {processor.py:925} INFO - DAG(s) 'fetch_transform_store_danish_afrr_data' retrieved from /opt/airflow/dags/afrr_reserves_danish.py
[2024-11-17T09:06:15.715+0000] {logging_mixin.py:190} INFO - [2024-11-17T09:06:15.714+0000] {dag.py:3239} INFO - Sync 1 DAGs
[2024-11-17T09:06:15.775+0000] {logging_mixin.py:190} INFO - [2024-11-17T09:06:15.775+0000] {dag.py:4180} INFO - Setting next_dagrun for fetch_transform_store_danish_afrr_data to 2024-11-16 00:00:00+00:00, run_after=2024-11-17 00:00:00+00:00
[2024-11-17T09:06:15.832+0000] {processor.py:208} INFO - Processing /opt/airflow/dags/afrr_reserves_danish.py took 0.260 seconds
[2024-11-17T09:06:46.013+0000] {processor.py:186} INFO - Started process (PID=1169) to work on /opt/airflow/dags/afrr_reserves_danish.py
[2024-11-17T09:06:46.016+0000] {processor.py:914} INFO - Processing file /opt/airflow/dags/afrr_reserves_danish.py for tasks to queue
[2024-11-17T09:06:46.025+0000] {logging_mixin.py:190} INFO - [2024-11-17T09:06:46.023+0000] {dagbag.py:588} INFO - Filling up the DagBag from /opt/airflow/dags/afrr_reserves_danish.py
[2024-11-17T09:06:46.089+0000] {processor.py:925} INFO - DAG(s) 'fetch_transform_store_danish_afrr_data' retrieved from /opt/airflow/dags/afrr_reserves_danish.py
[2024-11-17T09:06:46.153+0000] {logging_mixin.py:190} INFO - [2024-11-17T09:06:46.153+0000] {dag.py:3239} INFO - Sync 1 DAGs
[2024-11-17T09:06:46.221+0000] {logging_mixin.py:190} INFO - [2024-11-17T09:06:46.221+0000] {dag.py:4180} INFO - Setting next_dagrun for fetch_transform_store_danish_afrr_data to 2024-11-16 00:00:00+00:00, run_after=2024-11-17 00:00:00+00:00
[2024-11-17T09:06:46.288+0000] {processor.py:208} INFO - Processing /opt/airflow/dags/afrr_reserves_danish.py took 0.293 seconds
[2024-11-17T09:07:16.617+0000] {processor.py:186} INFO - Started process (PID=1236) to work on /opt/airflow/dags/afrr_reserves_danish.py
[2024-11-17T09:07:16.620+0000] {processor.py:914} INFO - Processing file /opt/airflow/dags/afrr_reserves_danish.py for tasks to queue
[2024-11-17T09:07:16.630+0000] {logging_mixin.py:190} INFO - [2024-11-17T09:07:16.629+0000] {dagbag.py:588} INFO - Filling up the DagBag from /opt/airflow/dags/afrr_reserves_danish.py
[2024-11-17T09:07:16.709+0000] {processor.py:925} INFO - DAG(s) 'fetch_transform_store_danish_afrr_data' retrieved from /opt/airflow/dags/afrr_reserves_danish.py
[2024-11-17T09:07:16.801+0000] {logging_mixin.py:190} INFO - [2024-11-17T09:07:16.800+0000] {dag.py:3239} INFO - Sync 1 DAGs
[2024-11-17T09:07:16.930+0000] {logging_mixin.py:190} INFO - [2024-11-17T09:07:16.929+0000] {dag.py:4180} INFO - Setting next_dagrun for fetch_transform_store_danish_afrr_data to 2024-11-16 00:00:00+00:00, run_after=2024-11-17 00:00:00+00:00
[2024-11-17T09:07:17.024+0000] {processor.py:208} INFO - Processing /opt/airflow/dags/afrr_reserves_danish.py took 0.426 seconds
[2024-11-17T09:07:47.522+0000] {processor.py:186} INFO - Started process (PID=1302) to work on /opt/airflow/dags/afrr_reserves_danish.py
[2024-11-17T09:07:47.526+0000] {processor.py:914} INFO - Processing file /opt/airflow/dags/afrr_reserves_danish.py for tasks to queue
[2024-11-17T09:07:47.532+0000] {logging_mixin.py:190} INFO - [2024-11-17T09:07:47.531+0000] {dagbag.py:588} INFO - Filling up the DagBag from /opt/airflow/dags/afrr_reserves_danish.py
[2024-11-17T09:07:47.591+0000] {processor.py:925} INFO - DAG(s) 'fetch_transform_store_danish_afrr_data' retrieved from /opt/airflow/dags/afrr_reserves_danish.py
[2024-11-17T09:07:47.668+0000] {logging_mixin.py:190} INFO - [2024-11-17T09:07:47.667+0000] {dag.py:3239} INFO - Sync 1 DAGs
[2024-11-17T09:07:47.767+0000] {logging_mixin.py:190} INFO - [2024-11-17T09:07:47.765+0000] {dag.py:4180} INFO - Setting next_dagrun for fetch_transform_store_danish_afrr_data to 2024-11-16 00:00:00+00:00, run_after=2024-11-17 00:00:00+00:00
[2024-11-17T09:07:47.841+0000] {processor.py:208} INFO - Processing /opt/airflow/dags/afrr_reserves_danish.py took 0.341 seconds
[2024-11-17T09:08:18.356+0000] {processor.py:186} INFO - Started process (PID=1367) to work on /opt/airflow/dags/afrr_reserves_danish.py
[2024-11-17T09:08:18.359+0000] {processor.py:914} INFO - Processing file /opt/airflow/dags/afrr_reserves_danish.py for tasks to queue
[2024-11-17T09:08:18.365+0000] {logging_mixin.py:190} INFO - [2024-11-17T09:08:18.364+0000] {dagbag.py:588} INFO - Filling up the DagBag from /opt/airflow/dags/afrr_reserves_danish.py
[2024-11-17T09:08:18.428+0000] {processor.py:925} INFO - DAG(s) 'fetch_transform_store_danish_afrr_data' retrieved from /opt/airflow/dags/afrr_reserves_danish.py
[2024-11-17T09:08:18.486+0000] {logging_mixin.py:190} INFO - [2024-11-17T09:08:18.486+0000] {dag.py:3239} INFO - Sync 1 DAGs
[2024-11-17T09:08:18.549+0000] {logging_mixin.py:190} INFO - [2024-11-17T09:08:18.549+0000] {dag.py:4180} INFO - Setting next_dagrun for fetch_transform_store_danish_afrr_data to 2024-11-16 00:00:00+00:00, run_after=2024-11-17 00:00:00+00:00
[2024-11-17T09:08:18.607+0000] {processor.py:208} INFO - Processing /opt/airflow/dags/afrr_reserves_danish.py took 0.267 seconds
[2024-11-17T09:08:49.447+0000] {processor.py:186} INFO - Started process (PID=1433) to work on /opt/airflow/dags/afrr_reserves_danish.py
[2024-11-17T09:08:49.450+0000] {processor.py:914} INFO - Processing file /opt/airflow/dags/afrr_reserves_danish.py for tasks to queue
[2024-11-17T09:08:49.456+0000] {logging_mixin.py:190} INFO - [2024-11-17T09:08:49.455+0000] {dagbag.py:588} INFO - Filling up the DagBag from /opt/airflow/dags/afrr_reserves_danish.py
[2024-11-17T09:08:49.508+0000] {processor.py:925} INFO - DAG(s) 'fetch_transform_store_danish_afrr_data' retrieved from /opt/airflow/dags/afrr_reserves_danish.py
[2024-11-17T09:08:49.557+0000] {logging_mixin.py:190} INFO - [2024-11-17T09:08:49.557+0000] {dag.py:3239} INFO - Sync 1 DAGs
[2024-11-17T09:08:49.628+0000] {logging_mixin.py:190} INFO - [2024-11-17T09:08:49.627+0000] {dag.py:4180} INFO - Setting next_dagrun for fetch_transform_store_danish_afrr_data to 2024-11-16 00:00:00+00:00, run_after=2024-11-17 00:00:00+00:00
[2024-11-17T09:08:49.681+0000] {processor.py:208} INFO - Processing /opt/airflow/dags/afrr_reserves_danish.py took 0.250 seconds
[2024-11-17T09:09:20.067+0000] {processor.py:186} INFO - Started process (PID=1498) to work on /opt/airflow/dags/afrr_reserves_danish.py
[2024-11-17T09:09:20.070+0000] {processor.py:914} INFO - Processing file /opt/airflow/dags/afrr_reserves_danish.py for tasks to queue
[2024-11-17T09:09:20.077+0000] {logging_mixin.py:190} INFO - [2024-11-17T09:09:20.076+0000] {dagbag.py:588} INFO - Filling up the DagBag from /opt/airflow/dags/afrr_reserves_danish.py
[2024-11-17T09:09:20.131+0000] {processor.py:925} INFO - DAG(s) 'fetch_transform_store_danish_afrr_data' retrieved from /opt/airflow/dags/afrr_reserves_danish.py
[2024-11-17T09:09:20.183+0000] {logging_mixin.py:190} INFO - [2024-11-17T09:09:20.182+0000] {dag.py:3239} INFO - Sync 1 DAGs
[2024-11-17T09:09:20.251+0000] {logging_mixin.py:190} INFO - [2024-11-17T09:09:20.251+0000] {dag.py:4180} INFO - Setting next_dagrun for fetch_transform_store_danish_afrr_data to 2024-11-16 00:00:00+00:00, run_after=2024-11-17 00:00:00+00:00
[2024-11-17T09:09:20.309+0000] {processor.py:208} INFO - Processing /opt/airflow/dags/afrr_reserves_danish.py took 0.258 seconds
[2024-11-17T09:09:51.348+0000] {processor.py:186} INFO - Started process (PID=1564) to work on /opt/airflow/dags/afrr_reserves_danish.py
[2024-11-17T09:09:51.353+0000] {processor.py:914} INFO - Processing file /opt/airflow/dags/afrr_reserves_danish.py for tasks to queue
[2024-11-17T09:09:51.366+0000] {logging_mixin.py:190} INFO - [2024-11-17T09:09:51.364+0000] {dagbag.py:588} INFO - Filling up the DagBag from /opt/airflow/dags/afrr_reserves_danish.py
[2024-11-17T09:09:51.436+0000] {processor.py:925} INFO - DAG(s) 'fetch_transform_store_danish_afrr_data' retrieved from /opt/airflow/dags/afrr_reserves_danish.py
[2024-11-17T09:09:51.504+0000] {logging_mixin.py:190} INFO - [2024-11-17T09:09:51.503+0000] {dag.py:3239} INFO - Sync 1 DAGs
[2024-11-17T09:09:51.592+0000] {logging_mixin.py:190} INFO - [2024-11-17T09:09:51.592+0000] {dag.py:4180} INFO - Setting next_dagrun for fetch_transform_store_danish_afrr_data to 2024-11-16 00:00:00+00:00, run_after=2024-11-17 00:00:00+00:00
[2024-11-17T09:09:51.664+0000] {processor.py:208} INFO - Processing /opt/airflow/dags/afrr_reserves_danish.py took 0.352 seconds
[2024-11-17T09:10:22.177+0000] {processor.py:186} INFO - Started process (PID=1630) to work on /opt/airflow/dags/afrr_reserves_danish.py
[2024-11-17T09:10:22.180+0000] {processor.py:914} INFO - Processing file /opt/airflow/dags/afrr_reserves_danish.py for tasks to queue
[2024-11-17T09:10:22.187+0000] {logging_mixin.py:190} INFO - [2024-11-17T09:10:22.186+0000] {dagbag.py:588} INFO - Filling up the DagBag from /opt/airflow/dags/afrr_reserves_danish.py
[2024-11-17T09:10:22.247+0000] {processor.py:925} INFO - DAG(s) 'fetch_transform_store_danish_afrr_data' retrieved from /opt/airflow/dags/afrr_reserves_danish.py
[2024-11-17T09:10:22.316+0000] {logging_mixin.py:190} INFO - [2024-11-17T09:10:22.315+0000] {dag.py:3239} INFO - Sync 1 DAGs
[2024-11-17T09:10:22.395+0000] {logging_mixin.py:190} INFO - [2024-11-17T09:10:22.394+0000] {dag.py:4180} INFO - Setting next_dagrun for fetch_transform_store_danish_afrr_data to 2024-11-16 00:00:00+00:00, run_after=2024-11-17 00:00:00+00:00
[2024-11-17T09:10:22.457+0000] {processor.py:208} INFO - Processing /opt/airflow/dags/afrr_reserves_danish.py took 0.296 seconds
[2024-11-17T09:10:52.941+0000] {processor.py:186} INFO - Started process (PID=1695) to work on /opt/airflow/dags/afrr_reserves_danish.py
[2024-11-17T09:10:52.944+0000] {processor.py:914} INFO - Processing file /opt/airflow/dags/afrr_reserves_danish.py for tasks to queue
[2024-11-17T09:10:52.951+0000] {logging_mixin.py:190} INFO - [2024-11-17T09:10:52.950+0000] {dagbag.py:588} INFO - Filling up the DagBag from /opt/airflow/dags/afrr_reserves_danish.py
[2024-11-17T09:10:53.013+0000] {processor.py:925} INFO - DAG(s) 'fetch_transform_store_danish_afrr_data' retrieved from /opt/airflow/dags/afrr_reserves_danish.py
[2024-11-17T09:10:53.079+0000] {logging_mixin.py:190} INFO - [2024-11-17T09:10:53.078+0000] {dag.py:3239} INFO - Sync 1 DAGs
[2024-11-17T09:10:53.172+0000] {logging_mixin.py:190} INFO - [2024-11-17T09:10:53.171+0000] {dag.py:4180} INFO - Setting next_dagrun for fetch_transform_store_danish_afrr_data to 2024-11-16 00:00:00+00:00, run_after=2024-11-17 00:00:00+00:00
[2024-11-17T09:10:53.230+0000] {processor.py:208} INFO - Processing /opt/airflow/dags/afrr_reserves_danish.py took 0.316 seconds
[2024-11-17T09:11:23.730+0000] {processor.py:186} INFO - Started process (PID=1761) to work on /opt/airflow/dags/afrr_reserves_danish.py
[2024-11-17T09:11:23.733+0000] {processor.py:914} INFO - Processing file /opt/airflow/dags/afrr_reserves_danish.py for tasks to queue
[2024-11-17T09:11:23.742+0000] {logging_mixin.py:190} INFO - [2024-11-17T09:11:23.741+0000] {dagbag.py:588} INFO - Filling up the DagBag from /opt/airflow/dags/afrr_reserves_danish.py
[2024-11-17T09:11:23.831+0000] {processor.py:925} INFO - DAG(s) 'fetch_transform_store_danish_afrr_data' retrieved from /opt/airflow/dags/afrr_reserves_danish.py
[2024-11-17T09:11:23.916+0000] {logging_mixin.py:190} INFO - [2024-11-17T09:11:23.915+0000] {dag.py:3239} INFO - Sync 1 DAGs
[2024-11-17T09:11:23.992+0000] {logging_mixin.py:190} INFO - [2024-11-17T09:11:23.992+0000] {dag.py:4180} INFO - Setting next_dagrun for fetch_transform_store_danish_afrr_data to 2024-11-16 00:00:00+00:00, run_after=2024-11-17 00:00:00+00:00
[2024-11-17T09:11:24.046+0000] {processor.py:208} INFO - Processing /opt/airflow/dags/afrr_reserves_danish.py took 0.334 seconds
[2024-11-17T09:11:54.342+0000] {processor.py:186} INFO - Started process (PID=1826) to work on /opt/airflow/dags/afrr_reserves_danish.py
[2024-11-17T09:11:54.345+0000] {processor.py:914} INFO - Processing file /opt/airflow/dags/afrr_reserves_danish.py for tasks to queue
[2024-11-17T09:11:54.352+0000] {logging_mixin.py:190} INFO - [2024-11-17T09:11:54.351+0000] {dagbag.py:588} INFO - Filling up the DagBag from /opt/airflow/dags/afrr_reserves_danish.py
[2024-11-17T09:11:54.411+0000] {processor.py:925} INFO - DAG(s) 'fetch_transform_store_danish_afrr_data' retrieved from /opt/airflow/dags/afrr_reserves_danish.py
[2024-11-17T09:11:54.498+0000] {logging_mixin.py:190} INFO - [2024-11-17T09:11:54.497+0000] {dag.py:3239} INFO - Sync 1 DAGs
[2024-11-17T09:11:54.601+0000] {logging_mixin.py:190} INFO - [2024-11-17T09:11:54.600+0000] {dag.py:4180} INFO - Setting next_dagrun for fetch_transform_store_danish_afrr_data to 2024-11-16 00:00:00+00:00, run_after=2024-11-17 00:00:00+00:00
[2024-11-17T09:11:54.687+0000] {processor.py:208} INFO - Processing /opt/airflow/dags/afrr_reserves_danish.py took 0.364 seconds
[2024-11-17T09:12:25.044+0000] {processor.py:186} INFO - Started process (PID=1892) to work on /opt/airflow/dags/afrr_reserves_danish.py
[2024-11-17T09:12:25.047+0000] {processor.py:914} INFO - Processing file /opt/airflow/dags/afrr_reserves_danish.py for tasks to queue
[2024-11-17T09:12:25.056+0000] {logging_mixin.py:190} INFO - [2024-11-17T09:12:25.055+0000] {dagbag.py:588} INFO - Filling up the DagBag from /opt/airflow/dags/afrr_reserves_danish.py
[2024-11-17T09:12:25.111+0000] {processor.py:925} INFO - DAG(s) 'fetch_transform_store_danish_afrr_data' retrieved from /opt/airflow/dags/afrr_reserves_danish.py
[2024-11-17T09:12:25.171+0000] {logging_mixin.py:190} INFO - [2024-11-17T09:12:25.171+0000] {dag.py:3239} INFO - Sync 1 DAGs
[2024-11-17T09:12:25.245+0000] {logging_mixin.py:190} INFO - [2024-11-17T09:12:25.244+0000] {dag.py:4180} INFO - Setting next_dagrun for fetch_transform_store_danish_afrr_data to 2024-11-16 00:00:00+00:00, run_after=2024-11-17 00:00:00+00:00
[2024-11-17T09:12:25.302+0000] {processor.py:208} INFO - Processing /opt/airflow/dags/afrr_reserves_danish.py took 0.280 seconds
[2024-11-17T09:12:55.477+0000] {processor.py:186} INFO - Started process (PID=1957) to work on /opt/airflow/dags/afrr_reserves_danish.py
[2024-11-17T09:12:55.480+0000] {processor.py:914} INFO - Processing file /opt/airflow/dags/afrr_reserves_danish.py for tasks to queue
[2024-11-17T09:12:55.487+0000] {logging_mixin.py:190} INFO - [2024-11-17T09:12:55.486+0000] {dagbag.py:588} INFO - Filling up the DagBag from /opt/airflow/dags/afrr_reserves_danish.py
[2024-11-17T09:12:55.550+0000] {processor.py:925} INFO - DAG(s) 'fetch_transform_store_danish_afrr_data' retrieved from /opt/airflow/dags/afrr_reserves_danish.py
[2024-11-17T09:12:55.608+0000] {logging_mixin.py:190} INFO - [2024-11-17T09:12:55.607+0000] {dag.py:3239} INFO - Sync 1 DAGs
[2024-11-17T09:12:55.682+0000] {logging_mixin.py:190} INFO - [2024-11-17T09:12:55.682+0000] {dag.py:4180} INFO - Setting next_dagrun for fetch_transform_store_danish_afrr_data to 2024-11-16 00:00:00+00:00, run_after=2024-11-17 00:00:00+00:00
[2024-11-17T09:12:55.740+0000] {processor.py:208} INFO - Processing /opt/airflow/dags/afrr_reserves_danish.py took 0.282 seconds
[2024-11-17T09:13:26.257+0000] {processor.py:186} INFO - Started process (PID=2023) to work on /opt/airflow/dags/afrr_reserves_danish.py
[2024-11-17T09:13:26.260+0000] {processor.py:914} INFO - Processing file /opt/airflow/dags/afrr_reserves_danish.py for tasks to queue
[2024-11-17T09:13:26.267+0000] {logging_mixin.py:190} INFO - [2024-11-17T09:13:26.266+0000] {dagbag.py:588} INFO - Filling up the DagBag from /opt/airflow/dags/afrr_reserves_danish.py
[2024-11-17T09:13:26.327+0000] {processor.py:925} INFO - DAG(s) 'fetch_transform_store_danish_afrr_data' retrieved from /opt/airflow/dags/afrr_reserves_danish.py
[2024-11-17T09:13:26.380+0000] {logging_mixin.py:190} INFO - [2024-11-17T09:13:26.380+0000] {dag.py:3239} INFO - Sync 1 DAGs
[2024-11-17T09:13:26.445+0000] {logging_mixin.py:190} INFO - [2024-11-17T09:13:26.444+0000] {dag.py:4180} INFO - Setting next_dagrun for fetch_transform_store_danish_afrr_data to 2024-11-16 00:00:00+00:00, run_after=2024-11-17 00:00:00+00:00
[2024-11-17T09:13:26.503+0000] {processor.py:208} INFO - Processing /opt/airflow/dags/afrr_reserves_danish.py took 0.263 seconds
[2024-11-17T09:13:57.189+0000] {processor.py:186} INFO - Started process (PID=2089) to work on /opt/airflow/dags/afrr_reserves_danish.py
[2024-11-17T09:13:57.192+0000] {processor.py:914} INFO - Processing file /opt/airflow/dags/afrr_reserves_danish.py for tasks to queue
[2024-11-17T09:13:57.199+0000] {logging_mixin.py:190} INFO - [2024-11-17T09:13:57.198+0000] {dagbag.py:588} INFO - Filling up the DagBag from /opt/airflow/dags/afrr_reserves_danish.py
[2024-11-17T09:13:57.264+0000] {processor.py:925} INFO - DAG(s) 'fetch_transform_store_danish_afrr_data' retrieved from /opt/airflow/dags/afrr_reserves_danish.py
[2024-11-17T09:13:57.343+0000] {logging_mixin.py:190} INFO - [2024-11-17T09:13:57.342+0000] {dag.py:3239} INFO - Sync 1 DAGs
[2024-11-17T09:13:57.438+0000] {logging_mixin.py:190} INFO - [2024-11-17T09:13:57.437+0000] {dag.py:4180} INFO - Setting next_dagrun for fetch_transform_store_danish_afrr_data to 2024-11-16 00:00:00+00:00, run_after=2024-11-17 00:00:00+00:00
[2024-11-17T09:13:57.501+0000] {processor.py:208} INFO - Processing /opt/airflow/dags/afrr_reserves_danish.py took 0.339 seconds
[2024-11-17T09:14:28.027+0000] {processor.py:186} INFO - Started process (PID=2155) to work on /opt/airflow/dags/afrr_reserves_danish.py
[2024-11-17T09:14:28.030+0000] {processor.py:914} INFO - Processing file /opt/airflow/dags/afrr_reserves_danish.py for tasks to queue
[2024-11-17T09:14:28.040+0000] {logging_mixin.py:190} INFO - [2024-11-17T09:14:28.039+0000] {dagbag.py:588} INFO - Filling up the DagBag from /opt/airflow/dags/afrr_reserves_danish.py
[2024-11-17T09:14:28.112+0000] {processor.py:925} INFO - DAG(s) 'fetch_transform_store_danish_afrr_data' retrieved from /opt/airflow/dags/afrr_reserves_danish.py
[2024-11-17T09:14:28.194+0000] {logging_mixin.py:190} INFO - [2024-11-17T09:14:28.193+0000] {dag.py:3239} INFO - Sync 1 DAGs
[2024-11-17T09:14:28.288+0000] {logging_mixin.py:190} INFO - [2024-11-17T09:14:28.287+0000] {dag.py:4180} INFO - Setting next_dagrun for fetch_transform_store_danish_afrr_data to 2024-11-16 00:00:00+00:00, run_after=2024-11-17 00:00:00+00:00
[2024-11-17T09:14:28.364+0000] {processor.py:208} INFO - Processing /opt/airflow/dags/afrr_reserves_danish.py took 0.368 seconds
[2024-11-17T09:14:58.606+0000] {processor.py:186} INFO - Started process (PID=2221) to work on /opt/airflow/dags/afrr_reserves_danish.py
[2024-11-17T09:14:58.609+0000] {processor.py:914} INFO - Processing file /opt/airflow/dags/afrr_reserves_danish.py for tasks to queue
[2024-11-17T09:14:58.616+0000] {logging_mixin.py:190} INFO - [2024-11-17T09:14:58.615+0000] {dagbag.py:588} INFO - Filling up the DagBag from /opt/airflow/dags/afrr_reserves_danish.py
[2024-11-17T09:14:58.670+0000] {processor.py:925} INFO - DAG(s) 'fetch_transform_store_danish_afrr_data' retrieved from /opt/airflow/dags/afrr_reserves_danish.py
[2024-11-17T09:14:58.737+0000] {logging_mixin.py:190} INFO - [2024-11-17T09:14:58.736+0000] {dag.py:3239} INFO - Sync 1 DAGs
[2024-11-17T09:14:58.807+0000] {logging_mixin.py:190} INFO - [2024-11-17T09:14:58.806+0000] {dag.py:4180} INFO - Setting next_dagrun for fetch_transform_store_danish_afrr_data to 2024-11-16 00:00:00+00:00, run_after=2024-11-17 00:00:00+00:00
[2024-11-17T09:14:58.860+0000] {processor.py:208} INFO - Processing /opt/airflow/dags/afrr_reserves_danish.py took 0.271 seconds
[2024-11-17T09:15:29.073+0000] {processor.py:186} INFO - Started process (PID=2286) to work on /opt/airflow/dags/afrr_reserves_danish.py
[2024-11-17T09:15:29.076+0000] {processor.py:914} INFO - Processing file /opt/airflow/dags/afrr_reserves_danish.py for tasks to queue
[2024-11-17T09:15:29.083+0000] {logging_mixin.py:190} INFO - [2024-11-17T09:15:29.082+0000] {dagbag.py:588} INFO - Filling up the DagBag from /opt/airflow/dags/afrr_reserves_danish.py
[2024-11-17T09:15:29.146+0000] {processor.py:925} INFO - DAG(s) 'fetch_transform_store_danish_afrr_data' retrieved from /opt/airflow/dags/afrr_reserves_danish.py
[2024-11-17T09:15:29.203+0000] {logging_mixin.py:190} INFO - [2024-11-17T09:15:29.202+0000] {dag.py:3239} INFO - Sync 1 DAGs
[2024-11-17T09:15:29.286+0000] {logging_mixin.py:190} INFO - [2024-11-17T09:15:29.286+0000] {dag.py:4180} INFO - Setting next_dagrun for fetch_transform_store_danish_afrr_data to 2024-11-16 00:00:00+00:00, run_after=2024-11-17 00:00:00+00:00
[2024-11-17T09:15:29.356+0000] {processor.py:208} INFO - Processing /opt/airflow/dags/afrr_reserves_danish.py took 0.299 seconds
[2024-11-17T09:16:00.188+0000] {processor.py:186} INFO - Started process (PID=2352) to work on /opt/airflow/dags/afrr_reserves_danish.py
[2024-11-17T09:16:00.191+0000] {processor.py:914} INFO - Processing file /opt/airflow/dags/afrr_reserves_danish.py for tasks to queue
[2024-11-17T09:16:00.198+0000] {logging_mixin.py:190} INFO - [2024-11-17T09:16:00.197+0000] {dagbag.py:588} INFO - Filling up the DagBag from /opt/airflow/dags/afrr_reserves_danish.py
[2024-11-17T09:16:00.252+0000] {processor.py:925} INFO - DAG(s) 'fetch_transform_store_danish_afrr_data' retrieved from /opt/airflow/dags/afrr_reserves_danish.py
[2024-11-17T09:16:00.311+0000] {logging_mixin.py:190} INFO - [2024-11-17T09:16:00.310+0000] {dag.py:3239} INFO - Sync 1 DAGs
[2024-11-17T09:16:00.387+0000] {logging_mixin.py:190} INFO - [2024-11-17T09:16:00.387+0000] {dag.py:4180} INFO - Setting next_dagrun for fetch_transform_store_danish_afrr_data to 2024-11-16 00:00:00+00:00, run_after=2024-11-17 00:00:00+00:00
[2024-11-17T09:16:00.445+0000] {processor.py:208} INFO - Processing /opt/airflow/dags/afrr_reserves_danish.py took 0.277 seconds
[2024-11-17T09:16:31.134+0000] {processor.py:186} INFO - Started process (PID=2418) to work on /opt/airflow/dags/afrr_reserves_danish.py
[2024-11-17T09:16:31.137+0000] {processor.py:914} INFO - Processing file /opt/airflow/dags/afrr_reserves_danish.py for tasks to queue
[2024-11-17T09:16:31.144+0000] {logging_mixin.py:190} INFO - [2024-11-17T09:16:31.143+0000] {dagbag.py:588} INFO - Filling up the DagBag from /opt/airflow/dags/afrr_reserves_danish.py
[2024-11-17T09:16:31.224+0000] {processor.py:925} INFO - DAG(s) 'fetch_transform_store_danish_afrr_data' retrieved from /opt/airflow/dags/afrr_reserves_danish.py
[2024-11-17T09:16:31.287+0000] {logging_mixin.py:190} INFO - [2024-11-17T09:16:31.286+0000] {dag.py:3239} INFO - Sync 1 DAGs
[2024-11-17T09:16:31.352+0000] {logging_mixin.py:190} INFO - [2024-11-17T09:16:31.351+0000] {dag.py:4180} INFO - Setting next_dagrun for fetch_transform_store_danish_afrr_data to 2024-11-16 00:00:00+00:00, run_after=2024-11-17 00:00:00+00:00
[2024-11-17T09:16:31.409+0000] {processor.py:208} INFO - Processing /opt/airflow/dags/afrr_reserves_danish.py took 0.292 seconds
[2024-11-17T09:17:01.935+0000] {processor.py:186} INFO - Started process (PID=2483) to work on /opt/airflow/dags/afrr_reserves_danish.py
[2024-11-17T09:17:01.938+0000] {processor.py:914} INFO - Processing file /opt/airflow/dags/afrr_reserves_danish.py for tasks to queue
[2024-11-17T09:17:01.944+0000] {logging_mixin.py:190} INFO - [2024-11-17T09:17:01.943+0000] {dagbag.py:588} INFO - Filling up the DagBag from /opt/airflow/dags/afrr_reserves_danish.py
[2024-11-17T09:17:01.997+0000] {processor.py:925} INFO - DAG(s) 'fetch_transform_store_danish_afrr_data' retrieved from /opt/airflow/dags/afrr_reserves_danish.py
[2024-11-17T09:17:02.050+0000] {logging_mixin.py:190} INFO - [2024-11-17T09:17:02.049+0000] {dag.py:3239} INFO - Sync 1 DAGs
[2024-11-17T09:17:02.118+0000] {logging_mixin.py:190} INFO - [2024-11-17T09:17:02.118+0000] {dag.py:4180} INFO - Setting next_dagrun for fetch_transform_store_danish_afrr_data to 2024-11-16 00:00:00+00:00, run_after=2024-11-17 00:00:00+00:00
[2024-11-17T09:17:02.176+0000] {processor.py:208} INFO - Processing /opt/airflow/dags/afrr_reserves_danish.py took 0.260 seconds
[2024-11-17T09:17:32.770+0000] {processor.py:186} INFO - Started process (PID=2549) to work on /opt/airflow/dags/afrr_reserves_danish.py
[2024-11-17T09:17:32.774+0000] {processor.py:914} INFO - Processing file /opt/airflow/dags/afrr_reserves_danish.py for tasks to queue
[2024-11-17T09:17:32.781+0000] {logging_mixin.py:190} INFO - [2024-11-17T09:17:32.780+0000] {dagbag.py:588} INFO - Filling up the DagBag from /opt/airflow/dags/afrr_reserves_danish.py
[2024-11-17T09:17:32.843+0000] {processor.py:925} INFO - DAG(s) 'fetch_transform_store_danish_afrr_data' retrieved from /opt/airflow/dags/afrr_reserves_danish.py
[2024-11-17T09:17:32.897+0000] {logging_mixin.py:190} INFO - [2024-11-17T09:17:32.896+0000] {dag.py:3239} INFO - Sync 1 DAGs
[2024-11-17T09:17:32.960+0000] {logging_mixin.py:190} INFO - [2024-11-17T09:17:32.959+0000] {dag.py:4180} INFO - Setting next_dagrun for fetch_transform_store_danish_afrr_data to 2024-11-16 00:00:00+00:00, run_after=2024-11-17 00:00:00+00:00
[2024-11-17T09:17:33.023+0000] {processor.py:208} INFO - Processing /opt/airflow/dags/afrr_reserves_danish.py took 0.273 seconds
[2024-11-17T09:18:03.663+0000] {processor.py:186} INFO - Started process (PID=2616) to work on /opt/airflow/dags/afrr_reserves_danish.py
[2024-11-17T09:18:03.666+0000] {processor.py:914} INFO - Processing file /opt/airflow/dags/afrr_reserves_danish.py for tasks to queue
[2024-11-17T09:18:03.672+0000] {logging_mixin.py:190} INFO - [2024-11-17T09:18:03.672+0000] {dagbag.py:588} INFO - Filling up the DagBag from /opt/airflow/dags/afrr_reserves_danish.py
[2024-11-17T09:18:03.728+0000] {processor.py:925} INFO - DAG(s) 'fetch_transform_store_danish_afrr_data' retrieved from /opt/airflow/dags/afrr_reserves_danish.py
[2024-11-17T09:18:03.780+0000] {logging_mixin.py:190} INFO - [2024-11-17T09:18:03.779+0000] {dag.py:3239} INFO - Sync 1 DAGs
[2024-11-17T09:18:03.844+0000] {logging_mixin.py:190} INFO - [2024-11-17T09:18:03.843+0000] {dag.py:4180} INFO - Setting next_dagrun for fetch_transform_store_danish_afrr_data to 2024-11-16 00:00:00+00:00, run_after=2024-11-17 00:00:00+00:00
[2024-11-17T09:18:03.895+0000] {processor.py:208} INFO - Processing /opt/airflow/dags/afrr_reserves_danish.py took 0.249 seconds
[2024-11-17T09:18:34.208+0000] {processor.py:186} INFO - Started process (PID=2682) to work on /opt/airflow/dags/afrr_reserves_danish.py
[2024-11-17T09:18:34.211+0000] {processor.py:914} INFO - Processing file /opt/airflow/dags/afrr_reserves_danish.py for tasks to queue
[2024-11-17T09:18:34.218+0000] {logging_mixin.py:190} INFO - [2024-11-17T09:18:34.217+0000] {dagbag.py:588} INFO - Filling up the DagBag from /opt/airflow/dags/afrr_reserves_danish.py
[2024-11-17T09:18:34.277+0000] {processor.py:925} INFO - DAG(s) 'fetch_transform_store_danish_afrr_data' retrieved from /opt/airflow/dags/afrr_reserves_danish.py
[2024-11-17T09:18:34.331+0000] {logging_mixin.py:190} INFO - [2024-11-17T09:18:34.330+0000] {dag.py:3239} INFO - Sync 1 DAGs
[2024-11-17T09:18:34.438+0000] {logging_mixin.py:190} INFO - [2024-11-17T09:18:34.437+0000] {dag.py:4180} INFO - Setting next_dagrun for fetch_transform_store_danish_afrr_data to 2024-11-16 00:00:00+00:00, run_after=2024-11-17 00:00:00+00:00
[2024-11-17T09:18:34.504+0000] {processor.py:208} INFO - Processing /opt/airflow/dags/afrr_reserves_danish.py took 0.312 seconds
[2024-11-17T09:19:04.923+0000] {processor.py:186} INFO - Started process (PID=2747) to work on /opt/airflow/dags/afrr_reserves_danish.py
[2024-11-17T09:19:04.928+0000] {processor.py:914} INFO - Processing file /opt/airflow/dags/afrr_reserves_danish.py for tasks to queue
[2024-11-17T09:19:04.945+0000] {logging_mixin.py:190} INFO - [2024-11-17T09:19:04.943+0000] {dagbag.py:588} INFO - Filling up the DagBag from /opt/airflow/dags/afrr_reserves_danish.py
[2024-11-17T09:19:05.010+0000] {processor.py:925} INFO - DAG(s) 'fetch_transform_store_danish_afrr_data' retrieved from /opt/airflow/dags/afrr_reserves_danish.py
[2024-11-17T09:19:05.079+0000] {logging_mixin.py:190} INFO - [2024-11-17T09:19:05.078+0000] {dag.py:3239} INFO - Sync 1 DAGs
[2024-11-17T09:19:05.172+0000] {logging_mixin.py:190} INFO - [2024-11-17T09:19:05.172+0000] {dag.py:4180} INFO - Setting next_dagrun for fetch_transform_store_danish_afrr_data to 2024-11-16 00:00:00+00:00, run_after=2024-11-17 00:00:00+00:00
[2024-11-17T09:19:05.258+0000] {processor.py:208} INFO - Processing /opt/airflow/dags/afrr_reserves_danish.py took 0.361 seconds
[2024-11-17T09:19:35.824+0000] {processor.py:186} INFO - Started process (PID=2812) to work on /opt/airflow/dags/afrr_reserves_danish.py
[2024-11-17T09:19:35.828+0000] {processor.py:914} INFO - Processing file /opt/airflow/dags/afrr_reserves_danish.py for tasks to queue
[2024-11-17T09:19:35.834+0000] {logging_mixin.py:190} INFO - [2024-11-17T09:19:35.833+0000] {dagbag.py:588} INFO - Filling up the DagBag from /opt/airflow/dags/afrr_reserves_danish.py
[2024-11-17T09:19:35.891+0000] {processor.py:925} INFO - DAG(s) 'fetch_transform_store_danish_afrr_data' retrieved from /opt/airflow/dags/afrr_reserves_danish.py
[2024-11-17T09:19:35.947+0000] {logging_mixin.py:190} INFO - [2024-11-17T09:19:35.946+0000] {dag.py:3239} INFO - Sync 1 DAGs
[2024-11-17T09:19:36.013+0000] {logging_mixin.py:190} INFO - [2024-11-17T09:19:36.012+0000] {dag.py:4180} INFO - Setting next_dagrun for fetch_transform_store_danish_afrr_data to 2024-11-16 00:00:00+00:00, run_after=2024-11-17 00:00:00+00:00
[2024-11-17T09:19:36.071+0000] {processor.py:208} INFO - Processing /opt/airflow/dags/afrr_reserves_danish.py took 0.270 seconds
[2024-11-17T09:20:06.257+0000] {processor.py:186} INFO - Started process (PID=2878) to work on /opt/airflow/dags/afrr_reserves_danish.py
[2024-11-17T09:20:06.260+0000] {processor.py:914} INFO - Processing file /opt/airflow/dags/afrr_reserves_danish.py for tasks to queue
[2024-11-17T09:20:06.267+0000] {logging_mixin.py:190} INFO - [2024-11-17T09:20:06.266+0000] {dagbag.py:588} INFO - Filling up the DagBag from /opt/airflow/dags/afrr_reserves_danish.py
[2024-11-17T09:20:06.326+0000] {processor.py:925} INFO - DAG(s) 'fetch_transform_store_danish_afrr_data' retrieved from /opt/airflow/dags/afrr_reserves_danish.py
[2024-11-17T09:20:06.385+0000] {logging_mixin.py:190} INFO - [2024-11-17T09:20:06.384+0000] {dag.py:3239} INFO - Sync 1 DAGs
[2024-11-17T09:20:06.454+0000] {logging_mixin.py:190} INFO - [2024-11-17T09:20:06.453+0000] {dag.py:4180} INFO - Setting next_dagrun for fetch_transform_store_danish_afrr_data to 2024-11-16 00:00:00+00:00, run_after=2024-11-17 00:00:00+00:00
[2024-11-17T09:20:06.508+0000] {processor.py:208} INFO - Processing /opt/airflow/dags/afrr_reserves_danish.py took 0.266 seconds
[2024-11-17T09:20:36.665+0000] {processor.py:186} INFO - Started process (PID=2944) to work on /opt/airflow/dags/afrr_reserves_danish.py
[2024-11-17T09:20:36.668+0000] {processor.py:914} INFO - Processing file /opt/airflow/dags/afrr_reserves_danish.py for tasks to queue
[2024-11-17T09:20:36.675+0000] {logging_mixin.py:190} INFO - [2024-11-17T09:20:36.674+0000] {dagbag.py:588} INFO - Filling up the DagBag from /opt/airflow/dags/afrr_reserves_danish.py
[2024-11-17T09:20:36.731+0000] {processor.py:925} INFO - DAG(s) 'fetch_transform_store_danish_afrr_data' retrieved from /opt/airflow/dags/afrr_reserves_danish.py
[2024-11-17T09:20:36.784+0000] {logging_mixin.py:190} INFO - [2024-11-17T09:20:36.783+0000] {dag.py:3239} INFO - Sync 1 DAGs
[2024-11-17T09:20:36.856+0000] {logging_mixin.py:190} INFO - [2024-11-17T09:20:36.856+0000] {dag.py:4180} INFO - Setting next_dagrun for fetch_transform_store_danish_afrr_data to 2024-11-16 00:00:00+00:00, run_after=2024-11-17 00:00:00+00:00
[2024-11-17T09:20:36.913+0000] {processor.py:208} INFO - Processing /opt/airflow/dags/afrr_reserves_danish.py took 0.264 seconds
[2024-11-17T09:21:07.228+0000] {processor.py:186} INFO - Started process (PID=3010) to work on /opt/airflow/dags/afrr_reserves_danish.py
[2024-11-17T09:21:07.230+0000] {processor.py:914} INFO - Processing file /opt/airflow/dags/afrr_reserves_danish.py for tasks to queue
[2024-11-17T09:21:07.237+0000] {logging_mixin.py:190} INFO - [2024-11-17T09:21:07.236+0000] {dagbag.py:588} INFO - Filling up the DagBag from /opt/airflow/dags/afrr_reserves_danish.py
[2024-11-17T09:21:07.289+0000] {processor.py:925} INFO - DAG(s) 'fetch_transform_store_danish_afrr_data' retrieved from /opt/airflow/dags/afrr_reserves_danish.py
[2024-11-17T09:21:07.341+0000] {logging_mixin.py:190} INFO - [2024-11-17T09:21:07.341+0000] {dag.py:3239} INFO - Sync 1 DAGs
[2024-11-17T09:21:07.424+0000] {logging_mixin.py:190} INFO - [2024-11-17T09:21:07.424+0000] {dag.py:4180} INFO - Setting next_dagrun for fetch_transform_store_danish_afrr_data to 2024-11-16 00:00:00+00:00, run_after=2024-11-17 00:00:00+00:00
[2024-11-17T09:21:07.483+0000] {processor.py:208} INFO - Processing /opt/airflow/dags/afrr_reserves_danish.py took 0.273 seconds
[2024-11-17T09:21:37.599+0000] {processor.py:186} INFO - Started process (PID=3075) to work on /opt/airflow/dags/afrr_reserves_danish.py
[2024-11-17T09:21:37.602+0000] {processor.py:914} INFO - Processing file /opt/airflow/dags/afrr_reserves_danish.py for tasks to queue
[2024-11-17T09:21:37.610+0000] {logging_mixin.py:190} INFO - [2024-11-17T09:21:37.609+0000] {dagbag.py:588} INFO - Filling up the DagBag from /opt/airflow/dags/afrr_reserves_danish.py
[2024-11-17T09:21:37.668+0000] {processor.py:925} INFO - DAG(s) 'fetch_transform_store_danish_afrr_data' retrieved from /opt/airflow/dags/afrr_reserves_danish.py
[2024-11-17T09:21:37.722+0000] {logging_mixin.py:190} INFO - [2024-11-17T09:21:37.721+0000] {dag.py:3239} INFO - Sync 1 DAGs
[2024-11-17T09:21:38.215+0000] {logging_mixin.py:190} INFO - [2024-11-17T09:21:38.215+0000] {dag.py:4180} INFO - Setting next_dagrun for fetch_transform_store_danish_afrr_data to 2024-11-16 00:00:00+00:00, run_after=2024-11-17 00:00:00+00:00
[2024-11-17T09:21:38.288+0000] {processor.py:208} INFO - Processing /opt/airflow/dags/afrr_reserves_danish.py took 0.713 seconds
[2024-11-17T09:22:09.182+0000] {processor.py:186} INFO - Started process (PID=3140) to work on /opt/airflow/dags/afrr_reserves_danish.py
[2024-11-17T09:22:09.186+0000] {processor.py:914} INFO - Processing file /opt/airflow/dags/afrr_reserves_danish.py for tasks to queue
[2024-11-17T09:22:09.193+0000] {logging_mixin.py:190} INFO - [2024-11-17T09:22:09.192+0000] {dagbag.py:588} INFO - Filling up the DagBag from /opt/airflow/dags/afrr_reserves_danish.py
[2024-11-17T09:22:09.254+0000] {processor.py:925} INFO - DAG(s) 'fetch_transform_store_danish_afrr_data' retrieved from /opt/airflow/dags/afrr_reserves_danish.py
[2024-11-17T09:22:09.326+0000] {logging_mixin.py:190} INFO - [2024-11-17T09:22:09.325+0000] {dag.py:3239} INFO - Sync 1 DAGs
[2024-11-17T09:22:09.428+0000] {logging_mixin.py:190} INFO - [2024-11-17T09:22:09.427+0000] {dag.py:4180} INFO - Setting next_dagrun for fetch_transform_store_danish_afrr_data to 2024-11-16 00:00:00+00:00, run_after=2024-11-17 00:00:00+00:00
[2024-11-17T09:22:09.907+0000] {processor.py:208} INFO - Processing /opt/airflow/dags/afrr_reserves_danish.py took 0.743 seconds
[2024-11-17T09:22:40.920+0000] {processor.py:186} INFO - Started process (PID=3206) to work on /opt/airflow/dags/afrr_reserves_danish.py
[2024-11-17T09:22:40.923+0000] {processor.py:914} INFO - Processing file /opt/airflow/dags/afrr_reserves_danish.py for tasks to queue
[2024-11-17T09:22:40.931+0000] {logging_mixin.py:190} INFO - [2024-11-17T09:22:40.930+0000] {dagbag.py:588} INFO - Filling up the DagBag from /opt/airflow/dags/afrr_reserves_danish.py
[2024-11-17T09:22:40.989+0000] {processor.py:925} INFO - DAG(s) 'fetch_transform_store_danish_afrr_data' retrieved from /opt/airflow/dags/afrr_reserves_danish.py
[2024-11-17T09:22:41.042+0000] {logging_mixin.py:190} INFO - [2024-11-17T09:22:41.042+0000] {dag.py:3239} INFO - Sync 1 DAGs
[2024-11-17T09:22:41.109+0000] {logging_mixin.py:190} INFO - [2024-11-17T09:22:41.109+0000] {dag.py:4180} INFO - Setting next_dagrun for fetch_transform_store_danish_afrr_data to 2024-11-16 00:00:00+00:00, run_after=2024-11-17 00:00:00+00:00
[2024-11-17T09:22:41.171+0000] {processor.py:208} INFO - Processing /opt/airflow/dags/afrr_reserves_danish.py took 0.268 seconds
[2024-11-17T09:23:11.393+0000] {processor.py:186} INFO - Started process (PID=3272) to work on /opt/airflow/dags/afrr_reserves_danish.py
[2024-11-17T09:23:11.396+0000] {processor.py:914} INFO - Processing file /opt/airflow/dags/afrr_reserves_danish.py for tasks to queue
[2024-11-17T09:23:11.402+0000] {logging_mixin.py:190} INFO - [2024-11-17T09:23:11.401+0000] {dagbag.py:588} INFO - Filling up the DagBag from /opt/airflow/dags/afrr_reserves_danish.py
[2024-11-17T09:23:11.461+0000] {processor.py:925} INFO - DAG(s) 'fetch_transform_store_danish_afrr_data' retrieved from /opt/airflow/dags/afrr_reserves_danish.py
[2024-11-17T09:23:11.516+0000] {logging_mixin.py:190} INFO - [2024-11-17T09:23:11.516+0000] {dag.py:3239} INFO - Sync 1 DAGs
[2024-11-17T09:23:11.585+0000] {logging_mixin.py:190} INFO - [2024-11-17T09:23:11.584+0000] {dag.py:4180} INFO - Setting next_dagrun for fetch_transform_store_danish_afrr_data to 2024-11-16 00:00:00+00:00, run_after=2024-11-17 00:00:00+00:00
[2024-11-17T09:23:11.639+0000] {processor.py:208} INFO - Processing /opt/airflow/dags/afrr_reserves_danish.py took 0.264 seconds
[2024-11-17T09:23:42.503+0000] {processor.py:186} INFO - Started process (PID=3338) to work on /opt/airflow/dags/afrr_reserves_danish.py
[2024-11-17T09:23:42.506+0000] {processor.py:914} INFO - Processing file /opt/airflow/dags/afrr_reserves_danish.py for tasks to queue
[2024-11-17T09:23:42.516+0000] {logging_mixin.py:190} INFO - [2024-11-17T09:23:42.515+0000] {dagbag.py:588} INFO - Filling up the DagBag from /opt/airflow/dags/afrr_reserves_danish.py
[2024-11-17T09:23:42.579+0000] {processor.py:925} INFO - DAG(s) 'fetch_transform_store_danish_afrr_data' retrieved from /opt/airflow/dags/afrr_reserves_danish.py
[2024-11-17T09:23:42.633+0000] {logging_mixin.py:190} INFO - [2024-11-17T09:23:42.632+0000] {dag.py:3239} INFO - Sync 1 DAGs
[2024-11-17T09:23:42.710+0000] {logging_mixin.py:190} INFO - [2024-11-17T09:23:42.709+0000] {dag.py:4180} INFO - Setting next_dagrun for fetch_transform_store_danish_afrr_data to 2024-11-16 00:00:00+00:00, run_after=2024-11-17 00:00:00+00:00
[2024-11-17T09:23:42.762+0000] {processor.py:208} INFO - Processing /opt/airflow/dags/afrr_reserves_danish.py took 0.278 seconds
[2024-11-17T09:24:13.532+0000] {processor.py:186} INFO - Started process (PID=3410) to work on /opt/airflow/dags/afrr_reserves_danish.py
[2024-11-17T09:24:13.534+0000] {processor.py:914} INFO - Processing file /opt/airflow/dags/afrr_reserves_danish.py for tasks to queue
[2024-11-17T09:24:13.541+0000] {logging_mixin.py:190} INFO - [2024-11-17T09:24:13.540+0000] {dagbag.py:588} INFO - Filling up the DagBag from /opt/airflow/dags/afrr_reserves_danish.py
[2024-11-17T09:24:13.593+0000] {processor.py:925} INFO - DAG(s) 'fetch_transform_store_danish_afrr_data' retrieved from /opt/airflow/dags/afrr_reserves_danish.py
[2024-11-17T09:24:13.652+0000] {logging_mixin.py:190} INFO - [2024-11-17T09:24:13.651+0000] {dag.py:3239} INFO - Sync 1 DAGs
[2024-11-17T09:24:13.749+0000] {logging_mixin.py:190} INFO - [2024-11-17T09:24:13.748+0000] {dag.py:4180} INFO - Setting next_dagrun for fetch_transform_store_danish_afrr_data to 2024-11-16 00:00:00+00:00, run_after=2024-11-17 00:00:00+00:00
[2024-11-17T09:24:13.821+0000] {processor.py:208} INFO - Processing /opt/airflow/dags/afrr_reserves_danish.py took 0.307 seconds
[2024-11-17T09:24:44.793+0000] {processor.py:186} INFO - Started process (PID=3476) to work on /opt/airflow/dags/afrr_reserves_danish.py
[2024-11-17T09:24:44.797+0000] {processor.py:914} INFO - Processing file /opt/airflow/dags/afrr_reserves_danish.py for tasks to queue
[2024-11-17T09:24:44.807+0000] {logging_mixin.py:190} INFO - [2024-11-17T09:24:44.806+0000] {dagbag.py:588} INFO - Filling up the DagBag from /opt/airflow/dags/afrr_reserves_danish.py
[2024-11-17T09:24:44.888+0000] {processor.py:925} INFO - DAG(s) 'fetch_transform_store_danish_afrr_data' retrieved from /opt/airflow/dags/afrr_reserves_danish.py
[2024-11-17T09:24:44.947+0000] {logging_mixin.py:190} INFO - [2024-11-17T09:24:44.946+0000] {dag.py:3239} INFO - Sync 1 DAGs
[2024-11-17T09:24:45.021+0000] {logging_mixin.py:190} INFO - [2024-11-17T09:24:45.021+0000] {dag.py:4180} INFO - Setting next_dagrun for fetch_transform_store_danish_afrr_data to 2024-11-16 00:00:00+00:00, run_after=2024-11-17 00:00:00+00:00
[2024-11-17T09:24:45.087+0000] {processor.py:208} INFO - Processing /opt/airflow/dags/afrr_reserves_danish.py took 0.318 seconds
[2024-11-17T09:25:15.963+0000] {processor.py:186} INFO - Started process (PID=3542) to work on /opt/airflow/dags/afrr_reserves_danish.py
[2024-11-17T09:25:15.967+0000] {processor.py:914} INFO - Processing file /opt/airflow/dags/afrr_reserves_danish.py for tasks to queue
[2024-11-17T09:25:15.974+0000] {logging_mixin.py:190} INFO - [2024-11-17T09:25:15.973+0000] {dagbag.py:588} INFO - Filling up the DagBag from /opt/airflow/dags/afrr_reserves_danish.py
[2024-11-17T09:25:16.023+0000] {processor.py:925} INFO - DAG(s) 'fetch_transform_store_danish_afrr_data' retrieved from /opt/airflow/dags/afrr_reserves_danish.py
[2024-11-17T09:25:16.080+0000] {logging_mixin.py:190} INFO - [2024-11-17T09:25:16.079+0000] {dag.py:3239} INFO - Sync 1 DAGs
[2024-11-17T09:25:16.149+0000] {logging_mixin.py:190} INFO - [2024-11-17T09:25:16.149+0000] {dag.py:4180} INFO - Setting next_dagrun for fetch_transform_store_danish_afrr_data to 2024-11-16 00:00:00+00:00, run_after=2024-11-17 00:00:00+00:00
[2024-11-17T09:25:16.215+0000] {processor.py:208} INFO - Processing /opt/airflow/dags/afrr_reserves_danish.py took 0.277 seconds
[2024-11-17T09:25:46.422+0000] {processor.py:186} INFO - Started process (PID=3606) to work on /opt/airflow/dags/afrr_reserves_danish.py
[2024-11-17T09:25:46.424+0000] {processor.py:914} INFO - Processing file /opt/airflow/dags/afrr_reserves_danish.py for tasks to queue
[2024-11-17T09:25:46.435+0000] {logging_mixin.py:190} INFO - [2024-11-17T09:25:46.434+0000] {dagbag.py:588} INFO - Filling up the DagBag from /opt/airflow/dags/afrr_reserves_danish.py
[2024-11-17T09:25:46.519+0000] {processor.py:925} INFO - DAG(s) 'fetch_transform_store_danish_afrr_data' retrieved from /opt/airflow/dags/afrr_reserves_danish.py
[2024-11-17T09:25:46.600+0000] {logging_mixin.py:190} INFO - [2024-11-17T09:25:46.599+0000] {dag.py:3239} INFO - Sync 1 DAGs
[2024-11-17T09:25:46.684+0000] {logging_mixin.py:190} INFO - [2024-11-17T09:25:46.683+0000] {dag.py:4180} INFO - Setting next_dagrun for fetch_transform_store_danish_afrr_data to 2024-11-16 00:00:00+00:00, run_after=2024-11-17 00:00:00+00:00
[2024-11-17T09:25:46.745+0000] {processor.py:208} INFO - Processing /opt/airflow/dags/afrr_reserves_danish.py took 0.345 seconds
[2024-11-17T09:26:17.499+0000] {processor.py:186} INFO - Started process (PID=3672) to work on /opt/airflow/dags/afrr_reserves_danish.py
[2024-11-17T09:26:17.503+0000] {processor.py:914} INFO - Processing file /opt/airflow/dags/afrr_reserves_danish.py for tasks to queue
[2024-11-17T09:26:17.511+0000] {logging_mixin.py:190} INFO - [2024-11-17T09:26:17.510+0000] {dagbag.py:588} INFO - Filling up the DagBag from /opt/airflow/dags/afrr_reserves_danish.py
[2024-11-17T09:26:17.581+0000] {processor.py:925} INFO - DAG(s) 'fetch_transform_store_danish_afrr_data' retrieved from /opt/airflow/dags/afrr_reserves_danish.py
[2024-11-17T09:26:17.635+0000] {logging_mixin.py:190} INFO - [2024-11-17T09:26:17.633+0000] {dag.py:3239} INFO - Sync 1 DAGs
[2024-11-17T09:26:17.714+0000] {logging_mixin.py:190} INFO - [2024-11-17T09:26:17.713+0000] {dag.py:4180} INFO - Setting next_dagrun for fetch_transform_store_danish_afrr_data to 2024-11-16 00:00:00+00:00, run_after=2024-11-17 00:00:00+00:00
[2024-11-17T09:26:17.779+0000] {processor.py:208} INFO - Processing /opt/airflow/dags/afrr_reserves_danish.py took 0.304 seconds
[2024-11-17T09:26:48.018+0000] {processor.py:186} INFO - Started process (PID=3737) to work on /opt/airflow/dags/afrr_reserves_danish.py
[2024-11-17T09:26:48.021+0000] {processor.py:914} INFO - Processing file /opt/airflow/dags/afrr_reserves_danish.py for tasks to queue
[2024-11-17T09:26:48.028+0000] {logging_mixin.py:190} INFO - [2024-11-17T09:26:48.027+0000] {dagbag.py:588} INFO - Filling up the DagBag from /opt/airflow/dags/afrr_reserves_danish.py
[2024-11-17T09:26:48.089+0000] {processor.py:925} INFO - DAG(s) 'fetch_transform_store_danish_afrr_data' retrieved from /opt/airflow/dags/afrr_reserves_danish.py
[2024-11-17T09:26:48.142+0000] {logging_mixin.py:190} INFO - [2024-11-17T09:26:48.142+0000] {dag.py:3239} INFO - Sync 1 DAGs
[2024-11-17T09:26:48.222+0000] {logging_mixin.py:190} INFO - [2024-11-17T09:26:48.221+0000] {dag.py:4180} INFO - Setting next_dagrun for fetch_transform_store_danish_afrr_data to 2024-11-16 00:00:00+00:00, run_after=2024-11-17 00:00:00+00:00
[2024-11-17T09:26:48.277+0000] {processor.py:208} INFO - Processing /opt/airflow/dags/afrr_reserves_danish.py took 0.276 seconds
[2024-11-17T09:27:19.254+0000] {processor.py:186} INFO - Started process (PID=3803) to work on /opt/airflow/dags/afrr_reserves_danish.py
[2024-11-17T09:27:19.257+0000] {processor.py:914} INFO - Processing file /opt/airflow/dags/afrr_reserves_danish.py for tasks to queue
[2024-11-17T09:27:19.264+0000] {logging_mixin.py:190} INFO - [2024-11-17T09:27:19.263+0000] {dagbag.py:588} INFO - Filling up the DagBag from /opt/airflow/dags/afrr_reserves_danish.py
[2024-11-17T09:27:19.328+0000] {processor.py:925} INFO - DAG(s) 'fetch_transform_store_danish_afrr_data' retrieved from /opt/airflow/dags/afrr_reserves_danish.py
[2024-11-17T09:27:19.398+0000] {logging_mixin.py:190} INFO - [2024-11-17T09:27:19.397+0000] {dag.py:3239} INFO - Sync 1 DAGs
[2024-11-17T09:27:19.491+0000] {logging_mixin.py:190} INFO - [2024-11-17T09:27:19.490+0000] {dag.py:4180} INFO - Setting next_dagrun for fetch_transform_store_danish_afrr_data to 2024-11-16 00:00:00+00:00, run_after=2024-11-17 00:00:00+00:00
[2024-11-17T09:27:19.554+0000] {processor.py:208} INFO - Processing /opt/airflow/dags/afrr_reserves_danish.py took 0.321 seconds
[2024-11-17T09:27:50.061+0000] {processor.py:186} INFO - Started process (PID=3869) to work on /opt/airflow/dags/afrr_reserves_danish.py
[2024-11-17T09:27:50.064+0000] {processor.py:914} INFO - Processing file /opt/airflow/dags/afrr_reserves_danish.py for tasks to queue
[2024-11-17T09:27:50.070+0000] {logging_mixin.py:190} INFO - [2024-11-17T09:27:50.069+0000] {dagbag.py:588} INFO - Filling up the DagBag from /opt/airflow/dags/afrr_reserves_danish.py
[2024-11-17T09:27:50.129+0000] {processor.py:925} INFO - DAG(s) 'fetch_transform_store_danish_afrr_data' retrieved from /opt/airflow/dags/afrr_reserves_danish.py
[2024-11-17T09:27:50.196+0000] {logging_mixin.py:190} INFO - [2024-11-17T09:27:50.195+0000] {dag.py:3239} INFO - Sync 1 DAGs
[2024-11-17T09:27:50.267+0000] {logging_mixin.py:190} INFO - [2024-11-17T09:27:50.266+0000] {dag.py:4180} INFO - Setting next_dagrun for fetch_transform_store_danish_afrr_data to 2024-11-16 00:00:00+00:00, run_after=2024-11-17 00:00:00+00:00
[2024-11-17T09:27:50.326+0000] {processor.py:208} INFO - Processing /opt/airflow/dags/afrr_reserves_danish.py took 0.283 seconds
