[2024-11-17T08:58:15.719+0000] {processor.py:186} INFO - Started process (PID=133) to work on /opt/airflow/dags/dk_energy_data_dag.py
[2024-11-17T08:58:15.722+0000] {processor.py:914} INFO - Processing file /opt/airflow/dags/dk_energy_data_dag.py for tasks to queue
[2024-11-17T08:58:15.728+0000] {logging_mixin.py:190} INFO - [2024-11-17T08:58:15.727+0000] {dagbag.py:588} INFO - Filling up the DagBag from /opt/airflow/dags/dk_energy_data_dag.py
[2024-11-17T08:58:15.780+0000] {processor.py:925} INFO - DAG(s) 'fetch_and_store_danish_energy_data_v4' retrieved from /opt/airflow/dags/dk_energy_data_dag.py
[2024-11-17T08:58:16.121+0000] {logging_mixin.py:190} INFO - [2024-11-17T08:58:16.120+0000] {override.py:1911} INFO - Created Permission View: can delete on DAG:fetch_and_store_danish_energy_data_v4
[2024-11-17T08:58:16.149+0000] {logging_mixin.py:190} INFO - [2024-11-17T08:58:16.148+0000] {override.py:1911} INFO - Created Permission View: can edit on DAG:fetch_and_store_danish_energy_data_v4
[2024-11-17T08:58:16.173+0000] {logging_mixin.py:190} INFO - [2024-11-17T08:58:16.172+0000] {override.py:1911} INFO - Created Permission View: can read on DAG:fetch_and_store_danish_energy_data_v4
[2024-11-17T08:58:16.198+0000] {logging_mixin.py:190} INFO - [2024-11-17T08:58:16.197+0000] {override.py:1911} INFO - Created Permission View: can delete on DAG Run:fetch_and_store_danish_energy_data_v4
[2024-11-17T08:58:16.221+0000] {logging_mixin.py:190} INFO - [2024-11-17T08:58:16.220+0000] {override.py:1911} INFO - Created Permission View: menu access on DAG Run:fetch_and_store_danish_energy_data_v4
[2024-11-17T08:58:16.250+0000] {logging_mixin.py:190} INFO - [2024-11-17T08:58:16.249+0000] {override.py:1911} INFO - Created Permission View: can create on DAG Run:fetch_and_store_danish_energy_data_v4
[2024-11-17T08:58:16.275+0000] {logging_mixin.py:190} INFO - [2024-11-17T08:58:16.274+0000] {override.py:1911} INFO - Created Permission View: can read on DAG Run:fetch_and_store_danish_energy_data_v4
[2024-11-17T08:58:16.278+0000] {logging_mixin.py:190} INFO - [2024-11-17T08:58:16.277+0000] {dag.py:3239} INFO - Sync 1 DAGs
[2024-11-17T08:58:16.322+0000] {logging_mixin.py:190} INFO - [2024-11-17T08:58:16.322+0000] {dag.py:3262} INFO - Creating ORM DAG for fetch_and_store_danish_energy_data_v4
[2024-11-17T08:58:16.352+0000] {logging_mixin.py:190} INFO - [2024-11-17T08:58:16.352+0000] {dag.py:4180} INFO - Setting next_dagrun for fetch_and_store_danish_energy_data_v4 to 2024-11-16 00:00:00+00:00, run_after=2024-11-17 00:00:00+00:00
[2024-11-17T08:58:16.413+0000] {processor.py:208} INFO - Processing /opt/airflow/dags/dk_energy_data_dag.py took 0.711 seconds
[2024-11-17T08:58:54.784+0000] {processor.py:186} INFO - Started process (PID=215) to work on /opt/airflow/dags/dk_energy_data_dag.py
[2024-11-17T08:58:54.787+0000] {processor.py:914} INFO - Processing file /opt/airflow/dags/dk_energy_data_dag.py for tasks to queue
[2024-11-17T08:58:54.796+0000] {logging_mixin.py:190} INFO - [2024-11-17T08:58:54.795+0000] {dagbag.py:588} INFO - Filling up the DagBag from /opt/airflow/dags/dk_energy_data_dag.py
[2024-11-17T08:58:54.846+0000] {processor.py:925} INFO - DAG(s) 'fetch_and_store_danish_energy_data_v4' retrieved from /opt/airflow/dags/dk_energy_data_dag.py
[2024-11-17T08:58:54.902+0000] {logging_mixin.py:190} INFO - [2024-11-17T08:58:54.902+0000] {dag.py:3239} INFO - Sync 1 DAGs
[2024-11-17T08:58:54.966+0000] {logging_mixin.py:190} INFO - [2024-11-17T08:58:54.965+0000] {dag.py:4180} INFO - Setting next_dagrun for fetch_and_store_danish_energy_data_v4 to 2024-11-16 00:00:00+00:00, run_after=2024-11-17 00:00:00+00:00
[2024-11-17T08:58:55.024+0000] {processor.py:208} INFO - Processing /opt/airflow/dags/dk_energy_data_dag.py took 0.264 seconds
[2024-11-17T08:59:33.613+0000] {processor.py:186} INFO - Started process (PID=286) to work on /opt/airflow/dags/dk_energy_data_dag.py
[2024-11-17T08:59:33.615+0000] {processor.py:914} INFO - Processing file /opt/airflow/dags/dk_energy_data_dag.py for tasks to queue
[2024-11-17T08:59:33.621+0000] {logging_mixin.py:190} INFO - [2024-11-17T08:59:33.621+0000] {dagbag.py:588} INFO - Filling up the DagBag from /opt/airflow/dags/dk_energy_data_dag.py
[2024-11-17T08:59:33.675+0000] {processor.py:925} INFO - DAG(s) 'fetch_and_store_danish_energy_data_v4' retrieved from /opt/airflow/dags/dk_energy_data_dag.py
[2024-11-17T08:59:33.727+0000] {logging_mixin.py:190} INFO - [2024-11-17T08:59:33.727+0000] {dag.py:3239} INFO - Sync 1 DAGs
[2024-11-17T08:59:33.793+0000] {logging_mixin.py:190} INFO - [2024-11-17T08:59:33.792+0000] {dag.py:4180} INFO - Setting next_dagrun for fetch_and_store_danish_energy_data_v4 to 2024-11-16 00:00:00+00:00, run_after=2024-11-17 00:00:00+00:00
[2024-11-17T08:59:33.848+0000] {processor.py:208} INFO - Processing /opt/airflow/dags/dk_energy_data_dag.py took 0.252 seconds
[2024-11-17T09:00:04.029+0000] {processor.py:186} INFO - Started process (PID=352) to work on /opt/airflow/dags/dk_energy_data_dag.py
[2024-11-17T09:00:04.032+0000] {processor.py:914} INFO - Processing file /opt/airflow/dags/dk_energy_data_dag.py for tasks to queue
[2024-11-17T09:00:04.039+0000] {logging_mixin.py:190} INFO - [2024-11-17T09:00:04.038+0000] {dagbag.py:588} INFO - Filling up the DagBag from /opt/airflow/dags/dk_energy_data_dag.py
[2024-11-17T09:00:04.089+0000] {processor.py:925} INFO - DAG(s) 'fetch_and_store_danish_energy_data_v4' retrieved from /opt/airflow/dags/dk_energy_data_dag.py
[2024-11-17T09:00:04.140+0000] {logging_mixin.py:190} INFO - [2024-11-17T09:00:04.140+0000] {dag.py:3239} INFO - Sync 1 DAGs
[2024-11-17T09:00:04.204+0000] {logging_mixin.py:190} INFO - [2024-11-17T09:00:04.204+0000] {dag.py:4180} INFO - Setting next_dagrun for fetch_and_store_danish_energy_data_v4 to 2024-11-16 00:00:00+00:00, run_after=2024-11-17 00:00:00+00:00
[2024-11-17T09:00:04.261+0000] {processor.py:208} INFO - Processing /opt/airflow/dags/dk_energy_data_dag.py took 0.249 seconds
[2024-11-17T09:00:36.662+0000] {processor.py:186} INFO - Started process (PID=419) to work on /opt/airflow/dags/dk_energy_data_dag.py
[2024-11-17T09:00:36.666+0000] {processor.py:914} INFO - Processing file /opt/airflow/dags/dk_energy_data_dag.py for tasks to queue
[2024-11-17T09:00:36.676+0000] {logging_mixin.py:190} INFO - [2024-11-17T09:00:36.674+0000] {dagbag.py:588} INFO - Filling up the DagBag from /opt/airflow/dags/dk_energy_data_dag.py
[2024-11-17T09:00:36.735+0000] {processor.py:925} INFO - DAG(s) 'fetch_and_store_danish_energy_data_v4' retrieved from /opt/airflow/dags/dk_energy_data_dag.py
[2024-11-17T09:00:36.796+0000] {logging_mixin.py:190} INFO - [2024-11-17T09:00:36.796+0000] {dag.py:3239} INFO - Sync 1 DAGs
[2024-11-17T09:00:36.880+0000] {logging_mixin.py:190} INFO - [2024-11-17T09:00:36.879+0000] {dag.py:4180} INFO - Setting next_dagrun for fetch_and_store_danish_energy_data_v4 to 2024-11-16 00:00:00+00:00, run_after=2024-11-17 00:00:00+00:00
[2024-11-17T09:00:36.950+0000] {processor.py:208} INFO - Processing /opt/airflow/dags/dk_energy_data_dag.py took 0.314 seconds
[2024-11-17T09:01:10.379+0000] {processor.py:186} INFO - Started process (PID=493) to work on /opt/airflow/dags/dk_energy_data_dag.py
[2024-11-17T09:01:10.382+0000] {processor.py:914} INFO - Processing file /opt/airflow/dags/dk_energy_data_dag.py for tasks to queue
[2024-11-17T09:01:10.389+0000] {logging_mixin.py:190} INFO - [2024-11-17T09:01:10.388+0000] {dagbag.py:588} INFO - Filling up the DagBag from /opt/airflow/dags/dk_energy_data_dag.py
[2024-11-17T09:01:10.431+0000] {processor.py:925} INFO - DAG(s) 'fetch_and_store_danish_energy_data_v4' retrieved from /opt/airflow/dags/dk_energy_data_dag.py
[2024-11-17T09:01:10.481+0000] {logging_mixin.py:190} INFO - [2024-11-17T09:01:10.480+0000] {dag.py:3239} INFO - Sync 1 DAGs
[2024-11-17T09:01:10.553+0000] {logging_mixin.py:190} INFO - [2024-11-17T09:01:10.552+0000] {dag.py:4180} INFO - Setting next_dagrun for fetch_and_store_danish_energy_data_v4 to 2024-11-16 00:00:00+00:00, run_after=2024-11-17 00:00:00+00:00
[2024-11-17T09:01:10.624+0000] {processor.py:208} INFO - Processing /opt/airflow/dags/dk_energy_data_dag.py took 0.267 seconds
[2024-11-17T09:01:43.063+0000] {processor.py:186} INFO - Started process (PID=564) to work on /opt/airflow/dags/dk_energy_data_dag.py
[2024-11-17T09:01:43.066+0000] {processor.py:914} INFO - Processing file /opt/airflow/dags/dk_energy_data_dag.py for tasks to queue
[2024-11-17T09:01:43.072+0000] {logging_mixin.py:190} INFO - [2024-11-17T09:01:43.071+0000] {dagbag.py:588} INFO - Filling up the DagBag from /opt/airflow/dags/dk_energy_data_dag.py
[2024-11-17T09:01:43.127+0000] {processor.py:925} INFO - DAG(s) 'fetch_and_store_danish_energy_data_v4' retrieved from /opt/airflow/dags/dk_energy_data_dag.py
[2024-11-17T09:01:43.182+0000] {logging_mixin.py:190} INFO - [2024-11-17T09:01:43.181+0000] {dag.py:3239} INFO - Sync 1 DAGs
[2024-11-17T09:01:43.248+0000] {logging_mixin.py:190} INFO - [2024-11-17T09:01:43.247+0000] {dag.py:4180} INFO - Setting next_dagrun for fetch_and_store_danish_energy_data_v4 to 2024-11-16 00:00:00+00:00, run_after=2024-11-17 00:00:00+00:00
[2024-11-17T09:01:43.311+0000] {processor.py:208} INFO - Processing /opt/airflow/dags/dk_energy_data_dag.py took 0.265 seconds
[2024-11-17T09:02:15.343+0000] {processor.py:186} INFO - Started process (PID=630) to work on /opt/airflow/dags/dk_energy_data_dag.py
[2024-11-17T09:02:15.347+0000] {processor.py:914} INFO - Processing file /opt/airflow/dags/dk_energy_data_dag.py for tasks to queue
[2024-11-17T09:02:15.356+0000] {logging_mixin.py:190} INFO - [2024-11-17T09:02:15.355+0000] {dagbag.py:588} INFO - Filling up the DagBag from /opt/airflow/dags/dk_energy_data_dag.py
[2024-11-17T09:02:15.414+0000] {processor.py:925} INFO - DAG(s) 'fetch_and_store_danish_energy_data_v4' retrieved from /opt/airflow/dags/dk_energy_data_dag.py
[2024-11-17T09:02:15.471+0000] {logging_mixin.py:190} INFO - [2024-11-17T09:02:15.471+0000] {dag.py:3239} INFO - Sync 1 DAGs
[2024-11-17T09:02:15.585+0000] {logging_mixin.py:190} INFO - [2024-11-17T09:02:15.584+0000] {dag.py:4180} INFO - Setting next_dagrun for fetch_and_store_danish_energy_data_v4 to 2024-11-16 00:00:00+00:00, run_after=2024-11-17 00:00:00+00:00
[2024-11-17T09:02:15.648+0000] {processor.py:208} INFO - Processing /opt/airflow/dags/dk_energy_data_dag.py took 0.331 seconds
[2024-11-17T09:02:50.917+0000] {processor.py:186} INFO - Started process (PID=696) to work on /opt/airflow/dags/dk_energy_data_dag.py
[2024-11-17T09:02:50.920+0000] {processor.py:914} INFO - Processing file /opt/airflow/dags/dk_energy_data_dag.py for tasks to queue
[2024-11-17T09:02:50.927+0000] {logging_mixin.py:190} INFO - [2024-11-17T09:02:50.926+0000] {dagbag.py:588} INFO - Filling up the DagBag from /opt/airflow/dags/dk_energy_data_dag.py
[2024-11-17T09:02:50.983+0000] {processor.py:925} INFO - DAG(s) 'fetch_and_store_danish_energy_data_v4' retrieved from /opt/airflow/dags/dk_energy_data_dag.py
[2024-11-17T09:02:51.034+0000] {logging_mixin.py:190} INFO - [2024-11-17T09:02:51.034+0000] {dag.py:3239} INFO - Sync 1 DAGs
[2024-11-17T09:02:51.096+0000] {logging_mixin.py:190} INFO - [2024-11-17T09:02:51.096+0000] {dag.py:4180} INFO - Setting next_dagrun for fetch_and_store_danish_energy_data_v4 to 2024-11-16 00:00:00+00:00, run_after=2024-11-17 00:00:00+00:00
[2024-11-17T09:02:51.154+0000] {processor.py:208} INFO - Processing /opt/airflow/dags/dk_energy_data_dag.py took 0.253 seconds
[2024-11-17T09:03:21.730+0000] {processor.py:186} INFO - Started process (PID=762) to work on /opt/airflow/dags/dk_energy_data_dag.py
[2024-11-17T09:03:21.733+0000] {processor.py:914} INFO - Processing file /opt/airflow/dags/dk_energy_data_dag.py for tasks to queue
[2024-11-17T09:03:21.742+0000] {logging_mixin.py:190} INFO - [2024-11-17T09:03:21.740+0000] {dagbag.py:588} INFO - Filling up the DagBag from /opt/airflow/dags/dk_energy_data_dag.py
[2024-11-17T09:03:21.800+0000] {processor.py:925} INFO - DAG(s) 'fetch_and_store_danish_energy_data_v4' retrieved from /opt/airflow/dags/dk_energy_data_dag.py
[2024-11-17T09:03:21.860+0000] {logging_mixin.py:190} INFO - [2024-11-17T09:03:21.859+0000] {dag.py:3239} INFO - Sync 1 DAGs
[2024-11-17T09:03:21.933+0000] {logging_mixin.py:190} INFO - [2024-11-17T09:03:21.932+0000] {dag.py:4180} INFO - Setting next_dagrun for fetch_and_store_danish_energy_data_v4 to 2024-11-16 00:00:00+00:00, run_after=2024-11-17 00:00:00+00:00
[2024-11-17T09:03:21.984+0000] {processor.py:208} INFO - Processing /opt/airflow/dags/dk_energy_data_dag.py took 0.280 seconds
[2024-11-17T09:03:54.464+0000] {processor.py:186} INFO - Started process (PID=829) to work on /opt/airflow/dags/dk_energy_data_dag.py
[2024-11-17T09:03:54.467+0000] {processor.py:914} INFO - Processing file /opt/airflow/dags/dk_energy_data_dag.py for tasks to queue
[2024-11-17T09:03:54.476+0000] {logging_mixin.py:190} INFO - [2024-11-17T09:03:54.475+0000] {dagbag.py:588} INFO - Filling up the DagBag from /opt/airflow/dags/dk_energy_data_dag.py
[2024-11-17T09:03:54.540+0000] {processor.py:925} INFO - DAG(s) 'fetch_and_store_danish_energy_data_v4' retrieved from /opt/airflow/dags/dk_energy_data_dag.py
[2024-11-17T09:03:54.624+0000] {logging_mixin.py:190} INFO - [2024-11-17T09:03:54.623+0000] {dag.py:3239} INFO - Sync 1 DAGs
[2024-11-17T09:03:54.741+0000] {logging_mixin.py:190} INFO - [2024-11-17T09:03:54.741+0000] {dag.py:4180} INFO - Setting next_dagrun for fetch_and_store_danish_energy_data_v4 to 2024-11-16 00:00:00+00:00, run_after=2024-11-17 00:00:00+00:00
[2024-11-17T09:03:54.804+0000] {processor.py:208} INFO - Processing /opt/airflow/dags/dk_energy_data_dag.py took 0.368 seconds
[2024-11-17T09:04:25.837+0000] {processor.py:186} INFO - Started process (PID=896) to work on /opt/airflow/dags/dk_energy_data_dag.py
[2024-11-17T09:04:25.840+0000] {processor.py:914} INFO - Processing file /opt/airflow/dags/dk_energy_data_dag.py for tasks to queue
[2024-11-17T09:04:25.847+0000] {logging_mixin.py:190} INFO - [2024-11-17T09:04:25.846+0000] {dagbag.py:588} INFO - Filling up the DagBag from /opt/airflow/dags/dk_energy_data_dag.py
[2024-11-17T09:04:25.906+0000] {processor.py:925} INFO - DAG(s) 'fetch_and_store_danish_energy_data_v4' retrieved from /opt/airflow/dags/dk_energy_data_dag.py
[2024-11-17T09:04:25.954+0000] {logging_mixin.py:190} INFO - [2024-11-17T09:04:25.954+0000] {dag.py:3239} INFO - Sync 1 DAGs
[2024-11-17T09:04:26.018+0000] {logging_mixin.py:190} INFO - [2024-11-17T09:04:26.017+0000] {dag.py:4180} INFO - Setting next_dagrun for fetch_and_store_danish_energy_data_v4 to 2024-11-16 00:00:00+00:00, run_after=2024-11-17 00:00:00+00:00
[2024-11-17T09:04:26.096+0000] {processor.py:208} INFO - Processing /opt/airflow/dags/dk_energy_data_dag.py took 0.275 seconds
[2024-11-17T09:04:57.674+0000] {processor.py:186} INFO - Started process (PID=962) to work on /opt/airflow/dags/dk_energy_data_dag.py
[2024-11-17T09:04:57.677+0000] {processor.py:914} INFO - Processing file /opt/airflow/dags/dk_energy_data_dag.py for tasks to queue
[2024-11-17T09:04:57.684+0000] {logging_mixin.py:190} INFO - [2024-11-17T09:04:57.683+0000] {dagbag.py:588} INFO - Filling up the DagBag from /opt/airflow/dags/dk_energy_data_dag.py
[2024-11-17T09:04:57.733+0000] {processor.py:925} INFO - DAG(s) 'fetch_and_store_danish_energy_data_v4' retrieved from /opt/airflow/dags/dk_energy_data_dag.py
[2024-11-17T09:04:57.782+0000] {logging_mixin.py:190} INFO - [2024-11-17T09:04:57.781+0000] {dag.py:3239} INFO - Sync 1 DAGs
[2024-11-17T09:04:57.845+0000] {logging_mixin.py:190} INFO - [2024-11-17T09:04:57.845+0000] {dag.py:4180} INFO - Setting next_dagrun for fetch_and_store_danish_energy_data_v4 to 2024-11-16 00:00:00+00:00, run_after=2024-11-17 00:00:00+00:00
[2024-11-17T09:04:57.901+0000] {processor.py:208} INFO - Processing /opt/airflow/dags/dk_energy_data_dag.py took 0.245 seconds
[2024-11-17T09:05:30.231+0000] {processor.py:186} INFO - Started process (PID=1028) to work on /opt/airflow/dags/dk_energy_data_dag.py
[2024-11-17T09:05:30.234+0000] {processor.py:914} INFO - Processing file /opt/airflow/dags/dk_energy_data_dag.py for tasks to queue
[2024-11-17T09:05:30.240+0000] {logging_mixin.py:190} INFO - [2024-11-17T09:05:30.239+0000] {dagbag.py:588} INFO - Filling up the DagBag from /opt/airflow/dags/dk_energy_data_dag.py
[2024-11-17T09:05:30.288+0000] {processor.py:925} INFO - DAG(s) 'fetch_and_store_danish_energy_data_v4' retrieved from /opt/airflow/dags/dk_energy_data_dag.py
[2024-11-17T09:05:30.338+0000] {logging_mixin.py:190} INFO - [2024-11-17T09:05:30.338+0000] {dag.py:3239} INFO - Sync 1 DAGs
[2024-11-17T09:05:30.404+0000] {logging_mixin.py:190} INFO - [2024-11-17T09:05:30.404+0000] {dag.py:4180} INFO - Setting next_dagrun for fetch_and_store_danish_energy_data_v4 to 2024-11-16 00:00:00+00:00, run_after=2024-11-17 00:00:00+00:00
[2024-11-17T09:05:30.469+0000] {processor.py:208} INFO - Processing /opt/airflow/dags/dk_energy_data_dag.py took 0.256 seconds
[2024-11-17T09:06:01.456+0000] {processor.py:186} INFO - Started process (PID=1094) to work on /opt/airflow/dags/dk_energy_data_dag.py
[2024-11-17T09:06:01.459+0000] {processor.py:914} INFO - Processing file /opt/airflow/dags/dk_energy_data_dag.py for tasks to queue
[2024-11-17T09:06:01.469+0000] {logging_mixin.py:190} INFO - [2024-11-17T09:06:01.468+0000] {dagbag.py:588} INFO - Filling up the DagBag from /opt/airflow/dags/dk_energy_data_dag.py
[2024-11-17T09:06:01.523+0000] {processor.py:925} INFO - DAG(s) 'fetch_and_store_danish_energy_data_v4' retrieved from /opt/airflow/dags/dk_energy_data_dag.py
[2024-11-17T09:06:01.590+0000] {logging_mixin.py:190} INFO - [2024-11-17T09:06:01.589+0000] {dag.py:3239} INFO - Sync 1 DAGs
[2024-11-17T09:06:01.710+0000] {logging_mixin.py:190} INFO - [2024-11-17T09:06:01.709+0000] {dag.py:4180} INFO - Setting next_dagrun for fetch_and_store_danish_energy_data_v4 to 2024-11-16 00:00:00+00:00, run_after=2024-11-17 00:00:00+00:00
[2024-11-17T09:06:01.790+0000] {processor.py:208} INFO - Processing /opt/airflow/dags/dk_energy_data_dag.py took 0.354 seconds
[2024-11-17T09:06:32.955+0000] {processor.py:186} INFO - Started process (PID=1159) to work on /opt/airflow/dags/dk_energy_data_dag.py
[2024-11-17T09:06:32.958+0000] {processor.py:914} INFO - Processing file /opt/airflow/dags/dk_energy_data_dag.py for tasks to queue
[2024-11-17T09:06:32.967+0000] {logging_mixin.py:190} INFO - [2024-11-17T09:06:32.966+0000] {dagbag.py:588} INFO - Filling up the DagBag from /opt/airflow/dags/dk_energy_data_dag.py
[2024-11-17T09:06:33.031+0000] {processor.py:925} INFO - DAG(s) 'fetch_and_store_danish_energy_data_v4' retrieved from /opt/airflow/dags/dk_energy_data_dag.py
[2024-11-17T09:06:33.113+0000] {logging_mixin.py:190} INFO - [2024-11-17T09:06:33.112+0000] {dag.py:3239} INFO - Sync 1 DAGs
[2024-11-17T09:06:33.194+0000] {logging_mixin.py:190} INFO - [2024-11-17T09:06:33.193+0000] {dag.py:4180} INFO - Setting next_dagrun for fetch_and_store_danish_energy_data_v4 to 2024-11-16 00:00:00+00:00, run_after=2024-11-17 00:00:00+00:00
[2024-11-17T09:06:33.255+0000] {processor.py:208} INFO - Processing /opt/airflow/dags/dk_energy_data_dag.py took 0.318 seconds
[2024-11-17T09:07:04.162+0000] {processor.py:186} INFO - Started process (PID=1225) to work on /opt/airflow/dags/dk_energy_data_dag.py
[2024-11-17T09:07:04.165+0000] {processor.py:914} INFO - Processing file /opt/airflow/dags/dk_energy_data_dag.py for tasks to queue
[2024-11-17T09:07:04.171+0000] {logging_mixin.py:190} INFO - [2024-11-17T09:07:04.170+0000] {dagbag.py:588} INFO - Filling up the DagBag from /opt/airflow/dags/dk_energy_data_dag.py
[2024-11-17T09:07:04.217+0000] {processor.py:925} INFO - DAG(s) 'fetch_and_store_danish_energy_data_v4' retrieved from /opt/airflow/dags/dk_energy_data_dag.py
[2024-11-17T09:07:04.268+0000] {logging_mixin.py:190} INFO - [2024-11-17T09:07:04.268+0000] {dag.py:3239} INFO - Sync 1 DAGs
[2024-11-17T09:07:04.330+0000] {logging_mixin.py:190} INFO - [2024-11-17T09:07:04.330+0000] {dag.py:4180} INFO - Setting next_dagrun for fetch_and_store_danish_energy_data_v4 to 2024-11-16 00:00:00+00:00, run_after=2024-11-17 00:00:00+00:00
[2024-11-17T09:07:04.385+0000] {processor.py:208} INFO - Processing /opt/airflow/dags/dk_energy_data_dag.py took 0.239 seconds
[2024-11-17T09:07:35.712+0000] {processor.py:186} INFO - Started process (PID=1292) to work on /opt/airflow/dags/dk_energy_data_dag.py
[2024-11-17T09:07:35.715+0000] {processor.py:914} INFO - Processing file /opt/airflow/dags/dk_energy_data_dag.py for tasks to queue
[2024-11-17T09:07:35.722+0000] {logging_mixin.py:190} INFO - [2024-11-17T09:07:35.721+0000] {dagbag.py:588} INFO - Filling up the DagBag from /opt/airflow/dags/dk_energy_data_dag.py
[2024-11-17T09:07:35.774+0000] {processor.py:925} INFO - DAG(s) 'fetch_and_store_danish_energy_data_v4' retrieved from /opt/airflow/dags/dk_energy_data_dag.py
[2024-11-17T09:07:35.823+0000] {logging_mixin.py:190} INFO - [2024-11-17T09:07:35.822+0000] {dag.py:3239} INFO - Sync 1 DAGs
[2024-11-17T09:07:35.888+0000] {logging_mixin.py:190} INFO - [2024-11-17T09:07:35.888+0000] {dag.py:4180} INFO - Setting next_dagrun for fetch_and_store_danish_energy_data_v4 to 2024-11-16 00:00:00+00:00, run_after=2024-11-17 00:00:00+00:00
[2024-11-17T09:07:35.945+0000] {processor.py:208} INFO - Processing /opt/airflow/dags/dk_energy_data_dag.py took 0.255 seconds
[2024-11-17T09:08:06.839+0000] {processor.py:186} INFO - Started process (PID=1358) to work on /opt/airflow/dags/dk_energy_data_dag.py
[2024-11-17T09:08:06.842+0000] {processor.py:914} INFO - Processing file /opt/airflow/dags/dk_energy_data_dag.py for tasks to queue
[2024-11-17T09:08:06.848+0000] {logging_mixin.py:190} INFO - [2024-11-17T09:08:06.847+0000] {dagbag.py:588} INFO - Filling up the DagBag from /opt/airflow/dags/dk_energy_data_dag.py
[2024-11-17T09:08:06.889+0000] {processor.py:925} INFO - DAG(s) 'fetch_and_store_danish_energy_data_v4' retrieved from /opt/airflow/dags/dk_energy_data_dag.py
[2024-11-17T09:08:06.941+0000] {logging_mixin.py:190} INFO - [2024-11-17T09:08:06.940+0000] {dag.py:3239} INFO - Sync 1 DAGs
[2024-11-17T09:08:07.003+0000] {logging_mixin.py:190} INFO - [2024-11-17T09:08:07.003+0000] {dag.py:4180} INFO - Setting next_dagrun for fetch_and_store_danish_energy_data_v4 to 2024-11-16 00:00:00+00:00, run_after=2024-11-17 00:00:00+00:00
[2024-11-17T09:08:07.055+0000] {processor.py:208} INFO - Processing /opt/airflow/dags/dk_energy_data_dag.py took 0.233 seconds
[2024-11-17T09:08:38.043+0000] {processor.py:186} INFO - Started process (PID=1423) to work on /opt/airflow/dags/dk_energy_data_dag.py
[2024-11-17T09:08:38.046+0000] {processor.py:914} INFO - Processing file /opt/airflow/dags/dk_energy_data_dag.py for tasks to queue
[2024-11-17T09:08:38.053+0000] {logging_mixin.py:190} INFO - [2024-11-17T09:08:38.052+0000] {dagbag.py:588} INFO - Filling up the DagBag from /opt/airflow/dags/dk_energy_data_dag.py
[2024-11-17T09:08:38.105+0000] {processor.py:925} INFO - DAG(s) 'fetch_and_store_danish_energy_data_v4' retrieved from /opt/airflow/dags/dk_energy_data_dag.py
[2024-11-17T09:08:38.154+0000] {logging_mixin.py:190} INFO - [2024-11-17T09:08:38.153+0000] {dag.py:3239} INFO - Sync 1 DAGs
[2024-11-17T09:08:38.218+0000] {logging_mixin.py:190} INFO - [2024-11-17T09:08:38.217+0000] {dag.py:4180} INFO - Setting next_dagrun for fetch_and_store_danish_energy_data_v4 to 2024-11-16 00:00:00+00:00, run_after=2024-11-17 00:00:00+00:00
[2024-11-17T09:08:38.278+0000] {processor.py:208} INFO - Processing /opt/airflow/dags/dk_energy_data_dag.py took 0.257 seconds
[2024-11-17T09:09:09.400+0000] {processor.py:186} INFO - Started process (PID=1495) to work on /opt/airflow/dags/dk_energy_data_dag.py
[2024-11-17T09:09:09.403+0000] {processor.py:914} INFO - Processing file /opt/airflow/dags/dk_energy_data_dag.py for tasks to queue
[2024-11-17T09:09:09.412+0000] {logging_mixin.py:190} INFO - [2024-11-17T09:09:09.411+0000] {dagbag.py:588} INFO - Filling up the DagBag from /opt/airflow/dags/dk_energy_data_dag.py
[2024-11-17T09:09:09.461+0000] {processor.py:925} INFO - DAG(s) 'fetch_and_store_danish_energy_data_v4' retrieved from /opt/airflow/dags/dk_energy_data_dag.py
[2024-11-17T09:09:09.534+0000] {logging_mixin.py:190} INFO - [2024-11-17T09:09:09.533+0000] {dag.py:3239} INFO - Sync 1 DAGs
[2024-11-17T09:09:09.613+0000] {logging_mixin.py:190} INFO - [2024-11-17T09:09:09.612+0000] {dag.py:4180} INFO - Setting next_dagrun for fetch_and_store_danish_energy_data_v4 to 2024-11-16 00:00:00+00:00, run_after=2024-11-17 00:00:00+00:00
[2024-11-17T09:09:09.677+0000] {processor.py:208} INFO - Processing /opt/airflow/dags/dk_energy_data_dag.py took 0.313 seconds
[2024-11-17T09:09:40.547+0000] {processor.py:186} INFO - Started process (PID=1561) to work on /opt/airflow/dags/dk_energy_data_dag.py
[2024-11-17T09:09:40.550+0000] {processor.py:914} INFO - Processing file /opt/airflow/dags/dk_energy_data_dag.py for tasks to queue
[2024-11-17T09:09:40.557+0000] {logging_mixin.py:190} INFO - [2024-11-17T09:09:40.556+0000] {dagbag.py:588} INFO - Filling up the DagBag from /opt/airflow/dags/dk_energy_data_dag.py
[2024-11-17T09:09:40.611+0000] {processor.py:925} INFO - DAG(s) 'fetch_and_store_danish_energy_data_v4' retrieved from /opt/airflow/dags/dk_energy_data_dag.py
[2024-11-17T09:09:40.676+0000] {logging_mixin.py:190} INFO - [2024-11-17T09:09:40.676+0000] {dag.py:3239} INFO - Sync 1 DAGs
[2024-11-17T09:09:40.749+0000] {logging_mixin.py:190} INFO - [2024-11-17T09:09:40.749+0000] {dag.py:4180} INFO - Setting next_dagrun for fetch_and_store_danish_energy_data_v4 to 2024-11-16 00:00:00+00:00, run_after=2024-11-17 00:00:00+00:00
[2024-11-17T09:09:40.803+0000] {processor.py:208} INFO - Processing /opt/airflow/dags/dk_energy_data_dag.py took 0.273 seconds
[2024-11-17T09:10:10.960+0000] {processor.py:186} INFO - Started process (PID=1626) to work on /opt/airflow/dags/dk_energy_data_dag.py
[2024-11-17T09:10:10.963+0000] {processor.py:914} INFO - Processing file /opt/airflow/dags/dk_energy_data_dag.py for tasks to queue
[2024-11-17T09:10:10.972+0000] {logging_mixin.py:190} INFO - [2024-11-17T09:10:10.971+0000] {dagbag.py:588} INFO - Filling up the DagBag from /opt/airflow/dags/dk_energy_data_dag.py
[2024-11-17T09:10:11.027+0000] {processor.py:925} INFO - DAG(s) 'fetch_and_store_danish_energy_data_v4' retrieved from /opt/airflow/dags/dk_energy_data_dag.py
[2024-11-17T09:10:11.077+0000] {logging_mixin.py:190} INFO - [2024-11-17T09:10:11.077+0000] {dag.py:3239} INFO - Sync 1 DAGs
[2024-11-17T09:10:11.142+0000] {logging_mixin.py:190} INFO - [2024-11-17T09:10:11.142+0000] {dag.py:4180} INFO - Setting next_dagrun for fetch_and_store_danish_energy_data_v4 to 2024-11-16 00:00:00+00:00, run_after=2024-11-17 00:00:00+00:00
[2024-11-17T09:10:11.200+0000] {processor.py:208} INFO - Processing /opt/airflow/dags/dk_energy_data_dag.py took 0.261 seconds
[2024-11-17T09:10:41.581+0000] {processor.py:186} INFO - Started process (PID=1692) to work on /opt/airflow/dags/dk_energy_data_dag.py
[2024-11-17T09:10:41.584+0000] {processor.py:914} INFO - Processing file /opt/airflow/dags/dk_energy_data_dag.py for tasks to queue
[2024-11-17T09:10:41.591+0000] {logging_mixin.py:190} INFO - [2024-11-17T09:10:41.590+0000] {dagbag.py:588} INFO - Filling up the DagBag from /opt/airflow/dags/dk_energy_data_dag.py
[2024-11-17T09:10:41.642+0000] {processor.py:925} INFO - DAG(s) 'fetch_and_store_danish_energy_data_v4' retrieved from /opt/airflow/dags/dk_energy_data_dag.py
[2024-11-17T09:10:41.691+0000] {logging_mixin.py:190} INFO - [2024-11-17T09:10:41.690+0000] {dag.py:3239} INFO - Sync 1 DAGs
[2024-11-17T09:10:41.754+0000] {logging_mixin.py:190} INFO - [2024-11-17T09:10:41.753+0000] {dag.py:4180} INFO - Setting next_dagrun for fetch_and_store_danish_energy_data_v4 to 2024-11-16 00:00:00+00:00, run_after=2024-11-17 00:00:00+00:00
[2024-11-17T09:10:41.807+0000] {processor.py:208} INFO - Processing /opt/airflow/dags/dk_energy_data_dag.py took 0.249 seconds
[2024-11-17T09:11:12.249+0000] {processor.py:186} INFO - Started process (PID=1758) to work on /opt/airflow/dags/dk_energy_data_dag.py
[2024-11-17T09:11:12.252+0000] {processor.py:914} INFO - Processing file /opt/airflow/dags/dk_energy_data_dag.py for tasks to queue
[2024-11-17T09:11:12.260+0000] {logging_mixin.py:190} INFO - [2024-11-17T09:11:12.259+0000] {dagbag.py:588} INFO - Filling up the DagBag from /opt/airflow/dags/dk_energy_data_dag.py
[2024-11-17T09:11:12.317+0000] {processor.py:925} INFO - DAG(s) 'fetch_and_store_danish_energy_data_v4' retrieved from /opt/airflow/dags/dk_energy_data_dag.py
[2024-11-17T09:11:12.374+0000] {logging_mixin.py:190} INFO - [2024-11-17T09:11:12.374+0000] {dag.py:3239} INFO - Sync 1 DAGs
[2024-11-17T09:11:12.447+0000] {logging_mixin.py:190} INFO - [2024-11-17T09:11:12.447+0000] {dag.py:4180} INFO - Setting next_dagrun for fetch_and_store_danish_energy_data_v4 to 2024-11-16 00:00:00+00:00, run_after=2024-11-17 00:00:00+00:00
[2024-11-17T09:11:12.506+0000] {processor.py:208} INFO - Processing /opt/airflow/dags/dk_energy_data_dag.py took 0.280 seconds
[2024-11-17T09:11:42.772+0000] {processor.py:186} INFO - Started process (PID=1824) to work on /opt/airflow/dags/dk_energy_data_dag.py
[2024-11-17T09:11:42.776+0000] {processor.py:914} INFO - Processing file /opt/airflow/dags/dk_energy_data_dag.py for tasks to queue
[2024-11-17T09:11:42.785+0000] {logging_mixin.py:190} INFO - [2024-11-17T09:11:42.784+0000] {dagbag.py:588} INFO - Filling up the DagBag from /opt/airflow/dags/dk_energy_data_dag.py
[2024-11-17T09:11:42.847+0000] {processor.py:925} INFO - DAG(s) 'fetch_and_store_danish_energy_data_v4' retrieved from /opt/airflow/dags/dk_energy_data_dag.py
[2024-11-17T09:11:42.898+0000] {logging_mixin.py:190} INFO - [2024-11-17T09:11:42.898+0000] {dag.py:3239} INFO - Sync 1 DAGs
[2024-11-17T09:11:42.959+0000] {logging_mixin.py:190} INFO - [2024-11-17T09:11:42.958+0000] {dag.py:4180} INFO - Setting next_dagrun for fetch_and_store_danish_energy_data_v4 to 2024-11-16 00:00:00+00:00, run_after=2024-11-17 00:00:00+00:00
[2024-11-17T09:11:43.011+0000] {processor.py:208} INFO - Processing /opt/airflow/dags/dk_energy_data_dag.py took 0.265 seconds
[2024-11-17T09:12:13.682+0000] {processor.py:186} INFO - Started process (PID=1890) to work on /opt/airflow/dags/dk_energy_data_dag.py
[2024-11-17T09:12:13.685+0000] {processor.py:914} INFO - Processing file /opt/airflow/dags/dk_energy_data_dag.py for tasks to queue
[2024-11-17T09:12:13.692+0000] {logging_mixin.py:190} INFO - [2024-11-17T09:12:13.691+0000] {dagbag.py:588} INFO - Filling up the DagBag from /opt/airflow/dags/dk_energy_data_dag.py
[2024-11-17T09:12:13.740+0000] {processor.py:925} INFO - DAG(s) 'fetch_and_store_danish_energy_data_v4' retrieved from /opt/airflow/dags/dk_energy_data_dag.py
[2024-11-17T09:12:13.793+0000] {logging_mixin.py:190} INFO - [2024-11-17T09:12:13.791+0000] {dag.py:3239} INFO - Sync 1 DAGs
[2024-11-17T09:12:13.860+0000] {logging_mixin.py:190} INFO - [2024-11-17T09:12:13.859+0000] {dag.py:4180} INFO - Setting next_dagrun for fetch_and_store_danish_energy_data_v4 to 2024-11-16 00:00:00+00:00, run_after=2024-11-17 00:00:00+00:00
[2024-11-17T09:12:13.937+0000] {processor.py:208} INFO - Processing /opt/airflow/dags/dk_energy_data_dag.py took 0.275 seconds
[2024-11-17T09:12:48.931+0000] {processor.py:186} INFO - Started process (PID=1956) to work on /opt/airflow/dags/dk_energy_data_dag.py
[2024-11-17T09:12:48.934+0000] {processor.py:914} INFO - Processing file /opt/airflow/dags/dk_energy_data_dag.py for tasks to queue
[2024-11-17T09:12:48.941+0000] {logging_mixin.py:190} INFO - [2024-11-17T09:12:48.940+0000] {dagbag.py:588} INFO - Filling up the DagBag from /opt/airflow/dags/dk_energy_data_dag.py
[2024-11-17T09:12:48.989+0000] {processor.py:925} INFO - DAG(s) 'fetch_and_store_danish_energy_data_v4' retrieved from /opt/airflow/dags/dk_energy_data_dag.py
[2024-11-17T09:12:49.039+0000] {logging_mixin.py:190} INFO - [2024-11-17T09:12:49.039+0000] {dag.py:3239} INFO - Sync 1 DAGs
[2024-11-17T09:12:49.106+0000] {logging_mixin.py:190} INFO - [2024-11-17T09:12:49.105+0000] {dag.py:4180} INFO - Setting next_dagrun for fetch_and_store_danish_energy_data_v4 to 2024-11-16 00:00:00+00:00, run_after=2024-11-17 00:00:00+00:00
[2024-11-17T09:12:49.166+0000] {processor.py:208} INFO - Processing /opt/airflow/dags/dk_energy_data_dag.py took 0.256 seconds
[2024-11-17T09:13:20.087+0000] {processor.py:186} INFO - Started process (PID=2022) to work on /opt/airflow/dags/dk_energy_data_dag.py
[2024-11-17T09:13:20.090+0000] {processor.py:914} INFO - Processing file /opt/airflow/dags/dk_energy_data_dag.py for tasks to queue
[2024-11-17T09:13:20.096+0000] {logging_mixin.py:190} INFO - [2024-11-17T09:13:20.095+0000] {dagbag.py:588} INFO - Filling up the DagBag from /opt/airflow/dags/dk_energy_data_dag.py
[2024-11-17T09:13:20.149+0000] {processor.py:925} INFO - DAG(s) 'fetch_and_store_danish_energy_data_v4' retrieved from /opt/airflow/dags/dk_energy_data_dag.py
[2024-11-17T09:13:20.204+0000] {logging_mixin.py:190} INFO - [2024-11-17T09:13:20.204+0000] {dag.py:3239} INFO - Sync 1 DAGs
[2024-11-17T09:13:20.288+0000] {logging_mixin.py:190} INFO - [2024-11-17T09:13:20.287+0000] {dag.py:4180} INFO - Setting next_dagrun for fetch_and_store_danish_energy_data_v4 to 2024-11-16 00:00:00+00:00, run_after=2024-11-17 00:00:00+00:00
[2024-11-17T09:13:20.342+0000] {processor.py:208} INFO - Processing /opt/airflow/dags/dk_energy_data_dag.py took 0.272 seconds
[2024-11-17T09:13:50.645+0000] {processor.py:186} INFO - Started process (PID=2087) to work on /opt/airflow/dags/dk_energy_data_dag.py
[2024-11-17T09:13:50.648+0000] {processor.py:914} INFO - Processing file /opt/airflow/dags/dk_energy_data_dag.py for tasks to queue
[2024-11-17T09:13:50.656+0000] {logging_mixin.py:190} INFO - [2024-11-17T09:13:50.655+0000] {dagbag.py:588} INFO - Filling up the DagBag from /opt/airflow/dags/dk_energy_data_dag.py
[2024-11-17T09:13:50.709+0000] {processor.py:925} INFO - DAG(s) 'fetch_and_store_danish_energy_data_v4' retrieved from /opt/airflow/dags/dk_energy_data_dag.py
[2024-11-17T09:13:50.764+0000] {logging_mixin.py:190} INFO - [2024-11-17T09:13:50.763+0000] {dag.py:3239} INFO - Sync 1 DAGs
[2024-11-17T09:13:50.828+0000] {logging_mixin.py:190} INFO - [2024-11-17T09:13:50.828+0000] {dag.py:4180} INFO - Setting next_dagrun for fetch_and_store_danish_energy_data_v4 to 2024-11-16 00:00:00+00:00, run_after=2024-11-17 00:00:00+00:00
[2024-11-17T09:13:50.884+0000] {processor.py:208} INFO - Processing /opt/airflow/dags/dk_energy_data_dag.py took 0.262 seconds
[2024-11-17T09:14:21.371+0000] {processor.py:186} INFO - Started process (PID=2153) to work on /opt/airflow/dags/dk_energy_data_dag.py
[2024-11-17T09:14:21.374+0000] {processor.py:914} INFO - Processing file /opt/airflow/dags/dk_energy_data_dag.py for tasks to queue
[2024-11-17T09:14:21.382+0000] {logging_mixin.py:190} INFO - [2024-11-17T09:14:21.381+0000] {dagbag.py:588} INFO - Filling up the DagBag from /opt/airflow/dags/dk_energy_data_dag.py
[2024-11-17T09:14:21.434+0000] {processor.py:925} INFO - DAG(s) 'fetch_and_store_danish_energy_data_v4' retrieved from /opt/airflow/dags/dk_energy_data_dag.py
[2024-11-17T09:14:21.484+0000] {logging_mixin.py:190} INFO - [2024-11-17T09:14:21.483+0000] {dag.py:3239} INFO - Sync 1 DAGs
[2024-11-17T09:14:21.557+0000] {logging_mixin.py:190} INFO - [2024-11-17T09:14:21.556+0000] {dag.py:4180} INFO - Setting next_dagrun for fetch_and_store_danish_energy_data_v4 to 2024-11-16 00:00:00+00:00, run_after=2024-11-17 00:00:00+00:00
[2024-11-17T09:14:21.623+0000] {processor.py:208} INFO - Processing /opt/airflow/dags/dk_energy_data_dag.py took 0.279 seconds
[2024-11-17T09:14:52.419+0000] {processor.py:186} INFO - Started process (PID=2219) to work on /opt/airflow/dags/dk_energy_data_dag.py
[2024-11-17T09:14:52.421+0000] {processor.py:914} INFO - Processing file /opt/airflow/dags/dk_energy_data_dag.py for tasks to queue
[2024-11-17T09:14:52.430+0000] {logging_mixin.py:190} INFO - [2024-11-17T09:14:52.429+0000] {dagbag.py:588} INFO - Filling up the DagBag from /opt/airflow/dags/dk_energy_data_dag.py
[2024-11-17T09:14:52.497+0000] {processor.py:925} INFO - DAG(s) 'fetch_and_store_danish_energy_data_v4' retrieved from /opt/airflow/dags/dk_energy_data_dag.py
[2024-11-17T09:14:52.568+0000] {logging_mixin.py:190} INFO - [2024-11-17T09:14:52.568+0000] {dag.py:3239} INFO - Sync 1 DAGs
[2024-11-17T09:14:52.667+0000] {logging_mixin.py:190} INFO - [2024-11-17T09:14:52.666+0000] {dag.py:4180} INFO - Setting next_dagrun for fetch_and_store_danish_energy_data_v4 to 2024-11-16 00:00:00+00:00, run_after=2024-11-17 00:00:00+00:00
[2024-11-17T09:14:52.750+0000] {processor.py:208} INFO - Processing /opt/airflow/dags/dk_energy_data_dag.py took 0.351 seconds
[2024-11-17T09:15:22.892+0000] {processor.py:186} INFO - Started process (PID=2284) to work on /opt/airflow/dags/dk_energy_data_dag.py
[2024-11-17T09:15:22.894+0000] {processor.py:914} INFO - Processing file /opt/airflow/dags/dk_energy_data_dag.py for tasks to queue
[2024-11-17T09:15:22.901+0000] {logging_mixin.py:190} INFO - [2024-11-17T09:15:22.900+0000] {dagbag.py:588} INFO - Filling up the DagBag from /opt/airflow/dags/dk_energy_data_dag.py
[2024-11-17T09:15:22.962+0000] {processor.py:925} INFO - DAG(s) 'fetch_and_store_danish_energy_data_v4' retrieved from /opt/airflow/dags/dk_energy_data_dag.py
[2024-11-17T09:15:23.026+0000] {logging_mixin.py:190} INFO - [2024-11-17T09:15:23.025+0000] {dag.py:3239} INFO - Sync 1 DAGs
[2024-11-17T09:15:23.101+0000] {logging_mixin.py:190} INFO - [2024-11-17T09:15:23.101+0000] {dag.py:4180} INFO - Setting next_dagrun for fetch_and_store_danish_energy_data_v4 to 2024-11-16 00:00:00+00:00, run_after=2024-11-17 00:00:00+00:00
[2024-11-17T09:15:23.161+0000] {processor.py:208} INFO - Processing /opt/airflow/dags/dk_energy_data_dag.py took 0.286 seconds
[2024-11-17T09:15:54.312+0000] {processor.py:186} INFO - Started process (PID=2350) to work on /opt/airflow/dags/dk_energy_data_dag.py
[2024-11-17T09:15:54.319+0000] {processor.py:914} INFO - Processing file /opt/airflow/dags/dk_energy_data_dag.py for tasks to queue
[2024-11-17T09:15:54.337+0000] {logging_mixin.py:190} INFO - [2024-11-17T09:15:54.335+0000] {dagbag.py:588} INFO - Filling up the DagBag from /opt/airflow/dags/dk_energy_data_dag.py
[2024-11-17T09:15:54.455+0000] {processor.py:925} INFO - DAG(s) 'fetch_and_store_danish_energy_data_v4' retrieved from /opt/airflow/dags/dk_energy_data_dag.py
[2024-11-17T09:15:54.543+0000] {logging_mixin.py:190} INFO - [2024-11-17T09:15:54.542+0000] {dag.py:3239} INFO - Sync 1 DAGs
[2024-11-17T09:15:54.693+0000] {logging_mixin.py:190} INFO - [2024-11-17T09:15:54.693+0000] {dag.py:4180} INFO - Setting next_dagrun for fetch_and_store_danish_energy_data_v4 to 2024-11-16 00:00:00+00:00, run_after=2024-11-17 00:00:00+00:00
[2024-11-17T09:15:54.798+0000] {processor.py:208} INFO - Processing /opt/airflow/dags/dk_energy_data_dag.py took 0.519 seconds
[2024-11-17T09:16:26.940+0000] {processor.py:186} INFO - Started process (PID=2416) to work on /opt/airflow/dags/dk_energy_data_dag.py
[2024-11-17T09:16:26.943+0000] {processor.py:914} INFO - Processing file /opt/airflow/dags/dk_energy_data_dag.py for tasks to queue
[2024-11-17T09:16:26.951+0000] {logging_mixin.py:190} INFO - [2024-11-17T09:16:26.950+0000] {dagbag.py:588} INFO - Filling up the DagBag from /opt/airflow/dags/dk_energy_data_dag.py
[2024-11-17T09:16:26.996+0000] {processor.py:925} INFO - DAG(s) 'fetch_and_store_danish_energy_data_v4' retrieved from /opt/airflow/dags/dk_energy_data_dag.py
[2024-11-17T09:16:27.075+0000] {logging_mixin.py:190} INFO - [2024-11-17T09:16:27.074+0000] {dag.py:3239} INFO - Sync 1 DAGs
[2024-11-17T09:16:27.143+0000] {logging_mixin.py:190} INFO - [2024-11-17T09:16:27.142+0000] {dag.py:4180} INFO - Setting next_dagrun for fetch_and_store_danish_energy_data_v4 to 2024-11-16 00:00:00+00:00, run_after=2024-11-17 00:00:00+00:00
[2024-11-17T09:16:27.204+0000] {processor.py:208} INFO - Processing /opt/airflow/dags/dk_energy_data_dag.py took 0.285 seconds
[2024-11-17T09:16:57.833+0000] {processor.py:186} INFO - Started process (PID=2482) to work on /opt/airflow/dags/dk_energy_data_dag.py
[2024-11-17T09:16:57.837+0000] {processor.py:914} INFO - Processing file /opt/airflow/dags/dk_energy_data_dag.py for tasks to queue
[2024-11-17T09:16:57.847+0000] {logging_mixin.py:190} INFO - [2024-11-17T09:16:57.846+0000] {dagbag.py:588} INFO - Filling up the DagBag from /opt/airflow/dags/dk_energy_data_dag.py
[2024-11-17T09:16:57.919+0000] {processor.py:925} INFO - DAG(s) 'fetch_and_store_danish_energy_data_v4' retrieved from /opt/airflow/dags/dk_energy_data_dag.py
[2024-11-17T09:16:58.001+0000] {logging_mixin.py:190} INFO - [2024-11-17T09:16:58.000+0000] {dag.py:3239} INFO - Sync 1 DAGs
[2024-11-17T09:16:58.094+0000] {logging_mixin.py:190} INFO - [2024-11-17T09:16:58.093+0000] {dag.py:4180} INFO - Setting next_dagrun for fetch_and_store_danish_energy_data_v4 to 2024-11-16 00:00:00+00:00, run_after=2024-11-17 00:00:00+00:00
[2024-11-17T09:16:58.165+0000] {processor.py:208} INFO - Processing /opt/airflow/dags/dk_energy_data_dag.py took 0.360 seconds
[2024-11-17T09:17:28.520+0000] {processor.py:186} INFO - Started process (PID=2547) to work on /opt/airflow/dags/dk_energy_data_dag.py
[2024-11-17T09:17:28.523+0000] {processor.py:914} INFO - Processing file /opt/airflow/dags/dk_energy_data_dag.py for tasks to queue
[2024-11-17T09:17:28.529+0000] {logging_mixin.py:190} INFO - [2024-11-17T09:17:28.528+0000] {dagbag.py:588} INFO - Filling up the DagBag from /opt/airflow/dags/dk_energy_data_dag.py
[2024-11-17T09:17:28.583+0000] {processor.py:925} INFO - DAG(s) 'fetch_and_store_danish_energy_data_v4' retrieved from /opt/airflow/dags/dk_energy_data_dag.py
[2024-11-17T09:17:28.635+0000] {logging_mixin.py:190} INFO - [2024-11-17T09:17:28.634+0000] {dag.py:3239} INFO - Sync 1 DAGs
[2024-11-17T09:17:28.698+0000] {logging_mixin.py:190} INFO - [2024-11-17T09:17:28.697+0000] {dag.py:4180} INFO - Setting next_dagrun for fetch_and_store_danish_energy_data_v4 to 2024-11-16 00:00:00+00:00, run_after=2024-11-17 00:00:00+00:00
[2024-11-17T09:17:28.757+0000] {processor.py:208} INFO - Processing /opt/airflow/dags/dk_energy_data_dag.py took 0.256 seconds
[2024-11-17T09:17:59.397+0000] {processor.py:186} INFO - Started process (PID=2614) to work on /opt/airflow/dags/dk_energy_data_dag.py
[2024-11-17T09:17:59.400+0000] {processor.py:914} INFO - Processing file /opt/airflow/dags/dk_energy_data_dag.py for tasks to queue
[2024-11-17T09:17:59.408+0000] {logging_mixin.py:190} INFO - [2024-11-17T09:17:59.407+0000] {dagbag.py:588} INFO - Filling up the DagBag from /opt/airflow/dags/dk_energy_data_dag.py
[2024-11-17T09:17:59.466+0000] {processor.py:925} INFO - DAG(s) 'fetch_and_store_danish_energy_data_v4' retrieved from /opt/airflow/dags/dk_energy_data_dag.py
[2024-11-17T09:17:59.541+0000] {logging_mixin.py:190} INFO - [2024-11-17T09:17:59.540+0000] {dag.py:3239} INFO - Sync 1 DAGs
[2024-11-17T09:17:59.603+0000] {logging_mixin.py:190} INFO - [2024-11-17T09:17:59.602+0000] {dag.py:4180} INFO - Setting next_dagrun for fetch_and_store_danish_energy_data_v4 to 2024-11-16 00:00:00+00:00, run_after=2024-11-17 00:00:00+00:00
[2024-11-17T09:17:59.657+0000] {processor.py:208} INFO - Processing /opt/airflow/dags/dk_energy_data_dag.py took 0.291 seconds
[2024-11-17T09:18:31.310+0000] {processor.py:186} INFO - Started process (PID=2680) to work on /opt/airflow/dags/dk_energy_data_dag.py
[2024-11-17T09:18:31.312+0000] {processor.py:914} INFO - Processing file /opt/airflow/dags/dk_energy_data_dag.py for tasks to queue
[2024-11-17T09:18:31.319+0000] {logging_mixin.py:190} INFO - [2024-11-17T09:18:31.318+0000] {dagbag.py:588} INFO - Filling up the DagBag from /opt/airflow/dags/dk_energy_data_dag.py
[2024-11-17T09:18:31.375+0000] {processor.py:925} INFO - DAG(s) 'fetch_and_store_danish_energy_data_v4' retrieved from /opt/airflow/dags/dk_energy_data_dag.py
[2024-11-17T09:18:31.469+0000] {logging_mixin.py:190} INFO - [2024-11-17T09:18:31.468+0000] {dag.py:3239} INFO - Sync 1 DAGs
[2024-11-17T09:18:31.574+0000] {logging_mixin.py:190} INFO - [2024-11-17T09:18:31.574+0000] {dag.py:4180} INFO - Setting next_dagrun for fetch_and_store_danish_energy_data_v4 to 2024-11-16 00:00:00+00:00, run_after=2024-11-17 00:00:00+00:00
[2024-11-17T09:18:31.647+0000] {processor.py:208} INFO - Processing /opt/airflow/dags/dk_energy_data_dag.py took 0.357 seconds
[2024-11-17T09:19:02.520+0000] {processor.py:186} INFO - Started process (PID=2746) to work on /opt/airflow/dags/dk_energy_data_dag.py
[2024-11-17T09:19:02.522+0000] {processor.py:914} INFO - Processing file /opt/airflow/dags/dk_energy_data_dag.py for tasks to queue
[2024-11-17T09:19:02.530+0000] {logging_mixin.py:190} INFO - [2024-11-17T09:19:02.529+0000] {dagbag.py:588} INFO - Filling up the DagBag from /opt/airflow/dags/dk_energy_data_dag.py
[2024-11-17T09:19:02.584+0000] {processor.py:925} INFO - DAG(s) 'fetch_and_store_danish_energy_data_v4' retrieved from /opt/airflow/dags/dk_energy_data_dag.py
[2024-11-17T09:19:02.638+0000] {logging_mixin.py:190} INFO - [2024-11-17T09:19:02.637+0000] {dag.py:3239} INFO - Sync 1 DAGs
[2024-11-17T09:19:02.706+0000] {logging_mixin.py:190} INFO - [2024-11-17T09:19:02.706+0000] {dag.py:4180} INFO - Setting next_dagrun for fetch_and_store_danish_energy_data_v4 to 2024-11-16 00:00:00+00:00, run_after=2024-11-17 00:00:00+00:00
[2024-11-17T09:19:02.764+0000] {processor.py:208} INFO - Processing /opt/airflow/dags/dk_energy_data_dag.py took 0.265 seconds
[2024-11-17T09:19:33.633+0000] {processor.py:186} INFO - Started process (PID=2811) to work on /opt/airflow/dags/dk_energy_data_dag.py
[2024-11-17T09:19:33.636+0000] {processor.py:914} INFO - Processing file /opt/airflow/dags/dk_energy_data_dag.py for tasks to queue
[2024-11-17T09:19:33.642+0000] {logging_mixin.py:190} INFO - [2024-11-17T09:19:33.641+0000] {dagbag.py:588} INFO - Filling up the DagBag from /opt/airflow/dags/dk_energy_data_dag.py
[2024-11-17T09:19:33.700+0000] {processor.py:925} INFO - DAG(s) 'fetch_and_store_danish_energy_data_v4' retrieved from /opt/airflow/dags/dk_energy_data_dag.py
[2024-11-17T09:19:33.749+0000] {logging_mixin.py:190} INFO - [2024-11-17T09:19:33.748+0000] {dag.py:3239} INFO - Sync 1 DAGs
[2024-11-17T09:19:33.811+0000] {logging_mixin.py:190} INFO - [2024-11-17T09:19:33.811+0000] {dag.py:4180} INFO - Setting next_dagrun for fetch_and_store_danish_energy_data_v4 to 2024-11-16 00:00:00+00:00, run_after=2024-11-17 00:00:00+00:00
[2024-11-17T09:19:33.867+0000] {processor.py:208} INFO - Processing /opt/airflow/dags/dk_energy_data_dag.py took 0.250 seconds
[2024-11-17T09:20:04.164+0000] {processor.py:186} INFO - Started process (PID=2877) to work on /opt/airflow/dags/dk_energy_data_dag.py
[2024-11-17T09:20:04.168+0000] {processor.py:914} INFO - Processing file /opt/airflow/dags/dk_energy_data_dag.py for tasks to queue
[2024-11-17T09:20:04.177+0000] {logging_mixin.py:190} INFO - [2024-11-17T09:20:04.176+0000] {dagbag.py:588} INFO - Filling up the DagBag from /opt/airflow/dags/dk_energy_data_dag.py
[2024-11-17T09:20:04.228+0000] {processor.py:925} INFO - DAG(s) 'fetch_and_store_danish_energy_data_v4' retrieved from /opt/airflow/dags/dk_energy_data_dag.py
[2024-11-17T09:20:04.282+0000] {logging_mixin.py:190} INFO - [2024-11-17T09:20:04.281+0000] {dag.py:3239} INFO - Sync 1 DAGs
[2024-11-17T09:20:04.346+0000] {logging_mixin.py:190} INFO - [2024-11-17T09:20:04.346+0000] {dag.py:4180} INFO - Setting next_dagrun for fetch_and_store_danish_energy_data_v4 to 2024-11-16 00:00:00+00:00, run_after=2024-11-17 00:00:00+00:00
[2024-11-17T09:20:04.401+0000] {processor.py:208} INFO - Processing /opt/airflow/dags/dk_energy_data_dag.py took 0.258 seconds
[2024-11-17T09:20:35.264+0000] {processor.py:186} INFO - Started process (PID=2943) to work on /opt/airflow/dags/dk_energy_data_dag.py
[2024-11-17T09:20:35.267+0000] {processor.py:914} INFO - Processing file /opt/airflow/dags/dk_energy_data_dag.py for tasks to queue
[2024-11-17T09:20:35.275+0000] {logging_mixin.py:190} INFO - [2024-11-17T09:20:35.274+0000] {dagbag.py:588} INFO - Filling up the DagBag from /opt/airflow/dags/dk_energy_data_dag.py
[2024-11-17T09:20:35.333+0000] {processor.py:925} INFO - DAG(s) 'fetch_and_store_danish_energy_data_v4' retrieved from /opt/airflow/dags/dk_energy_data_dag.py
[2024-11-17T09:20:35.387+0000] {logging_mixin.py:190} INFO - [2024-11-17T09:20:35.386+0000] {dag.py:3239} INFO - Sync 1 DAGs
[2024-11-17T09:20:35.464+0000] {logging_mixin.py:190} INFO - [2024-11-17T09:20:35.463+0000] {dag.py:4180} INFO - Setting next_dagrun for fetch_and_store_danish_energy_data_v4 to 2024-11-16 00:00:00+00:00, run_after=2024-11-17 00:00:00+00:00
[2024-11-17T09:20:35.520+0000] {processor.py:208} INFO - Processing /opt/airflow/dags/dk_energy_data_dag.py took 0.273 seconds
[2024-11-17T09:21:05.858+0000] {processor.py:186} INFO - Started process (PID=3009) to work on /opt/airflow/dags/dk_energy_data_dag.py
[2024-11-17T09:21:05.860+0000] {processor.py:914} INFO - Processing file /opt/airflow/dags/dk_energy_data_dag.py for tasks to queue
[2024-11-17T09:21:05.867+0000] {logging_mixin.py:190} INFO - [2024-11-17T09:21:05.866+0000] {dagbag.py:588} INFO - Filling up the DagBag from /opt/airflow/dags/dk_energy_data_dag.py
[2024-11-17T09:21:05.919+0000] {processor.py:925} INFO - DAG(s) 'fetch_and_store_danish_energy_data_v4' retrieved from /opt/airflow/dags/dk_energy_data_dag.py
[2024-11-17T09:21:05.972+0000] {logging_mixin.py:190} INFO - [2024-11-17T09:21:05.971+0000] {dag.py:3239} INFO - Sync 1 DAGs
[2024-11-17T09:21:06.035+0000] {logging_mixin.py:190} INFO - [2024-11-17T09:21:06.034+0000] {dag.py:4180} INFO - Setting next_dagrun for fetch_and_store_danish_energy_data_v4 to 2024-11-16 00:00:00+00:00, run_after=2024-11-17 00:00:00+00:00
[2024-11-17T09:21:06.092+0000] {processor.py:208} INFO - Processing /opt/airflow/dags/dk_energy_data_dag.py took 0.250 seconds
[2024-11-17T09:21:37.417+0000] {processor.py:186} INFO - Started process (PID=3074) to work on /opt/airflow/dags/dk_energy_data_dag.py
[2024-11-17T09:21:37.421+0000] {processor.py:914} INFO - Processing file /opt/airflow/dags/dk_energy_data_dag.py for tasks to queue
[2024-11-17T09:21:37.430+0000] {logging_mixin.py:190} INFO - [2024-11-17T09:21:37.428+0000] {dagbag.py:588} INFO - Filling up the DagBag from /opt/airflow/dags/dk_energy_data_dag.py
[2024-11-17T09:21:37.492+0000] {processor.py:925} INFO - DAG(s) 'fetch_and_store_danish_energy_data_v4' retrieved from /opt/airflow/dags/dk_energy_data_dag.py
[2024-11-17T09:21:37.556+0000] {logging_mixin.py:190} INFO - [2024-11-17T09:21:37.555+0000] {dag.py:3239} INFO - Sync 1 DAGs
[2024-11-17T09:21:38.065+0000] {logging_mixin.py:190} INFO - [2024-11-17T09:21:38.064+0000] {dag.py:4180} INFO - Setting next_dagrun for fetch_and_store_danish_energy_data_v4 to 2024-11-16 00:00:00+00:00, run_after=2024-11-17 00:00:00+00:00
[2024-11-17T09:21:38.115+0000] {processor.py:208} INFO - Processing /opt/airflow/dags/dk_energy_data_dag.py took 0.717 seconds
[2024-11-17T09:22:09.206+0000] {processor.py:186} INFO - Started process (PID=3141) to work on /opt/airflow/dags/dk_energy_data_dag.py
[2024-11-17T09:22:09.210+0000] {processor.py:914} INFO - Processing file /opt/airflow/dags/dk_energy_data_dag.py for tasks to queue
[2024-11-17T09:22:09.217+0000] {logging_mixin.py:190} INFO - [2024-11-17T09:22:09.216+0000] {dagbag.py:588} INFO - Filling up the DagBag from /opt/airflow/dags/dk_energy_data_dag.py
[2024-11-17T09:22:09.273+0000] {processor.py:925} INFO - DAG(s) 'fetch_and_store_danish_energy_data_v4' retrieved from /opt/airflow/dags/dk_energy_data_dag.py
[2024-11-17T09:22:09.337+0000] {logging_mixin.py:190} INFO - [2024-11-17T09:22:09.336+0000] {dag.py:3239} INFO - Sync 1 DAGs
[2024-11-17T09:22:09.441+0000] {logging_mixin.py:190} INFO - [2024-11-17T09:22:09.440+0000] {dag.py:4180} INFO - Setting next_dagrun for fetch_and_store_danish_energy_data_v4 to 2024-11-16 00:00:00+00:00, run_after=2024-11-17 00:00:00+00:00
[2024-11-17T09:22:09.917+0000] {processor.py:208} INFO - Processing /opt/airflow/dags/dk_energy_data_dag.py took 0.729 seconds
[2024-11-17T09:22:40.940+0000] {processor.py:186} INFO - Started process (PID=3207) to work on /opt/airflow/dags/dk_energy_data_dag.py
[2024-11-17T09:22:40.943+0000] {processor.py:914} INFO - Processing file /opt/airflow/dags/dk_energy_data_dag.py for tasks to queue
[2024-11-17T09:22:40.949+0000] {logging_mixin.py:190} INFO - [2024-11-17T09:22:40.948+0000] {dagbag.py:588} INFO - Filling up the DagBag from /opt/airflow/dags/dk_energy_data_dag.py
[2024-11-17T09:22:41.004+0000] {processor.py:925} INFO - DAG(s) 'fetch_and_store_danish_energy_data_v4' retrieved from /opt/airflow/dags/dk_energy_data_dag.py
[2024-11-17T09:22:41.056+0000] {logging_mixin.py:190} INFO - [2024-11-17T09:22:41.056+0000] {dag.py:3239} INFO - Sync 1 DAGs
[2024-11-17T09:22:41.118+0000] {logging_mixin.py:190} INFO - [2024-11-17T09:22:41.117+0000] {dag.py:4180} INFO - Setting next_dagrun for fetch_and_store_danish_energy_data_v4 to 2024-11-16 00:00:00+00:00, run_after=2024-11-17 00:00:00+00:00
[2024-11-17T09:22:41.175+0000] {processor.py:208} INFO - Processing /opt/airflow/dags/dk_energy_data_dag.py took 0.253 seconds
[2024-11-17T09:23:11.770+0000] {processor.py:186} INFO - Started process (PID=3273) to work on /opt/airflow/dags/dk_energy_data_dag.py
[2024-11-17T09:23:11.774+0000] {processor.py:914} INFO - Processing file /opt/airflow/dags/dk_energy_data_dag.py for tasks to queue
[2024-11-17T09:23:11.787+0000] {logging_mixin.py:190} INFO - [2024-11-17T09:23:11.785+0000] {dagbag.py:588} INFO - Filling up the DagBag from /opt/airflow/dags/dk_energy_data_dag.py
[2024-11-17T09:23:11.859+0000] {processor.py:925} INFO - DAG(s) 'fetch_and_store_danish_energy_data_v4' retrieved from /opt/airflow/dags/dk_energy_data_dag.py
[2024-11-17T09:23:11.933+0000] {logging_mixin.py:190} INFO - [2024-11-17T09:23:11.932+0000] {dag.py:3239} INFO - Sync 1 DAGs
[2024-11-17T09:23:12.001+0000] {logging_mixin.py:190} INFO - [2024-11-17T09:23:12.000+0000] {dag.py:4180} INFO - Setting next_dagrun for fetch_and_store_danish_energy_data_v4 to 2024-11-16 00:00:00+00:00, run_after=2024-11-17 00:00:00+00:00
[2024-11-17T09:23:12.053+0000] {processor.py:208} INFO - Processing /opt/airflow/dags/dk_energy_data_dag.py took 0.308 seconds
[2024-11-17T09:23:42.530+0000] {processor.py:186} INFO - Started process (PID=3339) to work on /opt/airflow/dags/dk_energy_data_dag.py
[2024-11-17T09:23:42.533+0000] {processor.py:914} INFO - Processing file /opt/airflow/dags/dk_energy_data_dag.py for tasks to queue
[2024-11-17T09:23:42.541+0000] {logging_mixin.py:190} INFO - [2024-11-17T09:23:42.540+0000] {dagbag.py:588} INFO - Filling up the DagBag from /opt/airflow/dags/dk_energy_data_dag.py
[2024-11-17T09:23:42.599+0000] {processor.py:925} INFO - DAG(s) 'fetch_and_store_danish_energy_data_v4' retrieved from /opt/airflow/dags/dk_energy_data_dag.py
[2024-11-17T09:23:42.652+0000] {logging_mixin.py:190} INFO - [2024-11-17T09:23:42.651+0000] {dag.py:3239} INFO - Sync 1 DAGs
[2024-11-17T09:23:42.717+0000] {logging_mixin.py:190} INFO - [2024-11-17T09:23:42.716+0000] {dag.py:4180} INFO - Setting next_dagrun for fetch_and_store_danish_energy_data_v4 to 2024-11-16 00:00:00+00:00, run_after=2024-11-17 00:00:00+00:00
[2024-11-17T09:23:42.771+0000] {processor.py:208} INFO - Processing /opt/airflow/dags/dk_energy_data_dag.py took 0.264 seconds
[2024-11-17T09:24:13.956+0000] {processor.py:186} INFO - Started process (PID=3412) to work on /opt/airflow/dags/dk_energy_data_dag.py
[2024-11-17T09:24:13.959+0000] {processor.py:914} INFO - Processing file /opt/airflow/dags/dk_energy_data_dag.py for tasks to queue
[2024-11-17T09:24:13.971+0000] {logging_mixin.py:190} INFO - [2024-11-17T09:24:13.969+0000] {dagbag.py:588} INFO - Filling up the DagBag from /opt/airflow/dags/dk_energy_data_dag.py
[2024-11-17T09:24:14.033+0000] {processor.py:925} INFO - DAG(s) 'fetch_and_store_danish_energy_data_v4' retrieved from /opt/airflow/dags/dk_energy_data_dag.py
[2024-11-17T09:24:14.094+0000] {logging_mixin.py:190} INFO - [2024-11-17T09:24:14.094+0000] {dag.py:3239} INFO - Sync 1 DAGs
[2024-11-17T09:24:14.163+0000] {logging_mixin.py:190} INFO - [2024-11-17T09:24:14.163+0000] {dag.py:4180} INFO - Setting next_dagrun for fetch_and_store_danish_energy_data_v4 to 2024-11-16 00:00:00+00:00, run_after=2024-11-17 00:00:00+00:00
[2024-11-17T09:24:14.215+0000] {processor.py:208} INFO - Processing /opt/airflow/dags/dk_energy_data_dag.py took 0.285 seconds
[2024-11-17T09:24:45.784+0000] {processor.py:186} INFO - Started process (PID=3479) to work on /opt/airflow/dags/dk_energy_data_dag.py
[2024-11-17T09:24:45.787+0000] {processor.py:914} INFO - Processing file /opt/airflow/dags/dk_energy_data_dag.py for tasks to queue
[2024-11-17T09:24:45.795+0000] {logging_mixin.py:190} INFO - [2024-11-17T09:24:45.794+0000] {dagbag.py:588} INFO - Filling up the DagBag from /opt/airflow/dags/dk_energy_data_dag.py
[2024-11-17T09:24:45.857+0000] {processor.py:925} INFO - DAG(s) 'fetch_and_store_danish_energy_data_v4' retrieved from /opt/airflow/dags/dk_energy_data_dag.py
[2024-11-17T09:24:45.927+0000] {logging_mixin.py:190} INFO - [2024-11-17T09:24:45.926+0000] {dag.py:3239} INFO - Sync 1 DAGs
[2024-11-17T09:24:45.999+0000] {logging_mixin.py:190} INFO - [2024-11-17T09:24:45.998+0000] {dag.py:4180} INFO - Setting next_dagrun for fetch_and_store_danish_energy_data_v4 to 2024-11-16 00:00:00+00:00, run_after=2024-11-17 00:00:00+00:00
[2024-11-17T09:24:46.049+0000] {processor.py:208} INFO - Processing /opt/airflow/dags/dk_energy_data_dag.py took 0.288 seconds
[2024-11-17T09:25:17.709+0000] {processor.py:186} INFO - Started process (PID=3547) to work on /opt/airflow/dags/dk_energy_data_dag.py
[2024-11-17T09:25:17.713+0000] {processor.py:914} INFO - Processing file /opt/airflow/dags/dk_energy_data_dag.py for tasks to queue
[2024-11-17T09:25:17.724+0000] {logging_mixin.py:190} INFO - [2024-11-17T09:25:17.723+0000] {dagbag.py:588} INFO - Filling up the DagBag from /opt/airflow/dags/dk_energy_data_dag.py
[2024-11-17T09:25:17.800+0000] {processor.py:925} INFO - DAG(s) 'fetch_and_store_danish_energy_data_v4' retrieved from /opt/airflow/dags/dk_energy_data_dag.py
[2024-11-17T09:25:17.892+0000] {logging_mixin.py:190} INFO - [2024-11-17T09:25:17.892+0000] {dag.py:3239} INFO - Sync 1 DAGs
[2024-11-17T09:25:17.989+0000] {logging_mixin.py:190} INFO - [2024-11-17T09:25:17.988+0000] {dag.py:4180} INFO - Setting next_dagrun for fetch_and_store_danish_energy_data_v4 to 2024-11-16 00:00:00+00:00, run_after=2024-11-17 00:00:00+00:00
[2024-11-17T09:25:18.056+0000] {processor.py:208} INFO - Processing /opt/airflow/dags/dk_energy_data_dag.py took 0.373 seconds
[2024-11-17T09:25:48.426+0000] {processor.py:186} INFO - Started process (PID=3612) to work on /opt/airflow/dags/dk_energy_data_dag.py
[2024-11-17T09:25:48.430+0000] {processor.py:914} INFO - Processing file /opt/airflow/dags/dk_energy_data_dag.py for tasks to queue
[2024-11-17T09:25:48.439+0000] {logging_mixin.py:190} INFO - [2024-11-17T09:25:48.437+0000] {dagbag.py:588} INFO - Filling up the DagBag from /opt/airflow/dags/dk_energy_data_dag.py
[2024-11-17T09:25:48.497+0000] {processor.py:925} INFO - DAG(s) 'fetch_and_store_danish_energy_data_v4' retrieved from /opt/airflow/dags/dk_energy_data_dag.py
[2024-11-17T09:25:48.568+0000] {logging_mixin.py:190} INFO - [2024-11-17T09:25:48.567+0000] {dag.py:3239} INFO - Sync 1 DAGs
[2024-11-17T09:25:48.662+0000] {logging_mixin.py:190} INFO - [2024-11-17T09:25:48.662+0000] {dag.py:4180} INFO - Setting next_dagrun for fetch_and_store_danish_energy_data_v4 to 2024-11-16 00:00:00+00:00, run_after=2024-11-17 00:00:00+00:00
[2024-11-17T09:25:48.734+0000] {processor.py:208} INFO - Processing /opt/airflow/dags/dk_energy_data_dag.py took 0.329 seconds
[2024-11-17T09:26:19.173+0000] {processor.py:186} INFO - Started process (PID=3678) to work on /opt/airflow/dags/dk_energy_data_dag.py
[2024-11-17T09:26:19.177+0000] {processor.py:914} INFO - Processing file /opt/airflow/dags/dk_energy_data_dag.py for tasks to queue
[2024-11-17T09:26:19.184+0000] {logging_mixin.py:190} INFO - [2024-11-17T09:26:19.183+0000] {dagbag.py:588} INFO - Filling up the DagBag from /opt/airflow/dags/dk_energy_data_dag.py
[2024-11-17T09:26:19.238+0000] {processor.py:925} INFO - DAG(s) 'fetch_and_store_danish_energy_data_v4' retrieved from /opt/airflow/dags/dk_energy_data_dag.py
[2024-11-17T09:26:19.296+0000] {logging_mixin.py:190} INFO - [2024-11-17T09:26:19.295+0000] {dag.py:3239} INFO - Sync 1 DAGs
[2024-11-17T09:26:19.388+0000] {logging_mixin.py:190} INFO - [2024-11-17T09:26:19.387+0000] {dag.py:4180} INFO - Setting next_dagrun for fetch_and_store_danish_energy_data_v4 to 2024-11-16 00:00:00+00:00, run_after=2024-11-17 00:00:00+00:00
[2024-11-17T09:26:19.461+0000] {processor.py:208} INFO - Processing /opt/airflow/dags/dk_energy_data_dag.py took 0.322 seconds
[2024-11-17T09:26:49.882+0000] {processor.py:186} INFO - Started process (PID=3744) to work on /opt/airflow/dags/dk_energy_data_dag.py
[2024-11-17T09:26:49.884+0000] {processor.py:914} INFO - Processing file /opt/airflow/dags/dk_energy_data_dag.py for tasks to queue
[2024-11-17T09:26:49.891+0000] {logging_mixin.py:190} INFO - [2024-11-17T09:26:49.890+0000] {dagbag.py:588} INFO - Filling up the DagBag from /opt/airflow/dags/dk_energy_data_dag.py
[2024-11-17T09:26:49.943+0000] {processor.py:925} INFO - DAG(s) 'fetch_and_store_danish_energy_data_v4' retrieved from /opt/airflow/dags/dk_energy_data_dag.py
[2024-11-17T09:26:50.016+0000] {logging_mixin.py:190} INFO - [2024-11-17T09:26:50.016+0000] {dag.py:3239} INFO - Sync 1 DAGs
[2024-11-17T09:26:50.126+0000] {logging_mixin.py:190} INFO - [2024-11-17T09:26:50.125+0000] {dag.py:4180} INFO - Setting next_dagrun for fetch_and_store_danish_energy_data_v4 to 2024-11-16 00:00:00+00:00, run_after=2024-11-17 00:00:00+00:00
[2024-11-17T09:26:50.202+0000] {processor.py:208} INFO - Processing /opt/airflow/dags/dk_energy_data_dag.py took 0.341 seconds
[2024-11-17T09:27:20.624+0000] {processor.py:186} INFO - Started process (PID=3809) to work on /opt/airflow/dags/dk_energy_data_dag.py
[2024-11-17T09:27:20.627+0000] {processor.py:914} INFO - Processing file /opt/airflow/dags/dk_energy_data_dag.py for tasks to queue
[2024-11-17T09:27:20.634+0000] {logging_mixin.py:190} INFO - [2024-11-17T09:27:20.633+0000] {dagbag.py:588} INFO - Filling up the DagBag from /opt/airflow/dags/dk_energy_data_dag.py
[2024-11-17T09:27:20.685+0000] {processor.py:925} INFO - DAG(s) 'fetch_and_store_danish_energy_data_v4' retrieved from /opt/airflow/dags/dk_energy_data_dag.py
[2024-11-17T09:27:20.735+0000] {logging_mixin.py:190} INFO - [2024-11-17T09:27:20.735+0000] {dag.py:3239} INFO - Sync 1 DAGs
[2024-11-17T09:27:20.803+0000] {logging_mixin.py:190} INFO - [2024-11-17T09:27:20.803+0000] {dag.py:4180} INFO - Setting next_dagrun for fetch_and_store_danish_energy_data_v4 to 2024-11-16 00:00:00+00:00, run_after=2024-11-17 00:00:00+00:00
[2024-11-17T09:27:20.863+0000] {processor.py:208} INFO - Processing /opt/airflow/dags/dk_energy_data_dag.py took 0.263 seconds
[2024-11-17T09:27:51.170+0000] {processor.py:186} INFO - Started process (PID=3875) to work on /opt/airflow/dags/dk_energy_data_dag.py
[2024-11-17T09:27:51.173+0000] {processor.py:914} INFO - Processing file /opt/airflow/dags/dk_energy_data_dag.py for tasks to queue
[2024-11-17T09:27:51.179+0000] {logging_mixin.py:190} INFO - [2024-11-17T09:27:51.178+0000] {dagbag.py:588} INFO - Filling up the DagBag from /opt/airflow/dags/dk_energy_data_dag.py
[2024-11-17T09:27:51.226+0000] {processor.py:925} INFO - DAG(s) 'fetch_and_store_danish_energy_data_v4' retrieved from /opt/airflow/dags/dk_energy_data_dag.py
[2024-11-17T09:27:51.276+0000] {logging_mixin.py:190} INFO - [2024-11-17T09:27:51.275+0000] {dag.py:3239} INFO - Sync 1 DAGs
[2024-11-17T09:27:51.339+0000] {logging_mixin.py:190} INFO - [2024-11-17T09:27:51.339+0000] {dag.py:4180} INFO - Setting next_dagrun for fetch_and_store_danish_energy_data_v4 to 2024-11-16 00:00:00+00:00, run_after=2024-11-17 00:00:00+00:00
[2024-11-17T09:27:51.396+0000] {processor.py:208} INFO - Processing /opt/airflow/dags/dk_energy_data_dag.py took 0.243 seconds
