[2024-11-17T08:57:38.345+0000] {processor.py:186} INFO - Started process (PID=68) to work on /opt/airflow/dags/views_refresh_dag.py
[2024-11-17T08:57:38.348+0000] {processor.py:914} INFO - Processing file /opt/airflow/dags/views_refresh_dag.py for tasks to queue
[2024-11-17T08:57:38.370+0000] {logging_mixin.py:190} INFO - [2024-11-17T08:57:38.369+0000] {dagbag.py:588} INFO - Filling up the DagBag from /opt/airflow/dags/views_refresh_dag.py
[2024-11-17T08:57:38.449+0000] {processor.py:925} INFO - DAG(s) 'refresh_views_daily' retrieved from /opt/airflow/dags/views_refresh_dag.py
[2024-11-17T08:57:39.768+0000] {logging_mixin.py:190} INFO - [2024-11-17T08:57:39.765+0000] {override.py:1911} INFO - Created Permission View: can delete on DAG:refresh_views_daily
[2024-11-17T08:57:39.857+0000] {logging_mixin.py:190} INFO - [2024-11-17T08:57:39.856+0000] {override.py:1911} INFO - Created Permission View: can edit on DAG:refresh_views_daily
[2024-11-17T08:57:39.898+0000] {logging_mixin.py:190} INFO - [2024-11-17T08:57:39.897+0000] {override.py:1911} INFO - Created Permission View: can read on DAG:refresh_views_daily
[2024-11-17T08:57:39.937+0000] {logging_mixin.py:190} INFO - [2024-11-17T08:57:39.937+0000] {override.py:1911} INFO - Created Permission View: can delete on DAG Run:refresh_views_daily
[2024-11-17T08:57:39.981+0000] {logging_mixin.py:190} INFO - [2024-11-17T08:57:39.980+0000] {override.py:1911} INFO - Created Permission View: menu access on DAG Run:refresh_views_daily
[2024-11-17T08:57:40.013+0000] {logging_mixin.py:190} INFO - [2024-11-17T08:57:40.012+0000] {override.py:1911} INFO - Created Permission View: can create on DAG Run:refresh_views_daily
[2024-11-17T08:57:40.041+0000] {logging_mixin.py:190} INFO - [2024-11-17T08:57:40.040+0000] {override.py:1911} INFO - Created Permission View: can read on DAG Run:refresh_views_daily
[2024-11-17T08:57:40.043+0000] {logging_mixin.py:190} INFO - [2024-11-17T08:57:40.042+0000] {dag.py:3239} INFO - Sync 1 DAGs
[2024-11-17T08:57:40.097+0000] {logging_mixin.py:190} INFO - [2024-11-17T08:57:40.096+0000] {dag.py:3262} INFO - Creating ORM DAG for refresh_views_daily
[2024-11-17T08:57:40.147+0000] {logging_mixin.py:190} INFO - [2024-11-17T08:57:40.146+0000] {dag.py:4180} INFO - Setting next_dagrun for refresh_views_daily to 2024-11-16 00:00:00+00:00, run_after=2024-11-17 00:00:00+00:00
[2024-11-17T08:57:40.294+0000] {processor.py:208} INFO - Processing /opt/airflow/dags/views_refresh_dag.py took 1.981 seconds
[2024-11-17T08:58:16.574+0000] {processor.py:186} INFO - Started process (PID=135) to work on /opt/airflow/dags/views_refresh_dag.py
[2024-11-17T08:58:16.577+0000] {processor.py:914} INFO - Processing file /opt/airflow/dags/views_refresh_dag.py for tasks to queue
[2024-11-17T08:58:16.586+0000] {logging_mixin.py:190} INFO - [2024-11-17T08:58:16.585+0000] {dagbag.py:588} INFO - Filling up the DagBag from /opt/airflow/dags/views_refresh_dag.py
[2024-11-17T08:58:16.647+0000] {processor.py:925} INFO - DAG(s) 'refresh_views_daily' retrieved from /opt/airflow/dags/views_refresh_dag.py
[2024-11-17T08:58:16.706+0000] {logging_mixin.py:190} INFO - [2024-11-17T08:58:16.706+0000] {dag.py:3239} INFO - Sync 1 DAGs
[2024-11-17T08:58:16.775+0000] {logging_mixin.py:190} INFO - [2024-11-17T08:58:16.774+0000] {dag.py:4180} INFO - Setting next_dagrun for refresh_views_daily to 2024-11-16 00:00:00+00:00, run_after=2024-11-17 00:00:00+00:00
[2024-11-17T08:58:16.825+0000] {processor.py:208} INFO - Processing /opt/airflow/dags/views_refresh_dag.py took 0.273 seconds
[2024-11-17T08:58:50.606+0000] {processor.py:186} INFO - Started process (PID=193) to work on /opt/airflow/dags/views_refresh_dag.py
[2024-11-17T08:58:50.609+0000] {processor.py:914} INFO - Processing file /opt/airflow/dags/views_refresh_dag.py for tasks to queue
[2024-11-17T08:58:50.615+0000] {logging_mixin.py:190} INFO - [2024-11-17T08:58:50.614+0000] {dagbag.py:588} INFO - Filling up the DagBag from /opt/airflow/dags/views_refresh_dag.py
[2024-11-17T08:58:50.677+0000] {processor.py:925} INFO - DAG(s) 'refresh_views_daily' retrieved from /opt/airflow/dags/views_refresh_dag.py
[2024-11-17T08:58:50.737+0000] {logging_mixin.py:190} INFO - [2024-11-17T08:58:50.736+0000] {dag.py:3239} INFO - Sync 1 DAGs
[2024-11-17T08:58:50.815+0000] {logging_mixin.py:190} INFO - [2024-11-17T08:58:50.814+0000] {dag.py:4180} INFO - Setting next_dagrun for refresh_views_daily to 2024-11-16 00:00:00+00:00, run_after=2024-11-17 00:00:00+00:00
[2024-11-17T08:58:50.894+0000] {processor.py:208} INFO - Processing /opt/airflow/dags/views_refresh_dag.py took 0.305 seconds
[2024-11-17T08:59:27.921+0000] {processor.py:186} INFO - Started process (PID=256) to work on /opt/airflow/dags/views_refresh_dag.py
[2024-11-17T08:59:27.924+0000] {processor.py:914} INFO - Processing file /opt/airflow/dags/views_refresh_dag.py for tasks to queue
[2024-11-17T08:59:27.930+0000] {logging_mixin.py:190} INFO - [2024-11-17T08:59:27.929+0000] {dagbag.py:588} INFO - Filling up the DagBag from /opt/airflow/dags/views_refresh_dag.py
[2024-11-17T08:59:27.988+0000] {processor.py:925} INFO - DAG(s) 'refresh_views_daily' retrieved from /opt/airflow/dags/views_refresh_dag.py
[2024-11-17T08:59:28.045+0000] {logging_mixin.py:190} INFO - [2024-11-17T08:59:28.045+0000] {dag.py:3239} INFO - Sync 1 DAGs
[2024-11-17T08:59:28.147+0000] {logging_mixin.py:190} INFO - [2024-11-17T08:59:28.146+0000] {dag.py:4180} INFO - Setting next_dagrun for refresh_views_daily to 2024-11-16 00:00:00+00:00, run_after=2024-11-17 00:00:00+00:00
[2024-11-17T08:59:28.230+0000] {processor.py:208} INFO - Processing /opt/airflow/dags/views_refresh_dag.py took 0.325 seconds
[2024-11-17T08:59:58.408+0000] {processor.py:186} INFO - Started process (PID=323) to work on /opt/airflow/dags/views_refresh_dag.py
[2024-11-17T08:59:58.411+0000] {processor.py:914} INFO - Processing file /opt/airflow/dags/views_refresh_dag.py for tasks to queue
[2024-11-17T08:59:58.420+0000] {logging_mixin.py:190} INFO - [2024-11-17T08:59:58.418+0000] {dagbag.py:588} INFO - Filling up the DagBag from /opt/airflow/dags/views_refresh_dag.py
[2024-11-17T08:59:58.487+0000] {processor.py:925} INFO - DAG(s) 'refresh_views_daily' retrieved from /opt/airflow/dags/views_refresh_dag.py
[2024-11-17T08:59:58.585+0000] {logging_mixin.py:190} INFO - [2024-11-17T08:59:58.584+0000] {dag.py:3239} INFO - Sync 1 DAGs
[2024-11-17T08:59:58.670+0000] {logging_mixin.py:190} INFO - [2024-11-17T08:59:58.669+0000] {dag.py:4180} INFO - Setting next_dagrun for refresh_views_daily to 2024-11-16 00:00:00+00:00, run_after=2024-11-17 00:00:00+00:00
[2024-11-17T08:59:58.753+0000] {processor.py:208} INFO - Processing /opt/airflow/dags/views_refresh_dag.py took 0.368 seconds
[2024-11-17T09:00:29.500+0000] {processor.py:186} INFO - Started process (PID=389) to work on /opt/airflow/dags/views_refresh_dag.py
[2024-11-17T09:00:29.503+0000] {processor.py:914} INFO - Processing file /opt/airflow/dags/views_refresh_dag.py for tasks to queue
[2024-11-17T09:00:29.513+0000] {logging_mixin.py:190} INFO - [2024-11-17T09:00:29.511+0000] {dagbag.py:588} INFO - Filling up the DagBag from /opt/airflow/dags/views_refresh_dag.py
[2024-11-17T09:00:29.574+0000] {processor.py:925} INFO - DAG(s) 'refresh_views_daily' retrieved from /opt/airflow/dags/views_refresh_dag.py
[2024-11-17T09:00:29.639+0000] {logging_mixin.py:190} INFO - [2024-11-17T09:00:29.638+0000] {dag.py:3239} INFO - Sync 1 DAGs
[2024-11-17T09:00:29.715+0000] {logging_mixin.py:190} INFO - [2024-11-17T09:00:29.714+0000] {dag.py:4180} INFO - Setting next_dagrun for refresh_views_daily to 2024-11-16 00:00:00+00:00, run_after=2024-11-17 00:00:00+00:00
[2024-11-17T09:00:29.783+0000] {processor.py:208} INFO - Processing /opt/airflow/dags/views_refresh_dag.py took 0.310 seconds
[2024-11-17T09:01:00.670+0000] {processor.py:186} INFO - Started process (PID=445) to work on /opt/airflow/dags/views_refresh_dag.py
[2024-11-17T09:01:00.674+0000] {processor.py:914} INFO - Processing file /opt/airflow/dags/views_refresh_dag.py for tasks to queue
[2024-11-17T09:01:00.684+0000] {logging_mixin.py:190} INFO - [2024-11-17T09:01:00.683+0000] {dagbag.py:588} INFO - Filling up the DagBag from /opt/airflow/dags/views_refresh_dag.py
[2024-11-17T09:01:00.748+0000] {processor.py:925} INFO - DAG(s) 'refresh_views_daily' retrieved from /opt/airflow/dags/views_refresh_dag.py
[2024-11-17T09:01:00.828+0000] {logging_mixin.py:190} INFO - [2024-11-17T09:01:00.827+0000] {dag.py:3239} INFO - Sync 1 DAGs
[2024-11-17T09:01:00.926+0000] {logging_mixin.py:190} INFO - [2024-11-17T09:01:00.925+0000] {dag.py:4180} INFO - Setting next_dagrun for refresh_views_daily to 2024-11-16 00:00:00+00:00, run_after=2024-11-17 00:00:00+00:00
[2024-11-17T09:01:00.981+0000] {processor.py:208} INFO - Processing /opt/airflow/dags/views_refresh_dag.py took 0.335 seconds
[2024-11-17T09:01:32.378+0000] {processor.py:186} INFO - Started process (PID=507) to work on /opt/airflow/dags/views_refresh_dag.py
[2024-11-17T09:01:32.381+0000] {processor.py:914} INFO - Processing file /opt/airflow/dags/views_refresh_dag.py for tasks to queue
[2024-11-17T09:01:32.387+0000] {logging_mixin.py:190} INFO - [2024-11-17T09:01:32.386+0000] {dagbag.py:588} INFO - Filling up the DagBag from /opt/airflow/dags/views_refresh_dag.py
[2024-11-17T09:01:32.444+0000] {processor.py:925} INFO - DAG(s) 'refresh_views_daily' retrieved from /opt/airflow/dags/views_refresh_dag.py
[2024-11-17T09:01:32.501+0000] {logging_mixin.py:190} INFO - [2024-11-17T09:01:32.500+0000] {dag.py:3239} INFO - Sync 1 DAGs
[2024-11-17T09:01:32.570+0000] {logging_mixin.py:190} INFO - [2024-11-17T09:01:32.569+0000] {dag.py:4180} INFO - Setting next_dagrun for refresh_views_daily to 2024-11-16 00:00:00+00:00, run_after=2024-11-17 00:00:00+00:00
[2024-11-17T09:01:32.656+0000] {processor.py:208} INFO - Processing /opt/airflow/dags/views_refresh_dag.py took 0.295 seconds
[2024-11-17T09:02:04.996+0000] {processor.py:186} INFO - Started process (PID=573) to work on /opt/airflow/dags/views_refresh_dag.py
[2024-11-17T09:02:04.998+0000] {processor.py:914} INFO - Processing file /opt/airflow/dags/views_refresh_dag.py for tasks to queue
[2024-11-17T09:02:05.005+0000] {logging_mixin.py:190} INFO - [2024-11-17T09:02:05.004+0000] {dagbag.py:588} INFO - Filling up the DagBag from /opt/airflow/dags/views_refresh_dag.py
[2024-11-17T09:02:05.060+0000] {processor.py:925} INFO - DAG(s) 'refresh_views_daily' retrieved from /opt/airflow/dags/views_refresh_dag.py
[2024-11-17T09:02:05.122+0000] {logging_mixin.py:190} INFO - [2024-11-17T09:02:05.121+0000] {dag.py:3239} INFO - Sync 1 DAGs
[2024-11-17T09:02:05.233+0000] {logging_mixin.py:190} INFO - [2024-11-17T09:02:05.232+0000] {dag.py:4180} INFO - Setting next_dagrun for refresh_views_daily to 2024-11-16 00:00:00+00:00, run_after=2024-11-17 00:00:00+00:00
[2024-11-17T09:02:05.305+0000] {processor.py:208} INFO - Processing /opt/airflow/dags/views_refresh_dag.py took 0.326 seconds
[2024-11-17T09:02:38.232+0000] {processor.py:186} INFO - Started process (PID=645) to work on /opt/airflow/dags/views_refresh_dag.py
[2024-11-17T09:02:38.235+0000] {processor.py:914} INFO - Processing file /opt/airflow/dags/views_refresh_dag.py for tasks to queue
[2024-11-17T09:02:38.241+0000] {logging_mixin.py:190} INFO - [2024-11-17T09:02:38.241+0000] {dagbag.py:588} INFO - Filling up the DagBag from /opt/airflow/dags/views_refresh_dag.py
[2024-11-17T09:02:38.295+0000] {processor.py:925} INFO - DAG(s) 'refresh_views_daily' retrieved from /opt/airflow/dags/views_refresh_dag.py
[2024-11-17T09:02:38.360+0000] {logging_mixin.py:190} INFO - [2024-11-17T09:02:38.359+0000] {dag.py:3239} INFO - Sync 1 DAGs
[2024-11-17T09:02:38.435+0000] {logging_mixin.py:190} INFO - [2024-11-17T09:02:38.435+0000] {dag.py:4180} INFO - Setting next_dagrun for refresh_views_daily to 2024-11-16 00:00:00+00:00, run_after=2024-11-17 00:00:00+00:00
[2024-11-17T09:02:38.500+0000] {processor.py:208} INFO - Processing /opt/airflow/dags/views_refresh_dag.py took 0.285 seconds
[2024-11-17T09:03:10.768+0000] {processor.py:186} INFO - Started process (PID=711) to work on /opt/airflow/dags/views_refresh_dag.py
[2024-11-17T09:03:10.771+0000] {processor.py:914} INFO - Processing file /opt/airflow/dags/views_refresh_dag.py for tasks to queue
[2024-11-17T09:03:10.777+0000] {logging_mixin.py:190} INFO - [2024-11-17T09:03:10.776+0000] {dagbag.py:588} INFO - Filling up the DagBag from /opt/airflow/dags/views_refresh_dag.py
[2024-11-17T09:03:10.834+0000] {processor.py:925} INFO - DAG(s) 'refresh_views_daily' retrieved from /opt/airflow/dags/views_refresh_dag.py
[2024-11-17T09:03:10.897+0000] {logging_mixin.py:190} INFO - [2024-11-17T09:03:10.894+0000] {dag.py:3239} INFO - Sync 1 DAGs
[2024-11-17T09:03:10.985+0000] {logging_mixin.py:190} INFO - [2024-11-17T09:03:10.985+0000] {dag.py:4180} INFO - Setting next_dagrun for refresh_views_daily to 2024-11-16 00:00:00+00:00, run_after=2024-11-17 00:00:00+00:00
[2024-11-17T09:03:11.037+0000] {processor.py:208} INFO - Processing /opt/airflow/dags/views_refresh_dag.py took 0.290 seconds
[2024-11-17T09:03:41.897+0000] {processor.py:186} INFO - Started process (PID=775) to work on /opt/airflow/dags/views_refresh_dag.py
[2024-11-17T09:03:41.899+0000] {processor.py:914} INFO - Processing file /opt/airflow/dags/views_refresh_dag.py for tasks to queue
[2024-11-17T09:03:41.908+0000] {logging_mixin.py:190} INFO - [2024-11-17T09:03:41.907+0000] {dagbag.py:588} INFO - Filling up the DagBag from /opt/airflow/dags/views_refresh_dag.py
[2024-11-17T09:03:41.967+0000] {processor.py:925} INFO - DAG(s) 'refresh_views_daily' retrieved from /opt/airflow/dags/views_refresh_dag.py
[2024-11-17T09:03:42.029+0000] {logging_mixin.py:190} INFO - [2024-11-17T09:03:42.029+0000] {dag.py:3239} INFO - Sync 1 DAGs
[2024-11-17T09:03:42.104+0000] {logging_mixin.py:190} INFO - [2024-11-17T09:03:42.104+0000] {dag.py:4180} INFO - Setting next_dagrun for refresh_views_daily to 2024-11-16 00:00:00+00:00, run_after=2024-11-17 00:00:00+00:00
[2024-11-17T09:03:42.158+0000] {processor.py:208} INFO - Processing /opt/airflow/dags/views_refresh_dag.py took 0.279 seconds
[2024-11-17T09:04:12.763+0000] {processor.py:186} INFO - Started process (PID=840) to work on /opt/airflow/dags/views_refresh_dag.py
[2024-11-17T09:04:12.766+0000] {processor.py:914} INFO - Processing file /opt/airflow/dags/views_refresh_dag.py for tasks to queue
[2024-11-17T09:04:12.774+0000] {logging_mixin.py:190} INFO - [2024-11-17T09:04:12.773+0000] {dagbag.py:588} INFO - Filling up the DagBag from /opt/airflow/dags/views_refresh_dag.py
[2024-11-17T09:04:12.828+0000] {processor.py:925} INFO - DAG(s) 'refresh_views_daily' retrieved from /opt/airflow/dags/views_refresh_dag.py
[2024-11-17T09:04:12.881+0000] {logging_mixin.py:190} INFO - [2024-11-17T09:04:12.881+0000] {dag.py:3239} INFO - Sync 1 DAGs
[2024-11-17T09:04:12.950+0000] {logging_mixin.py:190} INFO - [2024-11-17T09:04:12.949+0000] {dag.py:4180} INFO - Setting next_dagrun for refresh_views_daily to 2024-11-16 00:00:00+00:00, run_after=2024-11-17 00:00:00+00:00
[2024-11-17T09:04:13.003+0000] {processor.py:208} INFO - Processing /opt/airflow/dags/views_refresh_dag.py took 0.256 seconds
[2024-11-17T09:04:43.471+0000] {processor.py:186} INFO - Started process (PID=906) to work on /opt/airflow/dags/views_refresh_dag.py
[2024-11-17T09:04:43.474+0000] {processor.py:914} INFO - Processing file /opt/airflow/dags/views_refresh_dag.py for tasks to queue
[2024-11-17T09:04:43.481+0000] {logging_mixin.py:190} INFO - [2024-11-17T09:04:43.480+0000] {dagbag.py:588} INFO - Filling up the DagBag from /opt/airflow/dags/views_refresh_dag.py
[2024-11-17T09:04:43.540+0000] {processor.py:925} INFO - DAG(s) 'refresh_views_daily' retrieved from /opt/airflow/dags/views_refresh_dag.py
[2024-11-17T09:04:43.592+0000] {logging_mixin.py:190} INFO - [2024-11-17T09:04:43.591+0000] {dag.py:3239} INFO - Sync 1 DAGs
[2024-11-17T09:04:43.654+0000] {logging_mixin.py:190} INFO - [2024-11-17T09:04:43.653+0000] {dag.py:4180} INFO - Setting next_dagrun for refresh_views_daily to 2024-11-16 00:00:00+00:00, run_after=2024-11-17 00:00:00+00:00
[2024-11-17T09:04:43.717+0000] {processor.py:208} INFO - Processing /opt/airflow/dags/views_refresh_dag.py took 0.270 seconds
[2024-11-17T09:05:14.205+0000] {processor.py:186} INFO - Started process (PID=972) to work on /opt/airflow/dags/views_refresh_dag.py
[2024-11-17T09:05:14.209+0000] {processor.py:914} INFO - Processing file /opt/airflow/dags/views_refresh_dag.py for tasks to queue
[2024-11-17T09:05:14.221+0000] {logging_mixin.py:190} INFO - [2024-11-17T09:05:14.219+0000] {dagbag.py:588} INFO - Filling up the DagBag from /opt/airflow/dags/views_refresh_dag.py
[2024-11-17T09:05:14.280+0000] {processor.py:925} INFO - DAG(s) 'refresh_views_daily' retrieved from /opt/airflow/dags/views_refresh_dag.py
[2024-11-17T09:05:14.346+0000] {logging_mixin.py:190} INFO - [2024-11-17T09:05:14.345+0000] {dag.py:3239} INFO - Sync 1 DAGs
[2024-11-17T09:05:14.434+0000] {logging_mixin.py:190} INFO - [2024-11-17T09:05:14.431+0000] {dag.py:4180} INFO - Setting next_dagrun for refresh_views_daily to 2024-11-16 00:00:00+00:00, run_after=2024-11-17 00:00:00+00:00
[2024-11-17T09:05:14.510+0000] {processor.py:208} INFO - Processing /opt/airflow/dags/views_refresh_dag.py took 0.328 seconds
[2024-11-17T09:05:44.941+0000] {processor.py:186} INFO - Started process (PID=1038) to work on /opt/airflow/dags/views_refresh_dag.py
[2024-11-17T09:05:44.943+0000] {processor.py:914} INFO - Processing file /opt/airflow/dags/views_refresh_dag.py for tasks to queue
[2024-11-17T09:05:44.952+0000] {logging_mixin.py:190} INFO - [2024-11-17T09:05:44.951+0000] {dagbag.py:588} INFO - Filling up the DagBag from /opt/airflow/dags/views_refresh_dag.py
[2024-11-17T09:05:45.021+0000] {processor.py:925} INFO - DAG(s) 'refresh_views_daily' retrieved from /opt/airflow/dags/views_refresh_dag.py
[2024-11-17T09:05:45.084+0000] {logging_mixin.py:190} INFO - [2024-11-17T09:05:45.083+0000] {dag.py:3239} INFO - Sync 1 DAGs
[2024-11-17T09:05:45.166+0000] {logging_mixin.py:190} INFO - [2024-11-17T09:05:45.166+0000] {dag.py:4180} INFO - Setting next_dagrun for refresh_views_daily to 2024-11-16 00:00:00+00:00, run_after=2024-11-17 00:00:00+00:00
[2024-11-17T09:05:45.222+0000] {processor.py:208} INFO - Processing /opt/airflow/dags/views_refresh_dag.py took 0.298 seconds
[2024-11-17T09:06:15.610+0000] {processor.py:186} INFO - Started process (PID=1104) to work on /opt/airflow/dags/views_refresh_dag.py
[2024-11-17T09:06:15.612+0000] {processor.py:914} INFO - Processing file /opt/airflow/dags/views_refresh_dag.py for tasks to queue
[2024-11-17T09:06:15.620+0000] {logging_mixin.py:190} INFO - [2024-11-17T09:06:15.619+0000] {dagbag.py:588} INFO - Filling up the DagBag from /opt/airflow/dags/views_refresh_dag.py
[2024-11-17T09:06:15.682+0000] {processor.py:925} INFO - DAG(s) 'refresh_views_daily' retrieved from /opt/airflow/dags/views_refresh_dag.py
[2024-11-17T09:06:15.736+0000] {logging_mixin.py:190} INFO - [2024-11-17T09:06:15.736+0000] {dag.py:3239} INFO - Sync 1 DAGs
[2024-11-17T09:06:15.798+0000] {logging_mixin.py:190} INFO - [2024-11-17T09:06:15.798+0000] {dag.py:4180} INFO - Setting next_dagrun for refresh_views_daily to 2024-11-16 00:00:00+00:00, run_after=2024-11-17 00:00:00+00:00
[2024-11-17T09:06:15.849+0000] {processor.py:208} INFO - Processing /opt/airflow/dags/views_refresh_dag.py took 0.257 seconds
[2024-11-17T09:06:46.025+0000] {processor.py:186} INFO - Started process (PID=1170) to work on /opt/airflow/dags/views_refresh_dag.py
[2024-11-17T09:06:46.028+0000] {processor.py:914} INFO - Processing file /opt/airflow/dags/views_refresh_dag.py for tasks to queue
[2024-11-17T09:06:46.037+0000] {logging_mixin.py:190} INFO - [2024-11-17T09:06:46.035+0000] {dagbag.py:588} INFO - Filling up the DagBag from /opt/airflow/dags/views_refresh_dag.py
[2024-11-17T09:06:46.094+0000] {processor.py:925} INFO - DAG(s) 'refresh_views_daily' retrieved from /opt/airflow/dags/views_refresh_dag.py
[2024-11-17T09:06:46.157+0000] {logging_mixin.py:190} INFO - [2024-11-17T09:06:46.156+0000] {dag.py:3239} INFO - Sync 1 DAGs
[2024-11-17T09:06:46.226+0000] {logging_mixin.py:190} INFO - [2024-11-17T09:06:46.226+0000] {dag.py:4180} INFO - Setting next_dagrun for refresh_views_daily to 2024-11-16 00:00:00+00:00, run_after=2024-11-17 00:00:00+00:00
[2024-11-17T09:06:46.290+0000] {processor.py:208} INFO - Processing /opt/airflow/dags/views_refresh_dag.py took 0.284 seconds
[2024-11-17T09:07:16.644+0000] {processor.py:186} INFO - Started process (PID=1237) to work on /opt/airflow/dags/views_refresh_dag.py
[2024-11-17T09:07:16.648+0000] {processor.py:914} INFO - Processing file /opt/airflow/dags/views_refresh_dag.py for tasks to queue
[2024-11-17T09:07:16.659+0000] {logging_mixin.py:190} INFO - [2024-11-17T09:07:16.657+0000] {dagbag.py:588} INFO - Filling up the DagBag from /opt/airflow/dags/views_refresh_dag.py
[2024-11-17T09:07:16.746+0000] {processor.py:925} INFO - DAG(s) 'refresh_views_daily' retrieved from /opt/airflow/dags/views_refresh_dag.py
[2024-11-17T09:07:16.833+0000] {logging_mixin.py:190} INFO - [2024-11-17T09:07:16.833+0000] {dag.py:3239} INFO - Sync 1 DAGs
[2024-11-17T09:07:16.945+0000] {logging_mixin.py:190} INFO - [2024-11-17T09:07:16.944+0000] {dag.py:4180} INFO - Setting next_dagrun for refresh_views_daily to 2024-11-16 00:00:00+00:00, run_after=2024-11-17 00:00:00+00:00
[2024-11-17T09:07:17.030+0000] {processor.py:208} INFO - Processing /opt/airflow/dags/views_refresh_dag.py took 0.405 seconds
[2024-11-17T09:07:47.939+0000] {processor.py:186} INFO - Started process (PID=1303) to work on /opt/airflow/dags/views_refresh_dag.py
[2024-11-17T09:07:47.941+0000] {processor.py:914} INFO - Processing file /opt/airflow/dags/views_refresh_dag.py for tasks to queue
[2024-11-17T09:07:47.948+0000] {logging_mixin.py:190} INFO - [2024-11-17T09:07:47.947+0000] {dagbag.py:588} INFO - Filling up the DagBag from /opt/airflow/dags/views_refresh_dag.py
[2024-11-17T09:07:48.009+0000] {processor.py:925} INFO - DAG(s) 'refresh_views_daily' retrieved from /opt/airflow/dags/views_refresh_dag.py
[2024-11-17T09:07:48.071+0000] {logging_mixin.py:190} INFO - [2024-11-17T09:07:48.071+0000] {dag.py:3239} INFO - Sync 1 DAGs
[2024-11-17T09:07:48.145+0000] {logging_mixin.py:190} INFO - [2024-11-17T09:07:48.145+0000] {dag.py:4180} INFO - Setting next_dagrun for refresh_views_daily to 2024-11-16 00:00:00+00:00, run_after=2024-11-17 00:00:00+00:00
[2024-11-17T09:07:48.205+0000] {processor.py:208} INFO - Processing /opt/airflow/dags/views_refresh_dag.py took 0.285 seconds
[2024-11-17T09:08:18.377+0000] {processor.py:186} INFO - Started process (PID=1368) to work on /opt/airflow/dags/views_refresh_dag.py
[2024-11-17T09:08:18.379+0000] {processor.py:914} INFO - Processing file /opt/airflow/dags/views_refresh_dag.py for tasks to queue
[2024-11-17T09:08:18.386+0000] {logging_mixin.py:190} INFO - [2024-11-17T09:08:18.385+0000] {dagbag.py:588} INFO - Filling up the DagBag from /opt/airflow/dags/views_refresh_dag.py
[2024-11-17T09:08:18.453+0000] {processor.py:925} INFO - DAG(s) 'refresh_views_daily' retrieved from /opt/airflow/dags/views_refresh_dag.py
[2024-11-17T09:08:18.506+0000] {logging_mixin.py:190} INFO - [2024-11-17T09:08:18.506+0000] {dag.py:3239} INFO - Sync 1 DAGs
[2024-11-17T09:08:18.570+0000] {logging_mixin.py:190} INFO - [2024-11-17T09:08:18.569+0000] {dag.py:4180} INFO - Setting next_dagrun for refresh_views_daily to 2024-11-16 00:00:00+00:00, run_after=2024-11-17 00:00:00+00:00
[2024-11-17T09:08:18.621+0000] {processor.py:208} INFO - Processing /opt/airflow/dags/views_refresh_dag.py took 0.261 seconds
[2024-11-17T09:08:49.776+0000] {processor.py:186} INFO - Started process (PID=1434) to work on /opt/airflow/dags/views_refresh_dag.py
[2024-11-17T09:08:49.779+0000] {processor.py:914} INFO - Processing file /opt/airflow/dags/views_refresh_dag.py for tasks to queue
[2024-11-17T09:08:49.786+0000] {logging_mixin.py:190} INFO - [2024-11-17T09:08:49.785+0000] {dagbag.py:588} INFO - Filling up the DagBag from /opt/airflow/dags/views_refresh_dag.py
[2024-11-17T09:08:49.843+0000] {processor.py:925} INFO - DAG(s) 'refresh_views_daily' retrieved from /opt/airflow/dags/views_refresh_dag.py
[2024-11-17T09:08:49.910+0000] {logging_mixin.py:190} INFO - [2024-11-17T09:08:49.909+0000] {dag.py:3239} INFO - Sync 1 DAGs
[2024-11-17T09:08:49.994+0000] {logging_mixin.py:190} INFO - [2024-11-17T09:08:49.993+0000] {dag.py:4180} INFO - Setting next_dagrun for refresh_views_daily to 2024-11-16 00:00:00+00:00, run_after=2024-11-17 00:00:00+00:00
[2024-11-17T09:08:50.072+0000] {processor.py:208} INFO - Processing /opt/airflow/dags/views_refresh_dag.py took 0.313 seconds
[2024-11-17T09:09:20.442+0000] {processor.py:186} INFO - Started process (PID=1499) to work on /opt/airflow/dags/views_refresh_dag.py
[2024-11-17T09:09:20.446+0000] {processor.py:914} INFO - Processing file /opt/airflow/dags/views_refresh_dag.py for tasks to queue
[2024-11-17T09:09:20.455+0000] {logging_mixin.py:190} INFO - [2024-11-17T09:09:20.453+0000] {dagbag.py:588} INFO - Filling up the DagBag from /opt/airflow/dags/views_refresh_dag.py
[2024-11-17T09:09:20.526+0000] {processor.py:925} INFO - DAG(s) 'refresh_views_daily' retrieved from /opt/airflow/dags/views_refresh_dag.py
[2024-11-17T09:09:20.583+0000] {logging_mixin.py:190} INFO - [2024-11-17T09:09:20.582+0000] {dag.py:3239} INFO - Sync 1 DAGs
[2024-11-17T09:09:20.647+0000] {logging_mixin.py:190} INFO - [2024-11-17T09:09:20.646+0000] {dag.py:4180} INFO - Setting next_dagrun for refresh_views_daily to 2024-11-16 00:00:00+00:00, run_after=2024-11-17 00:00:00+00:00
[2024-11-17T09:09:20.703+0000] {processor.py:208} INFO - Processing /opt/airflow/dags/views_refresh_dag.py took 0.283 seconds
[2024-11-17T09:09:51.395+0000] {processor.py:186} INFO - Started process (PID=1565) to work on /opt/airflow/dags/views_refresh_dag.py
[2024-11-17T09:09:51.400+0000] {processor.py:914} INFO - Processing file /opt/airflow/dags/views_refresh_dag.py for tasks to queue
[2024-11-17T09:09:51.414+0000] {logging_mixin.py:190} INFO - [2024-11-17T09:09:51.412+0000] {dagbag.py:588} INFO - Filling up the DagBag from /opt/airflow/dags/views_refresh_dag.py
[2024-11-17T09:09:51.474+0000] {processor.py:925} INFO - DAG(s) 'refresh_views_daily' retrieved from /opt/airflow/dags/views_refresh_dag.py
[2024-11-17T09:09:51.544+0000] {logging_mixin.py:190} INFO - [2024-11-17T09:09:51.543+0000] {dag.py:3239} INFO - Sync 1 DAGs
[2024-11-17T09:09:51.624+0000] {logging_mixin.py:190} INFO - [2024-11-17T09:09:51.623+0000] {dag.py:4180} INFO - Setting next_dagrun for refresh_views_daily to 2024-11-16 00:00:00+00:00, run_after=2024-11-17 00:00:00+00:00
[2024-11-17T09:09:51.692+0000] {processor.py:208} INFO - Processing /opt/airflow/dags/views_refresh_dag.py took 0.337 seconds
[2024-11-17T09:10:22.202+0000] {processor.py:186} INFO - Started process (PID=1631) to work on /opt/airflow/dags/views_refresh_dag.py
[2024-11-17T09:10:22.205+0000] {processor.py:914} INFO - Processing file /opt/airflow/dags/views_refresh_dag.py for tasks to queue
[2024-11-17T09:10:22.212+0000] {logging_mixin.py:190} INFO - [2024-11-17T09:10:22.211+0000] {dagbag.py:588} INFO - Filling up the DagBag from /opt/airflow/dags/views_refresh_dag.py
[2024-11-17T09:10:22.276+0000] {processor.py:925} INFO - DAG(s) 'refresh_views_daily' retrieved from /opt/airflow/dags/views_refresh_dag.py
[2024-11-17T09:10:22.345+0000] {logging_mixin.py:190} INFO - [2024-11-17T09:10:22.345+0000] {dag.py:3239} INFO - Sync 1 DAGs
[2024-11-17T09:10:22.432+0000] {logging_mixin.py:190} INFO - [2024-11-17T09:10:22.432+0000] {dag.py:4180} INFO - Setting next_dagrun for refresh_views_daily to 2024-11-16 00:00:00+00:00, run_after=2024-11-17 00:00:00+00:00
[2024-11-17T09:10:22.485+0000] {processor.py:208} INFO - Processing /opt/airflow/dags/views_refresh_dag.py took 0.302 seconds
[2024-11-17T09:10:52.972+0000] {processor.py:186} INFO - Started process (PID=1696) to work on /opt/airflow/dags/views_refresh_dag.py
[2024-11-17T09:10:52.975+0000] {processor.py:914} INFO - Processing file /opt/airflow/dags/views_refresh_dag.py for tasks to queue
[2024-11-17T09:10:52.982+0000] {logging_mixin.py:190} INFO - [2024-11-17T09:10:52.981+0000] {dagbag.py:588} INFO - Filling up the DagBag from /opt/airflow/dags/views_refresh_dag.py
[2024-11-17T09:10:53.044+0000] {processor.py:925} INFO - DAG(s) 'refresh_views_daily' retrieved from /opt/airflow/dags/views_refresh_dag.py
[2024-11-17T09:10:53.115+0000] {logging_mixin.py:190} INFO - [2024-11-17T09:10:53.114+0000] {dag.py:3239} INFO - Sync 1 DAGs
[2024-11-17T09:10:53.201+0000] {logging_mixin.py:190} INFO - [2024-11-17T09:10:53.201+0000] {dag.py:4180} INFO - Setting next_dagrun for refresh_views_daily to 2024-11-16 00:00:00+00:00, run_after=2024-11-17 00:00:00+00:00
[2024-11-17T09:10:53.259+0000] {processor.py:208} INFO - Processing /opt/airflow/dags/views_refresh_dag.py took 0.311 seconds
[2024-11-17T09:11:23.925+0000] {processor.py:186} INFO - Started process (PID=1762) to work on /opt/airflow/dags/views_refresh_dag.py
[2024-11-17T09:11:23.928+0000] {processor.py:914} INFO - Processing file /opt/airflow/dags/views_refresh_dag.py for tasks to queue
[2024-11-17T09:11:23.935+0000] {logging_mixin.py:190} INFO - [2024-11-17T09:11:23.934+0000] {dagbag.py:588} INFO - Filling up the DagBag from /opt/airflow/dags/views_refresh_dag.py
[2024-11-17T09:11:23.991+0000] {processor.py:925} INFO - DAG(s) 'refresh_views_daily' retrieved from /opt/airflow/dags/views_refresh_dag.py
[2024-11-17T09:11:24.049+0000] {logging_mixin.py:190} INFO - [2024-11-17T09:11:24.048+0000] {dag.py:3239} INFO - Sync 1 DAGs
[2024-11-17T09:11:24.116+0000] {logging_mixin.py:190} INFO - [2024-11-17T09:11:24.115+0000] {dag.py:4180} INFO - Setting next_dagrun for refresh_views_daily to 2024-11-16 00:00:00+00:00, run_after=2024-11-17 00:00:00+00:00
[2024-11-17T09:11:24.168+0000] {processor.py:208} INFO - Processing /opt/airflow/dags/views_refresh_dag.py took 0.261 seconds
[2024-11-17T09:11:54.366+0000] {processor.py:186} INFO - Started process (PID=1827) to work on /opt/airflow/dags/views_refresh_dag.py
[2024-11-17T09:11:54.369+0000] {processor.py:914} INFO - Processing file /opt/airflow/dags/views_refresh_dag.py for tasks to queue
[2024-11-17T09:11:54.377+0000] {logging_mixin.py:190} INFO - [2024-11-17T09:11:54.376+0000] {dagbag.py:588} INFO - Filling up the DagBag from /opt/airflow/dags/views_refresh_dag.py
[2024-11-17T09:11:54.446+0000] {processor.py:925} INFO - DAG(s) 'refresh_views_daily' retrieved from /opt/airflow/dags/views_refresh_dag.py
[2024-11-17T09:11:54.540+0000] {logging_mixin.py:190} INFO - [2024-11-17T09:11:54.539+0000] {dag.py:3239} INFO - Sync 1 DAGs
[2024-11-17T09:11:54.649+0000] {logging_mixin.py:190} INFO - [2024-11-17T09:11:54.648+0000] {dag.py:4180} INFO - Setting next_dagrun for refresh_views_daily to 2024-11-16 00:00:00+00:00, run_after=2024-11-17 00:00:00+00:00
[2024-11-17T09:11:54.724+0000] {processor.py:208} INFO - Processing /opt/airflow/dags/views_refresh_dag.py took 0.376 seconds
[2024-11-17T09:12:25.379+0000] {processor.py:186} INFO - Started process (PID=1893) to work on /opt/airflow/dags/views_refresh_dag.py
[2024-11-17T09:12:25.382+0000] {processor.py:914} INFO - Processing file /opt/airflow/dags/views_refresh_dag.py for tasks to queue
[2024-11-17T09:12:25.389+0000] {logging_mixin.py:190} INFO - [2024-11-17T09:12:25.388+0000] {dagbag.py:588} INFO - Filling up the DagBag from /opt/airflow/dags/views_refresh_dag.py
[2024-11-17T09:12:25.445+0000] {processor.py:925} INFO - DAG(s) 'refresh_views_daily' retrieved from /opt/airflow/dags/views_refresh_dag.py
[2024-11-17T09:12:25.514+0000] {logging_mixin.py:190} INFO - [2024-11-17T09:12:25.513+0000] {dag.py:3239} INFO - Sync 1 DAGs
[2024-11-17T09:12:25.619+0000] {logging_mixin.py:190} INFO - [2024-11-17T09:12:25.618+0000] {dag.py:4180} INFO - Setting next_dagrun for refresh_views_daily to 2024-11-16 00:00:00+00:00, run_after=2024-11-17 00:00:00+00:00
[2024-11-17T09:12:25.691+0000] {processor.py:208} INFO - Processing /opt/airflow/dags/views_refresh_dag.py took 0.330 seconds
[2024-11-17T09:12:55.847+0000] {processor.py:186} INFO - Started process (PID=1959) to work on /opt/airflow/dags/views_refresh_dag.py
[2024-11-17T09:12:55.850+0000] {processor.py:914} INFO - Processing file /opt/airflow/dags/views_refresh_dag.py for tasks to queue
[2024-11-17T09:12:55.856+0000] {logging_mixin.py:190} INFO - [2024-11-17T09:12:55.855+0000] {dagbag.py:588} INFO - Filling up the DagBag from /opt/airflow/dags/views_refresh_dag.py
[2024-11-17T09:12:55.906+0000] {processor.py:925} INFO - DAG(s) 'refresh_views_daily' retrieved from /opt/airflow/dags/views_refresh_dag.py
[2024-11-17T09:12:55.961+0000] {logging_mixin.py:190} INFO - [2024-11-17T09:12:55.960+0000] {dag.py:3239} INFO - Sync 1 DAGs
[2024-11-17T09:12:56.026+0000] {logging_mixin.py:190} INFO - [2024-11-17T09:12:56.025+0000] {dag.py:4180} INFO - Setting next_dagrun for refresh_views_daily to 2024-11-16 00:00:00+00:00, run_after=2024-11-17 00:00:00+00:00
[2024-11-17T09:12:56.078+0000] {processor.py:208} INFO - Processing /opt/airflow/dags/views_refresh_dag.py took 0.248 seconds
[2024-11-17T09:13:26.277+0000] {processor.py:186} INFO - Started process (PID=2024) to work on /opt/airflow/dags/views_refresh_dag.py
[2024-11-17T09:13:26.280+0000] {processor.py:914} INFO - Processing file /opt/airflow/dags/views_refresh_dag.py for tasks to queue
[2024-11-17T09:13:26.287+0000] {logging_mixin.py:190} INFO - [2024-11-17T09:13:26.286+0000] {dagbag.py:588} INFO - Filling up the DagBag from /opt/airflow/dags/views_refresh_dag.py
[2024-11-17T09:13:26.346+0000] {processor.py:925} INFO - DAG(s) 'refresh_views_daily' retrieved from /opt/airflow/dags/views_refresh_dag.py
[2024-11-17T09:13:26.402+0000] {logging_mixin.py:190} INFO - [2024-11-17T09:13:26.401+0000] {dag.py:3239} INFO - Sync 1 DAGs
[2024-11-17T09:13:26.466+0000] {logging_mixin.py:190} INFO - [2024-11-17T09:13:26.466+0000] {dag.py:4180} INFO - Setting next_dagrun for refresh_views_daily to 2024-11-16 00:00:00+00:00, run_after=2024-11-17 00:00:00+00:00
[2024-11-17T09:13:26.518+0000] {processor.py:208} INFO - Processing /opt/airflow/dags/views_refresh_dag.py took 0.257 seconds
[2024-11-17T09:13:57.211+0000] {processor.py:186} INFO - Started process (PID=2090) to work on /opt/airflow/dags/views_refresh_dag.py
[2024-11-17T09:13:57.214+0000] {processor.py:914} INFO - Processing file /opt/airflow/dags/views_refresh_dag.py for tasks to queue
[2024-11-17T09:13:57.223+0000] {logging_mixin.py:190} INFO - [2024-11-17T09:13:57.221+0000] {dagbag.py:588} INFO - Filling up the DagBag from /opt/airflow/dags/views_refresh_dag.py
[2024-11-17T09:13:57.291+0000] {processor.py:925} INFO - DAG(s) 'refresh_views_daily' retrieved from /opt/airflow/dags/views_refresh_dag.py
[2024-11-17T09:13:57.375+0000] {logging_mixin.py:190} INFO - [2024-11-17T09:13:57.374+0000] {dag.py:3239} INFO - Sync 1 DAGs
[2024-11-17T09:13:57.461+0000] {logging_mixin.py:190} INFO - [2024-11-17T09:13:57.460+0000] {dag.py:4180} INFO - Setting next_dagrun for refresh_views_daily to 2024-11-16 00:00:00+00:00, run_after=2024-11-17 00:00:00+00:00
[2024-11-17T09:13:57.524+0000] {processor.py:208} INFO - Processing /opt/airflow/dags/views_refresh_dag.py took 0.338 seconds
[2024-11-17T09:14:28.054+0000] {processor.py:186} INFO - Started process (PID=2156) to work on /opt/airflow/dags/views_refresh_dag.py
[2024-11-17T09:14:28.059+0000] {processor.py:914} INFO - Processing file /opt/airflow/dags/views_refresh_dag.py for tasks to queue
[2024-11-17T09:14:28.070+0000] {logging_mixin.py:190} INFO - [2024-11-17T09:14:28.068+0000] {dagbag.py:588} INFO - Filling up the DagBag from /opt/airflow/dags/views_refresh_dag.py
[2024-11-17T09:14:28.140+0000] {processor.py:925} INFO - DAG(s) 'refresh_views_daily' retrieved from /opt/airflow/dags/views_refresh_dag.py
[2024-11-17T09:14:28.228+0000] {logging_mixin.py:190} INFO - [2024-11-17T09:14:28.227+0000] {dag.py:3239} INFO - Sync 1 DAGs
[2024-11-17T09:14:28.328+0000] {logging_mixin.py:190} INFO - [2024-11-17T09:14:28.327+0000] {dag.py:4180} INFO - Setting next_dagrun for refresh_views_daily to 2024-11-16 00:00:00+00:00, run_after=2024-11-17 00:00:00+00:00
[2024-11-17T09:14:28.404+0000] {processor.py:208} INFO - Processing /opt/airflow/dags/views_refresh_dag.py took 0.376 seconds
[2024-11-17T09:14:59.643+0000] {processor.py:186} INFO - Started process (PID=2222) to work on /opt/airflow/dags/views_refresh_dag.py
[2024-11-17T09:14:59.646+0000] {processor.py:914} INFO - Processing file /opt/airflow/dags/views_refresh_dag.py for tasks to queue
[2024-11-17T09:14:59.652+0000] {logging_mixin.py:190} INFO - [2024-11-17T09:14:59.652+0000] {dagbag.py:588} INFO - Filling up the DagBag from /opt/airflow/dags/views_refresh_dag.py
[2024-11-17T09:14:59.712+0000] {processor.py:925} INFO - DAG(s) 'refresh_views_daily' retrieved from /opt/airflow/dags/views_refresh_dag.py
[2024-11-17T09:14:59.769+0000] {logging_mixin.py:190} INFO - [2024-11-17T09:14:59.768+0000] {dag.py:3239} INFO - Sync 1 DAGs
[2024-11-17T09:14:59.835+0000] {logging_mixin.py:190} INFO - [2024-11-17T09:14:59.834+0000] {dag.py:4180} INFO - Setting next_dagrun for refresh_views_daily to 2024-11-16 00:00:00+00:00, run_after=2024-11-17 00:00:00+00:00
[2024-11-17T09:14:59.894+0000] {processor.py:208} INFO - Processing /opt/airflow/dags/views_refresh_dag.py took 0.267 seconds
[2024-11-17T09:15:30.455+0000] {processor.py:186} INFO - Started process (PID=2287) to work on /opt/airflow/dags/views_refresh_dag.py
[2024-11-17T09:15:30.459+0000] {processor.py:914} INFO - Processing file /opt/airflow/dags/views_refresh_dag.py for tasks to queue
[2024-11-17T09:15:30.469+0000] {logging_mixin.py:190} INFO - [2024-11-17T09:15:30.468+0000] {dagbag.py:588} INFO - Filling up the DagBag from /opt/airflow/dags/views_refresh_dag.py
[2024-11-17T09:15:30.530+0000] {processor.py:925} INFO - DAG(s) 'refresh_views_daily' retrieved from /opt/airflow/dags/views_refresh_dag.py
[2024-11-17T09:15:30.595+0000] {logging_mixin.py:190} INFO - [2024-11-17T09:15:30.595+0000] {dag.py:3239} INFO - Sync 1 DAGs
[2024-11-17T09:15:30.666+0000] {logging_mixin.py:190} INFO - [2024-11-17T09:15:30.665+0000] {dag.py:4180} INFO - Setting next_dagrun for refresh_views_daily to 2024-11-16 00:00:00+00:00, run_after=2024-11-17 00:00:00+00:00
[2024-11-17T09:15:30.723+0000] {processor.py:208} INFO - Processing /opt/airflow/dags/views_refresh_dag.py took 0.293 seconds
[2024-11-17T09:16:01.476+0000] {processor.py:186} INFO - Started process (PID=2353) to work on /opt/airflow/dags/views_refresh_dag.py
[2024-11-17T09:16:01.480+0000] {processor.py:914} INFO - Processing file /opt/airflow/dags/views_refresh_dag.py for tasks to queue
[2024-11-17T09:16:01.490+0000] {logging_mixin.py:190} INFO - [2024-11-17T09:16:01.488+0000] {dagbag.py:588} INFO - Filling up the DagBag from /opt/airflow/dags/views_refresh_dag.py
[2024-11-17T09:16:01.658+0000] {processor.py:925} INFO - DAG(s) 'refresh_views_daily' retrieved from /opt/airflow/dags/views_refresh_dag.py
[2024-11-17T09:16:01.745+0000] {logging_mixin.py:190} INFO - [2024-11-17T09:16:01.744+0000] {dag.py:3239} INFO - Sync 1 DAGs
[2024-11-17T09:16:01.843+0000] {logging_mixin.py:190} INFO - [2024-11-17T09:16:01.842+0000] {dag.py:4180} INFO - Setting next_dagrun for refresh_views_daily to 2024-11-16 00:00:00+00:00, run_after=2024-11-17 00:00:00+00:00
[2024-11-17T09:16:01.948+0000] {processor.py:208} INFO - Processing /opt/airflow/dags/views_refresh_dag.py took 0.495 seconds
[2024-11-17T09:16:32.398+0000] {processor.py:186} INFO - Started process (PID=2419) to work on /opt/airflow/dags/views_refresh_dag.py
[2024-11-17T09:16:32.401+0000] {processor.py:914} INFO - Processing file /opt/airflow/dags/views_refresh_dag.py for tasks to queue
[2024-11-17T09:16:32.410+0000] {logging_mixin.py:190} INFO - [2024-11-17T09:16:32.409+0000] {dagbag.py:588} INFO - Filling up the DagBag from /opt/airflow/dags/views_refresh_dag.py
[2024-11-17T09:16:32.477+0000] {processor.py:925} INFO - DAG(s) 'refresh_views_daily' retrieved from /opt/airflow/dags/views_refresh_dag.py
[2024-11-17T09:16:32.544+0000] {logging_mixin.py:190} INFO - [2024-11-17T09:16:32.543+0000] {dag.py:3239} INFO - Sync 1 DAGs
[2024-11-17T09:16:32.629+0000] {logging_mixin.py:190} INFO - [2024-11-17T09:16:32.628+0000] {dag.py:4180} INFO - Setting next_dagrun for refresh_views_daily to 2024-11-16 00:00:00+00:00, run_after=2024-11-17 00:00:00+00:00
[2024-11-17T09:16:32.694+0000] {processor.py:208} INFO - Processing /opt/airflow/dags/views_refresh_dag.py took 0.317 seconds
[2024-11-17T09:17:03.267+0000] {processor.py:186} INFO - Started process (PID=2484) to work on /opt/airflow/dags/views_refresh_dag.py
[2024-11-17T09:17:03.270+0000] {processor.py:914} INFO - Processing file /opt/airflow/dags/views_refresh_dag.py for tasks to queue
[2024-11-17T09:17:03.277+0000] {logging_mixin.py:190} INFO - [2024-11-17T09:17:03.276+0000] {dagbag.py:588} INFO - Filling up the DagBag from /opt/airflow/dags/views_refresh_dag.py
[2024-11-17T09:17:03.328+0000] {processor.py:925} INFO - DAG(s) 'refresh_views_daily' retrieved from /opt/airflow/dags/views_refresh_dag.py
[2024-11-17T09:17:03.395+0000] {logging_mixin.py:190} INFO - [2024-11-17T09:17:03.395+0000] {dag.py:3239} INFO - Sync 1 DAGs
[2024-11-17T09:17:03.463+0000] {logging_mixin.py:190} INFO - [2024-11-17T09:17:03.463+0000] {dag.py:4180} INFO - Setting next_dagrun for refresh_views_daily to 2024-11-16 00:00:00+00:00, run_after=2024-11-17 00:00:00+00:00
[2024-11-17T09:17:03.519+0000] {processor.py:208} INFO - Processing /opt/airflow/dags/views_refresh_dag.py took 0.270 seconds
[2024-11-17T09:17:33.987+0000] {processor.py:186} INFO - Started process (PID=2550) to work on /opt/airflow/dags/views_refresh_dag.py
[2024-11-17T09:17:33.990+0000] {processor.py:914} INFO - Processing file /opt/airflow/dags/views_refresh_dag.py for tasks to queue
[2024-11-17T09:17:33.996+0000] {logging_mixin.py:190} INFO - [2024-11-17T09:17:33.996+0000] {dagbag.py:588} INFO - Filling up the DagBag from /opt/airflow/dags/views_refresh_dag.py
[2024-11-17T09:17:34.059+0000] {processor.py:925} INFO - DAG(s) 'refresh_views_daily' retrieved from /opt/airflow/dags/views_refresh_dag.py
[2024-11-17T09:17:34.117+0000] {logging_mixin.py:190} INFO - [2024-11-17T09:17:34.116+0000] {dag.py:3239} INFO - Sync 1 DAGs
[2024-11-17T09:17:34.180+0000] {logging_mixin.py:190} INFO - [2024-11-17T09:17:34.179+0000] {dag.py:4180} INFO - Setting next_dagrun for refresh_views_daily to 2024-11-16 00:00:00+00:00, run_after=2024-11-17 00:00:00+00:00
[2024-11-17T09:17:34.244+0000] {processor.py:208} INFO - Processing /opt/airflow/dags/views_refresh_dag.py took 0.276 seconds
[2024-11-17T09:18:04.892+0000] {processor.py:186} INFO - Started process (PID=2617) to work on /opt/airflow/dags/views_refresh_dag.py
[2024-11-17T09:18:04.895+0000] {processor.py:914} INFO - Processing file /opt/airflow/dags/views_refresh_dag.py for tasks to queue
[2024-11-17T09:18:04.902+0000] {logging_mixin.py:190} INFO - [2024-11-17T09:18:04.901+0000] {dagbag.py:588} INFO - Filling up the DagBag from /opt/airflow/dags/views_refresh_dag.py
[2024-11-17T09:18:04.962+0000] {processor.py:925} INFO - DAG(s) 'refresh_views_daily' retrieved from /opt/airflow/dags/views_refresh_dag.py
[2024-11-17T09:18:05.029+0000] {logging_mixin.py:190} INFO - [2024-11-17T09:18:05.028+0000] {dag.py:3239} INFO - Sync 1 DAGs
[2024-11-17T09:18:05.101+0000] {logging_mixin.py:190} INFO - [2024-11-17T09:18:05.100+0000] {dag.py:4180} INFO - Setting next_dagrun for refresh_views_daily to 2024-11-16 00:00:00+00:00, run_after=2024-11-17 00:00:00+00:00
[2024-11-17T09:18:05.165+0000] {processor.py:208} INFO - Processing /opt/airflow/dags/views_refresh_dag.py took 0.290 seconds
[2024-11-17T09:18:35.642+0000] {processor.py:186} INFO - Started process (PID=2683) to work on /opt/airflow/dags/views_refresh_dag.py
[2024-11-17T09:18:35.645+0000] {processor.py:914} INFO - Processing file /opt/airflow/dags/views_refresh_dag.py for tasks to queue
[2024-11-17T09:18:35.651+0000] {logging_mixin.py:190} INFO - [2024-11-17T09:18:35.650+0000] {dagbag.py:588} INFO - Filling up the DagBag from /opt/airflow/dags/views_refresh_dag.py
[2024-11-17T09:18:35.711+0000] {processor.py:925} INFO - DAG(s) 'refresh_views_daily' retrieved from /opt/airflow/dags/views_refresh_dag.py
[2024-11-17T09:18:35.771+0000] {logging_mixin.py:190} INFO - [2024-11-17T09:18:35.770+0000] {dag.py:3239} INFO - Sync 1 DAGs
[2024-11-17T09:18:35.846+0000] {logging_mixin.py:190} INFO - [2024-11-17T09:18:35.845+0000] {dag.py:4180} INFO - Setting next_dagrun for refresh_views_daily to 2024-11-16 00:00:00+00:00, run_after=2024-11-17 00:00:00+00:00
[2024-11-17T09:18:35.923+0000] {processor.py:208} INFO - Processing /opt/airflow/dags/views_refresh_dag.py took 0.298 seconds
[2024-11-17T09:19:06.414+0000] {processor.py:186} INFO - Started process (PID=2748) to work on /opt/airflow/dags/views_refresh_dag.py
[2024-11-17T09:19:06.417+0000] {processor.py:914} INFO - Processing file /opt/airflow/dags/views_refresh_dag.py for tasks to queue
[2024-11-17T09:19:06.425+0000] {logging_mixin.py:190} INFO - [2024-11-17T09:19:06.424+0000] {dagbag.py:588} INFO - Filling up the DagBag from /opt/airflow/dags/views_refresh_dag.py
[2024-11-17T09:19:06.478+0000] {processor.py:925} INFO - DAG(s) 'refresh_views_daily' retrieved from /opt/airflow/dags/views_refresh_dag.py
[2024-11-17T09:19:06.542+0000] {logging_mixin.py:190} INFO - [2024-11-17T09:19:06.541+0000] {dag.py:3239} INFO - Sync 1 DAGs
[2024-11-17T09:19:06.623+0000] {logging_mixin.py:190} INFO - [2024-11-17T09:19:06.622+0000] {dag.py:4180} INFO - Setting next_dagrun for refresh_views_daily to 2024-11-16 00:00:00+00:00, run_after=2024-11-17 00:00:00+00:00
[2024-11-17T09:19:06.707+0000] {processor.py:208} INFO - Processing /opt/airflow/dags/views_refresh_dag.py took 0.316 seconds
[2024-11-17T09:19:37.047+0000] {processor.py:186} INFO - Started process (PID=2814) to work on /opt/airflow/dags/views_refresh_dag.py
[2024-11-17T09:19:37.050+0000] {processor.py:914} INFO - Processing file /opt/airflow/dags/views_refresh_dag.py for tasks to queue
[2024-11-17T09:19:37.057+0000] {logging_mixin.py:190} INFO - [2024-11-17T09:19:37.056+0000] {dagbag.py:588} INFO - Filling up the DagBag from /opt/airflow/dags/views_refresh_dag.py
[2024-11-17T09:19:37.113+0000] {processor.py:925} INFO - DAG(s) 'refresh_views_daily' retrieved from /opt/airflow/dags/views_refresh_dag.py
[2024-11-17T09:19:37.169+0000] {logging_mixin.py:190} INFO - [2024-11-17T09:19:37.168+0000] {dag.py:3239} INFO - Sync 1 DAGs
[2024-11-17T09:19:37.235+0000] {logging_mixin.py:190} INFO - [2024-11-17T09:19:37.234+0000] {dag.py:4180} INFO - Setting next_dagrun for refresh_views_daily to 2024-11-16 00:00:00+00:00, run_after=2024-11-17 00:00:00+00:00
[2024-11-17T09:19:37.291+0000] {processor.py:208} INFO - Processing /opt/airflow/dags/views_refresh_dag.py took 0.263 seconds
[2024-11-17T09:20:07.627+0000] {processor.py:186} INFO - Started process (PID=2879) to work on /opt/airflow/dags/views_refresh_dag.py
[2024-11-17T09:20:07.630+0000] {processor.py:914} INFO - Processing file /opt/airflow/dags/views_refresh_dag.py for tasks to queue
[2024-11-17T09:20:07.636+0000] {logging_mixin.py:190} INFO - [2024-11-17T09:20:07.635+0000] {dagbag.py:588} INFO - Filling up the DagBag from /opt/airflow/dags/views_refresh_dag.py
[2024-11-17T09:20:07.694+0000] {processor.py:925} INFO - DAG(s) 'refresh_views_daily' retrieved from /opt/airflow/dags/views_refresh_dag.py
[2024-11-17T09:20:07.746+0000] {logging_mixin.py:190} INFO - [2024-11-17T09:20:07.745+0000] {dag.py:3239} INFO - Sync 1 DAGs
[2024-11-17T09:20:07.807+0000] {logging_mixin.py:190} INFO - [2024-11-17T09:20:07.806+0000] {dag.py:4180} INFO - Setting next_dagrun for refresh_views_daily to 2024-11-16 00:00:00+00:00, run_after=2024-11-17 00:00:00+00:00
[2024-11-17T09:20:07.865+0000] {processor.py:208} INFO - Processing /opt/airflow/dags/views_refresh_dag.py took 0.253 seconds
[2024-11-17T09:20:38.059+0000] {processor.py:186} INFO - Started process (PID=2945) to work on /opt/airflow/dags/views_refresh_dag.py
[2024-11-17T09:20:38.062+0000] {processor.py:914} INFO - Processing file /opt/airflow/dags/views_refresh_dag.py for tasks to queue
[2024-11-17T09:20:38.069+0000] {logging_mixin.py:190} INFO - [2024-11-17T09:20:38.068+0000] {dagbag.py:588} INFO - Filling up the DagBag from /opt/airflow/dags/views_refresh_dag.py
[2024-11-17T09:20:38.130+0000] {processor.py:925} INFO - DAG(s) 'refresh_views_daily' retrieved from /opt/airflow/dags/views_refresh_dag.py
[2024-11-17T09:20:38.192+0000] {logging_mixin.py:190} INFO - [2024-11-17T09:20:38.192+0000] {dag.py:3239} INFO - Sync 1 DAGs
[2024-11-17T09:20:38.290+0000] {logging_mixin.py:190} INFO - [2024-11-17T09:20:38.289+0000] {dag.py:4180} INFO - Setting next_dagrun for refresh_views_daily to 2024-11-16 00:00:00+00:00, run_after=2024-11-17 00:00:00+00:00
[2024-11-17T09:20:38.374+0000] {processor.py:208} INFO - Processing /opt/airflow/dags/views_refresh_dag.py took 0.333 seconds
[2024-11-17T09:21:08.638+0000] {processor.py:186} INFO - Started process (PID=3011) to work on /opt/airflow/dags/views_refresh_dag.py
[2024-11-17T09:21:08.641+0000] {processor.py:914} INFO - Processing file /opt/airflow/dags/views_refresh_dag.py for tasks to queue
[2024-11-17T09:21:08.648+0000] {logging_mixin.py:190} INFO - [2024-11-17T09:21:08.647+0000] {dagbag.py:588} INFO - Filling up the DagBag from /opt/airflow/dags/views_refresh_dag.py
[2024-11-17T09:21:08.707+0000] {processor.py:925} INFO - DAG(s) 'refresh_views_daily' retrieved from /opt/airflow/dags/views_refresh_dag.py
[2024-11-17T09:21:08.761+0000] {logging_mixin.py:190} INFO - [2024-11-17T09:21:08.761+0000] {dag.py:3239} INFO - Sync 1 DAGs
[2024-11-17T09:21:08.831+0000] {logging_mixin.py:190} INFO - [2024-11-17T09:21:08.829+0000] {dag.py:4180} INFO - Setting next_dagrun for refresh_views_daily to 2024-11-16 00:00:00+00:00, run_after=2024-11-17 00:00:00+00:00
[2024-11-17T09:21:08.893+0000] {processor.py:208} INFO - Processing /opt/airflow/dags/views_refresh_dag.py took 0.271 seconds
[2024-11-17T09:21:39.299+0000] {processor.py:186} INFO - Started process (PID=3077) to work on /opt/airflow/dags/views_refresh_dag.py
[2024-11-17T09:21:39.302+0000] {processor.py:914} INFO - Processing file /opt/airflow/dags/views_refresh_dag.py for tasks to queue
[2024-11-17T09:21:39.312+0000] {logging_mixin.py:190} INFO - [2024-11-17T09:21:39.310+0000] {dagbag.py:588} INFO - Filling up the DagBag from /opt/airflow/dags/views_refresh_dag.py
[2024-11-17T09:21:39.373+0000] {processor.py:925} INFO - DAG(s) 'refresh_views_daily' retrieved from /opt/airflow/dags/views_refresh_dag.py
[2024-11-17T09:21:39.440+0000] {logging_mixin.py:190} INFO - [2024-11-17T09:21:39.439+0000] {dag.py:3239} INFO - Sync 1 DAGs
[2024-11-17T09:21:39.909+0000] {logging_mixin.py:190} INFO - [2024-11-17T09:21:39.909+0000] {dag.py:4180} INFO - Setting next_dagrun for refresh_views_daily to 2024-11-16 00:00:00+00:00, run_after=2024-11-17 00:00:00+00:00
[2024-11-17T09:21:39.962+0000] {processor.py:208} INFO - Processing /opt/airflow/dags/views_refresh_dag.py took 0.688 seconds
[2024-11-17T09:22:10.321+0000] {processor.py:186} INFO - Started process (PID=3142) to work on /opt/airflow/dags/views_refresh_dag.py
[2024-11-17T09:22:10.324+0000] {processor.py:914} INFO - Processing file /opt/airflow/dags/views_refresh_dag.py for tasks to queue
[2024-11-17T09:22:10.331+0000] {logging_mixin.py:190} INFO - [2024-11-17T09:22:10.329+0000] {dagbag.py:588} INFO - Filling up the DagBag from /opt/airflow/dags/views_refresh_dag.py
[2024-11-17T09:22:10.391+0000] {processor.py:925} INFO - DAG(s) 'refresh_views_daily' retrieved from /opt/airflow/dags/views_refresh_dag.py
[2024-11-17T09:22:10.445+0000] {logging_mixin.py:190} INFO - [2024-11-17T09:22:10.445+0000] {dag.py:3239} INFO - Sync 1 DAGs
[2024-11-17T09:22:10.896+0000] {logging_mixin.py:190} INFO - [2024-11-17T09:22:10.895+0000] {dag.py:4180} INFO - Setting next_dagrun for refresh_views_daily to 2024-11-16 00:00:00+00:00, run_after=2024-11-17 00:00:00+00:00
[2024-11-17T09:22:10.945+0000] {processor.py:208} INFO - Processing /opt/airflow/dags/views_refresh_dag.py took 0.650 seconds
[2024-11-17T09:22:41.293+0000] {processor.py:186} INFO - Started process (PID=3208) to work on /opt/airflow/dags/views_refresh_dag.py
[2024-11-17T09:22:41.296+0000] {processor.py:914} INFO - Processing file /opt/airflow/dags/views_refresh_dag.py for tasks to queue
[2024-11-17T09:22:41.304+0000] {logging_mixin.py:190} INFO - [2024-11-17T09:22:41.303+0000] {dagbag.py:588} INFO - Filling up the DagBag from /opt/airflow/dags/views_refresh_dag.py
[2024-11-17T09:22:41.363+0000] {processor.py:925} INFO - DAG(s) 'refresh_views_daily' retrieved from /opt/airflow/dags/views_refresh_dag.py
[2024-11-17T09:22:41.420+0000] {logging_mixin.py:190} INFO - [2024-11-17T09:22:41.419+0000] {dag.py:3239} INFO - Sync 1 DAGs
[2024-11-17T09:22:41.487+0000] {logging_mixin.py:190} INFO - [2024-11-17T09:22:41.486+0000] {dag.py:4180} INFO - Setting next_dagrun for refresh_views_daily to 2024-11-16 00:00:00+00:00, run_after=2024-11-17 00:00:00+00:00
[2024-11-17T09:22:41.548+0000] {processor.py:208} INFO - Processing /opt/airflow/dags/views_refresh_dag.py took 0.272 seconds
[2024-11-17T09:23:12.186+0000] {processor.py:186} INFO - Started process (PID=3274) to work on /opt/airflow/dags/views_refresh_dag.py
[2024-11-17T09:23:12.189+0000] {processor.py:914} INFO - Processing file /opt/airflow/dags/views_refresh_dag.py for tasks to queue
[2024-11-17T09:23:12.195+0000] {logging_mixin.py:190} INFO - [2024-11-17T09:23:12.194+0000] {dagbag.py:588} INFO - Filling up the DagBag from /opt/airflow/dags/views_refresh_dag.py
[2024-11-17T09:23:12.263+0000] {processor.py:925} INFO - DAG(s) 'refresh_views_daily' retrieved from /opt/airflow/dags/views_refresh_dag.py
[2024-11-17T09:23:12.324+0000] {logging_mixin.py:190} INFO - [2024-11-17T09:23:12.324+0000] {dag.py:3239} INFO - Sync 1 DAGs
[2024-11-17T09:23:12.387+0000] {logging_mixin.py:190} INFO - [2024-11-17T09:23:12.387+0000] {dag.py:4180} INFO - Setting next_dagrun for refresh_views_daily to 2024-11-16 00:00:00+00:00, run_after=2024-11-17 00:00:00+00:00
[2024-11-17T09:23:12.442+0000] {processor.py:208} INFO - Processing /opt/airflow/dags/views_refresh_dag.py took 0.273 seconds
[2024-11-17T09:23:42.892+0000] {processor.py:186} INFO - Started process (PID=3340) to work on /opt/airflow/dags/views_refresh_dag.py
[2024-11-17T09:23:42.894+0000] {processor.py:914} INFO - Processing file /opt/airflow/dags/views_refresh_dag.py for tasks to queue
[2024-11-17T09:23:42.902+0000] {logging_mixin.py:190} INFO - [2024-11-17T09:23:42.900+0000] {dagbag.py:588} INFO - Filling up the DagBag from /opt/airflow/dags/views_refresh_dag.py
[2024-11-17T09:23:42.970+0000] {processor.py:925} INFO - DAG(s) 'refresh_views_daily' retrieved from /opt/airflow/dags/views_refresh_dag.py
[2024-11-17T09:23:43.053+0000] {logging_mixin.py:190} INFO - [2024-11-17T09:23:43.052+0000] {dag.py:3239} INFO - Sync 1 DAGs
[2024-11-17T09:23:43.156+0000] {logging_mixin.py:190} INFO - [2024-11-17T09:23:43.156+0000] {dag.py:4180} INFO - Setting next_dagrun for refresh_views_daily to 2024-11-16 00:00:00+00:00, run_after=2024-11-17 00:00:00+00:00
[2024-11-17T09:23:43.232+0000] {processor.py:208} INFO - Processing /opt/airflow/dags/views_refresh_dag.py took 0.364 seconds
[2024-11-17T09:24:13.760+0000] {processor.py:186} INFO - Started process (PID=3411) to work on /opt/airflow/dags/views_refresh_dag.py
[2024-11-17T09:24:13.764+0000] {processor.py:914} INFO - Processing file /opt/airflow/dags/views_refresh_dag.py for tasks to queue
[2024-11-17T09:24:13.774+0000] {logging_mixin.py:190} INFO - [2024-11-17T09:24:13.772+0000] {dagbag.py:588} INFO - Filling up the DagBag from /opt/airflow/dags/views_refresh_dag.py
[2024-11-17T09:24:13.839+0000] {processor.py:925} INFO - DAG(s) 'refresh_views_daily' retrieved from /opt/airflow/dags/views_refresh_dag.py
[2024-11-17T09:24:13.916+0000] {logging_mixin.py:190} INFO - [2024-11-17T09:24:13.914+0000] {dag.py:3239} INFO - Sync 1 DAGs
[2024-11-17T09:24:14.003+0000] {logging_mixin.py:190} INFO - [2024-11-17T09:24:14.002+0000] {dag.py:4180} INFO - Setting next_dagrun for refresh_views_daily to 2024-11-16 00:00:00+00:00, run_after=2024-11-17 00:00:00+00:00
[2024-11-17T09:24:14.066+0000] {processor.py:208} INFO - Processing /opt/airflow/dags/views_refresh_dag.py took 0.335 seconds
[2024-11-17T09:24:45.212+0000] {processor.py:186} INFO - Started process (PID=3477) to work on /opt/airflow/dags/views_refresh_dag.py
[2024-11-17T09:24:45.215+0000] {processor.py:914} INFO - Processing file /opt/airflow/dags/views_refresh_dag.py for tasks to queue
[2024-11-17T09:24:45.222+0000] {logging_mixin.py:190} INFO - [2024-11-17T09:24:45.221+0000] {dagbag.py:588} INFO - Filling up the DagBag from /opt/airflow/dags/views_refresh_dag.py
[2024-11-17T09:24:45.277+0000] {processor.py:925} INFO - DAG(s) 'refresh_views_daily' retrieved from /opt/airflow/dags/views_refresh_dag.py
[2024-11-17T09:24:45.349+0000] {logging_mixin.py:190} INFO - [2024-11-17T09:24:45.348+0000] {dag.py:3239} INFO - Sync 1 DAGs
[2024-11-17T09:24:45.415+0000] {logging_mixin.py:190} INFO - [2024-11-17T09:24:45.415+0000] {dag.py:4180} INFO - Setting next_dagrun for refresh_views_daily to 2024-11-16 00:00:00+00:00, run_after=2024-11-17 00:00:00+00:00
[2024-11-17T09:24:45.474+0000] {processor.py:208} INFO - Processing /opt/airflow/dags/views_refresh_dag.py took 0.286 seconds
[2024-11-17T09:25:15.984+0000] {processor.py:186} INFO - Started process (PID=3543) to work on /opt/airflow/dags/views_refresh_dag.py
[2024-11-17T09:25:15.986+0000] {processor.py:914} INFO - Processing file /opt/airflow/dags/views_refresh_dag.py for tasks to queue
[2024-11-17T09:25:15.993+0000] {logging_mixin.py:190} INFO - [2024-11-17T09:25:15.992+0000] {dagbag.py:588} INFO - Filling up the DagBag from /opt/airflow/dags/views_refresh_dag.py
[2024-11-17T09:25:16.044+0000] {processor.py:925} INFO - DAG(s) 'refresh_views_daily' retrieved from /opt/airflow/dags/views_refresh_dag.py
[2024-11-17T09:25:16.098+0000] {logging_mixin.py:190} INFO - [2024-11-17T09:25:16.097+0000] {dag.py:3239} INFO - Sync 1 DAGs
[2024-11-17T09:25:16.172+0000] {logging_mixin.py:190} INFO - [2024-11-17T09:25:16.171+0000] {dag.py:4180} INFO - Setting next_dagrun for refresh_views_daily to 2024-11-16 00:00:00+00:00, run_after=2024-11-17 00:00:00+00:00
[2024-11-17T09:25:16.231+0000] {processor.py:208} INFO - Processing /opt/airflow/dags/views_refresh_dag.py took 0.271 seconds
[2024-11-17T09:25:46.900+0000] {processor.py:186} INFO - Started process (PID=3607) to work on /opt/airflow/dags/views_refresh_dag.py
[2024-11-17T09:25:46.905+0000] {processor.py:914} INFO - Processing file /opt/airflow/dags/views_refresh_dag.py for tasks to queue
[2024-11-17T09:25:46.918+0000] {logging_mixin.py:190} INFO - [2024-11-17T09:25:46.916+0000] {dagbag.py:588} INFO - Filling up the DagBag from /opt/airflow/dags/views_refresh_dag.py
[2024-11-17T09:25:47.006+0000] {processor.py:925} INFO - DAG(s) 'refresh_views_daily' retrieved from /opt/airflow/dags/views_refresh_dag.py
[2024-11-17T09:25:47.106+0000] {logging_mixin.py:190} INFO - [2024-11-17T09:25:47.105+0000] {dag.py:3239} INFO - Sync 1 DAGs
[2024-11-17T09:25:47.194+0000] {logging_mixin.py:190} INFO - [2024-11-17T09:25:47.193+0000] {dag.py:4180} INFO - Setting next_dagrun for refresh_views_daily to 2024-11-16 00:00:00+00:00, run_after=2024-11-17 00:00:00+00:00
[2024-11-17T09:25:47.256+0000] {processor.py:208} INFO - Processing /opt/airflow/dags/views_refresh_dag.py took 0.396 seconds
[2024-11-17T09:26:17.910+0000] {processor.py:186} INFO - Started process (PID=3673) to work on /opt/airflow/dags/views_refresh_dag.py
[2024-11-17T09:26:17.912+0000] {processor.py:914} INFO - Processing file /opt/airflow/dags/views_refresh_dag.py for tasks to queue
[2024-11-17T09:26:17.919+0000] {logging_mixin.py:190} INFO - [2024-11-17T09:26:17.918+0000] {dagbag.py:588} INFO - Filling up the DagBag from /opt/airflow/dags/views_refresh_dag.py
[2024-11-17T09:26:17.978+0000] {processor.py:925} INFO - DAG(s) 'refresh_views_daily' retrieved from /opt/airflow/dags/views_refresh_dag.py
[2024-11-17T09:26:18.036+0000] {logging_mixin.py:190} INFO - [2024-11-17T09:26:18.035+0000] {dag.py:3239} INFO - Sync 1 DAGs
[2024-11-17T09:26:18.120+0000] {logging_mixin.py:190} INFO - [2024-11-17T09:26:18.120+0000] {dag.py:4180} INFO - Setting next_dagrun for refresh_views_daily to 2024-11-16 00:00:00+00:00, run_after=2024-11-17 00:00:00+00:00
[2024-11-17T09:26:18.182+0000] {processor.py:208} INFO - Processing /opt/airflow/dags/views_refresh_dag.py took 0.292 seconds
[2024-11-17T09:26:48.414+0000] {processor.py:186} INFO - Started process (PID=3738) to work on /opt/airflow/dags/views_refresh_dag.py
[2024-11-17T09:26:48.416+0000] {processor.py:914} INFO - Processing file /opt/airflow/dags/views_refresh_dag.py for tasks to queue
[2024-11-17T09:26:48.423+0000] {logging_mixin.py:190} INFO - [2024-11-17T09:26:48.422+0000] {dagbag.py:588} INFO - Filling up the DagBag from /opt/airflow/dags/views_refresh_dag.py
[2024-11-17T09:26:48.481+0000] {processor.py:925} INFO - DAG(s) 'refresh_views_daily' retrieved from /opt/airflow/dags/views_refresh_dag.py
[2024-11-17T09:26:48.538+0000] {logging_mixin.py:190} INFO - [2024-11-17T09:26:48.538+0000] {dag.py:3239} INFO - Sync 1 DAGs
[2024-11-17T09:26:48.608+0000] {logging_mixin.py:190} INFO - [2024-11-17T09:26:48.607+0000] {dag.py:4180} INFO - Setting next_dagrun for refresh_views_daily to 2024-11-16 00:00:00+00:00, run_after=2024-11-17 00:00:00+00:00
[2024-11-17T09:26:48.665+0000] {processor.py:208} INFO - Processing /opt/airflow/dags/views_refresh_dag.py took 0.269 seconds
[2024-11-17T09:27:19.276+0000] {processor.py:186} INFO - Started process (PID=3804) to work on /opt/airflow/dags/views_refresh_dag.py
[2024-11-17T09:27:19.280+0000] {processor.py:914} INFO - Processing file /opt/airflow/dags/views_refresh_dag.py for tasks to queue
[2024-11-17T09:27:19.289+0000] {logging_mixin.py:190} INFO - [2024-11-17T09:27:19.288+0000] {dagbag.py:588} INFO - Filling up the DagBag from /opt/airflow/dags/views_refresh_dag.py
[2024-11-17T09:27:19.358+0000] {processor.py:925} INFO - DAG(s) 'refresh_views_daily' retrieved from /opt/airflow/dags/views_refresh_dag.py
[2024-11-17T09:27:19.429+0000] {logging_mixin.py:190} INFO - [2024-11-17T09:27:19.428+0000] {dag.py:3239} INFO - Sync 1 DAGs
[2024-11-17T09:27:19.517+0000] {logging_mixin.py:190} INFO - [2024-11-17T09:27:19.516+0000] {dag.py:4180} INFO - Setting next_dagrun for refresh_views_daily to 2024-11-16 00:00:00+00:00, run_after=2024-11-17 00:00:00+00:00
[2024-11-17T09:27:19.584+0000] {processor.py:208} INFO - Processing /opt/airflow/dags/views_refresh_dag.py took 0.330 seconds
[2024-11-17T09:27:50.082+0000] {processor.py:186} INFO - Started process (PID=3870) to work on /opt/airflow/dags/views_refresh_dag.py
[2024-11-17T09:27:50.084+0000] {processor.py:914} INFO - Processing file /opt/airflow/dags/views_refresh_dag.py for tasks to queue
[2024-11-17T09:27:50.091+0000] {logging_mixin.py:190} INFO - [2024-11-17T09:27:50.090+0000] {dagbag.py:588} INFO - Filling up the DagBag from /opt/airflow/dags/views_refresh_dag.py
[2024-11-17T09:27:50.151+0000] {processor.py:925} INFO - DAG(s) 'refresh_views_daily' retrieved from /opt/airflow/dags/views_refresh_dag.py
[2024-11-17T09:27:50.216+0000] {logging_mixin.py:190} INFO - [2024-11-17T09:27:50.215+0000] {dag.py:3239} INFO - Sync 1 DAGs
[2024-11-17T09:27:50.287+0000] {logging_mixin.py:190} INFO - [2024-11-17T09:27:50.287+0000] {dag.py:4180} INFO - Setting next_dagrun for refresh_views_daily to 2024-11-16 00:00:00+00:00, run_after=2024-11-17 00:00:00+00:00
[2024-11-17T09:27:50.343+0000] {processor.py:208} INFO - Processing /opt/airflow/dags/views_refresh_dag.py took 0.277 seconds
