[2024-11-17T08:57:50.318+0000] {processor.py:186} INFO - Started process (PID=85) to work on /home/airflow/.local/lib/python3.12/site-packages/airflow/example_dags/example_display_name.py
[2024-11-17T08:57:50.322+0000] {processor.py:914} INFO - Processing file /home/airflow/.local/lib/python3.12/site-packages/airflow/example_dags/example_display_name.py for tasks to queue
[2024-11-17T08:57:50.330+0000] {logging_mixin.py:190} INFO - [2024-11-17T08:57:50.329+0000] {dagbag.py:588} INFO - Filling up the DagBag from /home/airflow/.local/lib/python3.12/site-packages/airflow/example_dags/example_display_name.py
[2024-11-17T08:57:50.361+0000] {processor.py:925} INFO - DAG(s) 'example_display_name' retrieved from /home/airflow/.local/lib/python3.12/site-packages/airflow/example_dags/example_display_name.py
[2024-11-17T08:57:50.953+0000] {logging_mixin.py:190} INFO - [2024-11-17T08:57:50.951+0000] {override.py:1911} INFO - Created Permission View: can delete on DAG:example_display_name
[2024-11-17T08:57:50.998+0000] {logging_mixin.py:190} INFO - [2024-11-17T08:57:50.997+0000] {override.py:1911} INFO - Created Permission View: can edit on DAG:example_display_name
[2024-11-17T08:57:51.025+0000] {logging_mixin.py:190} INFO - [2024-11-17T08:57:51.023+0000] {override.py:1911} INFO - Created Permission View: can read on DAG:example_display_name
[2024-11-17T08:57:51.059+0000] {logging_mixin.py:190} INFO - [2024-11-17T08:57:51.058+0000] {override.py:1911} INFO - Created Permission View: can delete on DAG Run:example_display_name
[2024-11-17T08:57:51.090+0000] {logging_mixin.py:190} INFO - [2024-11-17T08:57:51.089+0000] {override.py:1911} INFO - Created Permission View: menu access on DAG Run:example_display_name
[2024-11-17T08:57:51.115+0000] {logging_mixin.py:190} INFO - [2024-11-17T08:57:51.114+0000] {override.py:1911} INFO - Created Permission View: can create on DAG Run:example_display_name
[2024-11-17T08:57:51.152+0000] {logging_mixin.py:190} INFO - [2024-11-17T08:57:51.151+0000] {override.py:1911} INFO - Created Permission View: can read on DAG Run:example_display_name
[2024-11-17T08:57:51.154+0000] {logging_mixin.py:190} INFO - [2024-11-17T08:57:51.153+0000] {dag.py:3239} INFO - Sync 1 DAGs
[2024-11-17T08:57:51.216+0000] {logging_mixin.py:190} INFO - [2024-11-17T08:57:51.215+0000] {dag.py:3262} INFO - Creating ORM DAG for example_display_name
[2024-11-17T08:57:51.220+0000] {logging_mixin.py:190} INFO - [2024-11-17T08:57:51.219+0000] {dag.py:4180} INFO - Setting next_dagrun for example_display_name to None, run_after=None
[2024-11-17T08:57:51.280+0000] {processor.py:208} INFO - Processing /home/airflow/.local/lib/python3.12/site-packages/airflow/example_dags/example_display_name.py took 0.987 seconds
[2024-11-17T08:58:22.163+0000] {processor.py:186} INFO - Started process (PID=151) to work on /home/airflow/.local/lib/python3.12/site-packages/airflow/example_dags/example_display_name.py
[2024-11-17T08:58:22.166+0000] {processor.py:914} INFO - Processing file /home/airflow/.local/lib/python3.12/site-packages/airflow/example_dags/example_display_name.py for tasks to queue
[2024-11-17T08:58:22.173+0000] {logging_mixin.py:190} INFO - [2024-11-17T08:58:22.172+0000] {dagbag.py:588} INFO - Filling up the DagBag from /home/airflow/.local/lib/python3.12/site-packages/airflow/example_dags/example_display_name.py
[2024-11-17T08:58:22.199+0000] {processor.py:925} INFO - DAG(s) 'example_display_name' retrieved from /home/airflow/.local/lib/python3.12/site-packages/airflow/example_dags/example_display_name.py
[2024-11-17T08:58:22.259+0000] {logging_mixin.py:190} INFO - [2024-11-17T08:58:22.259+0000] {dag.py:3239} INFO - Sync 1 DAGs
[2024-11-17T08:58:22.312+0000] {logging_mixin.py:190} INFO - [2024-11-17T08:58:22.311+0000] {dag.py:4180} INFO - Setting next_dagrun for example_display_name to None, run_after=None
[2024-11-17T08:58:22.364+0000] {processor.py:208} INFO - Processing /home/airflow/.local/lib/python3.12/site-packages/airflow/example_dags/example_display_name.py took 0.227 seconds
[2024-11-17T08:58:55.152+0000] {processor.py:186} INFO - Started process (PID=217) to work on /home/airflow/.local/lib/python3.12/site-packages/airflow/example_dags/example_display_name.py
[2024-11-17T08:58:55.154+0000] {processor.py:914} INFO - Processing file /home/airflow/.local/lib/python3.12/site-packages/airflow/example_dags/example_display_name.py for tasks to queue
[2024-11-17T08:58:55.161+0000] {logging_mixin.py:190} INFO - [2024-11-17T08:58:55.160+0000] {dagbag.py:588} INFO - Filling up the DagBag from /home/airflow/.local/lib/python3.12/site-packages/airflow/example_dags/example_display_name.py
[2024-11-17T08:58:55.182+0000] {processor.py:925} INFO - DAG(s) 'example_display_name' retrieved from /home/airflow/.local/lib/python3.12/site-packages/airflow/example_dags/example_display_name.py
[2024-11-17T08:58:55.234+0000] {logging_mixin.py:190} INFO - [2024-11-17T08:58:55.233+0000] {dag.py:3239} INFO - Sync 1 DAGs
[2024-11-17T08:58:55.282+0000] {logging_mixin.py:190} INFO - [2024-11-17T08:58:55.282+0000] {dag.py:4180} INFO - Setting next_dagrun for example_display_name to None, run_after=None
[2024-11-17T08:58:55.335+0000] {processor.py:208} INFO - Processing /home/airflow/.local/lib/python3.12/site-packages/airflow/example_dags/example_display_name.py took 0.212 seconds
[2024-11-17T08:59:30.694+0000] {processor.py:186} INFO - Started process (PID=272) to work on /home/airflow/.local/lib/python3.12/site-packages/airflow/example_dags/example_display_name.py
[2024-11-17T08:59:30.698+0000] {processor.py:914} INFO - Processing file /home/airflow/.local/lib/python3.12/site-packages/airflow/example_dags/example_display_name.py for tasks to queue
[2024-11-17T08:59:30.708+0000] {logging_mixin.py:190} INFO - [2024-11-17T08:59:30.707+0000] {dagbag.py:588} INFO - Filling up the DagBag from /home/airflow/.local/lib/python3.12/site-packages/airflow/example_dags/example_display_name.py
[2024-11-17T08:59:30.736+0000] {processor.py:925} INFO - DAG(s) 'example_display_name' retrieved from /home/airflow/.local/lib/python3.12/site-packages/airflow/example_dags/example_display_name.py
[2024-11-17T08:59:30.801+0000] {logging_mixin.py:190} INFO - [2024-11-17T08:59:30.800+0000] {dag.py:3239} INFO - Sync 1 DAGs
[2024-11-17T08:59:30.854+0000] {logging_mixin.py:190} INFO - [2024-11-17T08:59:30.853+0000] {dag.py:4180} INFO - Setting next_dagrun for example_display_name to None, run_after=None
[2024-11-17T08:59:30.913+0000] {processor.py:208} INFO - Processing /home/airflow/.local/lib/python3.12/site-packages/airflow/example_dags/example_display_name.py took 0.240 seconds
[2024-11-17T09:00:01.837+0000] {processor.py:186} INFO - Started process (PID=338) to work on /home/airflow/.local/lib/python3.12/site-packages/airflow/example_dags/example_display_name.py
[2024-11-17T09:00:01.840+0000] {processor.py:914} INFO - Processing file /home/airflow/.local/lib/python3.12/site-packages/airflow/example_dags/example_display_name.py for tasks to queue
[2024-11-17T09:00:01.847+0000] {logging_mixin.py:190} INFO - [2024-11-17T09:00:01.845+0000] {dagbag.py:588} INFO - Filling up the DagBag from /home/airflow/.local/lib/python3.12/site-packages/airflow/example_dags/example_display_name.py
[2024-11-17T09:00:01.884+0000] {processor.py:925} INFO - DAG(s) 'example_display_name' retrieved from /home/airflow/.local/lib/python3.12/site-packages/airflow/example_dags/example_display_name.py
[2024-11-17T09:00:01.961+0000] {logging_mixin.py:190} INFO - [2024-11-17T09:00:01.961+0000] {dag.py:3239} INFO - Sync 1 DAGs
[2024-11-17T09:00:02.022+0000] {logging_mixin.py:190} INFO - [2024-11-17T09:00:02.021+0000] {dag.py:4180} INFO - Setting next_dagrun for example_display_name to None, run_after=None
[2024-11-17T09:00:02.100+0000] {processor.py:208} INFO - Processing /home/airflow/.local/lib/python3.12/site-packages/airflow/example_dags/example_display_name.py took 0.280 seconds
[2024-11-17T09:00:34.127+0000] {processor.py:186} INFO - Started process (PID=405) to work on /home/airflow/.local/lib/python3.12/site-packages/airflow/example_dags/example_display_name.py
[2024-11-17T09:00:34.129+0000] {processor.py:914} INFO - Processing file /home/airflow/.local/lib/python3.12/site-packages/airflow/example_dags/example_display_name.py for tasks to queue
[2024-11-17T09:00:34.138+0000] {logging_mixin.py:190} INFO - [2024-11-17T09:00:34.137+0000] {dagbag.py:588} INFO - Filling up the DagBag from /home/airflow/.local/lib/python3.12/site-packages/airflow/example_dags/example_display_name.py
[2024-11-17T09:00:34.166+0000] {processor.py:925} INFO - DAG(s) 'example_display_name' retrieved from /home/airflow/.local/lib/python3.12/site-packages/airflow/example_dags/example_display_name.py
[2024-11-17T09:00:34.234+0000] {logging_mixin.py:190} INFO - [2024-11-17T09:00:34.233+0000] {dag.py:3239} INFO - Sync 1 DAGs
[2024-11-17T09:00:34.283+0000] {logging_mixin.py:190} INFO - [2024-11-17T09:00:34.282+0000] {dag.py:4180} INFO - Setting next_dagrun for example_display_name to None, run_after=None
[2024-11-17T09:00:34.344+0000] {processor.py:208} INFO - Processing /home/airflow/.local/lib/python3.12/site-packages/airflow/example_dags/example_display_name.py took 0.236 seconds
[2024-11-17T09:01:07.310+0000] {processor.py:186} INFO - Started process (PID=472) to work on /home/airflow/.local/lib/python3.12/site-packages/airflow/example_dags/example_display_name.py
[2024-11-17T09:01:07.313+0000] {processor.py:914} INFO - Processing file /home/airflow/.local/lib/python3.12/site-packages/airflow/example_dags/example_display_name.py for tasks to queue
[2024-11-17T09:01:07.321+0000] {logging_mixin.py:190} INFO - [2024-11-17T09:01:07.320+0000] {dagbag.py:588} INFO - Filling up the DagBag from /home/airflow/.local/lib/python3.12/site-packages/airflow/example_dags/example_display_name.py
[2024-11-17T09:01:07.342+0000] {processor.py:925} INFO - DAG(s) 'example_display_name' retrieved from /home/airflow/.local/lib/python3.12/site-packages/airflow/example_dags/example_display_name.py
[2024-11-17T09:01:07.403+0000] {logging_mixin.py:190} INFO - [2024-11-17T09:01:07.403+0000] {dag.py:3239} INFO - Sync 1 DAGs
[2024-11-17T09:01:07.452+0000] {logging_mixin.py:190} INFO - [2024-11-17T09:01:07.451+0000] {dag.py:4180} INFO - Setting next_dagrun for example_display_name to None, run_after=None
[2024-11-17T09:01:07.514+0000] {processor.py:208} INFO - Processing /home/airflow/.local/lib/python3.12/site-packages/airflow/example_dags/example_display_name.py took 0.221 seconds
[2024-11-17T09:01:38.736+0000] {processor.py:186} INFO - Started process (PID=543) to work on /home/airflow/.local/lib/python3.12/site-packages/airflow/example_dags/example_display_name.py
[2024-11-17T09:01:38.739+0000] {processor.py:914} INFO - Processing file /home/airflow/.local/lib/python3.12/site-packages/airflow/example_dags/example_display_name.py for tasks to queue
[2024-11-17T09:01:38.745+0000] {logging_mixin.py:190} INFO - [2024-11-17T09:01:38.745+0000] {dagbag.py:588} INFO - Filling up the DagBag from /home/airflow/.local/lib/python3.12/site-packages/airflow/example_dags/example_display_name.py
[2024-11-17T09:01:38.772+0000] {processor.py:925} INFO - DAG(s) 'example_display_name' retrieved from /home/airflow/.local/lib/python3.12/site-packages/airflow/example_dags/example_display_name.py
[2024-11-17T09:01:38.825+0000] {logging_mixin.py:190} INFO - [2024-11-17T09:01:38.824+0000] {dag.py:3239} INFO - Sync 1 DAGs
[2024-11-17T09:01:38.867+0000] {logging_mixin.py:190} INFO - [2024-11-17T09:01:38.866+0000] {dag.py:4180} INFO - Setting next_dagrun for example_display_name to None, run_after=None
[2024-11-17T09:01:38.914+0000] {processor.py:208} INFO - Processing /home/airflow/.local/lib/python3.12/site-packages/airflow/example_dags/example_display_name.py took 0.194 seconds
[2024-11-17T09:02:10.681+0000] {processor.py:186} INFO - Started process (PID=605) to work on /home/airflow/.local/lib/python3.12/site-packages/airflow/example_dags/example_display_name.py
[2024-11-17T09:02:10.683+0000] {processor.py:914} INFO - Processing file /home/airflow/.local/lib/python3.12/site-packages/airflow/example_dags/example_display_name.py for tasks to queue
[2024-11-17T09:02:10.690+0000] {logging_mixin.py:190} INFO - [2024-11-17T09:02:10.689+0000] {dagbag.py:588} INFO - Filling up the DagBag from /home/airflow/.local/lib/python3.12/site-packages/airflow/example_dags/example_display_name.py
[2024-11-17T09:02:10.711+0000] {processor.py:925} INFO - DAG(s) 'example_display_name' retrieved from /home/airflow/.local/lib/python3.12/site-packages/airflow/example_dags/example_display_name.py
[2024-11-17T09:02:10.762+0000] {logging_mixin.py:190} INFO - [2024-11-17T09:02:10.761+0000] {dag.py:3239} INFO - Sync 1 DAGs
[2024-11-17T09:02:10.815+0000] {logging_mixin.py:190} INFO - [2024-11-17T09:02:10.814+0000] {dag.py:4180} INFO - Setting next_dagrun for example_display_name to None, run_after=None
[2024-11-17T09:02:10.865+0000] {processor.py:208} INFO - Processing /home/airflow/.local/lib/python3.12/site-packages/airflow/example_dags/example_display_name.py took 0.201 seconds
[2024-11-17T09:02:43.531+0000] {processor.py:186} INFO - Started process (PID=667) to work on /home/airflow/.local/lib/python3.12/site-packages/airflow/example_dags/example_display_name.py
[2024-11-17T09:02:43.534+0000] {processor.py:914} INFO - Processing file /home/airflow/.local/lib/python3.12/site-packages/airflow/example_dags/example_display_name.py for tasks to queue
[2024-11-17T09:02:43.542+0000] {logging_mixin.py:190} INFO - [2024-11-17T09:02:43.541+0000] {dagbag.py:588} INFO - Filling up the DagBag from /home/airflow/.local/lib/python3.12/site-packages/airflow/example_dags/example_display_name.py
[2024-11-17T09:02:43.570+0000] {processor.py:925} INFO - DAG(s) 'example_display_name' retrieved from /home/airflow/.local/lib/python3.12/site-packages/airflow/example_dags/example_display_name.py
[2024-11-17T09:02:43.623+0000] {logging_mixin.py:190} INFO - [2024-11-17T09:02:43.623+0000] {dag.py:3239} INFO - Sync 1 DAGs
[2024-11-17T09:02:43.670+0000] {logging_mixin.py:190} INFO - [2024-11-17T09:02:43.670+0000] {dag.py:4180} INFO - Setting next_dagrun for example_display_name to None, run_after=None
[2024-11-17T09:02:43.721+0000] {processor.py:208} INFO - Processing /home/airflow/.local/lib/python3.12/site-packages/airflow/example_dags/example_display_name.py took 0.213 seconds
[2024-11-17T09:03:15.621+0000] {processor.py:186} INFO - Started process (PID=733) to work on /home/airflow/.local/lib/python3.12/site-packages/airflow/example_dags/example_display_name.py
[2024-11-17T09:03:15.624+0000] {processor.py:914} INFO - Processing file /home/airflow/.local/lib/python3.12/site-packages/airflow/example_dags/example_display_name.py for tasks to queue
[2024-11-17T09:03:15.633+0000] {logging_mixin.py:190} INFO - [2024-11-17T09:03:15.632+0000] {dagbag.py:588} INFO - Filling up the DagBag from /home/airflow/.local/lib/python3.12/site-packages/airflow/example_dags/example_display_name.py
[2024-11-17T09:03:15.656+0000] {processor.py:925} INFO - DAG(s) 'example_display_name' retrieved from /home/airflow/.local/lib/python3.12/site-packages/airflow/example_dags/example_display_name.py
[2024-11-17T09:03:15.724+0000] {logging_mixin.py:190} INFO - [2024-11-17T09:03:15.723+0000] {dag.py:3239} INFO - Sync 1 DAGs
[2024-11-17T09:03:15.781+0000] {logging_mixin.py:190} INFO - [2024-11-17T09:03:15.781+0000] {dag.py:4180} INFO - Setting next_dagrun for example_display_name to None, run_after=None
[2024-11-17T09:03:15.841+0000] {processor.py:208} INFO - Processing /home/airflow/.local/lib/python3.12/site-packages/airflow/example_dags/example_display_name.py took 0.243 seconds
[2024-11-17T09:03:47.795+0000] {processor.py:186} INFO - Started process (PID=799) to work on /home/airflow/.local/lib/python3.12/site-packages/airflow/example_dags/example_display_name.py
[2024-11-17T09:03:47.797+0000] {processor.py:914} INFO - Processing file /home/airflow/.local/lib/python3.12/site-packages/airflow/example_dags/example_display_name.py for tasks to queue
[2024-11-17T09:03:47.804+0000] {logging_mixin.py:190} INFO - [2024-11-17T09:03:47.803+0000] {dagbag.py:588} INFO - Filling up the DagBag from /home/airflow/.local/lib/python3.12/site-packages/airflow/example_dags/example_display_name.py
[2024-11-17T09:03:47.824+0000] {processor.py:925} INFO - DAG(s) 'example_display_name' retrieved from /home/airflow/.local/lib/python3.12/site-packages/airflow/example_dags/example_display_name.py
[2024-11-17T09:03:47.878+0000] {logging_mixin.py:190} INFO - [2024-11-17T09:03:47.877+0000] {dag.py:3239} INFO - Sync 1 DAGs
[2024-11-17T09:03:47.926+0000] {logging_mixin.py:190} INFO - [2024-11-17T09:03:47.925+0000] {dag.py:4180} INFO - Setting next_dagrun for example_display_name to None, run_after=None
[2024-11-17T09:03:47.983+0000] {processor.py:208} INFO - Processing /home/airflow/.local/lib/python3.12/site-packages/airflow/example_dags/example_display_name.py took 0.207 seconds
[2024-11-17T09:04:19.265+0000] {processor.py:186} INFO - Started process (PID=863) to work on /home/airflow/.local/lib/python3.12/site-packages/airflow/example_dags/example_display_name.py
[2024-11-17T09:04:19.269+0000] {processor.py:914} INFO - Processing file /home/airflow/.local/lib/python3.12/site-packages/airflow/example_dags/example_display_name.py for tasks to queue
[2024-11-17T09:04:19.276+0000] {logging_mixin.py:190} INFO - [2024-11-17T09:04:19.275+0000] {dagbag.py:588} INFO - Filling up the DagBag from /home/airflow/.local/lib/python3.12/site-packages/airflow/example_dags/example_display_name.py
[2024-11-17T09:04:19.301+0000] {processor.py:925} INFO - DAG(s) 'example_display_name' retrieved from /home/airflow/.local/lib/python3.12/site-packages/airflow/example_dags/example_display_name.py
[2024-11-17T09:04:19.356+0000] {logging_mixin.py:190} INFO - [2024-11-17T09:04:19.356+0000] {dag.py:3239} INFO - Sync 1 DAGs
[2024-11-17T09:04:19.403+0000] {logging_mixin.py:190} INFO - [2024-11-17T09:04:19.402+0000] {dag.py:4180} INFO - Setting next_dagrun for example_display_name to None, run_after=None
[2024-11-17T09:04:19.461+0000] {processor.py:208} INFO - Processing /home/airflow/.local/lib/python3.12/site-packages/airflow/example_dags/example_display_name.py took 0.213 seconds
[2024-11-17T09:04:51.049+0000] {processor.py:186} INFO - Started process (PID=928) to work on /home/airflow/.local/lib/python3.12/site-packages/airflow/example_dags/example_display_name.py
[2024-11-17T09:04:51.053+0000] {processor.py:914} INFO - Processing file /home/airflow/.local/lib/python3.12/site-packages/airflow/example_dags/example_display_name.py for tasks to queue
[2024-11-17T09:04:51.061+0000] {logging_mixin.py:190} INFO - [2024-11-17T09:04:51.060+0000] {dagbag.py:588} INFO - Filling up the DagBag from /home/airflow/.local/lib/python3.12/site-packages/airflow/example_dags/example_display_name.py
[2024-11-17T09:04:51.087+0000] {processor.py:925} INFO - DAG(s) 'example_display_name' retrieved from /home/airflow/.local/lib/python3.12/site-packages/airflow/example_dags/example_display_name.py
[2024-11-17T09:04:51.153+0000] {logging_mixin.py:190} INFO - [2024-11-17T09:04:51.153+0000] {dag.py:3239} INFO - Sync 1 DAGs
[2024-11-17T09:04:51.209+0000] {logging_mixin.py:190} INFO - [2024-11-17T09:04:51.208+0000] {dag.py:4180} INFO - Setting next_dagrun for example_display_name to None, run_after=None
[2024-11-17T09:04:51.275+0000] {processor.py:208} INFO - Processing /home/airflow/.local/lib/python3.12/site-packages/airflow/example_dags/example_display_name.py took 0.246 seconds
[2024-11-17T09:05:22.025+0000] {processor.py:186} INFO - Started process (PID=994) to work on /home/airflow/.local/lib/python3.12/site-packages/airflow/example_dags/example_display_name.py
[2024-11-17T09:05:22.029+0000] {processor.py:914} INFO - Processing file /home/airflow/.local/lib/python3.12/site-packages/airflow/example_dags/example_display_name.py for tasks to queue
[2024-11-17T09:05:22.039+0000] {logging_mixin.py:190} INFO - [2024-11-17T09:05:22.038+0000] {dagbag.py:588} INFO - Filling up the DagBag from /home/airflow/.local/lib/python3.12/site-packages/airflow/example_dags/example_display_name.py
[2024-11-17T09:05:22.071+0000] {processor.py:925} INFO - DAG(s) 'example_display_name' retrieved from /home/airflow/.local/lib/python3.12/site-packages/airflow/example_dags/example_display_name.py
[2024-11-17T09:05:22.143+0000] {logging_mixin.py:190} INFO - [2024-11-17T09:05:22.142+0000] {dag.py:3239} INFO - Sync 1 DAGs
[2024-11-17T09:05:22.196+0000] {logging_mixin.py:190} INFO - [2024-11-17T09:05:22.196+0000] {dag.py:4180} INFO - Setting next_dagrun for example_display_name to None, run_after=None
[2024-11-17T09:05:22.251+0000] {processor.py:208} INFO - Processing /home/airflow/.local/lib/python3.12/site-packages/airflow/example_dags/example_display_name.py took 0.250 seconds
[2024-11-17T09:05:52.883+0000] {processor.py:186} INFO - Started process (PID=1059) to work on /home/airflow/.local/lib/python3.12/site-packages/airflow/example_dags/example_display_name.py
[2024-11-17T09:05:52.887+0000] {processor.py:914} INFO - Processing file /home/airflow/.local/lib/python3.12/site-packages/airflow/example_dags/example_display_name.py for tasks to queue
[2024-11-17T09:05:52.894+0000] {logging_mixin.py:190} INFO - [2024-11-17T09:05:52.893+0000] {dagbag.py:588} INFO - Filling up the DagBag from /home/airflow/.local/lib/python3.12/site-packages/airflow/example_dags/example_display_name.py
[2024-11-17T09:05:52.922+0000] {processor.py:925} INFO - DAG(s) 'example_display_name' retrieved from /home/airflow/.local/lib/python3.12/site-packages/airflow/example_dags/example_display_name.py
[2024-11-17T09:05:52.994+0000] {logging_mixin.py:190} INFO - [2024-11-17T09:05:52.993+0000] {dag.py:3239} INFO - Sync 1 DAGs
[2024-11-17T09:05:53.050+0000] {logging_mixin.py:190} INFO - [2024-11-17T09:05:53.050+0000] {dag.py:4180} INFO - Setting next_dagrun for example_display_name to None, run_after=None
[2024-11-17T09:05:53.100+0000] {processor.py:208} INFO - Processing /home/airflow/.local/lib/python3.12/site-packages/airflow/example_dags/example_display_name.py took 0.241 seconds
[2024-11-17T09:06:23.278+0000] {processor.py:186} INFO - Started process (PID=1124) to work on /home/airflow/.local/lib/python3.12/site-packages/airflow/example_dags/example_display_name.py
[2024-11-17T09:06:23.280+0000] {processor.py:914} INFO - Processing file /home/airflow/.local/lib/python3.12/site-packages/airflow/example_dags/example_display_name.py for tasks to queue
[2024-11-17T09:06:23.287+0000] {logging_mixin.py:190} INFO - [2024-11-17T09:06:23.286+0000] {dagbag.py:588} INFO - Filling up the DagBag from /home/airflow/.local/lib/python3.12/site-packages/airflow/example_dags/example_display_name.py
[2024-11-17T09:06:23.308+0000] {processor.py:925} INFO - DAG(s) 'example_display_name' retrieved from /home/airflow/.local/lib/python3.12/site-packages/airflow/example_dags/example_display_name.py
[2024-11-17T09:06:23.357+0000] {logging_mixin.py:190} INFO - [2024-11-17T09:06:23.357+0000] {dag.py:3239} INFO - Sync 1 DAGs
[2024-11-17T09:06:23.396+0000] {logging_mixin.py:190} INFO - [2024-11-17T09:06:23.396+0000] {dag.py:4180} INFO - Setting next_dagrun for example_display_name to None, run_after=None
[2024-11-17T09:06:23.453+0000] {processor.py:208} INFO - Processing /home/airflow/.local/lib/python3.12/site-packages/airflow/example_dags/example_display_name.py took 0.191 seconds
[2024-11-17T09:06:53.799+0000] {processor.py:186} INFO - Started process (PID=1190) to work on /home/airflow/.local/lib/python3.12/site-packages/airflow/example_dags/example_display_name.py
[2024-11-17T09:06:53.802+0000] {processor.py:914} INFO - Processing file /home/airflow/.local/lib/python3.12/site-packages/airflow/example_dags/example_display_name.py for tasks to queue
[2024-11-17T09:06:53.809+0000] {logging_mixin.py:190} INFO - [2024-11-17T09:06:53.808+0000] {dagbag.py:588} INFO - Filling up the DagBag from /home/airflow/.local/lib/python3.12/site-packages/airflow/example_dags/example_display_name.py
[2024-11-17T09:06:53.833+0000] {processor.py:925} INFO - DAG(s) 'example_display_name' retrieved from /home/airflow/.local/lib/python3.12/site-packages/airflow/example_dags/example_display_name.py
[2024-11-17T09:06:53.890+0000] {logging_mixin.py:190} INFO - [2024-11-17T09:06:53.889+0000] {dag.py:3239} INFO - Sync 1 DAGs
[2024-11-17T09:06:53.931+0000] {logging_mixin.py:190} INFO - [2024-11-17T09:06:53.931+0000] {dag.py:4180} INFO - Setting next_dagrun for example_display_name to None, run_after=None
[2024-11-17T09:06:53.987+0000] {processor.py:208} INFO - Processing /home/airflow/.local/lib/python3.12/site-packages/airflow/example_dags/example_display_name.py took 0.205 seconds
[2024-11-17T09:07:24.914+0000] {processor.py:186} INFO - Started process (PID=1257) to work on /home/airflow/.local/lib/python3.12/site-packages/airflow/example_dags/example_display_name.py
[2024-11-17T09:07:24.917+0000] {processor.py:914} INFO - Processing file /home/airflow/.local/lib/python3.12/site-packages/airflow/example_dags/example_display_name.py for tasks to queue
[2024-11-17T09:07:24.924+0000] {logging_mixin.py:190} INFO - [2024-11-17T09:07:24.923+0000] {dagbag.py:588} INFO - Filling up the DagBag from /home/airflow/.local/lib/python3.12/site-packages/airflow/example_dags/example_display_name.py
[2024-11-17T09:07:24.946+0000] {processor.py:925} INFO - DAG(s) 'example_display_name' retrieved from /home/airflow/.local/lib/python3.12/site-packages/airflow/example_dags/example_display_name.py
[2024-11-17T09:07:25.008+0000] {logging_mixin.py:190} INFO - [2024-11-17T09:07:25.008+0000] {dag.py:3239} INFO - Sync 1 DAGs
[2024-11-17T09:07:25.054+0000] {logging_mixin.py:190} INFO - [2024-11-17T09:07:25.054+0000] {dag.py:4180} INFO - Setting next_dagrun for example_display_name to None, run_after=None
[2024-11-17T09:07:25.118+0000] {processor.py:208} INFO - Processing /home/airflow/.local/lib/python3.12/site-packages/airflow/example_dags/example_display_name.py took 0.224 seconds
[2024-11-17T09:07:55.460+0000] {processor.py:186} INFO - Started process (PID=1323) to work on /home/airflow/.local/lib/python3.12/site-packages/airflow/example_dags/example_display_name.py
[2024-11-17T09:07:55.463+0000] {processor.py:914} INFO - Processing file /home/airflow/.local/lib/python3.12/site-packages/airflow/example_dags/example_display_name.py for tasks to queue
[2024-11-17T09:07:55.474+0000] {logging_mixin.py:190} INFO - [2024-11-17T09:07:55.472+0000] {dagbag.py:588} INFO - Filling up the DagBag from /home/airflow/.local/lib/python3.12/site-packages/airflow/example_dags/example_display_name.py
[2024-11-17T09:07:55.500+0000] {processor.py:925} INFO - DAG(s) 'example_display_name' retrieved from /home/airflow/.local/lib/python3.12/site-packages/airflow/example_dags/example_display_name.py
[2024-11-17T09:07:55.549+0000] {logging_mixin.py:190} INFO - [2024-11-17T09:07:55.549+0000] {dag.py:3239} INFO - Sync 1 DAGs
[2024-11-17T09:07:55.589+0000] {logging_mixin.py:190} INFO - [2024-11-17T09:07:55.589+0000] {dag.py:4180} INFO - Setting next_dagrun for example_display_name to None, run_after=None
[2024-11-17T09:07:55.672+0000] {processor.py:208} INFO - Processing /home/airflow/.local/lib/python3.12/site-packages/airflow/example_dags/example_display_name.py took 0.235 seconds
[2024-11-17T09:08:25.813+0000] {processor.py:186} INFO - Started process (PID=1389) to work on /home/airflow/.local/lib/python3.12/site-packages/airflow/example_dags/example_display_name.py
[2024-11-17T09:08:25.817+0000] {processor.py:914} INFO - Processing file /home/airflow/.local/lib/python3.12/site-packages/airflow/example_dags/example_display_name.py for tasks to queue
[2024-11-17T09:08:25.825+0000] {logging_mixin.py:190} INFO - [2024-11-17T09:08:25.824+0000] {dagbag.py:588} INFO - Filling up the DagBag from /home/airflow/.local/lib/python3.12/site-packages/airflow/example_dags/example_display_name.py
[2024-11-17T09:08:25.860+0000] {processor.py:925} INFO - DAG(s) 'example_display_name' retrieved from /home/airflow/.local/lib/python3.12/site-packages/airflow/example_dags/example_display_name.py
[2024-11-17T09:08:25.949+0000] {logging_mixin.py:190} INFO - [2024-11-17T09:08:25.948+0000] {dag.py:3239} INFO - Sync 1 DAGs
[2024-11-17T09:08:26.008+0000] {logging_mixin.py:190} INFO - [2024-11-17T09:08:26.007+0000] {dag.py:4180} INFO - Setting next_dagrun for example_display_name to None, run_after=None
[2024-11-17T09:08:26.070+0000] {processor.py:208} INFO - Processing /home/airflow/.local/lib/python3.12/site-packages/airflow/example_dags/example_display_name.py took 0.277 seconds
[2024-11-17T09:08:56.445+0000] {processor.py:186} INFO - Started process (PID=1455) to work on /home/airflow/.local/lib/python3.12/site-packages/airflow/example_dags/example_display_name.py
[2024-11-17T09:08:56.448+0000] {processor.py:914} INFO - Processing file /home/airflow/.local/lib/python3.12/site-packages/airflow/example_dags/example_display_name.py for tasks to queue
[2024-11-17T09:08:56.455+0000] {logging_mixin.py:190} INFO - [2024-11-17T09:08:56.454+0000] {dagbag.py:588} INFO - Filling up the DagBag from /home/airflow/.local/lib/python3.12/site-packages/airflow/example_dags/example_display_name.py
[2024-11-17T09:08:56.477+0000] {processor.py:925} INFO - DAG(s) 'example_display_name' retrieved from /home/airflow/.local/lib/python3.12/site-packages/airflow/example_dags/example_display_name.py
[2024-11-17T09:08:56.531+0000] {logging_mixin.py:190} INFO - [2024-11-17T09:08:56.530+0000] {dag.py:3239} INFO - Sync 1 DAGs
[2024-11-17T09:08:56.571+0000] {logging_mixin.py:190} INFO - [2024-11-17T09:08:56.571+0000] {dag.py:4180} INFO - Setting next_dagrun for example_display_name to None, run_after=None
[2024-11-17T09:08:56.621+0000] {processor.py:208} INFO - Processing /home/airflow/.local/lib/python3.12/site-packages/airflow/example_dags/example_display_name.py took 0.193 seconds
[2024-11-17T09:09:26.967+0000] {processor.py:186} INFO - Started process (PID=1521) to work on /home/airflow/.local/lib/python3.12/site-packages/airflow/example_dags/example_display_name.py
[2024-11-17T09:09:26.971+0000] {processor.py:914} INFO - Processing file /home/airflow/.local/lib/python3.12/site-packages/airflow/example_dags/example_display_name.py for tasks to queue
[2024-11-17T09:09:26.978+0000] {logging_mixin.py:190} INFO - [2024-11-17T09:09:26.977+0000] {dagbag.py:588} INFO - Filling up the DagBag from /home/airflow/.local/lib/python3.12/site-packages/airflow/example_dags/example_display_name.py
[2024-11-17T09:09:27.004+0000] {processor.py:925} INFO - DAG(s) 'example_display_name' retrieved from /home/airflow/.local/lib/python3.12/site-packages/airflow/example_dags/example_display_name.py
[2024-11-17T09:09:27.065+0000] {logging_mixin.py:190} INFO - [2024-11-17T09:09:27.065+0000] {dag.py:3239} INFO - Sync 1 DAGs
[2024-11-17T09:09:27.117+0000] {logging_mixin.py:190} INFO - [2024-11-17T09:09:27.116+0000] {dag.py:4180} INFO - Setting next_dagrun for example_display_name to None, run_after=None
[2024-11-17T09:09:27.177+0000] {processor.py:208} INFO - Processing /home/airflow/.local/lib/python3.12/site-packages/airflow/example_dags/example_display_name.py took 0.227 seconds
[2024-11-17T09:09:59.068+0000] {processor.py:186} INFO - Started process (PID=1587) to work on /home/airflow/.local/lib/python3.12/site-packages/airflow/example_dags/example_display_name.py
[2024-11-17T09:09:59.071+0000] {processor.py:914} INFO - Processing file /home/airflow/.local/lib/python3.12/site-packages/airflow/example_dags/example_display_name.py for tasks to queue
[2024-11-17T09:09:59.080+0000] {logging_mixin.py:190} INFO - [2024-11-17T09:09:59.079+0000] {dagbag.py:588} INFO - Filling up the DagBag from /home/airflow/.local/lib/python3.12/site-packages/airflow/example_dags/example_display_name.py
[2024-11-17T09:09:59.102+0000] {processor.py:925} INFO - DAG(s) 'example_display_name' retrieved from /home/airflow/.local/lib/python3.12/site-packages/airflow/example_dags/example_display_name.py
[2024-11-17T09:09:59.162+0000] {logging_mixin.py:190} INFO - [2024-11-17T09:09:59.161+0000] {dag.py:3239} INFO - Sync 1 DAGs
[2024-11-17T09:09:59.210+0000] {logging_mixin.py:190} INFO - [2024-11-17T09:09:59.210+0000] {dag.py:4180} INFO - Setting next_dagrun for example_display_name to None, run_after=None
[2024-11-17T09:09:59.280+0000] {processor.py:208} INFO - Processing /home/airflow/.local/lib/python3.12/site-packages/airflow/example_dags/example_display_name.py took 0.231 seconds
[2024-11-17T09:10:30.100+0000] {processor.py:186} INFO - Started process (PID=1652) to work on /home/airflow/.local/lib/python3.12/site-packages/airflow/example_dags/example_display_name.py
[2024-11-17T09:10:30.103+0000] {processor.py:914} INFO - Processing file /home/airflow/.local/lib/python3.12/site-packages/airflow/example_dags/example_display_name.py for tasks to queue
[2024-11-17T09:10:30.110+0000] {logging_mixin.py:190} INFO - [2024-11-17T09:10:30.110+0000] {dagbag.py:588} INFO - Filling up the DagBag from /home/airflow/.local/lib/python3.12/site-packages/airflow/example_dags/example_display_name.py
[2024-11-17T09:10:30.132+0000] {processor.py:925} INFO - DAG(s) 'example_display_name' retrieved from /home/airflow/.local/lib/python3.12/site-packages/airflow/example_dags/example_display_name.py
[2024-11-17T09:10:30.193+0000] {logging_mixin.py:190} INFO - [2024-11-17T09:10:30.192+0000] {dag.py:3239} INFO - Sync 1 DAGs
[2024-11-17T09:10:30.248+0000] {logging_mixin.py:190} INFO - [2024-11-17T09:10:30.247+0000] {dag.py:4180} INFO - Setting next_dagrun for example_display_name to None, run_after=None
[2024-11-17T09:10:30.310+0000] {processor.py:208} INFO - Processing /home/airflow/.local/lib/python3.12/site-packages/airflow/example_dags/example_display_name.py took 0.229 seconds
[2024-11-17T09:11:01.828+0000] {processor.py:186} INFO - Started process (PID=1718) to work on /home/airflow/.local/lib/python3.12/site-packages/airflow/example_dags/example_display_name.py
[2024-11-17T09:11:01.840+0000] {processor.py:914} INFO - Processing file /home/airflow/.local/lib/python3.12/site-packages/airflow/example_dags/example_display_name.py for tasks to queue
[2024-11-17T09:11:01.851+0000] {logging_mixin.py:190} INFO - [2024-11-17T09:11:01.850+0000] {dagbag.py:588} INFO - Filling up the DagBag from /home/airflow/.local/lib/python3.12/site-packages/airflow/example_dags/example_display_name.py
[2024-11-17T09:11:01.922+0000] {processor.py:925} INFO - DAG(s) 'example_display_name' retrieved from /home/airflow/.local/lib/python3.12/site-packages/airflow/example_dags/example_display_name.py
[2024-11-17T09:11:02.060+0000] {logging_mixin.py:190} INFO - [2024-11-17T09:11:02.059+0000] {dag.py:3239} INFO - Sync 1 DAGs
[2024-11-17T09:11:02.173+0000] {logging_mixin.py:190} INFO - [2024-11-17T09:11:02.172+0000] {dag.py:4180} INFO - Setting next_dagrun for example_display_name to None, run_after=None
[2024-11-17T09:11:02.322+0000] {processor.py:208} INFO - Processing /home/airflow/.local/lib/python3.12/site-packages/airflow/example_dags/example_display_name.py took 0.547 seconds
[2024-11-17T09:11:32.837+0000] {processor.py:186} INFO - Started process (PID=1783) to work on /home/airflow/.local/lib/python3.12/site-packages/airflow/example_dags/example_display_name.py
[2024-11-17T09:11:32.844+0000] {processor.py:914} INFO - Processing file /home/airflow/.local/lib/python3.12/site-packages/airflow/example_dags/example_display_name.py for tasks to queue
[2024-11-17T09:11:32.852+0000] {logging_mixin.py:190} INFO - [2024-11-17T09:11:32.850+0000] {dagbag.py:588} INFO - Filling up the DagBag from /home/airflow/.local/lib/python3.12/site-packages/airflow/example_dags/example_display_name.py
[2024-11-17T09:11:32.874+0000] {processor.py:925} INFO - DAG(s) 'example_display_name' retrieved from /home/airflow/.local/lib/python3.12/site-packages/airflow/example_dags/example_display_name.py
[2024-11-17T09:11:32.958+0000] {logging_mixin.py:190} INFO - [2024-11-17T09:11:32.957+0000] {dag.py:3239} INFO - Sync 1 DAGs
[2024-11-17T09:11:33.001+0000] {logging_mixin.py:190} INFO - [2024-11-17T09:11:33.000+0000] {dag.py:4180} INFO - Setting next_dagrun for example_display_name to None, run_after=None
[2024-11-17T09:11:33.051+0000] {processor.py:208} INFO - Processing /home/airflow/.local/lib/python3.12/site-packages/airflow/example_dags/example_display_name.py took 0.240 seconds
[2024-11-17T09:12:03.313+0000] {processor.py:186} INFO - Started process (PID=1849) to work on /home/airflow/.local/lib/python3.12/site-packages/airflow/example_dags/example_display_name.py
[2024-11-17T09:12:03.315+0000] {processor.py:914} INFO - Processing file /home/airflow/.local/lib/python3.12/site-packages/airflow/example_dags/example_display_name.py for tasks to queue
[2024-11-17T09:12:03.323+0000] {logging_mixin.py:190} INFO - [2024-11-17T09:12:03.322+0000] {dagbag.py:588} INFO - Filling up the DagBag from /home/airflow/.local/lib/python3.12/site-packages/airflow/example_dags/example_display_name.py
[2024-11-17T09:12:03.345+0000] {processor.py:925} INFO - DAG(s) 'example_display_name' retrieved from /home/airflow/.local/lib/python3.12/site-packages/airflow/example_dags/example_display_name.py
[2024-11-17T09:12:03.407+0000] {logging_mixin.py:190} INFO - [2024-11-17T09:12:03.406+0000] {dag.py:3239} INFO - Sync 1 DAGs
[2024-11-17T09:12:03.460+0000] {logging_mixin.py:190} INFO - [2024-11-17T09:12:03.459+0000] {dag.py:4180} INFO - Setting next_dagrun for example_display_name to None, run_after=None
[2024-11-17T09:12:03.520+0000] {processor.py:208} INFO - Processing /home/airflow/.local/lib/python3.12/site-packages/airflow/example_dags/example_display_name.py took 0.225 seconds
[2024-11-17T09:12:35.123+0000] {processor.py:186} INFO - Started process (PID=1915) to work on /home/airflow/.local/lib/python3.12/site-packages/airflow/example_dags/example_display_name.py
[2024-11-17T09:12:35.126+0000] {processor.py:914} INFO - Processing file /home/airflow/.local/lib/python3.12/site-packages/airflow/example_dags/example_display_name.py for tasks to queue
[2024-11-17T09:12:35.138+0000] {logging_mixin.py:190} INFO - [2024-11-17T09:12:35.137+0000] {dagbag.py:588} INFO - Filling up the DagBag from /home/airflow/.local/lib/python3.12/site-packages/airflow/example_dags/example_display_name.py
[2024-11-17T09:12:35.169+0000] {processor.py:925} INFO - DAG(s) 'example_display_name' retrieved from /home/airflow/.local/lib/python3.12/site-packages/airflow/example_dags/example_display_name.py
[2024-11-17T09:12:35.245+0000] {logging_mixin.py:190} INFO - [2024-11-17T09:12:35.244+0000] {dag.py:3239} INFO - Sync 1 DAGs
[2024-11-17T09:12:35.300+0000] {logging_mixin.py:190} INFO - [2024-11-17T09:12:35.300+0000] {dag.py:4180} INFO - Setting next_dagrun for example_display_name to None, run_after=None
[2024-11-17T09:12:35.352+0000] {processor.py:208} INFO - Processing /home/airflow/.local/lib/python3.12/site-packages/airflow/example_dags/example_display_name.py took 0.255 seconds
[2024-11-17T09:13:06.656+0000] {processor.py:186} INFO - Started process (PID=1980) to work on /home/airflow/.local/lib/python3.12/site-packages/airflow/example_dags/example_display_name.py
[2024-11-17T09:13:06.659+0000] {processor.py:914} INFO - Processing file /home/airflow/.local/lib/python3.12/site-packages/airflow/example_dags/example_display_name.py for tasks to queue
[2024-11-17T09:13:06.668+0000] {logging_mixin.py:190} INFO - [2024-11-17T09:13:06.667+0000] {dagbag.py:588} INFO - Filling up the DagBag from /home/airflow/.local/lib/python3.12/site-packages/airflow/example_dags/example_display_name.py
[2024-11-17T09:13:06.690+0000] {processor.py:925} INFO - DAG(s) 'example_display_name' retrieved from /home/airflow/.local/lib/python3.12/site-packages/airflow/example_dags/example_display_name.py
[2024-11-17T09:13:06.768+0000] {logging_mixin.py:190} INFO - [2024-11-17T09:13:06.767+0000] {dag.py:3239} INFO - Sync 1 DAGs
[2024-11-17T09:13:06.848+0000] {logging_mixin.py:190} INFO - [2024-11-17T09:13:06.847+0000] {dag.py:4180} INFO - Setting next_dagrun for example_display_name to None, run_after=None
[2024-11-17T09:13:06.920+0000] {processor.py:208} INFO - Processing /home/airflow/.local/lib/python3.12/site-packages/airflow/example_dags/example_display_name.py took 0.283 seconds
[2024-11-17T09:13:37.503+0000] {processor.py:186} INFO - Started process (PID=2045) to work on /home/airflow/.local/lib/python3.12/site-packages/airflow/example_dags/example_display_name.py
[2024-11-17T09:13:37.506+0000] {processor.py:914} INFO - Processing file /home/airflow/.local/lib/python3.12/site-packages/airflow/example_dags/example_display_name.py for tasks to queue
[2024-11-17T09:13:37.513+0000] {logging_mixin.py:190} INFO - [2024-11-17T09:13:37.512+0000] {dagbag.py:588} INFO - Filling up the DagBag from /home/airflow/.local/lib/python3.12/site-packages/airflow/example_dags/example_display_name.py
[2024-11-17T09:13:37.538+0000] {processor.py:925} INFO - DAG(s) 'example_display_name' retrieved from /home/airflow/.local/lib/python3.12/site-packages/airflow/example_dags/example_display_name.py
[2024-11-17T09:13:37.591+0000] {logging_mixin.py:190} INFO - [2024-11-17T09:13:37.591+0000] {dag.py:3239} INFO - Sync 1 DAGs
[2024-11-17T09:13:37.631+0000] {logging_mixin.py:190} INFO - [2024-11-17T09:13:37.630+0000] {dag.py:4180} INFO - Setting next_dagrun for example_display_name to None, run_after=None
[2024-11-17T09:13:37.684+0000] {processor.py:208} INFO - Processing /home/airflow/.local/lib/python3.12/site-packages/airflow/example_dags/example_display_name.py took 0.197 seconds
[2024-11-17T09:14:08.141+0000] {processor.py:186} INFO - Started process (PID=2111) to work on /home/airflow/.local/lib/python3.12/site-packages/airflow/example_dags/example_display_name.py
[2024-11-17T09:14:08.144+0000] {processor.py:914} INFO - Processing file /home/airflow/.local/lib/python3.12/site-packages/airflow/example_dags/example_display_name.py for tasks to queue
[2024-11-17T09:14:08.153+0000] {logging_mixin.py:190} INFO - [2024-11-17T09:14:08.152+0000] {dagbag.py:588} INFO - Filling up the DagBag from /home/airflow/.local/lib/python3.12/site-packages/airflow/example_dags/example_display_name.py
[2024-11-17T09:14:08.175+0000] {processor.py:925} INFO - DAG(s) 'example_display_name' retrieved from /home/airflow/.local/lib/python3.12/site-packages/airflow/example_dags/example_display_name.py
[2024-11-17T09:14:08.234+0000] {logging_mixin.py:190} INFO - [2024-11-17T09:14:08.233+0000] {dag.py:3239} INFO - Sync 1 DAGs
[2024-11-17T09:14:08.277+0000] {logging_mixin.py:190} INFO - [2024-11-17T09:14:08.276+0000] {dag.py:4180} INFO - Setting next_dagrun for example_display_name to None, run_after=None
[2024-11-17T09:14:08.330+0000] {processor.py:208} INFO - Processing /home/airflow/.local/lib/python3.12/site-packages/airflow/example_dags/example_display_name.py took 0.207 seconds
[2024-11-17T09:14:39.106+0000] {processor.py:186} INFO - Started process (PID=2177) to work on /home/airflow/.local/lib/python3.12/site-packages/airflow/example_dags/example_display_name.py
[2024-11-17T09:14:39.111+0000] {processor.py:914} INFO - Processing file /home/airflow/.local/lib/python3.12/site-packages/airflow/example_dags/example_display_name.py for tasks to queue
[2024-11-17T09:14:39.120+0000] {logging_mixin.py:190} INFO - [2024-11-17T09:14:39.119+0000] {dagbag.py:588} INFO - Filling up the DagBag from /home/airflow/.local/lib/python3.12/site-packages/airflow/example_dags/example_display_name.py
[2024-11-17T09:14:39.152+0000] {processor.py:925} INFO - DAG(s) 'example_display_name' retrieved from /home/airflow/.local/lib/python3.12/site-packages/airflow/example_dags/example_display_name.py
[2024-11-17T09:14:39.222+0000] {logging_mixin.py:190} INFO - [2024-11-17T09:14:39.222+0000] {dag.py:3239} INFO - Sync 1 DAGs
[2024-11-17T09:14:39.284+0000] {logging_mixin.py:190} INFO - [2024-11-17T09:14:39.283+0000] {dag.py:4180} INFO - Setting next_dagrun for example_display_name to None, run_after=None
[2024-11-17T09:14:39.361+0000] {processor.py:208} INFO - Processing /home/airflow/.local/lib/python3.12/site-packages/airflow/example_dags/example_display_name.py took 0.279 seconds
[2024-11-17T09:15:10.064+0000] {processor.py:186} INFO - Started process (PID=2242) to work on /home/airflow/.local/lib/python3.12/site-packages/airflow/example_dags/example_display_name.py
[2024-11-17T09:15:10.068+0000] {processor.py:914} INFO - Processing file /home/airflow/.local/lib/python3.12/site-packages/airflow/example_dags/example_display_name.py for tasks to queue
[2024-11-17T09:15:10.084+0000] {logging_mixin.py:190} INFO - [2024-11-17T09:15:10.083+0000] {dagbag.py:588} INFO - Filling up the DagBag from /home/airflow/.local/lib/python3.12/site-packages/airflow/example_dags/example_display_name.py
[2024-11-17T09:15:10.120+0000] {processor.py:925} INFO - DAG(s) 'example_display_name' retrieved from /home/airflow/.local/lib/python3.12/site-packages/airflow/example_dags/example_display_name.py
[2024-11-17T09:15:10.190+0000] {logging_mixin.py:190} INFO - [2024-11-17T09:15:10.189+0000] {dag.py:3239} INFO - Sync 1 DAGs
[2024-11-17T09:15:10.247+0000] {logging_mixin.py:190} INFO - [2024-11-17T09:15:10.247+0000] {dag.py:4180} INFO - Setting next_dagrun for example_display_name to None, run_after=None
[2024-11-17T09:15:10.342+0000] {processor.py:208} INFO - Processing /home/airflow/.local/lib/python3.12/site-packages/airflow/example_dags/example_display_name.py took 0.311 seconds
[2024-11-17T09:15:40.554+0000] {processor.py:186} INFO - Started process (PID=2308) to work on /home/airflow/.local/lib/python3.12/site-packages/airflow/example_dags/example_display_name.py
[2024-11-17T09:15:40.556+0000] {processor.py:914} INFO - Processing file /home/airflow/.local/lib/python3.12/site-packages/airflow/example_dags/example_display_name.py for tasks to queue
[2024-11-17T09:15:40.563+0000] {logging_mixin.py:190} INFO - [2024-11-17T09:15:40.562+0000] {dagbag.py:588} INFO - Filling up the DagBag from /home/airflow/.local/lib/python3.12/site-packages/airflow/example_dags/example_display_name.py
[2024-11-17T09:15:40.584+0000] {processor.py:925} INFO - DAG(s) 'example_display_name' retrieved from /home/airflow/.local/lib/python3.12/site-packages/airflow/example_dags/example_display_name.py
[2024-11-17T09:15:40.636+0000] {logging_mixin.py:190} INFO - [2024-11-17T09:15:40.635+0000] {dag.py:3239} INFO - Sync 1 DAGs
[2024-11-17T09:15:40.676+0000] {logging_mixin.py:190} INFO - [2024-11-17T09:15:40.675+0000] {dag.py:4180} INFO - Setting next_dagrun for example_display_name to None, run_after=None
[2024-11-17T09:15:40.725+0000] {processor.py:208} INFO - Processing /home/airflow/.local/lib/python3.12/site-packages/airflow/example_dags/example_display_name.py took 0.188 seconds
[2024-11-17T09:16:10.836+0000] {processor.py:186} INFO - Started process (PID=2373) to work on /home/airflow/.local/lib/python3.12/site-packages/airflow/example_dags/example_display_name.py
[2024-11-17T09:16:10.839+0000] {processor.py:914} INFO - Processing file /home/airflow/.local/lib/python3.12/site-packages/airflow/example_dags/example_display_name.py for tasks to queue
[2024-11-17T09:16:10.845+0000] {logging_mixin.py:190} INFO - [2024-11-17T09:16:10.844+0000] {dagbag.py:588} INFO - Filling up the DagBag from /home/airflow/.local/lib/python3.12/site-packages/airflow/example_dags/example_display_name.py
[2024-11-17T09:16:10.866+0000] {processor.py:925} INFO - DAG(s) 'example_display_name' retrieved from /home/airflow/.local/lib/python3.12/site-packages/airflow/example_dags/example_display_name.py
[2024-11-17T09:16:10.915+0000] {logging_mixin.py:190} INFO - [2024-11-17T09:16:10.915+0000] {dag.py:3239} INFO - Sync 1 DAGs
[2024-11-17T09:16:10.955+0000] {logging_mixin.py:190} INFO - [2024-11-17T09:16:10.954+0000] {dag.py:4180} INFO - Setting next_dagrun for example_display_name to None, run_after=None
[2024-11-17T09:16:11.022+0000] {processor.py:208} INFO - Processing /home/airflow/.local/lib/python3.12/site-packages/airflow/example_dags/example_display_name.py took 0.202 seconds
[2024-11-17T09:16:41.949+0000] {processor.py:186} INFO - Started process (PID=2445) to work on /home/airflow/.local/lib/python3.12/site-packages/airflow/example_dags/example_display_name.py
[2024-11-17T09:16:41.952+0000] {processor.py:914} INFO - Processing file /home/airflow/.local/lib/python3.12/site-packages/airflow/example_dags/example_display_name.py for tasks to queue
[2024-11-17T09:16:41.958+0000] {logging_mixin.py:190} INFO - [2024-11-17T09:16:41.957+0000] {dagbag.py:588} INFO - Filling up the DagBag from /home/airflow/.local/lib/python3.12/site-packages/airflow/example_dags/example_display_name.py
[2024-11-17T09:16:41.980+0000] {processor.py:925} INFO - DAG(s) 'example_display_name' retrieved from /home/airflow/.local/lib/python3.12/site-packages/airflow/example_dags/example_display_name.py
[2024-11-17T09:16:42.029+0000] {logging_mixin.py:190} INFO - [2024-11-17T09:16:42.029+0000] {dag.py:3239} INFO - Sync 1 DAGs
[2024-11-17T09:16:42.072+0000] {logging_mixin.py:190} INFO - [2024-11-17T09:16:42.072+0000] {dag.py:4180} INFO - Setting next_dagrun for example_display_name to None, run_after=None
[2024-11-17T09:16:42.121+0000] {processor.py:208} INFO - Processing /home/airflow/.local/lib/python3.12/site-packages/airflow/example_dags/example_display_name.py took 0.190 seconds
[2024-11-17T09:17:12.655+0000] {processor.py:186} INFO - Started process (PID=2511) to work on /home/airflow/.local/lib/python3.12/site-packages/airflow/example_dags/example_display_name.py
[2024-11-17T09:17:12.658+0000] {processor.py:914} INFO - Processing file /home/airflow/.local/lib/python3.12/site-packages/airflow/example_dags/example_display_name.py for tasks to queue
[2024-11-17T09:17:12.667+0000] {logging_mixin.py:190} INFO - [2024-11-17T09:17:12.666+0000] {dagbag.py:588} INFO - Filling up the DagBag from /home/airflow/.local/lib/python3.12/site-packages/airflow/example_dags/example_display_name.py
[2024-11-17T09:17:12.702+0000] {processor.py:925} INFO - DAG(s) 'example_display_name' retrieved from /home/airflow/.local/lib/python3.12/site-packages/airflow/example_dags/example_display_name.py
[2024-11-17T09:17:12.763+0000] {logging_mixin.py:190} INFO - [2024-11-17T09:17:12.762+0000] {dag.py:3239} INFO - Sync 1 DAGs
[2024-11-17T09:17:12.812+0000] {logging_mixin.py:190} INFO - [2024-11-17T09:17:12.811+0000] {dag.py:4180} INFO - Setting next_dagrun for example_display_name to None, run_after=None
[2024-11-17T09:17:12.934+0000] {processor.py:208} INFO - Processing /home/airflow/.local/lib/python3.12/site-packages/airflow/example_dags/example_display_name.py took 0.302 seconds
[2024-11-17T09:17:43.163+0000] {processor.py:186} INFO - Started process (PID=2578) to work on /home/airflow/.local/lib/python3.12/site-packages/airflow/example_dags/example_display_name.py
[2024-11-17T09:17:43.166+0000] {processor.py:914} INFO - Processing file /home/airflow/.local/lib/python3.12/site-packages/airflow/example_dags/example_display_name.py for tasks to queue
[2024-11-17T09:17:43.173+0000] {logging_mixin.py:190} INFO - [2024-11-17T09:17:43.172+0000] {dagbag.py:588} INFO - Filling up the DagBag from /home/airflow/.local/lib/python3.12/site-packages/airflow/example_dags/example_display_name.py
[2024-11-17T09:17:43.201+0000] {processor.py:925} INFO - DAG(s) 'example_display_name' retrieved from /home/airflow/.local/lib/python3.12/site-packages/airflow/example_dags/example_display_name.py
[2024-11-17T09:17:43.260+0000] {logging_mixin.py:190} INFO - [2024-11-17T09:17:43.260+0000] {dag.py:3239} INFO - Sync 1 DAGs
[2024-11-17T09:17:43.303+0000] {logging_mixin.py:190} INFO - [2024-11-17T09:17:43.303+0000] {dag.py:4180} INFO - Setting next_dagrun for example_display_name to None, run_after=None
[2024-11-17T09:17:43.363+0000] {processor.py:208} INFO - Processing /home/airflow/.local/lib/python3.12/site-packages/airflow/example_dags/example_display_name.py took 0.226 seconds
[2024-11-17T09:18:13.613+0000] {processor.py:186} INFO - Started process (PID=2643) to work on /home/airflow/.local/lib/python3.12/site-packages/airflow/example_dags/example_display_name.py
[2024-11-17T09:18:13.616+0000] {processor.py:914} INFO - Processing file /home/airflow/.local/lib/python3.12/site-packages/airflow/example_dags/example_display_name.py for tasks to queue
[2024-11-17T09:18:13.622+0000] {logging_mixin.py:190} INFO - [2024-11-17T09:18:13.621+0000] {dagbag.py:588} INFO - Filling up the DagBag from /home/airflow/.local/lib/python3.12/site-packages/airflow/example_dags/example_display_name.py
[2024-11-17T09:18:13.642+0000] {processor.py:925} INFO - DAG(s) 'example_display_name' retrieved from /home/airflow/.local/lib/python3.12/site-packages/airflow/example_dags/example_display_name.py
[2024-11-17T09:18:13.693+0000] {logging_mixin.py:190} INFO - [2024-11-17T09:18:13.693+0000] {dag.py:3239} INFO - Sync 1 DAGs
[2024-11-17T09:18:13.733+0000] {logging_mixin.py:190} INFO - [2024-11-17T09:18:13.733+0000] {dag.py:4180} INFO - Setting next_dagrun for example_display_name to None, run_after=None
[2024-11-17T09:18:13.781+0000] {processor.py:208} INFO - Processing /home/airflow/.local/lib/python3.12/site-packages/airflow/example_dags/example_display_name.py took 0.185 seconds
[2024-11-17T09:18:44.340+0000] {processor.py:186} INFO - Started process (PID=2708) to work on /home/airflow/.local/lib/python3.12/site-packages/airflow/example_dags/example_display_name.py
[2024-11-17T09:18:44.343+0000] {processor.py:914} INFO - Processing file /home/airflow/.local/lib/python3.12/site-packages/airflow/example_dags/example_display_name.py for tasks to queue
[2024-11-17T09:18:44.349+0000] {logging_mixin.py:190} INFO - [2024-11-17T09:18:44.349+0000] {dagbag.py:588} INFO - Filling up the DagBag from /home/airflow/.local/lib/python3.12/site-packages/airflow/example_dags/example_display_name.py
[2024-11-17T09:18:44.375+0000] {processor.py:925} INFO - DAG(s) 'example_display_name' retrieved from /home/airflow/.local/lib/python3.12/site-packages/airflow/example_dags/example_display_name.py
[2024-11-17T09:18:44.450+0000] {logging_mixin.py:190} INFO - [2024-11-17T09:18:44.449+0000] {dag.py:3239} INFO - Sync 1 DAGs
[2024-11-17T09:18:44.514+0000] {logging_mixin.py:190} INFO - [2024-11-17T09:18:44.514+0000] {dag.py:4180} INFO - Setting next_dagrun for example_display_name to None, run_after=None
[2024-11-17T09:18:44.591+0000] {processor.py:208} INFO - Processing /home/airflow/.local/lib/python3.12/site-packages/airflow/example_dags/example_display_name.py took 0.267 seconds
[2024-11-17T09:19:14.893+0000] {processor.py:186} INFO - Started process (PID=2774) to work on /home/airflow/.local/lib/python3.12/site-packages/airflow/example_dags/example_display_name.py
[2024-11-17T09:19:14.897+0000] {processor.py:914} INFO - Processing file /home/airflow/.local/lib/python3.12/site-packages/airflow/example_dags/example_display_name.py for tasks to queue
[2024-11-17T09:19:14.909+0000] {logging_mixin.py:190} INFO - [2024-11-17T09:19:14.907+0000] {dagbag.py:588} INFO - Filling up the DagBag from /home/airflow/.local/lib/python3.12/site-packages/airflow/example_dags/example_display_name.py
[2024-11-17T09:19:14.940+0000] {processor.py:925} INFO - DAG(s) 'example_display_name' retrieved from /home/airflow/.local/lib/python3.12/site-packages/airflow/example_dags/example_display_name.py
[2024-11-17T09:19:15.008+0000] {logging_mixin.py:190} INFO - [2024-11-17T09:19:15.007+0000] {dag.py:3239} INFO - Sync 1 DAGs
[2024-11-17T09:19:15.068+0000] {logging_mixin.py:190} INFO - [2024-11-17T09:19:15.067+0000] {dag.py:4180} INFO - Setting next_dagrun for example_display_name to None, run_after=None
[2024-11-17T09:19:15.131+0000] {processor.py:208} INFO - Processing /home/airflow/.local/lib/python3.12/site-packages/airflow/example_dags/example_display_name.py took 0.261 seconds
[2024-11-17T09:19:45.736+0000] {processor.py:186} INFO - Started process (PID=2839) to work on /home/airflow/.local/lib/python3.12/site-packages/airflow/example_dags/example_display_name.py
[2024-11-17T09:19:45.739+0000] {processor.py:914} INFO - Processing file /home/airflow/.local/lib/python3.12/site-packages/airflow/example_dags/example_display_name.py for tasks to queue
[2024-11-17T09:19:45.748+0000] {logging_mixin.py:190} INFO - [2024-11-17T09:19:45.747+0000] {dagbag.py:588} INFO - Filling up the DagBag from /home/airflow/.local/lib/python3.12/site-packages/airflow/example_dags/example_display_name.py
[2024-11-17T09:19:45.772+0000] {processor.py:925} INFO - DAG(s) 'example_display_name' retrieved from /home/airflow/.local/lib/python3.12/site-packages/airflow/example_dags/example_display_name.py
[2024-11-17T09:19:45.837+0000] {logging_mixin.py:190} INFO - [2024-11-17T09:19:45.837+0000] {dag.py:3239} INFO - Sync 1 DAGs
[2024-11-17T09:19:45.895+0000] {logging_mixin.py:190} INFO - [2024-11-17T09:19:45.894+0000] {dag.py:4180} INFO - Setting next_dagrun for example_display_name to None, run_after=None
[2024-11-17T09:19:45.958+0000] {processor.py:208} INFO - Processing /home/airflow/.local/lib/python3.12/site-packages/airflow/example_dags/example_display_name.py took 0.245 seconds
[2024-11-17T09:20:16.787+0000] {processor.py:186} INFO - Started process (PID=2905) to work on /home/airflow/.local/lib/python3.12/site-packages/airflow/example_dags/example_display_name.py
[2024-11-17T09:20:16.790+0000] {processor.py:914} INFO - Processing file /home/airflow/.local/lib/python3.12/site-packages/airflow/example_dags/example_display_name.py for tasks to queue
[2024-11-17T09:20:16.798+0000] {logging_mixin.py:190} INFO - [2024-11-17T09:20:16.797+0000] {dagbag.py:588} INFO - Filling up the DagBag from /home/airflow/.local/lib/python3.12/site-packages/airflow/example_dags/example_display_name.py
[2024-11-17T09:20:16.827+0000] {processor.py:925} INFO - DAG(s) 'example_display_name' retrieved from /home/airflow/.local/lib/python3.12/site-packages/airflow/example_dags/example_display_name.py
[2024-11-17T09:20:16.894+0000] {logging_mixin.py:190} INFO - [2024-11-17T09:20:16.894+0000] {dag.py:3239} INFO - Sync 1 DAGs
[2024-11-17T09:20:16.940+0000] {logging_mixin.py:190} INFO - [2024-11-17T09:20:16.939+0000] {dag.py:4180} INFO - Setting next_dagrun for example_display_name to None, run_after=None
[2024-11-17T09:20:16.991+0000] {processor.py:208} INFO - Processing /home/airflow/.local/lib/python3.12/site-packages/airflow/example_dags/example_display_name.py took 0.225 seconds
[2024-11-17T09:20:47.357+0000] {processor.py:186} INFO - Started process (PID=2971) to work on /home/airflow/.local/lib/python3.12/site-packages/airflow/example_dags/example_display_name.py
[2024-11-17T09:20:47.360+0000] {processor.py:914} INFO - Processing file /home/airflow/.local/lib/python3.12/site-packages/airflow/example_dags/example_display_name.py for tasks to queue
[2024-11-17T09:20:47.366+0000] {logging_mixin.py:190} INFO - [2024-11-17T09:20:47.365+0000] {dagbag.py:588} INFO - Filling up the DagBag from /home/airflow/.local/lib/python3.12/site-packages/airflow/example_dags/example_display_name.py
[2024-11-17T09:20:47.388+0000] {processor.py:925} INFO - DAG(s) 'example_display_name' retrieved from /home/airflow/.local/lib/python3.12/site-packages/airflow/example_dags/example_display_name.py
[2024-11-17T09:20:47.439+0000] {logging_mixin.py:190} INFO - [2024-11-17T09:20:47.439+0000] {dag.py:3239} INFO - Sync 1 DAGs
[2024-11-17T09:20:47.480+0000] {logging_mixin.py:190} INFO - [2024-11-17T09:20:47.479+0000] {dag.py:4180} INFO - Setting next_dagrun for example_display_name to None, run_after=None
[2024-11-17T09:20:47.527+0000] {processor.py:208} INFO - Processing /home/airflow/.local/lib/python3.12/site-packages/airflow/example_dags/example_display_name.py took 0.191 seconds
[2024-11-17T09:21:17.877+0000] {processor.py:186} INFO - Started process (PID=3037) to work on /home/airflow/.local/lib/python3.12/site-packages/airflow/example_dags/example_display_name.py
[2024-11-17T09:21:17.880+0000] {processor.py:914} INFO - Processing file /home/airflow/.local/lib/python3.12/site-packages/airflow/example_dags/example_display_name.py for tasks to queue
[2024-11-17T09:21:17.887+0000] {logging_mixin.py:190} INFO - [2024-11-17T09:21:17.886+0000] {dagbag.py:588} INFO - Filling up the DagBag from /home/airflow/.local/lib/python3.12/site-packages/airflow/example_dags/example_display_name.py
[2024-11-17T09:21:17.909+0000] {processor.py:925} INFO - DAG(s) 'example_display_name' retrieved from /home/airflow/.local/lib/python3.12/site-packages/airflow/example_dags/example_display_name.py
[2024-11-17T09:21:17.982+0000] {logging_mixin.py:190} INFO - [2024-11-17T09:21:17.981+0000] {dag.py:3239} INFO - Sync 1 DAGs
[2024-11-17T09:21:18.031+0000] {logging_mixin.py:190} INFO - [2024-11-17T09:21:18.030+0000] {dag.py:4180} INFO - Setting next_dagrun for example_display_name to None, run_after=None
[2024-11-17T09:21:18.094+0000] {processor.py:208} INFO - Processing /home/airflow/.local/lib/python3.12/site-packages/airflow/example_dags/example_display_name.py took 0.234 seconds
[2024-11-17T09:21:48.812+0000] {processor.py:186} INFO - Started process (PID=3102) to work on /home/airflow/.local/lib/python3.12/site-packages/airflow/example_dags/example_display_name.py
[2024-11-17T09:21:48.816+0000] {processor.py:914} INFO - Processing file /home/airflow/.local/lib/python3.12/site-packages/airflow/example_dags/example_display_name.py for tasks to queue
[2024-11-17T09:21:48.824+0000] {logging_mixin.py:190} INFO - [2024-11-17T09:21:48.823+0000] {dagbag.py:588} INFO - Filling up the DagBag from /home/airflow/.local/lib/python3.12/site-packages/airflow/example_dags/example_display_name.py
[2024-11-17T09:21:48.850+0000] {processor.py:925} INFO - DAG(s) 'example_display_name' retrieved from /home/airflow/.local/lib/python3.12/site-packages/airflow/example_dags/example_display_name.py
[2024-11-17T09:21:48.912+0000] {logging_mixin.py:190} INFO - [2024-11-17T09:21:48.911+0000] {dag.py:3239} INFO - Sync 1 DAGs
[2024-11-17T09:21:48.958+0000] {logging_mixin.py:190} INFO - [2024-11-17T09:21:48.957+0000] {dag.py:4180} INFO - Setting next_dagrun for example_display_name to None, run_after=None
[2024-11-17T09:21:49.027+0000] {processor.py:208} INFO - Processing /home/airflow/.local/lib/python3.12/site-packages/airflow/example_dags/example_display_name.py took 0.236 seconds
[2024-11-17T09:22:19.895+0000] {processor.py:186} INFO - Started process (PID=3167) to work on /home/airflow/.local/lib/python3.12/site-packages/airflow/example_dags/example_display_name.py
[2024-11-17T09:22:19.898+0000] {processor.py:914} INFO - Processing file /home/airflow/.local/lib/python3.12/site-packages/airflow/example_dags/example_display_name.py for tasks to queue
[2024-11-17T09:22:19.914+0000] {logging_mixin.py:190} INFO - [2024-11-17T09:22:19.912+0000] {dagbag.py:588} INFO - Filling up the DagBag from /home/airflow/.local/lib/python3.12/site-packages/airflow/example_dags/example_display_name.py
[2024-11-17T09:22:19.940+0000] {processor.py:925} INFO - DAG(s) 'example_display_name' retrieved from /home/airflow/.local/lib/python3.12/site-packages/airflow/example_dags/example_display_name.py
[2024-11-17T09:22:20.392+0000] {logging_mixin.py:190} INFO - [2024-11-17T09:22:20.391+0000] {dag.py:3239} INFO - Sync 1 DAGs
[2024-11-17T09:22:20.426+0000] {logging_mixin.py:190} INFO - [2024-11-17T09:22:20.425+0000] {dag.py:4180} INFO - Setting next_dagrun for example_display_name to None, run_after=None
[2024-11-17T09:22:20.473+0000] {processor.py:208} INFO - Processing /home/airflow/.local/lib/python3.12/site-packages/airflow/example_dags/example_display_name.py took 0.594 seconds
[2024-11-17T09:22:50.760+0000] {processor.py:186} INFO - Started process (PID=3232) to work on /home/airflow/.local/lib/python3.12/site-packages/airflow/example_dags/example_display_name.py
[2024-11-17T09:22:50.763+0000] {processor.py:914} INFO - Processing file /home/airflow/.local/lib/python3.12/site-packages/airflow/example_dags/example_display_name.py for tasks to queue
[2024-11-17T09:22:50.769+0000] {logging_mixin.py:190} INFO - [2024-11-17T09:22:50.769+0000] {dagbag.py:588} INFO - Filling up the DagBag from /home/airflow/.local/lib/python3.12/site-packages/airflow/example_dags/example_display_name.py
[2024-11-17T09:22:50.790+0000] {processor.py:925} INFO - DAG(s) 'example_display_name' retrieved from /home/airflow/.local/lib/python3.12/site-packages/airflow/example_dags/example_display_name.py
[2024-11-17T09:22:50.839+0000] {logging_mixin.py:190} INFO - [2024-11-17T09:22:50.839+0000] {dag.py:3239} INFO - Sync 1 DAGs
[2024-11-17T09:22:50.884+0000] {logging_mixin.py:190} INFO - [2024-11-17T09:22:50.883+0000] {dag.py:4180} INFO - Setting next_dagrun for example_display_name to None, run_after=None
[2024-11-17T09:22:51.298+0000] {processor.py:208} INFO - Processing /home/airflow/.local/lib/python3.12/site-packages/airflow/example_dags/example_display_name.py took 0.561 seconds
[2024-11-17T09:23:21.546+0000] {processor.py:186} INFO - Started process (PID=3298) to work on /home/airflow/.local/lib/python3.12/site-packages/airflow/example_dags/example_display_name.py
[2024-11-17T09:23:21.549+0000] {processor.py:914} INFO - Processing file /home/airflow/.local/lib/python3.12/site-packages/airflow/example_dags/example_display_name.py for tasks to queue
[2024-11-17T09:23:21.556+0000] {logging_mixin.py:190} INFO - [2024-11-17T09:23:21.555+0000] {dagbag.py:588} INFO - Filling up the DagBag from /home/airflow/.local/lib/python3.12/site-packages/airflow/example_dags/example_display_name.py
[2024-11-17T09:23:21.576+0000] {processor.py:925} INFO - DAG(s) 'example_display_name' retrieved from /home/airflow/.local/lib/python3.12/site-packages/airflow/example_dags/example_display_name.py
[2024-11-17T09:23:21.633+0000] {logging_mixin.py:190} INFO - [2024-11-17T09:23:21.632+0000] {dag.py:3239} INFO - Sync 1 DAGs
[2024-11-17T09:23:21.674+0000] {logging_mixin.py:190} INFO - [2024-11-17T09:23:21.674+0000] {dag.py:4180} INFO - Setting next_dagrun for example_display_name to None, run_after=None
[2024-11-17T09:23:21.725+0000] {processor.py:208} INFO - Processing /home/airflow/.local/lib/python3.12/site-packages/airflow/example_dags/example_display_name.py took 0.196 seconds
[2024-11-17T09:23:52.206+0000] {processor.py:186} INFO - Started process (PID=3364) to work on /home/airflow/.local/lib/python3.12/site-packages/airflow/example_dags/example_display_name.py
[2024-11-17T09:23:52.209+0000] {processor.py:914} INFO - Processing file /home/airflow/.local/lib/python3.12/site-packages/airflow/example_dags/example_display_name.py for tasks to queue
[2024-11-17T09:23:52.216+0000] {logging_mixin.py:190} INFO - [2024-11-17T09:23:52.215+0000] {dagbag.py:588} INFO - Filling up the DagBag from /home/airflow/.local/lib/python3.12/site-packages/airflow/example_dags/example_display_name.py
[2024-11-17T09:23:52.237+0000] {processor.py:925} INFO - DAG(s) 'example_display_name' retrieved from /home/airflow/.local/lib/python3.12/site-packages/airflow/example_dags/example_display_name.py
[2024-11-17T09:23:52.293+0000] {logging_mixin.py:190} INFO - [2024-11-17T09:23:52.292+0000] {dag.py:3239} INFO - Sync 1 DAGs
[2024-11-17T09:23:52.345+0000] {logging_mixin.py:190} INFO - [2024-11-17T09:23:52.344+0000] {dag.py:4180} INFO - Setting next_dagrun for example_display_name to None, run_after=None
[2024-11-17T09:23:52.394+0000] {processor.py:208} INFO - Processing /home/airflow/.local/lib/python3.12/site-packages/airflow/example_dags/example_display_name.py took 0.209 seconds
[2024-11-17T09:24:22.614+0000] {processor.py:186} INFO - Started process (PID=3429) to work on /home/airflow/.local/lib/python3.12/site-packages/airflow/example_dags/example_display_name.py
[2024-11-17T09:24:22.617+0000] {processor.py:914} INFO - Processing file /home/airflow/.local/lib/python3.12/site-packages/airflow/example_dags/example_display_name.py for tasks to queue
[2024-11-17T09:24:22.626+0000] {logging_mixin.py:190} INFO - [2024-11-17T09:24:22.625+0000] {dagbag.py:588} INFO - Filling up the DagBag from /home/airflow/.local/lib/python3.12/site-packages/airflow/example_dags/example_display_name.py
[2024-11-17T09:24:22.656+0000] {processor.py:925} INFO - DAG(s) 'example_display_name' retrieved from /home/airflow/.local/lib/python3.12/site-packages/airflow/example_dags/example_display_name.py
[2024-11-17T09:24:22.725+0000] {logging_mixin.py:190} INFO - [2024-11-17T09:24:22.724+0000] {dag.py:3239} INFO - Sync 1 DAGs
[2024-11-17T09:24:22.775+0000] {logging_mixin.py:190} INFO - [2024-11-17T09:24:22.774+0000] {dag.py:4180} INFO - Setting next_dagrun for example_display_name to None, run_after=None
[2024-11-17T09:24:22.869+0000] {processor.py:208} INFO - Processing /home/airflow/.local/lib/python3.12/site-packages/airflow/example_dags/example_display_name.py took 0.281 seconds
[2024-11-17T09:24:53.857+0000] {processor.py:186} INFO - Started process (PID=3495) to work on /home/airflow/.local/lib/python3.12/site-packages/airflow/example_dags/example_display_name.py
[2024-11-17T09:24:53.860+0000] {processor.py:914} INFO - Processing file /home/airflow/.local/lib/python3.12/site-packages/airflow/example_dags/example_display_name.py for tasks to queue
[2024-11-17T09:24:53.870+0000] {logging_mixin.py:190} INFO - [2024-11-17T09:24:53.869+0000] {dagbag.py:588} INFO - Filling up the DagBag from /home/airflow/.local/lib/python3.12/site-packages/airflow/example_dags/example_display_name.py
[2024-11-17T09:24:53.897+0000] {processor.py:925} INFO - DAG(s) 'example_display_name' retrieved from /home/airflow/.local/lib/python3.12/site-packages/airflow/example_dags/example_display_name.py
[2024-11-17T09:24:53.954+0000] {logging_mixin.py:190} INFO - [2024-11-17T09:24:53.954+0000] {dag.py:3239} INFO - Sync 1 DAGs
[2024-11-17T09:24:54.012+0000] {logging_mixin.py:190} INFO - [2024-11-17T09:24:54.011+0000] {dag.py:4180} INFO - Setting next_dagrun for example_display_name to None, run_after=None
[2024-11-17T09:24:54.085+0000] {processor.py:208} INFO - Processing /home/airflow/.local/lib/python3.12/site-packages/airflow/example_dags/example_display_name.py took 0.254 seconds
[2024-11-17T09:25:24.357+0000] {processor.py:186} INFO - Started process (PID=3562) to work on /home/airflow/.local/lib/python3.12/site-packages/airflow/example_dags/example_display_name.py
[2024-11-17T09:25:24.360+0000] {processor.py:914} INFO - Processing file /home/airflow/.local/lib/python3.12/site-packages/airflow/example_dags/example_display_name.py for tasks to queue
[2024-11-17T09:25:24.366+0000] {logging_mixin.py:190} INFO - [2024-11-17T09:25:24.366+0000] {dagbag.py:588} INFO - Filling up the DagBag from /home/airflow/.local/lib/python3.12/site-packages/airflow/example_dags/example_display_name.py
[2024-11-17T09:25:24.394+0000] {processor.py:925} INFO - DAG(s) 'example_display_name' retrieved from /home/airflow/.local/lib/python3.12/site-packages/airflow/example_dags/example_display_name.py
[2024-11-17T09:25:24.448+0000] {logging_mixin.py:190} INFO - [2024-11-17T09:25:24.447+0000] {dag.py:3239} INFO - Sync 1 DAGs
[2024-11-17T09:25:24.495+0000] {logging_mixin.py:190} INFO - [2024-11-17T09:25:24.495+0000] {dag.py:4180} INFO - Setting next_dagrun for example_display_name to None, run_after=None
[2024-11-17T09:25:24.552+0000] {processor.py:208} INFO - Processing /home/airflow/.local/lib/python3.12/site-packages/airflow/example_dags/example_display_name.py took 0.213 seconds
[2024-11-17T09:25:54.990+0000] {processor.py:186} INFO - Started process (PID=3627) to work on /home/airflow/.local/lib/python3.12/site-packages/airflow/example_dags/example_display_name.py
[2024-11-17T09:25:54.993+0000] {processor.py:914} INFO - Processing file /home/airflow/.local/lib/python3.12/site-packages/airflow/example_dags/example_display_name.py for tasks to queue
[2024-11-17T09:25:54.999+0000] {logging_mixin.py:190} INFO - [2024-11-17T09:25:54.998+0000] {dagbag.py:588} INFO - Filling up the DagBag from /home/airflow/.local/lib/python3.12/site-packages/airflow/example_dags/example_display_name.py
[2024-11-17T09:25:55.021+0000] {processor.py:925} INFO - DAG(s) 'example_display_name' retrieved from /home/airflow/.local/lib/python3.12/site-packages/airflow/example_dags/example_display_name.py
[2024-11-17T09:25:55.072+0000] {logging_mixin.py:190} INFO - [2024-11-17T09:25:55.071+0000] {dag.py:3239} INFO - Sync 1 DAGs
[2024-11-17T09:25:55.112+0000] {logging_mixin.py:190} INFO - [2024-11-17T09:25:55.112+0000] {dag.py:4180} INFO - Setting next_dagrun for example_display_name to None, run_after=None
[2024-11-17T09:25:55.168+0000] {processor.py:208} INFO - Processing /home/airflow/.local/lib/python3.12/site-packages/airflow/example_dags/example_display_name.py took 0.200 seconds
[2024-11-17T09:26:25.418+0000] {processor.py:186} INFO - Started process (PID=3693) to work on /home/airflow/.local/lib/python3.12/site-packages/airflow/example_dags/example_display_name.py
[2024-11-17T09:26:25.420+0000] {processor.py:914} INFO - Processing file /home/airflow/.local/lib/python3.12/site-packages/airflow/example_dags/example_display_name.py for tasks to queue
[2024-11-17T09:26:25.432+0000] {logging_mixin.py:190} INFO - [2024-11-17T09:26:25.429+0000] {dagbag.py:588} INFO - Filling up the DagBag from /home/airflow/.local/lib/python3.12/site-packages/airflow/example_dags/example_display_name.py
[2024-11-17T09:26:25.462+0000] {processor.py:925} INFO - DAG(s) 'example_display_name' retrieved from /home/airflow/.local/lib/python3.12/site-packages/airflow/example_dags/example_display_name.py
[2024-11-17T09:26:25.523+0000] {logging_mixin.py:190} INFO - [2024-11-17T09:26:25.523+0000] {dag.py:3239} INFO - Sync 1 DAGs
[2024-11-17T09:26:25.580+0000] {logging_mixin.py:190} INFO - [2024-11-17T09:26:25.580+0000] {dag.py:4180} INFO - Setting next_dagrun for example_display_name to None, run_after=None
[2024-11-17T09:26:25.649+0000] {processor.py:208} INFO - Processing /home/airflow/.local/lib/python3.12/site-packages/airflow/example_dags/example_display_name.py took 0.257 seconds
[2024-11-17T09:26:56.182+0000] {processor.py:186} INFO - Started process (PID=3759) to work on /home/airflow/.local/lib/python3.12/site-packages/airflow/example_dags/example_display_name.py
[2024-11-17T09:26:56.184+0000] {processor.py:914} INFO - Processing file /home/airflow/.local/lib/python3.12/site-packages/airflow/example_dags/example_display_name.py for tasks to queue
[2024-11-17T09:26:56.191+0000] {logging_mixin.py:190} INFO - [2024-11-17T09:26:56.190+0000] {dagbag.py:588} INFO - Filling up the DagBag from /home/airflow/.local/lib/python3.12/site-packages/airflow/example_dags/example_display_name.py
[2024-11-17T09:26:56.223+0000] {processor.py:925} INFO - DAG(s) 'example_display_name' retrieved from /home/airflow/.local/lib/python3.12/site-packages/airflow/example_dags/example_display_name.py
[2024-11-17T09:26:56.309+0000] {logging_mixin.py:190} INFO - [2024-11-17T09:26:56.308+0000] {dag.py:3239} INFO - Sync 1 DAGs
[2024-11-17T09:26:56.379+0000] {logging_mixin.py:190} INFO - [2024-11-17T09:26:56.378+0000] {dag.py:4180} INFO - Setting next_dagrun for example_display_name to None, run_after=None
[2024-11-17T09:26:56.443+0000] {processor.py:208} INFO - Processing /home/airflow/.local/lib/python3.12/site-packages/airflow/example_dags/example_display_name.py took 0.284 seconds
[2024-11-17T09:27:27.328+0000] {processor.py:186} INFO - Started process (PID=3825) to work on /home/airflow/.local/lib/python3.12/site-packages/airflow/example_dags/example_display_name.py
[2024-11-17T09:27:27.331+0000] {processor.py:914} INFO - Processing file /home/airflow/.local/lib/python3.12/site-packages/airflow/example_dags/example_display_name.py for tasks to queue
[2024-11-17T09:27:27.339+0000] {logging_mixin.py:190} INFO - [2024-11-17T09:27:27.338+0000] {dagbag.py:588} INFO - Filling up the DagBag from /home/airflow/.local/lib/python3.12/site-packages/airflow/example_dags/example_display_name.py
[2024-11-17T09:27:27.372+0000] {processor.py:925} INFO - DAG(s) 'example_display_name' retrieved from /home/airflow/.local/lib/python3.12/site-packages/airflow/example_dags/example_display_name.py
[2024-11-17T09:27:27.538+0000] {logging_mixin.py:190} INFO - [2024-11-17T09:27:27.537+0000] {dag.py:3239} INFO - Sync 1 DAGs
[2024-11-17T09:27:27.710+0000] {logging_mixin.py:190} INFO - [2024-11-17T09:27:27.710+0000] {dag.py:4180} INFO - Setting next_dagrun for example_display_name to None, run_after=None
[2024-11-17T09:27:27.775+0000] {processor.py:208} INFO - Processing /home/airflow/.local/lib/python3.12/site-packages/airflow/example_dags/example_display_name.py took 0.465 seconds
[2024-11-17T09:27:58.043+0000] {processor.py:186} INFO - Started process (PID=3890) to work on /home/airflow/.local/lib/python3.12/site-packages/airflow/example_dags/example_display_name.py
[2024-11-17T09:27:58.046+0000] {processor.py:914} INFO - Processing file /home/airflow/.local/lib/python3.12/site-packages/airflow/example_dags/example_display_name.py for tasks to queue
[2024-11-17T09:27:58.053+0000] {logging_mixin.py:190} INFO - [2024-11-17T09:27:58.052+0000] {dagbag.py:588} INFO - Filling up the DagBag from /home/airflow/.local/lib/python3.12/site-packages/airflow/example_dags/example_display_name.py
[2024-11-17T09:27:58.079+0000] {processor.py:925} INFO - DAG(s) 'example_display_name' retrieved from /home/airflow/.local/lib/python3.12/site-packages/airflow/example_dags/example_display_name.py
[2024-11-17T09:27:58.139+0000] {logging_mixin.py:190} INFO - [2024-11-17T09:27:58.138+0000] {dag.py:3239} INFO - Sync 1 DAGs
[2024-11-17T09:27:58.204+0000] {logging_mixin.py:190} INFO - [2024-11-17T09:27:58.203+0000] {dag.py:4180} INFO - Setting next_dagrun for example_display_name to None, run_after=None
[2024-11-17T09:27:58.273+0000] {processor.py:208} INFO - Processing /home/airflow/.local/lib/python3.12/site-packages/airflow/example_dags/example_display_name.py took 0.251 seconds
