[2024-11-17T08:58:14.522+0000] {processor.py:186} INFO - Started process (PID=127) to work on /home/airflow/.local/lib/python3.12/site-packages/airflow/example_dags/example_latest_only.py
[2024-11-17T08:58:14.525+0000] {processor.py:914} INFO - Processing file /home/airflow/.local/lib/python3.12/site-packages/airflow/example_dags/example_latest_only.py for tasks to queue
[2024-11-17T08:58:14.533+0000] {logging_mixin.py:190} INFO - [2024-11-17T08:58:14.532+0000] {dagbag.py:588} INFO - Filling up the DagBag from /home/airflow/.local/lib/python3.12/site-packages/airflow/example_dags/example_latest_only.py
[2024-11-17T08:58:14.553+0000] {processor.py:925} INFO - DAG(s) 'latest_only' retrieved from /home/airflow/.local/lib/python3.12/site-packages/airflow/example_dags/example_latest_only.py
[2024-11-17T08:58:14.934+0000] {logging_mixin.py:190} INFO - [2024-11-17T08:58:14.932+0000] {override.py:1911} INFO - Created Permission View: can delete on DAG:latest_only
[2024-11-17T08:58:14.967+0000] {logging_mixin.py:190} INFO - [2024-11-17T08:58:14.966+0000] {override.py:1911} INFO - Created Permission View: can edit on DAG:latest_only
[2024-11-17T08:58:14.986+0000] {logging_mixin.py:190} INFO - [2024-11-17T08:58:14.986+0000] {override.py:1911} INFO - Created Permission View: can read on DAG:latest_only
[2024-11-17T08:58:15.010+0000] {logging_mixin.py:190} INFO - [2024-11-17T08:58:15.010+0000] {override.py:1911} INFO - Created Permission View: can delete on DAG Run:latest_only
[2024-11-17T08:58:15.031+0000] {logging_mixin.py:190} INFO - [2024-11-17T08:58:15.030+0000] {override.py:1911} INFO - Created Permission View: menu access on DAG Run:latest_only
[2024-11-17T08:58:15.050+0000] {logging_mixin.py:190} INFO - [2024-11-17T08:58:15.049+0000] {override.py:1911} INFO - Created Permission View: can create on DAG Run:latest_only
[2024-11-17T08:58:15.073+0000] {logging_mixin.py:190} INFO - [2024-11-17T08:58:15.072+0000] {override.py:1911} INFO - Created Permission View: can read on DAG Run:latest_only
[2024-11-17T08:58:15.075+0000] {logging_mixin.py:190} INFO - [2024-11-17T08:58:15.074+0000] {dag.py:3239} INFO - Sync 1 DAGs
[2024-11-17T08:58:15.119+0000] {logging_mixin.py:190} INFO - [2024-11-17T08:58:15.118+0000] {dag.py:3262} INFO - Creating ORM DAG for latest_only
[2024-11-17T08:58:15.148+0000] {logging_mixin.py:190} INFO - [2024-11-17T08:58:15.147+0000] {dag.py:4180} INFO - Setting next_dagrun for latest_only to 2024-11-17 04:00:00+00:00, run_after=2024-11-17 08:00:00+00:00
[2024-11-17T08:58:15.205+0000] {processor.py:208} INFO - Processing /home/airflow/.local/lib/python3.12/site-packages/airflow/example_dags/example_latest_only.py took 0.704 seconds
[2024-11-17T08:58:54.090+0000] {processor.py:186} INFO - Started process (PID=209) to work on /home/airflow/.local/lib/python3.12/site-packages/airflow/example_dags/example_latest_only.py
[2024-11-17T08:58:54.092+0000] {processor.py:914} INFO - Processing file /home/airflow/.local/lib/python3.12/site-packages/airflow/example_dags/example_latest_only.py for tasks to queue
[2024-11-17T08:58:54.099+0000] {logging_mixin.py:190} INFO - [2024-11-17T08:58:54.098+0000] {dagbag.py:588} INFO - Filling up the DagBag from /home/airflow/.local/lib/python3.12/site-packages/airflow/example_dags/example_latest_only.py
[2024-11-17T08:58:54.117+0000] {processor.py:925} INFO - DAG(s) 'latest_only' retrieved from /home/airflow/.local/lib/python3.12/site-packages/airflow/example_dags/example_latest_only.py
[2024-11-17T08:58:54.167+0000] {logging_mixin.py:190} INFO - [2024-11-17T08:58:54.166+0000] {dag.py:3239} INFO - Sync 1 DAGs
[2024-11-17T08:58:54.237+0000] {logging_mixin.py:190} INFO - [2024-11-17T08:58:54.236+0000] {dag.py:4180} INFO - Setting next_dagrun for latest_only to 2024-11-17 04:00:00+00:00, run_after=2024-11-17 08:00:00+00:00
[2024-11-17T08:58:54.290+0000] {processor.py:208} INFO - Processing /home/airflow/.local/lib/python3.12/site-packages/airflow/example_dags/example_latest_only.py took 0.217 seconds
[2024-11-17T08:59:32.533+0000] {processor.py:186} INFO - Started process (PID=280) to work on /home/airflow/.local/lib/python3.12/site-packages/airflow/example_dags/example_latest_only.py
[2024-11-17T08:59:32.536+0000] {processor.py:914} INFO - Processing file /home/airflow/.local/lib/python3.12/site-packages/airflow/example_dags/example_latest_only.py for tasks to queue
[2024-11-17T08:59:32.543+0000] {logging_mixin.py:190} INFO - [2024-11-17T08:59:32.542+0000] {dagbag.py:588} INFO - Filling up the DagBag from /home/airflow/.local/lib/python3.12/site-packages/airflow/example_dags/example_latest_only.py
[2024-11-17T08:59:32.562+0000] {processor.py:925} INFO - DAG(s) 'latest_only' retrieved from /home/airflow/.local/lib/python3.12/site-packages/airflow/example_dags/example_latest_only.py
[2024-11-17T08:59:32.622+0000] {logging_mixin.py:190} INFO - [2024-11-17T08:59:32.622+0000] {dag.py:3239} INFO - Sync 1 DAGs
[2024-11-17T08:59:32.689+0000] {logging_mixin.py:190} INFO - [2024-11-17T08:59:32.688+0000] {dag.py:4180} INFO - Setting next_dagrun for latest_only to 2024-11-17 04:00:00+00:00, run_after=2024-11-17 08:00:00+00:00
[2024-11-17T08:59:32.745+0000] {processor.py:208} INFO - Processing /home/airflow/.local/lib/python3.12/site-packages/airflow/example_dags/example_latest_only.py took 0.228 seconds
[2024-11-17T09:00:03.108+0000] {processor.py:186} INFO - Started process (PID=345) to work on /home/airflow/.local/lib/python3.12/site-packages/airflow/example_dags/example_latest_only.py
[2024-11-17T09:00:03.111+0000] {processor.py:914} INFO - Processing file /home/airflow/.local/lib/python3.12/site-packages/airflow/example_dags/example_latest_only.py for tasks to queue
[2024-11-17T09:00:03.120+0000] {logging_mixin.py:190} INFO - [2024-11-17T09:00:03.118+0000] {dagbag.py:588} INFO - Filling up the DagBag from /home/airflow/.local/lib/python3.12/site-packages/airflow/example_dags/example_latest_only.py
[2024-11-17T09:00:03.147+0000] {processor.py:925} INFO - DAG(s) 'latest_only' retrieved from /home/airflow/.local/lib/python3.12/site-packages/airflow/example_dags/example_latest_only.py
[2024-11-17T09:00:03.216+0000] {logging_mixin.py:190} INFO - [2024-11-17T09:00:03.215+0000] {dag.py:3239} INFO - Sync 1 DAGs
[2024-11-17T09:00:03.326+0000] {logging_mixin.py:190} INFO - [2024-11-17T09:00:03.325+0000] {dag.py:4180} INFO - Setting next_dagrun for latest_only to 2024-11-17 04:00:00+00:00, run_after=2024-11-17 08:00:00+00:00
[2024-11-17T09:00:03.390+0000] {processor.py:208} INFO - Processing /home/airflow/.local/lib/python3.12/site-packages/airflow/example_dags/example_latest_only.py took 0.300 seconds
[2024-11-17T09:00:35.625+0000] {processor.py:186} INFO - Started process (PID=413) to work on /home/airflow/.local/lib/python3.12/site-packages/airflow/example_dags/example_latest_only.py
[2024-11-17T09:00:35.628+0000] {processor.py:914} INFO - Processing file /home/airflow/.local/lib/python3.12/site-packages/airflow/example_dags/example_latest_only.py for tasks to queue
[2024-11-17T09:00:35.636+0000] {logging_mixin.py:190} INFO - [2024-11-17T09:00:35.635+0000] {dagbag.py:588} INFO - Filling up the DagBag from /home/airflow/.local/lib/python3.12/site-packages/airflow/example_dags/example_latest_only.py
[2024-11-17T09:00:35.662+0000] {processor.py:925} INFO - DAG(s) 'latest_only' retrieved from /home/airflow/.local/lib/python3.12/site-packages/airflow/example_dags/example_latest_only.py
[2024-11-17T09:00:35.741+0000] {logging_mixin.py:190} INFO - [2024-11-17T09:00:35.740+0000] {dag.py:3239} INFO - Sync 1 DAGs
[2024-11-17T09:00:35.884+0000] {logging_mixin.py:190} INFO - [2024-11-17T09:00:35.883+0000] {dag.py:4180} INFO - Setting next_dagrun for latest_only to 2024-11-17 04:00:00+00:00, run_after=2024-11-17 08:00:00+00:00
[2024-11-17T09:00:35.976+0000] {processor.py:208} INFO - Processing /home/airflow/.local/lib/python3.12/site-packages/airflow/example_dags/example_latest_only.py took 0.374 seconds
[2024-11-17T09:01:09.516+0000] {processor.py:186} INFO - Started process (PID=487) to work on /home/airflow/.local/lib/python3.12/site-packages/airflow/example_dags/example_latest_only.py
[2024-11-17T09:01:09.519+0000] {processor.py:914} INFO - Processing file /home/airflow/.local/lib/python3.12/site-packages/airflow/example_dags/example_latest_only.py for tasks to queue
[2024-11-17T09:01:09.525+0000] {logging_mixin.py:190} INFO - [2024-11-17T09:01:09.524+0000] {dagbag.py:588} INFO - Filling up the DagBag from /home/airflow/.local/lib/python3.12/site-packages/airflow/example_dags/example_latest_only.py
[2024-11-17T09:01:09.545+0000] {processor.py:925} INFO - DAG(s) 'latest_only' retrieved from /home/airflow/.local/lib/python3.12/site-packages/airflow/example_dags/example_latest_only.py
[2024-11-17T09:01:09.602+0000] {logging_mixin.py:190} INFO - [2024-11-17T09:01:09.602+0000] {dag.py:3239} INFO - Sync 1 DAGs
[2024-11-17T09:01:09.680+0000] {logging_mixin.py:190} INFO - [2024-11-17T09:01:09.679+0000] {dag.py:4180} INFO - Setting next_dagrun for latest_only to 2024-11-17 04:00:00+00:00, run_after=2024-11-17 08:00:00+00:00
[2024-11-17T09:01:09.736+0000] {processor.py:208} INFO - Processing /home/airflow/.local/lib/python3.12/site-packages/airflow/example_dags/example_latest_only.py took 0.237 seconds
[2024-11-17T09:01:41.352+0000] {processor.py:186} INFO - Started process (PID=553) to work on /home/airflow/.local/lib/python3.12/site-packages/airflow/example_dags/example_latest_only.py
[2024-11-17T09:01:41.355+0000] {processor.py:914} INFO - Processing file /home/airflow/.local/lib/python3.12/site-packages/airflow/example_dags/example_latest_only.py for tasks to queue
[2024-11-17T09:01:41.361+0000] {logging_mixin.py:190} INFO - [2024-11-17T09:01:41.360+0000] {dagbag.py:588} INFO - Filling up the DagBag from /home/airflow/.local/lib/python3.12/site-packages/airflow/example_dags/example_latest_only.py
[2024-11-17T09:01:41.387+0000] {processor.py:925} INFO - DAG(s) 'latest_only' retrieved from /home/airflow/.local/lib/python3.12/site-packages/airflow/example_dags/example_latest_only.py
[2024-11-17T09:01:41.454+0000] {logging_mixin.py:190} INFO - [2024-11-17T09:01:41.453+0000] {dag.py:3239} INFO - Sync 1 DAGs
[2024-11-17T09:01:41.537+0000] {logging_mixin.py:190} INFO - [2024-11-17T09:01:41.536+0000] {dag.py:4180} INFO - Setting next_dagrun for latest_only to 2024-11-17 04:00:00+00:00, run_after=2024-11-17 08:00:00+00:00
[2024-11-17T09:01:41.597+0000] {processor.py:208} INFO - Processing /home/airflow/.local/lib/python3.12/site-packages/airflow/example_dags/example_latest_only.py took 0.261 seconds
[2024-11-17T09:02:13.338+0000] {processor.py:186} INFO - Started process (PID=621) to work on /home/airflow/.local/lib/python3.12/site-packages/airflow/example_dags/example_latest_only.py
[2024-11-17T09:02:13.341+0000] {processor.py:914} INFO - Processing file /home/airflow/.local/lib/python3.12/site-packages/airflow/example_dags/example_latest_only.py for tasks to queue
[2024-11-17T09:02:13.348+0000] {logging_mixin.py:190} INFO - [2024-11-17T09:02:13.347+0000] {dagbag.py:588} INFO - Filling up the DagBag from /home/airflow/.local/lib/python3.12/site-packages/airflow/example_dags/example_latest_only.py
[2024-11-17T09:02:13.368+0000] {processor.py:925} INFO - DAG(s) 'latest_only' retrieved from /home/airflow/.local/lib/python3.12/site-packages/airflow/example_dags/example_latest_only.py
[2024-11-17T09:02:13.419+0000] {logging_mixin.py:190} INFO - [2024-11-17T09:02:13.419+0000] {dag.py:3239} INFO - Sync 1 DAGs
[2024-11-17T09:02:13.484+0000] {logging_mixin.py:190} INFO - [2024-11-17T09:02:13.484+0000] {dag.py:4180} INFO - Setting next_dagrun for latest_only to 2024-11-17 04:00:00+00:00, run_after=2024-11-17 08:00:00+00:00
[2024-11-17T09:02:13.538+0000] {processor.py:208} INFO - Processing /home/airflow/.local/lib/python3.12/site-packages/airflow/example_dags/example_latest_only.py took 0.216 seconds
[2024-11-17T09:02:49.754+0000] {processor.py:186} INFO - Started process (PID=690) to work on /home/airflow/.local/lib/python3.12/site-packages/airflow/example_dags/example_latest_only.py
[2024-11-17T09:02:49.756+0000] {processor.py:914} INFO - Processing file /home/airflow/.local/lib/python3.12/site-packages/airflow/example_dags/example_latest_only.py for tasks to queue
[2024-11-17T09:02:49.763+0000] {logging_mixin.py:190} INFO - [2024-11-17T09:02:49.762+0000] {dagbag.py:588} INFO - Filling up the DagBag from /home/airflow/.local/lib/python3.12/site-packages/airflow/example_dags/example_latest_only.py
[2024-11-17T09:02:49.783+0000] {processor.py:925} INFO - DAG(s) 'latest_only' retrieved from /home/airflow/.local/lib/python3.12/site-packages/airflow/example_dags/example_latest_only.py
[2024-11-17T09:02:49.839+0000] {logging_mixin.py:190} INFO - [2024-11-17T09:02:49.838+0000] {dag.py:3239} INFO - Sync 1 DAGs
[2024-11-17T09:02:49.907+0000] {logging_mixin.py:190} INFO - [2024-11-17T09:02:49.906+0000] {dag.py:4180} INFO - Setting next_dagrun for latest_only to 2024-11-17 04:00:00+00:00, run_after=2024-11-17 08:00:00+00:00
[2024-11-17T09:02:49.957+0000] {processor.py:208} INFO - Processing /home/airflow/.local/lib/python3.12/site-packages/airflow/example_dags/example_latest_only.py took 0.221 seconds
[2024-11-17T09:03:20.588+0000] {processor.py:186} INFO - Started process (PID=755) to work on /home/airflow/.local/lib/python3.12/site-packages/airflow/example_dags/example_latest_only.py
[2024-11-17T09:03:20.590+0000] {processor.py:914} INFO - Processing file /home/airflow/.local/lib/python3.12/site-packages/airflow/example_dags/example_latest_only.py for tasks to queue
[2024-11-17T09:03:20.597+0000] {logging_mixin.py:190} INFO - [2024-11-17T09:03:20.596+0000] {dagbag.py:588} INFO - Filling up the DagBag from /home/airflow/.local/lib/python3.12/site-packages/airflow/example_dags/example_latest_only.py
[2024-11-17T09:03:20.619+0000] {processor.py:925} INFO - DAG(s) 'latest_only' retrieved from /home/airflow/.local/lib/python3.12/site-packages/airflow/example_dags/example_latest_only.py
[2024-11-17T09:03:20.684+0000] {logging_mixin.py:190} INFO - [2024-11-17T09:03:20.683+0000] {dag.py:3239} INFO - Sync 1 DAGs
[2024-11-17T09:03:20.766+0000] {logging_mixin.py:190} INFO - [2024-11-17T09:03:20.765+0000] {dag.py:4180} INFO - Setting next_dagrun for latest_only to 2024-11-17 04:00:00+00:00, run_after=2024-11-17 08:00:00+00:00
[2024-11-17T09:03:20.821+0000] {processor.py:208} INFO - Processing /home/airflow/.local/lib/python3.12/site-packages/airflow/example_dags/example_latest_only.py took 0.256 seconds
[2024-11-17T09:03:53.646+0000] {processor.py:186} INFO - Started process (PID=823) to work on /home/airflow/.local/lib/python3.12/site-packages/airflow/example_dags/example_latest_only.py
[2024-11-17T09:03:53.650+0000] {processor.py:914} INFO - Processing file /home/airflow/.local/lib/python3.12/site-packages/airflow/example_dags/example_latest_only.py for tasks to queue
[2024-11-17T09:03:53.663+0000] {logging_mixin.py:190} INFO - [2024-11-17T09:03:53.661+0000] {dagbag.py:588} INFO - Filling up the DagBag from /home/airflow/.local/lib/python3.12/site-packages/airflow/example_dags/example_latest_only.py
[2024-11-17T09:03:53.693+0000] {processor.py:925} INFO - DAG(s) 'latest_only' retrieved from /home/airflow/.local/lib/python3.12/site-packages/airflow/example_dags/example_latest_only.py
[2024-11-17T09:03:53.752+0000] {logging_mixin.py:190} INFO - [2024-11-17T09:03:53.752+0000] {dag.py:3239} INFO - Sync 1 DAGs
[2024-11-17T09:03:53.832+0000] {logging_mixin.py:190} INFO - [2024-11-17T09:03:53.831+0000] {dag.py:4180} INFO - Setting next_dagrun for latest_only to 2024-11-17 04:00:00+00:00, run_after=2024-11-17 08:00:00+00:00
[2024-11-17T09:03:53.934+0000] {processor.py:208} INFO - Processing /home/airflow/.local/lib/python3.12/site-packages/airflow/example_dags/example_latest_only.py took 0.311 seconds
[2024-11-17T09:04:24.817+0000] {processor.py:186} INFO - Started process (PID=889) to work on /home/airflow/.local/lib/python3.12/site-packages/airflow/example_dags/example_latest_only.py
[2024-11-17T09:04:24.820+0000] {processor.py:914} INFO - Processing file /home/airflow/.local/lib/python3.12/site-packages/airflow/example_dags/example_latest_only.py for tasks to queue
[2024-11-17T09:04:24.827+0000] {logging_mixin.py:190} INFO - [2024-11-17T09:04:24.826+0000] {dagbag.py:588} INFO - Filling up the DagBag from /home/airflow/.local/lib/python3.12/site-packages/airflow/example_dags/example_latest_only.py
[2024-11-17T09:04:24.854+0000] {processor.py:925} INFO - DAG(s) 'latest_only' retrieved from /home/airflow/.local/lib/python3.12/site-packages/airflow/example_dags/example_latest_only.py
[2024-11-17T09:04:24.909+0000] {logging_mixin.py:190} INFO - [2024-11-17T09:04:24.908+0000] {dag.py:3239} INFO - Sync 1 DAGs
[2024-11-17T09:04:24.979+0000] {logging_mixin.py:190} INFO - [2024-11-17T09:04:24.978+0000] {dag.py:4180} INFO - Setting next_dagrun for latest_only to 2024-11-17 04:00:00+00:00, run_after=2024-11-17 08:00:00+00:00
[2024-11-17T09:04:25.031+0000] {processor.py:208} INFO - Processing /home/airflow/.local/lib/python3.12/site-packages/airflow/example_dags/example_latest_only.py took 0.231 seconds
[2024-11-17T09:04:57.119+0000] {processor.py:186} INFO - Started process (PID=956) to work on /home/airflow/.local/lib/python3.12/site-packages/airflow/example_dags/example_latest_only.py
[2024-11-17T09:04:57.122+0000] {processor.py:914} INFO - Processing file /home/airflow/.local/lib/python3.12/site-packages/airflow/example_dags/example_latest_only.py for tasks to queue
[2024-11-17T09:04:57.132+0000] {logging_mixin.py:190} INFO - [2024-11-17T09:04:57.130+0000] {dagbag.py:588} INFO - Filling up the DagBag from /home/airflow/.local/lib/python3.12/site-packages/airflow/example_dags/example_latest_only.py
[2024-11-17T09:04:57.156+0000] {processor.py:925} INFO - DAG(s) 'latest_only' retrieved from /home/airflow/.local/lib/python3.12/site-packages/airflow/example_dags/example_latest_only.py
[2024-11-17T09:04:57.227+0000] {logging_mixin.py:190} INFO - [2024-11-17T09:04:57.226+0000] {dag.py:3239} INFO - Sync 1 DAGs
[2024-11-17T09:04:57.301+0000] {logging_mixin.py:190} INFO - [2024-11-17T09:04:57.300+0000] {dag.py:4180} INFO - Setting next_dagrun for latest_only to 2024-11-17 04:00:00+00:00, run_after=2024-11-17 08:00:00+00:00
[2024-11-17T09:04:57.353+0000] {processor.py:208} INFO - Processing /home/airflow/.local/lib/python3.12/site-packages/airflow/example_dags/example_latest_only.py took 0.258 seconds
[2024-11-17T09:05:29.316+0000] {processor.py:186} INFO - Started process (PID=1022) to work on /home/airflow/.local/lib/python3.12/site-packages/airflow/example_dags/example_latest_only.py
[2024-11-17T09:05:29.318+0000] {processor.py:914} INFO - Processing file /home/airflow/.local/lib/python3.12/site-packages/airflow/example_dags/example_latest_only.py for tasks to queue
[2024-11-17T09:05:29.325+0000] {logging_mixin.py:190} INFO - [2024-11-17T09:05:29.324+0000] {dagbag.py:588} INFO - Filling up the DagBag from /home/airflow/.local/lib/python3.12/site-packages/airflow/example_dags/example_latest_only.py
[2024-11-17T09:05:29.349+0000] {processor.py:925} INFO - DAG(s) 'latest_only' retrieved from /home/airflow/.local/lib/python3.12/site-packages/airflow/example_dags/example_latest_only.py
[2024-11-17T09:05:29.428+0000] {logging_mixin.py:190} INFO - [2024-11-17T09:05:29.427+0000] {dag.py:3239} INFO - Sync 1 DAGs
[2024-11-17T09:05:29.508+0000] {logging_mixin.py:190} INFO - [2024-11-17T09:05:29.507+0000] {dag.py:4180} INFO - Setting next_dagrun for latest_only to 2024-11-17 04:00:00+00:00, run_after=2024-11-17 08:00:00+00:00
[2024-11-17T09:05:29.578+0000] {processor.py:208} INFO - Processing /home/airflow/.local/lib/python3.12/site-packages/airflow/example_dags/example_latest_only.py took 0.279 seconds
[2024-11-17T09:06:00.287+0000] {processor.py:186} INFO - Started process (PID=1088) to work on /home/airflow/.local/lib/python3.12/site-packages/airflow/example_dags/example_latest_only.py
[2024-11-17T09:06:00.290+0000] {processor.py:914} INFO - Processing file /home/airflow/.local/lib/python3.12/site-packages/airflow/example_dags/example_latest_only.py for tasks to queue
[2024-11-17T09:06:00.297+0000] {logging_mixin.py:190} INFO - [2024-11-17T09:06:00.296+0000] {dagbag.py:588} INFO - Filling up the DagBag from /home/airflow/.local/lib/python3.12/site-packages/airflow/example_dags/example_latest_only.py
[2024-11-17T09:06:00.319+0000] {processor.py:925} INFO - DAG(s) 'latest_only' retrieved from /home/airflow/.local/lib/python3.12/site-packages/airflow/example_dags/example_latest_only.py
[2024-11-17T09:06:00.396+0000] {logging_mixin.py:190} INFO - [2024-11-17T09:06:00.396+0000] {dag.py:3239} INFO - Sync 1 DAGs
[2024-11-17T09:06:00.472+0000] {logging_mixin.py:190} INFO - [2024-11-17T09:06:00.472+0000] {dag.py:4180} INFO - Setting next_dagrun for latest_only to 2024-11-17 04:00:00+00:00, run_after=2024-11-17 08:00:00+00:00
[2024-11-17T09:06:00.541+0000] {processor.py:208} INFO - Processing /home/airflow/.local/lib/python3.12/site-packages/airflow/example_dags/example_latest_only.py took 0.271 seconds
[2024-11-17T09:06:32.290+0000] {processor.py:186} INFO - Started process (PID=1153) to work on /home/airflow/.local/lib/python3.12/site-packages/airflow/example_dags/example_latest_only.py
[2024-11-17T09:06:32.294+0000] {processor.py:914} INFO - Processing file /home/airflow/.local/lib/python3.12/site-packages/airflow/example_dags/example_latest_only.py for tasks to queue
[2024-11-17T09:06:32.304+0000] {logging_mixin.py:190} INFO - [2024-11-17T09:06:32.303+0000] {dagbag.py:588} INFO - Filling up the DagBag from /home/airflow/.local/lib/python3.12/site-packages/airflow/example_dags/example_latest_only.py
[2024-11-17T09:06:32.326+0000] {processor.py:925} INFO - DAG(s) 'latest_only' retrieved from /home/airflow/.local/lib/python3.12/site-packages/airflow/example_dags/example_latest_only.py
[2024-11-17T09:06:32.399+0000] {logging_mixin.py:190} INFO - [2024-11-17T09:06:32.398+0000] {dag.py:3239} INFO - Sync 1 DAGs
[2024-11-17T09:06:32.500+0000] {logging_mixin.py:190} INFO - [2024-11-17T09:06:32.499+0000] {dag.py:4180} INFO - Setting next_dagrun for latest_only to 2024-11-17 04:00:00+00:00, run_after=2024-11-17 08:00:00+00:00
[2024-11-17T09:06:32.579+0000] {processor.py:208} INFO - Processing /home/airflow/.local/lib/python3.12/site-packages/airflow/example_dags/example_latest_only.py took 0.314 seconds
[2024-11-17T09:07:03.314+0000] {processor.py:186} INFO - Started process (PID=1220) to work on /home/airflow/.local/lib/python3.12/site-packages/airflow/example_dags/example_latest_only.py
[2024-11-17T09:07:03.316+0000] {processor.py:914} INFO - Processing file /home/airflow/.local/lib/python3.12/site-packages/airflow/example_dags/example_latest_only.py for tasks to queue
[2024-11-17T09:07:03.323+0000] {logging_mixin.py:190} INFO - [2024-11-17T09:07:03.322+0000] {dagbag.py:588} INFO - Filling up the DagBag from /home/airflow/.local/lib/python3.12/site-packages/airflow/example_dags/example_latest_only.py
[2024-11-17T09:07:03.344+0000] {processor.py:925} INFO - DAG(s) 'latest_only' retrieved from /home/airflow/.local/lib/python3.12/site-packages/airflow/example_dags/example_latest_only.py
[2024-11-17T09:07:03.401+0000] {logging_mixin.py:190} INFO - [2024-11-17T09:07:03.400+0000] {dag.py:3239} INFO - Sync 1 DAGs
[2024-11-17T09:07:03.468+0000] {logging_mixin.py:190} INFO - [2024-11-17T09:07:03.467+0000] {dag.py:4180} INFO - Setting next_dagrun for latest_only to 2024-11-17 04:00:00+00:00, run_after=2024-11-17 08:00:00+00:00
[2024-11-17T09:07:03.523+0000] {processor.py:208} INFO - Processing /home/airflow/.local/lib/python3.12/site-packages/airflow/example_dags/example_latest_only.py took 0.226 seconds
[2024-11-17T09:07:35.191+0000] {processor.py:186} INFO - Started process (PID=1287) to work on /home/airflow/.local/lib/python3.12/site-packages/airflow/example_dags/example_latest_only.py
[2024-11-17T09:07:35.194+0000] {processor.py:914} INFO - Processing file /home/airflow/.local/lib/python3.12/site-packages/airflow/example_dags/example_latest_only.py for tasks to queue
[2024-11-17T09:07:35.201+0000] {logging_mixin.py:190} INFO - [2024-11-17T09:07:35.200+0000] {dagbag.py:588} INFO - Filling up the DagBag from /home/airflow/.local/lib/python3.12/site-packages/airflow/example_dags/example_latest_only.py
[2024-11-17T09:07:35.231+0000] {processor.py:925} INFO - DAG(s) 'latest_only' retrieved from /home/airflow/.local/lib/python3.12/site-packages/airflow/example_dags/example_latest_only.py
[2024-11-17T09:07:35.315+0000] {logging_mixin.py:190} INFO - [2024-11-17T09:07:35.315+0000] {dag.py:3239} INFO - Sync 1 DAGs
[2024-11-17T09:07:35.405+0000] {logging_mixin.py:190} INFO - [2024-11-17T09:07:35.405+0000] {dag.py:4180} INFO - Setting next_dagrun for latest_only to 2024-11-17 04:00:00+00:00, run_after=2024-11-17 08:00:00+00:00
[2024-11-17T09:07:35.460+0000] {processor.py:208} INFO - Processing /home/airflow/.local/lib/python3.12/site-packages/airflow/example_dags/example_latest_only.py took 0.290 seconds
[2024-11-17T09:08:05.929+0000] {processor.py:186} INFO - Started process (PID=1353) to work on /home/airflow/.local/lib/python3.12/site-packages/airflow/example_dags/example_latest_only.py
[2024-11-17T09:08:05.932+0000] {processor.py:914} INFO - Processing file /home/airflow/.local/lib/python3.12/site-packages/airflow/example_dags/example_latest_only.py for tasks to queue
[2024-11-17T09:08:05.938+0000] {logging_mixin.py:190} INFO - [2024-11-17T09:08:05.937+0000] {dagbag.py:588} INFO - Filling up the DagBag from /home/airflow/.local/lib/python3.12/site-packages/airflow/example_dags/example_latest_only.py
[2024-11-17T09:08:05.962+0000] {processor.py:925} INFO - DAG(s) 'latest_only' retrieved from /home/airflow/.local/lib/python3.12/site-packages/airflow/example_dags/example_latest_only.py
[2024-11-17T09:08:06.016+0000] {logging_mixin.py:190} INFO - [2024-11-17T09:08:06.015+0000] {dag.py:3239} INFO - Sync 1 DAGs
[2024-11-17T09:08:06.086+0000] {logging_mixin.py:190} INFO - [2024-11-17T09:08:06.085+0000] {dag.py:4180} INFO - Setting next_dagrun for latest_only to 2024-11-17 04:00:00+00:00, run_after=2024-11-17 08:00:00+00:00
[2024-11-17T09:08:06.140+0000] {processor.py:208} INFO - Processing /home/airflow/.local/lib/python3.12/site-packages/airflow/example_dags/example_latest_only.py took 0.227 seconds
[2024-11-17T09:08:37.327+0000] {processor.py:186} INFO - Started process (PID=1418) to work on /home/airflow/.local/lib/python3.12/site-packages/airflow/example_dags/example_latest_only.py
[2024-11-17T09:08:37.330+0000] {processor.py:914} INFO - Processing file /home/airflow/.local/lib/python3.12/site-packages/airflow/example_dags/example_latest_only.py for tasks to queue
[2024-11-17T09:08:37.338+0000] {logging_mixin.py:190} INFO - [2024-11-17T09:08:37.337+0000] {dagbag.py:588} INFO - Filling up the DagBag from /home/airflow/.local/lib/python3.12/site-packages/airflow/example_dags/example_latest_only.py
[2024-11-17T09:08:37.359+0000] {processor.py:925} INFO - DAG(s) 'latest_only' retrieved from /home/airflow/.local/lib/python3.12/site-packages/airflow/example_dags/example_latest_only.py
[2024-11-17T09:08:37.420+0000] {logging_mixin.py:190} INFO - [2024-11-17T09:08:37.420+0000] {dag.py:3239} INFO - Sync 1 DAGs
[2024-11-17T09:08:37.530+0000] {logging_mixin.py:190} INFO - [2024-11-17T09:08:37.529+0000] {dag.py:4180} INFO - Setting next_dagrun for latest_only to 2024-11-17 04:00:00+00:00, run_after=2024-11-17 08:00:00+00:00
[2024-11-17T09:08:37.655+0000] {processor.py:208} INFO - Processing /home/airflow/.local/lib/python3.12/site-packages/airflow/example_dags/example_latest_only.py took 0.350 seconds
[2024-11-17T09:09:08.730+0000] {processor.py:186} INFO - Started process (PID=1484) to work on /home/airflow/.local/lib/python3.12/site-packages/airflow/example_dags/example_latest_only.py
[2024-11-17T09:09:08.734+0000] {processor.py:914} INFO - Processing file /home/airflow/.local/lib/python3.12/site-packages/airflow/example_dags/example_latest_only.py for tasks to queue
[2024-11-17T09:09:08.742+0000] {logging_mixin.py:190} INFO - [2024-11-17T09:09:08.741+0000] {dagbag.py:588} INFO - Filling up the DagBag from /home/airflow/.local/lib/python3.12/site-packages/airflow/example_dags/example_latest_only.py
[2024-11-17T09:09:08.767+0000] {processor.py:925} INFO - DAG(s) 'latest_only' retrieved from /home/airflow/.local/lib/python3.12/site-packages/airflow/example_dags/example_latest_only.py
[2024-11-17T09:09:08.824+0000] {logging_mixin.py:190} INFO - [2024-11-17T09:09:08.823+0000] {dag.py:3239} INFO - Sync 1 DAGs
[2024-11-17T09:09:08.886+0000] {logging_mixin.py:190} INFO - [2024-11-17T09:09:08.885+0000] {dag.py:4180} INFO - Setting next_dagrun for latest_only to 2024-11-17 04:00:00+00:00, run_after=2024-11-17 08:00:00+00:00
[2024-11-17T09:09:08.939+0000] {processor.py:208} INFO - Processing /home/airflow/.local/lib/python3.12/site-packages/airflow/example_dags/example_latest_only.py took 0.230 seconds
[2024-11-17T09:09:39.228+0000] {processor.py:186} INFO - Started process (PID=1550) to work on /home/airflow/.local/lib/python3.12/site-packages/airflow/example_dags/example_latest_only.py
[2024-11-17T09:09:39.231+0000] {processor.py:914} INFO - Processing file /home/airflow/.local/lib/python3.12/site-packages/airflow/example_dags/example_latest_only.py for tasks to queue
[2024-11-17T09:09:39.237+0000] {logging_mixin.py:190} INFO - [2024-11-17T09:09:39.237+0000] {dagbag.py:588} INFO - Filling up the DagBag from /home/airflow/.local/lib/python3.12/site-packages/airflow/example_dags/example_latest_only.py
[2024-11-17T09:09:39.259+0000] {processor.py:925} INFO - DAG(s) 'latest_only' retrieved from /home/airflow/.local/lib/python3.12/site-packages/airflow/example_dags/example_latest_only.py
[2024-11-17T09:09:39.322+0000] {logging_mixin.py:190} INFO - [2024-11-17T09:09:39.321+0000] {dag.py:3239} INFO - Sync 1 DAGs
[2024-11-17T09:09:39.419+0000] {logging_mixin.py:190} INFO - [2024-11-17T09:09:39.419+0000] {dag.py:4180} INFO - Setting next_dagrun for latest_only to 2024-11-17 04:00:00+00:00, run_after=2024-11-17 08:00:00+00:00
[2024-11-17T09:09:39.541+0000] {processor.py:208} INFO - Processing /home/airflow/.local/lib/python3.12/site-packages/airflow/example_dags/example_latest_only.py took 0.337 seconds
[2024-11-17T09:10:10.253+0000] {processor.py:186} INFO - Started process (PID=1621) to work on /home/airflow/.local/lib/python3.12/site-packages/airflow/example_dags/example_latest_only.py
[2024-11-17T09:10:10.255+0000] {processor.py:914} INFO - Processing file /home/airflow/.local/lib/python3.12/site-packages/airflow/example_dags/example_latest_only.py for tasks to queue
[2024-11-17T09:10:10.262+0000] {logging_mixin.py:190} INFO - [2024-11-17T09:10:10.261+0000] {dagbag.py:588} INFO - Filling up the DagBag from /home/airflow/.local/lib/python3.12/site-packages/airflow/example_dags/example_latest_only.py
[2024-11-17T09:10:10.283+0000] {processor.py:925} INFO - DAG(s) 'latest_only' retrieved from /home/airflow/.local/lib/python3.12/site-packages/airflow/example_dags/example_latest_only.py
[2024-11-17T09:10:10.343+0000] {logging_mixin.py:190} INFO - [2024-11-17T09:10:10.343+0000] {dag.py:3239} INFO - Sync 1 DAGs
[2024-11-17T09:10:10.425+0000] {logging_mixin.py:190} INFO - [2024-11-17T09:10:10.425+0000] {dag.py:4180} INFO - Setting next_dagrun for latest_only to 2024-11-17 04:00:00+00:00, run_after=2024-11-17 08:00:00+00:00
[2024-11-17T09:10:10.495+0000] {processor.py:208} INFO - Processing /home/airflow/.local/lib/python3.12/site-packages/airflow/example_dags/example_latest_only.py took 0.259 seconds
[2024-11-17T09:10:40.920+0000] {processor.py:186} INFO - Started process (PID=1687) to work on /home/airflow/.local/lib/python3.12/site-packages/airflow/example_dags/example_latest_only.py
[2024-11-17T09:10:40.930+0000] {processor.py:914} INFO - Processing file /home/airflow/.local/lib/python3.12/site-packages/airflow/example_dags/example_latest_only.py for tasks to queue
[2024-11-17T09:10:40.947+0000] {logging_mixin.py:190} INFO - [2024-11-17T09:10:40.946+0000] {dagbag.py:588} INFO - Filling up the DagBag from /home/airflow/.local/lib/python3.12/site-packages/airflow/example_dags/example_latest_only.py
[2024-11-17T09:10:40.996+0000] {processor.py:925} INFO - DAG(s) 'latest_only' retrieved from /home/airflow/.local/lib/python3.12/site-packages/airflow/example_dags/example_latest_only.py
[2024-11-17T09:10:41.110+0000] {logging_mixin.py:190} INFO - [2024-11-17T09:10:41.109+0000] {dag.py:3239} INFO - Sync 1 DAGs
[2024-11-17T09:10:41.273+0000] {logging_mixin.py:190} INFO - [2024-11-17T09:10:41.273+0000] {dag.py:4180} INFO - Setting next_dagrun for latest_only to 2024-11-17 04:00:00+00:00, run_after=2024-11-17 08:00:00+00:00
[2024-11-17T09:10:41.341+0000] {processor.py:208} INFO - Processing /home/airflow/.local/lib/python3.12/site-packages/airflow/example_dags/example_latest_only.py took 0.452 seconds
[2024-11-17T09:11:11.604+0000] {processor.py:186} INFO - Started process (PID=1753) to work on /home/airflow/.local/lib/python3.12/site-packages/airflow/example_dags/example_latest_only.py
[2024-11-17T09:11:11.608+0000] {processor.py:914} INFO - Processing file /home/airflow/.local/lib/python3.12/site-packages/airflow/example_dags/example_latest_only.py for tasks to queue
[2024-11-17T09:11:11.617+0000] {logging_mixin.py:190} INFO - [2024-11-17T09:11:11.616+0000] {dagbag.py:588} INFO - Filling up the DagBag from /home/airflow/.local/lib/python3.12/site-packages/airflow/example_dags/example_latest_only.py
[2024-11-17T09:11:11.646+0000] {processor.py:925} INFO - DAG(s) 'latest_only' retrieved from /home/airflow/.local/lib/python3.12/site-packages/airflow/example_dags/example_latest_only.py
[2024-11-17T09:11:11.732+0000] {logging_mixin.py:190} INFO - [2024-11-17T09:11:11.732+0000] {dag.py:3239} INFO - Sync 1 DAGs
[2024-11-17T09:11:11.869+0000] {logging_mixin.py:190} INFO - [2024-11-17T09:11:11.868+0000] {dag.py:4180} INFO - Setting next_dagrun for latest_only to 2024-11-17 04:00:00+00:00, run_after=2024-11-17 08:00:00+00:00
[2024-11-17T09:11:11.948+0000] {processor.py:208} INFO - Processing /home/airflow/.local/lib/python3.12/site-packages/airflow/example_dags/example_latest_only.py took 0.372 seconds
[2024-11-17T09:11:42.250+0000] {processor.py:186} INFO - Started process (PID=1821) to work on /home/airflow/.local/lib/python3.12/site-packages/airflow/example_dags/example_latest_only.py
[2024-11-17T09:11:42.252+0000] {processor.py:914} INFO - Processing file /home/airflow/.local/lib/python3.12/site-packages/airflow/example_dags/example_latest_only.py for tasks to queue
[2024-11-17T09:11:42.259+0000] {logging_mixin.py:190} INFO - [2024-11-17T09:11:42.258+0000] {dagbag.py:588} INFO - Filling up the DagBag from /home/airflow/.local/lib/python3.12/site-packages/airflow/example_dags/example_latest_only.py
[2024-11-17T09:11:42.278+0000] {processor.py:925} INFO - DAG(s) 'latest_only' retrieved from /home/airflow/.local/lib/python3.12/site-packages/airflow/example_dags/example_latest_only.py
[2024-11-17T09:11:42.334+0000] {logging_mixin.py:190} INFO - [2024-11-17T09:11:42.333+0000] {dag.py:3239} INFO - Sync 1 DAGs
[2024-11-17T09:11:42.401+0000] {logging_mixin.py:190} INFO - [2024-11-17T09:11:42.401+0000] {dag.py:4180} INFO - Setting next_dagrun for latest_only to 2024-11-17 04:00:00+00:00, run_after=2024-11-17 08:00:00+00:00
[2024-11-17T09:11:42.457+0000] {processor.py:208} INFO - Processing /home/airflow/.local/lib/python3.12/site-packages/airflow/example_dags/example_latest_only.py took 0.224 seconds
[2024-11-17T09:12:13.007+0000] {processor.py:186} INFO - Started process (PID=1884) to work on /home/airflow/.local/lib/python3.12/site-packages/airflow/example_dags/example_latest_only.py
[2024-11-17T09:12:13.010+0000] {processor.py:914} INFO - Processing file /home/airflow/.local/lib/python3.12/site-packages/airflow/example_dags/example_latest_only.py for tasks to queue
[2024-11-17T09:12:13.017+0000] {logging_mixin.py:190} INFO - [2024-11-17T09:12:13.016+0000] {dagbag.py:588} INFO - Filling up the DagBag from /home/airflow/.local/lib/python3.12/site-packages/airflow/example_dags/example_latest_only.py
[2024-11-17T09:12:13.037+0000] {processor.py:925} INFO - DAG(s) 'latest_only' retrieved from /home/airflow/.local/lib/python3.12/site-packages/airflow/example_dags/example_latest_only.py
[2024-11-17T09:12:13.089+0000] {logging_mixin.py:190} INFO - [2024-11-17T09:12:13.089+0000] {dag.py:3239} INFO - Sync 1 DAGs
[2024-11-17T09:12:13.158+0000] {logging_mixin.py:190} INFO - [2024-11-17T09:12:13.157+0000] {dag.py:4180} INFO - Setting next_dagrun for latest_only to 2024-11-17 04:00:00+00:00, run_after=2024-11-17 08:00:00+00:00
[2024-11-17T09:12:13.228+0000] {processor.py:208} INFO - Processing /home/airflow/.local/lib/python3.12/site-packages/airflow/example_dags/example_latest_only.py took 0.237 seconds
[2024-11-17T09:12:47.678+0000] {processor.py:186} INFO - Started process (PID=1950) to work on /home/airflow/.local/lib/python3.12/site-packages/airflow/example_dags/example_latest_only.py
[2024-11-17T09:12:47.681+0000] {processor.py:914} INFO - Processing file /home/airflow/.local/lib/python3.12/site-packages/airflow/example_dags/example_latest_only.py for tasks to queue
[2024-11-17T09:12:47.688+0000] {logging_mixin.py:190} INFO - [2024-11-17T09:12:47.687+0000] {dagbag.py:588} INFO - Filling up the DagBag from /home/airflow/.local/lib/python3.12/site-packages/airflow/example_dags/example_latest_only.py
[2024-11-17T09:12:47.711+0000] {processor.py:925} INFO - DAG(s) 'latest_only' retrieved from /home/airflow/.local/lib/python3.12/site-packages/airflow/example_dags/example_latest_only.py
[2024-11-17T09:12:47.767+0000] {logging_mixin.py:190} INFO - [2024-11-17T09:12:47.767+0000] {dag.py:3239} INFO - Sync 1 DAGs
[2024-11-17T09:12:47.828+0000] {logging_mixin.py:190} INFO - [2024-11-17T09:12:47.828+0000] {dag.py:4180} INFO - Setting next_dagrun for latest_only to 2024-11-17 04:00:00+00:00, run_after=2024-11-17 08:00:00+00:00
[2024-11-17T09:12:48.325+0000] {processor.py:208} INFO - Processing /home/airflow/.local/lib/python3.12/site-packages/airflow/example_dags/example_latest_only.py took 0.666 seconds
[2024-11-17T09:13:18.916+0000] {processor.py:186} INFO - Started process (PID=2016) to work on /home/airflow/.local/lib/python3.12/site-packages/airflow/example_dags/example_latest_only.py
[2024-11-17T09:13:18.919+0000] {processor.py:914} INFO - Processing file /home/airflow/.local/lib/python3.12/site-packages/airflow/example_dags/example_latest_only.py for tasks to queue
[2024-11-17T09:13:18.926+0000] {logging_mixin.py:190} INFO - [2024-11-17T09:13:18.925+0000] {dagbag.py:588} INFO - Filling up the DagBag from /home/airflow/.local/lib/python3.12/site-packages/airflow/example_dags/example_latest_only.py
[2024-11-17T09:13:18.948+0000] {processor.py:925} INFO - DAG(s) 'latest_only' retrieved from /home/airflow/.local/lib/python3.12/site-packages/airflow/example_dags/example_latest_only.py
[2024-11-17T09:13:19.008+0000] {logging_mixin.py:190} INFO - [2024-11-17T09:13:19.007+0000] {dag.py:3239} INFO - Sync 1 DAGs
[2024-11-17T09:13:19.096+0000] {logging_mixin.py:190} INFO - [2024-11-17T09:13:19.095+0000] {dag.py:4180} INFO - Setting next_dagrun for latest_only to 2024-11-17 04:00:00+00:00, run_after=2024-11-17 08:00:00+00:00
[2024-11-17T09:13:19.143+0000] {processor.py:208} INFO - Processing /home/airflow/.local/lib/python3.12/site-packages/airflow/example_dags/example_latest_only.py took 0.247 seconds
[2024-11-17T09:13:49.791+0000] {processor.py:186} INFO - Started process (PID=2081) to work on /home/airflow/.local/lib/python3.12/site-packages/airflow/example_dags/example_latest_only.py
[2024-11-17T09:13:49.795+0000] {processor.py:914} INFO - Processing file /home/airflow/.local/lib/python3.12/site-packages/airflow/example_dags/example_latest_only.py for tasks to queue
[2024-11-17T09:13:49.802+0000] {logging_mixin.py:190} INFO - [2024-11-17T09:13:49.801+0000] {dagbag.py:588} INFO - Filling up the DagBag from /home/airflow/.local/lib/python3.12/site-packages/airflow/example_dags/example_latest_only.py
[2024-11-17T09:13:49.823+0000] {processor.py:925} INFO - DAG(s) 'latest_only' retrieved from /home/airflow/.local/lib/python3.12/site-packages/airflow/example_dags/example_latest_only.py
[2024-11-17T09:13:49.894+0000] {logging_mixin.py:190} INFO - [2024-11-17T09:13:49.893+0000] {dag.py:3239} INFO - Sync 1 DAGs
[2024-11-17T09:13:50.014+0000] {logging_mixin.py:190} INFO - [2024-11-17T09:13:50.013+0000] {dag.py:4180} INFO - Setting next_dagrun for latest_only to 2024-11-17 04:00:00+00:00, run_after=2024-11-17 08:00:00+00:00
[2024-11-17T09:13:50.098+0000] {processor.py:208} INFO - Processing /home/airflow/.local/lib/python3.12/site-packages/airflow/example_dags/example_latest_only.py took 0.329 seconds
[2024-11-17T09:14:20.632+0000] {processor.py:186} INFO - Started process (PID=2147) to work on /home/airflow/.local/lib/python3.12/site-packages/airflow/example_dags/example_latest_only.py
[2024-11-17T09:14:20.635+0000] {processor.py:914} INFO - Processing file /home/airflow/.local/lib/python3.12/site-packages/airflow/example_dags/example_latest_only.py for tasks to queue
[2024-11-17T09:14:20.642+0000] {logging_mixin.py:190} INFO - [2024-11-17T09:14:20.641+0000] {dagbag.py:588} INFO - Filling up the DagBag from /home/airflow/.local/lib/python3.12/site-packages/airflow/example_dags/example_latest_only.py
[2024-11-17T09:14:20.679+0000] {processor.py:925} INFO - DAG(s) 'latest_only' retrieved from /home/airflow/.local/lib/python3.12/site-packages/airflow/example_dags/example_latest_only.py
[2024-11-17T09:14:20.797+0000] {logging_mixin.py:190} INFO - [2024-11-17T09:14:20.793+0000] {dag.py:3239} INFO - Sync 1 DAGs
[2024-11-17T09:14:20.916+0000] {logging_mixin.py:190} INFO - [2024-11-17T09:14:20.915+0000] {dag.py:4180} INFO - Setting next_dagrun for latest_only to 2024-11-17 04:00:00+00:00, run_after=2024-11-17 08:00:00+00:00
[2024-11-17T09:14:20.996+0000] {processor.py:208} INFO - Processing /home/airflow/.local/lib/python3.12/site-packages/airflow/example_dags/example_latest_only.py took 0.386 seconds
[2024-11-17T09:14:51.157+0000] {processor.py:186} INFO - Started process (PID=2213) to work on /home/airflow/.local/lib/python3.12/site-packages/airflow/example_dags/example_latest_only.py
[2024-11-17T09:14:51.160+0000] {processor.py:914} INFO - Processing file /home/airflow/.local/lib/python3.12/site-packages/airflow/example_dags/example_latest_only.py for tasks to queue
[2024-11-17T09:14:51.169+0000] {logging_mixin.py:190} INFO - [2024-11-17T09:14:51.167+0000] {dagbag.py:588} INFO - Filling up the DagBag from /home/airflow/.local/lib/python3.12/site-packages/airflow/example_dags/example_latest_only.py
[2024-11-17T09:14:51.190+0000] {processor.py:925} INFO - DAG(s) 'latest_only' retrieved from /home/airflow/.local/lib/python3.12/site-packages/airflow/example_dags/example_latest_only.py
[2024-11-17T09:14:51.250+0000] {logging_mixin.py:190} INFO - [2024-11-17T09:14:51.249+0000] {dag.py:3239} INFO - Sync 1 DAGs
[2024-11-17T09:14:51.335+0000] {logging_mixin.py:190} INFO - [2024-11-17T09:14:51.335+0000] {dag.py:4180} INFO - Setting next_dagrun for latest_only to 2024-11-17 04:00:00+00:00, run_after=2024-11-17 08:00:00+00:00
[2024-11-17T09:14:51.401+0000] {processor.py:208} INFO - Processing /home/airflow/.local/lib/python3.12/site-packages/airflow/example_dags/example_latest_only.py took 0.270 seconds
[2024-11-17T09:15:22.006+0000] {processor.py:186} INFO - Started process (PID=2278) to work on /home/airflow/.local/lib/python3.12/site-packages/airflow/example_dags/example_latest_only.py
[2024-11-17T09:15:22.009+0000] {processor.py:914} INFO - Processing file /home/airflow/.local/lib/python3.12/site-packages/airflow/example_dags/example_latest_only.py for tasks to queue
[2024-11-17T09:15:22.016+0000] {logging_mixin.py:190} INFO - [2024-11-17T09:15:22.015+0000] {dagbag.py:588} INFO - Filling up the DagBag from /home/airflow/.local/lib/python3.12/site-packages/airflow/example_dags/example_latest_only.py
[2024-11-17T09:15:22.046+0000] {processor.py:925} INFO - DAG(s) 'latest_only' retrieved from /home/airflow/.local/lib/python3.12/site-packages/airflow/example_dags/example_latest_only.py
[2024-11-17T09:15:22.110+0000] {logging_mixin.py:190} INFO - [2024-11-17T09:15:22.109+0000] {dag.py:3239} INFO - Sync 1 DAGs
[2024-11-17T09:15:22.186+0000] {logging_mixin.py:190} INFO - [2024-11-17T09:15:22.185+0000] {dag.py:4180} INFO - Setting next_dagrun for latest_only to 2024-11-17 04:00:00+00:00, run_after=2024-11-17 08:00:00+00:00
[2024-11-17T09:15:22.258+0000] {processor.py:208} INFO - Processing /home/airflow/.local/lib/python3.12/site-packages/airflow/example_dags/example_latest_only.py took 0.271 seconds
[2024-11-17T09:15:53.343+0000] {processor.py:186} INFO - Started process (PID=2344) to work on /home/airflow/.local/lib/python3.12/site-packages/airflow/example_dags/example_latest_only.py
[2024-11-17T09:15:53.346+0000] {processor.py:914} INFO - Processing file /home/airflow/.local/lib/python3.12/site-packages/airflow/example_dags/example_latest_only.py for tasks to queue
[2024-11-17T09:15:53.356+0000] {logging_mixin.py:190} INFO - [2024-11-17T09:15:53.354+0000] {dagbag.py:588} INFO - Filling up the DagBag from /home/airflow/.local/lib/python3.12/site-packages/airflow/example_dags/example_latest_only.py
[2024-11-17T09:15:53.381+0000] {processor.py:925} INFO - DAG(s) 'latest_only' retrieved from /home/airflow/.local/lib/python3.12/site-packages/airflow/example_dags/example_latest_only.py
[2024-11-17T09:15:53.444+0000] {logging_mixin.py:190} INFO - [2024-11-17T09:15:53.444+0000] {dag.py:3239} INFO - Sync 1 DAGs
[2024-11-17T09:15:53.529+0000] {logging_mixin.py:190} INFO - [2024-11-17T09:15:53.528+0000] {dag.py:4180} INFO - Setting next_dagrun for latest_only to 2024-11-17 04:00:00+00:00, run_after=2024-11-17 08:00:00+00:00
[2024-11-17T09:15:53.622+0000] {processor.py:208} INFO - Processing /home/airflow/.local/lib/python3.12/site-packages/airflow/example_dags/example_latest_only.py took 0.303 seconds
[2024-11-17T09:16:26.090+0000] {processor.py:186} INFO - Started process (PID=2410) to work on /home/airflow/.local/lib/python3.12/site-packages/airflow/example_dags/example_latest_only.py
[2024-11-17T09:16:26.093+0000] {processor.py:914} INFO - Processing file /home/airflow/.local/lib/python3.12/site-packages/airflow/example_dags/example_latest_only.py for tasks to queue
[2024-11-17T09:16:26.101+0000] {logging_mixin.py:190} INFO - [2024-11-17T09:16:26.099+0000] {dagbag.py:588} INFO - Filling up the DagBag from /home/airflow/.local/lib/python3.12/site-packages/airflow/example_dags/example_latest_only.py
[2024-11-17T09:16:26.134+0000] {processor.py:925} INFO - DAG(s) 'latest_only' retrieved from /home/airflow/.local/lib/python3.12/site-packages/airflow/example_dags/example_latest_only.py
[2024-11-17T09:16:26.196+0000] {logging_mixin.py:190} INFO - [2024-11-17T09:16:26.195+0000] {dag.py:3239} INFO - Sync 1 DAGs
[2024-11-17T09:16:26.269+0000] {logging_mixin.py:190} INFO - [2024-11-17T09:16:26.268+0000] {dag.py:4180} INFO - Setting next_dagrun for latest_only to 2024-11-17 04:00:00+00:00, run_after=2024-11-17 08:00:00+00:00
[2024-11-17T09:16:26.323+0000] {processor.py:208} INFO - Processing /home/airflow/.local/lib/python3.12/site-packages/airflow/example_dags/example_latest_only.py took 0.257 seconds
[2024-11-17T09:16:56.574+0000] {processor.py:186} INFO - Started process (PID=2475) to work on /home/airflow/.local/lib/python3.12/site-packages/airflow/example_dags/example_latest_only.py
[2024-11-17T09:16:56.577+0000] {processor.py:914} INFO - Processing file /home/airflow/.local/lib/python3.12/site-packages/airflow/example_dags/example_latest_only.py for tasks to queue
[2024-11-17T09:16:56.585+0000] {logging_mixin.py:190} INFO - [2024-11-17T09:16:56.584+0000] {dagbag.py:588} INFO - Filling up the DagBag from /home/airflow/.local/lib/python3.12/site-packages/airflow/example_dags/example_latest_only.py
[2024-11-17T09:16:56.607+0000] {processor.py:925} INFO - DAG(s) 'latest_only' retrieved from /home/airflow/.local/lib/python3.12/site-packages/airflow/example_dags/example_latest_only.py
[2024-11-17T09:16:56.665+0000] {logging_mixin.py:190} INFO - [2024-11-17T09:16:56.664+0000] {dag.py:3239} INFO - Sync 1 DAGs
[2024-11-17T09:16:56.754+0000] {logging_mixin.py:190} INFO - [2024-11-17T09:16:56.748+0000] {dag.py:4180} INFO - Setting next_dagrun for latest_only to 2024-11-17 04:00:00+00:00, run_after=2024-11-17 08:00:00+00:00
[2024-11-17T09:16:56.828+0000] {processor.py:208} INFO - Processing /home/airflow/.local/lib/python3.12/site-packages/airflow/example_dags/example_latest_only.py took 0.275 seconds
[2024-11-17T09:17:27.733+0000] {processor.py:186} INFO - Started process (PID=2541) to work on /home/airflow/.local/lib/python3.12/site-packages/airflow/example_dags/example_latest_only.py
[2024-11-17T09:17:27.736+0000] {processor.py:914} INFO - Processing file /home/airflow/.local/lib/python3.12/site-packages/airflow/example_dags/example_latest_only.py for tasks to queue
[2024-11-17T09:17:27.746+0000] {logging_mixin.py:190} INFO - [2024-11-17T09:17:27.744+0000] {dagbag.py:588} INFO - Filling up the DagBag from /home/airflow/.local/lib/python3.12/site-packages/airflow/example_dags/example_latest_only.py
[2024-11-17T09:17:27.768+0000] {processor.py:925} INFO - DAG(s) 'latest_only' retrieved from /home/airflow/.local/lib/python3.12/site-packages/airflow/example_dags/example_latest_only.py
[2024-11-17T09:17:27.862+0000] {logging_mixin.py:190} INFO - [2024-11-17T09:17:27.861+0000] {dag.py:3239} INFO - Sync 1 DAGs
[2024-11-17T09:17:27.947+0000] {logging_mixin.py:190} INFO - [2024-11-17T09:17:27.947+0000] {dag.py:4180} INFO - Setting next_dagrun for latest_only to 2024-11-17 04:00:00+00:00, run_after=2024-11-17 08:00:00+00:00
[2024-11-17T09:17:28.010+0000] {processor.py:208} INFO - Processing /home/airflow/.local/lib/python3.12/site-packages/airflow/example_dags/example_latest_only.py took 0.299 seconds
[2024-11-17T09:17:58.400+0000] {processor.py:186} INFO - Started process (PID=2608) to work on /home/airflow/.local/lib/python3.12/site-packages/airflow/example_dags/example_latest_only.py
[2024-11-17T09:17:58.403+0000] {processor.py:914} INFO - Processing file /home/airflow/.local/lib/python3.12/site-packages/airflow/example_dags/example_latest_only.py for tasks to queue
[2024-11-17T09:17:58.410+0000] {logging_mixin.py:190} INFO - [2024-11-17T09:17:58.409+0000] {dagbag.py:588} INFO - Filling up the DagBag from /home/airflow/.local/lib/python3.12/site-packages/airflow/example_dags/example_latest_only.py
[2024-11-17T09:17:58.429+0000] {processor.py:925} INFO - DAG(s) 'latest_only' retrieved from /home/airflow/.local/lib/python3.12/site-packages/airflow/example_dags/example_latest_only.py
[2024-11-17T09:17:58.486+0000] {logging_mixin.py:190} INFO - [2024-11-17T09:17:58.485+0000] {dag.py:3239} INFO - Sync 1 DAGs
[2024-11-17T09:17:58.566+0000] {logging_mixin.py:190} INFO - [2024-11-17T09:17:58.565+0000] {dag.py:4180} INFO - Setting next_dagrun for latest_only to 2024-11-17 04:00:00+00:00, run_after=2024-11-17 08:00:00+00:00
[2024-11-17T09:17:58.618+0000] {processor.py:208} INFO - Processing /home/airflow/.local/lib/python3.12/site-packages/airflow/example_dags/example_latest_only.py took 0.234 seconds
[2024-11-17T09:18:30.073+0000] {processor.py:186} INFO - Started process (PID=2674) to work on /home/airflow/.local/lib/python3.12/site-packages/airflow/example_dags/example_latest_only.py
[2024-11-17T09:18:30.076+0000] {processor.py:914} INFO - Processing file /home/airflow/.local/lib/python3.12/site-packages/airflow/example_dags/example_latest_only.py for tasks to queue
[2024-11-17T09:18:30.083+0000] {logging_mixin.py:190} INFO - [2024-11-17T09:18:30.082+0000] {dagbag.py:588} INFO - Filling up the DagBag from /home/airflow/.local/lib/python3.12/site-packages/airflow/example_dags/example_latest_only.py
[2024-11-17T09:18:30.110+0000] {processor.py:925} INFO - DAG(s) 'latest_only' retrieved from /home/airflow/.local/lib/python3.12/site-packages/airflow/example_dags/example_latest_only.py
[2024-11-17T09:18:30.184+0000] {logging_mixin.py:190} INFO - [2024-11-17T09:18:30.183+0000] {dag.py:3239} INFO - Sync 1 DAGs
[2024-11-17T09:18:30.270+0000] {logging_mixin.py:190} INFO - [2024-11-17T09:18:30.269+0000] {dag.py:4180} INFO - Setting next_dagrun for latest_only to 2024-11-17 04:00:00+00:00, run_after=2024-11-17 08:00:00+00:00
[2024-11-17T09:18:30.349+0000] {processor.py:208} INFO - Processing /home/airflow/.local/lib/python3.12/site-packages/airflow/example_dags/example_latest_only.py took 0.297 seconds
[2024-11-17T09:19:00.760+0000] {processor.py:186} INFO - Started process (PID=2739) to work on /home/airflow/.local/lib/python3.12/site-packages/airflow/example_dags/example_latest_only.py
[2024-11-17T09:19:00.763+0000] {processor.py:914} INFO - Processing file /home/airflow/.local/lib/python3.12/site-packages/airflow/example_dags/example_latest_only.py for tasks to queue
[2024-11-17T09:19:00.771+0000] {logging_mixin.py:190} INFO - [2024-11-17T09:19:00.770+0000] {dagbag.py:588} INFO - Filling up the DagBag from /home/airflow/.local/lib/python3.12/site-packages/airflow/example_dags/example_latest_only.py
[2024-11-17T09:19:00.793+0000] {processor.py:925} INFO - DAG(s) 'latest_only' retrieved from /home/airflow/.local/lib/python3.12/site-packages/airflow/example_dags/example_latest_only.py
[2024-11-17T09:19:00.856+0000] {logging_mixin.py:190} INFO - [2024-11-17T09:19:00.856+0000] {dag.py:3239} INFO - Sync 1 DAGs
[2024-11-17T09:19:00.940+0000] {logging_mixin.py:190} INFO - [2024-11-17T09:19:00.940+0000] {dag.py:4180} INFO - Setting next_dagrun for latest_only to 2024-11-17 04:00:00+00:00, run_after=2024-11-17 08:00:00+00:00
[2024-11-17T09:19:00.999+0000] {processor.py:208} INFO - Processing /home/airflow/.local/lib/python3.12/site-packages/airflow/example_dags/example_latest_only.py took 0.257 seconds
[2024-11-17T09:19:31.867+0000] {processor.py:186} INFO - Started process (PID=2805) to work on /home/airflow/.local/lib/python3.12/site-packages/airflow/example_dags/example_latest_only.py
[2024-11-17T09:19:31.870+0000] {processor.py:914} INFO - Processing file /home/airflow/.local/lib/python3.12/site-packages/airflow/example_dags/example_latest_only.py for tasks to queue
[2024-11-17T09:19:31.876+0000] {logging_mixin.py:190} INFO - [2024-11-17T09:19:31.876+0000] {dagbag.py:588} INFO - Filling up the DagBag from /home/airflow/.local/lib/python3.12/site-packages/airflow/example_dags/example_latest_only.py
[2024-11-17T09:19:31.896+0000] {processor.py:925} INFO - DAG(s) 'latest_only' retrieved from /home/airflow/.local/lib/python3.12/site-packages/airflow/example_dags/example_latest_only.py
[2024-11-17T09:19:31.958+0000] {logging_mixin.py:190} INFO - [2024-11-17T09:19:31.957+0000] {dag.py:3239} INFO - Sync 1 DAGs
[2024-11-17T09:19:32.046+0000] {logging_mixin.py:190} INFO - [2024-11-17T09:19:32.044+0000] {dag.py:4180} INFO - Setting next_dagrun for latest_only to 2024-11-17 04:00:00+00:00, run_after=2024-11-17 08:00:00+00:00
[2024-11-17T09:19:32.111+0000] {processor.py:208} INFO - Processing /home/airflow/.local/lib/python3.12/site-packages/airflow/example_dags/example_latest_only.py took 0.263 seconds
[2024-11-17T09:20:03.488+0000] {processor.py:186} INFO - Started process (PID=2871) to work on /home/airflow/.local/lib/python3.12/site-packages/airflow/example_dags/example_latest_only.py
[2024-11-17T09:20:03.491+0000] {processor.py:914} INFO - Processing file /home/airflow/.local/lib/python3.12/site-packages/airflow/example_dags/example_latest_only.py for tasks to queue
[2024-11-17T09:20:03.497+0000] {logging_mixin.py:190} INFO - [2024-11-17T09:20:03.497+0000] {dagbag.py:588} INFO - Filling up the DagBag from /home/airflow/.local/lib/python3.12/site-packages/airflow/example_dags/example_latest_only.py
[2024-11-17T09:20:03.517+0000] {processor.py:925} INFO - DAG(s) 'latest_only' retrieved from /home/airflow/.local/lib/python3.12/site-packages/airflow/example_dags/example_latest_only.py
[2024-11-17T09:20:03.570+0000] {logging_mixin.py:190} INFO - [2024-11-17T09:20:03.569+0000] {dag.py:3239} INFO - Sync 1 DAGs
[2024-11-17T09:20:03.649+0000] {logging_mixin.py:190} INFO - [2024-11-17T09:20:03.648+0000] {dag.py:4180} INFO - Setting next_dagrun for latest_only to 2024-11-17 04:00:00+00:00, run_after=2024-11-17 08:00:00+00:00
[2024-11-17T09:20:03.702+0000] {processor.py:208} INFO - Processing /home/airflow/.local/lib/python3.12/site-packages/airflow/example_dags/example_latest_only.py took 0.230 seconds
[2024-11-17T09:20:34.173+0000] {processor.py:186} INFO - Started process (PID=2937) to work on /home/airflow/.local/lib/python3.12/site-packages/airflow/example_dags/example_latest_only.py
[2024-11-17T09:20:34.176+0000] {processor.py:914} INFO - Processing file /home/airflow/.local/lib/python3.12/site-packages/airflow/example_dags/example_latest_only.py for tasks to queue
[2024-11-17T09:20:34.183+0000] {logging_mixin.py:190} INFO - [2024-11-17T09:20:34.182+0000] {dagbag.py:588} INFO - Filling up the DagBag from /home/airflow/.local/lib/python3.12/site-packages/airflow/example_dags/example_latest_only.py
[2024-11-17T09:20:34.202+0000] {processor.py:925} INFO - DAG(s) 'latest_only' retrieved from /home/airflow/.local/lib/python3.12/site-packages/airflow/example_dags/example_latest_only.py
[2024-11-17T09:20:34.256+0000] {logging_mixin.py:190} INFO - [2024-11-17T09:20:34.255+0000] {dag.py:3239} INFO - Sync 1 DAGs
[2024-11-17T09:20:34.330+0000] {logging_mixin.py:190} INFO - [2024-11-17T09:20:34.329+0000] {dag.py:4180} INFO - Setting next_dagrun for latest_only to 2024-11-17 04:00:00+00:00, run_after=2024-11-17 08:00:00+00:00
[2024-11-17T09:20:34.385+0000] {processor.py:208} INFO - Processing /home/airflow/.local/lib/python3.12/site-packages/airflow/example_dags/example_latest_only.py took 0.228 seconds
[2024-11-17T09:21:04.802+0000] {processor.py:186} INFO - Started process (PID=3002) to work on /home/airflow/.local/lib/python3.12/site-packages/airflow/example_dags/example_latest_only.py
[2024-11-17T09:21:04.805+0000] {processor.py:914} INFO - Processing file /home/airflow/.local/lib/python3.12/site-packages/airflow/example_dags/example_latest_only.py for tasks to queue
[2024-11-17T09:21:04.811+0000] {logging_mixin.py:190} INFO - [2024-11-17T09:21:04.811+0000] {dagbag.py:588} INFO - Filling up the DagBag from /home/airflow/.local/lib/python3.12/site-packages/airflow/example_dags/example_latest_only.py
[2024-11-17T09:21:04.831+0000] {processor.py:925} INFO - DAG(s) 'latest_only' retrieved from /home/airflow/.local/lib/python3.12/site-packages/airflow/example_dags/example_latest_only.py
[2024-11-17T09:21:04.883+0000] {logging_mixin.py:190} INFO - [2024-11-17T09:21:04.882+0000] {dag.py:3239} INFO - Sync 1 DAGs
[2024-11-17T09:21:04.947+0000] {logging_mixin.py:190} INFO - [2024-11-17T09:21:04.946+0000] {dag.py:4180} INFO - Setting next_dagrun for latest_only to 2024-11-17 04:00:00+00:00, run_after=2024-11-17 08:00:00+00:00
[2024-11-17T09:21:04.994+0000] {processor.py:208} INFO - Processing /home/airflow/.local/lib/python3.12/site-packages/airflow/example_dags/example_latest_only.py took 0.208 seconds
[2024-11-17T09:21:36.389+0000] {processor.py:186} INFO - Started process (PID=3068) to work on /home/airflow/.local/lib/python3.12/site-packages/airflow/example_dags/example_latest_only.py
[2024-11-17T09:21:36.392+0000] {processor.py:914} INFO - Processing file /home/airflow/.local/lib/python3.12/site-packages/airflow/example_dags/example_latest_only.py for tasks to queue
[2024-11-17T09:21:36.398+0000] {logging_mixin.py:190} INFO - [2024-11-17T09:21:36.397+0000] {dagbag.py:588} INFO - Filling up the DagBag from /home/airflow/.local/lib/python3.12/site-packages/airflow/example_dags/example_latest_only.py
[2024-11-17T09:21:36.419+0000] {processor.py:925} INFO - DAG(s) 'latest_only' retrieved from /home/airflow/.local/lib/python3.12/site-packages/airflow/example_dags/example_latest_only.py
[2024-11-17T09:21:36.476+0000] {logging_mixin.py:190} INFO - [2024-11-17T09:21:36.476+0000] {dag.py:3239} INFO - Sync 1 DAGs
[2024-11-17T09:21:36.585+0000] {logging_mixin.py:190} INFO - [2024-11-17T09:21:36.584+0000] {dag.py:4180} INFO - Setting next_dagrun for latest_only to 2024-11-17 04:00:00+00:00, run_after=2024-11-17 08:00:00+00:00
[2024-11-17T09:21:37.134+0000] {processor.py:208} INFO - Processing /home/airflow/.local/lib/python3.12/site-packages/airflow/example_dags/example_latest_only.py took 0.762 seconds
[2024-11-17T09:22:07.578+0000] {processor.py:186} INFO - Started process (PID=3134) to work on /home/airflow/.local/lib/python3.12/site-packages/airflow/example_dags/example_latest_only.py
[2024-11-17T09:22:07.580+0000] {processor.py:914} INFO - Processing file /home/airflow/.local/lib/python3.12/site-packages/airflow/example_dags/example_latest_only.py for tasks to queue
[2024-11-17T09:22:07.587+0000] {logging_mixin.py:190} INFO - [2024-11-17T09:22:07.586+0000] {dagbag.py:588} INFO - Filling up the DagBag from /home/airflow/.local/lib/python3.12/site-packages/airflow/example_dags/example_latest_only.py
[2024-11-17T09:22:07.607+0000] {processor.py:925} INFO - DAG(s) 'latest_only' retrieved from /home/airflow/.local/lib/python3.12/site-packages/airflow/example_dags/example_latest_only.py
[2024-11-17T09:22:07.658+0000] {logging_mixin.py:190} INFO - [2024-11-17T09:22:07.658+0000] {dag.py:3239} INFO - Sync 1 DAGs
[2024-11-17T09:22:07.729+0000] {logging_mixin.py:190} INFO - [2024-11-17T09:22:07.728+0000] {dag.py:4180} INFO - Setting next_dagrun for latest_only to 2024-11-17 04:00:00+00:00, run_after=2024-11-17 08:00:00+00:00
[2024-11-17T09:22:07.789+0000] {processor.py:208} INFO - Processing /home/airflow/.local/lib/python3.12/site-packages/airflow/example_dags/example_latest_only.py took 0.228 seconds
[2024-11-17T09:22:38.288+0000] {processor.py:186} INFO - Started process (PID=3200) to work on /home/airflow/.local/lib/python3.12/site-packages/airflow/example_dags/example_latest_only.py
[2024-11-17T09:22:38.292+0000] {processor.py:914} INFO - Processing file /home/airflow/.local/lib/python3.12/site-packages/airflow/example_dags/example_latest_only.py for tasks to queue
[2024-11-17T09:22:38.300+0000] {logging_mixin.py:190} INFO - [2024-11-17T09:22:38.299+0000] {dagbag.py:588} INFO - Filling up the DagBag from /home/airflow/.local/lib/python3.12/site-packages/airflow/example_dags/example_latest_only.py
[2024-11-17T09:22:38.333+0000] {processor.py:925} INFO - DAG(s) 'latest_only' retrieved from /home/airflow/.local/lib/python3.12/site-packages/airflow/example_dags/example_latest_only.py
[2024-11-17T09:22:38.386+0000] {logging_mixin.py:190} INFO - [2024-11-17T09:22:38.385+0000] {dag.py:3239} INFO - Sync 1 DAGs
[2024-11-17T09:22:38.458+0000] {logging_mixin.py:190} INFO - [2024-11-17T09:22:38.457+0000] {dag.py:4180} INFO - Setting next_dagrun for latest_only to 2024-11-17 04:00:00+00:00, run_after=2024-11-17 08:00:00+00:00
[2024-11-17T09:22:38.516+0000] {processor.py:208} INFO - Processing /home/airflow/.local/lib/python3.12/site-packages/airflow/example_dags/example_latest_only.py took 0.251 seconds
[2024-11-17T09:23:09.800+0000] {processor.py:186} INFO - Started process (PID=3266) to work on /home/airflow/.local/lib/python3.12/site-packages/airflow/example_dags/example_latest_only.py
[2024-11-17T09:23:09.803+0000] {processor.py:914} INFO - Processing file /home/airflow/.local/lib/python3.12/site-packages/airflow/example_dags/example_latest_only.py for tasks to queue
[2024-11-17T09:23:09.809+0000] {logging_mixin.py:190} INFO - [2024-11-17T09:23:09.808+0000] {dagbag.py:588} INFO - Filling up the DagBag from /home/airflow/.local/lib/python3.12/site-packages/airflow/example_dags/example_latest_only.py
[2024-11-17T09:23:10.218+0000] {processor.py:925} INFO - DAG(s) 'latest_only' retrieved from /home/airflow/.local/lib/python3.12/site-packages/airflow/example_dags/example_latest_only.py
[2024-11-17T09:23:10.259+0000] {logging_mixin.py:190} INFO - [2024-11-17T09:23:10.259+0000] {dag.py:3239} INFO - Sync 1 DAGs
[2024-11-17T09:23:10.320+0000] {logging_mixin.py:190} INFO - [2024-11-17T09:23:10.319+0000] {dag.py:4180} INFO - Setting next_dagrun for latest_only to 2024-11-17 04:00:00+00:00, run_after=2024-11-17 08:00:00+00:00
[2024-11-17T09:23:10.376+0000] {processor.py:208} INFO - Processing /home/airflow/.local/lib/python3.12/site-packages/airflow/example_dags/example_latest_only.py took 0.593 seconds
[2024-11-17T09:23:41.572+0000] {processor.py:186} INFO - Started process (PID=3332) to work on /home/airflow/.local/lib/python3.12/site-packages/airflow/example_dags/example_latest_only.py
[2024-11-17T09:23:41.575+0000] {processor.py:914} INFO - Processing file /home/airflow/.local/lib/python3.12/site-packages/airflow/example_dags/example_latest_only.py for tasks to queue
[2024-11-17T09:23:41.585+0000] {logging_mixin.py:190} INFO - [2024-11-17T09:23:41.582+0000] {dagbag.py:588} INFO - Filling up the DagBag from /home/airflow/.local/lib/python3.12/site-packages/airflow/example_dags/example_latest_only.py
[2024-11-17T09:23:41.608+0000] {processor.py:925} INFO - DAG(s) 'latest_only' retrieved from /home/airflow/.local/lib/python3.12/site-packages/airflow/example_dags/example_latest_only.py
[2024-11-17T09:23:41.676+0000] {logging_mixin.py:190} INFO - [2024-11-17T09:23:41.675+0000] {dag.py:3239} INFO - Sync 1 DAGs
[2024-11-17T09:23:41.767+0000] {logging_mixin.py:190} INFO - [2024-11-17T09:23:41.767+0000] {dag.py:4180} INFO - Setting next_dagrun for latest_only to 2024-11-17 04:00:00+00:00, run_after=2024-11-17 08:00:00+00:00
[2024-11-17T09:23:41.821+0000] {processor.py:208} INFO - Processing /home/airflow/.local/lib/python3.12/site-packages/airflow/example_dags/example_latest_only.py took 0.273 seconds
[2024-11-17T09:24:12.319+0000] {processor.py:186} INFO - Started process (PID=3398) to work on /home/airflow/.local/lib/python3.12/site-packages/airflow/example_dags/example_latest_only.py
[2024-11-17T09:24:12.322+0000] {processor.py:914} INFO - Processing file /home/airflow/.local/lib/python3.12/site-packages/airflow/example_dags/example_latest_only.py for tasks to queue
[2024-11-17T09:24:12.329+0000] {logging_mixin.py:190} INFO - [2024-11-17T09:24:12.328+0000] {dagbag.py:588} INFO - Filling up the DagBag from /home/airflow/.local/lib/python3.12/site-packages/airflow/example_dags/example_latest_only.py
[2024-11-17T09:24:12.355+0000] {processor.py:925} INFO - DAG(s) 'latest_only' retrieved from /home/airflow/.local/lib/python3.12/site-packages/airflow/example_dags/example_latest_only.py
[2024-11-17T09:24:12.406+0000] {logging_mixin.py:190} INFO - [2024-11-17T09:24:12.406+0000] {dag.py:3239} INFO - Sync 1 DAGs
[2024-11-17T09:24:12.477+0000] {logging_mixin.py:190} INFO - [2024-11-17T09:24:12.476+0000] {dag.py:4180} INFO - Setting next_dagrun for latest_only to 2024-11-17 04:00:00+00:00, run_after=2024-11-17 08:00:00+00:00
[2024-11-17T09:24:12.536+0000] {processor.py:208} INFO - Processing /home/airflow/.local/lib/python3.12/site-packages/airflow/example_dags/example_latest_only.py took 0.235 seconds
[2024-11-17T09:24:42.952+0000] {processor.py:186} INFO - Started process (PID=3463) to work on /home/airflow/.local/lib/python3.12/site-packages/airflow/example_dags/example_latest_only.py
[2024-11-17T09:24:42.955+0000] {processor.py:914} INFO - Processing file /home/airflow/.local/lib/python3.12/site-packages/airflow/example_dags/example_latest_only.py for tasks to queue
[2024-11-17T09:24:42.962+0000] {logging_mixin.py:190} INFO - [2024-11-17T09:24:42.961+0000] {dagbag.py:588} INFO - Filling up the DagBag from /home/airflow/.local/lib/python3.12/site-packages/airflow/example_dags/example_latest_only.py
[2024-11-17T09:24:42.984+0000] {processor.py:925} INFO - DAG(s) 'latest_only' retrieved from /home/airflow/.local/lib/python3.12/site-packages/airflow/example_dags/example_latest_only.py
[2024-11-17T09:24:43.043+0000] {logging_mixin.py:190} INFO - [2024-11-17T09:24:43.042+0000] {dag.py:3239} INFO - Sync 1 DAGs
[2024-11-17T09:24:43.136+0000] {logging_mixin.py:190} INFO - [2024-11-17T09:24:43.135+0000] {dag.py:4180} INFO - Setting next_dagrun for latest_only to 2024-11-17 04:00:00+00:00, run_after=2024-11-17 08:00:00+00:00
[2024-11-17T09:24:43.199+0000] {processor.py:208} INFO - Processing /home/airflow/.local/lib/python3.12/site-packages/airflow/example_dags/example_latest_only.py took 0.265 seconds
[2024-11-17T09:25:14.350+0000] {processor.py:186} INFO - Started process (PID=3536) to work on /home/airflow/.local/lib/python3.12/site-packages/airflow/example_dags/example_latest_only.py
[2024-11-17T09:25:14.353+0000] {processor.py:914} INFO - Processing file /home/airflow/.local/lib/python3.12/site-packages/airflow/example_dags/example_latest_only.py for tasks to queue
[2024-11-17T09:25:14.359+0000] {logging_mixin.py:190} INFO - [2024-11-17T09:25:14.358+0000] {dagbag.py:588} INFO - Filling up the DagBag from /home/airflow/.local/lib/python3.12/site-packages/airflow/example_dags/example_latest_only.py
[2024-11-17T09:25:14.382+0000] {processor.py:925} INFO - DAG(s) 'latest_only' retrieved from /home/airflow/.local/lib/python3.12/site-packages/airflow/example_dags/example_latest_only.py
[2024-11-17T09:25:14.457+0000] {logging_mixin.py:190} INFO - [2024-11-17T09:25:14.456+0000] {dag.py:3239} INFO - Sync 1 DAGs
[2024-11-17T09:25:14.549+0000] {logging_mixin.py:190} INFO - [2024-11-17T09:25:14.548+0000] {dag.py:4180} INFO - Setting next_dagrun for latest_only to 2024-11-17 04:00:00+00:00, run_after=2024-11-17 08:00:00+00:00
[2024-11-17T09:25:14.620+0000] {processor.py:208} INFO - Processing /home/airflow/.local/lib/python3.12/site-packages/airflow/example_dags/example_latest_only.py took 0.287 seconds
[2024-11-17T09:25:45.293+0000] {processor.py:186} INFO - Started process (PID=3602) to work on /home/airflow/.local/lib/python3.12/site-packages/airflow/example_dags/example_latest_only.py
[2024-11-17T09:25:45.296+0000] {processor.py:914} INFO - Processing file /home/airflow/.local/lib/python3.12/site-packages/airflow/example_dags/example_latest_only.py for tasks to queue
[2024-11-17T09:25:45.307+0000] {logging_mixin.py:190} INFO - [2024-11-17T09:25:45.306+0000] {dagbag.py:588} INFO - Filling up the DagBag from /home/airflow/.local/lib/python3.12/site-packages/airflow/example_dags/example_latest_only.py
[2024-11-17T09:25:45.338+0000] {processor.py:925} INFO - DAG(s) 'latest_only' retrieved from /home/airflow/.local/lib/python3.12/site-packages/airflow/example_dags/example_latest_only.py
[2024-11-17T09:25:45.402+0000] {logging_mixin.py:190} INFO - [2024-11-17T09:25:45.402+0000] {dag.py:3239} INFO - Sync 1 DAGs
[2024-11-17T09:25:45.505+0000] {logging_mixin.py:190} INFO - [2024-11-17T09:25:45.503+0000] {dag.py:4180} INFO - Setting next_dagrun for latest_only to 2024-11-17 04:00:00+00:00, run_after=2024-11-17 08:00:00+00:00
[2024-11-17T09:25:45.630+0000] {processor.py:208} INFO - Processing /home/airflow/.local/lib/python3.12/site-packages/airflow/example_dags/example_latest_only.py took 0.366 seconds
[2024-11-17T09:26:15.856+0000] {processor.py:186} INFO - Started process (PID=3667) to work on /home/airflow/.local/lib/python3.12/site-packages/airflow/example_dags/example_latest_only.py
[2024-11-17T09:26:15.860+0000] {processor.py:914} INFO - Processing file /home/airflow/.local/lib/python3.12/site-packages/airflow/example_dags/example_latest_only.py for tasks to queue
[2024-11-17T09:26:15.872+0000] {logging_mixin.py:190} INFO - [2024-11-17T09:26:15.871+0000] {dagbag.py:588} INFO - Filling up the DagBag from /home/airflow/.local/lib/python3.12/site-packages/airflow/example_dags/example_latest_only.py
[2024-11-17T09:26:15.893+0000] {processor.py:925} INFO - DAG(s) 'latest_only' retrieved from /home/airflow/.local/lib/python3.12/site-packages/airflow/example_dags/example_latest_only.py
[2024-11-17T09:26:15.949+0000] {logging_mixin.py:190} INFO - [2024-11-17T09:26:15.948+0000] {dag.py:3239} INFO - Sync 1 DAGs
[2024-11-17T09:26:16.021+0000] {logging_mixin.py:190} INFO - [2024-11-17T09:26:16.020+0000] {dag.py:4180} INFO - Setting next_dagrun for latest_only to 2024-11-17 04:00:00+00:00, run_after=2024-11-17 08:00:00+00:00
[2024-11-17T09:26:16.080+0000] {processor.py:208} INFO - Processing /home/airflow/.local/lib/python3.12/site-packages/airflow/example_dags/example_latest_only.py took 0.246 seconds
[2024-11-17T09:26:46.201+0000] {processor.py:186} INFO - Started process (PID=3733) to work on /home/airflow/.local/lib/python3.12/site-packages/airflow/example_dags/example_latest_only.py
[2024-11-17T09:26:46.204+0000] {processor.py:914} INFO - Processing file /home/airflow/.local/lib/python3.12/site-packages/airflow/example_dags/example_latest_only.py for tasks to queue
[2024-11-17T09:26:46.211+0000] {logging_mixin.py:190} INFO - [2024-11-17T09:26:46.209+0000] {dagbag.py:588} INFO - Filling up the DagBag from /home/airflow/.local/lib/python3.12/site-packages/airflow/example_dags/example_latest_only.py
[2024-11-17T09:26:46.233+0000] {processor.py:925} INFO - DAG(s) 'latest_only' retrieved from /home/airflow/.local/lib/python3.12/site-packages/airflow/example_dags/example_latest_only.py
[2024-11-17T09:26:46.289+0000] {logging_mixin.py:190} INFO - [2024-11-17T09:26:46.288+0000] {dag.py:3239} INFO - Sync 1 DAGs
[2024-11-17T09:26:46.372+0000] {logging_mixin.py:190} INFO - [2024-11-17T09:26:46.371+0000] {dag.py:4180} INFO - Setting next_dagrun for latest_only to 2024-11-17 04:00:00+00:00, run_after=2024-11-17 08:00:00+00:00
[2024-11-17T09:26:46.426+0000] {processor.py:208} INFO - Processing /home/airflow/.local/lib/python3.12/site-packages/airflow/example_dags/example_latest_only.py took 0.243 seconds
[2024-11-17T09:27:16.593+0000] {processor.py:186} INFO - Started process (PID=3799) to work on /home/airflow/.local/lib/python3.12/site-packages/airflow/example_dags/example_latest_only.py
[2024-11-17T09:27:16.596+0000] {processor.py:914} INFO - Processing file /home/airflow/.local/lib/python3.12/site-packages/airflow/example_dags/example_latest_only.py for tasks to queue
[2024-11-17T09:27:16.603+0000] {logging_mixin.py:190} INFO - [2024-11-17T09:27:16.602+0000] {dagbag.py:588} INFO - Filling up the DagBag from /home/airflow/.local/lib/python3.12/site-packages/airflow/example_dags/example_latest_only.py
[2024-11-17T09:27:16.624+0000] {processor.py:925} INFO - DAG(s) 'latest_only' retrieved from /home/airflow/.local/lib/python3.12/site-packages/airflow/example_dags/example_latest_only.py
[2024-11-17T09:27:16.690+0000] {logging_mixin.py:190} INFO - [2024-11-17T09:27:16.690+0000] {dag.py:3239} INFO - Sync 1 DAGs
[2024-11-17T09:27:16.761+0000] {logging_mixin.py:190} INFO - [2024-11-17T09:27:16.761+0000] {dag.py:4180} INFO - Setting next_dagrun for latest_only to 2024-11-17 04:00:00+00:00, run_after=2024-11-17 08:00:00+00:00
[2024-11-17T09:27:16.817+0000] {processor.py:208} INFO - Processing /home/airflow/.local/lib/python3.12/site-packages/airflow/example_dags/example_latest_only.py took 0.244 seconds
[2024-11-17T09:27:47.469+0000] {processor.py:186} INFO - Started process (PID=3865) to work on /home/airflow/.local/lib/python3.12/site-packages/airflow/example_dags/example_latest_only.py
[2024-11-17T09:27:47.472+0000] {processor.py:914} INFO - Processing file /home/airflow/.local/lib/python3.12/site-packages/airflow/example_dags/example_latest_only.py for tasks to queue
[2024-11-17T09:27:47.479+0000] {logging_mixin.py:190} INFO - [2024-11-17T09:27:47.478+0000] {dagbag.py:588} INFO - Filling up the DagBag from /home/airflow/.local/lib/python3.12/site-packages/airflow/example_dags/example_latest_only.py
[2024-11-17T09:27:47.499+0000] {processor.py:925} INFO - DAG(s) 'latest_only' retrieved from /home/airflow/.local/lib/python3.12/site-packages/airflow/example_dags/example_latest_only.py
[2024-11-17T09:27:47.550+0000] {logging_mixin.py:190} INFO - [2024-11-17T09:27:47.550+0000] {dag.py:3239} INFO - Sync 1 DAGs
[2024-11-17T09:27:47.617+0000] {logging_mixin.py:190} INFO - [2024-11-17T09:27:47.617+0000] {dag.py:4180} INFO - Setting next_dagrun for latest_only to 2024-11-17 04:00:00+00:00, run_after=2024-11-17 08:00:00+00:00
[2024-11-17T09:27:47.673+0000] {processor.py:208} INFO - Processing /home/airflow/.local/lib/python3.12/site-packages/airflow/example_dags/example_latest_only.py took 0.223 seconds
