[2024-11-17T08:58:07.116+0000] {processor.py:186} INFO - Started process (PID=115) to work on /home/airflow/.local/lib/python3.12/site-packages/airflow/example_dags/example_skip_dag.py
[2024-11-17T08:58:07.120+0000] {processor.py:914} INFO - Processing file /home/airflow/.local/lib/python3.12/site-packages/airflow/example_dags/example_skip_dag.py for tasks to queue
[2024-11-17T08:58:07.130+0000] {logging_mixin.py:190} INFO - [2024-11-17T08:58:07.129+0000] {dagbag.py:588} INFO - Filling up the DagBag from /home/airflow/.local/lib/python3.12/site-packages/airflow/example_dags/example_skip_dag.py
[2024-11-17T08:58:07.167+0000] {processor.py:925} INFO - DAG(s) 'example_skip_dag' retrieved from /home/airflow/.local/lib/python3.12/site-packages/airflow/example_dags/example_skip_dag.py
[2024-11-17T08:58:07.547+0000] {logging_mixin.py:190} INFO - [2024-11-17T08:58:07.546+0000] {override.py:1911} INFO - Created Permission View: can delete on DAG:example_skip_dag
[2024-11-17T08:58:07.576+0000] {logging_mixin.py:190} INFO - [2024-11-17T08:58:07.575+0000] {override.py:1911} INFO - Created Permission View: can edit on DAG:example_skip_dag
[2024-11-17T08:58:07.596+0000] {logging_mixin.py:190} INFO - [2024-11-17T08:58:07.596+0000] {override.py:1911} INFO - Created Permission View: can read on DAG:example_skip_dag
[2024-11-17T08:58:07.620+0000] {logging_mixin.py:190} INFO - [2024-11-17T08:58:07.619+0000] {override.py:1911} INFO - Created Permission View: can delete on DAG Run:example_skip_dag
[2024-11-17T08:58:07.642+0000] {logging_mixin.py:190} INFO - [2024-11-17T08:58:07.641+0000] {override.py:1911} INFO - Created Permission View: menu access on DAG Run:example_skip_dag
[2024-11-17T08:58:07.664+0000] {logging_mixin.py:190} INFO - [2024-11-17T08:58:07.663+0000] {override.py:1911} INFO - Created Permission View: can create on DAG Run:example_skip_dag
[2024-11-17T08:58:07.686+0000] {logging_mixin.py:190} INFO - [2024-11-17T08:58:07.685+0000] {override.py:1911} INFO - Created Permission View: can read on DAG Run:example_skip_dag
[2024-11-17T08:58:07.688+0000] {logging_mixin.py:190} INFO - [2024-11-17T08:58:07.687+0000] {dag.py:3239} INFO - Sync 1 DAGs
[2024-11-17T08:58:07.731+0000] {logging_mixin.py:190} INFO - [2024-11-17T08:58:07.731+0000] {dag.py:3262} INFO - Creating ORM DAG for example_skip_dag
[2024-11-17T08:58:07.762+0000] {logging_mixin.py:190} INFO - [2024-11-17T08:58:07.761+0000] {dag.py:4180} INFO - Setting next_dagrun for example_skip_dag to 2024-11-16 00:00:00+00:00, run_after=2024-11-17 00:00:00+00:00
[2024-11-17T08:58:07.816+0000] {processor.py:208} INFO - Processing /home/airflow/.local/lib/python3.12/site-packages/airflow/example_dags/example_skip_dag.py took 0.724 seconds
[2024-11-17T08:58:43.862+0000] {processor.py:186} INFO - Started process (PID=180) to work on /home/airflow/.local/lib/python3.12/site-packages/airflow/example_dags/example_skip_dag.py
[2024-11-17T08:58:43.865+0000] {processor.py:914} INFO - Processing file /home/airflow/.local/lib/python3.12/site-packages/airflow/example_dags/example_skip_dag.py for tasks to queue
[2024-11-17T08:58:43.871+0000] {logging_mixin.py:190} INFO - [2024-11-17T08:58:43.870+0000] {dagbag.py:588} INFO - Filling up the DagBag from /home/airflow/.local/lib/python3.12/site-packages/airflow/example_dags/example_skip_dag.py
[2024-11-17T08:58:43.897+0000] {processor.py:925} INFO - DAG(s) 'example_skip_dag' retrieved from /home/airflow/.local/lib/python3.12/site-packages/airflow/example_dags/example_skip_dag.py
[2024-11-17T08:58:44.124+0000] {logging_mixin.py:190} INFO - [2024-11-17T08:58:44.072+0000] {dag.py:3239} INFO - Sync 1 DAGs
[2024-11-17T08:58:45.928+0000] {logging_mixin.py:190} INFO - [2024-11-17T08:58:45.928+0000] {dag.py:4180} INFO - Setting next_dagrun for example_skip_dag to 2024-11-16 00:00:00+00:00, run_after=2024-11-17 00:00:00+00:00
[2024-11-17T08:58:46.050+0000] {processor.py:208} INFO - Processing /home/airflow/.local/lib/python3.12/site-packages/airflow/example_dags/example_skip_dag.py took 2.205 seconds
[2024-11-17T08:59:16.579+0000] {processor.py:186} INFO - Started process (PID=246) to work on /home/airflow/.local/lib/python3.12/site-packages/airflow/example_dags/example_skip_dag.py
[2024-11-17T08:59:16.584+0000] {processor.py:914} INFO - Processing file /home/airflow/.local/lib/python3.12/site-packages/airflow/example_dags/example_skip_dag.py for tasks to queue
[2024-11-17T08:59:16.593+0000] {logging_mixin.py:190} INFO - [2024-11-17T08:59:16.592+0000] {dagbag.py:588} INFO - Filling up the DagBag from /home/airflow/.local/lib/python3.12/site-packages/airflow/example_dags/example_skip_dag.py
[2024-11-17T08:59:16.631+0000] {processor.py:925} INFO - DAG(s) 'example_skip_dag' retrieved from /home/airflow/.local/lib/python3.12/site-packages/airflow/example_dags/example_skip_dag.py
[2024-11-17T08:59:16.714+0000] {logging_mixin.py:190} INFO - [2024-11-17T08:59:16.713+0000] {dag.py:3239} INFO - Sync 1 DAGs
[2024-11-17T08:59:16.796+0000] {logging_mixin.py:190} INFO - [2024-11-17T08:59:16.796+0000] {dag.py:4180} INFO - Setting next_dagrun for example_skip_dag to 2024-11-16 00:00:00+00:00, run_after=2024-11-17 00:00:00+00:00
[2024-11-17T08:59:16.866+0000] {processor.py:208} INFO - Processing /home/airflow/.local/lib/python3.12/site-packages/airflow/example_dags/example_skip_dag.py took 0.309 seconds
[2024-11-17T08:59:47.361+0000] {processor.py:186} INFO - Started process (PID=311) to work on /home/airflow/.local/lib/python3.12/site-packages/airflow/example_dags/example_skip_dag.py
[2024-11-17T08:59:47.365+0000] {processor.py:914} INFO - Processing file /home/airflow/.local/lib/python3.12/site-packages/airflow/example_dags/example_skip_dag.py for tasks to queue
[2024-11-17T08:59:47.375+0000] {logging_mixin.py:190} INFO - [2024-11-17T08:59:47.373+0000] {dagbag.py:588} INFO - Filling up the DagBag from /home/airflow/.local/lib/python3.12/site-packages/airflow/example_dags/example_skip_dag.py
[2024-11-17T08:59:47.406+0000] {processor.py:925} INFO - DAG(s) 'example_skip_dag' retrieved from /home/airflow/.local/lib/python3.12/site-packages/airflow/example_dags/example_skip_dag.py
[2024-11-17T08:59:47.490+0000] {logging_mixin.py:190} INFO - [2024-11-17T08:59:47.489+0000] {dag.py:3239} INFO - Sync 1 DAGs
[2024-11-17T08:59:47.581+0000] {logging_mixin.py:190} INFO - [2024-11-17T08:59:47.580+0000] {dag.py:4180} INFO - Setting next_dagrun for example_skip_dag to 2024-11-16 00:00:00+00:00, run_after=2024-11-17 00:00:00+00:00
[2024-11-17T08:59:47.666+0000] {processor.py:208} INFO - Processing /home/airflow/.local/lib/python3.12/site-packages/airflow/example_dags/example_skip_dag.py took 0.324 seconds
[2024-11-17T09:00:18.202+0000] {processor.py:186} INFO - Started process (PID=378) to work on /home/airflow/.local/lib/python3.12/site-packages/airflow/example_dags/example_skip_dag.py
[2024-11-17T09:00:18.204+0000] {processor.py:914} INFO - Processing file /home/airflow/.local/lib/python3.12/site-packages/airflow/example_dags/example_skip_dag.py for tasks to queue
[2024-11-17T09:00:18.211+0000] {logging_mixin.py:190} INFO - [2024-11-17T09:00:18.210+0000] {dagbag.py:588} INFO - Filling up the DagBag from /home/airflow/.local/lib/python3.12/site-packages/airflow/example_dags/example_skip_dag.py
[2024-11-17T09:00:18.235+0000] {processor.py:925} INFO - DAG(s) 'example_skip_dag' retrieved from /home/airflow/.local/lib/python3.12/site-packages/airflow/example_dags/example_skip_dag.py
[2024-11-17T09:00:18.315+0000] {logging_mixin.py:190} INFO - [2024-11-17T09:00:18.314+0000] {dag.py:3239} INFO - Sync 1 DAGs
[2024-11-17T09:00:18.398+0000] {logging_mixin.py:190} INFO - [2024-11-17T09:00:18.397+0000] {dag.py:4180} INFO - Setting next_dagrun for example_skip_dag to 2024-11-16 00:00:00+00:00, run_after=2024-11-17 00:00:00+00:00
[2024-11-17T09:00:18.454+0000] {processor.py:208} INFO - Processing /home/airflow/.local/lib/python3.12/site-packages/airflow/example_dags/example_skip_dag.py took 0.270 seconds
[2024-11-17T09:01:02.422+0000] {processor.py:186} INFO - Started process (PID=451) to work on /home/airflow/.local/lib/python3.12/site-packages/airflow/example_dags/example_skip_dag.py
[2024-11-17T09:01:02.425+0000] {processor.py:914} INFO - Processing file /home/airflow/.local/lib/python3.12/site-packages/airflow/example_dags/example_skip_dag.py for tasks to queue
[2024-11-17T09:01:02.433+0000] {logging_mixin.py:190} INFO - [2024-11-17T09:01:02.432+0000] {dagbag.py:588} INFO - Filling up the DagBag from /home/airflow/.local/lib/python3.12/site-packages/airflow/example_dags/example_skip_dag.py
[2024-11-17T09:01:02.457+0000] {processor.py:925} INFO - DAG(s) 'example_skip_dag' retrieved from /home/airflow/.local/lib/python3.12/site-packages/airflow/example_dags/example_skip_dag.py
[2024-11-17T09:01:02.519+0000] {logging_mixin.py:190} INFO - [2024-11-17T09:01:02.519+0000] {dag.py:3239} INFO - Sync 1 DAGs
[2024-11-17T09:01:02.587+0000] {logging_mixin.py:190} INFO - [2024-11-17T09:01:02.586+0000] {dag.py:4180} INFO - Setting next_dagrun for example_skip_dag to 2024-11-16 00:00:00+00:00, run_after=2024-11-17 00:00:00+00:00
[2024-11-17T09:01:02.646+0000] {processor.py:208} INFO - Processing /home/airflow/.local/lib/python3.12/site-packages/airflow/example_dags/example_skip_dag.py took 0.241 seconds
[2024-11-17T09:01:34.490+0000] {processor.py:186} INFO - Started process (PID=517) to work on /home/airflow/.local/lib/python3.12/site-packages/airflow/example_dags/example_skip_dag.py
[2024-11-17T09:01:34.493+0000] {processor.py:914} INFO - Processing file /home/airflow/.local/lib/python3.12/site-packages/airflow/example_dags/example_skip_dag.py for tasks to queue
[2024-11-17T09:01:34.499+0000] {logging_mixin.py:190} INFO - [2024-11-17T09:01:34.498+0000] {dagbag.py:588} INFO - Filling up the DagBag from /home/airflow/.local/lib/python3.12/site-packages/airflow/example_dags/example_skip_dag.py
[2024-11-17T09:01:34.521+0000] {processor.py:925} INFO - DAG(s) 'example_skip_dag' retrieved from /home/airflow/.local/lib/python3.12/site-packages/airflow/example_dags/example_skip_dag.py
[2024-11-17T09:01:34.585+0000] {logging_mixin.py:190} INFO - [2024-11-17T09:01:34.585+0000] {dag.py:3239} INFO - Sync 1 DAGs
[2024-11-17T09:01:34.650+0000] {logging_mixin.py:190} INFO - [2024-11-17T09:01:34.649+0000] {dag.py:4180} INFO - Setting next_dagrun for example_skip_dag to 2024-11-16 00:00:00+00:00, run_after=2024-11-17 00:00:00+00:00
[2024-11-17T09:01:34.707+0000] {processor.py:208} INFO - Processing /home/airflow/.local/lib/python3.12/site-packages/airflow/example_dags/example_skip_dag.py took 0.234 seconds
[2024-11-17T09:02:06.535+0000] {processor.py:186} INFO - Started process (PID=582) to work on /home/airflow/.local/lib/python3.12/site-packages/airflow/example_dags/example_skip_dag.py
[2024-11-17T09:02:06.537+0000] {processor.py:914} INFO - Processing file /home/airflow/.local/lib/python3.12/site-packages/airflow/example_dags/example_skip_dag.py for tasks to queue
[2024-11-17T09:02:06.545+0000] {logging_mixin.py:190} INFO - [2024-11-17T09:02:06.544+0000] {dagbag.py:588} INFO - Filling up the DagBag from /home/airflow/.local/lib/python3.12/site-packages/airflow/example_dags/example_skip_dag.py
[2024-11-17T09:02:06.567+0000] {processor.py:925} INFO - DAG(s) 'example_skip_dag' retrieved from /home/airflow/.local/lib/python3.12/site-packages/airflow/example_dags/example_skip_dag.py
[2024-11-17T09:02:06.624+0000] {logging_mixin.py:190} INFO - [2024-11-17T09:02:06.623+0000] {dag.py:3239} INFO - Sync 1 DAGs
[2024-11-17T09:02:06.686+0000] {logging_mixin.py:190} INFO - [2024-11-17T09:02:06.685+0000] {dag.py:4180} INFO - Setting next_dagrun for example_skip_dag to 2024-11-16 00:00:00+00:00, run_after=2024-11-17 00:00:00+00:00
[2024-11-17T09:02:06.738+0000] {processor.py:208} INFO - Processing /home/airflow/.local/lib/python3.12/site-packages/airflow/example_dags/example_skip_dag.py took 0.224 seconds
[2024-11-17T09:02:41.555+0000] {processor.py:186} INFO - Started process (PID=658) to work on /home/airflow/.local/lib/python3.12/site-packages/airflow/example_dags/example_skip_dag.py
[2024-11-17T09:02:41.558+0000] {processor.py:914} INFO - Processing file /home/airflow/.local/lib/python3.12/site-packages/airflow/example_dags/example_skip_dag.py for tasks to queue
[2024-11-17T09:02:41.567+0000] {logging_mixin.py:190} INFO - [2024-11-17T09:02:41.566+0000] {dagbag.py:588} INFO - Filling up the DagBag from /home/airflow/.local/lib/python3.12/site-packages/airflow/example_dags/example_skip_dag.py
[2024-11-17T09:02:41.596+0000] {processor.py:925} INFO - DAG(s) 'example_skip_dag' retrieved from /home/airflow/.local/lib/python3.12/site-packages/airflow/example_dags/example_skip_dag.py
[2024-11-17T09:02:41.674+0000] {logging_mixin.py:190} INFO - [2024-11-17T09:02:41.674+0000] {dag.py:3239} INFO - Sync 1 DAGs
[2024-11-17T09:02:41.747+0000] {logging_mixin.py:190} INFO - [2024-11-17T09:02:41.747+0000] {dag.py:4180} INFO - Setting next_dagrun for example_skip_dag to 2024-11-16 00:00:00+00:00, run_after=2024-11-17 00:00:00+00:00
[2024-11-17T09:02:41.813+0000] {processor.py:208} INFO - Processing /home/airflow/.local/lib/python3.12/site-packages/airflow/example_dags/example_skip_dag.py took 0.276 seconds
[2024-11-17T09:03:14.091+0000] {processor.py:186} INFO - Started process (PID=727) to work on /home/airflow/.local/lib/python3.12/site-packages/airflow/example_dags/example_skip_dag.py
[2024-11-17T09:03:14.095+0000] {processor.py:914} INFO - Processing file /home/airflow/.local/lib/python3.12/site-packages/airflow/example_dags/example_skip_dag.py for tasks to queue
[2024-11-17T09:03:14.105+0000] {logging_mixin.py:190} INFO - [2024-11-17T09:03:14.104+0000] {dagbag.py:588} INFO - Filling up the DagBag from /home/airflow/.local/lib/python3.12/site-packages/airflow/example_dags/example_skip_dag.py
[2024-11-17T09:03:14.138+0000] {processor.py:925} INFO - DAG(s) 'example_skip_dag' retrieved from /home/airflow/.local/lib/python3.12/site-packages/airflow/example_dags/example_skip_dag.py
[2024-11-17T09:03:14.219+0000] {logging_mixin.py:190} INFO - [2024-11-17T09:03:14.219+0000] {dag.py:3239} INFO - Sync 1 DAGs
[2024-11-17T09:03:14.295+0000] {logging_mixin.py:190} INFO - [2024-11-17T09:03:14.295+0000] {dag.py:4180} INFO - Setting next_dagrun for example_skip_dag to 2024-11-16 00:00:00+00:00, run_after=2024-11-17 00:00:00+00:00
[2024-11-17T09:03:14.348+0000] {processor.py:208} INFO - Processing /home/airflow/.local/lib/python3.12/site-packages/airflow/example_dags/example_skip_dag.py took 0.279 seconds
[2024-11-17T09:03:46.645+0000] {processor.py:186} INFO - Started process (PID=794) to work on /home/airflow/.local/lib/python3.12/site-packages/airflow/example_dags/example_skip_dag.py
[2024-11-17T09:03:46.648+0000] {processor.py:914} INFO - Processing file /home/airflow/.local/lib/python3.12/site-packages/airflow/example_dags/example_skip_dag.py for tasks to queue
[2024-11-17T09:03:46.656+0000] {logging_mixin.py:190} INFO - [2024-11-17T09:03:46.655+0000] {dagbag.py:588} INFO - Filling up the DagBag from /home/airflow/.local/lib/python3.12/site-packages/airflow/example_dags/example_skip_dag.py
[2024-11-17T09:03:46.684+0000] {processor.py:925} INFO - DAG(s) 'example_skip_dag' retrieved from /home/airflow/.local/lib/python3.12/site-packages/airflow/example_dags/example_skip_dag.py
[2024-11-17T09:03:46.748+0000] {logging_mixin.py:190} INFO - [2024-11-17T09:03:46.747+0000] {dag.py:3239} INFO - Sync 1 DAGs
[2024-11-17T09:03:46.832+0000] {logging_mixin.py:190} INFO - [2024-11-17T09:03:46.831+0000] {dag.py:4180} INFO - Setting next_dagrun for example_skip_dag to 2024-11-16 00:00:00+00:00, run_after=2024-11-17 00:00:00+00:00
[2024-11-17T09:03:46.899+0000] {processor.py:208} INFO - Processing /home/airflow/.local/lib/python3.12/site-packages/airflow/example_dags/example_skip_dag.py took 0.271 seconds
[2024-11-17T09:04:19.785+0000] {processor.py:186} INFO - Started process (PID=866) to work on /home/airflow/.local/lib/python3.12/site-packages/airflow/example_dags/example_skip_dag.py
[2024-11-17T09:04:19.788+0000] {processor.py:914} INFO - Processing file /home/airflow/.local/lib/python3.12/site-packages/airflow/example_dags/example_skip_dag.py for tasks to queue
[2024-11-17T09:04:19.795+0000] {logging_mixin.py:190} INFO - [2024-11-17T09:04:19.794+0000] {dagbag.py:588} INFO - Filling up the DagBag from /home/airflow/.local/lib/python3.12/site-packages/airflow/example_dags/example_skip_dag.py
[2024-11-17T09:04:19.824+0000] {processor.py:925} INFO - DAG(s) 'example_skip_dag' retrieved from /home/airflow/.local/lib/python3.12/site-packages/airflow/example_dags/example_skip_dag.py
[2024-11-17T09:04:19.899+0000] {logging_mixin.py:190} INFO - [2024-11-17T09:04:19.898+0000] {dag.py:3239} INFO - Sync 1 DAGs
[2024-11-17T09:04:19.964+0000] {logging_mixin.py:190} INFO - [2024-11-17T09:04:19.964+0000] {dag.py:4180} INFO - Setting next_dagrun for example_skip_dag to 2024-11-16 00:00:00+00:00, run_after=2024-11-17 00:00:00+00:00
[2024-11-17T09:04:20.032+0000] {processor.py:208} INFO - Processing /home/airflow/.local/lib/python3.12/site-packages/airflow/example_dags/example_skip_dag.py took 0.263 seconds
[2024-11-17T09:04:52.304+0000] {processor.py:186} INFO - Started process (PID=935) to work on /home/airflow/.local/lib/python3.12/site-packages/airflow/example_dags/example_skip_dag.py
[2024-11-17T09:04:52.307+0000] {processor.py:914} INFO - Processing file /home/airflow/.local/lib/python3.12/site-packages/airflow/example_dags/example_skip_dag.py for tasks to queue
[2024-11-17T09:04:52.316+0000] {logging_mixin.py:190} INFO - [2024-11-17T09:04:52.314+0000] {dagbag.py:588} INFO - Filling up the DagBag from /home/airflow/.local/lib/python3.12/site-packages/airflow/example_dags/example_skip_dag.py
[2024-11-17T09:04:52.343+0000] {processor.py:925} INFO - DAG(s) 'example_skip_dag' retrieved from /home/airflow/.local/lib/python3.12/site-packages/airflow/example_dags/example_skip_dag.py
[2024-11-17T09:04:52.409+0000] {logging_mixin.py:190} INFO - [2024-11-17T09:04:52.408+0000] {dag.py:3239} INFO - Sync 1 DAGs
[2024-11-17T09:04:52.473+0000] {logging_mixin.py:190} INFO - [2024-11-17T09:04:52.472+0000] {dag.py:4180} INFO - Setting next_dagrun for example_skip_dag to 2024-11-16 00:00:00+00:00, run_after=2024-11-17 00:00:00+00:00
[2024-11-17T09:04:52.526+0000] {processor.py:208} INFO - Processing /home/airflow/.local/lib/python3.12/site-packages/airflow/example_dags/example_skip_dag.py took 0.244 seconds
[2024-11-17T09:05:24.065+0000] {processor.py:186} INFO - Started process (PID=1001) to work on /home/airflow/.local/lib/python3.12/site-packages/airflow/example_dags/example_skip_dag.py
[2024-11-17T09:05:24.068+0000] {processor.py:914} INFO - Processing file /home/airflow/.local/lib/python3.12/site-packages/airflow/example_dags/example_skip_dag.py for tasks to queue
[2024-11-17T09:05:24.076+0000] {logging_mixin.py:190} INFO - [2024-11-17T09:05:24.075+0000] {dagbag.py:588} INFO - Filling up the DagBag from /home/airflow/.local/lib/python3.12/site-packages/airflow/example_dags/example_skip_dag.py
[2024-11-17T09:05:24.101+0000] {processor.py:925} INFO - DAG(s) 'example_skip_dag' retrieved from /home/airflow/.local/lib/python3.12/site-packages/airflow/example_dags/example_skip_dag.py
[2024-11-17T09:05:24.164+0000] {logging_mixin.py:190} INFO - [2024-11-17T09:05:24.163+0000] {dag.py:3239} INFO - Sync 1 DAGs
[2024-11-17T09:05:24.232+0000] {logging_mixin.py:190} INFO - [2024-11-17T09:05:24.231+0000] {dag.py:4180} INFO - Setting next_dagrun for example_skip_dag to 2024-11-16 00:00:00+00:00, run_after=2024-11-17 00:00:00+00:00
[2024-11-17T09:05:24.285+0000] {processor.py:208} INFO - Processing /home/airflow/.local/lib/python3.12/site-packages/airflow/example_dags/example_skip_dag.py took 0.239 seconds
[2024-11-17T09:05:55.868+0000] {processor.py:186} INFO - Started process (PID=1067) to work on /home/airflow/.local/lib/python3.12/site-packages/airflow/example_dags/example_skip_dag.py
[2024-11-17T09:05:55.872+0000] {processor.py:914} INFO - Processing file /home/airflow/.local/lib/python3.12/site-packages/airflow/example_dags/example_skip_dag.py for tasks to queue
[2024-11-17T09:05:55.880+0000] {logging_mixin.py:190} INFO - [2024-11-17T09:05:55.879+0000] {dagbag.py:588} INFO - Filling up the DagBag from /home/airflow/.local/lib/python3.12/site-packages/airflow/example_dags/example_skip_dag.py
[2024-11-17T09:05:55.911+0000] {processor.py:925} INFO - DAG(s) 'example_skip_dag' retrieved from /home/airflow/.local/lib/python3.12/site-packages/airflow/example_dags/example_skip_dag.py
[2024-11-17T09:05:55.974+0000] {logging_mixin.py:190} INFO - [2024-11-17T09:05:55.974+0000] {dag.py:3239} INFO - Sync 1 DAGs
[2024-11-17T09:05:56.086+0000] {logging_mixin.py:190} INFO - [2024-11-17T09:05:56.085+0000] {dag.py:4180} INFO - Setting next_dagrun for example_skip_dag to 2024-11-16 00:00:00+00:00, run_after=2024-11-17 00:00:00+00:00
[2024-11-17T09:05:56.219+0000] {processor.py:208} INFO - Processing /home/airflow/.local/lib/python3.12/site-packages/airflow/example_dags/example_skip_dag.py took 0.369 seconds
[2024-11-17T09:06:26.748+0000] {processor.py:186} INFO - Started process (PID=1132) to work on /home/airflow/.local/lib/python3.12/site-packages/airflow/example_dags/example_skip_dag.py
[2024-11-17T09:06:26.751+0000] {processor.py:914} INFO - Processing file /home/airflow/.local/lib/python3.12/site-packages/airflow/example_dags/example_skip_dag.py for tasks to queue
[2024-11-17T09:06:26.758+0000] {logging_mixin.py:190} INFO - [2024-11-17T09:06:26.757+0000] {dagbag.py:588} INFO - Filling up the DagBag from /home/airflow/.local/lib/python3.12/site-packages/airflow/example_dags/example_skip_dag.py
[2024-11-17T09:06:26.787+0000] {processor.py:925} INFO - DAG(s) 'example_skip_dag' retrieved from /home/airflow/.local/lib/python3.12/site-packages/airflow/example_dags/example_skip_dag.py
[2024-11-17T09:06:26.846+0000] {logging_mixin.py:190} INFO - [2024-11-17T09:06:26.845+0000] {dag.py:3239} INFO - Sync 1 DAGs
[2024-11-17T09:06:26.917+0000] {logging_mixin.py:190} INFO - [2024-11-17T09:06:26.916+0000] {dag.py:4180} INFO - Setting next_dagrun for example_skip_dag to 2024-11-16 00:00:00+00:00, run_after=2024-11-17 00:00:00+00:00
[2024-11-17T09:06:26.968+0000] {processor.py:208} INFO - Processing /home/airflow/.local/lib/python3.12/site-packages/airflow/example_dags/example_skip_dag.py took 0.237 seconds
[2024-11-17T09:06:57.716+0000] {processor.py:186} INFO - Started process (PID=1198) to work on /home/airflow/.local/lib/python3.12/site-packages/airflow/example_dags/example_skip_dag.py
[2024-11-17T09:06:57.723+0000] {processor.py:914} INFO - Processing file /home/airflow/.local/lib/python3.12/site-packages/airflow/example_dags/example_skip_dag.py for tasks to queue
[2024-11-17T09:06:57.733+0000] {logging_mixin.py:190} INFO - [2024-11-17T09:06:57.732+0000] {dagbag.py:588} INFO - Filling up the DagBag from /home/airflow/.local/lib/python3.12/site-packages/airflow/example_dags/example_skip_dag.py
[2024-11-17T09:06:57.776+0000] {processor.py:925} INFO - DAG(s) 'example_skip_dag' retrieved from /home/airflow/.local/lib/python3.12/site-packages/airflow/example_dags/example_skip_dag.py
[2024-11-17T09:06:57.856+0000] {logging_mixin.py:190} INFO - [2024-11-17T09:06:57.855+0000] {dag.py:3239} INFO - Sync 1 DAGs
[2024-11-17T09:06:57.946+0000] {logging_mixin.py:190} INFO - [2024-11-17T09:06:57.945+0000] {dag.py:4180} INFO - Setting next_dagrun for example_skip_dag to 2024-11-16 00:00:00+00:00, run_after=2024-11-17 00:00:00+00:00
[2024-11-17T09:06:58.007+0000] {processor.py:208} INFO - Processing /home/airflow/.local/lib/python3.12/site-packages/airflow/example_dags/example_skip_dag.py took 0.325 seconds
[2024-11-17T09:07:29.422+0000] {processor.py:186} INFO - Started process (PID=1266) to work on /home/airflow/.local/lib/python3.12/site-packages/airflow/example_dags/example_skip_dag.py
[2024-11-17T09:07:29.426+0000] {processor.py:914} INFO - Processing file /home/airflow/.local/lib/python3.12/site-packages/airflow/example_dags/example_skip_dag.py for tasks to queue
[2024-11-17T09:07:29.434+0000] {logging_mixin.py:190} INFO - [2024-11-17T09:07:29.432+0000] {dagbag.py:588} INFO - Filling up the DagBag from /home/airflow/.local/lib/python3.12/site-packages/airflow/example_dags/example_skip_dag.py
[2024-11-17T09:07:29.455+0000] {processor.py:925} INFO - DAG(s) 'example_skip_dag' retrieved from /home/airflow/.local/lib/python3.12/site-packages/airflow/example_dags/example_skip_dag.py
[2024-11-17T09:07:29.511+0000] {logging_mixin.py:190} INFO - [2024-11-17T09:07:29.510+0000] {dag.py:3239} INFO - Sync 1 DAGs
[2024-11-17T09:07:29.574+0000] {logging_mixin.py:190} INFO - [2024-11-17T09:07:29.573+0000] {dag.py:4180} INFO - Setting next_dagrun for example_skip_dag to 2024-11-16 00:00:00+00:00, run_after=2024-11-17 00:00:00+00:00
[2024-11-17T09:07:29.628+0000] {processor.py:208} INFO - Processing /home/airflow/.local/lib/python3.12/site-packages/airflow/example_dags/example_skip_dag.py took 0.225 seconds
[2024-11-17T09:08:00.065+0000] {processor.py:186} INFO - Started process (PID=1331) to work on /home/airflow/.local/lib/python3.12/site-packages/airflow/example_dags/example_skip_dag.py
[2024-11-17T09:08:00.069+0000] {processor.py:914} INFO - Processing file /home/airflow/.local/lib/python3.12/site-packages/airflow/example_dags/example_skip_dag.py for tasks to queue
[2024-11-17T09:08:00.081+0000] {logging_mixin.py:190} INFO - [2024-11-17T09:08:00.080+0000] {dagbag.py:588} INFO - Filling up the DagBag from /home/airflow/.local/lib/python3.12/site-packages/airflow/example_dags/example_skip_dag.py
[2024-11-17T09:08:00.106+0000] {processor.py:925} INFO - DAG(s) 'example_skip_dag' retrieved from /home/airflow/.local/lib/python3.12/site-packages/airflow/example_dags/example_skip_dag.py
[2024-11-17T09:08:00.167+0000] {logging_mixin.py:190} INFO - [2024-11-17T09:08:00.166+0000] {dag.py:3239} INFO - Sync 1 DAGs
[2024-11-17T09:08:00.232+0000] {logging_mixin.py:190} INFO - [2024-11-17T09:08:00.231+0000] {dag.py:4180} INFO - Setting next_dagrun for example_skip_dag to 2024-11-16 00:00:00+00:00, run_after=2024-11-17 00:00:00+00:00
[2024-11-17T09:08:00.283+0000] {processor.py:208} INFO - Processing /home/airflow/.local/lib/python3.12/site-packages/airflow/example_dags/example_skip_dag.py took 0.238 seconds
[2024-11-17T09:08:30.560+0000] {processor.py:186} INFO - Started process (PID=1397) to work on /home/airflow/.local/lib/python3.12/site-packages/airflow/example_dags/example_skip_dag.py
[2024-11-17T09:08:30.563+0000] {processor.py:914} INFO - Processing file /home/airflow/.local/lib/python3.12/site-packages/airflow/example_dags/example_skip_dag.py for tasks to queue
[2024-11-17T09:08:30.570+0000] {logging_mixin.py:190} INFO - [2024-11-17T09:08:30.569+0000] {dagbag.py:588} INFO - Filling up the DagBag from /home/airflow/.local/lib/python3.12/site-packages/airflow/example_dags/example_skip_dag.py
[2024-11-17T09:08:30.597+0000] {processor.py:925} INFO - DAG(s) 'example_skip_dag' retrieved from /home/airflow/.local/lib/python3.12/site-packages/airflow/example_dags/example_skip_dag.py
[2024-11-17T09:08:30.655+0000] {logging_mixin.py:190} INFO - [2024-11-17T09:08:30.654+0000] {dag.py:3239} INFO - Sync 1 DAGs
[2024-11-17T09:08:30.720+0000] {logging_mixin.py:190} INFO - [2024-11-17T09:08:30.719+0000] {dag.py:4180} INFO - Setting next_dagrun for example_skip_dag to 2024-11-16 00:00:00+00:00, run_after=2024-11-17 00:00:00+00:00
[2024-11-17T09:08:30.774+0000] {processor.py:208} INFO - Processing /home/airflow/.local/lib/python3.12/site-packages/airflow/example_dags/example_skip_dag.py took 0.231 seconds
[2024-11-17T09:09:01.188+0000] {processor.py:186} INFO - Started process (PID=1463) to work on /home/airflow/.local/lib/python3.12/site-packages/airflow/example_dags/example_skip_dag.py
[2024-11-17T09:09:01.191+0000] {processor.py:914} INFO - Processing file /home/airflow/.local/lib/python3.12/site-packages/airflow/example_dags/example_skip_dag.py for tasks to queue
[2024-11-17T09:09:01.201+0000] {logging_mixin.py:190} INFO - [2024-11-17T09:09:01.200+0000] {dagbag.py:588} INFO - Filling up the DagBag from /home/airflow/.local/lib/python3.12/site-packages/airflow/example_dags/example_skip_dag.py
[2024-11-17T09:09:01.228+0000] {processor.py:925} INFO - DAG(s) 'example_skip_dag' retrieved from /home/airflow/.local/lib/python3.12/site-packages/airflow/example_dags/example_skip_dag.py
[2024-11-17T09:09:01.286+0000] {logging_mixin.py:190} INFO - [2024-11-17T09:09:01.286+0000] {dag.py:3239} INFO - Sync 1 DAGs
[2024-11-17T09:09:01.363+0000] {logging_mixin.py:190} INFO - [2024-11-17T09:09:01.362+0000] {dag.py:4180} INFO - Setting next_dagrun for example_skip_dag to 2024-11-16 00:00:00+00:00, run_after=2024-11-17 00:00:00+00:00
[2024-11-17T09:09:01.411+0000] {processor.py:208} INFO - Processing /home/airflow/.local/lib/python3.12/site-packages/airflow/example_dags/example_skip_dag.py took 0.243 seconds
[2024-11-17T09:09:31.819+0000] {processor.py:186} INFO - Started process (PID=1529) to work on /home/airflow/.local/lib/python3.12/site-packages/airflow/example_dags/example_skip_dag.py
[2024-11-17T09:09:31.822+0000] {processor.py:914} INFO - Processing file /home/airflow/.local/lib/python3.12/site-packages/airflow/example_dags/example_skip_dag.py for tasks to queue
[2024-11-17T09:09:31.828+0000] {logging_mixin.py:190} INFO - [2024-11-17T09:09:31.827+0000] {dagbag.py:588} INFO - Filling up the DagBag from /home/airflow/.local/lib/python3.12/site-packages/airflow/example_dags/example_skip_dag.py
[2024-11-17T09:09:31.851+0000] {processor.py:925} INFO - DAG(s) 'example_skip_dag' retrieved from /home/airflow/.local/lib/python3.12/site-packages/airflow/example_dags/example_skip_dag.py
[2024-11-17T09:09:31.924+0000] {logging_mixin.py:190} INFO - [2024-11-17T09:09:31.923+0000] {dag.py:3239} INFO - Sync 1 DAGs
[2024-11-17T09:09:32.003+0000] {logging_mixin.py:190} INFO - [2024-11-17T09:09:32.003+0000] {dag.py:4180} INFO - Setting next_dagrun for example_skip_dag to 2024-11-16 00:00:00+00:00, run_after=2024-11-17 00:00:00+00:00
[2024-11-17T09:09:32.057+0000] {processor.py:208} INFO - Processing /home/airflow/.local/lib/python3.12/site-packages/airflow/example_dags/example_skip_dag.py took 0.254 seconds
[2024-11-17T09:10:02.659+0000] {processor.py:186} INFO - Started process (PID=1595) to work on /home/airflow/.local/lib/python3.12/site-packages/airflow/example_dags/example_skip_dag.py
[2024-11-17T09:10:02.666+0000] {processor.py:914} INFO - Processing file /home/airflow/.local/lib/python3.12/site-packages/airflow/example_dags/example_skip_dag.py for tasks to queue
[2024-11-17T09:10:02.679+0000] {logging_mixin.py:190} INFO - [2024-11-17T09:10:02.677+0000] {dagbag.py:588} INFO - Filling up the DagBag from /home/airflow/.local/lib/python3.12/site-packages/airflow/example_dags/example_skip_dag.py
[2024-11-17T09:10:02.723+0000] {processor.py:925} INFO - DAG(s) 'example_skip_dag' retrieved from /home/airflow/.local/lib/python3.12/site-packages/airflow/example_dags/example_skip_dag.py
[2024-11-17T09:10:02.806+0000] {logging_mixin.py:190} INFO - [2024-11-17T09:10:02.805+0000] {dag.py:3239} INFO - Sync 1 DAGs
[2024-11-17T09:10:02.893+0000] {logging_mixin.py:190} INFO - [2024-11-17T09:10:02.893+0000] {dag.py:4180} INFO - Setting next_dagrun for example_skip_dag to 2024-11-16 00:00:00+00:00, run_after=2024-11-17 00:00:00+00:00
[2024-11-17T09:10:02.971+0000] {processor.py:208} INFO - Processing /home/airflow/.local/lib/python3.12/site-packages/airflow/example_dags/example_skip_dag.py took 0.337 seconds
[2024-11-17T09:10:33.670+0000] {processor.py:186} INFO - Started process (PID=1661) to work on /home/airflow/.local/lib/python3.12/site-packages/airflow/example_dags/example_skip_dag.py
[2024-11-17T09:10:33.675+0000] {processor.py:914} INFO - Processing file /home/airflow/.local/lib/python3.12/site-packages/airflow/example_dags/example_skip_dag.py for tasks to queue
[2024-11-17T09:10:33.685+0000] {logging_mixin.py:190} INFO - [2024-11-17T09:10:33.684+0000] {dagbag.py:588} INFO - Filling up the DagBag from /home/airflow/.local/lib/python3.12/site-packages/airflow/example_dags/example_skip_dag.py
[2024-11-17T09:10:33.718+0000] {processor.py:925} INFO - DAG(s) 'example_skip_dag' retrieved from /home/airflow/.local/lib/python3.12/site-packages/airflow/example_dags/example_skip_dag.py
[2024-11-17T09:10:33.783+0000] {logging_mixin.py:190} INFO - [2024-11-17T09:10:33.782+0000] {dag.py:3239} INFO - Sync 1 DAGs
[2024-11-17T09:10:33.851+0000] {logging_mixin.py:190} INFO - [2024-11-17T09:10:33.851+0000] {dag.py:4180} INFO - Setting next_dagrun for example_skip_dag to 2024-11-16 00:00:00+00:00, run_after=2024-11-17 00:00:00+00:00
[2024-11-17T09:10:33.901+0000] {processor.py:208} INFO - Processing /home/airflow/.local/lib/python3.12/site-packages/airflow/example_dags/example_skip_dag.py took 0.256 seconds
[2024-11-17T09:11:05.811+0000] {processor.py:186} INFO - Started process (PID=1729) to work on /home/airflow/.local/lib/python3.12/site-packages/airflow/example_dags/example_skip_dag.py
[2024-11-17T09:11:05.814+0000] {processor.py:914} INFO - Processing file /home/airflow/.local/lib/python3.12/site-packages/airflow/example_dags/example_skip_dag.py for tasks to queue
[2024-11-17T09:11:05.820+0000] {logging_mixin.py:190} INFO - [2024-11-17T09:11:05.819+0000] {dagbag.py:588} INFO - Filling up the DagBag from /home/airflow/.local/lib/python3.12/site-packages/airflow/example_dags/example_skip_dag.py
[2024-11-17T09:11:05.844+0000] {processor.py:925} INFO - DAG(s) 'example_skip_dag' retrieved from /home/airflow/.local/lib/python3.12/site-packages/airflow/example_dags/example_skip_dag.py
[2024-11-17T09:11:05.914+0000] {logging_mixin.py:190} INFO - [2024-11-17T09:11:05.913+0000] {dag.py:3239} INFO - Sync 1 DAGs
[2024-11-17T09:11:05.984+0000] {logging_mixin.py:190} INFO - [2024-11-17T09:11:05.983+0000] {dag.py:4180} INFO - Setting next_dagrun for example_skip_dag to 2024-11-16 00:00:00+00:00, run_after=2024-11-17 00:00:00+00:00
[2024-11-17T09:11:06.052+0000] {processor.py:208} INFO - Processing /home/airflow/.local/lib/python3.12/site-packages/airflow/example_dags/example_skip_dag.py took 0.258 seconds
[2024-11-17T09:11:36.766+0000] {processor.py:186} INFO - Started process (PID=1794) to work on /home/airflow/.local/lib/python3.12/site-packages/airflow/example_dags/example_skip_dag.py
[2024-11-17T09:11:36.770+0000] {processor.py:914} INFO - Processing file /home/airflow/.local/lib/python3.12/site-packages/airflow/example_dags/example_skip_dag.py for tasks to queue
[2024-11-17T09:11:36.778+0000] {logging_mixin.py:190} INFO - [2024-11-17T09:11:36.777+0000] {dagbag.py:588} INFO - Filling up the DagBag from /home/airflow/.local/lib/python3.12/site-packages/airflow/example_dags/example_skip_dag.py
[2024-11-17T09:11:36.798+0000] {processor.py:925} INFO - DAG(s) 'example_skip_dag' retrieved from /home/airflow/.local/lib/python3.12/site-packages/airflow/example_dags/example_skip_dag.py
[2024-11-17T09:11:36.859+0000] {logging_mixin.py:190} INFO - [2024-11-17T09:11:36.859+0000] {dag.py:3239} INFO - Sync 1 DAGs
[2024-11-17T09:11:36.925+0000] {logging_mixin.py:190} INFO - [2024-11-17T09:11:36.925+0000] {dag.py:4180} INFO - Setting next_dagrun for example_skip_dag to 2024-11-16 00:00:00+00:00, run_after=2024-11-17 00:00:00+00:00
[2024-11-17T09:11:36.979+0000] {processor.py:208} INFO - Processing /home/airflow/.local/lib/python3.12/site-packages/airflow/example_dags/example_skip_dag.py took 0.231 seconds
[2024-11-17T09:12:07.832+0000] {processor.py:186} INFO - Started process (PID=1860) to work on /home/airflow/.local/lib/python3.12/site-packages/airflow/example_dags/example_skip_dag.py
[2024-11-17T09:12:07.835+0000] {processor.py:914} INFO - Processing file /home/airflow/.local/lib/python3.12/site-packages/airflow/example_dags/example_skip_dag.py for tasks to queue
[2024-11-17T09:12:07.842+0000] {logging_mixin.py:190} INFO - [2024-11-17T09:12:07.841+0000] {dagbag.py:588} INFO - Filling up the DagBag from /home/airflow/.local/lib/python3.12/site-packages/airflow/example_dags/example_skip_dag.py
[2024-11-17T09:12:07.867+0000] {processor.py:925} INFO - DAG(s) 'example_skip_dag' retrieved from /home/airflow/.local/lib/python3.12/site-packages/airflow/example_dags/example_skip_dag.py
[2024-11-17T09:12:07.936+0000] {logging_mixin.py:190} INFO - [2024-11-17T09:12:07.935+0000] {dag.py:3239} INFO - Sync 1 DAGs
[2024-11-17T09:12:08.007+0000] {logging_mixin.py:190} INFO - [2024-11-17T09:12:08.007+0000] {dag.py:4180} INFO - Setting next_dagrun for example_skip_dag to 2024-11-16 00:00:00+00:00, run_after=2024-11-17 00:00:00+00:00
[2024-11-17T09:12:08.063+0000] {processor.py:208} INFO - Processing /home/airflow/.local/lib/python3.12/site-packages/airflow/example_dags/example_skip_dag.py took 0.250 seconds
[2024-11-17T09:12:38.481+0000] {processor.py:186} INFO - Started process (PID=1925) to work on /home/airflow/.local/lib/python3.12/site-packages/airflow/example_dags/example_skip_dag.py
[2024-11-17T09:12:38.483+0000] {processor.py:914} INFO - Processing file /home/airflow/.local/lib/python3.12/site-packages/airflow/example_dags/example_skip_dag.py for tasks to queue
[2024-11-17T09:12:38.492+0000] {logging_mixin.py:190} INFO - [2024-11-17T09:12:38.491+0000] {dagbag.py:588} INFO - Filling up the DagBag from /home/airflow/.local/lib/python3.12/site-packages/airflow/example_dags/example_skip_dag.py
[2024-11-17T09:12:38.517+0000] {processor.py:925} INFO - DAG(s) 'example_skip_dag' retrieved from /home/airflow/.local/lib/python3.12/site-packages/airflow/example_dags/example_skip_dag.py
[2024-11-17T09:12:38.587+0000] {logging_mixin.py:190} INFO - [2024-11-17T09:12:38.586+0000] {dag.py:3239} INFO - Sync 1 DAGs
[2024-11-17T09:12:38.670+0000] {logging_mixin.py:190} INFO - [2024-11-17T09:12:38.669+0000] {dag.py:4180} INFO - Setting next_dagrun for example_skip_dag to 2024-11-16 00:00:00+00:00, run_after=2024-11-17 00:00:00+00:00
[2024-11-17T09:12:38.729+0000] {processor.py:208} INFO - Processing /home/airflow/.local/lib/python3.12/site-packages/airflow/example_dags/example_skip_dag.py took 0.268 seconds
[2024-11-17T09:13:08.851+0000] {processor.py:186} INFO - Started process (PID=1991) to work on /home/airflow/.local/lib/python3.12/site-packages/airflow/example_dags/example_skip_dag.py
[2024-11-17T09:13:08.854+0000] {processor.py:914} INFO - Processing file /home/airflow/.local/lib/python3.12/site-packages/airflow/example_dags/example_skip_dag.py for tasks to queue
[2024-11-17T09:13:08.862+0000] {logging_mixin.py:190} INFO - [2024-11-17T09:13:08.861+0000] {dagbag.py:588} INFO - Filling up the DagBag from /home/airflow/.local/lib/python3.12/site-packages/airflow/example_dags/example_skip_dag.py
[2024-11-17T09:13:08.892+0000] {processor.py:925} INFO - DAG(s) 'example_skip_dag' retrieved from /home/airflow/.local/lib/python3.12/site-packages/airflow/example_dags/example_skip_dag.py
[2024-11-17T09:13:08.960+0000] {logging_mixin.py:190} INFO - [2024-11-17T09:13:08.959+0000] {dag.py:3239} INFO - Sync 1 DAGs
[2024-11-17T09:13:09.034+0000] {logging_mixin.py:190} INFO - [2024-11-17T09:13:09.033+0000] {dag.py:4180} INFO - Setting next_dagrun for example_skip_dag to 2024-11-16 00:00:00+00:00, run_after=2024-11-17 00:00:00+00:00
[2024-11-17T09:13:09.092+0000] {processor.py:208} INFO - Processing /home/airflow/.local/lib/python3.12/site-packages/airflow/example_dags/example_skip_dag.py took 0.259 seconds
[2024-11-17T09:13:40.280+0000] {processor.py:186} INFO - Started process (PID=2058) to work on /home/airflow/.local/lib/python3.12/site-packages/airflow/example_dags/example_skip_dag.py
[2024-11-17T09:13:40.282+0000] {processor.py:914} INFO - Processing file /home/airflow/.local/lib/python3.12/site-packages/airflow/example_dags/example_skip_dag.py for tasks to queue
[2024-11-17T09:13:40.289+0000] {logging_mixin.py:190} INFO - [2024-11-17T09:13:40.288+0000] {dagbag.py:588} INFO - Filling up the DagBag from /home/airflow/.local/lib/python3.12/site-packages/airflow/example_dags/example_skip_dag.py
[2024-11-17T09:13:40.312+0000] {processor.py:925} INFO - DAG(s) 'example_skip_dag' retrieved from /home/airflow/.local/lib/python3.12/site-packages/airflow/example_dags/example_skip_dag.py
[2024-11-17T09:13:40.377+0000] {logging_mixin.py:190} INFO - [2024-11-17T09:13:40.376+0000] {dag.py:3239} INFO - Sync 1 DAGs
[2024-11-17T09:13:40.448+0000] {logging_mixin.py:190} INFO - [2024-11-17T09:13:40.448+0000] {dag.py:4180} INFO - Setting next_dagrun for example_skip_dag to 2024-11-16 00:00:00+00:00, run_after=2024-11-17 00:00:00+00:00
[2024-11-17T09:13:40.510+0000] {processor.py:208} INFO - Processing /home/airflow/.local/lib/python3.12/site-packages/airflow/example_dags/example_skip_dag.py took 0.247 seconds
[2024-11-17T09:14:11.842+0000] {processor.py:186} INFO - Started process (PID=2130) to work on /home/airflow/.local/lib/python3.12/site-packages/airflow/example_dags/example_skip_dag.py
[2024-11-17T09:14:11.856+0000] {processor.py:914} INFO - Processing file /home/airflow/.local/lib/python3.12/site-packages/airflow/example_dags/example_skip_dag.py for tasks to queue
[2024-11-17T09:14:11.879+0000] {logging_mixin.py:190} INFO - [2024-11-17T09:14:11.878+0000] {dagbag.py:588} INFO - Filling up the DagBag from /home/airflow/.local/lib/python3.12/site-packages/airflow/example_dags/example_skip_dag.py
[2024-11-17T09:14:11.935+0000] {processor.py:925} INFO - DAG(s) 'example_skip_dag' retrieved from /home/airflow/.local/lib/python3.12/site-packages/airflow/example_dags/example_skip_dag.py
[2024-11-17T09:14:12.073+0000] {logging_mixin.py:190} INFO - [2024-11-17T09:14:12.072+0000] {dag.py:3239} INFO - Sync 1 DAGs
[2024-11-17T09:14:12.181+0000] {logging_mixin.py:190} INFO - [2024-11-17T09:14:12.181+0000] {dag.py:4180} INFO - Setting next_dagrun for example_skip_dag to 2024-11-16 00:00:00+00:00, run_after=2024-11-17 00:00:00+00:00
[2024-11-17T09:14:12.245+0000] {processor.py:208} INFO - Processing /home/airflow/.local/lib/python3.12/site-packages/airflow/example_dags/example_skip_dag.py took 0.440 seconds
[2024-11-17T09:14:43.155+0000] {processor.py:186} INFO - Started process (PID=2195) to work on /home/airflow/.local/lib/python3.12/site-packages/airflow/example_dags/example_skip_dag.py
[2024-11-17T09:14:43.159+0000] {processor.py:914} INFO - Processing file /home/airflow/.local/lib/python3.12/site-packages/airflow/example_dags/example_skip_dag.py for tasks to queue
[2024-11-17T09:14:43.169+0000] {logging_mixin.py:190} INFO - [2024-11-17T09:14:43.168+0000] {dagbag.py:588} INFO - Filling up the DagBag from /home/airflow/.local/lib/python3.12/site-packages/airflow/example_dags/example_skip_dag.py
[2024-11-17T09:14:43.199+0000] {processor.py:925} INFO - DAG(s) 'example_skip_dag' retrieved from /home/airflow/.local/lib/python3.12/site-packages/airflow/example_dags/example_skip_dag.py
[2024-11-17T09:14:43.276+0000] {logging_mixin.py:190} INFO - [2024-11-17T09:14:43.275+0000] {dag.py:3239} INFO - Sync 1 DAGs
[2024-11-17T09:14:43.356+0000] {logging_mixin.py:190} INFO - [2024-11-17T09:14:43.355+0000] {dag.py:4180} INFO - Setting next_dagrun for example_skip_dag to 2024-11-16 00:00:00+00:00, run_after=2024-11-17 00:00:00+00:00
[2024-11-17T09:14:43.420+0000] {processor.py:208} INFO - Processing /home/airflow/.local/lib/python3.12/site-packages/airflow/example_dags/example_skip_dag.py took 0.291 seconds
[2024-11-17T09:15:16.062+0000] {processor.py:186} INFO - Started process (PID=2261) to work on /home/airflow/.local/lib/python3.12/site-packages/airflow/example_dags/example_skip_dag.py
[2024-11-17T09:15:16.066+0000] {processor.py:914} INFO - Processing file /home/airflow/.local/lib/python3.12/site-packages/airflow/example_dags/example_skip_dag.py for tasks to queue
[2024-11-17T09:15:16.074+0000] {logging_mixin.py:190} INFO - [2024-11-17T09:15:16.073+0000] {dagbag.py:588} INFO - Filling up the DagBag from /home/airflow/.local/lib/python3.12/site-packages/airflow/example_dags/example_skip_dag.py
[2024-11-17T09:15:16.106+0000] {processor.py:925} INFO - DAG(s) 'example_skip_dag' retrieved from /home/airflow/.local/lib/python3.12/site-packages/airflow/example_dags/example_skip_dag.py
[2024-11-17T09:15:16.198+0000] {logging_mixin.py:190} INFO - [2024-11-17T09:15:16.197+0000] {dag.py:3239} INFO - Sync 1 DAGs
[2024-11-17T09:15:16.318+0000] {logging_mixin.py:190} INFO - [2024-11-17T09:15:16.317+0000] {dag.py:4180} INFO - Setting next_dagrun for example_skip_dag to 2024-11-16 00:00:00+00:00, run_after=2024-11-17 00:00:00+00:00
[2024-11-17T09:15:16.394+0000] {processor.py:208} INFO - Processing /home/airflow/.local/lib/python3.12/site-packages/airflow/example_dags/example_skip_dag.py took 0.356 seconds
[2024-11-17T09:15:46.981+0000] {processor.py:186} INFO - Started process (PID=2326) to work on /home/airflow/.local/lib/python3.12/site-packages/airflow/example_dags/example_skip_dag.py
[2024-11-17T09:15:46.984+0000] {processor.py:914} INFO - Processing file /home/airflow/.local/lib/python3.12/site-packages/airflow/example_dags/example_skip_dag.py for tasks to queue
[2024-11-17T09:15:46.990+0000] {logging_mixin.py:190} INFO - [2024-11-17T09:15:46.989+0000] {dagbag.py:588} INFO - Filling up the DagBag from /home/airflow/.local/lib/python3.12/site-packages/airflow/example_dags/example_skip_dag.py
[2024-11-17T09:15:47.013+0000] {processor.py:925} INFO - DAG(s) 'example_skip_dag' retrieved from /home/airflow/.local/lib/python3.12/site-packages/airflow/example_dags/example_skip_dag.py
[2024-11-17T09:15:47.070+0000] {logging_mixin.py:190} INFO - [2024-11-17T09:15:47.069+0000] {dag.py:3239} INFO - Sync 1 DAGs
[2024-11-17T09:15:47.140+0000] {logging_mixin.py:190} INFO - [2024-11-17T09:15:47.139+0000] {dag.py:4180} INFO - Setting next_dagrun for example_skip_dag to 2024-11-16 00:00:00+00:00, run_after=2024-11-17 00:00:00+00:00
[2024-11-17T09:15:47.207+0000] {processor.py:208} INFO - Processing /home/airflow/.local/lib/python3.12/site-packages/airflow/example_dags/example_skip_dag.py took 0.246 seconds
[2024-11-17T09:16:17.721+0000] {processor.py:186} INFO - Started process (PID=2391) to work on /home/airflow/.local/lib/python3.12/site-packages/airflow/example_dags/example_skip_dag.py
[2024-11-17T09:16:17.725+0000] {processor.py:914} INFO - Processing file /home/airflow/.local/lib/python3.12/site-packages/airflow/example_dags/example_skip_dag.py for tasks to queue
[2024-11-17T09:16:17.742+0000] {logging_mixin.py:190} INFO - [2024-11-17T09:16:17.741+0000] {dagbag.py:588} INFO - Filling up the DagBag from /home/airflow/.local/lib/python3.12/site-packages/airflow/example_dags/example_skip_dag.py
[2024-11-17T09:16:17.796+0000] {processor.py:925} INFO - DAG(s) 'example_skip_dag' retrieved from /home/airflow/.local/lib/python3.12/site-packages/airflow/example_dags/example_skip_dag.py
[2024-11-17T09:16:17.932+0000] {logging_mixin.py:190} INFO - [2024-11-17T09:16:17.931+0000] {dag.py:3239} INFO - Sync 1 DAGs
[2024-11-17T09:16:18.032+0000] {logging_mixin.py:190} INFO - [2024-11-17T09:16:18.031+0000] {dag.py:4180} INFO - Setting next_dagrun for example_skip_dag to 2024-11-16 00:00:00+00:00, run_after=2024-11-17 00:00:00+00:00
[2024-11-17T09:16:18.135+0000] {processor.py:208} INFO - Processing /home/airflow/.local/lib/python3.12/site-packages/airflow/example_dags/example_skip_dag.py took 0.465 seconds
[2024-11-17T09:16:49.043+0000] {processor.py:186} INFO - Started process (PID=2458) to work on /home/airflow/.local/lib/python3.12/site-packages/airflow/example_dags/example_skip_dag.py
[2024-11-17T09:16:49.046+0000] {processor.py:914} INFO - Processing file /home/airflow/.local/lib/python3.12/site-packages/airflow/example_dags/example_skip_dag.py for tasks to queue
[2024-11-17T09:16:49.054+0000] {logging_mixin.py:190} INFO - [2024-11-17T09:16:49.053+0000] {dagbag.py:588} INFO - Filling up the DagBag from /home/airflow/.local/lib/python3.12/site-packages/airflow/example_dags/example_skip_dag.py
[2024-11-17T09:16:49.086+0000] {processor.py:925} INFO - DAG(s) 'example_skip_dag' retrieved from /home/airflow/.local/lib/python3.12/site-packages/airflow/example_dags/example_skip_dag.py
[2024-11-17T09:16:49.159+0000] {logging_mixin.py:190} INFO - [2024-11-17T09:16:49.159+0000] {dag.py:3239} INFO - Sync 1 DAGs
[2024-11-17T09:16:49.238+0000] {logging_mixin.py:190} INFO - [2024-11-17T09:16:49.238+0000] {dag.py:4180} INFO - Setting next_dagrun for example_skip_dag to 2024-11-16 00:00:00+00:00, run_after=2024-11-17 00:00:00+00:00
[2024-11-17T09:16:49.290+0000] {processor.py:208} INFO - Processing /home/airflow/.local/lib/python3.12/site-packages/airflow/example_dags/example_skip_dag.py took 0.271 seconds
[2024-11-17T09:17:20.084+0000] {processor.py:186} INFO - Started process (PID=2524) to work on /home/airflow/.local/lib/python3.12/site-packages/airflow/example_dags/example_skip_dag.py
[2024-11-17T09:17:20.087+0000] {processor.py:914} INFO - Processing file /home/airflow/.local/lib/python3.12/site-packages/airflow/example_dags/example_skip_dag.py for tasks to queue
[2024-11-17T09:17:20.094+0000] {logging_mixin.py:190} INFO - [2024-11-17T09:17:20.093+0000] {dagbag.py:588} INFO - Filling up the DagBag from /home/airflow/.local/lib/python3.12/site-packages/airflow/example_dags/example_skip_dag.py
[2024-11-17T09:17:20.116+0000] {processor.py:925} INFO - DAG(s) 'example_skip_dag' retrieved from /home/airflow/.local/lib/python3.12/site-packages/airflow/example_dags/example_skip_dag.py
[2024-11-17T09:17:20.186+0000] {logging_mixin.py:190} INFO - [2024-11-17T09:17:20.186+0000] {dag.py:3239} INFO - Sync 1 DAGs
[2024-11-17T09:17:20.263+0000] {logging_mixin.py:190} INFO - [2024-11-17T09:17:20.262+0000] {dag.py:4180} INFO - Setting next_dagrun for example_skip_dag to 2024-11-16 00:00:00+00:00, run_after=2024-11-17 00:00:00+00:00
[2024-11-17T09:17:20.322+0000] {processor.py:208} INFO - Processing /home/airflow/.local/lib/python3.12/site-packages/airflow/example_dags/example_skip_dag.py took 0.261 seconds
[2024-11-17T09:17:51.321+0000] {processor.py:186} INFO - Started process (PID=2591) to work on /home/airflow/.local/lib/python3.12/site-packages/airflow/example_dags/example_skip_dag.py
[2024-11-17T09:17:51.324+0000] {processor.py:914} INFO - Processing file /home/airflow/.local/lib/python3.12/site-packages/airflow/example_dags/example_skip_dag.py for tasks to queue
[2024-11-17T09:17:51.331+0000] {logging_mixin.py:190} INFO - [2024-11-17T09:17:51.330+0000] {dagbag.py:588} INFO - Filling up the DagBag from /home/airflow/.local/lib/python3.12/site-packages/airflow/example_dags/example_skip_dag.py
[2024-11-17T09:17:51.353+0000] {processor.py:925} INFO - DAG(s) 'example_skip_dag' retrieved from /home/airflow/.local/lib/python3.12/site-packages/airflow/example_dags/example_skip_dag.py
[2024-11-17T09:17:51.413+0000] {logging_mixin.py:190} INFO - [2024-11-17T09:17:51.412+0000] {dag.py:3239} INFO - Sync 1 DAGs
[2024-11-17T09:17:51.478+0000] {logging_mixin.py:190} INFO - [2024-11-17T09:17:51.477+0000] {dag.py:4180} INFO - Setting next_dagrun for example_skip_dag to 2024-11-16 00:00:00+00:00, run_after=2024-11-17 00:00:00+00:00
[2024-11-17T09:17:51.534+0000] {processor.py:208} INFO - Processing /home/airflow/.local/lib/python3.12/site-packages/airflow/example_dags/example_skip_dag.py took 0.230 seconds
[2024-11-17T09:18:21.891+0000] {processor.py:186} INFO - Started process (PID=2656) to work on /home/airflow/.local/lib/python3.12/site-packages/airflow/example_dags/example_skip_dag.py
[2024-11-17T09:18:21.897+0000] {processor.py:914} INFO - Processing file /home/airflow/.local/lib/python3.12/site-packages/airflow/example_dags/example_skip_dag.py for tasks to queue
[2024-11-17T09:18:21.909+0000] {logging_mixin.py:190} INFO - [2024-11-17T09:18:21.906+0000] {dagbag.py:588} INFO - Filling up the DagBag from /home/airflow/.local/lib/python3.12/site-packages/airflow/example_dags/example_skip_dag.py
[2024-11-17T09:18:21.961+0000] {processor.py:925} INFO - DAG(s) 'example_skip_dag' retrieved from /home/airflow/.local/lib/python3.12/site-packages/airflow/example_dags/example_skip_dag.py
[2024-11-17T09:18:22.054+0000] {logging_mixin.py:190} INFO - [2024-11-17T09:18:22.053+0000] {dag.py:3239} INFO - Sync 1 DAGs
[2024-11-17T09:18:22.137+0000] {logging_mixin.py:190} INFO - [2024-11-17T09:18:22.137+0000] {dag.py:4180} INFO - Setting next_dagrun for example_skip_dag to 2024-11-16 00:00:00+00:00, run_after=2024-11-17 00:00:00+00:00
[2024-11-17T09:18:22.202+0000] {processor.py:208} INFO - Processing /home/airflow/.local/lib/python3.12/site-packages/airflow/example_dags/example_skip_dag.py took 0.346 seconds
[2024-11-17T09:18:52.682+0000] {processor.py:186} INFO - Started process (PID=2722) to work on /home/airflow/.local/lib/python3.12/site-packages/airflow/example_dags/example_skip_dag.py
[2024-11-17T09:18:52.685+0000] {processor.py:914} INFO - Processing file /home/airflow/.local/lib/python3.12/site-packages/airflow/example_dags/example_skip_dag.py for tasks to queue
[2024-11-17T09:18:52.692+0000] {logging_mixin.py:190} INFO - [2024-11-17T09:18:52.691+0000] {dagbag.py:588} INFO - Filling up the DagBag from /home/airflow/.local/lib/python3.12/site-packages/airflow/example_dags/example_skip_dag.py
[2024-11-17T09:18:52.713+0000] {processor.py:925} INFO - DAG(s) 'example_skip_dag' retrieved from /home/airflow/.local/lib/python3.12/site-packages/airflow/example_dags/example_skip_dag.py
[2024-11-17T09:18:52.768+0000] {logging_mixin.py:190} INFO - [2024-11-17T09:18:52.768+0000] {dag.py:3239} INFO - Sync 1 DAGs
[2024-11-17T09:18:52.835+0000] {logging_mixin.py:190} INFO - [2024-11-17T09:18:52.835+0000] {dag.py:4180} INFO - Setting next_dagrun for example_skip_dag to 2024-11-16 00:00:00+00:00, run_after=2024-11-17 00:00:00+00:00
[2024-11-17T09:18:52.886+0000] {processor.py:208} INFO - Processing /home/airflow/.local/lib/python3.12/site-packages/airflow/example_dags/example_skip_dag.py took 0.222 seconds
[2024-11-17T09:19:23.774+0000] {processor.py:186} INFO - Started process (PID=2788) to work on /home/airflow/.local/lib/python3.12/site-packages/airflow/example_dags/example_skip_dag.py
[2024-11-17T09:19:23.778+0000] {processor.py:914} INFO - Processing file /home/airflow/.local/lib/python3.12/site-packages/airflow/example_dags/example_skip_dag.py for tasks to queue
[2024-11-17T09:19:23.785+0000] {logging_mixin.py:190} INFO - [2024-11-17T09:19:23.784+0000] {dagbag.py:588} INFO - Filling up the DagBag from /home/airflow/.local/lib/python3.12/site-packages/airflow/example_dags/example_skip_dag.py
[2024-11-17T09:19:23.810+0000] {processor.py:925} INFO - DAG(s) 'example_skip_dag' retrieved from /home/airflow/.local/lib/python3.12/site-packages/airflow/example_dags/example_skip_dag.py
[2024-11-17T09:19:23.867+0000] {logging_mixin.py:190} INFO - [2024-11-17T09:19:23.867+0000] {dag.py:3239} INFO - Sync 1 DAGs
[2024-11-17T09:19:23.933+0000] {logging_mixin.py:190} INFO - [2024-11-17T09:19:23.932+0000] {dag.py:4180} INFO - Setting next_dagrun for example_skip_dag to 2024-11-16 00:00:00+00:00, run_after=2024-11-17 00:00:00+00:00
[2024-11-17T09:19:23.997+0000] {processor.py:208} INFO - Processing /home/airflow/.local/lib/python3.12/site-packages/airflow/example_dags/example_skip_dag.py took 0.243 seconds
[2024-11-17T09:19:54.527+0000] {processor.py:186} INFO - Started process (PID=2854) to work on /home/airflow/.local/lib/python3.12/site-packages/airflow/example_dags/example_skip_dag.py
[2024-11-17T09:19:54.529+0000] {processor.py:914} INFO - Processing file /home/airflow/.local/lib/python3.12/site-packages/airflow/example_dags/example_skip_dag.py for tasks to queue
[2024-11-17T09:19:54.536+0000] {logging_mixin.py:190} INFO - [2024-11-17T09:19:54.535+0000] {dagbag.py:588} INFO - Filling up the DagBag from /home/airflow/.local/lib/python3.12/site-packages/airflow/example_dags/example_skip_dag.py
[2024-11-17T09:19:54.565+0000] {processor.py:925} INFO - DAG(s) 'example_skip_dag' retrieved from /home/airflow/.local/lib/python3.12/site-packages/airflow/example_dags/example_skip_dag.py
[2024-11-17T09:19:54.633+0000] {logging_mixin.py:190} INFO - [2024-11-17T09:19:54.632+0000] {dag.py:3239} INFO - Sync 1 DAGs
[2024-11-17T09:19:54.700+0000] {logging_mixin.py:190} INFO - [2024-11-17T09:19:54.699+0000] {dag.py:4180} INFO - Setting next_dagrun for example_skip_dag to 2024-11-16 00:00:00+00:00, run_after=2024-11-17 00:00:00+00:00
[2024-11-17T09:19:54.758+0000] {processor.py:208} INFO - Processing /home/airflow/.local/lib/python3.12/site-packages/airflow/example_dags/example_skip_dag.py took 0.252 seconds
[2024-11-17T09:20:25.361+0000] {processor.py:186} INFO - Started process (PID=2920) to work on /home/airflow/.local/lib/python3.12/site-packages/airflow/example_dags/example_skip_dag.py
[2024-11-17T09:20:25.364+0000] {processor.py:914} INFO - Processing file /home/airflow/.local/lib/python3.12/site-packages/airflow/example_dags/example_skip_dag.py for tasks to queue
[2024-11-17T09:20:25.373+0000] {logging_mixin.py:190} INFO - [2024-11-17T09:20:25.372+0000] {dagbag.py:588} INFO - Filling up the DagBag from /home/airflow/.local/lib/python3.12/site-packages/airflow/example_dags/example_skip_dag.py
[2024-11-17T09:20:25.404+0000] {processor.py:925} INFO - DAG(s) 'example_skip_dag' retrieved from /home/airflow/.local/lib/python3.12/site-packages/airflow/example_dags/example_skip_dag.py
[2024-11-17T09:20:25.464+0000] {logging_mixin.py:190} INFO - [2024-11-17T09:20:25.464+0000] {dag.py:3239} INFO - Sync 1 DAGs
[2024-11-17T09:20:25.598+0000] {logging_mixin.py:190} INFO - [2024-11-17T09:20:25.597+0000] {dag.py:4180} INFO - Setting next_dagrun for example_skip_dag to 2024-11-16 00:00:00+00:00, run_after=2024-11-17 00:00:00+00:00
[2024-11-17T09:20:25.671+0000] {processor.py:208} INFO - Processing /home/airflow/.local/lib/python3.12/site-packages/airflow/example_dags/example_skip_dag.py took 0.329 seconds
[2024-11-17T09:20:56.294+0000] {processor.py:186} INFO - Started process (PID=2985) to work on /home/airflow/.local/lib/python3.12/site-packages/airflow/example_dags/example_skip_dag.py
[2024-11-17T09:20:56.297+0000] {processor.py:914} INFO - Processing file /home/airflow/.local/lib/python3.12/site-packages/airflow/example_dags/example_skip_dag.py for tasks to queue
[2024-11-17T09:20:56.304+0000] {logging_mixin.py:190} INFO - [2024-11-17T09:20:56.303+0000] {dagbag.py:588} INFO - Filling up the DagBag from /home/airflow/.local/lib/python3.12/site-packages/airflow/example_dags/example_skip_dag.py
[2024-11-17T09:20:56.325+0000] {processor.py:925} INFO - DAG(s) 'example_skip_dag' retrieved from /home/airflow/.local/lib/python3.12/site-packages/airflow/example_dags/example_skip_dag.py
[2024-11-17T09:20:56.388+0000] {logging_mixin.py:190} INFO - [2024-11-17T09:20:56.387+0000] {dag.py:3239} INFO - Sync 1 DAGs
[2024-11-17T09:20:56.455+0000] {logging_mixin.py:190} INFO - [2024-11-17T09:20:56.454+0000] {dag.py:4180} INFO - Setting next_dagrun for example_skip_dag to 2024-11-16 00:00:00+00:00, run_after=2024-11-17 00:00:00+00:00
[2024-11-17T09:20:56.857+0000] {processor.py:208} INFO - Processing /home/airflow/.local/lib/python3.12/site-packages/airflow/example_dags/example_skip_dag.py took 0.580 seconds
[2024-11-17T09:21:27.001+0000] {processor.py:186} INFO - Started process (PID=3051) to work on /home/airflow/.local/lib/python3.12/site-packages/airflow/example_dags/example_skip_dag.py
[2024-11-17T09:21:27.004+0000] {processor.py:914} INFO - Processing file /home/airflow/.local/lib/python3.12/site-packages/airflow/example_dags/example_skip_dag.py for tasks to queue
[2024-11-17T09:21:27.010+0000] {logging_mixin.py:190} INFO - [2024-11-17T09:21:27.010+0000] {dagbag.py:588} INFO - Filling up the DagBag from /home/airflow/.local/lib/python3.12/site-packages/airflow/example_dags/example_skip_dag.py
[2024-11-17T09:21:27.035+0000] {processor.py:925} INFO - DAG(s) 'example_skip_dag' retrieved from /home/airflow/.local/lib/python3.12/site-packages/airflow/example_dags/example_skip_dag.py
[2024-11-17T09:21:27.097+0000] {logging_mixin.py:190} INFO - [2024-11-17T09:21:27.096+0000] {dag.py:3239} INFO - Sync 1 DAGs
[2024-11-17T09:21:27.168+0000] {logging_mixin.py:190} INFO - [2024-11-17T09:21:27.168+0000] {dag.py:4180} INFO - Setting next_dagrun for example_skip_dag to 2024-11-16 00:00:00+00:00, run_after=2024-11-17 00:00:00+00:00
[2024-11-17T09:21:27.224+0000] {processor.py:208} INFO - Processing /home/airflow/.local/lib/python3.12/site-packages/airflow/example_dags/example_skip_dag.py took 0.249 seconds
[2024-11-17T09:21:57.527+0000] {processor.py:186} INFO - Started process (PID=3117) to work on /home/airflow/.local/lib/python3.12/site-packages/airflow/example_dags/example_skip_dag.py
[2024-11-17T09:21:57.530+0000] {processor.py:914} INFO - Processing file /home/airflow/.local/lib/python3.12/site-packages/airflow/example_dags/example_skip_dag.py for tasks to queue
[2024-11-17T09:21:57.538+0000] {logging_mixin.py:190} INFO - [2024-11-17T09:21:57.537+0000] {dagbag.py:588} INFO - Filling up the DagBag from /home/airflow/.local/lib/python3.12/site-packages/airflow/example_dags/example_skip_dag.py
[2024-11-17T09:21:57.568+0000] {processor.py:925} INFO - DAG(s) 'example_skip_dag' retrieved from /home/airflow/.local/lib/python3.12/site-packages/airflow/example_dags/example_skip_dag.py
[2024-11-17T09:21:57.644+0000] {logging_mixin.py:190} INFO - [2024-11-17T09:21:57.643+0000] {dag.py:3239} INFO - Sync 1 DAGs
[2024-11-17T09:21:57.721+0000] {logging_mixin.py:190} INFO - [2024-11-17T09:21:57.720+0000] {dag.py:4180} INFO - Setting next_dagrun for example_skip_dag to 2024-11-16 00:00:00+00:00, run_after=2024-11-17 00:00:00+00:00
[2024-11-17T09:21:57.784+0000] {processor.py:208} INFO - Processing /home/airflow/.local/lib/python3.12/site-packages/airflow/example_dags/example_skip_dag.py took 0.276 seconds
[2024-11-17T09:22:28.102+0000] {processor.py:186} INFO - Started process (PID=3182) to work on /home/airflow/.local/lib/python3.12/site-packages/airflow/example_dags/example_skip_dag.py
[2024-11-17T09:22:28.105+0000] {processor.py:914} INFO - Processing file /home/airflow/.local/lib/python3.12/site-packages/airflow/example_dags/example_skip_dag.py for tasks to queue
[2024-11-17T09:22:28.112+0000] {logging_mixin.py:190} INFO - [2024-11-17T09:22:28.111+0000] {dagbag.py:588} INFO - Filling up the DagBag from /home/airflow/.local/lib/python3.12/site-packages/airflow/example_dags/example_skip_dag.py
[2024-11-17T09:22:28.138+0000] {processor.py:925} INFO - DAG(s) 'example_skip_dag' retrieved from /home/airflow/.local/lib/python3.12/site-packages/airflow/example_dags/example_skip_dag.py
[2024-11-17T09:22:28.205+0000] {logging_mixin.py:190} INFO - [2024-11-17T09:22:28.204+0000] {dag.py:3239} INFO - Sync 1 DAGs
[2024-11-17T09:22:28.278+0000] {logging_mixin.py:190} INFO - [2024-11-17T09:22:28.277+0000] {dag.py:4180} INFO - Setting next_dagrun for example_skip_dag to 2024-11-16 00:00:00+00:00, run_after=2024-11-17 00:00:00+00:00
[2024-11-17T09:22:28.339+0000] {processor.py:208} INFO - Processing /home/airflow/.local/lib/python3.12/site-packages/airflow/example_dags/example_skip_dag.py took 0.258 seconds
[2024-11-17T09:22:58.941+0000] {processor.py:186} INFO - Started process (PID=3248) to work on /home/airflow/.local/lib/python3.12/site-packages/airflow/example_dags/example_skip_dag.py
[2024-11-17T09:22:58.943+0000] {processor.py:914} INFO - Processing file /home/airflow/.local/lib/python3.12/site-packages/airflow/example_dags/example_skip_dag.py for tasks to queue
[2024-11-17T09:22:58.950+0000] {logging_mixin.py:190} INFO - [2024-11-17T09:22:58.949+0000] {dagbag.py:588} INFO - Filling up the DagBag from /home/airflow/.local/lib/python3.12/site-packages/airflow/example_dags/example_skip_dag.py
[2024-11-17T09:22:58.972+0000] {processor.py:925} INFO - DAG(s) 'example_skip_dag' retrieved from /home/airflow/.local/lib/python3.12/site-packages/airflow/example_dags/example_skip_dag.py
[2024-11-17T09:22:59.051+0000] {logging_mixin.py:190} INFO - [2024-11-17T09:22:59.050+0000] {dag.py:3239} INFO - Sync 1 DAGs
[2024-11-17T09:22:59.494+0000] {logging_mixin.py:190} INFO - [2024-11-17T09:22:59.493+0000] {dag.py:4180} INFO - Setting next_dagrun for example_skip_dag to 2024-11-16 00:00:00+00:00, run_after=2024-11-17 00:00:00+00:00
[2024-11-17T09:22:59.544+0000] {processor.py:208} INFO - Processing /home/airflow/.local/lib/python3.12/site-packages/airflow/example_dags/example_skip_dag.py took 0.620 seconds
[2024-11-17T09:23:29.854+0000] {processor.py:186} INFO - Started process (PID=3314) to work on /home/airflow/.local/lib/python3.12/site-packages/airflow/example_dags/example_skip_dag.py
[2024-11-17T09:23:29.857+0000] {processor.py:914} INFO - Processing file /home/airflow/.local/lib/python3.12/site-packages/airflow/example_dags/example_skip_dag.py for tasks to queue
[2024-11-17T09:23:29.864+0000] {logging_mixin.py:190} INFO - [2024-11-17T09:23:29.863+0000] {dagbag.py:588} INFO - Filling up the DagBag from /home/airflow/.local/lib/python3.12/site-packages/airflow/example_dags/example_skip_dag.py
[2024-11-17T09:23:29.887+0000] {processor.py:925} INFO - DAG(s) 'example_skip_dag' retrieved from /home/airflow/.local/lib/python3.12/site-packages/airflow/example_dags/example_skip_dag.py
[2024-11-17T09:23:29.951+0000] {logging_mixin.py:190} INFO - [2024-11-17T09:23:29.950+0000] {dag.py:3239} INFO - Sync 1 DAGs
[2024-11-17T09:23:30.020+0000] {logging_mixin.py:190} INFO - [2024-11-17T09:23:30.019+0000] {dag.py:4180} INFO - Setting next_dagrun for example_skip_dag to 2024-11-16 00:00:00+00:00, run_after=2024-11-17 00:00:00+00:00
[2024-11-17T09:23:30.075+0000] {processor.py:208} INFO - Processing /home/airflow/.local/lib/python3.12/site-packages/airflow/example_dags/example_skip_dag.py took 0.239 seconds
[2024-11-17T09:24:00.887+0000] {processor.py:186} INFO - Started process (PID=3380) to work on /home/airflow/.local/lib/python3.12/site-packages/airflow/example_dags/example_skip_dag.py
[2024-11-17T09:24:00.891+0000] {processor.py:914} INFO - Processing file /home/airflow/.local/lib/python3.12/site-packages/airflow/example_dags/example_skip_dag.py for tasks to queue
[2024-11-17T09:24:00.899+0000] {logging_mixin.py:190} INFO - [2024-11-17T09:24:00.898+0000] {dagbag.py:588} INFO - Filling up the DagBag from /home/airflow/.local/lib/python3.12/site-packages/airflow/example_dags/example_skip_dag.py
[2024-11-17T09:24:00.942+0000] {processor.py:925} INFO - DAG(s) 'example_skip_dag' retrieved from /home/airflow/.local/lib/python3.12/site-packages/airflow/example_dags/example_skip_dag.py
[2024-11-17T09:24:01.051+0000] {logging_mixin.py:190} INFO - [2024-11-17T09:24:01.050+0000] {dag.py:3239} INFO - Sync 1 DAGs
[2024-11-17T09:24:01.172+0000] {logging_mixin.py:190} INFO - [2024-11-17T09:24:01.171+0000] {dag.py:4180} INFO - Setting next_dagrun for example_skip_dag to 2024-11-16 00:00:00+00:00, run_after=2024-11-17 00:00:00+00:00
[2024-11-17T09:24:01.241+0000] {processor.py:208} INFO - Processing /home/airflow/.local/lib/python3.12/site-packages/airflow/example_dags/example_skip_dag.py took 0.381 seconds
[2024-11-17T09:24:31.531+0000] {processor.py:186} INFO - Started process (PID=3445) to work on /home/airflow/.local/lib/python3.12/site-packages/airflow/example_dags/example_skip_dag.py
[2024-11-17T09:24:31.533+0000] {processor.py:914} INFO - Processing file /home/airflow/.local/lib/python3.12/site-packages/airflow/example_dags/example_skip_dag.py for tasks to queue
[2024-11-17T09:24:31.541+0000] {logging_mixin.py:190} INFO - [2024-11-17T09:24:31.540+0000] {dagbag.py:588} INFO - Filling up the DagBag from /home/airflow/.local/lib/python3.12/site-packages/airflow/example_dags/example_skip_dag.py
[2024-11-17T09:24:31.566+0000] {processor.py:925} INFO - DAG(s) 'example_skip_dag' retrieved from /home/airflow/.local/lib/python3.12/site-packages/airflow/example_dags/example_skip_dag.py
[2024-11-17T09:24:31.644+0000] {logging_mixin.py:190} INFO - [2024-11-17T09:24:31.643+0000] {dag.py:3239} INFO - Sync 1 DAGs
[2024-11-17T09:24:31.711+0000] {logging_mixin.py:190} INFO - [2024-11-17T09:24:31.711+0000] {dag.py:4180} INFO - Setting next_dagrun for example_skip_dag to 2024-11-16 00:00:00+00:00, run_after=2024-11-17 00:00:00+00:00
[2024-11-17T09:24:31.770+0000] {processor.py:208} INFO - Processing /home/airflow/.local/lib/python3.12/site-packages/airflow/example_dags/example_skip_dag.py took 0.259 seconds
[2024-11-17T09:25:02.504+0000] {processor.py:186} INFO - Started process (PID=3511) to work on /home/airflow/.local/lib/python3.12/site-packages/airflow/example_dags/example_skip_dag.py
[2024-11-17T09:25:02.507+0000] {processor.py:914} INFO - Processing file /home/airflow/.local/lib/python3.12/site-packages/airflow/example_dags/example_skip_dag.py for tasks to queue
[2024-11-17T09:25:02.513+0000] {logging_mixin.py:190} INFO - [2024-11-17T09:25:02.512+0000] {dagbag.py:588} INFO - Filling up the DagBag from /home/airflow/.local/lib/python3.12/site-packages/airflow/example_dags/example_skip_dag.py
[2024-11-17T09:25:02.535+0000] {processor.py:925} INFO - DAG(s) 'example_skip_dag' retrieved from /home/airflow/.local/lib/python3.12/site-packages/airflow/example_dags/example_skip_dag.py
[2024-11-17T09:25:02.594+0000] {logging_mixin.py:190} INFO - [2024-11-17T09:25:02.593+0000] {dag.py:3239} INFO - Sync 1 DAGs
[2024-11-17T09:25:02.665+0000] {logging_mixin.py:190} INFO - [2024-11-17T09:25:02.664+0000] {dag.py:4180} INFO - Setting next_dagrun for example_skip_dag to 2024-11-16 00:00:00+00:00, run_after=2024-11-17 00:00:00+00:00
[2024-11-17T09:25:02.723+0000] {processor.py:208} INFO - Processing /home/airflow/.local/lib/python3.12/site-packages/airflow/example_dags/example_skip_dag.py took 0.236 seconds
[2024-11-17T09:25:32.947+0000] {processor.py:186} INFO - Started process (PID=3577) to work on /home/airflow/.local/lib/python3.12/site-packages/airflow/example_dags/example_skip_dag.py
[2024-11-17T09:25:32.950+0000] {processor.py:914} INFO - Processing file /home/airflow/.local/lib/python3.12/site-packages/airflow/example_dags/example_skip_dag.py for tasks to queue
[2024-11-17T09:25:32.956+0000] {logging_mixin.py:190} INFO - [2024-11-17T09:25:32.955+0000] {dagbag.py:588} INFO - Filling up the DagBag from /home/airflow/.local/lib/python3.12/site-packages/airflow/example_dags/example_skip_dag.py
[2024-11-17T09:25:32.979+0000] {processor.py:925} INFO - DAG(s) 'example_skip_dag' retrieved from /home/airflow/.local/lib/python3.12/site-packages/airflow/example_dags/example_skip_dag.py
[2024-11-17T09:25:33.037+0000] {logging_mixin.py:190} INFO - [2024-11-17T09:25:33.036+0000] {dag.py:3239} INFO - Sync 1 DAGs
[2024-11-17T09:25:33.110+0000] {logging_mixin.py:190} INFO - [2024-11-17T09:25:33.110+0000] {dag.py:4180} INFO - Setting next_dagrun for example_skip_dag to 2024-11-16 00:00:00+00:00, run_after=2024-11-17 00:00:00+00:00
[2024-11-17T09:25:33.166+0000] {processor.py:208} INFO - Processing /home/airflow/.local/lib/python3.12/site-packages/airflow/example_dags/example_skip_dag.py took 0.236 seconds
[2024-11-17T09:26:03.565+0000] {processor.py:186} INFO - Started process (PID=3643) to work on /home/airflow/.local/lib/python3.12/site-packages/airflow/example_dags/example_skip_dag.py
[2024-11-17T09:26:03.568+0000] {processor.py:914} INFO - Processing file /home/airflow/.local/lib/python3.12/site-packages/airflow/example_dags/example_skip_dag.py for tasks to queue
[2024-11-17T09:26:03.579+0000] {logging_mixin.py:190} INFO - [2024-11-17T09:26:03.577+0000] {dagbag.py:588} INFO - Filling up the DagBag from /home/airflow/.local/lib/python3.12/site-packages/airflow/example_dags/example_skip_dag.py
[2024-11-17T09:26:03.625+0000] {processor.py:925} INFO - DAG(s) 'example_skip_dag' retrieved from /home/airflow/.local/lib/python3.12/site-packages/airflow/example_dags/example_skip_dag.py
[2024-11-17T09:26:03.721+0000] {logging_mixin.py:190} INFO - [2024-11-17T09:26:03.720+0000] {dag.py:3239} INFO - Sync 1 DAGs
[2024-11-17T09:26:03.837+0000] {logging_mixin.py:190} INFO - [2024-11-17T09:26:03.836+0000] {dag.py:4180} INFO - Setting next_dagrun for example_skip_dag to 2024-11-16 00:00:00+00:00, run_after=2024-11-17 00:00:00+00:00
[2024-11-17T09:26:03.924+0000] {processor.py:208} INFO - Processing /home/airflow/.local/lib/python3.12/site-packages/airflow/example_dags/example_skip_dag.py took 0.384 seconds
[2024-11-17T09:26:34.147+0000] {processor.py:186} INFO - Started process (PID=3708) to work on /home/airflow/.local/lib/python3.12/site-packages/airflow/example_dags/example_skip_dag.py
[2024-11-17T09:26:34.153+0000] {processor.py:914} INFO - Processing file /home/airflow/.local/lib/python3.12/site-packages/airflow/example_dags/example_skip_dag.py for tasks to queue
[2024-11-17T09:26:34.165+0000] {logging_mixin.py:190} INFO - [2024-11-17T09:26:34.163+0000] {dagbag.py:588} INFO - Filling up the DagBag from /home/airflow/.local/lib/python3.12/site-packages/airflow/example_dags/example_skip_dag.py
[2024-11-17T09:26:34.204+0000] {processor.py:925} INFO - DAG(s) 'example_skip_dag' retrieved from /home/airflow/.local/lib/python3.12/site-packages/airflow/example_dags/example_skip_dag.py
[2024-11-17T09:26:34.288+0000] {logging_mixin.py:190} INFO - [2024-11-17T09:26:34.287+0000] {dag.py:3239} INFO - Sync 1 DAGs
[2024-11-17T09:26:34.367+0000] {logging_mixin.py:190} INFO - [2024-11-17T09:26:34.366+0000] {dag.py:4180} INFO - Setting next_dagrun for example_skip_dag to 2024-11-16 00:00:00+00:00, run_after=2024-11-17 00:00:00+00:00
[2024-11-17T09:26:34.444+0000] {processor.py:208} INFO - Processing /home/airflow/.local/lib/python3.12/site-packages/airflow/example_dags/example_skip_dag.py took 0.332 seconds
[2024-11-17T09:27:04.684+0000] {processor.py:186} INFO - Started process (PID=3775) to work on /home/airflow/.local/lib/python3.12/site-packages/airflow/example_dags/example_skip_dag.py
[2024-11-17T09:27:04.687+0000] {processor.py:914} INFO - Processing file /home/airflow/.local/lib/python3.12/site-packages/airflow/example_dags/example_skip_dag.py for tasks to queue
[2024-11-17T09:27:04.694+0000] {logging_mixin.py:190} INFO - [2024-11-17T09:27:04.693+0000] {dagbag.py:588} INFO - Filling up the DagBag from /home/airflow/.local/lib/python3.12/site-packages/airflow/example_dags/example_skip_dag.py
[2024-11-17T09:27:04.723+0000] {processor.py:925} INFO - DAG(s) 'example_skip_dag' retrieved from /home/airflow/.local/lib/python3.12/site-packages/airflow/example_dags/example_skip_dag.py
[2024-11-17T09:27:04.802+0000] {logging_mixin.py:190} INFO - [2024-11-17T09:27:04.801+0000] {dag.py:3239} INFO - Sync 1 DAGs
[2024-11-17T09:27:04.879+0000] {logging_mixin.py:190} INFO - [2024-11-17T09:27:04.878+0000] {dag.py:4180} INFO - Setting next_dagrun for example_skip_dag to 2024-11-16 00:00:00+00:00, run_after=2024-11-17 00:00:00+00:00
[2024-11-17T09:27:04.939+0000] {processor.py:208} INFO - Processing /home/airflow/.local/lib/python3.12/site-packages/airflow/example_dags/example_skip_dag.py took 0.281 seconds
[2024-11-17T09:27:35.425+0000] {processor.py:186} INFO - Started process (PID=3840) to work on /home/airflow/.local/lib/python3.12/site-packages/airflow/example_dags/example_skip_dag.py
[2024-11-17T09:27:35.428+0000] {processor.py:914} INFO - Processing file /home/airflow/.local/lib/python3.12/site-packages/airflow/example_dags/example_skip_dag.py for tasks to queue
[2024-11-17T09:27:35.435+0000] {logging_mixin.py:190} INFO - [2024-11-17T09:27:35.434+0000] {dagbag.py:588} INFO - Filling up the DagBag from /home/airflow/.local/lib/python3.12/site-packages/airflow/example_dags/example_skip_dag.py
[2024-11-17T09:27:35.463+0000] {processor.py:925} INFO - DAG(s) 'example_skip_dag' retrieved from /home/airflow/.local/lib/python3.12/site-packages/airflow/example_dags/example_skip_dag.py
[2024-11-17T09:27:35.526+0000] {logging_mixin.py:190} INFO - [2024-11-17T09:27:35.525+0000] {dag.py:3239} INFO - Sync 1 DAGs
[2024-11-17T09:27:35.596+0000] {logging_mixin.py:190} INFO - [2024-11-17T09:27:35.596+0000] {dag.py:4180} INFO - Setting next_dagrun for example_skip_dag to 2024-11-16 00:00:00+00:00, run_after=2024-11-17 00:00:00+00:00
[2024-11-17T09:27:35.650+0000] {processor.py:208} INFO - Processing /home/airflow/.local/lib/python3.12/site-packages/airflow/example_dags/example_skip_dag.py took 0.244 seconds
[2024-11-17T09:28:06.490+0000] {processor.py:186} INFO - Started process (PID=3907) to work on /home/airflow/.local/lib/python3.12/site-packages/airflow/example_dags/example_skip_dag.py
[2024-11-17T09:28:06.492+0000] {processor.py:914} INFO - Processing file /home/airflow/.local/lib/python3.12/site-packages/airflow/example_dags/example_skip_dag.py for tasks to queue
[2024-11-17T09:28:06.499+0000] {logging_mixin.py:190} INFO - [2024-11-17T09:28:06.498+0000] {dagbag.py:588} INFO - Filling up the DagBag from /home/airflow/.local/lib/python3.12/site-packages/airflow/example_dags/example_skip_dag.py
[2024-11-17T09:28:06.523+0000] {processor.py:925} INFO - DAG(s) 'example_skip_dag' retrieved from /home/airflow/.local/lib/python3.12/site-packages/airflow/example_dags/example_skip_dag.py
[2024-11-17T09:28:06.583+0000] {logging_mixin.py:190} INFO - [2024-11-17T09:28:06.582+0000] {dag.py:3239} INFO - Sync 1 DAGs
[2024-11-17T09:28:06.657+0000] {logging_mixin.py:190} INFO - [2024-11-17T09:28:06.657+0000] {dag.py:4180} INFO - Setting next_dagrun for example_skip_dag to 2024-11-16 00:00:00+00:00, run_after=2024-11-17 00:00:00+00:00
[2024-11-17T09:28:06.739+0000] {processor.py:208} INFO - Processing /home/airflow/.local/lib/python3.12/site-packages/airflow/example_dags/example_skip_dag.py took 0.268 seconds
