[2024-11-17T08:58:10.562+0000] {processor.py:186} INFO - Started process (PID=121) to work on /home/airflow/.local/lib/python3.12/site-packages/airflow/example_dags/example_nested_branch_dag.py
[2024-11-17T08:58:10.565+0000] {processor.py:914} INFO - Processing file /home/airflow/.local/lib/python3.12/site-packages/airflow/example_dags/example_nested_branch_dag.py for tasks to queue
[2024-11-17T08:58:10.571+0000] {logging_mixin.py:190} INFO - [2024-11-17T08:58:10.571+0000] {dagbag.py:588} INFO - Filling up the DagBag from /home/airflow/.local/lib/python3.12/site-packages/airflow/example_dags/example_nested_branch_dag.py
[2024-11-17T08:58:10.628+0000] {processor.py:925} INFO - DAG(s) 'example_nested_branch_dag' retrieved from /home/airflow/.local/lib/python3.12/site-packages/airflow/example_dags/example_nested_branch_dag.py
[2024-11-17T08:58:11.012+0000] {logging_mixin.py:190} INFO - [2024-11-17T08:58:11.010+0000] {override.py:1911} INFO - Created Permission View: can delete on DAG:example_nested_branch_dag
[2024-11-17T08:58:11.051+0000] {logging_mixin.py:190} INFO - [2024-11-17T08:58:11.050+0000] {override.py:1911} INFO - Created Permission View: can edit on DAG:example_nested_branch_dag
[2024-11-17T08:58:11.069+0000] {logging_mixin.py:190} INFO - [2024-11-17T08:58:11.068+0000] {override.py:1911} INFO - Created Permission View: can read on DAG:example_nested_branch_dag
[2024-11-17T08:58:11.092+0000] {logging_mixin.py:190} INFO - [2024-11-17T08:58:11.091+0000] {override.py:1911} INFO - Created Permission View: can delete on DAG Run:example_nested_branch_dag
[2024-11-17T08:58:11.113+0000] {logging_mixin.py:190} INFO - [2024-11-17T08:58:11.113+0000] {override.py:1911} INFO - Created Permission View: menu access on DAG Run:example_nested_branch_dag
[2024-11-17T08:58:11.133+0000] {logging_mixin.py:190} INFO - [2024-11-17T08:58:11.132+0000] {override.py:1911} INFO - Created Permission View: can create on DAG Run:example_nested_branch_dag
[2024-11-17T08:58:11.153+0000] {logging_mixin.py:190} INFO - [2024-11-17T08:58:11.152+0000] {override.py:1911} INFO - Created Permission View: can read on DAG Run:example_nested_branch_dag
[2024-11-17T08:58:11.154+0000] {logging_mixin.py:190} INFO - [2024-11-17T08:58:11.154+0000] {dag.py:3239} INFO - Sync 1 DAGs
[2024-11-17T08:58:11.204+0000] {logging_mixin.py:190} INFO - [2024-11-17T08:58:11.204+0000] {dag.py:3262} INFO - Creating ORM DAG for example_nested_branch_dag
[2024-11-17T08:58:11.251+0000] {logging_mixin.py:190} INFO - [2024-11-17T08:58:11.251+0000] {dag.py:4180} INFO - Setting next_dagrun for example_nested_branch_dag to 2024-11-16 00:00:00+00:00, run_after=2024-11-17 00:00:00+00:00
[2024-11-17T08:58:11.311+0000] {processor.py:208} INFO - Processing /home/airflow/.local/lib/python3.12/site-packages/airflow/example_dags/example_nested_branch_dag.py took 0.768 seconds
[2024-11-17T08:58:48.879+0000] {processor.py:186} INFO - Started process (PID=187) to work on /home/airflow/.local/lib/python3.12/site-packages/airflow/example_dags/example_nested_branch_dag.py
[2024-11-17T08:58:48.883+0000] {processor.py:914} INFO - Processing file /home/airflow/.local/lib/python3.12/site-packages/airflow/example_dags/example_nested_branch_dag.py for tasks to queue
[2024-11-17T08:58:48.897+0000] {logging_mixin.py:190} INFO - [2024-11-17T08:58:48.893+0000] {dagbag.py:588} INFO - Filling up the DagBag from /home/airflow/.local/lib/python3.12/site-packages/airflow/example_dags/example_nested_branch_dag.py
[2024-11-17T08:58:48.946+0000] {processor.py:925} INFO - DAG(s) 'example_nested_branch_dag' retrieved from /home/airflow/.local/lib/python3.12/site-packages/airflow/example_dags/example_nested_branch_dag.py
[2024-11-17T08:58:49.040+0000] {logging_mixin.py:190} INFO - [2024-11-17T08:58:49.039+0000] {dag.py:3239} INFO - Sync 1 DAGs
[2024-11-17T08:58:49.158+0000] {logging_mixin.py:190} INFO - [2024-11-17T08:58:49.158+0000] {dag.py:4180} INFO - Setting next_dagrun for example_nested_branch_dag to 2024-11-16 00:00:00+00:00, run_after=2024-11-17 00:00:00+00:00
[2024-11-17T08:58:49.222+0000] {processor.py:208} INFO - Processing /home/airflow/.local/lib/python3.12/site-packages/airflow/example_dags/example_nested_branch_dag.py took 0.375 seconds
[2024-11-17T08:59:26.203+0000] {processor.py:186} INFO - Started process (PID=253) to work on /home/airflow/.local/lib/python3.12/site-packages/airflow/example_dags/example_nested_branch_dag.py
[2024-11-17T08:59:26.205+0000] {processor.py:914} INFO - Processing file /home/airflow/.local/lib/python3.12/site-packages/airflow/example_dags/example_nested_branch_dag.py for tasks to queue
[2024-11-17T08:59:26.212+0000] {logging_mixin.py:190} INFO - [2024-11-17T08:59:26.211+0000] {dagbag.py:588} INFO - Filling up the DagBag from /home/airflow/.local/lib/python3.12/site-packages/airflow/example_dags/example_nested_branch_dag.py
[2024-11-17T08:59:26.920+0000] {processor.py:925} INFO - DAG(s) 'example_nested_branch_dag' retrieved from /home/airflow/.local/lib/python3.12/site-packages/airflow/example_dags/example_nested_branch_dag.py
[2024-11-17T08:59:27.115+0000] {logging_mixin.py:190} INFO - [2024-11-17T08:59:27.115+0000] {dag.py:3239} INFO - Sync 1 DAGs
[2024-11-17T08:59:27.183+0000] {logging_mixin.py:190} INFO - [2024-11-17T08:59:27.182+0000] {dag.py:4180} INFO - Setting next_dagrun for example_nested_branch_dag to 2024-11-16 00:00:00+00:00, run_after=2024-11-17 00:00:00+00:00
[2024-11-17T08:59:27.243+0000] {processor.py:208} INFO - Processing /home/airflow/.local/lib/python3.12/site-packages/airflow/example_dags/example_nested_branch_dag.py took 1.060 seconds
[2024-11-17T08:59:57.606+0000] {processor.py:186} INFO - Started process (PID=321) to work on /home/airflow/.local/lib/python3.12/site-packages/airflow/example_dags/example_nested_branch_dag.py
[2024-11-17T08:59:57.609+0000] {processor.py:914} INFO - Processing file /home/airflow/.local/lib/python3.12/site-packages/airflow/example_dags/example_nested_branch_dag.py for tasks to queue
[2024-11-17T08:59:57.617+0000] {logging_mixin.py:190} INFO - [2024-11-17T08:59:57.616+0000] {dagbag.py:588} INFO - Filling up the DagBag from /home/airflow/.local/lib/python3.12/site-packages/airflow/example_dags/example_nested_branch_dag.py
[2024-11-17T08:59:57.656+0000] {processor.py:925} INFO - DAG(s) 'example_nested_branch_dag' retrieved from /home/airflow/.local/lib/python3.12/site-packages/airflow/example_dags/example_nested_branch_dag.py
[2024-11-17T08:59:57.718+0000] {logging_mixin.py:190} INFO - [2024-11-17T08:59:57.717+0000] {dag.py:3239} INFO - Sync 1 DAGs
[2024-11-17T08:59:57.799+0000] {logging_mixin.py:190} INFO - [2024-11-17T08:59:57.798+0000] {dag.py:4180} INFO - Setting next_dagrun for example_nested_branch_dag to 2024-11-16 00:00:00+00:00, run_after=2024-11-17 00:00:00+00:00
[2024-11-17T08:59:57.855+0000] {processor.py:208} INFO - Processing /home/airflow/.local/lib/python3.12/site-packages/airflow/example_dags/example_nested_branch_dag.py took 0.266 seconds
[2024-11-17T09:00:28.043+0000] {processor.py:186} INFO - Started process (PID=387) to work on /home/airflow/.local/lib/python3.12/site-packages/airflow/example_dags/example_nested_branch_dag.py
[2024-11-17T09:00:28.046+0000] {processor.py:914} INFO - Processing file /home/airflow/.local/lib/python3.12/site-packages/airflow/example_dags/example_nested_branch_dag.py for tasks to queue
[2024-11-17T09:00:28.052+0000] {logging_mixin.py:190} INFO - [2024-11-17T09:00:28.051+0000] {dagbag.py:588} INFO - Filling up the DagBag from /home/airflow/.local/lib/python3.12/site-packages/airflow/example_dags/example_nested_branch_dag.py
[2024-11-17T09:00:28.101+0000] {processor.py:925} INFO - DAG(s) 'example_nested_branch_dag' retrieved from /home/airflow/.local/lib/python3.12/site-packages/airflow/example_dags/example_nested_branch_dag.py
[2024-11-17T09:00:28.173+0000] {logging_mixin.py:190} INFO - [2024-11-17T09:00:28.172+0000] {dag.py:3239} INFO - Sync 1 DAGs
[2024-11-17T09:00:28.268+0000] {logging_mixin.py:190} INFO - [2024-11-17T09:00:28.268+0000] {dag.py:4180} INFO - Setting next_dagrun for example_nested_branch_dag to 2024-11-16 00:00:00+00:00, run_after=2024-11-17 00:00:00+00:00
[2024-11-17T09:00:28.327+0000] {processor.py:208} INFO - Processing /home/airflow/.local/lib/python3.12/site-packages/airflow/example_dags/example_nested_branch_dag.py took 0.301 seconds
[2024-11-17T09:01:04.031+0000] {processor.py:186} INFO - Started process (PID=457) to work on /home/airflow/.local/lib/python3.12/site-packages/airflow/example_dags/example_nested_branch_dag.py
[2024-11-17T09:01:04.034+0000] {processor.py:914} INFO - Processing file /home/airflow/.local/lib/python3.12/site-packages/airflow/example_dags/example_nested_branch_dag.py for tasks to queue
[2024-11-17T09:01:04.041+0000] {logging_mixin.py:190} INFO - [2024-11-17T09:01:04.040+0000] {dagbag.py:588} INFO - Filling up the DagBag from /home/airflow/.local/lib/python3.12/site-packages/airflow/example_dags/example_nested_branch_dag.py
[2024-11-17T09:01:04.076+0000] {processor.py:925} INFO - DAG(s) 'example_nested_branch_dag' retrieved from /home/airflow/.local/lib/python3.12/site-packages/airflow/example_dags/example_nested_branch_dag.py
[2024-11-17T09:01:04.146+0000] {logging_mixin.py:190} INFO - [2024-11-17T09:01:04.145+0000] {dag.py:3239} INFO - Sync 1 DAGs
[2024-11-17T09:01:04.221+0000] {logging_mixin.py:190} INFO - [2024-11-17T09:01:04.221+0000] {dag.py:4180} INFO - Setting next_dagrun for example_nested_branch_dag to 2024-11-16 00:00:00+00:00, run_after=2024-11-17 00:00:00+00:00
[2024-11-17T09:01:04.268+0000] {processor.py:208} INFO - Processing /home/airflow/.local/lib/python3.12/site-packages/airflow/example_dags/example_nested_branch_dag.py took 0.261 seconds
[2024-11-17T09:01:37.342+0000] {processor.py:186} INFO - Started process (PID=530) to work on /home/airflow/.local/lib/python3.12/site-packages/airflow/example_dags/example_nested_branch_dag.py
[2024-11-17T09:01:37.346+0000] {processor.py:914} INFO - Processing file /home/airflow/.local/lib/python3.12/site-packages/airflow/example_dags/example_nested_branch_dag.py for tasks to queue
[2024-11-17T09:01:37.355+0000] {logging_mixin.py:190} INFO - [2024-11-17T09:01:37.354+0000] {dagbag.py:588} INFO - Filling up the DagBag from /home/airflow/.local/lib/python3.12/site-packages/airflow/example_dags/example_nested_branch_dag.py
[2024-11-17T09:01:37.391+0000] {processor.py:925} INFO - DAG(s) 'example_nested_branch_dag' retrieved from /home/airflow/.local/lib/python3.12/site-packages/airflow/example_dags/example_nested_branch_dag.py
[2024-11-17T09:01:37.449+0000] {logging_mixin.py:190} INFO - [2024-11-17T09:01:37.449+0000] {dag.py:3239} INFO - Sync 1 DAGs
[2024-11-17T09:01:37.529+0000] {logging_mixin.py:190} INFO - [2024-11-17T09:01:37.528+0000] {dag.py:4180} INFO - Setting next_dagrun for example_nested_branch_dag to 2024-11-16 00:00:00+00:00, run_after=2024-11-17 00:00:00+00:00
[2024-11-17T09:01:37.603+0000] {processor.py:208} INFO - Processing /home/airflow/.local/lib/python3.12/site-packages/airflow/example_dags/example_nested_branch_dag.py took 0.289 seconds
[2024-11-17T09:02:11.162+0000] {processor.py:186} INFO - Started process (PID=608) to work on /home/airflow/.local/lib/python3.12/site-packages/airflow/example_dags/example_nested_branch_dag.py
[2024-11-17T09:02:11.165+0000] {processor.py:914} INFO - Processing file /home/airflow/.local/lib/python3.12/site-packages/airflow/example_dags/example_nested_branch_dag.py for tasks to queue
[2024-11-17T09:02:11.171+0000] {logging_mixin.py:190} INFO - [2024-11-17T09:02:11.170+0000] {dagbag.py:588} INFO - Filling up the DagBag from /home/airflow/.local/lib/python3.12/site-packages/airflow/example_dags/example_nested_branch_dag.py
[2024-11-17T09:02:11.204+0000] {processor.py:925} INFO - DAG(s) 'example_nested_branch_dag' retrieved from /home/airflow/.local/lib/python3.12/site-packages/airflow/example_dags/example_nested_branch_dag.py
[2024-11-17T09:02:11.263+0000] {logging_mixin.py:190} INFO - [2024-11-17T09:02:11.263+0000] {dag.py:3239} INFO - Sync 1 DAGs
[2024-11-17T09:02:11.339+0000] {logging_mixin.py:190} INFO - [2024-11-17T09:02:11.338+0000] {dag.py:4180} INFO - Setting next_dagrun for example_nested_branch_dag to 2024-11-16 00:00:00+00:00, run_after=2024-11-17 00:00:00+00:00
[2024-11-17T09:02:11.390+0000] {processor.py:208} INFO - Processing /home/airflow/.local/lib/python3.12/site-packages/airflow/example_dags/example_nested_branch_dag.py took 0.247 seconds
[2024-11-17T09:02:46.012+0000] {processor.py:186} INFO - Started process (PID=675) to work on /home/airflow/.local/lib/python3.12/site-packages/airflow/example_dags/example_nested_branch_dag.py
[2024-11-17T09:02:46.015+0000] {processor.py:914} INFO - Processing file /home/airflow/.local/lib/python3.12/site-packages/airflow/example_dags/example_nested_branch_dag.py for tasks to queue
[2024-11-17T09:02:46.022+0000] {logging_mixin.py:190} INFO - [2024-11-17T09:02:46.021+0000] {dagbag.py:588} INFO - Filling up the DagBag from /home/airflow/.local/lib/python3.12/site-packages/airflow/example_dags/example_nested_branch_dag.py
[2024-11-17T09:02:46.064+0000] {processor.py:925} INFO - DAG(s) 'example_nested_branch_dag' retrieved from /home/airflow/.local/lib/python3.12/site-packages/airflow/example_dags/example_nested_branch_dag.py
[2024-11-17T09:02:46.126+0000] {logging_mixin.py:190} INFO - [2024-11-17T09:02:46.125+0000] {dag.py:3239} INFO - Sync 1 DAGs
[2024-11-17T09:02:46.193+0000] {logging_mixin.py:190} INFO - [2024-11-17T09:02:46.192+0000] {dag.py:4180} INFO - Setting next_dagrun for example_nested_branch_dag to 2024-11-16 00:00:00+00:00, run_after=2024-11-17 00:00:00+00:00
[2024-11-17T09:02:46.247+0000] {processor.py:208} INFO - Processing /home/airflow/.local/lib/python3.12/site-packages/airflow/example_dags/example_nested_branch_dag.py took 0.255 seconds
[2024-11-17T09:03:17.178+0000] {processor.py:186} INFO - Started process (PID=741) to work on /home/airflow/.local/lib/python3.12/site-packages/airflow/example_dags/example_nested_branch_dag.py
[2024-11-17T09:03:17.181+0000] {processor.py:914} INFO - Processing file /home/airflow/.local/lib/python3.12/site-packages/airflow/example_dags/example_nested_branch_dag.py for tasks to queue
[2024-11-17T09:03:17.188+0000] {logging_mixin.py:190} INFO - [2024-11-17T09:03:17.187+0000] {dagbag.py:588} INFO - Filling up the DagBag from /home/airflow/.local/lib/python3.12/site-packages/airflow/example_dags/example_nested_branch_dag.py
[2024-11-17T09:03:17.220+0000] {processor.py:925} INFO - DAG(s) 'example_nested_branch_dag' retrieved from /home/airflow/.local/lib/python3.12/site-packages/airflow/example_dags/example_nested_branch_dag.py
[2024-11-17T09:03:17.286+0000] {logging_mixin.py:190} INFO - [2024-11-17T09:03:17.285+0000] {dag.py:3239} INFO - Sync 1 DAGs
[2024-11-17T09:03:17.369+0000] {logging_mixin.py:190} INFO - [2024-11-17T09:03:17.368+0000] {dag.py:4180} INFO - Setting next_dagrun for example_nested_branch_dag to 2024-11-16 00:00:00+00:00, run_after=2024-11-17 00:00:00+00:00
[2024-11-17T09:03:17.444+0000] {processor.py:208} INFO - Processing /home/airflow/.local/lib/python3.12/site-packages/airflow/example_dags/example_nested_branch_dag.py took 0.282 seconds
[2024-11-17T09:03:50.296+0000] {processor.py:186} INFO - Started process (PID=810) to work on /home/airflow/.local/lib/python3.12/site-packages/airflow/example_dags/example_nested_branch_dag.py
[2024-11-17T09:03:50.298+0000] {processor.py:914} INFO - Processing file /home/airflow/.local/lib/python3.12/site-packages/airflow/example_dags/example_nested_branch_dag.py for tasks to queue
[2024-11-17T09:03:50.304+0000] {logging_mixin.py:190} INFO - [2024-11-17T09:03:50.303+0000] {dagbag.py:588} INFO - Filling up the DagBag from /home/airflow/.local/lib/python3.12/site-packages/airflow/example_dags/example_nested_branch_dag.py
[2024-11-17T09:03:50.346+0000] {processor.py:925} INFO - DAG(s) 'example_nested_branch_dag' retrieved from /home/airflow/.local/lib/python3.12/site-packages/airflow/example_dags/example_nested_branch_dag.py
[2024-11-17T09:03:50.407+0000] {logging_mixin.py:190} INFO - [2024-11-17T09:03:50.407+0000] {dag.py:3239} INFO - Sync 1 DAGs
[2024-11-17T09:03:50.482+0000] {logging_mixin.py:190} INFO - [2024-11-17T09:03:50.481+0000] {dag.py:4180} INFO - Setting next_dagrun for example_nested_branch_dag to 2024-11-16 00:00:00+00:00, run_after=2024-11-17 00:00:00+00:00
[2024-11-17T09:03:50.530+0000] {processor.py:208} INFO - Processing /home/airflow/.local/lib/python3.12/site-packages/airflow/example_dags/example_nested_branch_dag.py took 0.255 seconds
[2024-11-17T09:04:21.567+0000] {processor.py:186} INFO - Started process (PID=876) to work on /home/airflow/.local/lib/python3.12/site-packages/airflow/example_dags/example_nested_branch_dag.py
[2024-11-17T09:04:21.571+0000] {processor.py:914} INFO - Processing file /home/airflow/.local/lib/python3.12/site-packages/airflow/example_dags/example_nested_branch_dag.py for tasks to queue
[2024-11-17T09:04:21.579+0000] {logging_mixin.py:190} INFO - [2024-11-17T09:04:21.578+0000] {dagbag.py:588} INFO - Filling up the DagBag from /home/airflow/.local/lib/python3.12/site-packages/airflow/example_dags/example_nested_branch_dag.py
[2024-11-17T09:04:21.615+0000] {processor.py:925} INFO - DAG(s) 'example_nested_branch_dag' retrieved from /home/airflow/.local/lib/python3.12/site-packages/airflow/example_dags/example_nested_branch_dag.py
[2024-11-17T09:04:21.685+0000] {logging_mixin.py:190} INFO - [2024-11-17T09:04:21.685+0000] {dag.py:3239} INFO - Sync 1 DAGs
[2024-11-17T09:04:21.765+0000] {logging_mixin.py:190} INFO - [2024-11-17T09:04:21.764+0000] {dag.py:4180} INFO - Setting next_dagrun for example_nested_branch_dag to 2024-11-16 00:00:00+00:00, run_after=2024-11-17 00:00:00+00:00
[2024-11-17T09:04:21.817+0000] {processor.py:208} INFO - Processing /home/airflow/.local/lib/python3.12/site-packages/airflow/example_dags/example_nested_branch_dag.py took 0.273 seconds
[2024-11-17T09:04:54.321+0000] {processor.py:186} INFO - Started process (PID=946) to work on /home/airflow/.local/lib/python3.12/site-packages/airflow/example_dags/example_nested_branch_dag.py
[2024-11-17T09:04:54.324+0000] {processor.py:914} INFO - Processing file /home/airflow/.local/lib/python3.12/site-packages/airflow/example_dags/example_nested_branch_dag.py for tasks to queue
[2024-11-17T09:04:54.330+0000] {logging_mixin.py:190} INFO - [2024-11-17T09:04:54.329+0000] {dagbag.py:588} INFO - Filling up the DagBag from /home/airflow/.local/lib/python3.12/site-packages/airflow/example_dags/example_nested_branch_dag.py
[2024-11-17T09:04:54.374+0000] {processor.py:925} INFO - DAG(s) 'example_nested_branch_dag' retrieved from /home/airflow/.local/lib/python3.12/site-packages/airflow/example_dags/example_nested_branch_dag.py
[2024-11-17T09:04:54.434+0000] {logging_mixin.py:190} INFO - [2024-11-17T09:04:54.434+0000] {dag.py:3239} INFO - Sync 1 DAGs
[2024-11-17T09:04:54.515+0000] {logging_mixin.py:190} INFO - [2024-11-17T09:04:54.514+0000] {dag.py:4180} INFO - Setting next_dagrun for example_nested_branch_dag to 2024-11-16 00:00:00+00:00, run_after=2024-11-17 00:00:00+00:00
[2024-11-17T09:04:54.592+0000] {processor.py:208} INFO - Processing /home/airflow/.local/lib/python3.12/site-packages/airflow/example_dags/example_nested_branch_dag.py took 0.292 seconds
[2024-11-17T09:05:26.801+0000] {processor.py:186} INFO - Started process (PID=1013) to work on /home/airflow/.local/lib/python3.12/site-packages/airflow/example_dags/example_nested_branch_dag.py
[2024-11-17T09:05:26.805+0000] {processor.py:914} INFO - Processing file /home/airflow/.local/lib/python3.12/site-packages/airflow/example_dags/example_nested_branch_dag.py for tasks to queue
[2024-11-17T09:05:26.815+0000] {logging_mixin.py:190} INFO - [2024-11-17T09:05:26.814+0000] {dagbag.py:588} INFO - Filling up the DagBag from /home/airflow/.local/lib/python3.12/site-packages/airflow/example_dags/example_nested_branch_dag.py
[2024-11-17T09:05:26.856+0000] {processor.py:925} INFO - DAG(s) 'example_nested_branch_dag' retrieved from /home/airflow/.local/lib/python3.12/site-packages/airflow/example_dags/example_nested_branch_dag.py
[2024-11-17T09:05:26.950+0000] {logging_mixin.py:190} INFO - [2024-11-17T09:05:26.950+0000] {dag.py:3239} INFO - Sync 1 DAGs
[2024-11-17T09:05:27.056+0000] {logging_mixin.py:190} INFO - [2024-11-17T09:05:27.055+0000] {dag.py:4180} INFO - Setting next_dagrun for example_nested_branch_dag to 2024-11-16 00:00:00+00:00, run_after=2024-11-17 00:00:00+00:00
[2024-11-17T09:05:27.122+0000] {processor.py:208} INFO - Processing /home/airflow/.local/lib/python3.12/site-packages/airflow/example_dags/example_nested_branch_dag.py took 0.358 seconds
[2024-11-17T09:05:59.252+0000] {processor.py:186} INFO - Started process (PID=1082) to work on /home/airflow/.local/lib/python3.12/site-packages/airflow/example_dags/example_nested_branch_dag.py
[2024-11-17T09:05:59.256+0000] {processor.py:914} INFO - Processing file /home/airflow/.local/lib/python3.12/site-packages/airflow/example_dags/example_nested_branch_dag.py for tasks to queue
[2024-11-17T09:05:59.264+0000] {logging_mixin.py:190} INFO - [2024-11-17T09:05:59.263+0000] {dagbag.py:588} INFO - Filling up the DagBag from /home/airflow/.local/lib/python3.12/site-packages/airflow/example_dags/example_nested_branch_dag.py
[2024-11-17T09:05:59.304+0000] {processor.py:925} INFO - DAG(s) 'example_nested_branch_dag' retrieved from /home/airflow/.local/lib/python3.12/site-packages/airflow/example_dags/example_nested_branch_dag.py
[2024-11-17T09:05:59.371+0000] {logging_mixin.py:190} INFO - [2024-11-17T09:05:59.370+0000] {dag.py:3239} INFO - Sync 1 DAGs
[2024-11-17T09:05:59.440+0000] {logging_mixin.py:190} INFO - [2024-11-17T09:05:59.440+0000] {dag.py:4180} INFO - Setting next_dagrun for example_nested_branch_dag to 2024-11-16 00:00:00+00:00, run_after=2024-11-17 00:00:00+00:00
[2024-11-17T09:05:59.495+0000] {processor.py:208} INFO - Processing /home/airflow/.local/lib/python3.12/site-packages/airflow/example_dags/example_nested_branch_dag.py took 0.265 seconds
[2024-11-17T09:06:30.845+0000] {processor.py:186} INFO - Started process (PID=1148) to work on /home/airflow/.local/lib/python3.12/site-packages/airflow/example_dags/example_nested_branch_dag.py
[2024-11-17T09:06:30.848+0000] {processor.py:914} INFO - Processing file /home/airflow/.local/lib/python3.12/site-packages/airflow/example_dags/example_nested_branch_dag.py for tasks to queue
[2024-11-17T09:06:30.858+0000] {logging_mixin.py:190} INFO - [2024-11-17T09:06:30.856+0000] {dagbag.py:588} INFO - Filling up the DagBag from /home/airflow/.local/lib/python3.12/site-packages/airflow/example_dags/example_nested_branch_dag.py
[2024-11-17T09:06:30.909+0000] {processor.py:925} INFO - DAG(s) 'example_nested_branch_dag' retrieved from /home/airflow/.local/lib/python3.12/site-packages/airflow/example_dags/example_nested_branch_dag.py
[2024-11-17T09:06:31.048+0000] {logging_mixin.py:190} INFO - [2024-11-17T09:06:31.047+0000] {dag.py:3239} INFO - Sync 1 DAGs
[2024-11-17T09:06:31.166+0000] {logging_mixin.py:190} INFO - [2024-11-17T09:06:31.165+0000] {dag.py:4180} INFO - Setting next_dagrun for example_nested_branch_dag to 2024-11-16 00:00:00+00:00, run_after=2024-11-17 00:00:00+00:00
[2024-11-17T09:06:31.234+0000] {processor.py:208} INFO - Processing /home/airflow/.local/lib/python3.12/site-packages/airflow/example_dags/example_nested_branch_dag.py took 0.408 seconds
[2024-11-17T09:07:02.174+0000] {processor.py:186} INFO - Started process (PID=1214) to work on /home/airflow/.local/lib/python3.12/site-packages/airflow/example_dags/example_nested_branch_dag.py
[2024-11-17T09:07:02.178+0000] {processor.py:914} INFO - Processing file /home/airflow/.local/lib/python3.12/site-packages/airflow/example_dags/example_nested_branch_dag.py for tasks to queue
[2024-11-17T09:07:02.184+0000] {logging_mixin.py:190} INFO - [2024-11-17T09:07:02.183+0000] {dagbag.py:588} INFO - Filling up the DagBag from /home/airflow/.local/lib/python3.12/site-packages/airflow/example_dags/example_nested_branch_dag.py
[2024-11-17T09:07:02.216+0000] {processor.py:925} INFO - DAG(s) 'example_nested_branch_dag' retrieved from /home/airflow/.local/lib/python3.12/site-packages/airflow/example_dags/example_nested_branch_dag.py
[2024-11-17T09:07:02.276+0000] {logging_mixin.py:190} INFO - [2024-11-17T09:07:02.276+0000] {dag.py:3239} INFO - Sync 1 DAGs
[2024-11-17T09:07:02.343+0000] {logging_mixin.py:190} INFO - [2024-11-17T09:07:02.342+0000] {dag.py:4180} INFO - Setting next_dagrun for example_nested_branch_dag to 2024-11-16 00:00:00+00:00, run_after=2024-11-17 00:00:00+00:00
[2024-11-17T09:07:02.394+0000] {processor.py:208} INFO - Processing /home/airflow/.local/lib/python3.12/site-packages/airflow/example_dags/example_nested_branch_dag.py took 0.236 seconds
[2024-11-17T09:07:33.116+0000] {processor.py:186} INFO - Started process (PID=1281) to work on /home/airflow/.local/lib/python3.12/site-packages/airflow/example_dags/example_nested_branch_dag.py
[2024-11-17T09:07:33.119+0000] {processor.py:914} INFO - Processing file /home/airflow/.local/lib/python3.12/site-packages/airflow/example_dags/example_nested_branch_dag.py for tasks to queue
[2024-11-17T09:07:33.126+0000] {logging_mixin.py:190} INFO - [2024-11-17T09:07:33.125+0000] {dagbag.py:588} INFO - Filling up the DagBag from /home/airflow/.local/lib/python3.12/site-packages/airflow/example_dags/example_nested_branch_dag.py
[2024-11-17T09:07:33.158+0000] {processor.py:925} INFO - DAG(s) 'example_nested_branch_dag' retrieved from /home/airflow/.local/lib/python3.12/site-packages/airflow/example_dags/example_nested_branch_dag.py
[2024-11-17T09:07:33.221+0000] {logging_mixin.py:190} INFO - [2024-11-17T09:07:33.220+0000] {dag.py:3239} INFO - Sync 1 DAGs
[2024-11-17T09:07:33.306+0000] {logging_mixin.py:190} INFO - [2024-11-17T09:07:33.305+0000] {dag.py:4180} INFO - Setting next_dagrun for example_nested_branch_dag to 2024-11-16 00:00:00+00:00, run_after=2024-11-17 00:00:00+00:00
[2024-11-17T09:07:33.383+0000] {processor.py:208} INFO - Processing /home/airflow/.local/lib/python3.12/site-packages/airflow/example_dags/example_nested_branch_dag.py took 0.287 seconds
[2024-11-17T09:08:04.210+0000] {processor.py:186} INFO - Started process (PID=1346) to work on /home/airflow/.local/lib/python3.12/site-packages/airflow/example_dags/example_nested_branch_dag.py
[2024-11-17T09:08:04.213+0000] {processor.py:914} INFO - Processing file /home/airflow/.local/lib/python3.12/site-packages/airflow/example_dags/example_nested_branch_dag.py for tasks to queue
[2024-11-17T09:08:04.225+0000] {logging_mixin.py:190} INFO - [2024-11-17T09:08:04.223+0000] {dagbag.py:588} INFO - Filling up the DagBag from /home/airflow/.local/lib/python3.12/site-packages/airflow/example_dags/example_nested_branch_dag.py
[2024-11-17T09:08:04.265+0000] {processor.py:925} INFO - DAG(s) 'example_nested_branch_dag' retrieved from /home/airflow/.local/lib/python3.12/site-packages/airflow/example_dags/example_nested_branch_dag.py
[2024-11-17T09:08:04.347+0000] {logging_mixin.py:190} INFO - [2024-11-17T09:08:04.346+0000] {dag.py:3239} INFO - Sync 1 DAGs
[2024-11-17T09:08:04.436+0000] {logging_mixin.py:190} INFO - [2024-11-17T09:08:04.435+0000] {dag.py:4180} INFO - Setting next_dagrun for example_nested_branch_dag to 2024-11-16 00:00:00+00:00, run_after=2024-11-17 00:00:00+00:00
[2024-11-17T09:08:04.491+0000] {processor.py:208} INFO - Processing /home/airflow/.local/lib/python3.12/site-packages/airflow/example_dags/example_nested_branch_dag.py took 0.306 seconds
[2024-11-17T09:08:36.118+0000] {processor.py:186} INFO - Started process (PID=1412) to work on /home/airflow/.local/lib/python3.12/site-packages/airflow/example_dags/example_nested_branch_dag.py
[2024-11-17T09:08:36.120+0000] {processor.py:914} INFO - Processing file /home/airflow/.local/lib/python3.12/site-packages/airflow/example_dags/example_nested_branch_dag.py for tasks to queue
[2024-11-17T09:08:36.127+0000] {logging_mixin.py:190} INFO - [2024-11-17T09:08:36.126+0000] {dagbag.py:588} INFO - Filling up the DagBag from /home/airflow/.local/lib/python3.12/site-packages/airflow/example_dags/example_nested_branch_dag.py
[2024-11-17T09:08:36.159+0000] {processor.py:925} INFO - DAG(s) 'example_nested_branch_dag' retrieved from /home/airflow/.local/lib/python3.12/site-packages/airflow/example_dags/example_nested_branch_dag.py
[2024-11-17T09:08:36.224+0000] {logging_mixin.py:190} INFO - [2024-11-17T09:08:36.224+0000] {dag.py:3239} INFO - Sync 1 DAGs
[2024-11-17T09:08:36.319+0000] {logging_mixin.py:190} INFO - [2024-11-17T09:08:36.318+0000] {dag.py:4180} INFO - Setting next_dagrun for example_nested_branch_dag to 2024-11-16 00:00:00+00:00, run_after=2024-11-17 00:00:00+00:00
[2024-11-17T09:08:36.379+0000] {processor.py:208} INFO - Processing /home/airflow/.local/lib/python3.12/site-packages/airflow/example_dags/example_nested_branch_dag.py took 0.283 seconds
[2024-11-17T09:09:06.820+0000] {processor.py:186} INFO - Started process (PID=1478) to work on /home/airflow/.local/lib/python3.12/site-packages/airflow/example_dags/example_nested_branch_dag.py
[2024-11-17T09:09:06.823+0000] {processor.py:914} INFO - Processing file /home/airflow/.local/lib/python3.12/site-packages/airflow/example_dags/example_nested_branch_dag.py for tasks to queue
[2024-11-17T09:09:06.831+0000] {logging_mixin.py:190} INFO - [2024-11-17T09:09:06.829+0000] {dagbag.py:588} INFO - Filling up the DagBag from /home/airflow/.local/lib/python3.12/site-packages/airflow/example_dags/example_nested_branch_dag.py
[2024-11-17T09:09:06.870+0000] {processor.py:925} INFO - DAG(s) 'example_nested_branch_dag' retrieved from /home/airflow/.local/lib/python3.12/site-packages/airflow/example_dags/example_nested_branch_dag.py
[2024-11-17T09:09:06.949+0000] {logging_mixin.py:190} INFO - [2024-11-17T09:09:06.949+0000] {dag.py:3239} INFO - Sync 1 DAGs
[2024-11-17T09:09:07.057+0000] {logging_mixin.py:190} INFO - [2024-11-17T09:09:07.057+0000] {dag.py:4180} INFO - Setting next_dagrun for example_nested_branch_dag to 2024-11-16 00:00:00+00:00, run_after=2024-11-17 00:00:00+00:00
[2024-11-17T09:09:07.128+0000] {processor.py:208} INFO - Processing /home/airflow/.local/lib/python3.12/site-packages/airflow/example_dags/example_nested_branch_dag.py took 0.326 seconds
[2024-11-17T09:09:37.350+0000] {processor.py:186} INFO - Started process (PID=1543) to work on /home/airflow/.local/lib/python3.12/site-packages/airflow/example_dags/example_nested_branch_dag.py
[2024-11-17T09:09:37.353+0000] {processor.py:914} INFO - Processing file /home/airflow/.local/lib/python3.12/site-packages/airflow/example_dags/example_nested_branch_dag.py for tasks to queue
[2024-11-17T09:09:37.360+0000] {logging_mixin.py:190} INFO - [2024-11-17T09:09:37.359+0000] {dagbag.py:588} INFO - Filling up the DagBag from /home/airflow/.local/lib/python3.12/site-packages/airflow/example_dags/example_nested_branch_dag.py
[2024-11-17T09:09:37.391+0000] {processor.py:925} INFO - DAG(s) 'example_nested_branch_dag' retrieved from /home/airflow/.local/lib/python3.12/site-packages/airflow/example_dags/example_nested_branch_dag.py
[2024-11-17T09:09:37.453+0000] {logging_mixin.py:190} INFO - [2024-11-17T09:09:37.453+0000] {dag.py:3239} INFO - Sync 1 DAGs
[2024-11-17T09:09:37.535+0000] {logging_mixin.py:190} INFO - [2024-11-17T09:09:37.534+0000] {dag.py:4180} INFO - Setting next_dagrun for example_nested_branch_dag to 2024-11-16 00:00:00+00:00, run_after=2024-11-17 00:00:00+00:00
[2024-11-17T09:09:37.598+0000] {processor.py:208} INFO - Processing /home/airflow/.local/lib/python3.12/site-packages/airflow/example_dags/example_nested_branch_dag.py took 0.278 seconds
[2024-11-17T09:10:07.934+0000] {processor.py:186} INFO - Started process (PID=1609) to work on /home/airflow/.local/lib/python3.12/site-packages/airflow/example_dags/example_nested_branch_dag.py
[2024-11-17T09:10:07.937+0000] {processor.py:914} INFO - Processing file /home/airflow/.local/lib/python3.12/site-packages/airflow/example_dags/example_nested_branch_dag.py for tasks to queue
[2024-11-17T09:10:07.946+0000] {logging_mixin.py:190} INFO - [2024-11-17T09:10:07.945+0000] {dagbag.py:588} INFO - Filling up the DagBag from /home/airflow/.local/lib/python3.12/site-packages/airflow/example_dags/example_nested_branch_dag.py
[2024-11-17T09:10:07.997+0000] {processor.py:925} INFO - DAG(s) 'example_nested_branch_dag' retrieved from /home/airflow/.local/lib/python3.12/site-packages/airflow/example_dags/example_nested_branch_dag.py
[2024-11-17T09:10:08.077+0000] {logging_mixin.py:190} INFO - [2024-11-17T09:10:08.076+0000] {dag.py:3239} INFO - Sync 1 DAGs
[2024-11-17T09:10:08.194+0000] {logging_mixin.py:190} INFO - [2024-11-17T09:10:08.193+0000] {dag.py:4180} INFO - Setting next_dagrun for example_nested_branch_dag to 2024-11-16 00:00:00+00:00, run_after=2024-11-17 00:00:00+00:00
[2024-11-17T09:10:08.275+0000] {processor.py:208} INFO - Processing /home/airflow/.local/lib/python3.12/site-packages/airflow/example_dags/example_nested_branch_dag.py took 0.364 seconds
[2024-11-17T09:10:38.495+0000] {processor.py:186} INFO - Started process (PID=1674) to work on /home/airflow/.local/lib/python3.12/site-packages/airflow/example_dags/example_nested_branch_dag.py
[2024-11-17T09:10:38.498+0000] {processor.py:914} INFO - Processing file /home/airflow/.local/lib/python3.12/site-packages/airflow/example_dags/example_nested_branch_dag.py for tasks to queue
[2024-11-17T09:10:38.507+0000] {logging_mixin.py:190} INFO - [2024-11-17T09:10:38.505+0000] {dagbag.py:588} INFO - Filling up the DagBag from /home/airflow/.local/lib/python3.12/site-packages/airflow/example_dags/example_nested_branch_dag.py
[2024-11-17T09:10:38.544+0000] {processor.py:925} INFO - DAG(s) 'example_nested_branch_dag' retrieved from /home/airflow/.local/lib/python3.12/site-packages/airflow/example_dags/example_nested_branch_dag.py
[2024-11-17T09:10:38.609+0000] {logging_mixin.py:190} INFO - [2024-11-17T09:10:38.608+0000] {dag.py:3239} INFO - Sync 1 DAGs
[2024-11-17T09:10:38.694+0000] {logging_mixin.py:190} INFO - [2024-11-17T09:10:38.693+0000] {dag.py:4180} INFO - Setting next_dagrun for example_nested_branch_dag to 2024-11-16 00:00:00+00:00, run_after=2024-11-17 00:00:00+00:00
[2024-11-17T09:10:38.750+0000] {processor.py:208} INFO - Processing /home/airflow/.local/lib/python3.12/site-packages/airflow/example_dags/example_nested_branch_dag.py took 0.293 seconds
[2024-11-17T09:11:09.380+0000] {processor.py:186} INFO - Started process (PID=1741) to work on /home/airflow/.local/lib/python3.12/site-packages/airflow/example_dags/example_nested_branch_dag.py
[2024-11-17T09:11:09.383+0000] {processor.py:914} INFO - Processing file /home/airflow/.local/lib/python3.12/site-packages/airflow/example_dags/example_nested_branch_dag.py for tasks to queue
[2024-11-17T09:11:09.390+0000] {logging_mixin.py:190} INFO - [2024-11-17T09:11:09.389+0000] {dagbag.py:588} INFO - Filling up the DagBag from /home/airflow/.local/lib/python3.12/site-packages/airflow/example_dags/example_nested_branch_dag.py
[2024-11-17T09:11:09.434+0000] {processor.py:925} INFO - DAG(s) 'example_nested_branch_dag' retrieved from /home/airflow/.local/lib/python3.12/site-packages/airflow/example_dags/example_nested_branch_dag.py
[2024-11-17T09:11:09.506+0000] {logging_mixin.py:190} INFO - [2024-11-17T09:11:09.506+0000] {dag.py:3239} INFO - Sync 1 DAGs
[2024-11-17T09:11:09.573+0000] {logging_mixin.py:190} INFO - [2024-11-17T09:11:09.572+0000] {dag.py:4180} INFO - Setting next_dagrun for example_nested_branch_dag to 2024-11-16 00:00:00+00:00, run_after=2024-11-17 00:00:00+00:00
[2024-11-17T09:11:09.630+0000] {processor.py:208} INFO - Processing /home/airflow/.local/lib/python3.12/site-packages/airflow/example_dags/example_nested_branch_dag.py took 0.270 seconds
[2024-11-17T09:11:39.885+0000] {processor.py:186} INFO - Started process (PID=1807) to work on /home/airflow/.local/lib/python3.12/site-packages/airflow/example_dags/example_nested_branch_dag.py
[2024-11-17T09:11:39.888+0000] {processor.py:914} INFO - Processing file /home/airflow/.local/lib/python3.12/site-packages/airflow/example_dags/example_nested_branch_dag.py for tasks to queue
[2024-11-17T09:11:39.897+0000] {logging_mixin.py:190} INFO - [2024-11-17T09:11:39.896+0000] {dagbag.py:588} INFO - Filling up the DagBag from /home/airflow/.local/lib/python3.12/site-packages/airflow/example_dags/example_nested_branch_dag.py
[2024-11-17T09:11:39.955+0000] {processor.py:925} INFO - DAG(s) 'example_nested_branch_dag' retrieved from /home/airflow/.local/lib/python3.12/site-packages/airflow/example_dags/example_nested_branch_dag.py
[2024-11-17T09:11:40.030+0000] {logging_mixin.py:190} INFO - [2024-11-17T09:11:40.029+0000] {dag.py:3239} INFO - Sync 1 DAGs
[2024-11-17T09:11:40.102+0000] {logging_mixin.py:190} INFO - [2024-11-17T09:11:40.101+0000] {dag.py:4180} INFO - Setting next_dagrun for example_nested_branch_dag to 2024-11-16 00:00:00+00:00, run_after=2024-11-17 00:00:00+00:00
[2024-11-17T09:11:40.152+0000] {processor.py:208} INFO - Processing /home/airflow/.local/lib/python3.12/site-packages/airflow/example_dags/example_nested_branch_dag.py took 0.291 seconds
[2024-11-17T09:12:12.222+0000] {processor.py:186} INFO - Started process (PID=1879) to work on /home/airflow/.local/lib/python3.12/site-packages/airflow/example_dags/example_nested_branch_dag.py
[2024-11-17T09:12:12.226+0000] {processor.py:914} INFO - Processing file /home/airflow/.local/lib/python3.12/site-packages/airflow/example_dags/example_nested_branch_dag.py for tasks to queue
[2024-11-17T09:12:12.234+0000] {logging_mixin.py:190} INFO - [2024-11-17T09:12:12.233+0000] {dagbag.py:588} INFO - Filling up the DagBag from /home/airflow/.local/lib/python3.12/site-packages/airflow/example_dags/example_nested_branch_dag.py
[2024-11-17T09:12:12.275+0000] {processor.py:925} INFO - DAG(s) 'example_nested_branch_dag' retrieved from /home/airflow/.local/lib/python3.12/site-packages/airflow/example_dags/example_nested_branch_dag.py
[2024-11-17T09:12:12.347+0000] {logging_mixin.py:190} INFO - [2024-11-17T09:12:12.346+0000] {dag.py:3239} INFO - Sync 1 DAGs
[2024-11-17T09:12:12.414+0000] {logging_mixin.py:190} INFO - [2024-11-17T09:12:12.413+0000] {dag.py:4180} INFO - Setting next_dagrun for example_nested_branch_dag to 2024-11-16 00:00:00+00:00, run_after=2024-11-17 00:00:00+00:00
[2024-11-17T09:12:12.477+0000] {processor.py:208} INFO - Processing /home/airflow/.local/lib/python3.12/site-packages/airflow/example_dags/example_nested_branch_dag.py took 0.276 seconds
[2024-11-17T09:12:44.693+0000] {processor.py:186} INFO - Started process (PID=1944) to work on /home/airflow/.local/lib/python3.12/site-packages/airflow/example_dags/example_nested_branch_dag.py
[2024-11-17T09:12:44.698+0000] {processor.py:914} INFO - Processing file /home/airflow/.local/lib/python3.12/site-packages/airflow/example_dags/example_nested_branch_dag.py for tasks to queue
[2024-11-17T09:12:44.710+0000] {logging_mixin.py:190} INFO - [2024-11-17T09:12:44.709+0000] {dagbag.py:588} INFO - Filling up the DagBag from /home/airflow/.local/lib/python3.12/site-packages/airflow/example_dags/example_nested_branch_dag.py
[2024-11-17T09:12:44.756+0000] {processor.py:925} INFO - DAG(s) 'example_nested_branch_dag' retrieved from /home/airflow/.local/lib/python3.12/site-packages/airflow/example_dags/example_nested_branch_dag.py
[2024-11-17T09:12:44.856+0000] {logging_mixin.py:190} INFO - [2024-11-17T09:12:44.855+0000] {dag.py:3239} INFO - Sync 1 DAGs
[2024-11-17T09:12:44.961+0000] {logging_mixin.py:190} INFO - [2024-11-17T09:12:44.960+0000] {dag.py:4180} INFO - Setting next_dagrun for example_nested_branch_dag to 2024-11-16 00:00:00+00:00, run_after=2024-11-17 00:00:00+00:00
[2024-11-17T09:12:45.071+0000] {processor.py:208} INFO - Processing /home/airflow/.local/lib/python3.12/site-packages/airflow/example_dags/example_nested_branch_dag.py took 0.404 seconds
[2024-11-17T09:13:16.054+0000] {processor.py:186} INFO - Started process (PID=2010) to work on /home/airflow/.local/lib/python3.12/site-packages/airflow/example_dags/example_nested_branch_dag.py
[2024-11-17T09:13:16.057+0000] {processor.py:914} INFO - Processing file /home/airflow/.local/lib/python3.12/site-packages/airflow/example_dags/example_nested_branch_dag.py for tasks to queue
[2024-11-17T09:13:16.064+0000] {logging_mixin.py:190} INFO - [2024-11-17T09:13:16.063+0000] {dagbag.py:588} INFO - Filling up the DagBag from /home/airflow/.local/lib/python3.12/site-packages/airflow/example_dags/example_nested_branch_dag.py
[2024-11-17T09:13:16.108+0000] {processor.py:925} INFO - DAG(s) 'example_nested_branch_dag' retrieved from /home/airflow/.local/lib/python3.12/site-packages/airflow/example_dags/example_nested_branch_dag.py
[2024-11-17T09:13:16.182+0000] {logging_mixin.py:190} INFO - [2024-11-17T09:13:16.182+0000] {dag.py:3239} INFO - Sync 1 DAGs
[2024-11-17T09:13:16.267+0000] {logging_mixin.py:190} INFO - [2024-11-17T09:13:16.266+0000] {dag.py:4180} INFO - Setting next_dagrun for example_nested_branch_dag to 2024-11-16 00:00:00+00:00, run_after=2024-11-17 00:00:00+00:00
[2024-11-17T09:13:16.317+0000] {processor.py:208} INFO - Processing /home/airflow/.local/lib/python3.12/site-packages/airflow/example_dags/example_nested_branch_dag.py took 0.280 seconds
[2024-11-17T09:13:47.607+0000] {processor.py:186} INFO - Started process (PID=2076) to work on /home/airflow/.local/lib/python3.12/site-packages/airflow/example_dags/example_nested_branch_dag.py
[2024-11-17T09:13:47.610+0000] {processor.py:914} INFO - Processing file /home/airflow/.local/lib/python3.12/site-packages/airflow/example_dags/example_nested_branch_dag.py for tasks to queue
[2024-11-17T09:13:47.619+0000] {logging_mixin.py:190} INFO - [2024-11-17T09:13:47.618+0000] {dagbag.py:588} INFO - Filling up the DagBag from /home/airflow/.local/lib/python3.12/site-packages/airflow/example_dags/example_nested_branch_dag.py
[2024-11-17T09:13:47.661+0000] {processor.py:925} INFO - DAG(s) 'example_nested_branch_dag' retrieved from /home/airflow/.local/lib/python3.12/site-packages/airflow/example_dags/example_nested_branch_dag.py
[2024-11-17T09:13:47.718+0000] {logging_mixin.py:190} INFO - [2024-11-17T09:13:47.718+0000] {dag.py:3239} INFO - Sync 1 DAGs
[2024-11-17T09:13:47.790+0000] {logging_mixin.py:190} INFO - [2024-11-17T09:13:47.789+0000] {dag.py:4180} INFO - Setting next_dagrun for example_nested_branch_dag to 2024-11-16 00:00:00+00:00, run_after=2024-11-17 00:00:00+00:00
[2024-11-17T09:13:47.850+0000] {processor.py:208} INFO - Processing /home/airflow/.local/lib/python3.12/site-packages/airflow/example_dags/example_nested_branch_dag.py took 0.264 seconds
[2024-11-17T09:14:18.138+0000] {processor.py:186} INFO - Started process (PID=2141) to work on /home/airflow/.local/lib/python3.12/site-packages/airflow/example_dags/example_nested_branch_dag.py
[2024-11-17T09:14:18.140+0000] {processor.py:914} INFO - Processing file /home/airflow/.local/lib/python3.12/site-packages/airflow/example_dags/example_nested_branch_dag.py for tasks to queue
[2024-11-17T09:14:18.149+0000] {logging_mixin.py:190} INFO - [2024-11-17T09:14:18.147+0000] {dagbag.py:588} INFO - Filling up the DagBag from /home/airflow/.local/lib/python3.12/site-packages/airflow/example_dags/example_nested_branch_dag.py
[2024-11-17T09:14:18.198+0000] {processor.py:925} INFO - DAG(s) 'example_nested_branch_dag' retrieved from /home/airflow/.local/lib/python3.12/site-packages/airflow/example_dags/example_nested_branch_dag.py
[2024-11-17T09:14:18.267+0000] {logging_mixin.py:190} INFO - [2024-11-17T09:14:18.266+0000] {dag.py:3239} INFO - Sync 1 DAGs
[2024-11-17T09:14:18.336+0000] {logging_mixin.py:190} INFO - [2024-11-17T09:14:18.335+0000] {dag.py:4180} INFO - Setting next_dagrun for example_nested_branch_dag to 2024-11-16 00:00:00+00:00, run_after=2024-11-17 00:00:00+00:00
[2024-11-17T09:14:18.391+0000] {processor.py:208} INFO - Processing /home/airflow/.local/lib/python3.12/site-packages/airflow/example_dags/example_nested_branch_dag.py took 0.272 seconds
[2024-11-17T09:14:48.904+0000] {processor.py:186} INFO - Started process (PID=2207) to work on /home/airflow/.local/lib/python3.12/site-packages/airflow/example_dags/example_nested_branch_dag.py
[2024-11-17T09:14:48.907+0000] {processor.py:914} INFO - Processing file /home/airflow/.local/lib/python3.12/site-packages/airflow/example_dags/example_nested_branch_dag.py for tasks to queue
[2024-11-17T09:14:48.913+0000] {logging_mixin.py:190} INFO - [2024-11-17T09:14:48.912+0000] {dagbag.py:588} INFO - Filling up the DagBag from /home/airflow/.local/lib/python3.12/site-packages/airflow/example_dags/example_nested_branch_dag.py
[2024-11-17T09:14:48.951+0000] {processor.py:925} INFO - DAG(s) 'example_nested_branch_dag' retrieved from /home/airflow/.local/lib/python3.12/site-packages/airflow/example_dags/example_nested_branch_dag.py
[2024-11-17T09:14:49.031+0000] {logging_mixin.py:190} INFO - [2024-11-17T09:14:49.029+0000] {dag.py:3239} INFO - Sync 1 DAGs
[2024-11-17T09:14:49.142+0000] {logging_mixin.py:190} INFO - [2024-11-17T09:14:49.141+0000] {dag.py:4180} INFO - Setting next_dagrun for example_nested_branch_dag to 2024-11-16 00:00:00+00:00, run_after=2024-11-17 00:00:00+00:00
[2024-11-17T09:14:49.222+0000] {processor.py:208} INFO - Processing /home/airflow/.local/lib/python3.12/site-packages/airflow/example_dags/example_nested_branch_dag.py took 0.337 seconds
[2024-11-17T09:15:20.072+0000] {processor.py:186} INFO - Started process (PID=2273) to work on /home/airflow/.local/lib/python3.12/site-packages/airflow/example_dags/example_nested_branch_dag.py
[2024-11-17T09:15:20.082+0000] {processor.py:914} INFO - Processing file /home/airflow/.local/lib/python3.12/site-packages/airflow/example_dags/example_nested_branch_dag.py for tasks to queue
[2024-11-17T09:15:20.092+0000] {logging_mixin.py:190} INFO - [2024-11-17T09:15:20.090+0000] {dagbag.py:588} INFO - Filling up the DagBag from /home/airflow/.local/lib/python3.12/site-packages/airflow/example_dags/example_nested_branch_dag.py
[2024-11-17T09:15:20.144+0000] {processor.py:925} INFO - DAG(s) 'example_nested_branch_dag' retrieved from /home/airflow/.local/lib/python3.12/site-packages/airflow/example_dags/example_nested_branch_dag.py
[2024-11-17T09:15:20.216+0000] {logging_mixin.py:190} INFO - [2024-11-17T09:15:20.215+0000] {dag.py:3239} INFO - Sync 1 DAGs
[2024-11-17T09:15:20.302+0000] {logging_mixin.py:190} INFO - [2024-11-17T09:15:20.302+0000] {dag.py:4180} INFO - Setting next_dagrun for example_nested_branch_dag to 2024-11-16 00:00:00+00:00, run_after=2024-11-17 00:00:00+00:00
[2024-11-17T09:15:20.353+0000] {processor.py:208} INFO - Processing /home/airflow/.local/lib/python3.12/site-packages/airflow/example_dags/example_nested_branch_dag.py took 0.324 seconds
[2024-11-17T09:15:51.789+0000] {processor.py:186} INFO - Started process (PID=2339) to work on /home/airflow/.local/lib/python3.12/site-packages/airflow/example_dags/example_nested_branch_dag.py
[2024-11-17T09:15:51.792+0000] {processor.py:914} INFO - Processing file /home/airflow/.local/lib/python3.12/site-packages/airflow/example_dags/example_nested_branch_dag.py for tasks to queue
[2024-11-17T09:15:51.803+0000] {logging_mixin.py:190} INFO - [2024-11-17T09:15:51.801+0000] {dagbag.py:588} INFO - Filling up the DagBag from /home/airflow/.local/lib/python3.12/site-packages/airflow/example_dags/example_nested_branch_dag.py
[2024-11-17T09:15:51.853+0000] {processor.py:925} INFO - DAG(s) 'example_nested_branch_dag' retrieved from /home/airflow/.local/lib/python3.12/site-packages/airflow/example_dags/example_nested_branch_dag.py
[2024-11-17T09:15:51.956+0000] {logging_mixin.py:190} INFO - [2024-11-17T09:15:51.956+0000] {dag.py:3239} INFO - Sync 1 DAGs
[2024-11-17T09:15:52.123+0000] {logging_mixin.py:190} INFO - [2024-11-17T09:15:52.122+0000] {dag.py:4180} INFO - Setting next_dagrun for example_nested_branch_dag to 2024-11-16 00:00:00+00:00, run_after=2024-11-17 00:00:00+00:00
[2024-11-17T09:15:52.187+0000] {processor.py:208} INFO - Processing /home/airflow/.local/lib/python3.12/site-packages/airflow/example_dags/example_nested_branch_dag.py took 0.427 seconds
[2024-11-17T09:16:22.416+0000] {processor.py:186} INFO - Started process (PID=2404) to work on /home/airflow/.local/lib/python3.12/site-packages/airflow/example_dags/example_nested_branch_dag.py
[2024-11-17T09:16:22.419+0000] {processor.py:914} INFO - Processing file /home/airflow/.local/lib/python3.12/site-packages/airflow/example_dags/example_nested_branch_dag.py for tasks to queue
[2024-11-17T09:16:22.425+0000] {logging_mixin.py:190} INFO - [2024-11-17T09:16:22.424+0000] {dagbag.py:588} INFO - Filling up the DagBag from /home/airflow/.local/lib/python3.12/site-packages/airflow/example_dags/example_nested_branch_dag.py
[2024-11-17T09:16:22.457+0000] {processor.py:925} INFO - DAG(s) 'example_nested_branch_dag' retrieved from /home/airflow/.local/lib/python3.12/site-packages/airflow/example_dags/example_nested_branch_dag.py
[2024-11-17T09:16:22.522+0000] {logging_mixin.py:190} INFO - [2024-11-17T09:16:22.521+0000] {dag.py:3239} INFO - Sync 1 DAGs
[2024-11-17T09:16:22.599+0000] {logging_mixin.py:190} INFO - [2024-11-17T09:16:22.599+0000] {dag.py:4180} INFO - Setting next_dagrun for example_nested_branch_dag to 2024-11-16 00:00:00+00:00, run_after=2024-11-17 00:00:00+00:00
[2024-11-17T09:16:22.657+0000] {processor.py:208} INFO - Processing /home/airflow/.local/lib/python3.12/site-packages/airflow/example_dags/example_nested_branch_dag.py took 0.257 seconds
[2024-11-17T09:16:53.748+0000] {processor.py:186} INFO - Started process (PID=2470) to work on /home/airflow/.local/lib/python3.12/site-packages/airflow/example_dags/example_nested_branch_dag.py
[2024-11-17T09:16:53.751+0000] {processor.py:914} INFO - Processing file /home/airflow/.local/lib/python3.12/site-packages/airflow/example_dags/example_nested_branch_dag.py for tasks to queue
[2024-11-17T09:16:53.759+0000] {logging_mixin.py:190} INFO - [2024-11-17T09:16:53.757+0000] {dagbag.py:588} INFO - Filling up the DagBag from /home/airflow/.local/lib/python3.12/site-packages/airflow/example_dags/example_nested_branch_dag.py
[2024-11-17T09:16:53.791+0000] {processor.py:925} INFO - DAG(s) 'example_nested_branch_dag' retrieved from /home/airflow/.local/lib/python3.12/site-packages/airflow/example_dags/example_nested_branch_dag.py
[2024-11-17T09:16:53.847+0000] {logging_mixin.py:190} INFO - [2024-11-17T09:16:53.846+0000] {dag.py:3239} INFO - Sync 1 DAGs
[2024-11-17T09:16:53.914+0000] {logging_mixin.py:190} INFO - [2024-11-17T09:16:53.914+0000] {dag.py:4180} INFO - Setting next_dagrun for example_nested_branch_dag to 2024-11-16 00:00:00+00:00, run_after=2024-11-17 00:00:00+00:00
[2024-11-17T09:16:53.967+0000] {processor.py:208} INFO - Processing /home/airflow/.local/lib/python3.12/site-packages/airflow/example_dags/example_nested_branch_dag.py took 0.236 seconds
[2024-11-17T09:17:24.470+0000] {processor.py:186} INFO - Started process (PID=2536) to work on /home/airflow/.local/lib/python3.12/site-packages/airflow/example_dags/example_nested_branch_dag.py
[2024-11-17T09:17:24.474+0000] {processor.py:914} INFO - Processing file /home/airflow/.local/lib/python3.12/site-packages/airflow/example_dags/example_nested_branch_dag.py for tasks to queue
[2024-11-17T09:17:24.483+0000] {logging_mixin.py:190} INFO - [2024-11-17T09:17:24.482+0000] {dagbag.py:588} INFO - Filling up the DagBag from /home/airflow/.local/lib/python3.12/site-packages/airflow/example_dags/example_nested_branch_dag.py
[2024-11-17T09:17:24.531+0000] {processor.py:925} INFO - DAG(s) 'example_nested_branch_dag' retrieved from /home/airflow/.local/lib/python3.12/site-packages/airflow/example_dags/example_nested_branch_dag.py
[2024-11-17T09:17:24.605+0000] {logging_mixin.py:190} INFO - [2024-11-17T09:17:24.604+0000] {dag.py:3239} INFO - Sync 1 DAGs
[2024-11-17T09:17:24.714+0000] {logging_mixin.py:190} INFO - [2024-11-17T09:17:24.713+0000] {dag.py:4180} INFO - Setting next_dagrun for example_nested_branch_dag to 2024-11-16 00:00:00+00:00, run_after=2024-11-17 00:00:00+00:00
[2024-11-17T09:17:24.802+0000] {processor.py:208} INFO - Processing /home/airflow/.local/lib/python3.12/site-packages/airflow/example_dags/example_nested_branch_dag.py took 0.361 seconds
[2024-11-17T09:17:55.197+0000] {processor.py:186} INFO - Started process (PID=2602) to work on /home/airflow/.local/lib/python3.12/site-packages/airflow/example_dags/example_nested_branch_dag.py
[2024-11-17T09:17:55.199+0000] {processor.py:914} INFO - Processing file /home/airflow/.local/lib/python3.12/site-packages/airflow/example_dags/example_nested_branch_dag.py for tasks to queue
[2024-11-17T09:17:55.209+0000] {logging_mixin.py:190} INFO - [2024-11-17T09:17:55.208+0000] {dagbag.py:588} INFO - Filling up the DagBag from /home/airflow/.local/lib/python3.12/site-packages/airflow/example_dags/example_nested_branch_dag.py
[2024-11-17T09:17:55.255+0000] {processor.py:925} INFO - DAG(s) 'example_nested_branch_dag' retrieved from /home/airflow/.local/lib/python3.12/site-packages/airflow/example_dags/example_nested_branch_dag.py
[2024-11-17T09:17:55.325+0000] {logging_mixin.py:190} INFO - [2024-11-17T09:17:55.324+0000] {dag.py:3239} INFO - Sync 1 DAGs
[2024-11-17T09:17:55.400+0000] {logging_mixin.py:190} INFO - [2024-11-17T09:17:55.400+0000] {dag.py:4180} INFO - Setting next_dagrun for example_nested_branch_dag to 2024-11-16 00:00:00+00:00, run_after=2024-11-17 00:00:00+00:00
[2024-11-17T09:17:55.457+0000] {processor.py:208} INFO - Processing /home/airflow/.local/lib/python3.12/site-packages/airflow/example_dags/example_nested_branch_dag.py took 0.277 seconds
[2024-11-17T09:18:28.054+0000] {processor.py:186} INFO - Started process (PID=2668) to work on /home/airflow/.local/lib/python3.12/site-packages/airflow/example_dags/example_nested_branch_dag.py
[2024-11-17T09:18:28.059+0000] {processor.py:914} INFO - Processing file /home/airflow/.local/lib/python3.12/site-packages/airflow/example_dags/example_nested_branch_dag.py for tasks to queue
[2024-11-17T09:18:28.068+0000] {logging_mixin.py:190} INFO - [2024-11-17T09:18:28.067+0000] {dagbag.py:588} INFO - Filling up the DagBag from /home/airflow/.local/lib/python3.12/site-packages/airflow/example_dags/example_nested_branch_dag.py
[2024-11-17T09:18:28.123+0000] {processor.py:925} INFO - DAG(s) 'example_nested_branch_dag' retrieved from /home/airflow/.local/lib/python3.12/site-packages/airflow/example_dags/example_nested_branch_dag.py
[2024-11-17T09:18:28.213+0000] {logging_mixin.py:190} INFO - [2024-11-17T09:18:28.213+0000] {dag.py:3239} INFO - Sync 1 DAGs
[2024-11-17T09:18:28.312+0000] {logging_mixin.py:190} INFO - [2024-11-17T09:18:28.311+0000] {dag.py:4180} INFO - Setting next_dagrun for example_nested_branch_dag to 2024-11-16 00:00:00+00:00, run_after=2024-11-17 00:00:00+00:00
[2024-11-17T09:18:28.459+0000] {processor.py:208} INFO - Processing /home/airflow/.local/lib/python3.12/site-packages/airflow/example_dags/example_nested_branch_dag.py took 0.435 seconds
[2024-11-17T09:18:58.945+0000] {processor.py:186} INFO - Started process (PID=2734) to work on /home/airflow/.local/lib/python3.12/site-packages/airflow/example_dags/example_nested_branch_dag.py
[2024-11-17T09:18:58.947+0000] {processor.py:914} INFO - Processing file /home/airflow/.local/lib/python3.12/site-packages/airflow/example_dags/example_nested_branch_dag.py for tasks to queue
[2024-11-17T09:18:58.954+0000] {logging_mixin.py:190} INFO - [2024-11-17T09:18:58.953+0000] {dagbag.py:588} INFO - Filling up the DagBag from /home/airflow/.local/lib/python3.12/site-packages/airflow/example_dags/example_nested_branch_dag.py
[2024-11-17T09:18:58.989+0000] {processor.py:925} INFO - DAG(s) 'example_nested_branch_dag' retrieved from /home/airflow/.local/lib/python3.12/site-packages/airflow/example_dags/example_nested_branch_dag.py
[2024-11-17T09:18:59.049+0000] {logging_mixin.py:190} INFO - [2024-11-17T09:18:59.048+0000] {dag.py:3239} INFO - Sync 1 DAGs
[2024-11-17T09:18:59.114+0000] {logging_mixin.py:190} INFO - [2024-11-17T09:18:59.113+0000] {dag.py:4180} INFO - Setting next_dagrun for example_nested_branch_dag to 2024-11-16 00:00:00+00:00, run_after=2024-11-17 00:00:00+00:00
[2024-11-17T09:18:59.166+0000] {processor.py:208} INFO - Processing /home/airflow/.local/lib/python3.12/site-packages/airflow/example_dags/example_nested_branch_dag.py took 0.236 seconds
[2024-11-17T09:19:30.757+0000] {processor.py:186} INFO - Started process (PID=2800) to work on /home/airflow/.local/lib/python3.12/site-packages/airflow/example_dags/example_nested_branch_dag.py
[2024-11-17T09:19:30.760+0000] {processor.py:914} INFO - Processing file /home/airflow/.local/lib/python3.12/site-packages/airflow/example_dags/example_nested_branch_dag.py for tasks to queue
[2024-11-17T09:19:30.767+0000] {logging_mixin.py:190} INFO - [2024-11-17T09:19:30.766+0000] {dagbag.py:588} INFO - Filling up the DagBag from /home/airflow/.local/lib/python3.12/site-packages/airflow/example_dags/example_nested_branch_dag.py
[2024-11-17T09:19:30.798+0000] {processor.py:925} INFO - DAG(s) 'example_nested_branch_dag' retrieved from /home/airflow/.local/lib/python3.12/site-packages/airflow/example_dags/example_nested_branch_dag.py
[2024-11-17T09:19:30.856+0000] {logging_mixin.py:190} INFO - [2024-11-17T09:19:30.855+0000] {dag.py:3239} INFO - Sync 1 DAGs
[2024-11-17T09:19:30.928+0000] {logging_mixin.py:190} INFO - [2024-11-17T09:19:30.927+0000] {dag.py:4180} INFO - Setting next_dagrun for example_nested_branch_dag to 2024-11-16 00:00:00+00:00, run_after=2024-11-17 00:00:00+00:00
[2024-11-17T09:19:30.979+0000] {processor.py:208} INFO - Processing /home/airflow/.local/lib/python3.12/site-packages/airflow/example_dags/example_nested_branch_dag.py took 0.242 seconds
[2024-11-17T09:20:01.919+0000] {processor.py:186} INFO - Started process (PID=2866) to work on /home/airflow/.local/lib/python3.12/site-packages/airflow/example_dags/example_nested_branch_dag.py
[2024-11-17T09:20:01.922+0000] {processor.py:914} INFO - Processing file /home/airflow/.local/lib/python3.12/site-packages/airflow/example_dags/example_nested_branch_dag.py for tasks to queue
[2024-11-17T09:20:01.928+0000] {logging_mixin.py:190} INFO - [2024-11-17T09:20:01.927+0000] {dagbag.py:588} INFO - Filling up the DagBag from /home/airflow/.local/lib/python3.12/site-packages/airflow/example_dags/example_nested_branch_dag.py
[2024-11-17T09:20:01.960+0000] {processor.py:925} INFO - DAG(s) 'example_nested_branch_dag' retrieved from /home/airflow/.local/lib/python3.12/site-packages/airflow/example_dags/example_nested_branch_dag.py
[2024-11-17T09:20:02.023+0000] {logging_mixin.py:190} INFO - [2024-11-17T09:20:02.022+0000] {dag.py:3239} INFO - Sync 1 DAGs
[2024-11-17T09:20:02.100+0000] {logging_mixin.py:190} INFO - [2024-11-17T09:20:02.100+0000] {dag.py:4180} INFO - Setting next_dagrun for example_nested_branch_dag to 2024-11-16 00:00:00+00:00, run_after=2024-11-17 00:00:00+00:00
[2024-11-17T09:20:02.164+0000] {processor.py:208} INFO - Processing /home/airflow/.local/lib/python3.12/site-packages/airflow/example_dags/example_nested_branch_dag.py took 0.261 seconds
[2024-11-17T09:20:32.336+0000] {processor.py:186} INFO - Started process (PID=2931) to work on /home/airflow/.local/lib/python3.12/site-packages/airflow/example_dags/example_nested_branch_dag.py
[2024-11-17T09:20:32.338+0000] {processor.py:914} INFO - Processing file /home/airflow/.local/lib/python3.12/site-packages/airflow/example_dags/example_nested_branch_dag.py for tasks to queue
[2024-11-17T09:20:32.345+0000] {logging_mixin.py:190} INFO - [2024-11-17T09:20:32.344+0000] {dagbag.py:588} INFO - Filling up the DagBag from /home/airflow/.local/lib/python3.12/site-packages/airflow/example_dags/example_nested_branch_dag.py
[2024-11-17T09:20:32.381+0000] {processor.py:925} INFO - DAG(s) 'example_nested_branch_dag' retrieved from /home/airflow/.local/lib/python3.12/site-packages/airflow/example_dags/example_nested_branch_dag.py
[2024-11-17T09:20:32.450+0000] {logging_mixin.py:190} INFO - [2024-11-17T09:20:32.449+0000] {dag.py:3239} INFO - Sync 1 DAGs
[2024-11-17T09:20:32.515+0000] {logging_mixin.py:190} INFO - [2024-11-17T09:20:32.515+0000] {dag.py:4180} INFO - Setting next_dagrun for example_nested_branch_dag to 2024-11-16 00:00:00+00:00, run_after=2024-11-17 00:00:00+00:00
[2024-11-17T09:20:32.572+0000] {processor.py:208} INFO - Processing /home/airflow/.local/lib/python3.12/site-packages/airflow/example_dags/example_nested_branch_dag.py took 0.253 seconds
[2024-11-17T09:21:03.415+0000] {processor.py:186} INFO - Started process (PID=2997) to work on /home/airflow/.local/lib/python3.12/site-packages/airflow/example_dags/example_nested_branch_dag.py
[2024-11-17T09:21:03.417+0000] {processor.py:914} INFO - Processing file /home/airflow/.local/lib/python3.12/site-packages/airflow/example_dags/example_nested_branch_dag.py for tasks to queue
[2024-11-17T09:21:03.424+0000] {logging_mixin.py:190} INFO - [2024-11-17T09:21:03.423+0000] {dagbag.py:588} INFO - Filling up the DagBag from /home/airflow/.local/lib/python3.12/site-packages/airflow/example_dags/example_nested_branch_dag.py
[2024-11-17T09:21:03.460+0000] {processor.py:925} INFO - DAG(s) 'example_nested_branch_dag' retrieved from /home/airflow/.local/lib/python3.12/site-packages/airflow/example_dags/example_nested_branch_dag.py
[2024-11-17T09:21:03.518+0000] {logging_mixin.py:190} INFO - [2024-11-17T09:21:03.517+0000] {dag.py:3239} INFO - Sync 1 DAGs
[2024-11-17T09:21:03.586+0000] {logging_mixin.py:190} INFO - [2024-11-17T09:21:03.585+0000] {dag.py:4180} INFO - Setting next_dagrun for example_nested_branch_dag to 2024-11-16 00:00:00+00:00, run_after=2024-11-17 00:00:00+00:00
[2024-11-17T09:21:03.636+0000] {processor.py:208} INFO - Processing /home/airflow/.local/lib/python3.12/site-packages/airflow/example_dags/example_nested_branch_dag.py took 0.237 seconds
[2024-11-17T09:21:34.541+0000] {processor.py:186} INFO - Started process (PID=3063) to work on /home/airflow/.local/lib/python3.12/site-packages/airflow/example_dags/example_nested_branch_dag.py
[2024-11-17T09:21:34.544+0000] {processor.py:914} INFO - Processing file /home/airflow/.local/lib/python3.12/site-packages/airflow/example_dags/example_nested_branch_dag.py for tasks to queue
[2024-11-17T09:21:34.551+0000] {logging_mixin.py:190} INFO - [2024-11-17T09:21:34.550+0000] {dagbag.py:588} INFO - Filling up the DagBag from /home/airflow/.local/lib/python3.12/site-packages/airflow/example_dags/example_nested_branch_dag.py
[2024-11-17T09:21:34.585+0000] {processor.py:925} INFO - DAG(s) 'example_nested_branch_dag' retrieved from /home/airflow/.local/lib/python3.12/site-packages/airflow/example_dags/example_nested_branch_dag.py
[2024-11-17T09:21:34.651+0000] {logging_mixin.py:190} INFO - [2024-11-17T09:21:34.649+0000] {dag.py:3239} INFO - Sync 1 DAGs
[2024-11-17T09:21:34.742+0000] {logging_mixin.py:190} INFO - [2024-11-17T09:21:34.742+0000] {dag.py:4180} INFO - Setting next_dagrun for example_nested_branch_dag to 2024-11-16 00:00:00+00:00, run_after=2024-11-17 00:00:00+00:00
[2024-11-17T09:21:35.181+0000] {processor.py:208} INFO - Processing /home/airflow/.local/lib/python3.12/site-packages/airflow/example_dags/example_nested_branch_dag.py took 0.657 seconds
[2024-11-17T09:22:05.480+0000] {processor.py:186} INFO - Started process (PID=3129) to work on /home/airflow/.local/lib/python3.12/site-packages/airflow/example_dags/example_nested_branch_dag.py
[2024-11-17T09:22:05.483+0000] {processor.py:914} INFO - Processing file /home/airflow/.local/lib/python3.12/site-packages/airflow/example_dags/example_nested_branch_dag.py for tasks to queue
[2024-11-17T09:22:05.489+0000] {logging_mixin.py:190} INFO - [2024-11-17T09:22:05.488+0000] {dagbag.py:588} INFO - Filling up the DagBag from /home/airflow/.local/lib/python3.12/site-packages/airflow/example_dags/example_nested_branch_dag.py
[2024-11-17T09:22:05.522+0000] {processor.py:925} INFO - DAG(s) 'example_nested_branch_dag' retrieved from /home/airflow/.local/lib/python3.12/site-packages/airflow/example_dags/example_nested_branch_dag.py
[2024-11-17T09:22:05.581+0000] {logging_mixin.py:190} INFO - [2024-11-17T09:22:05.580+0000] {dag.py:3239} INFO - Sync 1 DAGs
[2024-11-17T09:22:05.651+0000] {logging_mixin.py:190} INFO - [2024-11-17T09:22:05.651+0000] {dag.py:4180} INFO - Setting next_dagrun for example_nested_branch_dag to 2024-11-16 00:00:00+00:00, run_after=2024-11-17 00:00:00+00:00
[2024-11-17T09:22:05.767+0000] {processor.py:208} INFO - Processing /home/airflow/.local/lib/python3.12/site-packages/airflow/example_dags/example_nested_branch_dag.py took 0.304 seconds
[2024-11-17T09:22:36.278+0000] {processor.py:186} INFO - Started process (PID=3195) to work on /home/airflow/.local/lib/python3.12/site-packages/airflow/example_dags/example_nested_branch_dag.py
[2024-11-17T09:22:36.281+0000] {processor.py:914} INFO - Processing file /home/airflow/.local/lib/python3.12/site-packages/airflow/example_dags/example_nested_branch_dag.py for tasks to queue
[2024-11-17T09:22:36.289+0000] {logging_mixin.py:190} INFO - [2024-11-17T09:22:36.289+0000] {dagbag.py:588} INFO - Filling up the DagBag from /home/airflow/.local/lib/python3.12/site-packages/airflow/example_dags/example_nested_branch_dag.py
[2024-11-17T09:22:36.333+0000] {processor.py:925} INFO - DAG(s) 'example_nested_branch_dag' retrieved from /home/airflow/.local/lib/python3.12/site-packages/airflow/example_dags/example_nested_branch_dag.py
[2024-11-17T09:22:36.398+0000] {logging_mixin.py:190} INFO - [2024-11-17T09:22:36.398+0000] {dag.py:3239} INFO - Sync 1 DAGs
[2024-11-17T09:22:36.484+0000] {logging_mixin.py:190} INFO - [2024-11-17T09:22:36.483+0000] {dag.py:4180} INFO - Setting next_dagrun for example_nested_branch_dag to 2024-11-16 00:00:00+00:00, run_after=2024-11-17 00:00:00+00:00
[2024-11-17T09:22:36.545+0000] {processor.py:208} INFO - Processing /home/airflow/.local/lib/python3.12/site-packages/airflow/example_dags/example_nested_branch_dag.py took 0.287 seconds
[2024-11-17T09:23:08.300+0000] {processor.py:186} INFO - Started process (PID=3261) to work on /home/airflow/.local/lib/python3.12/site-packages/airflow/example_dags/example_nested_branch_dag.py
[2024-11-17T09:23:08.303+0000] {processor.py:914} INFO - Processing file /home/airflow/.local/lib/python3.12/site-packages/airflow/example_dags/example_nested_branch_dag.py for tasks to queue
[2024-11-17T09:23:08.311+0000] {logging_mixin.py:190} INFO - [2024-11-17T09:23:08.310+0000] {dagbag.py:588} INFO - Filling up the DagBag from /home/airflow/.local/lib/python3.12/site-packages/airflow/example_dags/example_nested_branch_dag.py
[2024-11-17T09:23:08.772+0000] {processor.py:925} INFO - DAG(s) 'example_nested_branch_dag' retrieved from /home/airflow/.local/lib/python3.12/site-packages/airflow/example_dags/example_nested_branch_dag.py
[2024-11-17T09:23:08.821+0000] {logging_mixin.py:190} INFO - [2024-11-17T09:23:08.820+0000] {dag.py:3239} INFO - Sync 1 DAGs
[2024-11-17T09:23:08.880+0000] {logging_mixin.py:190} INFO - [2024-11-17T09:23:08.880+0000] {dag.py:4180} INFO - Setting next_dagrun for example_nested_branch_dag to 2024-11-16 00:00:00+00:00, run_after=2024-11-17 00:00:00+00:00
[2024-11-17T09:23:08.932+0000] {processor.py:208} INFO - Processing /home/airflow/.local/lib/python3.12/site-packages/airflow/example_dags/example_nested_branch_dag.py took 0.652 seconds
[2024-11-17T09:23:39.146+0000] {processor.py:186} INFO - Started process (PID=3327) to work on /home/airflow/.local/lib/python3.12/site-packages/airflow/example_dags/example_nested_branch_dag.py
[2024-11-17T09:23:39.150+0000] {processor.py:914} INFO - Processing file /home/airflow/.local/lib/python3.12/site-packages/airflow/example_dags/example_nested_branch_dag.py for tasks to queue
[2024-11-17T09:23:39.159+0000] {logging_mixin.py:190} INFO - [2024-11-17T09:23:39.157+0000] {dagbag.py:588} INFO - Filling up the DagBag from /home/airflow/.local/lib/python3.12/site-packages/airflow/example_dags/example_nested_branch_dag.py
[2024-11-17T09:23:39.236+0000] {processor.py:925} INFO - DAG(s) 'example_nested_branch_dag' retrieved from /home/airflow/.local/lib/python3.12/site-packages/airflow/example_dags/example_nested_branch_dag.py
[2024-11-17T09:23:39.432+0000] {logging_mixin.py:190} INFO - [2024-11-17T09:23:39.431+0000] {dag.py:3239} INFO - Sync 1 DAGs
[2024-11-17T09:23:39.599+0000] {logging_mixin.py:190} INFO - [2024-11-17T09:23:39.598+0000] {dag.py:4180} INFO - Setting next_dagrun for example_nested_branch_dag to 2024-11-16 00:00:00+00:00, run_after=2024-11-17 00:00:00+00:00
[2024-11-17T09:23:39.674+0000] {processor.py:208} INFO - Processing /home/airflow/.local/lib/python3.12/site-packages/airflow/example_dags/example_nested_branch_dag.py took 0.547 seconds
[2024-11-17T09:24:10.076+0000] {processor.py:186} INFO - Started process (PID=3392) to work on /home/airflow/.local/lib/python3.12/site-packages/airflow/example_dags/example_nested_branch_dag.py
[2024-11-17T09:24:10.079+0000] {processor.py:914} INFO - Processing file /home/airflow/.local/lib/python3.12/site-packages/airflow/example_dags/example_nested_branch_dag.py for tasks to queue
[2024-11-17T09:24:10.088+0000] {logging_mixin.py:190} INFO - [2024-11-17T09:24:10.087+0000] {dagbag.py:588} INFO - Filling up the DagBag from /home/airflow/.local/lib/python3.12/site-packages/airflow/example_dags/example_nested_branch_dag.py
[2024-11-17T09:24:10.122+0000] {processor.py:925} INFO - DAG(s) 'example_nested_branch_dag' retrieved from /home/airflow/.local/lib/python3.12/site-packages/airflow/example_dags/example_nested_branch_dag.py
[2024-11-17T09:24:10.184+0000] {logging_mixin.py:190} INFO - [2024-11-17T09:24:10.184+0000] {dag.py:3239} INFO - Sync 1 DAGs
[2024-11-17T09:24:10.257+0000] {logging_mixin.py:190} INFO - [2024-11-17T09:24:10.256+0000] {dag.py:4180} INFO - Setting next_dagrun for example_nested_branch_dag to 2024-11-16 00:00:00+00:00, run_after=2024-11-17 00:00:00+00:00
[2024-11-17T09:24:10.310+0000] {processor.py:208} INFO - Processing /home/airflow/.local/lib/python3.12/site-packages/airflow/example_dags/example_nested_branch_dag.py took 0.251 seconds
[2024-11-17T09:24:40.915+0000] {processor.py:186} INFO - Started process (PID=3458) to work on /home/airflow/.local/lib/python3.12/site-packages/airflow/example_dags/example_nested_branch_dag.py
[2024-11-17T09:24:40.918+0000] {processor.py:914} INFO - Processing file /home/airflow/.local/lib/python3.12/site-packages/airflow/example_dags/example_nested_branch_dag.py for tasks to queue
[2024-11-17T09:24:40.926+0000] {logging_mixin.py:190} INFO - [2024-11-17T09:24:40.924+0000] {dagbag.py:588} INFO - Filling up the DagBag from /home/airflow/.local/lib/python3.12/site-packages/airflow/example_dags/example_nested_branch_dag.py
[2024-11-17T09:24:40.972+0000] {processor.py:925} INFO - DAG(s) 'example_nested_branch_dag' retrieved from /home/airflow/.local/lib/python3.12/site-packages/airflow/example_dags/example_nested_branch_dag.py
[2024-11-17T09:24:41.029+0000] {logging_mixin.py:190} INFO - [2024-11-17T09:24:41.029+0000] {dag.py:3239} INFO - Sync 1 DAGs
[2024-11-17T09:24:41.095+0000] {logging_mixin.py:190} INFO - [2024-11-17T09:24:41.095+0000] {dag.py:4180} INFO - Setting next_dagrun for example_nested_branch_dag to 2024-11-16 00:00:00+00:00, run_after=2024-11-17 00:00:00+00:00
[2024-11-17T09:24:41.153+0000] {processor.py:208} INFO - Processing /home/airflow/.local/lib/python3.12/site-packages/airflow/example_dags/example_nested_branch_dag.py took 0.261 seconds
[2024-11-17T09:25:11.376+0000] {processor.py:186} INFO - Started process (PID=3523) to work on /home/airflow/.local/lib/python3.12/site-packages/airflow/example_dags/example_nested_branch_dag.py
[2024-11-17T09:25:11.380+0000] {processor.py:914} INFO - Processing file /home/airflow/.local/lib/python3.12/site-packages/airflow/example_dags/example_nested_branch_dag.py for tasks to queue
[2024-11-17T09:25:11.387+0000] {logging_mixin.py:190} INFO - [2024-11-17T09:25:11.386+0000] {dagbag.py:588} INFO - Filling up the DagBag from /home/airflow/.local/lib/python3.12/site-packages/airflow/example_dags/example_nested_branch_dag.py
[2024-11-17T09:25:11.429+0000] {processor.py:925} INFO - DAG(s) 'example_nested_branch_dag' retrieved from /home/airflow/.local/lib/python3.12/site-packages/airflow/example_dags/example_nested_branch_dag.py
[2024-11-17T09:25:11.497+0000] {logging_mixin.py:190} INFO - [2024-11-17T09:25:11.496+0000] {dag.py:3239} INFO - Sync 1 DAGs
[2024-11-17T09:25:11.577+0000] {logging_mixin.py:190} INFO - [2024-11-17T09:25:11.576+0000] {dag.py:4180} INFO - Setting next_dagrun for example_nested_branch_dag to 2024-11-16 00:00:00+00:00, run_after=2024-11-17 00:00:00+00:00
[2024-11-17T09:25:11.641+0000] {processor.py:208} INFO - Processing /home/airflow/.local/lib/python3.12/site-packages/airflow/example_dags/example_nested_branch_dag.py took 0.284 seconds
[2024-11-17T09:25:41.896+0000] {processor.py:186} INFO - Started process (PID=3590) to work on /home/airflow/.local/lib/python3.12/site-packages/airflow/example_dags/example_nested_branch_dag.py
[2024-11-17T09:25:41.899+0000] {processor.py:914} INFO - Processing file /home/airflow/.local/lib/python3.12/site-packages/airflow/example_dags/example_nested_branch_dag.py for tasks to queue
[2024-11-17T09:25:41.907+0000] {logging_mixin.py:190} INFO - [2024-11-17T09:25:41.906+0000] {dagbag.py:588} INFO - Filling up the DagBag from /home/airflow/.local/lib/python3.12/site-packages/airflow/example_dags/example_nested_branch_dag.py
[2024-11-17T09:25:41.956+0000] {processor.py:925} INFO - DAG(s) 'example_nested_branch_dag' retrieved from /home/airflow/.local/lib/python3.12/site-packages/airflow/example_dags/example_nested_branch_dag.py
[2024-11-17T09:25:42.023+0000] {logging_mixin.py:190} INFO - [2024-11-17T09:25:42.022+0000] {dag.py:3239} INFO - Sync 1 DAGs
[2024-11-17T09:25:42.093+0000] {logging_mixin.py:190} INFO - [2024-11-17T09:25:42.092+0000] {dag.py:4180} INFO - Setting next_dagrun for example_nested_branch_dag to 2024-11-16 00:00:00+00:00, run_after=2024-11-17 00:00:00+00:00
[2024-11-17T09:25:42.143+0000] {processor.py:208} INFO - Processing /home/airflow/.local/lib/python3.12/site-packages/airflow/example_dags/example_nested_branch_dag.py took 0.266 seconds
[2024-11-17T09:26:12.786+0000] {processor.py:186} INFO - Started process (PID=3656) to work on /home/airflow/.local/lib/python3.12/site-packages/airflow/example_dags/example_nested_branch_dag.py
[2024-11-17T09:26:12.790+0000] {processor.py:914} INFO - Processing file /home/airflow/.local/lib/python3.12/site-packages/airflow/example_dags/example_nested_branch_dag.py for tasks to queue
[2024-11-17T09:26:12.798+0000] {logging_mixin.py:190} INFO - [2024-11-17T09:26:12.797+0000] {dagbag.py:588} INFO - Filling up the DagBag from /home/airflow/.local/lib/python3.12/site-packages/airflow/example_dags/example_nested_branch_dag.py
[2024-11-17T09:26:12.837+0000] {processor.py:925} INFO - DAG(s) 'example_nested_branch_dag' retrieved from /home/airflow/.local/lib/python3.12/site-packages/airflow/example_dags/example_nested_branch_dag.py
[2024-11-17T09:26:12.899+0000] {logging_mixin.py:190} INFO - [2024-11-17T09:26:12.898+0000] {dag.py:3239} INFO - Sync 1 DAGs
[2024-11-17T09:26:12.980+0000] {logging_mixin.py:190} INFO - [2024-11-17T09:26:12.979+0000] {dag.py:4180} INFO - Setting next_dagrun for example_nested_branch_dag to 2024-11-16 00:00:00+00:00, run_after=2024-11-17 00:00:00+00:00
[2024-11-17T09:26:13.066+0000] {processor.py:208} INFO - Processing /home/airflow/.local/lib/python3.12/site-packages/airflow/example_dags/example_nested_branch_dag.py took 0.299 seconds
[2024-11-17T09:26:43.847+0000] {processor.py:186} INFO - Started process (PID=3722) to work on /home/airflow/.local/lib/python3.12/site-packages/airflow/example_dags/example_nested_branch_dag.py
[2024-11-17T09:26:43.851+0000] {processor.py:914} INFO - Processing file /home/airflow/.local/lib/python3.12/site-packages/airflow/example_dags/example_nested_branch_dag.py for tasks to queue
[2024-11-17T09:26:43.896+0000] {logging_mixin.py:190} INFO - [2024-11-17T09:26:43.895+0000] {dagbag.py:588} INFO - Filling up the DagBag from /home/airflow/.local/lib/python3.12/site-packages/airflow/example_dags/example_nested_branch_dag.py
[2024-11-17T09:26:44.004+0000] {processor.py:925} INFO - DAG(s) 'example_nested_branch_dag' retrieved from /home/airflow/.local/lib/python3.12/site-packages/airflow/example_dags/example_nested_branch_dag.py
[2024-11-17T09:26:44.089+0000] {logging_mixin.py:190} INFO - [2024-11-17T09:26:44.089+0000] {dag.py:3239} INFO - Sync 1 DAGs
[2024-11-17T09:26:44.187+0000] {logging_mixin.py:190} INFO - [2024-11-17T09:26:44.186+0000] {dag.py:4180} INFO - Setting next_dagrun for example_nested_branch_dag to 2024-11-16 00:00:00+00:00, run_after=2024-11-17 00:00:00+00:00
[2024-11-17T09:26:44.276+0000] {processor.py:208} INFO - Processing /home/airflow/.local/lib/python3.12/site-packages/airflow/example_dags/example_nested_branch_dag.py took 0.471 seconds
[2024-11-17T09:27:15.503+0000] {processor.py:186} INFO - Started process (PID=3794) to work on /home/airflow/.local/lib/python3.12/site-packages/airflow/example_dags/example_nested_branch_dag.py
[2024-11-17T09:27:15.505+0000] {processor.py:914} INFO - Processing file /home/airflow/.local/lib/python3.12/site-packages/airflow/example_dags/example_nested_branch_dag.py for tasks to queue
[2024-11-17T09:27:15.512+0000] {logging_mixin.py:190} INFO - [2024-11-17T09:27:15.511+0000] {dagbag.py:588} INFO - Filling up the DagBag from /home/airflow/.local/lib/python3.12/site-packages/airflow/example_dags/example_nested_branch_dag.py
[2024-11-17T09:27:15.549+0000] {processor.py:925} INFO - DAG(s) 'example_nested_branch_dag' retrieved from /home/airflow/.local/lib/python3.12/site-packages/airflow/example_dags/example_nested_branch_dag.py
[2024-11-17T09:27:15.607+0000] {logging_mixin.py:190} INFO - [2024-11-17T09:27:15.607+0000] {dag.py:3239} INFO - Sync 1 DAGs
[2024-11-17T09:27:15.676+0000] {logging_mixin.py:190} INFO - [2024-11-17T09:27:15.676+0000] {dag.py:4180} INFO - Setting next_dagrun for example_nested_branch_dag to 2024-11-16 00:00:00+00:00, run_after=2024-11-17 00:00:00+00:00
[2024-11-17T09:27:15.745+0000] {processor.py:208} INFO - Processing /home/airflow/.local/lib/python3.12/site-packages/airflow/example_dags/example_nested_branch_dag.py took 0.260 seconds
[2024-11-17T09:27:45.947+0000] {processor.py:186} INFO - Started process (PID=3860) to work on /home/airflow/.local/lib/python3.12/site-packages/airflow/example_dags/example_nested_branch_dag.py
[2024-11-17T09:27:45.950+0000] {processor.py:914} INFO - Processing file /home/airflow/.local/lib/python3.12/site-packages/airflow/example_dags/example_nested_branch_dag.py for tasks to queue
[2024-11-17T09:27:45.957+0000] {logging_mixin.py:190} INFO - [2024-11-17T09:27:45.956+0000] {dagbag.py:588} INFO - Filling up the DagBag from /home/airflow/.local/lib/python3.12/site-packages/airflow/example_dags/example_nested_branch_dag.py
[2024-11-17T09:27:45.994+0000] {processor.py:925} INFO - DAG(s) 'example_nested_branch_dag' retrieved from /home/airflow/.local/lib/python3.12/site-packages/airflow/example_dags/example_nested_branch_dag.py
[2024-11-17T09:27:46.053+0000] {logging_mixin.py:190} INFO - [2024-11-17T09:27:46.052+0000] {dag.py:3239} INFO - Sync 1 DAGs
[2024-11-17T09:27:46.152+0000] {logging_mixin.py:190} INFO - [2024-11-17T09:27:46.151+0000] {dag.py:4180} INFO - Setting next_dagrun for example_nested_branch_dag to 2024-11-16 00:00:00+00:00, run_after=2024-11-17 00:00:00+00:00
[2024-11-17T09:27:46.215+0000] {processor.py:208} INFO - Processing /home/airflow/.local/lib/python3.12/site-packages/airflow/example_dags/example_nested_branch_dag.py took 0.290 seconds
