[2024-11-17T08:58:01.752+0000] {processor.py:186} INFO - Started process (PID=98) to work on /home/airflow/.local/lib/python3.12/site-packages/airflow/example_dags/example_complex.py
[2024-11-17T08:58:01.755+0000] {processor.py:914} INFO - Processing file /home/airflow/.local/lib/python3.12/site-packages/airflow/example_dags/example_complex.py for tasks to queue
[2024-11-17T08:58:01.765+0000] {logging_mixin.py:190} INFO - [2024-11-17T08:58:01.763+0000] {dagbag.py:588} INFO - Filling up the DagBag from /home/airflow/.local/lib/python3.12/site-packages/airflow/example_dags/example_complex.py
[2024-11-17T08:58:01.828+0000] {processor.py:925} INFO - DAG(s) 'example_complex' retrieved from /home/airflow/.local/lib/python3.12/site-packages/airflow/example_dags/example_complex.py
[2024-11-17T08:58:02.329+0000] {logging_mixin.py:190} INFO - [2024-11-17T08:58:02.328+0000] {override.py:1911} INFO - Created Permission View: can delete on DAG:example_complex
[2024-11-17T08:58:02.360+0000] {logging_mixin.py:190} INFO - [2024-11-17T08:58:02.360+0000] {override.py:1911} INFO - Created Permission View: can edit on DAG:example_complex
[2024-11-17T08:58:02.383+0000] {logging_mixin.py:190} INFO - [2024-11-17T08:58:02.382+0000] {override.py:1911} INFO - Created Permission View: can read on DAG:example_complex
[2024-11-17T08:58:02.406+0000] {logging_mixin.py:190} INFO - [2024-11-17T08:58:02.405+0000] {override.py:1911} INFO - Created Permission View: can delete on DAG Run:example_complex
[2024-11-17T08:58:02.432+0000] {logging_mixin.py:190} INFO - [2024-11-17T08:58:02.431+0000] {override.py:1911} INFO - Created Permission View: menu access on DAG Run:example_complex
[2024-11-17T08:58:02.456+0000] {logging_mixin.py:190} INFO - [2024-11-17T08:58:02.455+0000] {override.py:1911} INFO - Created Permission View: can create on DAG Run:example_complex
[2024-11-17T08:58:02.476+0000] {logging_mixin.py:190} INFO - [2024-11-17T08:58:02.476+0000] {override.py:1911} INFO - Created Permission View: can read on DAG Run:example_complex
[2024-11-17T08:58:02.478+0000] {logging_mixin.py:190} INFO - [2024-11-17T08:58:02.478+0000] {dag.py:3239} INFO - Sync 1 DAGs
[2024-11-17T08:58:02.519+0000] {logging_mixin.py:190} INFO - [2024-11-17T08:58:02.519+0000] {dag.py:3262} INFO - Creating ORM DAG for example_complex
[2024-11-17T08:58:02.522+0000] {logging_mixin.py:190} INFO - [2024-11-17T08:58:02.521+0000] {dag.py:4180} INFO - Setting next_dagrun for example_complex to None, run_after=None
[2024-11-17T08:58:02.576+0000] {processor.py:208} INFO - Processing /home/airflow/.local/lib/python3.12/site-packages/airflow/example_dags/example_complex.py took 0.841 seconds
[2024-11-17T08:58:32.760+0000] {processor.py:186} INFO - Started process (PID=165) to work on /home/airflow/.local/lib/python3.12/site-packages/airflow/example_dags/example_complex.py
[2024-11-17T08:58:32.764+0000] {processor.py:914} INFO - Processing file /home/airflow/.local/lib/python3.12/site-packages/airflow/example_dags/example_complex.py for tasks to queue
[2024-11-17T08:58:32.772+0000] {logging_mixin.py:190} INFO - [2024-11-17T08:58:32.771+0000] {dagbag.py:588} INFO - Filling up the DagBag from /home/airflow/.local/lib/python3.12/site-packages/airflow/example_dags/example_complex.py
[2024-11-17T08:58:32.819+0000] {processor.py:925} INFO - DAG(s) 'example_complex' retrieved from /home/airflow/.local/lib/python3.12/site-packages/airflow/example_dags/example_complex.py
[2024-11-17T08:58:32.977+0000] {logging_mixin.py:190} INFO - [2024-11-17T08:58:32.976+0000] {dag.py:3239} INFO - Sync 1 DAGs
[2024-11-17T08:58:33.034+0000] {logging_mixin.py:190} INFO - [2024-11-17T08:58:33.033+0000] {dag.py:4180} INFO - Setting next_dagrun for example_complex to None, run_after=None
[2024-11-17T08:58:33.087+0000] {processor.py:208} INFO - Processing /home/airflow/.local/lib/python3.12/site-packages/airflow/example_dags/example_complex.py took 0.350 seconds
[2024-11-17T08:59:03.306+0000] {processor.py:186} INFO - Started process (PID=230) to work on /home/airflow/.local/lib/python3.12/site-packages/airflow/example_dags/example_complex.py
[2024-11-17T08:59:03.309+0000] {processor.py:914} INFO - Processing file /home/airflow/.local/lib/python3.12/site-packages/airflow/example_dags/example_complex.py for tasks to queue
[2024-11-17T08:59:03.316+0000] {logging_mixin.py:190} INFO - [2024-11-17T08:59:03.315+0000] {dagbag.py:588} INFO - Filling up the DagBag from /home/airflow/.local/lib/python3.12/site-packages/airflow/example_dags/example_complex.py
[2024-11-17T08:59:03.356+0000] {processor.py:925} INFO - DAG(s) 'example_complex' retrieved from /home/airflow/.local/lib/python3.12/site-packages/airflow/example_dags/example_complex.py
[2024-11-17T08:59:03.472+0000] {logging_mixin.py:190} INFO - [2024-11-17T08:59:03.471+0000] {dag.py:3239} INFO - Sync 1 DAGs
[2024-11-17T08:59:03.518+0000] {logging_mixin.py:190} INFO - [2024-11-17T08:59:03.518+0000] {dag.py:4180} INFO - Setting next_dagrun for example_complex to None, run_after=None
[2024-11-17T08:59:03.577+0000] {processor.py:208} INFO - Processing /home/airflow/.local/lib/python3.12/site-packages/airflow/example_dags/example_complex.py took 0.288 seconds
[2024-11-17T08:59:36.177+0000] {processor.py:186} INFO - Started process (PID=296) to work on /home/airflow/.local/lib/python3.12/site-packages/airflow/example_dags/example_complex.py
[2024-11-17T08:59:36.180+0000] {processor.py:914} INFO - Processing file /home/airflow/.local/lib/python3.12/site-packages/airflow/example_dags/example_complex.py for tasks to queue
[2024-11-17T08:59:36.186+0000] {logging_mixin.py:190} INFO - [2024-11-17T08:59:36.185+0000] {dagbag.py:588} INFO - Filling up the DagBag from /home/airflow/.local/lib/python3.12/site-packages/airflow/example_dags/example_complex.py
[2024-11-17T08:59:36.221+0000] {processor.py:925} INFO - DAG(s) 'example_complex' retrieved from /home/airflow/.local/lib/python3.12/site-packages/airflow/example_dags/example_complex.py
[2024-11-17T08:59:36.315+0000] {logging_mixin.py:190} INFO - [2024-11-17T08:59:36.314+0000] {dag.py:3239} INFO - Sync 1 DAGs
[2024-11-17T08:59:36.354+0000] {logging_mixin.py:190} INFO - [2024-11-17T08:59:36.353+0000] {dag.py:4180} INFO - Setting next_dagrun for example_complex to None, run_after=None
[2024-11-17T08:59:36.408+0000] {processor.py:208} INFO - Processing /home/airflow/.local/lib/python3.12/site-packages/airflow/example_dags/example_complex.py took 0.247 seconds
[2024-11-17T09:00:07.181+0000] {processor.py:186} INFO - Started process (PID=362) to work on /home/airflow/.local/lib/python3.12/site-packages/airflow/example_dags/example_complex.py
[2024-11-17T09:00:07.185+0000] {processor.py:914} INFO - Processing file /home/airflow/.local/lib/python3.12/site-packages/airflow/example_dags/example_complex.py for tasks to queue
[2024-11-17T09:00:07.191+0000] {logging_mixin.py:190} INFO - [2024-11-17T09:00:07.191+0000] {dagbag.py:588} INFO - Filling up the DagBag from /home/airflow/.local/lib/python3.12/site-packages/airflow/example_dags/example_complex.py
[2024-11-17T09:00:07.250+0000] {processor.py:925} INFO - DAG(s) 'example_complex' retrieved from /home/airflow/.local/lib/python3.12/site-packages/airflow/example_dags/example_complex.py
[2024-11-17T09:00:07.383+0000] {logging_mixin.py:190} INFO - [2024-11-17T09:00:07.383+0000] {dag.py:3239} INFO - Sync 1 DAGs
[2024-11-17T09:00:07.424+0000] {logging_mixin.py:190} INFO - [2024-11-17T09:00:07.424+0000] {dag.py:4180} INFO - Setting next_dagrun for example_complex to None, run_after=None
[2024-11-17T09:00:07.476+0000] {processor.py:208} INFO - Processing /home/airflow/.local/lib/python3.12/site-packages/airflow/example_dags/example_complex.py took 0.320 seconds
[2024-11-17T09:00:44.508+0000] {processor.py:186} INFO - Started process (PID=435) to work on /home/airflow/.local/lib/python3.12/site-packages/airflow/example_dags/example_complex.py
[2024-11-17T09:00:44.512+0000] {processor.py:914} INFO - Processing file /home/airflow/.local/lib/python3.12/site-packages/airflow/example_dags/example_complex.py for tasks to queue
[2024-11-17T09:00:44.522+0000] {logging_mixin.py:190} INFO - [2024-11-17T09:00:44.520+0000] {dagbag.py:588} INFO - Filling up the DagBag from /home/airflow/.local/lib/python3.12/site-packages/airflow/example_dags/example_complex.py
[2024-11-17T09:00:44.577+0000] {processor.py:925} INFO - DAG(s) 'example_complex' retrieved from /home/airflow/.local/lib/python3.12/site-packages/airflow/example_dags/example_complex.py
[2024-11-17T09:00:44.792+0000] {logging_mixin.py:190} INFO - [2024-11-17T09:00:44.791+0000] {dag.py:3239} INFO - Sync 1 DAGs
[2024-11-17T09:00:44.879+0000] {logging_mixin.py:190} INFO - [2024-11-17T09:00:44.878+0000] {dag.py:4180} INFO - Setting next_dagrun for example_complex to None, run_after=None
[2024-11-17T09:00:44.968+0000] {processor.py:208} INFO - Processing /home/airflow/.local/lib/python3.12/site-packages/airflow/example_dags/example_complex.py took 0.485 seconds
[2024-11-17T09:01:15.235+0000] {processor.py:186} INFO - Started process (PID=500) to work on /home/airflow/.local/lib/python3.12/site-packages/airflow/example_dags/example_complex.py
[2024-11-17T09:01:15.238+0000] {processor.py:914} INFO - Processing file /home/airflow/.local/lib/python3.12/site-packages/airflow/example_dags/example_complex.py for tasks to queue
[2024-11-17T09:01:15.248+0000] {logging_mixin.py:190} INFO - [2024-11-17T09:01:15.247+0000] {dagbag.py:588} INFO - Filling up the DagBag from /home/airflow/.local/lib/python3.12/site-packages/airflow/example_dags/example_complex.py
[2024-11-17T09:01:15.313+0000] {processor.py:925} INFO - DAG(s) 'example_complex' retrieved from /home/airflow/.local/lib/python3.12/site-packages/airflow/example_dags/example_complex.py
[2024-11-17T09:01:15.441+0000] {logging_mixin.py:190} INFO - [2024-11-17T09:01:15.441+0000] {dag.py:3239} INFO - Sync 1 DAGs
[2024-11-17T09:01:15.501+0000] {logging_mixin.py:190} INFO - [2024-11-17T09:01:15.500+0000] {dag.py:4180} INFO - Setting next_dagrun for example_complex to None, run_after=None
[2024-11-17T09:01:15.571+0000] {processor.py:208} INFO - Processing /home/airflow/.local/lib/python3.12/site-packages/airflow/example_dags/example_complex.py took 0.362 seconds
[2024-11-17T09:01:45.891+0000] {processor.py:186} INFO - Started process (PID=566) to work on /home/airflow/.local/lib/python3.12/site-packages/airflow/example_dags/example_complex.py
[2024-11-17T09:01:45.893+0000] {processor.py:914} INFO - Processing file /home/airflow/.local/lib/python3.12/site-packages/airflow/example_dags/example_complex.py for tasks to queue
[2024-11-17T09:01:45.900+0000] {logging_mixin.py:190} INFO - [2024-11-17T09:01:45.899+0000] {dagbag.py:588} INFO - Filling up the DagBag from /home/airflow/.local/lib/python3.12/site-packages/airflow/example_dags/example_complex.py
[2024-11-17T09:01:45.934+0000] {processor.py:925} INFO - DAG(s) 'example_complex' retrieved from /home/airflow/.local/lib/python3.12/site-packages/airflow/example_dags/example_complex.py
[2024-11-17T09:01:46.026+0000] {logging_mixin.py:190} INFO - [2024-11-17T09:01:46.025+0000] {dag.py:3239} INFO - Sync 1 DAGs
[2024-11-17T09:01:46.068+0000] {logging_mixin.py:190} INFO - [2024-11-17T09:01:46.067+0000] {dag.py:4180} INFO - Setting next_dagrun for example_complex to None, run_after=None
[2024-11-17T09:01:46.117+0000] {processor.py:208} INFO - Processing /home/airflow/.local/lib/python3.12/site-packages/airflow/example_dags/example_complex.py took 0.243 seconds
[2024-11-17T09:02:16.533+0000] {processor.py:186} INFO - Started process (PID=632) to work on /home/airflow/.local/lib/python3.12/site-packages/airflow/example_dags/example_complex.py
[2024-11-17T09:02:16.536+0000] {processor.py:914} INFO - Processing file /home/airflow/.local/lib/python3.12/site-packages/airflow/example_dags/example_complex.py for tasks to queue
[2024-11-17T09:02:16.545+0000] {logging_mixin.py:190} INFO - [2024-11-17T09:02:16.544+0000] {dagbag.py:588} INFO - Filling up the DagBag from /home/airflow/.local/lib/python3.12/site-packages/airflow/example_dags/example_complex.py
[2024-11-17T09:02:16.588+0000] {processor.py:925} INFO - DAG(s) 'example_complex' retrieved from /home/airflow/.local/lib/python3.12/site-packages/airflow/example_dags/example_complex.py
[2024-11-17T09:02:16.680+0000] {logging_mixin.py:190} INFO - [2024-11-17T09:02:16.679+0000] {dag.py:3239} INFO - Sync 1 DAGs
[2024-11-17T09:02:16.721+0000] {logging_mixin.py:190} INFO - [2024-11-17T09:02:16.720+0000] {dag.py:4180} INFO - Setting next_dagrun for example_complex to None, run_after=None
[2024-11-17T09:02:16.774+0000] {processor.py:208} INFO - Processing /home/airflow/.local/lib/python3.12/site-packages/airflow/example_dags/example_complex.py took 0.259 seconds
[2024-11-17T09:02:51.283+0000] {processor.py:186} INFO - Started process (PID=698) to work on /home/airflow/.local/lib/python3.12/site-packages/airflow/example_dags/example_complex.py
[2024-11-17T09:02:51.286+0000] {processor.py:914} INFO - Processing file /home/airflow/.local/lib/python3.12/site-packages/airflow/example_dags/example_complex.py for tasks to queue
[2024-11-17T09:02:51.295+0000] {logging_mixin.py:190} INFO - [2024-11-17T09:02:51.294+0000] {dagbag.py:588} INFO - Filling up the DagBag from /home/airflow/.local/lib/python3.12/site-packages/airflow/example_dags/example_complex.py
[2024-11-17T09:02:51.336+0000] {processor.py:925} INFO - DAG(s) 'example_complex' retrieved from /home/airflow/.local/lib/python3.12/site-packages/airflow/example_dags/example_complex.py
[2024-11-17T09:02:51.439+0000] {logging_mixin.py:190} INFO - [2024-11-17T09:02:51.438+0000] {dag.py:3239} INFO - Sync 1 DAGs
[2024-11-17T09:02:51.493+0000] {logging_mixin.py:190} INFO - [2024-11-17T09:02:51.493+0000] {dag.py:4180} INFO - Setting next_dagrun for example_complex to None, run_after=None
[2024-11-17T09:02:51.561+0000] {processor.py:208} INFO - Processing /home/airflow/.local/lib/python3.12/site-packages/airflow/example_dags/example_complex.py took 0.300 seconds
[2024-11-17T09:03:22.481+0000] {processor.py:186} INFO - Started process (PID=764) to work on /home/airflow/.local/lib/python3.12/site-packages/airflow/example_dags/example_complex.py
[2024-11-17T09:03:22.484+0000] {processor.py:914} INFO - Processing file /home/airflow/.local/lib/python3.12/site-packages/airflow/example_dags/example_complex.py for tasks to queue
[2024-11-17T09:03:22.491+0000] {logging_mixin.py:190} INFO - [2024-11-17T09:03:22.490+0000] {dagbag.py:588} INFO - Filling up the DagBag from /home/airflow/.local/lib/python3.12/site-packages/airflow/example_dags/example_complex.py
[2024-11-17T09:03:22.531+0000] {processor.py:925} INFO - DAG(s) 'example_complex' retrieved from /home/airflow/.local/lib/python3.12/site-packages/airflow/example_dags/example_complex.py
[2024-11-17T09:03:22.630+0000] {logging_mixin.py:190} INFO - [2024-11-17T09:03:22.630+0000] {dag.py:3239} INFO - Sync 1 DAGs
[2024-11-17T09:03:22.674+0000] {logging_mixin.py:190} INFO - [2024-11-17T09:03:22.673+0000] {dag.py:4180} INFO - Setting next_dagrun for example_complex to None, run_after=None
[2024-11-17T09:03:22.733+0000] {processor.py:208} INFO - Processing /home/airflow/.local/lib/python3.12/site-packages/airflow/example_dags/example_complex.py took 0.270 seconds
[2024-11-17T09:03:53.349+0000] {processor.py:186} INFO - Started process (PID=821) to work on /home/airflow/.local/lib/python3.12/site-packages/airflow/example_dags/example_complex.py
[2024-11-17T09:03:53.353+0000] {processor.py:914} INFO - Processing file /home/airflow/.local/lib/python3.12/site-packages/airflow/example_dags/example_complex.py for tasks to queue
[2024-11-17T09:03:53.362+0000] {logging_mixin.py:190} INFO - [2024-11-17T09:03:53.361+0000] {dagbag.py:588} INFO - Filling up the DagBag from /home/airflow/.local/lib/python3.12/site-packages/airflow/example_dags/example_complex.py
[2024-11-17T09:03:53.405+0000] {processor.py:925} INFO - DAG(s) 'example_complex' retrieved from /home/airflow/.local/lib/python3.12/site-packages/airflow/example_dags/example_complex.py
[2024-11-17T09:03:53.517+0000] {logging_mixin.py:190} INFO - [2024-11-17T09:03:53.516+0000] {dag.py:3239} INFO - Sync 1 DAGs
[2024-11-17T09:03:53.563+0000] {logging_mixin.py:190} INFO - [2024-11-17T09:03:53.562+0000] {dag.py:4180} INFO - Setting next_dagrun for example_complex to None, run_after=None
[2024-11-17T09:03:53.626+0000] {processor.py:208} INFO - Processing /home/airflow/.local/lib/python3.12/site-packages/airflow/example_dags/example_complex.py took 0.295 seconds
[2024-11-17T09:04:24.488+0000] {processor.py:186} INFO - Started process (PID=887) to work on /home/airflow/.local/lib/python3.12/site-packages/airflow/example_dags/example_complex.py
[2024-11-17T09:04:24.491+0000] {processor.py:914} INFO - Processing file /home/airflow/.local/lib/python3.12/site-packages/airflow/example_dags/example_complex.py for tasks to queue
[2024-11-17T09:04:24.497+0000] {logging_mixin.py:190} INFO - [2024-11-17T09:04:24.496+0000] {dagbag.py:588} INFO - Filling up the DagBag from /home/airflow/.local/lib/python3.12/site-packages/airflow/example_dags/example_complex.py
[2024-11-17T09:04:24.532+0000] {processor.py:925} INFO - DAG(s) 'example_complex' retrieved from /home/airflow/.local/lib/python3.12/site-packages/airflow/example_dags/example_complex.py
[2024-11-17T09:04:24.629+0000] {logging_mixin.py:190} INFO - [2024-11-17T09:04:24.628+0000] {dag.py:3239} INFO - Sync 1 DAGs
[2024-11-17T09:04:24.673+0000] {logging_mixin.py:190} INFO - [2024-11-17T09:04:24.672+0000] {dag.py:4180} INFO - Setting next_dagrun for example_complex to None, run_after=None
[2024-11-17T09:04:24.721+0000] {processor.py:208} INFO - Processing /home/airflow/.local/lib/python3.12/site-packages/airflow/example_dags/example_complex.py took 0.254 seconds
[2024-11-17T09:04:56.151+0000] {processor.py:186} INFO - Started process (PID=953) to work on /home/airflow/.local/lib/python3.12/site-packages/airflow/example_dags/example_complex.py
[2024-11-17T09:04:56.154+0000] {processor.py:914} INFO - Processing file /home/airflow/.local/lib/python3.12/site-packages/airflow/example_dags/example_complex.py for tasks to queue
[2024-11-17T09:04:56.162+0000] {logging_mixin.py:190} INFO - [2024-11-17T09:04:56.161+0000] {dagbag.py:588} INFO - Filling up the DagBag from /home/airflow/.local/lib/python3.12/site-packages/airflow/example_dags/example_complex.py
[2024-11-17T09:04:56.215+0000] {processor.py:925} INFO - DAG(s) 'example_complex' retrieved from /home/airflow/.local/lib/python3.12/site-packages/airflow/example_dags/example_complex.py
[2024-11-17T09:04:56.331+0000] {logging_mixin.py:190} INFO - [2024-11-17T09:04:56.330+0000] {dag.py:3239} INFO - Sync 1 DAGs
[2024-11-17T09:04:56.375+0000] {logging_mixin.py:190} INFO - [2024-11-17T09:04:56.375+0000] {dag.py:4180} INFO - Setting next_dagrun for example_complex to None, run_after=None
[2024-11-17T09:04:56.440+0000] {processor.py:208} INFO - Processing /home/airflow/.local/lib/python3.12/site-packages/airflow/example_dags/example_complex.py took 0.310 seconds
[2024-11-17T09:05:27.610+0000] {processor.py:186} INFO - Started process (PID=1015) to work on /home/airflow/.local/lib/python3.12/site-packages/airflow/example_dags/example_complex.py
[2024-11-17T09:05:27.613+0000] {processor.py:914} INFO - Processing file /home/airflow/.local/lib/python3.12/site-packages/airflow/example_dags/example_complex.py for tasks to queue
[2024-11-17T09:05:27.620+0000] {logging_mixin.py:190} INFO - [2024-11-17T09:05:27.619+0000] {dagbag.py:588} INFO - Filling up the DagBag from /home/airflow/.local/lib/python3.12/site-packages/airflow/example_dags/example_complex.py
[2024-11-17T09:05:27.656+0000] {processor.py:925} INFO - DAG(s) 'example_complex' retrieved from /home/airflow/.local/lib/python3.12/site-packages/airflow/example_dags/example_complex.py
[2024-11-17T09:05:27.766+0000] {logging_mixin.py:190} INFO - [2024-11-17T09:05:27.766+0000] {dag.py:3239} INFO - Sync 1 DAGs
[2024-11-17T09:05:27.806+0000] {logging_mixin.py:190} INFO - [2024-11-17T09:05:27.805+0000] {dag.py:4180} INFO - Setting next_dagrun for example_complex to None, run_after=None
[2024-11-17T09:05:27.859+0000] {processor.py:208} INFO - Processing /home/airflow/.local/lib/python3.12/site-packages/airflow/example_dags/example_complex.py took 0.265 seconds
[2024-11-17T09:05:58.379+0000] {processor.py:186} INFO - Started process (PID=1078) to work on /home/airflow/.local/lib/python3.12/site-packages/airflow/example_dags/example_complex.py
[2024-11-17T09:05:58.382+0000] {processor.py:914} INFO - Processing file /home/airflow/.local/lib/python3.12/site-packages/airflow/example_dags/example_complex.py for tasks to queue
[2024-11-17T09:05:58.389+0000] {logging_mixin.py:190} INFO - [2024-11-17T09:05:58.388+0000] {dagbag.py:588} INFO - Filling up the DagBag from /home/airflow/.local/lib/python3.12/site-packages/airflow/example_dags/example_complex.py
[2024-11-17T09:05:58.426+0000] {processor.py:925} INFO - DAG(s) 'example_complex' retrieved from /home/airflow/.local/lib/python3.12/site-packages/airflow/example_dags/example_complex.py
[2024-11-17T09:05:58.542+0000] {logging_mixin.py:190} INFO - [2024-11-17T09:05:58.541+0000] {dag.py:3239} INFO - Sync 1 DAGs
[2024-11-17T09:05:58.585+0000] {logging_mixin.py:190} INFO - [2024-11-17T09:05:58.585+0000] {dag.py:4180} INFO - Setting next_dagrun for example_complex to None, run_after=None
[2024-11-17T09:05:58.645+0000] {processor.py:208} INFO - Processing /home/airflow/.local/lib/python3.12/site-packages/airflow/example_dags/example_complex.py took 0.282 seconds
[2024-11-17T09:06:29.721+0000] {processor.py:186} INFO - Started process (PID=1142) to work on /home/airflow/.local/lib/python3.12/site-packages/airflow/example_dags/example_complex.py
[2024-11-17T09:06:29.725+0000] {processor.py:914} INFO - Processing file /home/airflow/.local/lib/python3.12/site-packages/airflow/example_dags/example_complex.py for tasks to queue
[2024-11-17T09:06:29.733+0000] {logging_mixin.py:190} INFO - [2024-11-17T09:06:29.732+0000] {dagbag.py:588} INFO - Filling up the DagBag from /home/airflow/.local/lib/python3.12/site-packages/airflow/example_dags/example_complex.py
[2024-11-17T09:06:29.770+0000] {processor.py:925} INFO - DAG(s) 'example_complex' retrieved from /home/airflow/.local/lib/python3.12/site-packages/airflow/example_dags/example_complex.py
[2024-11-17T09:06:29.893+0000] {logging_mixin.py:190} INFO - [2024-11-17T09:06:29.892+0000] {dag.py:3239} INFO - Sync 1 DAGs
[2024-11-17T09:06:29.944+0000] {logging_mixin.py:190} INFO - [2024-11-17T09:06:29.943+0000] {dag.py:4180} INFO - Setting next_dagrun for example_complex to None, run_after=None
[2024-11-17T09:06:30.002+0000] {processor.py:208} INFO - Processing /home/airflow/.local/lib/python3.12/site-packages/airflow/example_dags/example_complex.py took 0.300 seconds
[2024-11-17T09:07:00.631+0000] {processor.py:186} INFO - Started process (PID=1208) to work on /home/airflow/.local/lib/python3.12/site-packages/airflow/example_dags/example_complex.py
[2024-11-17T09:07:00.634+0000] {processor.py:914} INFO - Processing file /home/airflow/.local/lib/python3.12/site-packages/airflow/example_dags/example_complex.py for tasks to queue
[2024-11-17T09:07:00.640+0000] {logging_mixin.py:190} INFO - [2024-11-17T09:07:00.639+0000] {dagbag.py:588} INFO - Filling up the DagBag from /home/airflow/.local/lib/python3.12/site-packages/airflow/example_dags/example_complex.py
[2024-11-17T09:07:00.675+0000] {processor.py:925} INFO - DAG(s) 'example_complex' retrieved from /home/airflow/.local/lib/python3.12/site-packages/airflow/example_dags/example_complex.py
[2024-11-17T09:07:00.769+0000] {logging_mixin.py:190} INFO - [2024-11-17T09:07:00.768+0000] {dag.py:3239} INFO - Sync 1 DAGs
[2024-11-17T09:07:00.809+0000] {logging_mixin.py:190} INFO - [2024-11-17T09:07:00.809+0000] {dag.py:4180} INFO - Setting next_dagrun for example_complex to None, run_after=None
[2024-11-17T09:07:00.867+0000] {processor.py:208} INFO - Processing /home/airflow/.local/lib/python3.12/site-packages/airflow/example_dags/example_complex.py took 0.254 seconds
[2024-11-17T09:07:31.059+0000] {processor.py:186} INFO - Started process (PID=1274) to work on /home/airflow/.local/lib/python3.12/site-packages/airflow/example_dags/example_complex.py
[2024-11-17T09:07:31.063+0000] {processor.py:914} INFO - Processing file /home/airflow/.local/lib/python3.12/site-packages/airflow/example_dags/example_complex.py for tasks to queue
[2024-11-17T09:07:31.071+0000] {logging_mixin.py:190} INFO - [2024-11-17T09:07:31.070+0000] {dagbag.py:588} INFO - Filling up the DagBag from /home/airflow/.local/lib/python3.12/site-packages/airflow/example_dags/example_complex.py
[2024-11-17T09:07:31.121+0000] {processor.py:925} INFO - DAG(s) 'example_complex' retrieved from /home/airflow/.local/lib/python3.12/site-packages/airflow/example_dags/example_complex.py
[2024-11-17T09:07:31.274+0000] {logging_mixin.py:190} INFO - [2024-11-17T09:07:31.273+0000] {dag.py:3239} INFO - Sync 1 DAGs
[2024-11-17T09:07:31.340+0000] {logging_mixin.py:190} INFO - [2024-11-17T09:07:31.339+0000] {dag.py:4180} INFO - Setting next_dagrun for example_complex to None, run_after=None
[2024-11-17T09:07:31.415+0000] {processor.py:208} INFO - Processing /home/airflow/.local/lib/python3.12/site-packages/airflow/example_dags/example_complex.py took 0.373 seconds
[2024-11-17T09:08:03.060+0000] {processor.py:186} INFO - Started process (PID=1340) to work on /home/airflow/.local/lib/python3.12/site-packages/airflow/example_dags/example_complex.py
[2024-11-17T09:08:03.063+0000] {processor.py:914} INFO - Processing file /home/airflow/.local/lib/python3.12/site-packages/airflow/example_dags/example_complex.py for tasks to queue
[2024-11-17T09:08:03.070+0000] {logging_mixin.py:190} INFO - [2024-11-17T09:08:03.069+0000] {dagbag.py:588} INFO - Filling up the DagBag from /home/airflow/.local/lib/python3.12/site-packages/airflow/example_dags/example_complex.py
[2024-11-17T09:08:03.110+0000] {processor.py:925} INFO - DAG(s) 'example_complex' retrieved from /home/airflow/.local/lib/python3.12/site-packages/airflow/example_dags/example_complex.py
[2024-11-17T09:08:03.228+0000] {logging_mixin.py:190} INFO - [2024-11-17T09:08:03.228+0000] {dag.py:3239} INFO - Sync 1 DAGs
[2024-11-17T09:08:03.268+0000] {logging_mixin.py:190} INFO - [2024-11-17T09:08:03.267+0000] {dag.py:4180} INFO - Setting next_dagrun for example_complex to None, run_after=None
[2024-11-17T09:08:03.321+0000] {processor.py:208} INFO - Processing /home/airflow/.local/lib/python3.12/site-packages/airflow/example_dags/example_complex.py took 0.282 seconds
[2024-11-17T09:08:34.001+0000] {processor.py:186} INFO - Started process (PID=1405) to work on /home/airflow/.local/lib/python3.12/site-packages/airflow/example_dags/example_complex.py
[2024-11-17T09:08:34.005+0000] {processor.py:914} INFO - Processing file /home/airflow/.local/lib/python3.12/site-packages/airflow/example_dags/example_complex.py for tasks to queue
[2024-11-17T09:08:34.011+0000] {logging_mixin.py:190} INFO - [2024-11-17T09:08:34.010+0000] {dagbag.py:588} INFO - Filling up the DagBag from /home/airflow/.local/lib/python3.12/site-packages/airflow/example_dags/example_complex.py
[2024-11-17T09:08:34.047+0000] {processor.py:925} INFO - DAG(s) 'example_complex' retrieved from /home/airflow/.local/lib/python3.12/site-packages/airflow/example_dags/example_complex.py
[2024-11-17T09:08:34.156+0000] {logging_mixin.py:190} INFO - [2024-11-17T09:08:34.155+0000] {dag.py:3239} INFO - Sync 1 DAGs
[2024-11-17T09:08:34.198+0000] {logging_mixin.py:190} INFO - [2024-11-17T09:08:34.198+0000] {dag.py:4180} INFO - Setting next_dagrun for example_complex to None, run_after=None
[2024-11-17T09:08:34.250+0000] {processor.py:208} INFO - Processing /home/airflow/.local/lib/python3.12/site-packages/airflow/example_dags/example_complex.py took 0.274 seconds
[2024-11-17T09:09:04.551+0000] {processor.py:186} INFO - Started process (PID=1471) to work on /home/airflow/.local/lib/python3.12/site-packages/airflow/example_dags/example_complex.py
[2024-11-17T09:09:04.554+0000] {processor.py:914} INFO - Processing file /home/airflow/.local/lib/python3.12/site-packages/airflow/example_dags/example_complex.py for tasks to queue
[2024-11-17T09:09:04.561+0000] {logging_mixin.py:190} INFO - [2024-11-17T09:09:04.560+0000] {dagbag.py:588} INFO - Filling up the DagBag from /home/airflow/.local/lib/python3.12/site-packages/airflow/example_dags/example_complex.py
[2024-11-17T09:09:04.601+0000] {processor.py:925} INFO - DAG(s) 'example_complex' retrieved from /home/airflow/.local/lib/python3.12/site-packages/airflow/example_dags/example_complex.py
[2024-11-17T09:09:04.704+0000] {logging_mixin.py:190} INFO - [2024-11-17T09:09:04.703+0000] {dag.py:3239} INFO - Sync 1 DAGs
[2024-11-17T09:09:04.747+0000] {logging_mixin.py:190} INFO - [2024-11-17T09:09:04.746+0000] {dag.py:4180} INFO - Setting next_dagrun for example_complex to None, run_after=None
[2024-11-17T09:09:04.806+0000] {processor.py:208} INFO - Processing /home/airflow/.local/lib/python3.12/site-packages/airflow/example_dags/example_complex.py took 0.273 seconds
[2024-11-17T09:09:35.157+0000] {processor.py:186} INFO - Started process (PID=1537) to work on /home/airflow/.local/lib/python3.12/site-packages/airflow/example_dags/example_complex.py
[2024-11-17T09:09:35.160+0000] {processor.py:914} INFO - Processing file /home/airflow/.local/lib/python3.12/site-packages/airflow/example_dags/example_complex.py for tasks to queue
[2024-11-17T09:09:35.170+0000] {logging_mixin.py:190} INFO - [2024-11-17T09:09:35.169+0000] {dagbag.py:588} INFO - Filling up the DagBag from /home/airflow/.local/lib/python3.12/site-packages/airflow/example_dags/example_complex.py
[2024-11-17T09:09:35.215+0000] {processor.py:925} INFO - DAG(s) 'example_complex' retrieved from /home/airflow/.local/lib/python3.12/site-packages/airflow/example_dags/example_complex.py
[2024-11-17T09:09:35.318+0000] {logging_mixin.py:190} INFO - [2024-11-17T09:09:35.317+0000] {dag.py:3239} INFO - Sync 1 DAGs
[2024-11-17T09:09:35.363+0000] {logging_mixin.py:190} INFO - [2024-11-17T09:09:35.362+0000] {dag.py:4180} INFO - Setting next_dagrun for example_complex to None, run_after=None
[2024-11-17T09:09:35.412+0000] {processor.py:208} INFO - Processing /home/airflow/.local/lib/python3.12/site-packages/airflow/example_dags/example_complex.py took 0.273 seconds
[2024-11-17T09:10:05.917+0000] {processor.py:186} INFO - Started process (PID=1603) to work on /home/airflow/.local/lib/python3.12/site-packages/airflow/example_dags/example_complex.py
[2024-11-17T09:10:05.920+0000] {processor.py:914} INFO - Processing file /home/airflow/.local/lib/python3.12/site-packages/airflow/example_dags/example_complex.py for tasks to queue
[2024-11-17T09:10:05.929+0000] {logging_mixin.py:190} INFO - [2024-11-17T09:10:05.928+0000] {dagbag.py:588} INFO - Filling up the DagBag from /home/airflow/.local/lib/python3.12/site-packages/airflow/example_dags/example_complex.py
[2024-11-17T09:10:05.974+0000] {processor.py:925} INFO - DAG(s) 'example_complex' retrieved from /home/airflow/.local/lib/python3.12/site-packages/airflow/example_dags/example_complex.py
[2024-11-17T09:10:06.070+0000] {logging_mixin.py:190} INFO - [2024-11-17T09:10:06.069+0000] {dag.py:3239} INFO - Sync 1 DAGs
[2024-11-17T09:10:06.116+0000] {logging_mixin.py:190} INFO - [2024-11-17T09:10:06.116+0000] {dag.py:4180} INFO - Setting next_dagrun for example_complex to None, run_after=None
[2024-11-17T09:10:06.172+0000] {processor.py:208} INFO - Processing /home/airflow/.local/lib/python3.12/site-packages/airflow/example_dags/example_complex.py took 0.275 seconds
[2024-11-17T09:10:36.336+0000] {processor.py:186} INFO - Started process (PID=1669) to work on /home/airflow/.local/lib/python3.12/site-packages/airflow/example_dags/example_complex.py
[2024-11-17T09:10:36.338+0000] {processor.py:914} INFO - Processing file /home/airflow/.local/lib/python3.12/site-packages/airflow/example_dags/example_complex.py for tasks to queue
[2024-11-17T09:10:36.346+0000] {logging_mixin.py:190} INFO - [2024-11-17T09:10:36.345+0000] {dagbag.py:588} INFO - Filling up the DagBag from /home/airflow/.local/lib/python3.12/site-packages/airflow/example_dags/example_complex.py
[2024-11-17T09:10:36.384+0000] {processor.py:925} INFO - DAG(s) 'example_complex' retrieved from /home/airflow/.local/lib/python3.12/site-packages/airflow/example_dags/example_complex.py
[2024-11-17T09:10:36.499+0000] {logging_mixin.py:190} INFO - [2024-11-17T09:10:36.498+0000] {dag.py:3239} INFO - Sync 1 DAGs
[2024-11-17T09:10:36.546+0000] {logging_mixin.py:190} INFO - [2024-11-17T09:10:36.545+0000] {dag.py:4180} INFO - Setting next_dagrun for example_complex to None, run_after=None
[2024-11-17T09:10:36.606+0000] {processor.py:208} INFO - Processing /home/airflow/.local/lib/python3.12/site-packages/airflow/example_dags/example_complex.py took 0.290 seconds
[2024-11-17T09:11:07.373+0000] {processor.py:186} INFO - Started process (PID=1735) to work on /home/airflow/.local/lib/python3.12/site-packages/airflow/example_dags/example_complex.py
[2024-11-17T09:11:07.377+0000] {processor.py:914} INFO - Processing file /home/airflow/.local/lib/python3.12/site-packages/airflow/example_dags/example_complex.py for tasks to queue
[2024-11-17T09:11:07.386+0000] {logging_mixin.py:190} INFO - [2024-11-17T09:11:07.384+0000] {dagbag.py:588} INFO - Filling up the DagBag from /home/airflow/.local/lib/python3.12/site-packages/airflow/example_dags/example_complex.py
[2024-11-17T09:11:07.427+0000] {processor.py:925} INFO - DAG(s) 'example_complex' retrieved from /home/airflow/.local/lib/python3.12/site-packages/airflow/example_dags/example_complex.py
[2024-11-17T09:11:07.560+0000] {logging_mixin.py:190} INFO - [2024-11-17T09:11:07.559+0000] {dag.py:3239} INFO - Sync 1 DAGs
[2024-11-17T09:11:07.630+0000] {logging_mixin.py:190} INFO - [2024-11-17T09:11:07.630+0000] {dag.py:4180} INFO - Setting next_dagrun for example_complex to None, run_after=None
[2024-11-17T09:11:07.700+0000] {processor.py:208} INFO - Processing /home/airflow/.local/lib/python3.12/site-packages/airflow/example_dags/example_complex.py took 0.345 seconds
[2024-11-17T09:11:38.486+0000] {processor.py:186} INFO - Started process (PID=1801) to work on /home/airflow/.local/lib/python3.12/site-packages/airflow/example_dags/example_complex.py
[2024-11-17T09:11:38.490+0000] {processor.py:914} INFO - Processing file /home/airflow/.local/lib/python3.12/site-packages/airflow/example_dags/example_complex.py for tasks to queue
[2024-11-17T09:11:38.500+0000] {logging_mixin.py:190} INFO - [2024-11-17T09:11:38.498+0000] {dagbag.py:588} INFO - Filling up the DagBag from /home/airflow/.local/lib/python3.12/site-packages/airflow/example_dags/example_complex.py
[2024-11-17T09:11:38.550+0000] {processor.py:925} INFO - DAG(s) 'example_complex' retrieved from /home/airflow/.local/lib/python3.12/site-packages/airflow/example_dags/example_complex.py
[2024-11-17T09:11:38.730+0000] {logging_mixin.py:190} INFO - [2024-11-17T09:11:38.729+0000] {dag.py:3239} INFO - Sync 1 DAGs
[2024-11-17T09:11:38.795+0000] {logging_mixin.py:190} INFO - [2024-11-17T09:11:38.795+0000] {dag.py:4180} INFO - Setting next_dagrun for example_complex to None, run_after=None
[2024-11-17T09:11:38.861+0000] {processor.py:208} INFO - Processing /home/airflow/.local/lib/python3.12/site-packages/airflow/example_dags/example_complex.py took 0.399 seconds
[2024-11-17T09:12:09.462+0000] {processor.py:186} INFO - Started process (PID=1866) to work on /home/airflow/.local/lib/python3.12/site-packages/airflow/example_dags/example_complex.py
[2024-11-17T09:12:09.465+0000] {processor.py:914} INFO - Processing file /home/airflow/.local/lib/python3.12/site-packages/airflow/example_dags/example_complex.py for tasks to queue
[2024-11-17T09:12:09.477+0000] {logging_mixin.py:190} INFO - [2024-11-17T09:12:09.475+0000] {dagbag.py:588} INFO - Filling up the DagBag from /home/airflow/.local/lib/python3.12/site-packages/airflow/example_dags/example_complex.py
[2024-11-17T09:12:09.536+0000] {processor.py:925} INFO - DAG(s) 'example_complex' retrieved from /home/airflow/.local/lib/python3.12/site-packages/airflow/example_dags/example_complex.py
[2024-11-17T09:12:09.662+0000] {logging_mixin.py:190} INFO - [2024-11-17T09:12:09.662+0000] {dag.py:3239} INFO - Sync 1 DAGs
[2024-11-17T09:12:09.706+0000] {logging_mixin.py:190} INFO - [2024-11-17T09:12:09.705+0000] {dag.py:4180} INFO - Setting next_dagrun for example_complex to None, run_after=None
[2024-11-17T09:12:09.759+0000] {processor.py:208} INFO - Processing /home/airflow/.local/lib/python3.12/site-packages/airflow/example_dags/example_complex.py took 0.317 seconds
[2024-11-17T09:12:43.444+0000] {processor.py:186} INFO - Started process (PID=1938) to work on /home/airflow/.local/lib/python3.12/site-packages/airflow/example_dags/example_complex.py
[2024-11-17T09:12:43.446+0000] {processor.py:914} INFO - Processing file /home/airflow/.local/lib/python3.12/site-packages/airflow/example_dags/example_complex.py for tasks to queue
[2024-11-17T09:12:43.468+0000] {logging_mixin.py:190} INFO - [2024-11-17T09:12:43.466+0000] {dagbag.py:588} INFO - Filling up the DagBag from /home/airflow/.local/lib/python3.12/site-packages/airflow/example_dags/example_complex.py
[2024-11-17T09:12:43.509+0000] {processor.py:925} INFO - DAG(s) 'example_complex' retrieved from /home/airflow/.local/lib/python3.12/site-packages/airflow/example_dags/example_complex.py
[2024-11-17T09:12:43.777+0000] {logging_mixin.py:190} INFO - [2024-11-17T09:12:43.777+0000] {dag.py:3239} INFO - Sync 1 DAGs
[2024-11-17T09:12:43.830+0000] {logging_mixin.py:190} INFO - [2024-11-17T09:12:43.830+0000] {dag.py:4180} INFO - Setting next_dagrun for example_complex to None, run_after=None
[2024-11-17T09:12:43.891+0000] {processor.py:208} INFO - Processing /home/airflow/.local/lib/python3.12/site-packages/airflow/example_dags/example_complex.py took 0.603 seconds
[2024-11-17T09:13:14.470+0000] {processor.py:186} INFO - Started process (PID=2004) to work on /home/airflow/.local/lib/python3.12/site-packages/airflow/example_dags/example_complex.py
[2024-11-17T09:13:14.474+0000] {processor.py:914} INFO - Processing file /home/airflow/.local/lib/python3.12/site-packages/airflow/example_dags/example_complex.py for tasks to queue
[2024-11-17T09:13:14.481+0000] {logging_mixin.py:190} INFO - [2024-11-17T09:13:14.480+0000] {dagbag.py:588} INFO - Filling up the DagBag from /home/airflow/.local/lib/python3.12/site-packages/airflow/example_dags/example_complex.py
[2024-11-17T09:13:14.523+0000] {processor.py:925} INFO - DAG(s) 'example_complex' retrieved from /home/airflow/.local/lib/python3.12/site-packages/airflow/example_dags/example_complex.py
[2024-11-17T09:13:14.677+0000] {logging_mixin.py:190} INFO - [2024-11-17T09:13:14.676+0000] {dag.py:3239} INFO - Sync 1 DAGs
[2024-11-17T09:13:14.732+0000] {logging_mixin.py:190} INFO - [2024-11-17T09:13:14.732+0000] {dag.py:4180} INFO - Setting next_dagrun for example_complex to None, run_after=None
[2024-11-17T09:13:14.792+0000] {processor.py:208} INFO - Processing /home/airflow/.local/lib/python3.12/site-packages/airflow/example_dags/example_complex.py took 0.346 seconds
[2024-11-17T09:13:45.399+0000] {processor.py:186} INFO - Started process (PID=2069) to work on /home/airflow/.local/lib/python3.12/site-packages/airflow/example_dags/example_complex.py
[2024-11-17T09:13:45.403+0000] {processor.py:914} INFO - Processing file /home/airflow/.local/lib/python3.12/site-packages/airflow/example_dags/example_complex.py for tasks to queue
[2024-11-17T09:13:45.413+0000] {logging_mixin.py:190} INFO - [2024-11-17T09:13:45.412+0000] {dagbag.py:588} INFO - Filling up the DagBag from /home/airflow/.local/lib/python3.12/site-packages/airflow/example_dags/example_complex.py
[2024-11-17T09:13:45.497+0000] {processor.py:925} INFO - DAG(s) 'example_complex' retrieved from /home/airflow/.local/lib/python3.12/site-packages/airflow/example_dags/example_complex.py
[2024-11-17T09:13:45.615+0000] {logging_mixin.py:190} INFO - [2024-11-17T09:13:45.615+0000] {dag.py:3239} INFO - Sync 1 DAGs
[2024-11-17T09:13:45.661+0000] {logging_mixin.py:190} INFO - [2024-11-17T09:13:45.661+0000] {dag.py:4180} INFO - Setting next_dagrun for example_complex to None, run_after=None
[2024-11-17T09:13:45.718+0000] {processor.py:208} INFO - Processing /home/airflow/.local/lib/python3.12/site-packages/airflow/example_dags/example_complex.py took 0.342 seconds
[2024-11-17T09:14:16.101+0000] {processor.py:186} INFO - Started process (PID=2135) to work on /home/airflow/.local/lib/python3.12/site-packages/airflow/example_dags/example_complex.py
[2024-11-17T09:14:16.104+0000] {processor.py:914} INFO - Processing file /home/airflow/.local/lib/python3.12/site-packages/airflow/example_dags/example_complex.py for tasks to queue
[2024-11-17T09:14:16.112+0000] {logging_mixin.py:190} INFO - [2024-11-17T09:14:16.111+0000] {dagbag.py:588} INFO - Filling up the DagBag from /home/airflow/.local/lib/python3.12/site-packages/airflow/example_dags/example_complex.py
[2024-11-17T09:14:16.150+0000] {processor.py:925} INFO - DAG(s) 'example_complex' retrieved from /home/airflow/.local/lib/python3.12/site-packages/airflow/example_dags/example_complex.py
[2024-11-17T09:14:16.266+0000] {logging_mixin.py:190} INFO - [2024-11-17T09:14:16.265+0000] {dag.py:3239} INFO - Sync 1 DAGs
[2024-11-17T09:14:16.311+0000] {logging_mixin.py:190} INFO - [2024-11-17T09:14:16.311+0000] {dag.py:4180} INFO - Setting next_dagrun for example_complex to None, run_after=None
[2024-11-17T09:14:16.368+0000] {processor.py:208} INFO - Processing /home/airflow/.local/lib/python3.12/site-packages/airflow/example_dags/example_complex.py took 0.290 seconds
[2024-11-17T09:14:46.884+0000] {processor.py:186} INFO - Started process (PID=2201) to work on /home/airflow/.local/lib/python3.12/site-packages/airflow/example_dags/example_complex.py
[2024-11-17T09:14:46.887+0000] {processor.py:914} INFO - Processing file /home/airflow/.local/lib/python3.12/site-packages/airflow/example_dags/example_complex.py for tasks to queue
[2024-11-17T09:14:46.893+0000] {logging_mixin.py:190} INFO - [2024-11-17T09:14:46.892+0000] {dagbag.py:588} INFO - Filling up the DagBag from /home/airflow/.local/lib/python3.12/site-packages/airflow/example_dags/example_complex.py
[2024-11-17T09:14:46.940+0000] {processor.py:925} INFO - DAG(s) 'example_complex' retrieved from /home/airflow/.local/lib/python3.12/site-packages/airflow/example_dags/example_complex.py
[2024-11-17T09:14:47.054+0000] {logging_mixin.py:190} INFO - [2024-11-17T09:14:47.054+0000] {dag.py:3239} INFO - Sync 1 DAGs
[2024-11-17T09:14:47.096+0000] {logging_mixin.py:190} INFO - [2024-11-17T09:14:47.095+0000] {dag.py:4180} INFO - Setting next_dagrun for example_complex to None, run_after=None
[2024-11-17T09:14:47.152+0000] {processor.py:208} INFO - Processing /home/airflow/.local/lib/python3.12/site-packages/airflow/example_dags/example_complex.py took 0.285 seconds
[2024-11-17T09:15:17.886+0000] {processor.py:186} INFO - Started process (PID=2267) to work on /home/airflow/.local/lib/python3.12/site-packages/airflow/example_dags/example_complex.py
[2024-11-17T09:15:17.889+0000] {processor.py:914} INFO - Processing file /home/airflow/.local/lib/python3.12/site-packages/airflow/example_dags/example_complex.py for tasks to queue
[2024-11-17T09:15:17.901+0000] {logging_mixin.py:190} INFO - [2024-11-17T09:15:17.897+0000] {dagbag.py:588} INFO - Filling up the DagBag from /home/airflow/.local/lib/python3.12/site-packages/airflow/example_dags/example_complex.py
[2024-11-17T09:15:17.963+0000] {processor.py:925} INFO - DAG(s) 'example_complex' retrieved from /home/airflow/.local/lib/python3.12/site-packages/airflow/example_dags/example_complex.py
[2024-11-17T09:15:18.120+0000] {logging_mixin.py:190} INFO - [2024-11-17T09:15:18.119+0000] {dag.py:3239} INFO - Sync 1 DAGs
[2024-11-17T09:15:18.176+0000] {logging_mixin.py:190} INFO - [2024-11-17T09:15:18.176+0000] {dag.py:4180} INFO - Setting next_dagrun for example_complex to None, run_after=None
[2024-11-17T09:15:18.241+0000] {processor.py:208} INFO - Processing /home/airflow/.local/lib/python3.12/site-packages/airflow/example_dags/example_complex.py took 0.377 seconds
[2024-11-17T09:15:49.053+0000] {processor.py:186} INFO - Started process (PID=2332) to work on /home/airflow/.local/lib/python3.12/site-packages/airflow/example_dags/example_complex.py
[2024-11-17T09:15:49.056+0000] {processor.py:914} INFO - Processing file /home/airflow/.local/lib/python3.12/site-packages/airflow/example_dags/example_complex.py for tasks to queue
[2024-11-17T09:15:49.066+0000] {logging_mixin.py:190} INFO - [2024-11-17T09:15:49.064+0000] {dagbag.py:588} INFO - Filling up the DagBag from /home/airflow/.local/lib/python3.12/site-packages/airflow/example_dags/example_complex.py
[2024-11-17T09:15:49.148+0000] {processor.py:925} INFO - DAG(s) 'example_complex' retrieved from /home/airflow/.local/lib/python3.12/site-packages/airflow/example_dags/example_complex.py
[2024-11-17T09:15:49.281+0000] {logging_mixin.py:190} INFO - [2024-11-17T09:15:49.280+0000] {dag.py:3239} INFO - Sync 1 DAGs
[2024-11-17T09:15:49.342+0000] {logging_mixin.py:190} INFO - [2024-11-17T09:15:49.341+0000] {dag.py:4180} INFO - Setting next_dagrun for example_complex to None, run_after=None
[2024-11-17T09:15:49.429+0000] {processor.py:208} INFO - Processing /home/airflow/.local/lib/python3.12/site-packages/airflow/example_dags/example_complex.py took 0.410 seconds
[2024-11-17T09:16:21.005+0000] {processor.py:186} INFO - Started process (PID=2398) to work on /home/airflow/.local/lib/python3.12/site-packages/airflow/example_dags/example_complex.py
[2024-11-17T09:16:21.008+0000] {processor.py:914} INFO - Processing file /home/airflow/.local/lib/python3.12/site-packages/airflow/example_dags/example_complex.py for tasks to queue
[2024-11-17T09:16:21.015+0000] {logging_mixin.py:190} INFO - [2024-11-17T09:16:21.014+0000] {dagbag.py:588} INFO - Filling up the DagBag from /home/airflow/.local/lib/python3.12/site-packages/airflow/example_dags/example_complex.py
[2024-11-17T09:16:21.058+0000] {processor.py:925} INFO - DAG(s) 'example_complex' retrieved from /home/airflow/.local/lib/python3.12/site-packages/airflow/example_dags/example_complex.py
[2024-11-17T09:16:21.158+0000] {logging_mixin.py:190} INFO - [2024-11-17T09:16:21.157+0000] {dag.py:3239} INFO - Sync 1 DAGs
[2024-11-17T09:16:21.200+0000] {logging_mixin.py:190} INFO - [2024-11-17T09:16:21.200+0000] {dag.py:4180} INFO - Setting next_dagrun for example_complex to None, run_after=None
[2024-11-17T09:16:21.260+0000] {processor.py:208} INFO - Processing /home/airflow/.local/lib/python3.12/site-packages/airflow/example_dags/example_complex.py took 0.273 seconds
[2024-11-17T09:16:51.677+0000] {processor.py:186} INFO - Started process (PID=2464) to work on /home/airflow/.local/lib/python3.12/site-packages/airflow/example_dags/example_complex.py
[2024-11-17T09:16:51.680+0000] {processor.py:914} INFO - Processing file /home/airflow/.local/lib/python3.12/site-packages/airflow/example_dags/example_complex.py for tasks to queue
[2024-11-17T09:16:51.689+0000] {logging_mixin.py:190} INFO - [2024-11-17T09:16:51.688+0000] {dagbag.py:588} INFO - Filling up the DagBag from /home/airflow/.local/lib/python3.12/site-packages/airflow/example_dags/example_complex.py
[2024-11-17T09:16:51.735+0000] {processor.py:925} INFO - DAG(s) 'example_complex' retrieved from /home/airflow/.local/lib/python3.12/site-packages/airflow/example_dags/example_complex.py
[2024-11-17T09:16:51.840+0000] {logging_mixin.py:190} INFO - [2024-11-17T09:16:51.839+0000] {dag.py:3239} INFO - Sync 1 DAGs
[2024-11-17T09:16:51.890+0000] {logging_mixin.py:190} INFO - [2024-11-17T09:16:51.889+0000] {dag.py:4180} INFO - Setting next_dagrun for example_complex to None, run_after=None
[2024-11-17T09:16:51.949+0000] {processor.py:208} INFO - Processing /home/airflow/.local/lib/python3.12/site-packages/airflow/example_dags/example_complex.py took 0.295 seconds
[2024-11-17T09:17:22.179+0000] {processor.py:186} INFO - Started process (PID=2529) to work on /home/airflow/.local/lib/python3.12/site-packages/airflow/example_dags/example_complex.py
[2024-11-17T09:17:22.183+0000] {processor.py:914} INFO - Processing file /home/airflow/.local/lib/python3.12/site-packages/airflow/example_dags/example_complex.py for tasks to queue
[2024-11-17T09:17:22.192+0000] {logging_mixin.py:190} INFO - [2024-11-17T09:17:22.191+0000] {dagbag.py:588} INFO - Filling up the DagBag from /home/airflow/.local/lib/python3.12/site-packages/airflow/example_dags/example_complex.py
[2024-11-17T09:17:22.239+0000] {processor.py:925} INFO - DAG(s) 'example_complex' retrieved from /home/airflow/.local/lib/python3.12/site-packages/airflow/example_dags/example_complex.py
[2024-11-17T09:17:22.348+0000] {logging_mixin.py:190} INFO - [2024-11-17T09:17:22.347+0000] {dag.py:3239} INFO - Sync 1 DAGs
[2024-11-17T09:17:22.392+0000] {logging_mixin.py:190} INFO - [2024-11-17T09:17:22.391+0000] {dag.py:4180} INFO - Setting next_dagrun for example_complex to None, run_after=None
[2024-11-17T09:17:22.449+0000] {processor.py:208} INFO - Processing /home/airflow/.local/lib/python3.12/site-packages/airflow/example_dags/example_complex.py took 0.296 seconds
[2024-11-17T09:17:53.551+0000] {processor.py:186} INFO - Started process (PID=2596) to work on /home/airflow/.local/lib/python3.12/site-packages/airflow/example_dags/example_complex.py
[2024-11-17T09:17:53.554+0000] {processor.py:914} INFO - Processing file /home/airflow/.local/lib/python3.12/site-packages/airflow/example_dags/example_complex.py for tasks to queue
[2024-11-17T09:17:53.561+0000] {logging_mixin.py:190} INFO - [2024-11-17T09:17:53.560+0000] {dagbag.py:588} INFO - Filling up the DagBag from /home/airflow/.local/lib/python3.12/site-packages/airflow/example_dags/example_complex.py
[2024-11-17T09:17:53.599+0000] {processor.py:925} INFO - DAG(s) 'example_complex' retrieved from /home/airflow/.local/lib/python3.12/site-packages/airflow/example_dags/example_complex.py
[2024-11-17T09:17:53.695+0000] {logging_mixin.py:190} INFO - [2024-11-17T09:17:53.694+0000] {dag.py:3239} INFO - Sync 1 DAGs
[2024-11-17T09:17:53.740+0000] {logging_mixin.py:190} INFO - [2024-11-17T09:17:53.739+0000] {dag.py:4180} INFO - Setting next_dagrun for example_complex to None, run_after=None
[2024-11-17T09:17:53.801+0000] {processor.py:208} INFO - Processing /home/airflow/.local/lib/python3.12/site-packages/airflow/example_dags/example_complex.py took 0.267 seconds
[2024-11-17T09:18:24.350+0000] {processor.py:186} INFO - Started process (PID=2660) to work on /home/airflow/.local/lib/python3.12/site-packages/airflow/example_dags/example_complex.py
[2024-11-17T09:18:24.360+0000] {processor.py:914} INFO - Processing file /home/airflow/.local/lib/python3.12/site-packages/airflow/example_dags/example_complex.py for tasks to queue
[2024-11-17T09:18:24.372+0000] {logging_mixin.py:190} INFO - [2024-11-17T09:18:24.369+0000] {dagbag.py:588} INFO - Filling up the DagBag from /home/airflow/.local/lib/python3.12/site-packages/airflow/example_dags/example_complex.py
[2024-11-17T09:18:24.490+0000] {processor.py:925} INFO - DAG(s) 'example_complex' retrieved from /home/airflow/.local/lib/python3.12/site-packages/airflow/example_dags/example_complex.py
[2024-11-17T09:18:24.729+0000] {logging_mixin.py:190} INFO - [2024-11-17T09:18:24.728+0000] {dag.py:3239} INFO - Sync 1 DAGs
[2024-11-17T09:18:24.816+0000] {logging_mixin.py:190} INFO - [2024-11-17T09:18:24.814+0000] {dag.py:4180} INFO - Setting next_dagrun for example_complex to None, run_after=None
[2024-11-17T09:18:24.946+0000] {processor.py:208} INFO - Processing /home/airflow/.local/lib/python3.12/site-packages/airflow/example_dags/example_complex.py took 0.631 seconds
[2024-11-17T09:18:55.135+0000] {processor.py:186} INFO - Started process (PID=2725) to work on /home/airflow/.local/lib/python3.12/site-packages/airflow/example_dags/example_complex.py
[2024-11-17T09:18:55.139+0000] {processor.py:914} INFO - Processing file /home/airflow/.local/lib/python3.12/site-packages/airflow/example_dags/example_complex.py for tasks to queue
[2024-11-17T09:18:55.147+0000] {logging_mixin.py:190} INFO - [2024-11-17T09:18:55.145+0000] {dagbag.py:588} INFO - Filling up the DagBag from /home/airflow/.local/lib/python3.12/site-packages/airflow/example_dags/example_complex.py
[2024-11-17T09:18:55.212+0000] {processor.py:925} INFO - DAG(s) 'example_complex' retrieved from /home/airflow/.local/lib/python3.12/site-packages/airflow/example_dags/example_complex.py
[2024-11-17T09:18:55.351+0000] {logging_mixin.py:190} INFO - [2024-11-17T09:18:55.350+0000] {dag.py:3239} INFO - Sync 1 DAGs
[2024-11-17T09:18:55.411+0000] {logging_mixin.py:190} INFO - [2024-11-17T09:18:55.410+0000] {dag.py:4180} INFO - Setting next_dagrun for example_complex to None, run_after=None
[2024-11-17T09:18:55.468+0000] {processor.py:208} INFO - Processing /home/airflow/.local/lib/python3.12/site-packages/airflow/example_dags/example_complex.py took 0.356 seconds
[2024-11-17T09:19:26.203+0000] {processor.py:186} INFO - Started process (PID=2791) to work on /home/airflow/.local/lib/python3.12/site-packages/airflow/example_dags/example_complex.py
[2024-11-17T09:19:26.205+0000] {processor.py:914} INFO - Processing file /home/airflow/.local/lib/python3.12/site-packages/airflow/example_dags/example_complex.py for tasks to queue
[2024-11-17T09:19:26.212+0000] {logging_mixin.py:190} INFO - [2024-11-17T09:19:26.211+0000] {dagbag.py:588} INFO - Filling up the DagBag from /home/airflow/.local/lib/python3.12/site-packages/airflow/example_dags/example_complex.py
[2024-11-17T09:19:26.259+0000] {processor.py:925} INFO - DAG(s) 'example_complex' retrieved from /home/airflow/.local/lib/python3.12/site-packages/airflow/example_dags/example_complex.py
[2024-11-17T09:19:26.353+0000] {logging_mixin.py:190} INFO - [2024-11-17T09:19:26.352+0000] {dag.py:3239} INFO - Sync 1 DAGs
[2024-11-17T09:19:26.398+0000] {logging_mixin.py:190} INFO - [2024-11-17T09:19:26.398+0000] {dag.py:4180} INFO - Setting next_dagrun for example_complex to None, run_after=None
[2024-11-17T09:19:26.463+0000] {processor.py:208} INFO - Processing /home/airflow/.local/lib/python3.12/site-packages/airflow/example_dags/example_complex.py took 0.276 seconds
[2024-11-17T09:19:56.925+0000] {processor.py:186} INFO - Started process (PID=2857) to work on /home/airflow/.local/lib/python3.12/site-packages/airflow/example_dags/example_complex.py
[2024-11-17T09:19:56.928+0000] {processor.py:914} INFO - Processing file /home/airflow/.local/lib/python3.12/site-packages/airflow/example_dags/example_complex.py for tasks to queue
[2024-11-17T09:19:56.936+0000] {logging_mixin.py:190} INFO - [2024-11-17T09:19:56.936+0000] {dagbag.py:588} INFO - Filling up the DagBag from /home/airflow/.local/lib/python3.12/site-packages/airflow/example_dags/example_complex.py
[2024-11-17T09:19:56.997+0000] {processor.py:925} INFO - DAG(s) 'example_complex' retrieved from /home/airflow/.local/lib/python3.12/site-packages/airflow/example_dags/example_complex.py
[2024-11-17T09:19:57.101+0000] {logging_mixin.py:190} INFO - [2024-11-17T09:19:57.100+0000] {dag.py:3239} INFO - Sync 1 DAGs
[2024-11-17T09:19:57.163+0000] {logging_mixin.py:190} INFO - [2024-11-17T09:19:57.163+0000] {dag.py:4180} INFO - Setting next_dagrun for example_complex to None, run_after=None
[2024-11-17T09:19:57.223+0000] {processor.py:208} INFO - Processing /home/airflow/.local/lib/python3.12/site-packages/airflow/example_dags/example_complex.py took 0.316 seconds
[2024-11-17T09:20:27.768+0000] {processor.py:186} INFO - Started process (PID=2923) to work on /home/airflow/.local/lib/python3.12/site-packages/airflow/example_dags/example_complex.py
[2024-11-17T09:20:27.771+0000] {processor.py:914} INFO - Processing file /home/airflow/.local/lib/python3.12/site-packages/airflow/example_dags/example_complex.py for tasks to queue
[2024-11-17T09:20:27.778+0000] {logging_mixin.py:190} INFO - [2024-11-17T09:20:27.777+0000] {dagbag.py:588} INFO - Filling up the DagBag from /home/airflow/.local/lib/python3.12/site-packages/airflow/example_dags/example_complex.py
[2024-11-17T09:20:27.818+0000] {processor.py:925} INFO - DAG(s) 'example_complex' retrieved from /home/airflow/.local/lib/python3.12/site-packages/airflow/example_dags/example_complex.py
[2024-11-17T09:20:27.917+0000] {logging_mixin.py:190} INFO - [2024-11-17T09:20:27.916+0000] {dag.py:3239} INFO - Sync 1 DAGs
[2024-11-17T09:20:27.968+0000] {logging_mixin.py:190} INFO - [2024-11-17T09:20:27.968+0000] {dag.py:4180} INFO - Setting next_dagrun for example_complex to None, run_after=None
[2024-11-17T09:20:28.024+0000] {processor.py:208} INFO - Processing /home/airflow/.local/lib/python3.12/site-packages/airflow/example_dags/example_complex.py took 0.272 seconds
[2024-11-17T09:20:58.840+0000] {processor.py:186} INFO - Started process (PID=2989) to work on /home/airflow/.local/lib/python3.12/site-packages/airflow/example_dags/example_complex.py
[2024-11-17T09:20:58.842+0000] {processor.py:914} INFO - Processing file /home/airflow/.local/lib/python3.12/site-packages/airflow/example_dags/example_complex.py for tasks to queue
[2024-11-17T09:20:58.850+0000] {logging_mixin.py:190} INFO - [2024-11-17T09:20:58.849+0000] {dagbag.py:588} INFO - Filling up the DagBag from /home/airflow/.local/lib/python3.12/site-packages/airflow/example_dags/example_complex.py
[2024-11-17T09:20:58.885+0000] {processor.py:925} INFO - DAG(s) 'example_complex' retrieved from /home/airflow/.local/lib/python3.12/site-packages/airflow/example_dags/example_complex.py
[2024-11-17T09:20:58.985+0000] {logging_mixin.py:190} INFO - [2024-11-17T09:20:58.985+0000] {dag.py:3239} INFO - Sync 1 DAGs
[2024-11-17T09:20:59.404+0000] {logging_mixin.py:190} INFO - [2024-11-17T09:20:59.403+0000] {dag.py:4180} INFO - Setting next_dagrun for example_complex to None, run_after=None
[2024-11-17T09:20:59.461+0000] {processor.py:208} INFO - Processing /home/airflow/.local/lib/python3.12/site-packages/airflow/example_dags/example_complex.py took 0.638 seconds
[2024-11-17T09:21:29.758+0000] {processor.py:186} INFO - Started process (PID=3055) to work on /home/airflow/.local/lib/python3.12/site-packages/airflow/example_dags/example_complex.py
[2024-11-17T09:21:29.761+0000] {processor.py:914} INFO - Processing file /home/airflow/.local/lib/python3.12/site-packages/airflow/example_dags/example_complex.py for tasks to queue
[2024-11-17T09:21:29.767+0000] {logging_mixin.py:190} INFO - [2024-11-17T09:21:29.767+0000] {dagbag.py:588} INFO - Filling up the DagBag from /home/airflow/.local/lib/python3.12/site-packages/airflow/example_dags/example_complex.py
[2024-11-17T09:21:29.812+0000] {processor.py:925} INFO - DAG(s) 'example_complex' retrieved from /home/airflow/.local/lib/python3.12/site-packages/airflow/example_dags/example_complex.py
[2024-11-17T09:21:29.908+0000] {logging_mixin.py:190} INFO - [2024-11-17T09:21:29.908+0000] {dag.py:3239} INFO - Sync 1 DAGs
[2024-11-17T09:21:29.948+0000] {logging_mixin.py:190} INFO - [2024-11-17T09:21:29.947+0000] {dag.py:4180} INFO - Setting next_dagrun for example_complex to None, run_after=None
[2024-11-17T09:21:29.997+0000] {processor.py:208} INFO - Processing /home/airflow/.local/lib/python3.12/site-packages/airflow/example_dags/example_complex.py took 0.257 seconds
[2024-11-17T09:22:00.345+0000] {processor.py:186} INFO - Started process (PID=3120) to work on /home/airflow/.local/lib/python3.12/site-packages/airflow/example_dags/example_complex.py
[2024-11-17T09:22:00.348+0000] {processor.py:914} INFO - Processing file /home/airflow/.local/lib/python3.12/site-packages/airflow/example_dags/example_complex.py for tasks to queue
[2024-11-17T09:22:00.354+0000] {logging_mixin.py:190} INFO - [2024-11-17T09:22:00.353+0000] {dagbag.py:588} INFO - Filling up the DagBag from /home/airflow/.local/lib/python3.12/site-packages/airflow/example_dags/example_complex.py
[2024-11-17T09:22:00.391+0000] {processor.py:925} INFO - DAG(s) 'example_complex' retrieved from /home/airflow/.local/lib/python3.12/site-packages/airflow/example_dags/example_complex.py
[2024-11-17T09:22:00.491+0000] {logging_mixin.py:190} INFO - [2024-11-17T09:22:00.490+0000] {dag.py:3239} INFO - Sync 1 DAGs
[2024-11-17T09:22:00.542+0000] {logging_mixin.py:190} INFO - [2024-11-17T09:22:00.541+0000] {dag.py:4180} INFO - Setting next_dagrun for example_complex to None, run_after=None
[2024-11-17T09:22:00.620+0000] {processor.py:208} INFO - Processing /home/airflow/.local/lib/python3.12/site-packages/airflow/example_dags/example_complex.py took 0.291 seconds
[2024-11-17T09:22:30.934+0000] {processor.py:186} INFO - Started process (PID=3186) to work on /home/airflow/.local/lib/python3.12/site-packages/airflow/example_dags/example_complex.py
[2024-11-17T09:22:30.936+0000] {processor.py:914} INFO - Processing file /home/airflow/.local/lib/python3.12/site-packages/airflow/example_dags/example_complex.py for tasks to queue
[2024-11-17T09:22:30.943+0000] {logging_mixin.py:190} INFO - [2024-11-17T09:22:30.942+0000] {dagbag.py:588} INFO - Filling up the DagBag from /home/airflow/.local/lib/python3.12/site-packages/airflow/example_dags/example_complex.py
[2024-11-17T09:22:30.980+0000] {processor.py:925} INFO - DAG(s) 'example_complex' retrieved from /home/airflow/.local/lib/python3.12/site-packages/airflow/example_dags/example_complex.py
[2024-11-17T09:22:31.079+0000] {logging_mixin.py:190} INFO - [2024-11-17T09:22:31.078+0000] {dag.py:3239} INFO - Sync 1 DAGs
[2024-11-17T09:22:31.140+0000] {logging_mixin.py:190} INFO - [2024-11-17T09:22:31.139+0000] {dag.py:4180} INFO - Setting next_dagrun for example_complex to None, run_after=None
[2024-11-17T09:22:31.192+0000] {processor.py:208} INFO - Processing /home/airflow/.local/lib/python3.12/site-packages/airflow/example_dags/example_complex.py took 0.276 seconds
[2024-11-17T09:23:01.395+0000] {processor.py:186} INFO - Started process (PID=3251) to work on /home/airflow/.local/lib/python3.12/site-packages/airflow/example_dags/example_complex.py
[2024-11-17T09:23:01.398+0000] {processor.py:914} INFO - Processing file /home/airflow/.local/lib/python3.12/site-packages/airflow/example_dags/example_complex.py for tasks to queue
[2024-11-17T09:23:01.406+0000] {logging_mixin.py:190} INFO - [2024-11-17T09:23:01.405+0000] {dagbag.py:588} INFO - Filling up the DagBag from /home/airflow/.local/lib/python3.12/site-packages/airflow/example_dags/example_complex.py
[2024-11-17T09:23:01.447+0000] {processor.py:925} INFO - DAG(s) 'example_complex' retrieved from /home/airflow/.local/lib/python3.12/site-packages/airflow/example_dags/example_complex.py
[2024-11-17T09:23:01.962+0000] {logging_mixin.py:190} INFO - [2024-11-17T09:23:01.961+0000] {dag.py:3239} INFO - Sync 1 DAGs
[2024-11-17T09:23:02.004+0000] {logging_mixin.py:190} INFO - [2024-11-17T09:23:02.003+0000] {dag.py:4180} INFO - Setting next_dagrun for example_complex to None, run_after=None
[2024-11-17T09:23:02.056+0000] {processor.py:208} INFO - Processing /home/airflow/.local/lib/python3.12/site-packages/airflow/example_dags/example_complex.py took 0.680 seconds
[2024-11-17T09:23:32.257+0000] {processor.py:186} INFO - Started process (PID=3317) to work on /home/airflow/.local/lib/python3.12/site-packages/airflow/example_dags/example_complex.py
[2024-11-17T09:23:32.261+0000] {processor.py:914} INFO - Processing file /home/airflow/.local/lib/python3.12/site-packages/airflow/example_dags/example_complex.py for tasks to queue
[2024-11-17T09:23:32.269+0000] {logging_mixin.py:190} INFO - [2024-11-17T09:23:32.268+0000] {dagbag.py:588} INFO - Filling up the DagBag from /home/airflow/.local/lib/python3.12/site-packages/airflow/example_dags/example_complex.py
[2024-11-17T09:23:32.318+0000] {processor.py:925} INFO - DAG(s) 'example_complex' retrieved from /home/airflow/.local/lib/python3.12/site-packages/airflow/example_dags/example_complex.py
[2024-11-17T09:23:32.444+0000] {logging_mixin.py:190} INFO - [2024-11-17T09:23:32.443+0000] {dag.py:3239} INFO - Sync 1 DAGs
[2024-11-17T09:23:32.498+0000] {logging_mixin.py:190} INFO - [2024-11-17T09:23:32.497+0000] {dag.py:4180} INFO - Setting next_dagrun for example_complex to None, run_after=None
[2024-11-17T09:23:32.551+0000] {processor.py:208} INFO - Processing /home/airflow/.local/lib/python3.12/site-packages/airflow/example_dags/example_complex.py took 0.313 seconds
[2024-11-17T09:24:03.445+0000] {processor.py:186} INFO - Started process (PID=3383) to work on /home/airflow/.local/lib/python3.12/site-packages/airflow/example_dags/example_complex.py
[2024-11-17T09:24:03.448+0000] {processor.py:914} INFO - Processing file /home/airflow/.local/lib/python3.12/site-packages/airflow/example_dags/example_complex.py for tasks to queue
[2024-11-17T09:24:03.454+0000] {logging_mixin.py:190} INFO - [2024-11-17T09:24:03.454+0000] {dagbag.py:588} INFO - Filling up the DagBag from /home/airflow/.local/lib/python3.12/site-packages/airflow/example_dags/example_complex.py
[2024-11-17T09:24:03.501+0000] {processor.py:925} INFO - DAG(s) 'example_complex' retrieved from /home/airflow/.local/lib/python3.12/site-packages/airflow/example_dags/example_complex.py
[2024-11-17T09:24:03.632+0000] {logging_mixin.py:190} INFO - [2024-11-17T09:24:03.631+0000] {dag.py:3239} INFO - Sync 1 DAGs
[2024-11-17T09:24:03.679+0000] {logging_mixin.py:190} INFO - [2024-11-17T09:24:03.678+0000] {dag.py:4180} INFO - Setting next_dagrun for example_complex to None, run_after=None
[2024-11-17T09:24:03.747+0000] {processor.py:208} INFO - Processing /home/airflow/.local/lib/python3.12/site-packages/airflow/example_dags/example_complex.py took 0.323 seconds
[2024-11-17T09:24:34.561+0000] {processor.py:186} INFO - Started process (PID=3449) to work on /home/airflow/.local/lib/python3.12/site-packages/airflow/example_dags/example_complex.py
[2024-11-17T09:24:34.565+0000] {processor.py:914} INFO - Processing file /home/airflow/.local/lib/python3.12/site-packages/airflow/example_dags/example_complex.py for tasks to queue
[2024-11-17T09:24:34.575+0000] {logging_mixin.py:190} INFO - [2024-11-17T09:24:34.574+0000] {dagbag.py:588} INFO - Filling up the DagBag from /home/airflow/.local/lib/python3.12/site-packages/airflow/example_dags/example_complex.py
[2024-11-17T09:24:34.645+0000] {processor.py:925} INFO - DAG(s) 'example_complex' retrieved from /home/airflow/.local/lib/python3.12/site-packages/airflow/example_dags/example_complex.py
[2024-11-17T09:24:34.782+0000] {logging_mixin.py:190} INFO - [2024-11-17T09:24:34.781+0000] {dag.py:3239} INFO - Sync 1 DAGs
[2024-11-17T09:24:34.844+0000] {logging_mixin.py:190} INFO - [2024-11-17T09:24:34.844+0000] {dag.py:4180} INFO - Setting next_dagrun for example_complex to None, run_after=None
[2024-11-17T09:24:34.909+0000] {processor.py:208} INFO - Processing /home/airflow/.local/lib/python3.12/site-packages/airflow/example_dags/example_complex.py took 0.368 seconds
[2024-11-17T09:25:05.191+0000] {processor.py:186} INFO - Started process (PID=3514) to work on /home/airflow/.local/lib/python3.12/site-packages/airflow/example_dags/example_complex.py
[2024-11-17T09:25:05.194+0000] {processor.py:914} INFO - Processing file /home/airflow/.local/lib/python3.12/site-packages/airflow/example_dags/example_complex.py for tasks to queue
[2024-11-17T09:25:05.200+0000] {logging_mixin.py:190} INFO - [2024-11-17T09:25:05.199+0000] {dagbag.py:588} INFO - Filling up the DagBag from /home/airflow/.local/lib/python3.12/site-packages/airflow/example_dags/example_complex.py
[2024-11-17T09:25:05.243+0000] {processor.py:925} INFO - DAG(s) 'example_complex' retrieved from /home/airflow/.local/lib/python3.12/site-packages/airflow/example_dags/example_complex.py
[2024-11-17T09:25:05.356+0000] {logging_mixin.py:190} INFO - [2024-11-17T09:25:05.355+0000] {dag.py:3239} INFO - Sync 1 DAGs
[2024-11-17T09:25:05.410+0000] {logging_mixin.py:190} INFO - [2024-11-17T09:25:05.409+0000] {dag.py:4180} INFO - Setting next_dagrun for example_complex to None, run_after=None
[2024-11-17T09:25:05.473+0000] {processor.py:208} INFO - Processing /home/airflow/.local/lib/python3.12/site-packages/airflow/example_dags/example_complex.py took 0.299 seconds
[2024-11-17T09:25:35.726+0000] {processor.py:186} INFO - Started process (PID=3581) to work on /home/airflow/.local/lib/python3.12/site-packages/airflow/example_dags/example_complex.py
[2024-11-17T09:25:35.729+0000] {processor.py:914} INFO - Processing file /home/airflow/.local/lib/python3.12/site-packages/airflow/example_dags/example_complex.py for tasks to queue
[2024-11-17T09:25:35.735+0000] {logging_mixin.py:190} INFO - [2024-11-17T09:25:35.734+0000] {dagbag.py:588} INFO - Filling up the DagBag from /home/airflow/.local/lib/python3.12/site-packages/airflow/example_dags/example_complex.py
[2024-11-17T09:25:35.772+0000] {processor.py:925} INFO - DAG(s) 'example_complex' retrieved from /home/airflow/.local/lib/python3.12/site-packages/airflow/example_dags/example_complex.py
[2024-11-17T09:25:35.877+0000] {logging_mixin.py:190} INFO - [2024-11-17T09:25:35.876+0000] {dag.py:3239} INFO - Sync 1 DAGs
[2024-11-17T09:25:35.919+0000] {logging_mixin.py:190} INFO - [2024-11-17T09:25:35.919+0000] {dag.py:4180} INFO - Setting next_dagrun for example_complex to None, run_after=None
[2024-11-17T09:25:35.974+0000] {processor.py:208} INFO - Processing /home/airflow/.local/lib/python3.12/site-packages/airflow/example_dags/example_complex.py took 0.271 seconds
[2024-11-17T09:26:06.124+0000] {processor.py:186} INFO - Started process (PID=3646) to work on /home/airflow/.local/lib/python3.12/site-packages/airflow/example_dags/example_complex.py
[2024-11-17T09:26:06.127+0000] {processor.py:914} INFO - Processing file /home/airflow/.local/lib/python3.12/site-packages/airflow/example_dags/example_complex.py for tasks to queue
[2024-11-17T09:26:06.134+0000] {logging_mixin.py:190} INFO - [2024-11-17T09:26:06.133+0000] {dagbag.py:588} INFO - Filling up the DagBag from /home/airflow/.local/lib/python3.12/site-packages/airflow/example_dags/example_complex.py
[2024-11-17T09:26:06.176+0000] {processor.py:925} INFO - DAG(s) 'example_complex' retrieved from /home/airflow/.local/lib/python3.12/site-packages/airflow/example_dags/example_complex.py
[2024-11-17T09:26:06.280+0000] {logging_mixin.py:190} INFO - [2024-11-17T09:26:06.279+0000] {dag.py:3239} INFO - Sync 1 DAGs
[2024-11-17T09:26:06.328+0000] {logging_mixin.py:190} INFO - [2024-11-17T09:26:06.327+0000] {dag.py:4180} INFO - Setting next_dagrun for example_complex to None, run_after=None
[2024-11-17T09:26:06.386+0000] {processor.py:208} INFO - Processing /home/airflow/.local/lib/python3.12/site-packages/airflow/example_dags/example_complex.py took 0.284 seconds
[2024-11-17T09:26:36.733+0000] {processor.py:186} INFO - Started process (PID=3711) to work on /home/airflow/.local/lib/python3.12/site-packages/airflow/example_dags/example_complex.py
[2024-11-17T09:26:36.736+0000] {processor.py:914} INFO - Processing file /home/airflow/.local/lib/python3.12/site-packages/airflow/example_dags/example_complex.py for tasks to queue
[2024-11-17T09:26:36.744+0000] {logging_mixin.py:190} INFO - [2024-11-17T09:26:36.743+0000] {dagbag.py:588} INFO - Filling up the DagBag from /home/airflow/.local/lib/python3.12/site-packages/airflow/example_dags/example_complex.py
[2024-11-17T09:26:36.789+0000] {processor.py:925} INFO - DAG(s) 'example_complex' retrieved from /home/airflow/.local/lib/python3.12/site-packages/airflow/example_dags/example_complex.py
[2024-11-17T09:26:36.923+0000] {logging_mixin.py:190} INFO - [2024-11-17T09:26:36.922+0000] {dag.py:3239} INFO - Sync 1 DAGs
[2024-11-17T09:26:36.987+0000] {logging_mixin.py:190} INFO - [2024-11-17T09:26:36.987+0000] {dag.py:4180} INFO - Setting next_dagrun for example_complex to None, run_after=None
[2024-11-17T09:26:37.058+0000] {processor.py:208} INFO - Processing /home/airflow/.local/lib/python3.12/site-packages/airflow/example_dags/example_complex.py took 0.349 seconds
[2024-11-17T09:27:07.471+0000] {processor.py:186} INFO - Started process (PID=3778) to work on /home/airflow/.local/lib/python3.12/site-packages/airflow/example_dags/example_complex.py
[2024-11-17T09:27:07.474+0000] {processor.py:914} INFO - Processing file /home/airflow/.local/lib/python3.12/site-packages/airflow/example_dags/example_complex.py for tasks to queue
[2024-11-17T09:27:07.481+0000] {logging_mixin.py:190} INFO - [2024-11-17T09:27:07.480+0000] {dagbag.py:588} INFO - Filling up the DagBag from /home/airflow/.local/lib/python3.12/site-packages/airflow/example_dags/example_complex.py
[2024-11-17T09:27:07.541+0000] {processor.py:925} INFO - DAG(s) 'example_complex' retrieved from /home/airflow/.local/lib/python3.12/site-packages/airflow/example_dags/example_complex.py
[2024-11-17T09:27:07.662+0000] {logging_mixin.py:190} INFO - [2024-11-17T09:27:07.661+0000] {dag.py:3239} INFO - Sync 1 DAGs
[2024-11-17T09:27:07.711+0000] {logging_mixin.py:190} INFO - [2024-11-17T09:27:07.710+0000] {dag.py:4180} INFO - Setting next_dagrun for example_complex to None, run_after=None
[2024-11-17T09:27:07.768+0000] {processor.py:208} INFO - Processing /home/airflow/.local/lib/python3.12/site-packages/airflow/example_dags/example_complex.py took 0.318 seconds
[2024-11-17T09:27:38.418+0000] {processor.py:186} INFO - Started process (PID=3844) to work on /home/airflow/.local/lib/python3.12/site-packages/airflow/example_dags/example_complex.py
[2024-11-17T09:27:38.421+0000] {processor.py:914} INFO - Processing file /home/airflow/.local/lib/python3.12/site-packages/airflow/example_dags/example_complex.py for tasks to queue
[2024-11-17T09:27:38.428+0000] {logging_mixin.py:190} INFO - [2024-11-17T09:27:38.427+0000] {dagbag.py:588} INFO - Filling up the DagBag from /home/airflow/.local/lib/python3.12/site-packages/airflow/example_dags/example_complex.py
[2024-11-17T09:27:38.476+0000] {processor.py:925} INFO - DAG(s) 'example_complex' retrieved from /home/airflow/.local/lib/python3.12/site-packages/airflow/example_dags/example_complex.py
[2024-11-17T09:27:38.604+0000] {logging_mixin.py:190} INFO - [2024-11-17T09:27:38.603+0000] {dag.py:3239} INFO - Sync 1 DAGs
[2024-11-17T09:27:38.665+0000] {logging_mixin.py:190} INFO - [2024-11-17T09:27:38.664+0000] {dag.py:4180} INFO - Setting next_dagrun for example_complex to None, run_after=None
[2024-11-17T09:27:38.752+0000] {processor.py:208} INFO - Processing /home/airflow/.local/lib/python3.12/site-packages/airflow/example_dags/example_complex.py took 0.354 seconds
[2024-11-17T09:28:08.946+0000] {processor.py:186} INFO - Started process (PID=3910) to work on /home/airflow/.local/lib/python3.12/site-packages/airflow/example_dags/example_complex.py
[2024-11-17T09:28:08.949+0000] {processor.py:914} INFO - Processing file /home/airflow/.local/lib/python3.12/site-packages/airflow/example_dags/example_complex.py for tasks to queue
[2024-11-17T09:28:08.957+0000] {logging_mixin.py:190} INFO - [2024-11-17T09:28:08.956+0000] {dagbag.py:588} INFO - Filling up the DagBag from /home/airflow/.local/lib/python3.12/site-packages/airflow/example_dags/example_complex.py
[2024-11-17T09:28:09.005+0000] {processor.py:925} INFO - DAG(s) 'example_complex' retrieved from /home/airflow/.local/lib/python3.12/site-packages/airflow/example_dags/example_complex.py
[2024-11-17T09:28:09.128+0000] {logging_mixin.py:190} INFO - [2024-11-17T09:28:09.127+0000] {dag.py:3239} INFO - Sync 1 DAGs
[2024-11-17T09:28:09.170+0000] {logging_mixin.py:190} INFO - [2024-11-17T09:28:09.170+0000] {dag.py:4180} INFO - Setting next_dagrun for example_complex to None, run_after=None
[2024-11-17T09:28:09.226+0000] {processor.py:208} INFO - Processing /home/airflow/.local/lib/python3.12/site-packages/airflow/example_dags/example_complex.py took 0.300 seconds
