[2024-11-17T08:57:48.488+0000] {processor.py:186} INFO - Started process (PID=83) to work on /home/airflow/.local/lib/python3.12/site-packages/airflow/example_dags/example_external_task_marker_dag.py
[2024-11-17T08:57:48.491+0000] {processor.py:914} INFO - Processing file /home/airflow/.local/lib/python3.12/site-packages/airflow/example_dags/example_external_task_marker_dag.py for tasks to queue
[2024-11-17T08:57:48.498+0000] {logging_mixin.py:190} INFO - [2024-11-17T08:57:48.497+0000] {dagbag.py:588} INFO - Filling up the DagBag from /home/airflow/.local/lib/python3.12/site-packages/airflow/example_dags/example_external_task_marker_dag.py
[2024-11-17T08:57:48.534+0000] {processor.py:925} INFO - DAG(s) 'example_external_task_marker_child', 'example_external_task_marker_parent' retrieved from /home/airflow/.local/lib/python3.12/site-packages/airflow/example_dags/example_external_task_marker_dag.py
[2024-11-17T08:57:48.913+0000] {logging_mixin.py:190} INFO - [2024-11-17T08:57:48.908+0000] {override.py:1911} INFO - Created Permission View: can delete on DAG:example_external_task_marker_child
[2024-11-17T08:57:48.944+0000] {logging_mixin.py:190} INFO - [2024-11-17T08:57:48.944+0000] {override.py:1911} INFO - Created Permission View: can edit on DAG:example_external_task_marker_child
[2024-11-17T08:57:48.964+0000] {logging_mixin.py:190} INFO - [2024-11-17T08:57:48.963+0000] {override.py:1911} INFO - Created Permission View: can read on DAG:example_external_task_marker_child
[2024-11-17T08:57:48.990+0000] {logging_mixin.py:190} INFO - [2024-11-17T08:57:48.989+0000] {override.py:1911} INFO - Created Permission View: can delete on DAG Run:example_external_task_marker_child
[2024-11-17T08:57:49.014+0000] {logging_mixin.py:190} INFO - [2024-11-17T08:57:49.014+0000] {override.py:1911} INFO - Created Permission View: menu access on DAG Run:example_external_task_marker_child
[2024-11-17T08:57:49.037+0000] {logging_mixin.py:190} INFO - [2024-11-17T08:57:49.036+0000] {override.py:1911} INFO - Created Permission View: can create on DAG Run:example_external_task_marker_child
[2024-11-17T08:57:49.057+0000] {logging_mixin.py:190} INFO - [2024-11-17T08:57:49.056+0000] {override.py:1911} INFO - Created Permission View: can read on DAG Run:example_external_task_marker_child
[2024-11-17T08:57:49.093+0000] {logging_mixin.py:190} INFO - [2024-11-17T08:57:49.092+0000] {override.py:1911} INFO - Created Permission View: can delete on DAG:example_external_task_marker_parent
[2024-11-17T08:57:49.110+0000] {logging_mixin.py:190} INFO - [2024-11-17T08:57:49.110+0000] {override.py:1911} INFO - Created Permission View: can edit on DAG:example_external_task_marker_parent
[2024-11-17T08:57:49.129+0000] {logging_mixin.py:190} INFO - [2024-11-17T08:57:49.128+0000] {override.py:1911} INFO - Created Permission View: can read on DAG:example_external_task_marker_parent
[2024-11-17T08:57:49.154+0000] {logging_mixin.py:190} INFO - [2024-11-17T08:57:49.153+0000] {override.py:1911} INFO - Created Permission View: can delete on DAG Run:example_external_task_marker_parent
[2024-11-17T08:57:49.177+0000] {logging_mixin.py:190} INFO - [2024-11-17T08:57:49.176+0000] {override.py:1911} INFO - Created Permission View: menu access on DAG Run:example_external_task_marker_parent
[2024-11-17T08:57:49.203+0000] {logging_mixin.py:190} INFO - [2024-11-17T08:57:49.202+0000] {override.py:1911} INFO - Created Permission View: can create on DAG Run:example_external_task_marker_parent
[2024-11-17T08:57:49.229+0000] {logging_mixin.py:190} INFO - [2024-11-17T08:57:49.228+0000] {override.py:1911} INFO - Created Permission View: can read on DAG Run:example_external_task_marker_parent
[2024-11-17T08:57:49.231+0000] {logging_mixin.py:190} INFO - [2024-11-17T08:57:49.230+0000] {dag.py:3239} INFO - Sync 2 DAGs
[2024-11-17T08:57:49.287+0000] {logging_mixin.py:190} INFO - [2024-11-17T08:57:49.287+0000] {dag.py:3262} INFO - Creating ORM DAG for example_external_task_marker_child
[2024-11-17T08:57:49.290+0000] {logging_mixin.py:190} INFO - [2024-11-17T08:57:49.289+0000] {dag.py:3262} INFO - Creating ORM DAG for example_external_task_marker_parent
[2024-11-17T08:57:49.293+0000] {logging_mixin.py:190} INFO - [2024-11-17T08:57:49.292+0000] {dag.py:4180} INFO - Setting next_dagrun for example_external_task_marker_child to None, run_after=None
[2024-11-17T08:57:49.296+0000] {logging_mixin.py:190} INFO - [2024-11-17T08:57:49.295+0000] {dag.py:4180} INFO - Setting next_dagrun for example_external_task_marker_parent to None, run_after=None
[2024-11-17T08:57:49.364+0000] {processor.py:208} INFO - Processing /home/airflow/.local/lib/python3.12/site-packages/airflow/example_dags/example_external_task_marker_dag.py took 0.894 seconds
[2024-11-17T08:58:19.699+0000] {processor.py:186} INFO - Started process (PID=149) to work on /home/airflow/.local/lib/python3.12/site-packages/airflow/example_dags/example_external_task_marker_dag.py
[2024-11-17T08:58:19.703+0000] {processor.py:914} INFO - Processing file /home/airflow/.local/lib/python3.12/site-packages/airflow/example_dags/example_external_task_marker_dag.py for tasks to queue
[2024-11-17T08:58:19.715+0000] {logging_mixin.py:190} INFO - [2024-11-17T08:58:19.710+0000] {dagbag.py:588} INFO - Filling up the DagBag from /home/airflow/.local/lib/python3.12/site-packages/airflow/example_dags/example_external_task_marker_dag.py
[2024-11-17T08:58:19.747+0000] {processor.py:925} INFO - DAG(s) 'example_external_task_marker_parent', 'example_external_task_marker_child' retrieved from /home/airflow/.local/lib/python3.12/site-packages/airflow/example_dags/example_external_task_marker_dag.py
[2024-11-17T08:58:19.829+0000] {logging_mixin.py:190} INFO - [2024-11-17T08:58:19.828+0000] {dag.py:3239} INFO - Sync 2 DAGs
[2024-11-17T08:58:19.888+0000] {logging_mixin.py:190} INFO - [2024-11-17T08:58:19.888+0000] {dag.py:4180} INFO - Setting next_dagrun for example_external_task_marker_child to None, run_after=None
[2024-11-17T08:58:19.898+0000] {logging_mixin.py:190} INFO - [2024-11-17T08:58:19.898+0000] {dag.py:4180} INFO - Setting next_dagrun for example_external_task_marker_parent to None, run_after=None
[2024-11-17T08:58:19.967+0000] {processor.py:208} INFO - Processing /home/airflow/.local/lib/python3.12/site-packages/airflow/example_dags/example_external_task_marker_dag.py took 0.287 seconds
[2024-11-17T08:58:53.414+0000] {processor.py:186} INFO - Started process (PID=207) to work on /home/airflow/.local/lib/python3.12/site-packages/airflow/example_dags/example_external_task_marker_dag.py
[2024-11-17T08:58:53.418+0000] {processor.py:914} INFO - Processing file /home/airflow/.local/lib/python3.12/site-packages/airflow/example_dags/example_external_task_marker_dag.py for tasks to queue
[2024-11-17T08:58:53.428+0000] {logging_mixin.py:190} INFO - [2024-11-17T08:58:53.426+0000] {dagbag.py:588} INFO - Filling up the DagBag from /home/airflow/.local/lib/python3.12/site-packages/airflow/example_dags/example_external_task_marker_dag.py
[2024-11-17T08:58:53.463+0000] {processor.py:925} INFO - DAG(s) 'example_external_task_marker_child', 'example_external_task_marker_parent' retrieved from /home/airflow/.local/lib/python3.12/site-packages/airflow/example_dags/example_external_task_marker_dag.py
[2024-11-17T08:58:53.536+0000] {logging_mixin.py:190} INFO - [2024-11-17T08:58:53.536+0000] {dag.py:3239} INFO - Sync 2 DAGs
[2024-11-17T08:58:53.579+0000] {logging_mixin.py:190} INFO - [2024-11-17T08:58:53.578+0000] {dag.py:4180} INFO - Setting next_dagrun for example_external_task_marker_child to None, run_after=None
[2024-11-17T08:58:53.589+0000] {logging_mixin.py:190} INFO - [2024-11-17T08:58:53.589+0000] {dag.py:4180} INFO - Setting next_dagrun for example_external_task_marker_parent to None, run_after=None
[2024-11-17T08:58:53.640+0000] {processor.py:208} INFO - Processing /home/airflow/.local/lib/python3.12/site-packages/airflow/example_dags/example_external_task_marker_dag.py took 0.250 seconds
[2024-11-17T08:59:30.376+0000] {processor.py:186} INFO - Started process (PID=270) to work on /home/airflow/.local/lib/python3.12/site-packages/airflow/example_dags/example_external_task_marker_dag.py
[2024-11-17T08:59:30.379+0000] {processor.py:914} INFO - Processing file /home/airflow/.local/lib/python3.12/site-packages/airflow/example_dags/example_external_task_marker_dag.py for tasks to queue
[2024-11-17T08:59:30.385+0000] {logging_mixin.py:190} INFO - [2024-11-17T08:59:30.384+0000] {dagbag.py:588} INFO - Filling up the DagBag from /home/airflow/.local/lib/python3.12/site-packages/airflow/example_dags/example_external_task_marker_dag.py
[2024-11-17T08:59:30.412+0000] {processor.py:925} INFO - DAG(s) 'example_external_task_marker_parent', 'example_external_task_marker_child' retrieved from /home/airflow/.local/lib/python3.12/site-packages/airflow/example_dags/example_external_task_marker_dag.py
[2024-11-17T08:59:30.475+0000] {logging_mixin.py:190} INFO - [2024-11-17T08:59:30.474+0000] {dag.py:3239} INFO - Sync 2 DAGs
[2024-11-17T08:59:30.518+0000] {logging_mixin.py:190} INFO - [2024-11-17T08:59:30.517+0000] {dag.py:4180} INFO - Setting next_dagrun for example_external_task_marker_child to None, run_after=None
[2024-11-17T08:59:30.529+0000] {logging_mixin.py:190} INFO - [2024-11-17T08:59:30.528+0000] {dag.py:4180} INFO - Setting next_dagrun for example_external_task_marker_parent to None, run_after=None
[2024-11-17T08:59:30.575+0000] {processor.py:208} INFO - Processing /home/airflow/.local/lib/python3.12/site-packages/airflow/example_dags/example_external_task_marker_dag.py took 0.216 seconds
[2024-11-17T09:00:01.503+0000] {processor.py:186} INFO - Started process (PID=336) to work on /home/airflow/.local/lib/python3.12/site-packages/airflow/example_dags/example_external_task_marker_dag.py
[2024-11-17T09:00:01.506+0000] {processor.py:914} INFO - Processing file /home/airflow/.local/lib/python3.12/site-packages/airflow/example_dags/example_external_task_marker_dag.py for tasks to queue
[2024-11-17T09:00:01.513+0000] {logging_mixin.py:190} INFO - [2024-11-17T09:00:01.512+0000] {dagbag.py:588} INFO - Filling up the DagBag from /home/airflow/.local/lib/python3.12/site-packages/airflow/example_dags/example_external_task_marker_dag.py
[2024-11-17T09:00:01.542+0000] {processor.py:925} INFO - DAG(s) 'example_external_task_marker_child', 'example_external_task_marker_parent' retrieved from /home/airflow/.local/lib/python3.12/site-packages/airflow/example_dags/example_external_task_marker_dag.py
[2024-11-17T09:00:01.620+0000] {logging_mixin.py:190} INFO - [2024-11-17T09:00:01.619+0000] {dag.py:3239} INFO - Sync 2 DAGs
[2024-11-17T09:00:01.668+0000] {logging_mixin.py:190} INFO - [2024-11-17T09:00:01.667+0000] {dag.py:4180} INFO - Setting next_dagrun for example_external_task_marker_child to None, run_after=None
[2024-11-17T09:00:01.687+0000] {logging_mixin.py:190} INFO - [2024-11-17T09:00:01.686+0000] {dag.py:4180} INFO - Setting next_dagrun for example_external_task_marker_parent to None, run_after=None
[2024-11-17T09:00:01.733+0000] {processor.py:208} INFO - Processing /home/airflow/.local/lib/python3.12/site-packages/airflow/example_dags/example_external_task_marker_dag.py took 0.248 seconds
[2024-11-17T09:00:33.710+0000] {processor.py:186} INFO - Started process (PID=403) to work on /home/airflow/.local/lib/python3.12/site-packages/airflow/example_dags/example_external_task_marker_dag.py
[2024-11-17T09:00:33.714+0000] {processor.py:914} INFO - Processing file /home/airflow/.local/lib/python3.12/site-packages/airflow/example_dags/example_external_task_marker_dag.py for tasks to queue
[2024-11-17T09:00:33.725+0000] {logging_mixin.py:190} INFO - [2024-11-17T09:00:33.722+0000] {dagbag.py:588} INFO - Filling up the DagBag from /home/airflow/.local/lib/python3.12/site-packages/airflow/example_dags/example_external_task_marker_dag.py
[2024-11-17T09:00:33.759+0000] {processor.py:925} INFO - DAG(s) 'example_external_task_marker_child', 'example_external_task_marker_parent' retrieved from /home/airflow/.local/lib/python3.12/site-packages/airflow/example_dags/example_external_task_marker_dag.py
[2024-11-17T09:00:33.867+0000] {logging_mixin.py:190} INFO - [2024-11-17T09:00:33.866+0000] {dag.py:3239} INFO - Sync 2 DAGs
[2024-11-17T09:00:33.945+0000] {logging_mixin.py:190} INFO - [2024-11-17T09:00:33.945+0000] {dag.py:4180} INFO - Setting next_dagrun for example_external_task_marker_child to None, run_after=None
[2024-11-17T09:00:33.958+0000] {logging_mixin.py:190} INFO - [2024-11-17T09:00:33.958+0000] {dag.py:4180} INFO - Setting next_dagrun for example_external_task_marker_parent to None, run_after=None
[2024-11-17T09:00:34.022+0000] {processor.py:208} INFO - Processing /home/airflow/.local/lib/python3.12/site-packages/airflow/example_dags/example_external_task_marker_dag.py took 0.338 seconds
[2024-11-17T09:01:05.971+0000] {processor.py:186} INFO - Started process (PID=469) to work on /home/airflow/.local/lib/python3.12/site-packages/airflow/example_dags/example_external_task_marker_dag.py
[2024-11-17T09:01:05.974+0000] {processor.py:914} INFO - Processing file /home/airflow/.local/lib/python3.12/site-packages/airflow/example_dags/example_external_task_marker_dag.py for tasks to queue
[2024-11-17T09:01:05.981+0000] {logging_mixin.py:190} INFO - [2024-11-17T09:01:05.981+0000] {dagbag.py:588} INFO - Filling up the DagBag from /home/airflow/.local/lib/python3.12/site-packages/airflow/example_dags/example_external_task_marker_dag.py
[2024-11-17T09:01:06.012+0000] {processor.py:925} INFO - DAG(s) 'example_external_task_marker_parent', 'example_external_task_marker_child' retrieved from /home/airflow/.local/lib/python3.12/site-packages/airflow/example_dags/example_external_task_marker_dag.py
[2024-11-17T09:01:06.085+0000] {logging_mixin.py:190} INFO - [2024-11-17T09:01:06.084+0000] {dag.py:3239} INFO - Sync 2 DAGs
[2024-11-17T09:01:06.127+0000] {logging_mixin.py:190} INFO - [2024-11-17T09:01:06.127+0000] {dag.py:4180} INFO - Setting next_dagrun for example_external_task_marker_child to None, run_after=None
[2024-11-17T09:01:06.137+0000] {logging_mixin.py:190} INFO - [2024-11-17T09:01:06.137+0000] {dag.py:4180} INFO - Setting next_dagrun for example_external_task_marker_parent to None, run_after=None
[2024-11-17T09:01:06.184+0000] {processor.py:208} INFO - Processing /home/airflow/.local/lib/python3.12/site-packages/airflow/example_dags/example_external_task_marker_dag.py took 0.233 seconds
[2024-11-17T09:01:38.424+0000] {processor.py:186} INFO - Started process (PID=541) to work on /home/airflow/.local/lib/python3.12/site-packages/airflow/example_dags/example_external_task_marker_dag.py
[2024-11-17T09:01:38.427+0000] {processor.py:914} INFO - Processing file /home/airflow/.local/lib/python3.12/site-packages/airflow/example_dags/example_external_task_marker_dag.py for tasks to queue
[2024-11-17T09:01:38.433+0000] {logging_mixin.py:190} INFO - [2024-11-17T09:01:38.432+0000] {dagbag.py:588} INFO - Filling up the DagBag from /home/airflow/.local/lib/python3.12/site-packages/airflow/example_dags/example_external_task_marker_dag.py
[2024-11-17T09:01:38.456+0000] {processor.py:925} INFO - DAG(s) 'example_external_task_marker_parent', 'example_external_task_marker_child' retrieved from /home/airflow/.local/lib/python3.12/site-packages/airflow/example_dags/example_external_task_marker_dag.py
[2024-11-17T09:01:38.517+0000] {logging_mixin.py:190} INFO - [2024-11-17T09:01:38.517+0000] {dag.py:3239} INFO - Sync 2 DAGs
[2024-11-17T09:01:38.558+0000] {logging_mixin.py:190} INFO - [2024-11-17T09:01:38.558+0000] {dag.py:4180} INFO - Setting next_dagrun for example_external_task_marker_child to None, run_after=None
[2024-11-17T09:01:38.569+0000] {logging_mixin.py:190} INFO - [2024-11-17T09:01:38.568+0000] {dag.py:4180} INFO - Setting next_dagrun for example_external_task_marker_parent to None, run_after=None
[2024-11-17T09:01:38.617+0000] {processor.py:208} INFO - Processing /home/airflow/.local/lib/python3.12/site-packages/airflow/example_dags/example_external_task_marker_dag.py took 0.210 seconds
[2024-11-17T09:02:10.385+0000] {processor.py:186} INFO - Started process (PID=603) to work on /home/airflow/.local/lib/python3.12/site-packages/airflow/example_dags/example_external_task_marker_dag.py
[2024-11-17T09:02:10.389+0000] {processor.py:914} INFO - Processing file /home/airflow/.local/lib/python3.12/site-packages/airflow/example_dags/example_external_task_marker_dag.py for tasks to queue
[2024-11-17T09:02:10.397+0000] {logging_mixin.py:190} INFO - [2024-11-17T09:02:10.396+0000] {dagbag.py:588} INFO - Filling up the DagBag from /home/airflow/.local/lib/python3.12/site-packages/airflow/example_dags/example_external_task_marker_dag.py
[2024-11-17T09:02:10.423+0000] {processor.py:925} INFO - DAG(s) 'example_external_task_marker_parent', 'example_external_task_marker_child' retrieved from /home/airflow/.local/lib/python3.12/site-packages/airflow/example_dags/example_external_task_marker_dag.py
[2024-11-17T09:02:10.499+0000] {logging_mixin.py:190} INFO - [2024-11-17T09:02:10.498+0000] {dag.py:3239} INFO - Sync 2 DAGs
[2024-11-17T09:02:10.545+0000] {logging_mixin.py:190} INFO - [2024-11-17T09:02:10.544+0000] {dag.py:4180} INFO - Setting next_dagrun for example_external_task_marker_child to None, run_after=None
[2024-11-17T09:02:10.555+0000] {logging_mixin.py:190} INFO - [2024-11-17T09:02:10.555+0000] {dag.py:4180} INFO - Setting next_dagrun for example_external_task_marker_parent to None, run_after=None
[2024-11-17T09:02:10.601+0000] {processor.py:208} INFO - Processing /home/airflow/.local/lib/python3.12/site-packages/airflow/example_dags/example_external_task_marker_dag.py took 0.235 seconds
[2024-11-17T09:02:43.124+0000] {processor.py:186} INFO - Started process (PID=665) to work on /home/airflow/.local/lib/python3.12/site-packages/airflow/example_dags/example_external_task_marker_dag.py
[2024-11-17T09:02:43.127+0000] {processor.py:914} INFO - Processing file /home/airflow/.local/lib/python3.12/site-packages/airflow/example_dags/example_external_task_marker_dag.py for tasks to queue
[2024-11-17T09:02:43.136+0000] {logging_mixin.py:190} INFO - [2024-11-17T09:02:43.135+0000] {dagbag.py:588} INFO - Filling up the DagBag from /home/airflow/.local/lib/python3.12/site-packages/airflow/example_dags/example_external_task_marker_dag.py
[2024-11-17T09:02:43.163+0000] {processor.py:925} INFO - DAG(s) 'example_external_task_marker_child', 'example_external_task_marker_parent' retrieved from /home/airflow/.local/lib/python3.12/site-packages/airflow/example_dags/example_external_task_marker_dag.py
[2024-11-17T09:02:43.252+0000] {logging_mixin.py:190} INFO - [2024-11-17T09:02:43.251+0000] {dag.py:3239} INFO - Sync 2 DAGs
[2024-11-17T09:02:43.297+0000] {logging_mixin.py:190} INFO - [2024-11-17T09:02:43.296+0000] {dag.py:4180} INFO - Setting next_dagrun for example_external_task_marker_child to None, run_after=None
[2024-11-17T09:02:43.310+0000] {logging_mixin.py:190} INFO - [2024-11-17T09:02:43.310+0000] {dag.py:4180} INFO - Setting next_dagrun for example_external_task_marker_parent to None, run_after=None
[2024-11-17T09:02:43.368+0000] {processor.py:208} INFO - Processing /home/airflow/.local/lib/python3.12/site-packages/airflow/example_dags/example_external_task_marker_dag.py took 0.269 seconds
[2024-11-17T09:03:15.207+0000] {processor.py:186} INFO - Started process (PID=731) to work on /home/airflow/.local/lib/python3.12/site-packages/airflow/example_dags/example_external_task_marker_dag.py
[2024-11-17T09:03:15.210+0000] {processor.py:914} INFO - Processing file /home/airflow/.local/lib/python3.12/site-packages/airflow/example_dags/example_external_task_marker_dag.py for tasks to queue
[2024-11-17T09:03:15.220+0000] {logging_mixin.py:190} INFO - [2024-11-17T09:03:15.219+0000] {dagbag.py:588} INFO - Filling up the DagBag from /home/airflow/.local/lib/python3.12/site-packages/airflow/example_dags/example_external_task_marker_dag.py
[2024-11-17T09:03:15.255+0000] {processor.py:925} INFO - DAG(s) 'example_external_task_marker_child', 'example_external_task_marker_parent' retrieved from /home/airflow/.local/lib/python3.12/site-packages/airflow/example_dags/example_external_task_marker_dag.py
[2024-11-17T09:03:15.353+0000] {logging_mixin.py:190} INFO - [2024-11-17T09:03:15.351+0000] {dag.py:3239} INFO - Sync 2 DAGs
[2024-11-17T09:03:15.434+0000] {logging_mixin.py:190} INFO - [2024-11-17T09:03:15.433+0000] {dag.py:4180} INFO - Setting next_dagrun for example_external_task_marker_child to None, run_after=None
[2024-11-17T09:03:15.453+0000] {logging_mixin.py:190} INFO - [2024-11-17T09:03:15.452+0000] {dag.py:4180} INFO - Setting next_dagrun for example_external_task_marker_parent to None, run_after=None
[2024-11-17T09:03:15.519+0000] {processor.py:208} INFO - Processing /home/airflow/.local/lib/python3.12/site-packages/airflow/example_dags/example_external_task_marker_dag.py took 0.334 seconds
[2024-11-17T09:03:47.372+0000] {processor.py:186} INFO - Started process (PID=797) to work on /home/airflow/.local/lib/python3.12/site-packages/airflow/example_dags/example_external_task_marker_dag.py
[2024-11-17T09:03:47.375+0000] {processor.py:914} INFO - Processing file /home/airflow/.local/lib/python3.12/site-packages/airflow/example_dags/example_external_task_marker_dag.py for tasks to queue
[2024-11-17T09:03:47.382+0000] {logging_mixin.py:190} INFO - [2024-11-17T09:03:47.381+0000] {dagbag.py:588} INFO - Filling up the DagBag from /home/airflow/.local/lib/python3.12/site-packages/airflow/example_dags/example_external_task_marker_dag.py
[2024-11-17T09:03:47.408+0000] {processor.py:925} INFO - DAG(s) 'example_external_task_marker_child', 'example_external_task_marker_parent' retrieved from /home/airflow/.local/lib/python3.12/site-packages/airflow/example_dags/example_external_task_marker_dag.py
[2024-11-17T09:03:47.480+0000] {logging_mixin.py:190} INFO - [2024-11-17T09:03:47.480+0000] {dag.py:3239} INFO - Sync 2 DAGs
[2024-11-17T09:03:47.536+0000] {logging_mixin.py:190} INFO - [2024-11-17T09:03:47.535+0000] {dag.py:4180} INFO - Setting next_dagrun for example_external_task_marker_child to None, run_after=None
[2024-11-17T09:03:47.550+0000] {logging_mixin.py:190} INFO - [2024-11-17T09:03:47.550+0000] {dag.py:4180} INFO - Setting next_dagrun for example_external_task_marker_parent to None, run_after=None
[2024-11-17T09:03:47.612+0000] {processor.py:208} INFO - Processing /home/airflow/.local/lib/python3.12/site-packages/airflow/example_dags/example_external_task_marker_dag.py took 0.256 seconds
[2024-11-17T09:04:18.936+0000] {processor.py:186} INFO - Started process (PID=861) to work on /home/airflow/.local/lib/python3.12/site-packages/airflow/example_dags/example_external_task_marker_dag.py
[2024-11-17T09:04:18.939+0000] {processor.py:914} INFO - Processing file /home/airflow/.local/lib/python3.12/site-packages/airflow/example_dags/example_external_task_marker_dag.py for tasks to queue
[2024-11-17T09:04:18.946+0000] {logging_mixin.py:190} INFO - [2024-11-17T09:04:18.945+0000] {dagbag.py:588} INFO - Filling up the DagBag from /home/airflow/.local/lib/python3.12/site-packages/airflow/example_dags/example_external_task_marker_dag.py
[2024-11-17T09:04:18.972+0000] {processor.py:925} INFO - DAG(s) 'example_external_task_marker_parent', 'example_external_task_marker_child' retrieved from /home/airflow/.local/lib/python3.12/site-packages/airflow/example_dags/example_external_task_marker_dag.py
[2024-11-17T09:04:19.069+0000] {logging_mixin.py:190} INFO - [2024-11-17T09:04:19.068+0000] {dag.py:3239} INFO - Sync 2 DAGs
[2024-11-17T09:04:19.116+0000] {logging_mixin.py:190} INFO - [2024-11-17T09:04:19.115+0000] {dag.py:4180} INFO - Setting next_dagrun for example_external_task_marker_child to None, run_after=None
[2024-11-17T09:04:19.127+0000] {logging_mixin.py:190} INFO - [2024-11-17T09:04:19.127+0000] {dag.py:4180} INFO - Setting next_dagrun for example_external_task_marker_parent to None, run_after=None
[2024-11-17T09:04:19.178+0000] {processor.py:208} INFO - Processing /home/airflow/.local/lib/python3.12/site-packages/airflow/example_dags/example_external_task_marker_dag.py took 0.259 seconds
[2024-11-17T09:04:50.672+0000] {processor.py:186} INFO - Started process (PID=926) to work on /home/airflow/.local/lib/python3.12/site-packages/airflow/example_dags/example_external_task_marker_dag.py
[2024-11-17T09:04:50.676+0000] {processor.py:914} INFO - Processing file /home/airflow/.local/lib/python3.12/site-packages/airflow/example_dags/example_external_task_marker_dag.py for tasks to queue
[2024-11-17T09:04:50.683+0000] {logging_mixin.py:190} INFO - [2024-11-17T09:04:50.682+0000] {dagbag.py:588} INFO - Filling up the DagBag from /home/airflow/.local/lib/python3.12/site-packages/airflow/example_dags/example_external_task_marker_dag.py
[2024-11-17T09:04:50.716+0000] {processor.py:925} INFO - DAG(s) 'example_external_task_marker_child', 'example_external_task_marker_parent' retrieved from /home/airflow/.local/lib/python3.12/site-packages/airflow/example_dags/example_external_task_marker_dag.py
[2024-11-17T09:04:50.815+0000] {logging_mixin.py:190} INFO - [2024-11-17T09:04:50.814+0000] {dag.py:3239} INFO - Sync 2 DAGs
[2024-11-17T09:04:50.878+0000] {logging_mixin.py:190} INFO - [2024-11-17T09:04:50.878+0000] {dag.py:4180} INFO - Setting next_dagrun for example_external_task_marker_child to None, run_after=None
[2024-11-17T09:04:50.897+0000] {logging_mixin.py:190} INFO - [2024-11-17T09:04:50.897+0000] {dag.py:4180} INFO - Setting next_dagrun for example_external_task_marker_parent to None, run_after=None
[2024-11-17T09:04:50.954+0000] {processor.py:208} INFO - Processing /home/airflow/.local/lib/python3.12/site-packages/airflow/example_dags/example_external_task_marker_dag.py took 0.306 seconds
[2024-11-17T09:05:21.272+0000] {processor.py:186} INFO - Started process (PID=992) to work on /home/airflow/.local/lib/python3.12/site-packages/airflow/example_dags/example_external_task_marker_dag.py
[2024-11-17T09:05:21.276+0000] {processor.py:914} INFO - Processing file /home/airflow/.local/lib/python3.12/site-packages/airflow/example_dags/example_external_task_marker_dag.py for tasks to queue
[2024-11-17T09:05:21.284+0000] {logging_mixin.py:190} INFO - [2024-11-17T09:05:21.283+0000] {dagbag.py:588} INFO - Filling up the DagBag from /home/airflow/.local/lib/python3.12/site-packages/airflow/example_dags/example_external_task_marker_dag.py
[2024-11-17T09:05:21.313+0000] {processor.py:925} INFO - DAG(s) 'example_external_task_marker_parent', 'example_external_task_marker_child' retrieved from /home/airflow/.local/lib/python3.12/site-packages/airflow/example_dags/example_external_task_marker_dag.py
[2024-11-17T09:05:21.388+0000] {logging_mixin.py:190} INFO - [2024-11-17T09:05:21.387+0000] {dag.py:3239} INFO - Sync 2 DAGs
[2024-11-17T09:05:21.451+0000] {logging_mixin.py:190} INFO - [2024-11-17T09:05:21.451+0000] {dag.py:4180} INFO - Setting next_dagrun for example_external_task_marker_child to None, run_after=None
[2024-11-17T09:05:21.466+0000] {logging_mixin.py:190} INFO - [2024-11-17T09:05:21.465+0000] {dag.py:4180} INFO - Setting next_dagrun for example_external_task_marker_parent to None, run_after=None
[2024-11-17T09:05:21.525+0000] {processor.py:208} INFO - Processing /home/airflow/.local/lib/python3.12/site-packages/airflow/example_dags/example_external_task_marker_dag.py took 0.271 seconds
[2024-11-17T09:05:52.166+0000] {processor.py:186} INFO - Started process (PID=1057) to work on /home/airflow/.local/lib/python3.12/site-packages/airflow/example_dags/example_external_task_marker_dag.py
[2024-11-17T09:05:52.168+0000] {processor.py:914} INFO - Processing file /home/airflow/.local/lib/python3.12/site-packages/airflow/example_dags/example_external_task_marker_dag.py for tasks to queue
[2024-11-17T09:05:52.175+0000] {logging_mixin.py:190} INFO - [2024-11-17T09:05:52.174+0000] {dagbag.py:588} INFO - Filling up the DagBag from /home/airflow/.local/lib/python3.12/site-packages/airflow/example_dags/example_external_task_marker_dag.py
[2024-11-17T09:05:52.201+0000] {processor.py:925} INFO - DAG(s) 'example_external_task_marker_child', 'example_external_task_marker_parent' retrieved from /home/airflow/.local/lib/python3.12/site-packages/airflow/example_dags/example_external_task_marker_dag.py
[2024-11-17T09:05:52.275+0000] {logging_mixin.py:190} INFO - [2024-11-17T09:05:52.274+0000] {dag.py:3239} INFO - Sync 2 DAGs
[2024-11-17T09:05:52.327+0000] {logging_mixin.py:190} INFO - [2024-11-17T09:05:52.326+0000] {dag.py:4180} INFO - Setting next_dagrun for example_external_task_marker_child to None, run_after=None
[2024-11-17T09:05:52.338+0000] {logging_mixin.py:190} INFO - [2024-11-17T09:05:52.337+0000] {dag.py:4180} INFO - Setting next_dagrun for example_external_task_marker_parent to None, run_after=None
[2024-11-17T09:05:52.387+0000] {processor.py:208} INFO - Processing /home/airflow/.local/lib/python3.12/site-packages/airflow/example_dags/example_external_task_marker_dag.py took 0.241 seconds
[2024-11-17T09:06:22.582+0000] {processor.py:186} INFO - Started process (PID=1122) to work on /home/airflow/.local/lib/python3.12/site-packages/airflow/example_dags/example_external_task_marker_dag.py
[2024-11-17T09:06:22.584+0000] {processor.py:914} INFO - Processing file /home/airflow/.local/lib/python3.12/site-packages/airflow/example_dags/example_external_task_marker_dag.py for tasks to queue
[2024-11-17T09:06:22.591+0000] {logging_mixin.py:190} INFO - [2024-11-17T09:06:22.590+0000] {dagbag.py:588} INFO - Filling up the DagBag from /home/airflow/.local/lib/python3.12/site-packages/airflow/example_dags/example_external_task_marker_dag.py
[2024-11-17T09:06:22.614+0000] {processor.py:925} INFO - DAG(s) 'example_external_task_marker_parent', 'example_external_task_marker_child' retrieved from /home/airflow/.local/lib/python3.12/site-packages/airflow/example_dags/example_external_task_marker_dag.py
[2024-11-17T09:06:22.692+0000] {logging_mixin.py:190} INFO - [2024-11-17T09:06:22.691+0000] {dag.py:3239} INFO - Sync 2 DAGs
[2024-11-17T09:06:22.735+0000] {logging_mixin.py:190} INFO - [2024-11-17T09:06:22.735+0000] {dag.py:4180} INFO - Setting next_dagrun for example_external_task_marker_child to None, run_after=None
[2024-11-17T09:06:22.748+0000] {logging_mixin.py:190} INFO - [2024-11-17T09:06:22.748+0000] {dag.py:4180} INFO - Setting next_dagrun for example_external_task_marker_parent to None, run_after=None
[2024-11-17T09:06:22.820+0000] {processor.py:208} INFO - Processing /home/airflow/.local/lib/python3.12/site-packages/airflow/example_dags/example_external_task_marker_dag.py took 0.254 seconds
[2024-11-17T09:06:53.103+0000] {processor.py:186} INFO - Started process (PID=1188) to work on /home/airflow/.local/lib/python3.12/site-packages/airflow/example_dags/example_external_task_marker_dag.py
[2024-11-17T09:06:53.106+0000] {processor.py:914} INFO - Processing file /home/airflow/.local/lib/python3.12/site-packages/airflow/example_dags/example_external_task_marker_dag.py for tasks to queue
[2024-11-17T09:06:53.112+0000] {logging_mixin.py:190} INFO - [2024-11-17T09:06:53.111+0000] {dagbag.py:588} INFO - Filling up the DagBag from /home/airflow/.local/lib/python3.12/site-packages/airflow/example_dags/example_external_task_marker_dag.py
[2024-11-17T09:06:53.134+0000] {processor.py:925} INFO - DAG(s) 'example_external_task_marker_child', 'example_external_task_marker_parent' retrieved from /home/airflow/.local/lib/python3.12/site-packages/airflow/example_dags/example_external_task_marker_dag.py
[2024-11-17T09:06:53.197+0000] {logging_mixin.py:190} INFO - [2024-11-17T09:06:53.197+0000] {dag.py:3239} INFO - Sync 2 DAGs
[2024-11-17T09:06:53.239+0000] {logging_mixin.py:190} INFO - [2024-11-17T09:06:53.239+0000] {dag.py:4180} INFO - Setting next_dagrun for example_external_task_marker_child to None, run_after=None
[2024-11-17T09:06:53.253+0000] {logging_mixin.py:190} INFO - [2024-11-17T09:06:53.252+0000] {dag.py:4180} INFO - Setting next_dagrun for example_external_task_marker_parent to None, run_after=None
[2024-11-17T09:06:53.307+0000] {processor.py:208} INFO - Processing /home/airflow/.local/lib/python3.12/site-packages/airflow/example_dags/example_external_task_marker_dag.py took 0.220 seconds
[2024-11-17T09:07:23.804+0000] {processor.py:186} INFO - Started process (PID=1255) to work on /home/airflow/.local/lib/python3.12/site-packages/airflow/example_dags/example_external_task_marker_dag.py
[2024-11-17T09:07:23.807+0000] {processor.py:914} INFO - Processing file /home/airflow/.local/lib/python3.12/site-packages/airflow/example_dags/example_external_task_marker_dag.py for tasks to queue
[2024-11-17T09:07:23.817+0000] {logging_mixin.py:190} INFO - [2024-11-17T09:07:23.816+0000] {dagbag.py:588} INFO - Filling up the DagBag from /home/airflow/.local/lib/python3.12/site-packages/airflow/example_dags/example_external_task_marker_dag.py
[2024-11-17T09:07:23.846+0000] {processor.py:925} INFO - DAG(s) 'example_external_task_marker_parent', 'example_external_task_marker_child' retrieved from /home/airflow/.local/lib/python3.12/site-packages/airflow/example_dags/example_external_task_marker_dag.py
[2024-11-17T09:07:23.927+0000] {logging_mixin.py:190} INFO - [2024-11-17T09:07:23.926+0000] {dag.py:3239} INFO - Sync 2 DAGs
[2024-11-17T09:07:24.003+0000] {logging_mixin.py:190} INFO - [2024-11-17T09:07:24.002+0000] {dag.py:4180} INFO - Setting next_dagrun for example_external_task_marker_child to None, run_after=None
[2024-11-17T09:07:24.020+0000] {logging_mixin.py:190} INFO - [2024-11-17T09:07:24.019+0000] {dag.py:4180} INFO - Setting next_dagrun for example_external_task_marker_parent to None, run_after=None
[2024-11-17T09:07:24.451+0000] {processor.py:208} INFO - Processing /home/airflow/.local/lib/python3.12/site-packages/airflow/example_dags/example_external_task_marker_dag.py took 0.665 seconds
[2024-11-17T09:07:54.747+0000] {processor.py:186} INFO - Started process (PID=1321) to work on /home/airflow/.local/lib/python3.12/site-packages/airflow/example_dags/example_external_task_marker_dag.py
[2024-11-17T09:07:54.750+0000] {processor.py:914} INFO - Processing file /home/airflow/.local/lib/python3.12/site-packages/airflow/example_dags/example_external_task_marker_dag.py for tasks to queue
[2024-11-17T09:07:54.757+0000] {logging_mixin.py:190} INFO - [2024-11-17T09:07:54.756+0000] {dagbag.py:588} INFO - Filling up the DagBag from /home/airflow/.local/lib/python3.12/site-packages/airflow/example_dags/example_external_task_marker_dag.py
[2024-11-17T09:07:54.782+0000] {processor.py:925} INFO - DAG(s) 'example_external_task_marker_parent', 'example_external_task_marker_child' retrieved from /home/airflow/.local/lib/python3.12/site-packages/airflow/example_dags/example_external_task_marker_dag.py
[2024-11-17T09:07:54.856+0000] {logging_mixin.py:190} INFO - [2024-11-17T09:07:54.855+0000] {dag.py:3239} INFO - Sync 2 DAGs
[2024-11-17T09:07:54.903+0000] {logging_mixin.py:190} INFO - [2024-11-17T09:07:54.902+0000] {dag.py:4180} INFO - Setting next_dagrun for example_external_task_marker_child to None, run_after=None
[2024-11-17T09:07:54.915+0000] {logging_mixin.py:190} INFO - [2024-11-17T09:07:54.915+0000] {dag.py:4180} INFO - Setting next_dagrun for example_external_task_marker_parent to None, run_after=None
[2024-11-17T09:07:54.968+0000] {processor.py:208} INFO - Processing /home/airflow/.local/lib/python3.12/site-packages/airflow/example_dags/example_external_task_marker_dag.py took 0.240 seconds
[2024-11-17T09:08:25.348+0000] {processor.py:186} INFO - Started process (PID=1387) to work on /home/airflow/.local/lib/python3.12/site-packages/airflow/example_dags/example_external_task_marker_dag.py
[2024-11-17T09:08:25.352+0000] {processor.py:914} INFO - Processing file /home/airflow/.local/lib/python3.12/site-packages/airflow/example_dags/example_external_task_marker_dag.py for tasks to queue
[2024-11-17T09:08:25.358+0000] {logging_mixin.py:190} INFO - [2024-11-17T09:08:25.357+0000] {dagbag.py:588} INFO - Filling up the DagBag from /home/airflow/.local/lib/python3.12/site-packages/airflow/example_dags/example_external_task_marker_dag.py
[2024-11-17T09:08:25.381+0000] {processor.py:925} INFO - DAG(s) 'example_external_task_marker_parent', 'example_external_task_marker_child' retrieved from /home/airflow/.local/lib/python3.12/site-packages/airflow/example_dags/example_external_task_marker_dag.py
[2024-11-17T09:08:25.454+0000] {logging_mixin.py:190} INFO - [2024-11-17T09:08:25.453+0000] {dag.py:3239} INFO - Sync 2 DAGs
[2024-11-17T09:08:25.501+0000] {logging_mixin.py:190} INFO - [2024-11-17T09:08:25.500+0000] {dag.py:4180} INFO - Setting next_dagrun for example_external_task_marker_child to None, run_after=None
[2024-11-17T09:08:25.511+0000] {logging_mixin.py:190} INFO - [2024-11-17T09:08:25.511+0000] {dag.py:4180} INFO - Setting next_dagrun for example_external_task_marker_parent to None, run_after=None
[2024-11-17T09:08:25.563+0000] {processor.py:208} INFO - Processing /home/airflow/.local/lib/python3.12/site-packages/airflow/example_dags/example_external_task_marker_dag.py took 0.232 seconds
[2024-11-17T09:08:55.744+0000] {processor.py:186} INFO - Started process (PID=1452) to work on /home/airflow/.local/lib/python3.12/site-packages/airflow/example_dags/example_external_task_marker_dag.py
[2024-11-17T09:08:55.747+0000] {processor.py:914} INFO - Processing file /home/airflow/.local/lib/python3.12/site-packages/airflow/example_dags/example_external_task_marker_dag.py for tasks to queue
[2024-11-17T09:08:55.755+0000] {logging_mixin.py:190} INFO - [2024-11-17T09:08:55.754+0000] {dagbag.py:588} INFO - Filling up the DagBag from /home/airflow/.local/lib/python3.12/site-packages/airflow/example_dags/example_external_task_marker_dag.py
[2024-11-17T09:08:55.780+0000] {processor.py:925} INFO - DAG(s) 'example_external_task_marker_parent', 'example_external_task_marker_child' retrieved from /home/airflow/.local/lib/python3.12/site-packages/airflow/example_dags/example_external_task_marker_dag.py
[2024-11-17T09:08:55.847+0000] {logging_mixin.py:190} INFO - [2024-11-17T09:08:55.847+0000] {dag.py:3239} INFO - Sync 2 DAGs
[2024-11-17T09:08:55.891+0000] {logging_mixin.py:190} INFO - [2024-11-17T09:08:55.891+0000] {dag.py:4180} INFO - Setting next_dagrun for example_external_task_marker_child to None, run_after=None
[2024-11-17T09:08:55.903+0000] {logging_mixin.py:190} INFO - [2024-11-17T09:08:55.902+0000] {dag.py:4180} INFO - Setting next_dagrun for example_external_task_marker_parent to None, run_after=None
[2024-11-17T09:08:55.954+0000] {processor.py:208} INFO - Processing /home/airflow/.local/lib/python3.12/site-packages/airflow/example_dags/example_external_task_marker_dag.py took 0.227 seconds
[2024-11-17T09:09:26.242+0000] {processor.py:186} INFO - Started process (PID=1517) to work on /home/airflow/.local/lib/python3.12/site-packages/airflow/example_dags/example_external_task_marker_dag.py
[2024-11-17T09:09:26.244+0000] {processor.py:914} INFO - Processing file /home/airflow/.local/lib/python3.12/site-packages/airflow/example_dags/example_external_task_marker_dag.py for tasks to queue
[2024-11-17T09:09:26.251+0000] {logging_mixin.py:190} INFO - [2024-11-17T09:09:26.250+0000] {dagbag.py:588} INFO - Filling up the DagBag from /home/airflow/.local/lib/python3.12/site-packages/airflow/example_dags/example_external_task_marker_dag.py
[2024-11-17T09:09:26.273+0000] {processor.py:925} INFO - DAG(s) 'example_external_task_marker_parent', 'example_external_task_marker_child' retrieved from /home/airflow/.local/lib/python3.12/site-packages/airflow/example_dags/example_external_task_marker_dag.py
[2024-11-17T09:09:26.345+0000] {logging_mixin.py:190} INFO - [2024-11-17T09:09:26.344+0000] {dag.py:3239} INFO - Sync 2 DAGs
[2024-11-17T09:09:26.393+0000] {logging_mixin.py:190} INFO - [2024-11-17T09:09:26.392+0000] {dag.py:4180} INFO - Setting next_dagrun for example_external_task_marker_child to None, run_after=None
[2024-11-17T09:09:26.404+0000] {logging_mixin.py:190} INFO - [2024-11-17T09:09:26.403+0000] {dag.py:4180} INFO - Setting next_dagrun for example_external_task_marker_parent to None, run_after=None
[2024-11-17T09:09:26.455+0000] {processor.py:208} INFO - Processing /home/airflow/.local/lib/python3.12/site-packages/airflow/example_dags/example_external_task_marker_dag.py took 0.229 seconds
[2024-11-17T09:09:58.154+0000] {processor.py:186} INFO - Started process (PID=1584) to work on /home/airflow/.local/lib/python3.12/site-packages/airflow/example_dags/example_external_task_marker_dag.py
[2024-11-17T09:09:58.157+0000] {processor.py:914} INFO - Processing file /home/airflow/.local/lib/python3.12/site-packages/airflow/example_dags/example_external_task_marker_dag.py for tasks to queue
[2024-11-17T09:09:58.164+0000] {logging_mixin.py:190} INFO - [2024-11-17T09:09:58.163+0000] {dagbag.py:588} INFO - Filling up the DagBag from /home/airflow/.local/lib/python3.12/site-packages/airflow/example_dags/example_external_task_marker_dag.py
[2024-11-17T09:09:58.193+0000] {processor.py:925} INFO - DAG(s) 'example_external_task_marker_parent', 'example_external_task_marker_child' retrieved from /home/airflow/.local/lib/python3.12/site-packages/airflow/example_dags/example_external_task_marker_dag.py
[2024-11-17T09:09:58.264+0000] {logging_mixin.py:190} INFO - [2024-11-17T09:09:58.263+0000] {dag.py:3239} INFO - Sync 2 DAGs
[2024-11-17T09:09:58.308+0000] {logging_mixin.py:190} INFO - [2024-11-17T09:09:58.308+0000] {dag.py:4180} INFO - Setting next_dagrun for example_external_task_marker_child to None, run_after=None
[2024-11-17T09:09:58.323+0000] {logging_mixin.py:190} INFO - [2024-11-17T09:09:58.322+0000] {dag.py:4180} INFO - Setting next_dagrun for example_external_task_marker_parent to None, run_after=None
[2024-11-17T09:09:58.372+0000] {processor.py:208} INFO - Processing /home/airflow/.local/lib/python3.12/site-packages/airflow/example_dags/example_external_task_marker_dag.py took 0.238 seconds
[2024-11-17T09:10:28.897+0000] {processor.py:186} INFO - Started process (PID=1649) to work on /home/airflow/.local/lib/python3.12/site-packages/airflow/example_dags/example_external_task_marker_dag.py
[2024-11-17T09:10:28.899+0000] {processor.py:914} INFO - Processing file /home/airflow/.local/lib/python3.12/site-packages/airflow/example_dags/example_external_task_marker_dag.py for tasks to queue
[2024-11-17T09:10:28.905+0000] {logging_mixin.py:190} INFO - [2024-11-17T09:10:28.905+0000] {dagbag.py:588} INFO - Filling up the DagBag from /home/airflow/.local/lib/python3.12/site-packages/airflow/example_dags/example_external_task_marker_dag.py
[2024-11-17T09:10:28.929+0000] {processor.py:925} INFO - DAG(s) 'example_external_task_marker_child', 'example_external_task_marker_parent' retrieved from /home/airflow/.local/lib/python3.12/site-packages/airflow/example_dags/example_external_task_marker_dag.py
[2024-11-17T09:10:29.006+0000] {logging_mixin.py:190} INFO - [2024-11-17T09:10:29.006+0000] {dag.py:3239} INFO - Sync 2 DAGs
[2024-11-17T09:10:29.049+0000] {logging_mixin.py:190} INFO - [2024-11-17T09:10:29.048+0000] {dag.py:4180} INFO - Setting next_dagrun for example_external_task_marker_child to None, run_after=None
[2024-11-17T09:10:29.060+0000] {logging_mixin.py:190} INFO - [2024-11-17T09:10:29.059+0000] {dag.py:4180} INFO - Setting next_dagrun for example_external_task_marker_parent to None, run_after=None
[2024-11-17T09:10:29.107+0000] {processor.py:208} INFO - Processing /home/airflow/.local/lib/python3.12/site-packages/airflow/example_dags/example_external_task_marker_dag.py took 0.228 seconds
[2024-11-17T09:10:59.249+0000] {processor.py:186} INFO - Started process (PID=1714) to work on /home/airflow/.local/lib/python3.12/site-packages/airflow/example_dags/example_external_task_marker_dag.py
[2024-11-17T09:10:59.252+0000] {processor.py:914} INFO - Processing file /home/airflow/.local/lib/python3.12/site-packages/airflow/example_dags/example_external_task_marker_dag.py for tasks to queue
[2024-11-17T09:10:59.259+0000] {logging_mixin.py:190} INFO - [2024-11-17T09:10:59.259+0000] {dagbag.py:588} INFO - Filling up the DagBag from /home/airflow/.local/lib/python3.12/site-packages/airflow/example_dags/example_external_task_marker_dag.py
[2024-11-17T09:10:59.283+0000] {processor.py:925} INFO - DAG(s) 'example_external_task_marker_parent', 'example_external_task_marker_child' retrieved from /home/airflow/.local/lib/python3.12/site-packages/airflow/example_dags/example_external_task_marker_dag.py
[2024-11-17T09:10:59.363+0000] {logging_mixin.py:190} INFO - [2024-11-17T09:10:59.363+0000] {dag.py:3239} INFO - Sync 2 DAGs
[2024-11-17T09:10:59.411+0000] {logging_mixin.py:190} INFO - [2024-11-17T09:10:59.411+0000] {dag.py:4180} INFO - Setting next_dagrun for example_external_task_marker_child to None, run_after=None
[2024-11-17T09:10:59.423+0000] {logging_mixin.py:190} INFO - [2024-11-17T09:10:59.422+0000] {dag.py:4180} INFO - Setting next_dagrun for example_external_task_marker_parent to None, run_after=None
[2024-11-17T09:10:59.469+0000] {processor.py:208} INFO - Processing /home/airflow/.local/lib/python3.12/site-packages/airflow/example_dags/example_external_task_marker_dag.py took 0.238 seconds
[2024-11-17T09:11:30.089+0000] {processor.py:186} INFO - Started process (PID=1780) to work on /home/airflow/.local/lib/python3.12/site-packages/airflow/example_dags/example_external_task_marker_dag.py
[2024-11-17T09:11:30.092+0000] {processor.py:914} INFO - Processing file /home/airflow/.local/lib/python3.12/site-packages/airflow/example_dags/example_external_task_marker_dag.py for tasks to queue
[2024-11-17T09:11:30.098+0000] {logging_mixin.py:190} INFO - [2024-11-17T09:11:30.097+0000] {dagbag.py:588} INFO - Filling up the DagBag from /home/airflow/.local/lib/python3.12/site-packages/airflow/example_dags/example_external_task_marker_dag.py
[2024-11-17T09:11:30.121+0000] {processor.py:925} INFO - DAG(s) 'example_external_task_marker_parent', 'example_external_task_marker_child' retrieved from /home/airflow/.local/lib/python3.12/site-packages/airflow/example_dags/example_external_task_marker_dag.py
[2024-11-17T09:11:30.180+0000] {logging_mixin.py:190} INFO - [2024-11-17T09:11:30.179+0000] {dag.py:3239} INFO - Sync 2 DAGs
[2024-11-17T09:11:30.220+0000] {logging_mixin.py:190} INFO - [2024-11-17T09:11:30.220+0000] {dag.py:4180} INFO - Setting next_dagrun for example_external_task_marker_child to None, run_after=None
[2024-11-17T09:11:30.231+0000] {logging_mixin.py:190} INFO - [2024-11-17T09:11:30.230+0000] {dag.py:4180} INFO - Setting next_dagrun for example_external_task_marker_parent to None, run_after=None
[2024-11-17T09:11:30.280+0000] {processor.py:208} INFO - Processing /home/airflow/.local/lib/python3.12/site-packages/airflow/example_dags/example_external_task_marker_dag.py took 0.209 seconds
[2024-11-17T09:12:00.621+0000] {processor.py:186} INFO - Started process (PID=1846) to work on /home/airflow/.local/lib/python3.12/site-packages/airflow/example_dags/example_external_task_marker_dag.py
[2024-11-17T09:12:00.623+0000] {processor.py:914} INFO - Processing file /home/airflow/.local/lib/python3.12/site-packages/airflow/example_dags/example_external_task_marker_dag.py for tasks to queue
[2024-11-17T09:12:00.630+0000] {logging_mixin.py:190} INFO - [2024-11-17T09:12:00.629+0000] {dagbag.py:588} INFO - Filling up the DagBag from /home/airflow/.local/lib/python3.12/site-packages/airflow/example_dags/example_external_task_marker_dag.py
[2024-11-17T09:12:00.664+0000] {processor.py:925} INFO - DAG(s) 'example_external_task_marker_parent', 'example_external_task_marker_child' retrieved from /home/airflow/.local/lib/python3.12/site-packages/airflow/example_dags/example_external_task_marker_dag.py
[2024-11-17T09:12:00.741+0000] {logging_mixin.py:190} INFO - [2024-11-17T09:12:00.740+0000] {dag.py:3239} INFO - Sync 2 DAGs
[2024-11-17T09:12:00.813+0000] {logging_mixin.py:190} INFO - [2024-11-17T09:12:00.812+0000] {dag.py:4180} INFO - Setting next_dagrun for example_external_task_marker_child to None, run_after=None
[2024-11-17T09:12:00.844+0000] {logging_mixin.py:190} INFO - [2024-11-17T09:12:00.843+0000] {dag.py:4180} INFO - Setting next_dagrun for example_external_task_marker_parent to None, run_after=None
[2024-11-17T09:12:00.922+0000] {processor.py:208} INFO - Processing /home/airflow/.local/lib/python3.12/site-packages/airflow/example_dags/example_external_task_marker_dag.py took 0.326 seconds
[2024-11-17T09:12:33.119+0000] {processor.py:186} INFO - Started process (PID=1912) to work on /home/airflow/.local/lib/python3.12/site-packages/airflow/example_dags/example_external_task_marker_dag.py
[2024-11-17T09:12:33.174+0000] {processor.py:914} INFO - Processing file /home/airflow/.local/lib/python3.12/site-packages/airflow/example_dags/example_external_task_marker_dag.py for tasks to queue
[2024-11-17T09:12:33.182+0000] {logging_mixin.py:190} INFO - [2024-11-17T09:12:33.181+0000] {dagbag.py:588} INFO - Filling up the DagBag from /home/airflow/.local/lib/python3.12/site-packages/airflow/example_dags/example_external_task_marker_dag.py
[2024-11-17T09:12:33.211+0000] {processor.py:925} INFO - DAG(s) 'example_external_task_marker_child', 'example_external_task_marker_parent' retrieved from /home/airflow/.local/lib/python3.12/site-packages/airflow/example_dags/example_external_task_marker_dag.py
[2024-11-17T09:12:33.295+0000] {logging_mixin.py:190} INFO - [2024-11-17T09:12:33.294+0000] {dag.py:3239} INFO - Sync 2 DAGs
[2024-11-17T09:12:33.360+0000] {logging_mixin.py:190} INFO - [2024-11-17T09:12:33.360+0000] {dag.py:4180} INFO - Setting next_dagrun for example_external_task_marker_child to None, run_after=None
[2024-11-17T09:12:33.373+0000] {logging_mixin.py:190} INFO - [2024-11-17T09:12:33.372+0000] {dag.py:4180} INFO - Setting next_dagrun for example_external_task_marker_parent to None, run_after=None
[2024-11-17T09:12:33.427+0000] {processor.py:208} INFO - Processing /home/airflow/.local/lib/python3.12/site-packages/airflow/example_dags/example_external_task_marker_dag.py took 0.388 seconds
[2024-11-17T09:13:03.584+0000] {processor.py:186} INFO - Started process (PID=1977) to work on /home/airflow/.local/lib/python3.12/site-packages/airflow/example_dags/example_external_task_marker_dag.py
[2024-11-17T09:13:03.587+0000] {processor.py:914} INFO - Processing file /home/airflow/.local/lib/python3.12/site-packages/airflow/example_dags/example_external_task_marker_dag.py for tasks to queue
[2024-11-17T09:13:03.593+0000] {logging_mixin.py:190} INFO - [2024-11-17T09:13:03.592+0000] {dagbag.py:588} INFO - Filling up the DagBag from /home/airflow/.local/lib/python3.12/site-packages/airflow/example_dags/example_external_task_marker_dag.py
[2024-11-17T09:13:03.618+0000] {processor.py:925} INFO - DAG(s) 'example_external_task_marker_child', 'example_external_task_marker_parent' retrieved from /home/airflow/.local/lib/python3.12/site-packages/airflow/example_dags/example_external_task_marker_dag.py
[2024-11-17T09:13:03.686+0000] {logging_mixin.py:190} INFO - [2024-11-17T09:13:03.685+0000] {dag.py:3239} INFO - Sync 2 DAGs
[2024-11-17T09:13:03.730+0000] {logging_mixin.py:190} INFO - [2024-11-17T09:13:03.729+0000] {dag.py:4180} INFO - Setting next_dagrun for example_external_task_marker_child to None, run_after=None
[2024-11-17T09:13:03.741+0000] {logging_mixin.py:190} INFO - [2024-11-17T09:13:03.740+0000] {dag.py:4180} INFO - Setting next_dagrun for example_external_task_marker_parent to None, run_after=None
[2024-11-17T09:13:03.786+0000] {processor.py:208} INFO - Processing /home/airflow/.local/lib/python3.12/site-packages/airflow/example_dags/example_external_task_marker_dag.py took 0.220 seconds
[2024-11-17T09:13:34.004+0000] {processor.py:186} INFO - Started process (PID=2043) to work on /home/airflow/.local/lib/python3.12/site-packages/airflow/example_dags/example_external_task_marker_dag.py
[2024-11-17T09:13:34.007+0000] {processor.py:914} INFO - Processing file /home/airflow/.local/lib/python3.12/site-packages/airflow/example_dags/example_external_task_marker_dag.py for tasks to queue
[2024-11-17T09:13:34.014+0000] {logging_mixin.py:190} INFO - [2024-11-17T09:13:34.013+0000] {dagbag.py:588} INFO - Filling up the DagBag from /home/airflow/.local/lib/python3.12/site-packages/airflow/example_dags/example_external_task_marker_dag.py
[2024-11-17T09:13:34.053+0000] {processor.py:925} INFO - DAG(s) 'example_external_task_marker_parent', 'example_external_task_marker_child' retrieved from /home/airflow/.local/lib/python3.12/site-packages/airflow/example_dags/example_external_task_marker_dag.py
[2024-11-17T09:13:34.153+0000] {logging_mixin.py:190} INFO - [2024-11-17T09:13:34.153+0000] {dag.py:3239} INFO - Sync 2 DAGs
[2024-11-17T09:13:34.214+0000] {logging_mixin.py:190} INFO - [2024-11-17T09:13:34.214+0000] {dag.py:4180} INFO - Setting next_dagrun for example_external_task_marker_child to None, run_after=None
[2024-11-17T09:13:34.230+0000] {logging_mixin.py:190} INFO - [2024-11-17T09:13:34.229+0000] {dag.py:4180} INFO - Setting next_dagrun for example_external_task_marker_parent to None, run_after=None
[2024-11-17T09:13:34.304+0000] {processor.py:208} INFO - Processing /home/airflow/.local/lib/python3.12/site-packages/airflow/example_dags/example_external_task_marker_dag.py took 0.317 seconds
[2024-11-17T09:14:04.778+0000] {processor.py:186} INFO - Started process (PID=2108) to work on /home/airflow/.local/lib/python3.12/site-packages/airflow/example_dags/example_external_task_marker_dag.py
[2024-11-17T09:14:04.781+0000] {processor.py:914} INFO - Processing file /home/airflow/.local/lib/python3.12/site-packages/airflow/example_dags/example_external_task_marker_dag.py for tasks to queue
[2024-11-17T09:14:04.787+0000] {logging_mixin.py:190} INFO - [2024-11-17T09:14:04.787+0000] {dagbag.py:588} INFO - Filling up the DagBag from /home/airflow/.local/lib/python3.12/site-packages/airflow/example_dags/example_external_task_marker_dag.py
[2024-11-17T09:14:04.809+0000] {processor.py:925} INFO - DAG(s) 'example_external_task_marker_child', 'example_external_task_marker_parent' retrieved from /home/airflow/.local/lib/python3.12/site-packages/airflow/example_dags/example_external_task_marker_dag.py
[2024-11-17T09:14:04.867+0000] {logging_mixin.py:190} INFO - [2024-11-17T09:14:04.866+0000] {dag.py:3239} INFO - Sync 2 DAGs
[2024-11-17T09:14:04.912+0000] {logging_mixin.py:190} INFO - [2024-11-17T09:14:04.911+0000] {dag.py:4180} INFO - Setting next_dagrun for example_external_task_marker_child to None, run_after=None
[2024-11-17T09:14:04.922+0000] {logging_mixin.py:190} INFO - [2024-11-17T09:14:04.921+0000] {dag.py:4180} INFO - Setting next_dagrun for example_external_task_marker_parent to None, run_after=None
[2024-11-17T09:14:04.965+0000] {processor.py:208} INFO - Processing /home/airflow/.local/lib/python3.12/site-packages/airflow/example_dags/example_external_task_marker_dag.py took 0.207 seconds
[2024-11-17T09:14:36.520+0000] {processor.py:186} INFO - Started process (PID=2173) to work on /home/airflow/.local/lib/python3.12/site-packages/airflow/example_dags/example_external_task_marker_dag.py
[2024-11-17T09:14:36.525+0000] {processor.py:914} INFO - Processing file /home/airflow/.local/lib/python3.12/site-packages/airflow/example_dags/example_external_task_marker_dag.py for tasks to queue
[2024-11-17T09:14:36.537+0000] {logging_mixin.py:190} INFO - [2024-11-17T09:14:36.535+0000] {dagbag.py:588} INFO - Filling up the DagBag from /home/airflow/.local/lib/python3.12/site-packages/airflow/example_dags/example_external_task_marker_dag.py
[2024-11-17T09:14:36.587+0000] {processor.py:925} INFO - DAG(s) 'example_external_task_marker_child', 'example_external_task_marker_parent' retrieved from /home/airflow/.local/lib/python3.12/site-packages/airflow/example_dags/example_external_task_marker_dag.py
[2024-11-17T09:14:36.681+0000] {logging_mixin.py:190} INFO - [2024-11-17T09:14:36.680+0000] {dag.py:3239} INFO - Sync 2 DAGs
[2024-11-17T09:14:36.738+0000] {logging_mixin.py:190} INFO - [2024-11-17T09:14:36.737+0000] {dag.py:4180} INFO - Setting next_dagrun for example_external_task_marker_child to None, run_after=None
[2024-11-17T09:14:36.753+0000] {logging_mixin.py:190} INFO - [2024-11-17T09:14:36.752+0000] {dag.py:4180} INFO - Setting next_dagrun for example_external_task_marker_parent to None, run_after=None
[2024-11-17T09:14:36.811+0000] {processor.py:208} INFO - Processing /home/airflow/.local/lib/python3.12/site-packages/airflow/example_dags/example_external_task_marker_dag.py took 0.316 seconds
[2024-11-17T09:15:07.742+0000] {processor.py:186} INFO - Started process (PID=2239) to work on /home/airflow/.local/lib/python3.12/site-packages/airflow/example_dags/example_external_task_marker_dag.py
[2024-11-17T09:15:07.751+0000] {processor.py:914} INFO - Processing file /home/airflow/.local/lib/python3.12/site-packages/airflow/example_dags/example_external_task_marker_dag.py for tasks to queue
[2024-11-17T09:15:07.762+0000] {logging_mixin.py:190} INFO - [2024-11-17T09:15:07.761+0000] {dagbag.py:588} INFO - Filling up the DagBag from /home/airflow/.local/lib/python3.12/site-packages/airflow/example_dags/example_external_task_marker_dag.py
[2024-11-17T09:15:07.818+0000] {processor.py:925} INFO - DAG(s) 'example_external_task_marker_parent', 'example_external_task_marker_child' retrieved from /home/airflow/.local/lib/python3.12/site-packages/airflow/example_dags/example_external_task_marker_dag.py
[2024-11-17T09:15:07.923+0000] {logging_mixin.py:190} INFO - [2024-11-17T09:15:07.922+0000] {dag.py:3239} INFO - Sync 2 DAGs
[2024-11-17T09:15:08.002+0000] {logging_mixin.py:190} INFO - [2024-11-17T09:15:08.001+0000] {dag.py:4180} INFO - Setting next_dagrun for example_external_task_marker_child to None, run_after=None
[2024-11-17T09:15:08.018+0000] {logging_mixin.py:190} INFO - [2024-11-17T09:15:08.017+0000] {dag.py:4180} INFO - Setting next_dagrun for example_external_task_marker_parent to None, run_after=None
[2024-11-17T09:15:08.084+0000] {processor.py:208} INFO - Processing /home/airflow/.local/lib/python3.12/site-packages/airflow/example_dags/example_external_task_marker_dag.py took 0.383 seconds
[2024-11-17T09:15:38.833+0000] {processor.py:186} INFO - Started process (PID=2304) to work on /home/airflow/.local/lib/python3.12/site-packages/airflow/example_dags/example_external_task_marker_dag.py
[2024-11-17T09:15:38.836+0000] {processor.py:914} INFO - Processing file /home/airflow/.local/lib/python3.12/site-packages/airflow/example_dags/example_external_task_marker_dag.py for tasks to queue
[2024-11-17T09:15:38.844+0000] {logging_mixin.py:190} INFO - [2024-11-17T09:15:38.843+0000] {dagbag.py:588} INFO - Filling up the DagBag from /home/airflow/.local/lib/python3.12/site-packages/airflow/example_dags/example_external_task_marker_dag.py
[2024-11-17T09:15:38.871+0000] {processor.py:925} INFO - DAG(s) 'example_external_task_marker_child', 'example_external_task_marker_parent' retrieved from /home/airflow/.local/lib/python3.12/site-packages/airflow/example_dags/example_external_task_marker_dag.py
[2024-11-17T09:15:38.940+0000] {logging_mixin.py:190} INFO - [2024-11-17T09:15:38.939+0000] {dag.py:3239} INFO - Sync 2 DAGs
[2024-11-17T09:15:38.983+0000] {logging_mixin.py:190} INFO - [2024-11-17T09:15:38.982+0000] {dag.py:4180} INFO - Setting next_dagrun for example_external_task_marker_child to None, run_after=None
[2024-11-17T09:15:38.994+0000] {logging_mixin.py:190} INFO - [2024-11-17T09:15:38.993+0000] {dag.py:4180} INFO - Setting next_dagrun for example_external_task_marker_parent to None, run_after=None
[2024-11-17T09:15:39.073+0000] {processor.py:208} INFO - Processing /home/airflow/.local/lib/python3.12/site-packages/airflow/example_dags/example_external_task_marker_dag.py took 0.258 seconds
[2024-11-17T09:16:09.498+0000] {processor.py:186} INFO - Started process (PID=2370) to work on /home/airflow/.local/lib/python3.12/site-packages/airflow/example_dags/example_external_task_marker_dag.py
[2024-11-17T09:16:09.501+0000] {processor.py:914} INFO - Processing file /home/airflow/.local/lib/python3.12/site-packages/airflow/example_dags/example_external_task_marker_dag.py for tasks to queue
[2024-11-17T09:16:09.509+0000] {logging_mixin.py:190} INFO - [2024-11-17T09:16:09.508+0000] {dagbag.py:588} INFO - Filling up the DagBag from /home/airflow/.local/lib/python3.12/site-packages/airflow/example_dags/example_external_task_marker_dag.py
[2024-11-17T09:16:09.532+0000] {processor.py:925} INFO - DAG(s) 'example_external_task_marker_child', 'example_external_task_marker_parent' retrieved from /home/airflow/.local/lib/python3.12/site-packages/airflow/example_dags/example_external_task_marker_dag.py
[2024-11-17T09:16:09.592+0000] {logging_mixin.py:190} INFO - [2024-11-17T09:16:09.591+0000] {dag.py:3239} INFO - Sync 2 DAGs
[2024-11-17T09:16:09.633+0000] {logging_mixin.py:190} INFO - [2024-11-17T09:16:09.632+0000] {dag.py:4180} INFO - Setting next_dagrun for example_external_task_marker_child to None, run_after=None
[2024-11-17T09:16:09.644+0000] {logging_mixin.py:190} INFO - [2024-11-17T09:16:09.644+0000] {dag.py:4180} INFO - Setting next_dagrun for example_external_task_marker_parent to None, run_after=None
[2024-11-17T09:16:09.688+0000] {processor.py:208} INFO - Processing /home/airflow/.local/lib/python3.12/site-packages/airflow/example_dags/example_external_task_marker_dag.py took 0.208 seconds
[2024-11-17T09:16:40.487+0000] {processor.py:186} INFO - Started process (PID=2436) to work on /home/airflow/.local/lib/python3.12/site-packages/airflow/example_dags/example_external_task_marker_dag.py
[2024-11-17T09:16:40.491+0000] {processor.py:914} INFO - Processing file /home/airflow/.local/lib/python3.12/site-packages/airflow/example_dags/example_external_task_marker_dag.py for tasks to queue
[2024-11-17T09:16:40.502+0000] {logging_mixin.py:190} INFO - [2024-11-17T09:16:40.500+0000] {dagbag.py:588} INFO - Filling up the DagBag from /home/airflow/.local/lib/python3.12/site-packages/airflow/example_dags/example_external_task_marker_dag.py
[2024-11-17T09:16:40.542+0000] {processor.py:925} INFO - DAG(s) 'example_external_task_marker_child', 'example_external_task_marker_parent' retrieved from /home/airflow/.local/lib/python3.12/site-packages/airflow/example_dags/example_external_task_marker_dag.py
[2024-11-17T09:16:40.625+0000] {logging_mixin.py:190} INFO - [2024-11-17T09:16:40.624+0000] {dag.py:3239} INFO - Sync 2 DAGs
[2024-11-17T09:16:40.682+0000] {logging_mixin.py:190} INFO - [2024-11-17T09:16:40.681+0000] {dag.py:4180} INFO - Setting next_dagrun for example_external_task_marker_child to None, run_after=None
[2024-11-17T09:16:40.697+0000] {logging_mixin.py:190} INFO - [2024-11-17T09:16:40.696+0000] {dag.py:4180} INFO - Setting next_dagrun for example_external_task_marker_parent to None, run_after=None
[2024-11-17T09:16:40.749+0000] {processor.py:208} INFO - Processing /home/airflow/.local/lib/python3.12/site-packages/airflow/example_dags/example_external_task_marker_dag.py took 0.286 seconds
[2024-11-17T09:17:10.869+0000] {processor.py:186} INFO - Started process (PID=2502) to work on /home/airflow/.local/lib/python3.12/site-packages/airflow/example_dags/example_external_task_marker_dag.py
[2024-11-17T09:17:10.873+0000] {processor.py:914} INFO - Processing file /home/airflow/.local/lib/python3.12/site-packages/airflow/example_dags/example_external_task_marker_dag.py for tasks to queue
[2024-11-17T09:17:10.882+0000] {logging_mixin.py:190} INFO - [2024-11-17T09:17:10.881+0000] {dagbag.py:588} INFO - Filling up the DagBag from /home/airflow/.local/lib/python3.12/site-packages/airflow/example_dags/example_external_task_marker_dag.py
[2024-11-17T09:17:10.915+0000] {processor.py:925} INFO - DAG(s) 'example_external_task_marker_parent', 'example_external_task_marker_child' retrieved from /home/airflow/.local/lib/python3.12/site-packages/airflow/example_dags/example_external_task_marker_dag.py
[2024-11-17T09:17:10.980+0000] {logging_mixin.py:190} INFO - [2024-11-17T09:17:10.979+0000] {dag.py:3239} INFO - Sync 2 DAGs
[2024-11-17T09:17:11.029+0000] {logging_mixin.py:190} INFO - [2024-11-17T09:17:11.028+0000] {dag.py:4180} INFO - Setting next_dagrun for example_external_task_marker_child to None, run_after=None
[2024-11-17T09:17:11.042+0000] {logging_mixin.py:190} INFO - [2024-11-17T09:17:11.042+0000] {dag.py:4180} INFO - Setting next_dagrun for example_external_task_marker_parent to None, run_after=None
[2024-11-17T09:17:11.101+0000] {processor.py:208} INFO - Processing /home/airflow/.local/lib/python3.12/site-packages/airflow/example_dags/example_external_task_marker_dag.py took 0.252 seconds
[2024-11-17T09:17:41.443+0000] {processor.py:186} INFO - Started process (PID=2566) to work on /home/airflow/.local/lib/python3.12/site-packages/airflow/example_dags/example_external_task_marker_dag.py
[2024-11-17T09:17:41.446+0000] {processor.py:914} INFO - Processing file /home/airflow/.local/lib/python3.12/site-packages/airflow/example_dags/example_external_task_marker_dag.py for tasks to queue
[2024-11-17T09:17:41.452+0000] {logging_mixin.py:190} INFO - [2024-11-17T09:17:41.451+0000] {dagbag.py:588} INFO - Filling up the DagBag from /home/airflow/.local/lib/python3.12/site-packages/airflow/example_dags/example_external_task_marker_dag.py
[2024-11-17T09:17:41.474+0000] {processor.py:925} INFO - DAG(s) 'example_external_task_marker_parent', 'example_external_task_marker_child' retrieved from /home/airflow/.local/lib/python3.12/site-packages/airflow/example_dags/example_external_task_marker_dag.py
[2024-11-17T09:17:41.539+0000] {logging_mixin.py:190} INFO - [2024-11-17T09:17:41.538+0000] {dag.py:3239} INFO - Sync 2 DAGs
[2024-11-17T09:17:41.585+0000] {logging_mixin.py:190} INFO - [2024-11-17T09:17:41.584+0000] {dag.py:4180} INFO - Setting next_dagrun for example_external_task_marker_child to None, run_after=None
[2024-11-17T09:17:41.595+0000] {logging_mixin.py:190} INFO - [2024-11-17T09:17:41.595+0000] {dag.py:4180} INFO - Setting next_dagrun for example_external_task_marker_parent to None, run_after=None
[2024-11-17T09:17:41.638+0000] {processor.py:208} INFO - Processing /home/airflow/.local/lib/python3.12/site-packages/airflow/example_dags/example_external_task_marker_dag.py took 0.214 seconds
[2024-11-17T09:18:11.917+0000] {processor.py:186} INFO - Started process (PID=2633) to work on /home/airflow/.local/lib/python3.12/site-packages/airflow/example_dags/example_external_task_marker_dag.py
[2024-11-17T09:18:11.921+0000] {processor.py:914} INFO - Processing file /home/airflow/.local/lib/python3.12/site-packages/airflow/example_dags/example_external_task_marker_dag.py for tasks to queue
[2024-11-17T09:18:11.928+0000] {logging_mixin.py:190} INFO - [2024-11-17T09:18:11.928+0000] {dagbag.py:588} INFO - Filling up the DagBag from /home/airflow/.local/lib/python3.12/site-packages/airflow/example_dags/example_external_task_marker_dag.py
[2024-11-17T09:18:11.963+0000] {processor.py:925} INFO - DAG(s) 'example_external_task_marker_parent', 'example_external_task_marker_child' retrieved from /home/airflow/.local/lib/python3.12/site-packages/airflow/example_dags/example_external_task_marker_dag.py
[2024-11-17T09:18:12.036+0000] {logging_mixin.py:190} INFO - [2024-11-17T09:18:12.035+0000] {dag.py:3239} INFO - Sync 2 DAGs
[2024-11-17T09:18:12.080+0000] {logging_mixin.py:190} INFO - [2024-11-17T09:18:12.079+0000] {dag.py:4180} INFO - Setting next_dagrun for example_external_task_marker_child to None, run_after=None
[2024-11-17T09:18:12.092+0000] {logging_mixin.py:190} INFO - [2024-11-17T09:18:12.090+0000] {dag.py:4180} INFO - Setting next_dagrun for example_external_task_marker_parent to None, run_after=None
[2024-11-17T09:18:12.158+0000] {processor.py:208} INFO - Processing /home/airflow/.local/lib/python3.12/site-packages/airflow/example_dags/example_external_task_marker_dag.py took 0.265 seconds
[2024-11-17T09:18:42.355+0000] {processor.py:186} INFO - Started process (PID=2705) to work on /home/airflow/.local/lib/python3.12/site-packages/airflow/example_dags/example_external_task_marker_dag.py
[2024-11-17T09:18:42.359+0000] {processor.py:914} INFO - Processing file /home/airflow/.local/lib/python3.12/site-packages/airflow/example_dags/example_external_task_marker_dag.py for tasks to queue
[2024-11-17T09:18:42.365+0000] {logging_mixin.py:190} INFO - [2024-11-17T09:18:42.364+0000] {dagbag.py:588} INFO - Filling up the DagBag from /home/airflow/.local/lib/python3.12/site-packages/airflow/example_dags/example_external_task_marker_dag.py
[2024-11-17T09:18:42.390+0000] {processor.py:925} INFO - DAG(s) 'example_external_task_marker_child', 'example_external_task_marker_parent' retrieved from /home/airflow/.local/lib/python3.12/site-packages/airflow/example_dags/example_external_task_marker_dag.py
[2024-11-17T09:18:42.456+0000] {logging_mixin.py:190} INFO - [2024-11-17T09:18:42.455+0000] {dag.py:3239} INFO - Sync 2 DAGs
[2024-11-17T09:18:42.498+0000] {logging_mixin.py:190} INFO - [2024-11-17T09:18:42.497+0000] {dag.py:4180} INFO - Setting next_dagrun for example_external_task_marker_child to None, run_after=None
[2024-11-17T09:18:42.509+0000] {logging_mixin.py:190} INFO - [2024-11-17T09:18:42.509+0000] {dag.py:4180} INFO - Setting next_dagrun for example_external_task_marker_parent to None, run_after=None
[2024-11-17T09:18:42.565+0000] {processor.py:208} INFO - Processing /home/airflow/.local/lib/python3.12/site-packages/airflow/example_dags/example_external_task_marker_dag.py took 0.231 seconds
[2024-11-17T09:19:12.916+0000] {processor.py:186} INFO - Started process (PID=2770) to work on /home/airflow/.local/lib/python3.12/site-packages/airflow/example_dags/example_external_task_marker_dag.py
[2024-11-17T09:19:12.920+0000] {processor.py:914} INFO - Processing file /home/airflow/.local/lib/python3.12/site-packages/airflow/example_dags/example_external_task_marker_dag.py for tasks to queue
[2024-11-17T09:19:12.929+0000] {logging_mixin.py:190} INFO - [2024-11-17T09:19:12.928+0000] {dagbag.py:588} INFO - Filling up the DagBag from /home/airflow/.local/lib/python3.12/site-packages/airflow/example_dags/example_external_task_marker_dag.py
[2024-11-17T09:19:12.962+0000] {processor.py:925} INFO - DAG(s) 'example_external_task_marker_child', 'example_external_task_marker_parent' retrieved from /home/airflow/.local/lib/python3.12/site-packages/airflow/example_dags/example_external_task_marker_dag.py
[2024-11-17T09:19:13.042+0000] {logging_mixin.py:190} INFO - [2024-11-17T09:19:13.041+0000] {dag.py:3239} INFO - Sync 2 DAGs
[2024-11-17T09:19:13.102+0000] {logging_mixin.py:190} INFO - [2024-11-17T09:19:13.101+0000] {dag.py:4180} INFO - Setting next_dagrun for example_external_task_marker_child to None, run_after=None
[2024-11-17T09:19:13.115+0000] {logging_mixin.py:190} INFO - [2024-11-17T09:19:13.115+0000] {dag.py:4180} INFO - Setting next_dagrun for example_external_task_marker_parent to None, run_after=None
[2024-11-17T09:19:13.166+0000] {processor.py:208} INFO - Processing /home/airflow/.local/lib/python3.12/site-packages/airflow/example_dags/example_external_task_marker_dag.py took 0.272 seconds
[2024-11-17T09:19:43.337+0000] {processor.py:186} INFO - Started process (PID=2836) to work on /home/airflow/.local/lib/python3.12/site-packages/airflow/example_dags/example_external_task_marker_dag.py
[2024-11-17T09:19:43.339+0000] {processor.py:914} INFO - Processing file /home/airflow/.local/lib/python3.12/site-packages/airflow/example_dags/example_external_task_marker_dag.py for tasks to queue
[2024-11-17T09:19:43.347+0000] {logging_mixin.py:190} INFO - [2024-11-17T09:19:43.346+0000] {dagbag.py:588} INFO - Filling up the DagBag from /home/airflow/.local/lib/python3.12/site-packages/airflow/example_dags/example_external_task_marker_dag.py
[2024-11-17T09:19:43.380+0000] {processor.py:925} INFO - DAG(s) 'example_external_task_marker_parent', 'example_external_task_marker_child' retrieved from /home/airflow/.local/lib/python3.12/site-packages/airflow/example_dags/example_external_task_marker_dag.py
[2024-11-17T09:19:43.459+0000] {logging_mixin.py:190} INFO - [2024-11-17T09:19:43.459+0000] {dag.py:3239} INFO - Sync 2 DAGs
[2024-11-17T09:19:43.503+0000] {logging_mixin.py:190} INFO - [2024-11-17T09:19:43.502+0000] {dag.py:4180} INFO - Setting next_dagrun for example_external_task_marker_child to None, run_after=None
[2024-11-17T09:19:43.516+0000] {logging_mixin.py:190} INFO - [2024-11-17T09:19:43.515+0000] {dag.py:4180} INFO - Setting next_dagrun for example_external_task_marker_parent to None, run_after=None
[2024-11-17T09:19:43.569+0000] {processor.py:208} INFO - Processing /home/airflow/.local/lib/python3.12/site-packages/airflow/example_dags/example_external_task_marker_dag.py took 0.249 seconds
[2024-11-17T09:20:14.097+0000] {processor.py:186} INFO - Started process (PID=2901) to work on /home/airflow/.local/lib/python3.12/site-packages/airflow/example_dags/example_external_task_marker_dag.py
[2024-11-17T09:20:14.101+0000] {processor.py:914} INFO - Processing file /home/airflow/.local/lib/python3.12/site-packages/airflow/example_dags/example_external_task_marker_dag.py for tasks to queue
[2024-11-17T09:20:14.109+0000] {logging_mixin.py:190} INFO - [2024-11-17T09:20:14.108+0000] {dagbag.py:588} INFO - Filling up the DagBag from /home/airflow/.local/lib/python3.12/site-packages/airflow/example_dags/example_external_task_marker_dag.py
[2024-11-17T09:20:14.133+0000] {processor.py:925} INFO - DAG(s) 'example_external_task_marker_parent', 'example_external_task_marker_child' retrieved from /home/airflow/.local/lib/python3.12/site-packages/airflow/example_dags/example_external_task_marker_dag.py
[2024-11-17T09:20:14.202+0000] {logging_mixin.py:190} INFO - [2024-11-17T09:20:14.201+0000] {dag.py:3239} INFO - Sync 2 DAGs
[2024-11-17T09:20:14.247+0000] {logging_mixin.py:190} INFO - [2024-11-17T09:20:14.247+0000] {dag.py:4180} INFO - Setting next_dagrun for example_external_task_marker_child to None, run_after=None
[2024-11-17T09:20:14.258+0000] {logging_mixin.py:190} INFO - [2024-11-17T09:20:14.258+0000] {dag.py:4180} INFO - Setting next_dagrun for example_external_task_marker_parent to None, run_after=None
[2024-11-17T09:20:14.306+0000] {processor.py:208} INFO - Processing /home/airflow/.local/lib/python3.12/site-packages/airflow/example_dags/example_external_task_marker_dag.py took 0.227 seconds
[2024-11-17T09:20:44.667+0000] {processor.py:186} INFO - Started process (PID=2967) to work on /home/airflow/.local/lib/python3.12/site-packages/airflow/example_dags/example_external_task_marker_dag.py
[2024-11-17T09:20:44.669+0000] {processor.py:914} INFO - Processing file /home/airflow/.local/lib/python3.12/site-packages/airflow/example_dags/example_external_task_marker_dag.py for tasks to queue
[2024-11-17T09:20:44.677+0000] {logging_mixin.py:190} INFO - [2024-11-17T09:20:44.676+0000] {dagbag.py:588} INFO - Filling up the DagBag from /home/airflow/.local/lib/python3.12/site-packages/airflow/example_dags/example_external_task_marker_dag.py
[2024-11-17T09:20:44.700+0000] {processor.py:925} INFO - DAG(s) 'example_external_task_marker_parent', 'example_external_task_marker_child' retrieved from /home/airflow/.local/lib/python3.12/site-packages/airflow/example_dags/example_external_task_marker_dag.py
[2024-11-17T09:20:44.763+0000] {logging_mixin.py:190} INFO - [2024-11-17T09:20:44.762+0000] {dag.py:3239} INFO - Sync 2 DAGs
[2024-11-17T09:20:44.813+0000] {logging_mixin.py:190} INFO - [2024-11-17T09:20:44.812+0000] {dag.py:4180} INFO - Setting next_dagrun for example_external_task_marker_child to None, run_after=None
[2024-11-17T09:20:44.824+0000] {logging_mixin.py:190} INFO - [2024-11-17T09:20:44.824+0000] {dag.py:4180} INFO - Setting next_dagrun for example_external_task_marker_parent to None, run_after=None
[2024-11-17T09:20:44.870+0000] {processor.py:208} INFO - Processing /home/airflow/.local/lib/python3.12/site-packages/airflow/example_dags/example_external_task_marker_dag.py took 0.225 seconds
[2024-11-17T09:21:15.805+0000] {processor.py:186} INFO - Started process (PID=3032) to work on /home/airflow/.local/lib/python3.12/site-packages/airflow/example_dags/example_external_task_marker_dag.py
[2024-11-17T09:21:15.808+0000] {processor.py:914} INFO - Processing file /home/airflow/.local/lib/python3.12/site-packages/airflow/example_dags/example_external_task_marker_dag.py for tasks to queue
[2024-11-17T09:21:15.814+0000] {logging_mixin.py:190} INFO - [2024-11-17T09:21:15.813+0000] {dagbag.py:588} INFO - Filling up the DagBag from /home/airflow/.local/lib/python3.12/site-packages/airflow/example_dags/example_external_task_marker_dag.py
[2024-11-17T09:21:15.838+0000] {processor.py:925} INFO - DAG(s) 'example_external_task_marker_child', 'example_external_task_marker_parent' retrieved from /home/airflow/.local/lib/python3.12/site-packages/airflow/example_dags/example_external_task_marker_dag.py
[2024-11-17T09:21:15.906+0000] {logging_mixin.py:190} INFO - [2024-11-17T09:21:15.905+0000] {dag.py:3239} INFO - Sync 2 DAGs
[2024-11-17T09:21:15.957+0000] {logging_mixin.py:190} INFO - [2024-11-17T09:21:15.956+0000] {dag.py:4180} INFO - Setting next_dagrun for example_external_task_marker_child to None, run_after=None
[2024-11-17T09:21:15.971+0000] {logging_mixin.py:190} INFO - [2024-11-17T09:21:15.970+0000] {dag.py:4180} INFO - Setting next_dagrun for example_external_task_marker_parent to None, run_after=None
[2024-11-17T09:21:16.017+0000] {processor.py:208} INFO - Processing /home/airflow/.local/lib/python3.12/site-packages/airflow/example_dags/example_external_task_marker_dag.py took 0.229 seconds
[2024-11-17T09:21:46.623+0000] {processor.py:186} INFO - Started process (PID=3098) to work on /home/airflow/.local/lib/python3.12/site-packages/airflow/example_dags/example_external_task_marker_dag.py
[2024-11-17T09:21:46.627+0000] {processor.py:914} INFO - Processing file /home/airflow/.local/lib/python3.12/site-packages/airflow/example_dags/example_external_task_marker_dag.py for tasks to queue
[2024-11-17T09:21:46.639+0000] {logging_mixin.py:190} INFO - [2024-11-17T09:21:46.637+0000] {dagbag.py:588} INFO - Filling up the DagBag from /home/airflow/.local/lib/python3.12/site-packages/airflow/example_dags/example_external_task_marker_dag.py
[2024-11-17T09:21:46.680+0000] {processor.py:925} INFO - DAG(s) 'example_external_task_marker_child', 'example_external_task_marker_parent' retrieved from /home/airflow/.local/lib/python3.12/site-packages/airflow/example_dags/example_external_task_marker_dag.py
[2024-11-17T09:21:46.789+0000] {logging_mixin.py:190} INFO - [2024-11-17T09:21:46.788+0000] {dag.py:3239} INFO - Sync 2 DAGs
[2024-11-17T09:21:46.878+0000] {logging_mixin.py:190} INFO - [2024-11-17T09:21:46.877+0000] {dag.py:4180} INFO - Setting next_dagrun for example_external_task_marker_child to None, run_after=None
[2024-11-17T09:21:46.893+0000] {logging_mixin.py:190} INFO - [2024-11-17T09:21:46.893+0000] {dag.py:4180} INFO - Setting next_dagrun for example_external_task_marker_parent to None, run_after=None
[2024-11-17T09:21:46.959+0000] {processor.py:208} INFO - Processing /home/airflow/.local/lib/python3.12/site-packages/airflow/example_dags/example_external_task_marker_dag.py took 0.368 seconds
[2024-11-17T09:22:17.457+0000] {processor.py:186} INFO - Started process (PID=3163) to work on /home/airflow/.local/lib/python3.12/site-packages/airflow/example_dags/example_external_task_marker_dag.py
[2024-11-17T09:22:17.461+0000] {processor.py:914} INFO - Processing file /home/airflow/.local/lib/python3.12/site-packages/airflow/example_dags/example_external_task_marker_dag.py for tasks to queue
[2024-11-17T09:22:17.467+0000] {logging_mixin.py:190} INFO - [2024-11-17T09:22:17.466+0000] {dagbag.py:588} INFO - Filling up the DagBag from /home/airflow/.local/lib/python3.12/site-packages/airflow/example_dags/example_external_task_marker_dag.py
[2024-11-17T09:22:17.492+0000] {processor.py:925} INFO - DAG(s) 'example_external_task_marker_child', 'example_external_task_marker_parent' retrieved from /home/airflow/.local/lib/python3.12/site-packages/airflow/example_dags/example_external_task_marker_dag.py
[2024-11-17T09:22:17.556+0000] {logging_mixin.py:190} INFO - [2024-11-17T09:22:17.556+0000] {dag.py:3239} INFO - Sync 2 DAGs
[2024-11-17T09:22:17.956+0000] {logging_mixin.py:190} INFO - [2024-11-17T09:22:17.955+0000] {dag.py:4180} INFO - Setting next_dagrun for example_external_task_marker_child to None, run_after=None
[2024-11-17T09:22:17.967+0000] {logging_mixin.py:190} INFO - [2024-11-17T09:22:17.966+0000] {dag.py:4180} INFO - Setting next_dagrun for example_external_task_marker_parent to None, run_after=None
[2024-11-17T09:22:18.015+0000] {processor.py:208} INFO - Processing /home/airflow/.local/lib/python3.12/site-packages/airflow/example_dags/example_external_task_marker_dag.py took 0.582 seconds
[2024-11-17T09:22:49.024+0000] {processor.py:186} INFO - Started process (PID=3229) to work on /home/airflow/.local/lib/python3.12/site-packages/airflow/example_dags/example_external_task_marker_dag.py
[2024-11-17T09:22:49.027+0000] {processor.py:914} INFO - Processing file /home/airflow/.local/lib/python3.12/site-packages/airflow/example_dags/example_external_task_marker_dag.py for tasks to queue
[2024-11-17T09:22:49.034+0000] {logging_mixin.py:190} INFO - [2024-11-17T09:22:49.033+0000] {dagbag.py:588} INFO - Filling up the DagBag from /home/airflow/.local/lib/python3.12/site-packages/airflow/example_dags/example_external_task_marker_dag.py
[2024-11-17T09:22:49.056+0000] {processor.py:925} INFO - DAG(s) 'example_external_task_marker_parent', 'example_external_task_marker_child' retrieved from /home/airflow/.local/lib/python3.12/site-packages/airflow/example_dags/example_external_task_marker_dag.py
[2024-11-17T09:22:49.117+0000] {logging_mixin.py:190} INFO - [2024-11-17T09:22:49.117+0000] {dag.py:3239} INFO - Sync 2 DAGs
[2024-11-17T09:22:49.161+0000] {logging_mixin.py:190} INFO - [2024-11-17T09:22:49.160+0000] {dag.py:4180} INFO - Setting next_dagrun for example_external_task_marker_child to None, run_after=None
[2024-11-17T09:22:49.571+0000] {logging_mixin.py:190} INFO - [2024-11-17T09:22:49.570+0000] {dag.py:4180} INFO - Setting next_dagrun for example_external_task_marker_parent to None, run_after=None
[2024-11-17T09:22:49.617+0000] {processor.py:208} INFO - Processing /home/airflow/.local/lib/python3.12/site-packages/airflow/example_dags/example_external_task_marker_dag.py took 0.614 seconds
[2024-11-17T09:23:20.172+0000] {processor.py:186} INFO - Started process (PID=3295) to work on /home/airflow/.local/lib/python3.12/site-packages/airflow/example_dags/example_external_task_marker_dag.py
[2024-11-17T09:23:20.175+0000] {processor.py:914} INFO - Processing file /home/airflow/.local/lib/python3.12/site-packages/airflow/example_dags/example_external_task_marker_dag.py for tasks to queue
[2024-11-17T09:23:20.183+0000] {logging_mixin.py:190} INFO - [2024-11-17T09:23:20.182+0000] {dagbag.py:588} INFO - Filling up the DagBag from /home/airflow/.local/lib/python3.12/site-packages/airflow/example_dags/example_external_task_marker_dag.py
[2024-11-17T09:23:20.210+0000] {processor.py:925} INFO - DAG(s) 'example_external_task_marker_child', 'example_external_task_marker_parent' retrieved from /home/airflow/.local/lib/python3.12/site-packages/airflow/example_dags/example_external_task_marker_dag.py
[2024-11-17T09:23:20.273+0000] {logging_mixin.py:190} INFO - [2024-11-17T09:23:20.273+0000] {dag.py:3239} INFO - Sync 2 DAGs
[2024-11-17T09:23:20.314+0000] {logging_mixin.py:190} INFO - [2024-11-17T09:23:20.313+0000] {dag.py:4180} INFO - Setting next_dagrun for example_external_task_marker_child to None, run_after=None
[2024-11-17T09:23:20.324+0000] {logging_mixin.py:190} INFO - [2024-11-17T09:23:20.323+0000] {dag.py:4180} INFO - Setting next_dagrun for example_external_task_marker_parent to None, run_after=None
[2024-11-17T09:23:20.376+0000] {processor.py:208} INFO - Processing /home/airflow/.local/lib/python3.12/site-packages/airflow/example_dags/example_external_task_marker_dag.py took 0.227 seconds
[2024-11-17T09:23:50.649+0000] {processor.py:186} INFO - Started process (PID=3361) to work on /home/airflow/.local/lib/python3.12/site-packages/airflow/example_dags/example_external_task_marker_dag.py
[2024-11-17T09:23:50.653+0000] {processor.py:914} INFO - Processing file /home/airflow/.local/lib/python3.12/site-packages/airflow/example_dags/example_external_task_marker_dag.py for tasks to queue
[2024-11-17T09:23:50.662+0000] {logging_mixin.py:190} INFO - [2024-11-17T09:23:50.660+0000] {dagbag.py:588} INFO - Filling up the DagBag from /home/airflow/.local/lib/python3.12/site-packages/airflow/example_dags/example_external_task_marker_dag.py
[2024-11-17T09:23:50.724+0000] {processor.py:925} INFO - DAG(s) 'example_external_task_marker_child', 'example_external_task_marker_parent' retrieved from /home/airflow/.local/lib/python3.12/site-packages/airflow/example_dags/example_external_task_marker_dag.py
[2024-11-17T09:23:50.861+0000] {logging_mixin.py:190} INFO - [2024-11-17T09:23:50.860+0000] {dag.py:3239} INFO - Sync 2 DAGs
[2024-11-17T09:23:50.939+0000] {logging_mixin.py:190} INFO - [2024-11-17T09:23:50.939+0000] {dag.py:4180} INFO - Setting next_dagrun for example_external_task_marker_child to None, run_after=None
[2024-11-17T09:23:50.965+0000] {logging_mixin.py:190} INFO - [2024-11-17T09:23:50.958+0000] {dag.py:4180} INFO - Setting next_dagrun for example_external_task_marker_parent to None, run_after=None
[2024-11-17T09:23:51.023+0000] {processor.py:208} INFO - Processing /home/airflow/.local/lib/python3.12/site-packages/airflow/example_dags/example_external_task_marker_dag.py took 0.392 seconds
[2024-11-17T09:24:22.130+0000] {processor.py:186} INFO - Started process (PID=3427) to work on /home/airflow/.local/lib/python3.12/site-packages/airflow/example_dags/example_external_task_marker_dag.py
[2024-11-17T09:24:22.133+0000] {processor.py:914} INFO - Processing file /home/airflow/.local/lib/python3.12/site-packages/airflow/example_dags/example_external_task_marker_dag.py for tasks to queue
[2024-11-17T09:24:22.142+0000] {logging_mixin.py:190} INFO - [2024-11-17T09:24:22.141+0000] {dagbag.py:588} INFO - Filling up the DagBag from /home/airflow/.local/lib/python3.12/site-packages/airflow/example_dags/example_external_task_marker_dag.py
[2024-11-17T09:24:22.171+0000] {processor.py:925} INFO - DAG(s) 'example_external_task_marker_child', 'example_external_task_marker_parent' retrieved from /home/airflow/.local/lib/python3.12/site-packages/airflow/example_dags/example_external_task_marker_dag.py
[2024-11-17T09:24:22.288+0000] {logging_mixin.py:190} INFO - [2024-11-17T09:24:22.288+0000] {dag.py:3239} INFO - Sync 2 DAGs
[2024-11-17T09:24:22.358+0000] {logging_mixin.py:190} INFO - [2024-11-17T09:24:22.358+0000] {dag.py:4180} INFO - Setting next_dagrun for example_external_task_marker_child to None, run_after=None
[2024-11-17T09:24:22.370+0000] {logging_mixin.py:190} INFO - [2024-11-17T09:24:22.370+0000] {dag.py:4180} INFO - Setting next_dagrun for example_external_task_marker_parent to None, run_after=None
[2024-11-17T09:24:22.445+0000] {processor.py:208} INFO - Processing /home/airflow/.local/lib/python3.12/site-packages/airflow/example_dags/example_external_task_marker_dag.py took 0.341 seconds
[2024-11-17T09:24:52.589+0000] {processor.py:186} INFO - Started process (PID=3493) to work on /home/airflow/.local/lib/python3.12/site-packages/airflow/example_dags/example_external_task_marker_dag.py
[2024-11-17T09:24:52.591+0000] {processor.py:914} INFO - Processing file /home/airflow/.local/lib/python3.12/site-packages/airflow/example_dags/example_external_task_marker_dag.py for tasks to queue
[2024-11-17T09:24:52.598+0000] {logging_mixin.py:190} INFO - [2024-11-17T09:24:52.598+0000] {dagbag.py:588} INFO - Filling up the DagBag from /home/airflow/.local/lib/python3.12/site-packages/airflow/example_dags/example_external_task_marker_dag.py
[2024-11-17T09:24:52.621+0000] {processor.py:925} INFO - DAG(s) 'example_external_task_marker_child', 'example_external_task_marker_parent' retrieved from /home/airflow/.local/lib/python3.12/site-packages/airflow/example_dags/example_external_task_marker_dag.py
[2024-11-17T09:24:52.681+0000] {logging_mixin.py:190} INFO - [2024-11-17T09:24:52.681+0000] {dag.py:3239} INFO - Sync 2 DAGs
[2024-11-17T09:24:52.734+0000] {logging_mixin.py:190} INFO - [2024-11-17T09:24:52.733+0000] {dag.py:4180} INFO - Setting next_dagrun for example_external_task_marker_child to None, run_after=None
[2024-11-17T09:24:52.746+0000] {logging_mixin.py:190} INFO - [2024-11-17T09:24:52.746+0000] {dag.py:4180} INFO - Setting next_dagrun for example_external_task_marker_parent to None, run_after=None
[2024-11-17T09:24:52.792+0000] {processor.py:208} INFO - Processing /home/airflow/.local/lib/python3.12/site-packages/airflow/example_dags/example_external_task_marker_dag.py took 0.220 seconds
[2024-11-17T09:25:22.991+0000] {processor.py:186} INFO - Started process (PID=3559) to work on /home/airflow/.local/lib/python3.12/site-packages/airflow/example_dags/example_external_task_marker_dag.py
[2024-11-17T09:25:22.994+0000] {processor.py:914} INFO - Processing file /home/airflow/.local/lib/python3.12/site-packages/airflow/example_dags/example_external_task_marker_dag.py for tasks to queue
[2024-11-17T09:25:23.001+0000] {logging_mixin.py:190} INFO - [2024-11-17T09:25:23.000+0000] {dagbag.py:588} INFO - Filling up the DagBag from /home/airflow/.local/lib/python3.12/site-packages/airflow/example_dags/example_external_task_marker_dag.py
[2024-11-17T09:25:23.023+0000] {processor.py:925} INFO - DAG(s) 'example_external_task_marker_child', 'example_external_task_marker_parent' retrieved from /home/airflow/.local/lib/python3.12/site-packages/airflow/example_dags/example_external_task_marker_dag.py
[2024-11-17T09:25:23.100+0000] {logging_mixin.py:190} INFO - [2024-11-17T09:25:23.099+0000] {dag.py:3239} INFO - Sync 2 DAGs
[2024-11-17T09:25:23.296+0000] {logging_mixin.py:190} INFO - [2024-11-17T09:25:23.295+0000] {dag.py:4180} INFO - Setting next_dagrun for example_external_task_marker_child to None, run_after=None
[2024-11-17T09:25:23.318+0000] {logging_mixin.py:190} INFO - [2024-11-17T09:25:23.318+0000] {dag.py:4180} INFO - Setting next_dagrun for example_external_task_marker_parent to None, run_after=None
[2024-11-17T09:25:23.384+0000] {processor.py:208} INFO - Processing /home/airflow/.local/lib/python3.12/site-packages/airflow/example_dags/example_external_task_marker_dag.py took 0.410 seconds
[2024-11-17T09:25:53.579+0000] {processor.py:186} INFO - Started process (PID=3625) to work on /home/airflow/.local/lib/python3.12/site-packages/airflow/example_dags/example_external_task_marker_dag.py
[2024-11-17T09:25:53.583+0000] {processor.py:914} INFO - Processing file /home/airflow/.local/lib/python3.12/site-packages/airflow/example_dags/example_external_task_marker_dag.py for tasks to queue
[2024-11-17T09:25:53.592+0000] {logging_mixin.py:190} INFO - [2024-11-17T09:25:53.591+0000] {dagbag.py:588} INFO - Filling up the DagBag from /home/airflow/.local/lib/python3.12/site-packages/airflow/example_dags/example_external_task_marker_dag.py
[2024-11-17T09:25:53.621+0000] {processor.py:925} INFO - DAG(s) 'example_external_task_marker_parent', 'example_external_task_marker_child' retrieved from /home/airflow/.local/lib/python3.12/site-packages/airflow/example_dags/example_external_task_marker_dag.py
[2024-11-17T09:25:53.733+0000] {logging_mixin.py:190} INFO - [2024-11-17T09:25:53.732+0000] {dag.py:3239} INFO - Sync 2 DAGs
[2024-11-17T09:25:53.808+0000] {logging_mixin.py:190} INFO - [2024-11-17T09:25:53.808+0000] {dag.py:4180} INFO - Setting next_dagrun for example_external_task_marker_child to None, run_after=None
[2024-11-17T09:25:53.822+0000] {logging_mixin.py:190} INFO - [2024-11-17T09:25:53.821+0000] {dag.py:4180} INFO - Setting next_dagrun for example_external_task_marker_parent to None, run_after=None
[2024-11-17T09:25:53.885+0000] {processor.py:208} INFO - Processing /home/airflow/.local/lib/python3.12/site-packages/airflow/example_dags/example_external_task_marker_dag.py took 0.328 seconds
[2024-11-17T09:26:24.675+0000] {processor.py:186} INFO - Started process (PID=3691) to work on /home/airflow/.local/lib/python3.12/site-packages/airflow/example_dags/example_external_task_marker_dag.py
[2024-11-17T09:26:24.681+0000] {processor.py:914} INFO - Processing file /home/airflow/.local/lib/python3.12/site-packages/airflow/example_dags/example_external_task_marker_dag.py for tasks to queue
[2024-11-17T09:26:24.691+0000] {logging_mixin.py:190} INFO - [2024-11-17T09:26:24.689+0000] {dagbag.py:588} INFO - Filling up the DagBag from /home/airflow/.local/lib/python3.12/site-packages/airflow/example_dags/example_external_task_marker_dag.py
[2024-11-17T09:26:24.730+0000] {processor.py:925} INFO - DAG(s) 'example_external_task_marker_child', 'example_external_task_marker_parent' retrieved from /home/airflow/.local/lib/python3.12/site-packages/airflow/example_dags/example_external_task_marker_dag.py
[2024-11-17T09:26:24.854+0000] {logging_mixin.py:190} INFO - [2024-11-17T09:26:24.853+0000] {dag.py:3239} INFO - Sync 2 DAGs
[2024-11-17T09:26:24.936+0000] {logging_mixin.py:190} INFO - [2024-11-17T09:26:24.935+0000] {dag.py:4180} INFO - Setting next_dagrun for example_external_task_marker_child to None, run_after=None
[2024-11-17T09:26:24.952+0000] {logging_mixin.py:190} INFO - [2024-11-17T09:26:24.952+0000] {dag.py:4180} INFO - Setting next_dagrun for example_external_task_marker_parent to None, run_after=None
[2024-11-17T09:26:25.016+0000] {processor.py:208} INFO - Processing /home/airflow/.local/lib/python3.12/site-packages/airflow/example_dags/example_external_task_marker_dag.py took 0.370 seconds
[2024-11-17T09:26:55.861+0000] {processor.py:186} INFO - Started process (PID=3757) to work on /home/airflow/.local/lib/python3.12/site-packages/airflow/example_dags/example_external_task_marker_dag.py
[2024-11-17T09:26:55.865+0000] {processor.py:914} INFO - Processing file /home/airflow/.local/lib/python3.12/site-packages/airflow/example_dags/example_external_task_marker_dag.py for tasks to queue
[2024-11-17T09:26:55.874+0000] {logging_mixin.py:190} INFO - [2024-11-17T09:26:55.873+0000] {dagbag.py:588} INFO - Filling up the DagBag from /home/airflow/.local/lib/python3.12/site-packages/airflow/example_dags/example_external_task_marker_dag.py
[2024-11-17T09:26:55.903+0000] {processor.py:925} INFO - DAG(s) 'example_external_task_marker_child', 'example_external_task_marker_parent' retrieved from /home/airflow/.local/lib/python3.12/site-packages/airflow/example_dags/example_external_task_marker_dag.py
[2024-11-17T09:26:55.975+0000] {logging_mixin.py:190} INFO - [2024-11-17T09:26:55.974+0000] {dag.py:3239} INFO - Sync 2 DAGs
[2024-11-17T09:26:56.022+0000] {logging_mixin.py:190} INFO - [2024-11-17T09:26:56.021+0000] {dag.py:4180} INFO - Setting next_dagrun for example_external_task_marker_child to None, run_after=None
[2024-11-17T09:26:56.032+0000] {logging_mixin.py:190} INFO - [2024-11-17T09:26:56.031+0000] {dag.py:4180} INFO - Setting next_dagrun for example_external_task_marker_parent to None, run_after=None
[2024-11-17T09:26:56.075+0000] {processor.py:208} INFO - Processing /home/airflow/.local/lib/python3.12/site-packages/airflow/example_dags/example_external_task_marker_dag.py took 0.236 seconds
[2024-11-17T09:27:26.601+0000] {processor.py:186} INFO - Started process (PID=3823) to work on /home/airflow/.local/lib/python3.12/site-packages/airflow/example_dags/example_external_task_marker_dag.py
[2024-11-17T09:27:26.603+0000] {processor.py:914} INFO - Processing file /home/airflow/.local/lib/python3.12/site-packages/airflow/example_dags/example_external_task_marker_dag.py for tasks to queue
[2024-11-17T09:27:26.611+0000] {logging_mixin.py:190} INFO - [2024-11-17T09:27:26.609+0000] {dagbag.py:588} INFO - Filling up the DagBag from /home/airflow/.local/lib/python3.12/site-packages/airflow/example_dags/example_external_task_marker_dag.py
[2024-11-17T09:27:26.634+0000] {processor.py:925} INFO - DAG(s) 'example_external_task_marker_child', 'example_external_task_marker_parent' retrieved from /home/airflow/.local/lib/python3.12/site-packages/airflow/example_dags/example_external_task_marker_dag.py
[2024-11-17T09:27:26.705+0000] {logging_mixin.py:190} INFO - [2024-11-17T09:27:26.704+0000] {dag.py:3239} INFO - Sync 2 DAGs
[2024-11-17T09:27:26.762+0000] {logging_mixin.py:190} INFO - [2024-11-17T09:27:26.762+0000] {dag.py:4180} INFO - Setting next_dagrun for example_external_task_marker_child to None, run_after=None
[2024-11-17T09:27:26.780+0000] {logging_mixin.py:190} INFO - [2024-11-17T09:27:26.779+0000] {dag.py:4180} INFO - Setting next_dagrun for example_external_task_marker_parent to None, run_after=None
[2024-11-17T09:27:26.837+0000] {processor.py:208} INFO - Processing /home/airflow/.local/lib/python3.12/site-packages/airflow/example_dags/example_external_task_marker_dag.py took 0.254 seconds
[2024-11-17T09:27:57.208+0000] {processor.py:186} INFO - Started process (PID=3888) to work on /home/airflow/.local/lib/python3.12/site-packages/airflow/example_dags/example_external_task_marker_dag.py
[2024-11-17T09:27:57.211+0000] {processor.py:914} INFO - Processing file /home/airflow/.local/lib/python3.12/site-packages/airflow/example_dags/example_external_task_marker_dag.py for tasks to queue
[2024-11-17T09:27:57.218+0000] {logging_mixin.py:190} INFO - [2024-11-17T09:27:57.217+0000] {dagbag.py:588} INFO - Filling up the DagBag from /home/airflow/.local/lib/python3.12/site-packages/airflow/example_dags/example_external_task_marker_dag.py
[2024-11-17T09:27:57.249+0000] {processor.py:925} INFO - DAG(s) 'example_external_task_marker_child', 'example_external_task_marker_parent' retrieved from /home/airflow/.local/lib/python3.12/site-packages/airflow/example_dags/example_external_task_marker_dag.py
[2024-11-17T09:27:57.333+0000] {logging_mixin.py:190} INFO - [2024-11-17T09:27:57.332+0000] {dag.py:3239} INFO - Sync 2 DAGs
[2024-11-17T09:27:57.392+0000] {logging_mixin.py:190} INFO - [2024-11-17T09:27:57.392+0000] {dag.py:4180} INFO - Setting next_dagrun for example_external_task_marker_child to None, run_after=None
[2024-11-17T09:27:57.403+0000] {logging_mixin.py:190} INFO - [2024-11-17T09:27:57.402+0000] {dag.py:4180} INFO - Setting next_dagrun for example_external_task_marker_parent to None, run_after=None
[2024-11-17T09:27:57.451+0000] {processor.py:208} INFO - Processing /home/airflow/.local/lib/python3.12/site-packages/airflow/example_dags/example_external_task_marker_dag.py took 0.270 seconds
