[2024-11-17T08:58:00.026+0000] {processor.py:186} INFO - Started process (PID=96) to work on /home/airflow/.local/lib/python3.12/site-packages/airflow/example_dags/example_latest_only_with_trigger.py
[2024-11-17T08:58:00.030+0000] {processor.py:914} INFO - Processing file /home/airflow/.local/lib/python3.12/site-packages/airflow/example_dags/example_latest_only_with_trigger.py for tasks to queue
[2024-11-17T08:58:00.037+0000] {logging_mixin.py:190} INFO - [2024-11-17T08:58:00.036+0000] {dagbag.py:588} INFO - Filling up the DagBag from /home/airflow/.local/lib/python3.12/site-packages/airflow/example_dags/example_latest_only_with_trigger.py
[2024-11-17T08:58:00.070+0000] {processor.py:925} INFO - DAG(s) 'latest_only_with_trigger' retrieved from /home/airflow/.local/lib/python3.12/site-packages/airflow/example_dags/example_latest_only_with_trigger.py
[2024-11-17T08:58:00.514+0000] {logging_mixin.py:190} INFO - [2024-11-17T08:58:00.512+0000] {override.py:1911} INFO - Created Permission View: can delete on DAG:latest_only_with_trigger
[2024-11-17T08:58:00.552+0000] {logging_mixin.py:190} INFO - [2024-11-17T08:58:00.551+0000] {override.py:1911} INFO - Created Permission View: can edit on DAG:latest_only_with_trigger
[2024-11-17T08:58:00.578+0000] {logging_mixin.py:190} INFO - [2024-11-17T08:58:00.577+0000] {override.py:1911} INFO - Created Permission View: can read on DAG:latest_only_with_trigger
[2024-11-17T08:58:00.603+0000] {logging_mixin.py:190} INFO - [2024-11-17T08:58:00.602+0000] {override.py:1911} INFO - Created Permission View: can delete on DAG Run:latest_only_with_trigger
[2024-11-17T08:58:00.627+0000] {logging_mixin.py:190} INFO - [2024-11-17T08:58:00.626+0000] {override.py:1911} INFO - Created Permission View: menu access on DAG Run:latest_only_with_trigger
[2024-11-17T08:58:00.653+0000] {logging_mixin.py:190} INFO - [2024-11-17T08:58:00.652+0000] {override.py:1911} INFO - Created Permission View: can create on DAG Run:latest_only_with_trigger
[2024-11-17T08:58:00.684+0000] {logging_mixin.py:190} INFO - [2024-11-17T08:58:00.683+0000] {override.py:1911} INFO - Created Permission View: can read on DAG Run:latest_only_with_trigger
[2024-11-17T08:58:00.687+0000] {logging_mixin.py:190} INFO - [2024-11-17T08:58:00.686+0000] {dag.py:3239} INFO - Sync 1 DAGs
[2024-11-17T08:58:00.760+0000] {logging_mixin.py:190} INFO - [2024-11-17T08:58:00.751+0000] {dag.py:3262} INFO - Creating ORM DAG for latest_only_with_trigger
[2024-11-17T08:58:00.815+0000] {logging_mixin.py:190} INFO - [2024-11-17T08:58:00.813+0000] {dag.py:4180} INFO - Setting next_dagrun for latest_only_with_trigger to 2024-11-17 04:00:00+00:00, run_after=2024-11-17 08:00:00+00:00
[2024-11-17T08:58:00.934+0000] {processor.py:208} INFO - Processing /home/airflow/.local/lib/python3.12/site-packages/airflow/example_dags/example_latest_only_with_trigger.py took 0.932 seconds
[2024-11-17T08:58:31.131+0000] {processor.py:186} INFO - Started process (PID=163) to work on /home/airflow/.local/lib/python3.12/site-packages/airflow/example_dags/example_latest_only_with_trigger.py
[2024-11-17T08:58:31.135+0000] {processor.py:914} INFO - Processing file /home/airflow/.local/lib/python3.12/site-packages/airflow/example_dags/example_latest_only_with_trigger.py for tasks to queue
[2024-11-17T08:58:31.145+0000] {logging_mixin.py:190} INFO - [2024-11-17T08:58:31.144+0000] {dagbag.py:588} INFO - Filling up the DagBag from /home/airflow/.local/lib/python3.12/site-packages/airflow/example_dags/example_latest_only_with_trigger.py
[2024-11-17T08:58:31.171+0000] {processor.py:925} INFO - DAG(s) 'latest_only_with_trigger' retrieved from /home/airflow/.local/lib/python3.12/site-packages/airflow/example_dags/example_latest_only_with_trigger.py
[2024-11-17T08:58:31.239+0000] {logging_mixin.py:190} INFO - [2024-11-17T08:58:31.238+0000] {dag.py:3239} INFO - Sync 1 DAGs
[2024-11-17T08:58:31.328+0000] {logging_mixin.py:190} INFO - [2024-11-17T08:58:31.327+0000] {dag.py:4180} INFO - Setting next_dagrun for latest_only_with_trigger to 2024-11-17 04:00:00+00:00, run_after=2024-11-17 08:00:00+00:00
[2024-11-17T08:58:31.390+0000] {processor.py:208} INFO - Processing /home/airflow/.local/lib/python3.12/site-packages/airflow/example_dags/example_latest_only_with_trigger.py took 0.284 seconds
[2024-11-17T08:59:01.565+0000] {processor.py:186} INFO - Started process (PID=228) to work on /home/airflow/.local/lib/python3.12/site-packages/airflow/example_dags/example_latest_only_with_trigger.py
[2024-11-17T08:59:01.568+0000] {processor.py:914} INFO - Processing file /home/airflow/.local/lib/python3.12/site-packages/airflow/example_dags/example_latest_only_with_trigger.py for tasks to queue
[2024-11-17T08:59:01.574+0000] {logging_mixin.py:190} INFO - [2024-11-17T08:59:01.573+0000] {dagbag.py:588} INFO - Filling up the DagBag from /home/airflow/.local/lib/python3.12/site-packages/airflow/example_dags/example_latest_only_with_trigger.py
[2024-11-17T08:59:01.595+0000] {processor.py:925} INFO - DAG(s) 'latest_only_with_trigger' retrieved from /home/airflow/.local/lib/python3.12/site-packages/airflow/example_dags/example_latest_only_with_trigger.py
[2024-11-17T08:59:01.649+0000] {logging_mixin.py:190} INFO - [2024-11-17T08:59:01.648+0000] {dag.py:3239} INFO - Sync 1 DAGs
[2024-11-17T08:59:01.719+0000] {logging_mixin.py:190} INFO - [2024-11-17T08:59:01.718+0000] {dag.py:4180} INFO - Setting next_dagrun for latest_only_with_trigger to 2024-11-17 04:00:00+00:00, run_after=2024-11-17 08:00:00+00:00
[2024-11-17T08:59:01.769+0000] {processor.py:208} INFO - Processing /home/airflow/.local/lib/python3.12/site-packages/airflow/example_dags/example_latest_only_with_trigger.py took 0.221 seconds
[2024-11-17T08:59:35.862+0000] {processor.py:186} INFO - Started process (PID=294) to work on /home/airflow/.local/lib/python3.12/site-packages/airflow/example_dags/example_latest_only_with_trigger.py
[2024-11-17T08:59:35.865+0000] {processor.py:914} INFO - Processing file /home/airflow/.local/lib/python3.12/site-packages/airflow/example_dags/example_latest_only_with_trigger.py for tasks to queue
[2024-11-17T08:59:35.873+0000] {logging_mixin.py:190} INFO - [2024-11-17T08:59:35.872+0000] {dagbag.py:588} INFO - Filling up the DagBag from /home/airflow/.local/lib/python3.12/site-packages/airflow/example_dags/example_latest_only_with_trigger.py
[2024-11-17T08:59:35.898+0000] {processor.py:925} INFO - DAG(s) 'latest_only_with_trigger' retrieved from /home/airflow/.local/lib/python3.12/site-packages/airflow/example_dags/example_latest_only_with_trigger.py
[2024-11-17T08:59:35.969+0000] {logging_mixin.py:190} INFO - [2024-11-17T08:59:35.968+0000] {dag.py:3239} INFO - Sync 1 DAGs
[2024-11-17T08:59:36.038+0000] {logging_mixin.py:190} INFO - [2024-11-17T08:59:36.037+0000] {dag.py:4180} INFO - Setting next_dagrun for latest_only_with_trigger to 2024-11-17 04:00:00+00:00, run_after=2024-11-17 08:00:00+00:00
[2024-11-17T08:59:36.091+0000] {processor.py:208} INFO - Processing /home/airflow/.local/lib/python3.12/site-packages/airflow/example_dags/example_latest_only_with_trigger.py took 0.247 seconds
[2024-11-17T09:00:06.387+0000] {processor.py:186} INFO - Started process (PID=360) to work on /home/airflow/.local/lib/python3.12/site-packages/airflow/example_dags/example_latest_only_with_trigger.py
[2024-11-17T09:00:06.390+0000] {processor.py:914} INFO - Processing file /home/airflow/.local/lib/python3.12/site-packages/airflow/example_dags/example_latest_only_with_trigger.py for tasks to queue
[2024-11-17T09:00:06.397+0000] {logging_mixin.py:190} INFO - [2024-11-17T09:00:06.396+0000] {dagbag.py:588} INFO - Filling up the DagBag from /home/airflow/.local/lib/python3.12/site-packages/airflow/example_dags/example_latest_only_with_trigger.py
[2024-11-17T09:00:06.424+0000] {processor.py:925} INFO - DAG(s) 'latest_only_with_trigger' retrieved from /home/airflow/.local/lib/python3.12/site-packages/airflow/example_dags/example_latest_only_with_trigger.py
[2024-11-17T09:00:06.488+0000] {logging_mixin.py:190} INFO - [2024-11-17T09:00:06.487+0000] {dag.py:3239} INFO - Sync 1 DAGs
[2024-11-17T09:00:06.567+0000] {logging_mixin.py:190} INFO - [2024-11-17T09:00:06.567+0000] {dag.py:4180} INFO - Setting next_dagrun for latest_only_with_trigger to 2024-11-17 04:00:00+00:00, run_after=2024-11-17 08:00:00+00:00
[2024-11-17T09:00:06.622+0000] {processor.py:208} INFO - Processing /home/airflow/.local/lib/python3.12/site-packages/airflow/example_dags/example_latest_only_with_trigger.py took 0.256 seconds
[2024-11-17T09:00:38.065+0000] {processor.py:186} INFO - Started process (PID=433) to work on /home/airflow/.local/lib/python3.12/site-packages/airflow/example_dags/example_latest_only_with_trigger.py
[2024-11-17T09:00:38.068+0000] {processor.py:914} INFO - Processing file /home/airflow/.local/lib/python3.12/site-packages/airflow/example_dags/example_latest_only_with_trigger.py for tasks to queue
[2024-11-17T09:00:38.075+0000] {logging_mixin.py:190} INFO - [2024-11-17T09:00:38.074+0000] {dagbag.py:588} INFO - Filling up the DagBag from /home/airflow/.local/lib/python3.12/site-packages/airflow/example_dags/example_latest_only_with_trigger.py
[2024-11-17T09:00:38.103+0000] {processor.py:925} INFO - DAG(s) 'latest_only_with_trigger' retrieved from /home/airflow/.local/lib/python3.12/site-packages/airflow/example_dags/example_latest_only_with_trigger.py
[2024-11-17T09:00:38.173+0000] {logging_mixin.py:190} INFO - [2024-11-17T09:00:38.173+0000] {dag.py:3239} INFO - Sync 1 DAGs
[2024-11-17T09:00:38.260+0000] {logging_mixin.py:190} INFO - [2024-11-17T09:00:38.259+0000] {dag.py:4180} INFO - Setting next_dagrun for latest_only_with_trigger to 2024-11-17 04:00:00+00:00, run_after=2024-11-17 08:00:00+00:00
[2024-11-17T09:00:40.528+0000] {processor.py:208} INFO - Processing /home/airflow/.local/lib/python3.12/site-packages/airflow/example_dags/example_latest_only_with_trigger.py took 2.486 seconds
[2024-11-17T09:01:11.816+0000] {processor.py:186} INFO - Started process (PID=498) to work on /home/airflow/.local/lib/python3.12/site-packages/airflow/example_dags/example_latest_only_with_trigger.py
[2024-11-17T09:01:11.819+0000] {processor.py:914} INFO - Processing file /home/airflow/.local/lib/python3.12/site-packages/airflow/example_dags/example_latest_only_with_trigger.py for tasks to queue
[2024-11-17T09:01:11.826+0000] {logging_mixin.py:190} INFO - [2024-11-17T09:01:11.826+0000] {dagbag.py:588} INFO - Filling up the DagBag from /home/airflow/.local/lib/python3.12/site-packages/airflow/example_dags/example_latest_only_with_trigger.py
[2024-11-17T09:01:11.848+0000] {processor.py:925} INFO - DAG(s) 'latest_only_with_trigger' retrieved from /home/airflow/.local/lib/python3.12/site-packages/airflow/example_dags/example_latest_only_with_trigger.py
[2024-11-17T09:01:11.912+0000] {logging_mixin.py:190} INFO - [2024-11-17T09:01:11.912+0000] {dag.py:3239} INFO - Sync 1 DAGs
[2024-11-17T09:01:11.991+0000] {logging_mixin.py:190} INFO - [2024-11-17T09:01:11.991+0000] {dag.py:4180} INFO - Setting next_dagrun for latest_only_with_trigger to 2024-11-17 04:00:00+00:00, run_after=2024-11-17 08:00:00+00:00
[2024-11-17T09:01:12.051+0000] {processor.py:208} INFO - Processing /home/airflow/.local/lib/python3.12/site-packages/airflow/example_dags/example_latest_only_with_trigger.py took 0.252 seconds
[2024-11-17T09:01:42.922+0000] {processor.py:186} INFO - Started process (PID=563) to work on /home/airflow/.local/lib/python3.12/site-packages/airflow/example_dags/example_latest_only_with_trigger.py
[2024-11-17T09:01:42.926+0000] {processor.py:914} INFO - Processing file /home/airflow/.local/lib/python3.12/site-packages/airflow/example_dags/example_latest_only_with_trigger.py for tasks to queue
[2024-11-17T09:01:42.937+0000] {logging_mixin.py:190} INFO - [2024-11-17T09:01:42.935+0000] {dagbag.py:588} INFO - Filling up the DagBag from /home/airflow/.local/lib/python3.12/site-packages/airflow/example_dags/example_latest_only_with_trigger.py
[2024-11-17T09:01:42.961+0000] {processor.py:925} INFO - DAG(s) 'latest_only_with_trigger' retrieved from /home/airflow/.local/lib/python3.12/site-packages/airflow/example_dags/example_latest_only_with_trigger.py
[2024-11-17T09:01:43.030+0000] {logging_mixin.py:190} INFO - [2024-11-17T09:01:43.029+0000] {dag.py:3239} INFO - Sync 1 DAGs
[2024-11-17T09:01:43.115+0000] {logging_mixin.py:190} INFO - [2024-11-17T09:01:43.114+0000] {dag.py:4180} INFO - Setting next_dagrun for latest_only_with_trigger to 2024-11-17 04:00:00+00:00, run_after=2024-11-17 08:00:00+00:00
[2024-11-17T09:01:43.169+0000] {processor.py:208} INFO - Processing /home/airflow/.local/lib/python3.12/site-packages/airflow/example_dags/example_latest_only_with_trigger.py took 0.273 seconds
[2024-11-17T09:02:14.962+0000] {processor.py:186} INFO - Started process (PID=629) to work on /home/airflow/.local/lib/python3.12/site-packages/airflow/example_dags/example_latest_only_with_trigger.py
[2024-11-17T09:02:14.965+0000] {processor.py:914} INFO - Processing file /home/airflow/.local/lib/python3.12/site-packages/airflow/example_dags/example_latest_only_with_trigger.py for tasks to queue
[2024-11-17T09:02:14.971+0000] {logging_mixin.py:190} INFO - [2024-11-17T09:02:14.970+0000] {dagbag.py:588} INFO - Filling up the DagBag from /home/airflow/.local/lib/python3.12/site-packages/airflow/example_dags/example_latest_only_with_trigger.py
[2024-11-17T09:02:14.992+0000] {processor.py:925} INFO - DAG(s) 'latest_only_with_trigger' retrieved from /home/airflow/.local/lib/python3.12/site-packages/airflow/example_dags/example_latest_only_with_trigger.py
[2024-11-17T09:02:15.077+0000] {logging_mixin.py:190} INFO - [2024-11-17T09:02:15.076+0000] {dag.py:3239} INFO - Sync 1 DAGs
[2024-11-17T09:02:15.281+0000] {logging_mixin.py:190} INFO - [2024-11-17T09:02:15.280+0000] {dag.py:4180} INFO - Setting next_dagrun for latest_only_with_trigger to 2024-11-17 04:00:00+00:00, run_after=2024-11-17 08:00:00+00:00
[2024-11-17T09:02:15.371+0000] {processor.py:208} INFO - Processing /home/airflow/.local/lib/python3.12/site-packages/airflow/example_dags/example_latest_only_with_trigger.py took 0.426 seconds
[2024-11-17T09:02:48.426+0000] {processor.py:186} INFO - Started process (PID=685) to work on /home/airflow/.local/lib/python3.12/site-packages/airflow/example_dags/example_latest_only_with_trigger.py
[2024-11-17T09:02:48.429+0000] {processor.py:914} INFO - Processing file /home/airflow/.local/lib/python3.12/site-packages/airflow/example_dags/example_latest_only_with_trigger.py for tasks to queue
[2024-11-17T09:02:48.436+0000] {logging_mixin.py:190} INFO - [2024-11-17T09:02:48.435+0000] {dagbag.py:588} INFO - Filling up the DagBag from /home/airflow/.local/lib/python3.12/site-packages/airflow/example_dags/example_latest_only_with_trigger.py
[2024-11-17T09:02:48.461+0000] {processor.py:925} INFO - DAG(s) 'latest_only_with_trigger' retrieved from /home/airflow/.local/lib/python3.12/site-packages/airflow/example_dags/example_latest_only_with_trigger.py
[2024-11-17T09:02:48.523+0000] {logging_mixin.py:190} INFO - [2024-11-17T09:02:48.522+0000] {dag.py:3239} INFO - Sync 1 DAGs
[2024-11-17T09:02:48.595+0000] {logging_mixin.py:190} INFO - [2024-11-17T09:02:48.594+0000] {dag.py:4180} INFO - Setting next_dagrun for latest_only_with_trigger to 2024-11-17 04:00:00+00:00, run_after=2024-11-17 08:00:00+00:00
[2024-11-17T09:02:48.651+0000] {processor.py:208} INFO - Processing /home/airflow/.local/lib/python3.12/site-packages/airflow/example_dags/example_latest_only_with_trigger.py took 0.241 seconds
[2024-11-17T09:03:19.817+0000] {processor.py:186} INFO - Started process (PID=751) to work on /home/airflow/.local/lib/python3.12/site-packages/airflow/example_dags/example_latest_only_with_trigger.py
[2024-11-17T09:03:19.820+0000] {processor.py:914} INFO - Processing file /home/airflow/.local/lib/python3.12/site-packages/airflow/example_dags/example_latest_only_with_trigger.py for tasks to queue
[2024-11-17T09:03:19.827+0000] {logging_mixin.py:190} INFO - [2024-11-17T09:03:19.825+0000] {dagbag.py:588} INFO - Filling up the DagBag from /home/airflow/.local/lib/python3.12/site-packages/airflow/example_dags/example_latest_only_with_trigger.py
[2024-11-17T09:03:19.849+0000] {processor.py:925} INFO - DAG(s) 'latest_only_with_trigger' retrieved from /home/airflow/.local/lib/python3.12/site-packages/airflow/example_dags/example_latest_only_with_trigger.py
[2024-11-17T09:03:19.927+0000] {logging_mixin.py:190} INFO - [2024-11-17T09:03:19.926+0000] {dag.py:3239} INFO - Sync 1 DAGs
[2024-11-17T09:03:20.040+0000] {logging_mixin.py:190} INFO - [2024-11-17T09:03:20.039+0000] {dag.py:4180} INFO - Setting next_dagrun for latest_only_with_trigger to 2024-11-17 04:00:00+00:00, run_after=2024-11-17 08:00:00+00:00
[2024-11-17T09:03:20.106+0000] {processor.py:208} INFO - Processing /home/airflow/.local/lib/python3.12/site-packages/airflow/example_dags/example_latest_only_with_trigger.py took 0.306 seconds
[2024-11-17T09:03:52.086+0000] {processor.py:186} INFO - Started process (PID=816) to work on /home/airflow/.local/lib/python3.12/site-packages/airflow/example_dags/example_latest_only_with_trigger.py
[2024-11-17T09:03:52.089+0000] {processor.py:914} INFO - Processing file /home/airflow/.local/lib/python3.12/site-packages/airflow/example_dags/example_latest_only_with_trigger.py for tasks to queue
[2024-11-17T09:03:52.096+0000] {logging_mixin.py:190} INFO - [2024-11-17T09:03:52.095+0000] {dagbag.py:588} INFO - Filling up the DagBag from /home/airflow/.local/lib/python3.12/site-packages/airflow/example_dags/example_latest_only_with_trigger.py
[2024-11-17T09:03:52.125+0000] {processor.py:925} INFO - DAG(s) 'latest_only_with_trigger' retrieved from /home/airflow/.local/lib/python3.12/site-packages/airflow/example_dags/example_latest_only_with_trigger.py
[2024-11-17T09:03:52.198+0000] {logging_mixin.py:190} INFO - [2024-11-17T09:03:52.197+0000] {dag.py:3239} INFO - Sync 1 DAGs
[2024-11-17T09:03:52.274+0000] {logging_mixin.py:190} INFO - [2024-11-17T09:03:52.274+0000] {dag.py:4180} INFO - Setting next_dagrun for latest_only_with_trigger to 2024-11-17 04:00:00+00:00, run_after=2024-11-17 08:00:00+00:00
[2024-11-17T09:03:52.335+0000] {processor.py:208} INFO - Processing /home/airflow/.local/lib/python3.12/site-packages/airflow/example_dags/example_latest_only_with_trigger.py took 0.279 seconds
[2024-11-17T09:04:23.086+0000] {processor.py:186} INFO - Started process (PID=882) to work on /home/airflow/.local/lib/python3.12/site-packages/airflow/example_dags/example_latest_only_with_trigger.py
[2024-11-17T09:04:23.089+0000] {processor.py:914} INFO - Processing file /home/airflow/.local/lib/python3.12/site-packages/airflow/example_dags/example_latest_only_with_trigger.py for tasks to queue
[2024-11-17T09:04:23.096+0000] {logging_mixin.py:190} INFO - [2024-11-17T09:04:23.095+0000] {dagbag.py:588} INFO - Filling up the DagBag from /home/airflow/.local/lib/python3.12/site-packages/airflow/example_dags/example_latest_only_with_trigger.py
[2024-11-17T09:04:23.119+0000] {processor.py:925} INFO - DAG(s) 'latest_only_with_trigger' retrieved from /home/airflow/.local/lib/python3.12/site-packages/airflow/example_dags/example_latest_only_with_trigger.py
[2024-11-17T09:04:23.180+0000] {logging_mixin.py:190} INFO - [2024-11-17T09:04:23.180+0000] {dag.py:3239} INFO - Sync 1 DAGs
[2024-11-17T09:04:23.245+0000] {logging_mixin.py:190} INFO - [2024-11-17T09:04:23.244+0000] {dag.py:4180} INFO - Setting next_dagrun for latest_only_with_trigger to 2024-11-17 04:00:00+00:00, run_after=2024-11-17 08:00:00+00:00
[2024-11-17T09:04:23.296+0000] {processor.py:208} INFO - Processing /home/airflow/.local/lib/python3.12/site-packages/airflow/example_dags/example_latest_only_with_trigger.py took 0.226 seconds
[2024-11-17T09:04:54.619+0000] {processor.py:186} INFO - Started process (PID=947) to work on /home/airflow/.local/lib/python3.12/site-packages/airflow/example_dags/example_latest_only_with_trigger.py
[2024-11-17T09:04:54.622+0000] {processor.py:914} INFO - Processing file /home/airflow/.local/lib/python3.12/site-packages/airflow/example_dags/example_latest_only_with_trigger.py for tasks to queue
[2024-11-17T09:04:54.632+0000] {logging_mixin.py:190} INFO - [2024-11-17T09:04:54.631+0000] {dagbag.py:588} INFO - Filling up the DagBag from /home/airflow/.local/lib/python3.12/site-packages/airflow/example_dags/example_latest_only_with_trigger.py
[2024-11-17T09:04:54.665+0000] {processor.py:925} INFO - DAG(s) 'latest_only_with_trigger' retrieved from /home/airflow/.local/lib/python3.12/site-packages/airflow/example_dags/example_latest_only_with_trigger.py
[2024-11-17T09:04:54.725+0000] {logging_mixin.py:190} INFO - [2024-11-17T09:04:54.725+0000] {dag.py:3239} INFO - Sync 1 DAGs
[2024-11-17T09:04:54.793+0000] {logging_mixin.py:190} INFO - [2024-11-17T09:04:54.792+0000] {dag.py:4180} INFO - Setting next_dagrun for latest_only_with_trigger to 2024-11-17 04:00:00+00:00, run_after=2024-11-17 08:00:00+00:00
[2024-11-17T09:04:54.850+0000] {processor.py:208} INFO - Processing /home/airflow/.local/lib/python3.12/site-packages/airflow/example_dags/example_latest_only_with_trigger.py took 0.257 seconds
[2024-11-17T09:05:26.016+0000] {processor.py:186} INFO - Started process (PID=1010) to work on /home/airflow/.local/lib/python3.12/site-packages/airflow/example_dags/example_latest_only_with_trigger.py
[2024-11-17T09:05:26.019+0000] {processor.py:914} INFO - Processing file /home/airflow/.local/lib/python3.12/site-packages/airflow/example_dags/example_latest_only_with_trigger.py for tasks to queue
[2024-11-17T09:05:26.027+0000] {logging_mixin.py:190} INFO - [2024-11-17T09:05:26.026+0000] {dagbag.py:588} INFO - Filling up the DagBag from /home/airflow/.local/lib/python3.12/site-packages/airflow/example_dags/example_latest_only_with_trigger.py
[2024-11-17T09:05:26.053+0000] {processor.py:925} INFO - DAG(s) 'latest_only_with_trigger' retrieved from /home/airflow/.local/lib/python3.12/site-packages/airflow/example_dags/example_latest_only_with_trigger.py
[2024-11-17T09:05:26.115+0000] {logging_mixin.py:190} INFO - [2024-11-17T09:05:26.114+0000] {dag.py:3239} INFO - Sync 1 DAGs
[2024-11-17T09:05:26.196+0000] {logging_mixin.py:190} INFO - [2024-11-17T09:05:26.195+0000] {dag.py:4180} INFO - Setting next_dagrun for latest_only_with_trigger to 2024-11-17 04:00:00+00:00, run_after=2024-11-17 08:00:00+00:00
[2024-11-17T09:05:26.260+0000] {processor.py:208} INFO - Processing /home/airflow/.local/lib/python3.12/site-packages/airflow/example_dags/example_latest_only_with_trigger.py took 0.260 seconds
[2024-11-17T09:05:57.700+0000] {processor.py:186} INFO - Started process (PID=1074) to work on /home/airflow/.local/lib/python3.12/site-packages/airflow/example_dags/example_latest_only_with_trigger.py
[2024-11-17T09:05:57.702+0000] {processor.py:914} INFO - Processing file /home/airflow/.local/lib/python3.12/site-packages/airflow/example_dags/example_latest_only_with_trigger.py for tasks to queue
[2024-11-17T09:05:57.710+0000] {logging_mixin.py:190} INFO - [2024-11-17T09:05:57.709+0000] {dagbag.py:588} INFO - Filling up the DagBag from /home/airflow/.local/lib/python3.12/site-packages/airflow/example_dags/example_latest_only_with_trigger.py
[2024-11-17T09:05:57.730+0000] {processor.py:925} INFO - DAG(s) 'latest_only_with_trigger' retrieved from /home/airflow/.local/lib/python3.12/site-packages/airflow/example_dags/example_latest_only_with_trigger.py
[2024-11-17T09:05:57.798+0000] {logging_mixin.py:190} INFO - [2024-11-17T09:05:57.797+0000] {dag.py:3239} INFO - Sync 1 DAGs
[2024-11-17T09:05:57.871+0000] {logging_mixin.py:190} INFO - [2024-11-17T09:05:57.870+0000] {dag.py:4180} INFO - Setting next_dagrun for latest_only_with_trigger to 2024-11-17 04:00:00+00:00, run_after=2024-11-17 08:00:00+00:00
[2024-11-17T09:05:57.937+0000] {processor.py:208} INFO - Processing /home/airflow/.local/lib/python3.12/site-packages/airflow/example_dags/example_latest_only_with_trigger.py took 0.253 seconds
[2024-11-17T09:06:29.408+0000] {processor.py:186} INFO - Started process (PID=1140) to work on /home/airflow/.local/lib/python3.12/site-packages/airflow/example_dags/example_latest_only_with_trigger.py
[2024-11-17T09:06:29.411+0000] {processor.py:914} INFO - Processing file /home/airflow/.local/lib/python3.12/site-packages/airflow/example_dags/example_latest_only_with_trigger.py for tasks to queue
[2024-11-17T09:06:29.419+0000] {logging_mixin.py:190} INFO - [2024-11-17T09:06:29.418+0000] {dagbag.py:588} INFO - Filling up the DagBag from /home/airflow/.local/lib/python3.12/site-packages/airflow/example_dags/example_latest_only_with_trigger.py
[2024-11-17T09:06:29.440+0000] {processor.py:925} INFO - DAG(s) 'latest_only_with_trigger' retrieved from /home/airflow/.local/lib/python3.12/site-packages/airflow/example_dags/example_latest_only_with_trigger.py
[2024-11-17T09:06:29.499+0000] {logging_mixin.py:190} INFO - [2024-11-17T09:06:29.498+0000] {dag.py:3239} INFO - Sync 1 DAGs
[2024-11-17T09:06:29.567+0000] {logging_mixin.py:190} INFO - [2024-11-17T09:06:29.567+0000] {dag.py:4180} INFO - Setting next_dagrun for latest_only_with_trigger to 2024-11-17 04:00:00+00:00, run_after=2024-11-17 08:00:00+00:00
[2024-11-17T09:06:29.623+0000] {processor.py:208} INFO - Processing /home/airflow/.local/lib/python3.12/site-packages/airflow/example_dags/example_latest_only_with_trigger.py took 0.231 seconds
[2024-11-17T09:06:59.926+0000] {processor.py:186} INFO - Started process (PID=1206) to work on /home/airflow/.local/lib/python3.12/site-packages/airflow/example_dags/example_latest_only_with_trigger.py
[2024-11-17T09:06:59.929+0000] {processor.py:914} INFO - Processing file /home/airflow/.local/lib/python3.12/site-packages/airflow/example_dags/example_latest_only_with_trigger.py for tasks to queue
[2024-11-17T09:06:59.936+0000] {logging_mixin.py:190} INFO - [2024-11-17T09:06:59.935+0000] {dagbag.py:588} INFO - Filling up the DagBag from /home/airflow/.local/lib/python3.12/site-packages/airflow/example_dags/example_latest_only_with_trigger.py
[2024-11-17T09:06:59.956+0000] {processor.py:925} INFO - DAG(s) 'latest_only_with_trigger' retrieved from /home/airflow/.local/lib/python3.12/site-packages/airflow/example_dags/example_latest_only_with_trigger.py
[2024-11-17T09:07:00.015+0000] {logging_mixin.py:190} INFO - [2024-11-17T09:07:00.014+0000] {dag.py:3239} INFO - Sync 1 DAGs
[2024-11-17T09:07:00.083+0000] {logging_mixin.py:190} INFO - [2024-11-17T09:07:00.082+0000] {dag.py:4180} INFO - Setting next_dagrun for latest_only_with_trigger to 2024-11-17 04:00:00+00:00, run_after=2024-11-17 08:00:00+00:00
[2024-11-17T09:07:00.142+0000] {processor.py:208} INFO - Processing /home/airflow/.local/lib/python3.12/site-packages/airflow/example_dags/example_latest_only_with_trigger.py took 0.235 seconds
[2024-11-17T09:07:30.728+0000] {processor.py:186} INFO - Started process (PID=1272) to work on /home/airflow/.local/lib/python3.12/site-packages/airflow/example_dags/example_latest_only_with_trigger.py
[2024-11-17T09:07:30.731+0000] {processor.py:914} INFO - Processing file /home/airflow/.local/lib/python3.12/site-packages/airflow/example_dags/example_latest_only_with_trigger.py for tasks to queue
[2024-11-17T09:07:30.738+0000] {logging_mixin.py:190} INFO - [2024-11-17T09:07:30.737+0000] {dagbag.py:588} INFO - Filling up the DagBag from /home/airflow/.local/lib/python3.12/site-packages/airflow/example_dags/example_latest_only_with_trigger.py
[2024-11-17T09:07:30.759+0000] {processor.py:925} INFO - DAG(s) 'latest_only_with_trigger' retrieved from /home/airflow/.local/lib/python3.12/site-packages/airflow/example_dags/example_latest_only_with_trigger.py
[2024-11-17T09:07:30.816+0000] {logging_mixin.py:190} INFO - [2024-11-17T09:07:30.815+0000] {dag.py:3239} INFO - Sync 1 DAGs
[2024-11-17T09:07:30.888+0000] {logging_mixin.py:190} INFO - [2024-11-17T09:07:30.887+0000] {dag.py:4180} INFO - Setting next_dagrun for latest_only_with_trigger to 2024-11-17 04:00:00+00:00, run_after=2024-11-17 08:00:00+00:00
[2024-11-17T09:07:30.954+0000] {processor.py:208} INFO - Processing /home/airflow/.local/lib/python3.12/site-packages/airflow/example_dags/example_latest_only_with_trigger.py took 0.247 seconds
[2024-11-17T09:08:02.205+0000] {processor.py:186} INFO - Started process (PID=1338) to work on /home/airflow/.local/lib/python3.12/site-packages/airflow/example_dags/example_latest_only_with_trigger.py
[2024-11-17T09:08:02.209+0000] {processor.py:914} INFO - Processing file /home/airflow/.local/lib/python3.12/site-packages/airflow/example_dags/example_latest_only_with_trigger.py for tasks to queue
[2024-11-17T09:08:02.218+0000] {logging_mixin.py:190} INFO - [2024-11-17T09:08:02.217+0000] {dagbag.py:588} INFO - Filling up the DagBag from /home/airflow/.local/lib/python3.12/site-packages/airflow/example_dags/example_latest_only_with_trigger.py
[2024-11-17T09:08:02.251+0000] {processor.py:925} INFO - DAG(s) 'latest_only_with_trigger' retrieved from /home/airflow/.local/lib/python3.12/site-packages/airflow/example_dags/example_latest_only_with_trigger.py
[2024-11-17T09:08:02.329+0000] {logging_mixin.py:190} INFO - [2024-11-17T09:08:02.328+0000] {dag.py:3239} INFO - Sync 1 DAGs
[2024-11-17T09:08:02.471+0000] {logging_mixin.py:190} INFO - [2024-11-17T09:08:02.470+0000] {dag.py:4180} INFO - Setting next_dagrun for latest_only_with_trigger to 2024-11-17 04:00:00+00:00, run_after=2024-11-17 08:00:00+00:00
[2024-11-17T09:08:02.584+0000] {processor.py:208} INFO - Processing /home/airflow/.local/lib/python3.12/site-packages/airflow/example_dags/example_latest_only_with_trigger.py took 0.403 seconds
[2024-11-17T09:08:33.196+0000] {processor.py:186} INFO - Started process (PID=1403) to work on /home/airflow/.local/lib/python3.12/site-packages/airflow/example_dags/example_latest_only_with_trigger.py
[2024-11-17T09:08:33.199+0000] {processor.py:914} INFO - Processing file /home/airflow/.local/lib/python3.12/site-packages/airflow/example_dags/example_latest_only_with_trigger.py for tasks to queue
[2024-11-17T09:08:33.206+0000] {logging_mixin.py:190} INFO - [2024-11-17T09:08:33.205+0000] {dagbag.py:588} INFO - Filling up the DagBag from /home/airflow/.local/lib/python3.12/site-packages/airflow/example_dags/example_latest_only_with_trigger.py
[2024-11-17T09:08:33.227+0000] {processor.py:925} INFO - DAG(s) 'latest_only_with_trigger' retrieved from /home/airflow/.local/lib/python3.12/site-packages/airflow/example_dags/example_latest_only_with_trigger.py
[2024-11-17T09:08:33.293+0000] {logging_mixin.py:190} INFO - [2024-11-17T09:08:33.293+0000] {dag.py:3239} INFO - Sync 1 DAGs
[2024-11-17T09:08:33.363+0000] {logging_mixin.py:190} INFO - [2024-11-17T09:08:33.362+0000] {dag.py:4180} INFO - Setting next_dagrun for latest_only_with_trigger to 2024-11-17 04:00:00+00:00, run_after=2024-11-17 08:00:00+00:00
[2024-11-17T09:08:33.418+0000] {processor.py:208} INFO - Processing /home/airflow/.local/lib/python3.12/site-packages/airflow/example_dags/example_latest_only_with_trigger.py took 0.240 seconds
[2024-11-17T09:09:03.824+0000] {processor.py:186} INFO - Started process (PID=1469) to work on /home/airflow/.local/lib/python3.12/site-packages/airflow/example_dags/example_latest_only_with_trigger.py
[2024-11-17T09:09:03.827+0000] {processor.py:914} INFO - Processing file /home/airflow/.local/lib/python3.12/site-packages/airflow/example_dags/example_latest_only_with_trigger.py for tasks to queue
[2024-11-17T09:09:03.833+0000] {logging_mixin.py:190} INFO - [2024-11-17T09:09:03.832+0000] {dagbag.py:588} INFO - Filling up the DagBag from /home/airflow/.local/lib/python3.12/site-packages/airflow/example_dags/example_latest_only_with_trigger.py
[2024-11-17T09:09:03.854+0000] {processor.py:925} INFO - DAG(s) 'latest_only_with_trigger' retrieved from /home/airflow/.local/lib/python3.12/site-packages/airflow/example_dags/example_latest_only_with_trigger.py
[2024-11-17T09:09:03.924+0000] {logging_mixin.py:190} INFO - [2024-11-17T09:09:03.924+0000] {dag.py:3239} INFO - Sync 1 DAGs
[2024-11-17T09:09:03.999+0000] {logging_mixin.py:190} INFO - [2024-11-17T09:09:03.999+0000] {dag.py:4180} INFO - Setting next_dagrun for latest_only_with_trigger to 2024-11-17 04:00:00+00:00, run_after=2024-11-17 08:00:00+00:00
[2024-11-17T09:09:04.066+0000] {processor.py:208} INFO - Processing /home/airflow/.local/lib/python3.12/site-packages/airflow/example_dags/example_latest_only_with_trigger.py took 0.258 seconds
[2024-11-17T09:09:34.513+0000] {processor.py:186} INFO - Started process (PID=1535) to work on /home/airflow/.local/lib/python3.12/site-packages/airflow/example_dags/example_latest_only_with_trigger.py
[2024-11-17T09:09:34.517+0000] {processor.py:914} INFO - Processing file /home/airflow/.local/lib/python3.12/site-packages/airflow/example_dags/example_latest_only_with_trigger.py for tasks to queue
[2024-11-17T09:09:34.524+0000] {logging_mixin.py:190} INFO - [2024-11-17T09:09:34.523+0000] {dagbag.py:588} INFO - Filling up the DagBag from /home/airflow/.local/lib/python3.12/site-packages/airflow/example_dags/example_latest_only_with_trigger.py
[2024-11-17T09:09:34.561+0000] {processor.py:925} INFO - DAG(s) 'latest_only_with_trigger' retrieved from /home/airflow/.local/lib/python3.12/site-packages/airflow/example_dags/example_latest_only_with_trigger.py
[2024-11-17T09:09:34.629+0000] {logging_mixin.py:190} INFO - [2024-11-17T09:09:34.628+0000] {dag.py:3239} INFO - Sync 1 DAGs
[2024-11-17T09:09:34.715+0000] {logging_mixin.py:190} INFO - [2024-11-17T09:09:34.715+0000] {dag.py:4180} INFO - Setting next_dagrun for latest_only_with_trigger to 2024-11-17 04:00:00+00:00, run_after=2024-11-17 08:00:00+00:00
[2024-11-17T09:09:34.769+0000] {processor.py:208} INFO - Processing /home/airflow/.local/lib/python3.12/site-packages/airflow/example_dags/example_latest_only_with_trigger.py took 0.275 seconds
[2024-11-17T09:10:05.099+0000] {processor.py:186} INFO - Started process (PID=1601) to work on /home/airflow/.local/lib/python3.12/site-packages/airflow/example_dags/example_latest_only_with_trigger.py
[2024-11-17T09:10:05.102+0000] {processor.py:914} INFO - Processing file /home/airflow/.local/lib/python3.12/site-packages/airflow/example_dags/example_latest_only_with_trigger.py for tasks to queue
[2024-11-17T09:10:05.109+0000] {logging_mixin.py:190} INFO - [2024-11-17T09:10:05.108+0000] {dagbag.py:588} INFO - Filling up the DagBag from /home/airflow/.local/lib/python3.12/site-packages/airflow/example_dags/example_latest_only_with_trigger.py
[2024-11-17T09:10:05.132+0000] {processor.py:925} INFO - DAG(s) 'latest_only_with_trigger' retrieved from /home/airflow/.local/lib/python3.12/site-packages/airflow/example_dags/example_latest_only_with_trigger.py
[2024-11-17T09:10:05.205+0000] {logging_mixin.py:190} INFO - [2024-11-17T09:10:05.204+0000] {dag.py:3239} INFO - Sync 1 DAGs
[2024-11-17T09:10:05.283+0000] {logging_mixin.py:190} INFO - [2024-11-17T09:10:05.282+0000] {dag.py:4180} INFO - Setting next_dagrun for latest_only_with_trigger to 2024-11-17 04:00:00+00:00, run_after=2024-11-17 08:00:00+00:00
[2024-11-17T09:10:05.334+0000] {processor.py:208} INFO - Processing /home/airflow/.local/lib/python3.12/site-packages/airflow/example_dags/example_latest_only_with_trigger.py took 0.253 seconds
[2024-11-17T09:10:35.859+0000] {processor.py:186} INFO - Started process (PID=1667) to work on /home/airflow/.local/lib/python3.12/site-packages/airflow/example_dags/example_latest_only_with_trigger.py
[2024-11-17T09:10:35.862+0000] {processor.py:914} INFO - Processing file /home/airflow/.local/lib/python3.12/site-packages/airflow/example_dags/example_latest_only_with_trigger.py for tasks to queue
[2024-11-17T09:10:35.868+0000] {logging_mixin.py:190} INFO - [2024-11-17T09:10:35.867+0000] {dagbag.py:588} INFO - Filling up the DagBag from /home/airflow/.local/lib/python3.12/site-packages/airflow/example_dags/example_latest_only_with_trigger.py
[2024-11-17T09:10:35.898+0000] {processor.py:925} INFO - DAG(s) 'latest_only_with_trigger' retrieved from /home/airflow/.local/lib/python3.12/site-packages/airflow/example_dags/example_latest_only_with_trigger.py
[2024-11-17T09:10:35.967+0000] {logging_mixin.py:190} INFO - [2024-11-17T09:10:35.967+0000] {dag.py:3239} INFO - Sync 1 DAGs
[2024-11-17T09:10:36.065+0000] {logging_mixin.py:190} INFO - [2024-11-17T09:10:36.064+0000] {dag.py:4180} INFO - Setting next_dagrun for latest_only_with_trigger to 2024-11-17 04:00:00+00:00, run_after=2024-11-17 08:00:00+00:00
[2024-11-17T09:10:36.182+0000] {processor.py:208} INFO - Processing /home/airflow/.local/lib/python3.12/site-packages/airflow/example_dags/example_latest_only_with_trigger.py took 0.343 seconds
[2024-11-17T09:11:06.992+0000] {processor.py:186} INFO - Started process (PID=1733) to work on /home/airflow/.local/lib/python3.12/site-packages/airflow/example_dags/example_latest_only_with_trigger.py
[2024-11-17T09:11:06.995+0000] {processor.py:914} INFO - Processing file /home/airflow/.local/lib/python3.12/site-packages/airflow/example_dags/example_latest_only_with_trigger.py for tasks to queue
[2024-11-17T09:11:07.001+0000] {logging_mixin.py:190} INFO - [2024-11-17T09:11:07.000+0000] {dagbag.py:588} INFO - Filling up the DagBag from /home/airflow/.local/lib/python3.12/site-packages/airflow/example_dags/example_latest_only_with_trigger.py
[2024-11-17T09:11:07.044+0000] {processor.py:925} INFO - DAG(s) 'latest_only_with_trigger' retrieved from /home/airflow/.local/lib/python3.12/site-packages/airflow/example_dags/example_latest_only_with_trigger.py
[2024-11-17T09:11:07.125+0000] {logging_mixin.py:190} INFO - [2024-11-17T09:11:07.125+0000] {dag.py:3239} INFO - Sync 1 DAGs
[2024-11-17T09:11:07.209+0000] {logging_mixin.py:190} INFO - [2024-11-17T09:11:07.208+0000] {dag.py:4180} INFO - Setting next_dagrun for latest_only_with_trigger to 2024-11-17 04:00:00+00:00, run_after=2024-11-17 08:00:00+00:00
[2024-11-17T09:11:07.272+0000] {processor.py:208} INFO - Processing /home/airflow/.local/lib/python3.12/site-packages/airflow/example_dags/example_latest_only_with_trigger.py took 0.299 seconds
[2024-11-17T09:11:37.758+0000] {processor.py:186} INFO - Started process (PID=1799) to work on /home/airflow/.local/lib/python3.12/site-packages/airflow/example_dags/example_latest_only_with_trigger.py
[2024-11-17T09:11:37.762+0000] {processor.py:914} INFO - Processing file /home/airflow/.local/lib/python3.12/site-packages/airflow/example_dags/example_latest_only_with_trigger.py for tasks to queue
[2024-11-17T09:11:37.772+0000] {logging_mixin.py:190} INFO - [2024-11-17T09:11:37.771+0000] {dagbag.py:588} INFO - Filling up the DagBag from /home/airflow/.local/lib/python3.12/site-packages/airflow/example_dags/example_latest_only_with_trigger.py
[2024-11-17T09:11:37.795+0000] {processor.py:925} INFO - DAG(s) 'latest_only_with_trigger' retrieved from /home/airflow/.local/lib/python3.12/site-packages/airflow/example_dags/example_latest_only_with_trigger.py
[2024-11-17T09:11:37.856+0000] {logging_mixin.py:190} INFO - [2024-11-17T09:11:37.856+0000] {dag.py:3239} INFO - Sync 1 DAGs
[2024-11-17T09:11:37.938+0000] {logging_mixin.py:190} INFO - [2024-11-17T09:11:37.937+0000] {dag.py:4180} INFO - Setting next_dagrun for latest_only_with_trigger to 2024-11-17 04:00:00+00:00, run_after=2024-11-17 08:00:00+00:00
[2024-11-17T09:11:37.999+0000] {processor.py:208} INFO - Processing /home/airflow/.local/lib/python3.12/site-packages/airflow/example_dags/example_latest_only_with_trigger.py took 0.262 seconds
[2024-11-17T09:12:09.114+0000] {processor.py:186} INFO - Started process (PID=1864) to work on /home/airflow/.local/lib/python3.12/site-packages/airflow/example_dags/example_latest_only_with_trigger.py
[2024-11-17T09:12:09.118+0000] {processor.py:914} INFO - Processing file /home/airflow/.local/lib/python3.12/site-packages/airflow/example_dags/example_latest_only_with_trigger.py for tasks to queue
[2024-11-17T09:12:09.131+0000] {logging_mixin.py:190} INFO - [2024-11-17T09:12:09.125+0000] {dagbag.py:588} INFO - Filling up the DagBag from /home/airflow/.local/lib/python3.12/site-packages/airflow/example_dags/example_latest_only_with_trigger.py
[2024-11-17T09:12:09.157+0000] {processor.py:925} INFO - DAG(s) 'latest_only_with_trigger' retrieved from /home/airflow/.local/lib/python3.12/site-packages/airflow/example_dags/example_latest_only_with_trigger.py
[2024-11-17T09:12:09.229+0000] {logging_mixin.py:190} INFO - [2024-11-17T09:12:09.229+0000] {dag.py:3239} INFO - Sync 1 DAGs
[2024-11-17T09:12:09.299+0000] {logging_mixin.py:190} INFO - [2024-11-17T09:12:09.299+0000] {dag.py:4180} INFO - Setting next_dagrun for latest_only_with_trigger to 2024-11-17 04:00:00+00:00, run_after=2024-11-17 08:00:00+00:00
[2024-11-17T09:12:09.355+0000] {processor.py:208} INFO - Processing /home/airflow/.local/lib/python3.12/site-packages/airflow/example_dags/example_latest_only_with_trigger.py took 0.259 seconds
[2024-11-17T09:12:39.860+0000] {processor.py:186} INFO - Started process (PID=1930) to work on /home/airflow/.local/lib/python3.12/site-packages/airflow/example_dags/example_latest_only_with_trigger.py
[2024-11-17T09:12:39.863+0000] {processor.py:914} INFO - Processing file /home/airflow/.local/lib/python3.12/site-packages/airflow/example_dags/example_latest_only_with_trigger.py for tasks to queue
[2024-11-17T09:12:39.872+0000] {logging_mixin.py:190} INFO - [2024-11-17T09:12:39.871+0000] {dagbag.py:588} INFO - Filling up the DagBag from /home/airflow/.local/lib/python3.12/site-packages/airflow/example_dags/example_latest_only_with_trigger.py
[2024-11-17T09:12:39.902+0000] {processor.py:925} INFO - DAG(s) 'latest_only_with_trigger' retrieved from /home/airflow/.local/lib/python3.12/site-packages/airflow/example_dags/example_latest_only_with_trigger.py
[2024-11-17T09:12:39.991+0000] {logging_mixin.py:190} INFO - [2024-11-17T09:12:39.990+0000] {dag.py:3239} INFO - Sync 1 DAGs
[2024-11-17T09:12:40.196+0000] {logging_mixin.py:190} INFO - [2024-11-17T09:12:40.195+0000] {dag.py:4180} INFO - Setting next_dagrun for latest_only_with_trigger to 2024-11-17 04:00:00+00:00, run_after=2024-11-17 08:00:00+00:00
[2024-11-17T09:12:40.822+0000] {processor.py:208} INFO - Processing /home/airflow/.local/lib/python3.12/site-packages/airflow/example_dags/example_latest_only_with_trigger.py took 0.992 seconds
[2024-11-17T09:13:11.994+0000] {processor.py:186} INFO - Started process (PID=2001) to work on /home/airflow/.local/lib/python3.12/site-packages/airflow/example_dags/example_latest_only_with_trigger.py
[2024-11-17T09:13:11.999+0000] {processor.py:914} INFO - Processing file /home/airflow/.local/lib/python3.12/site-packages/airflow/example_dags/example_latest_only_with_trigger.py for tasks to queue
[2024-11-17T09:13:12.009+0000] {logging_mixin.py:190} INFO - [2024-11-17T09:13:12.007+0000] {dagbag.py:588} INFO - Filling up the DagBag from /home/airflow/.local/lib/python3.12/site-packages/airflow/example_dags/example_latest_only_with_trigger.py
[2024-11-17T09:13:12.043+0000] {processor.py:925} INFO - DAG(s) 'latest_only_with_trigger' retrieved from /home/airflow/.local/lib/python3.12/site-packages/airflow/example_dags/example_latest_only_with_trigger.py
[2024-11-17T09:13:12.151+0000] {logging_mixin.py:190} INFO - [2024-11-17T09:13:12.150+0000] {dag.py:3239} INFO - Sync 1 DAGs
[2024-11-17T09:13:12.236+0000] {logging_mixin.py:190} INFO - [2024-11-17T09:13:12.235+0000] {dag.py:4180} INFO - Setting next_dagrun for latest_only_with_trigger to 2024-11-17 04:00:00+00:00, run_after=2024-11-17 08:00:00+00:00
[2024-11-17T09:13:12.295+0000] {processor.py:208} INFO - Processing /home/airflow/.local/lib/python3.12/site-packages/airflow/example_dags/example_latest_only_with_trigger.py took 0.334 seconds
[2024-11-17T09:13:42.997+0000] {processor.py:186} INFO - Started process (PID=2067) to work on /home/airflow/.local/lib/python3.12/site-packages/airflow/example_dags/example_latest_only_with_trigger.py
[2024-11-17T09:13:43.000+0000] {processor.py:914} INFO - Processing file /home/airflow/.local/lib/python3.12/site-packages/airflow/example_dags/example_latest_only_with_trigger.py for tasks to queue
[2024-11-17T09:13:43.008+0000] {logging_mixin.py:190} INFO - [2024-11-17T09:13:43.007+0000] {dagbag.py:588} INFO - Filling up the DagBag from /home/airflow/.local/lib/python3.12/site-packages/airflow/example_dags/example_latest_only_with_trigger.py
[2024-11-17T09:13:43.034+0000] {processor.py:925} INFO - DAG(s) 'latest_only_with_trigger' retrieved from /home/airflow/.local/lib/python3.12/site-packages/airflow/example_dags/example_latest_only_with_trigger.py
[2024-11-17T09:13:43.095+0000] {logging_mixin.py:190} INFO - [2024-11-17T09:13:43.094+0000] {dag.py:3239} INFO - Sync 1 DAGs
[2024-11-17T09:13:43.159+0000] {logging_mixin.py:190} INFO - [2024-11-17T09:13:43.159+0000] {dag.py:4180} INFO - Setting next_dagrun for latest_only_with_trigger to 2024-11-17 04:00:00+00:00, run_after=2024-11-17 08:00:00+00:00
[2024-11-17T09:13:43.206+0000] {processor.py:208} INFO - Processing /home/airflow/.local/lib/python3.12/site-packages/airflow/example_dags/example_latest_only_with_trigger.py took 0.227 seconds
[2024-11-17T09:14:13.706+0000] {processor.py:186} INFO - Started process (PID=2133) to work on /home/airflow/.local/lib/python3.12/site-packages/airflow/example_dags/example_latest_only_with_trigger.py
[2024-11-17T09:14:13.709+0000] {processor.py:914} INFO - Processing file /home/airflow/.local/lib/python3.12/site-packages/airflow/example_dags/example_latest_only_with_trigger.py for tasks to queue
[2024-11-17T09:14:13.715+0000] {logging_mixin.py:190} INFO - [2024-11-17T09:14:13.714+0000] {dagbag.py:588} INFO - Filling up the DagBag from /home/airflow/.local/lib/python3.12/site-packages/airflow/example_dags/example_latest_only_with_trigger.py
[2024-11-17T09:14:13.739+0000] {processor.py:925} INFO - DAG(s) 'latest_only_with_trigger' retrieved from /home/airflow/.local/lib/python3.12/site-packages/airflow/example_dags/example_latest_only_with_trigger.py
[2024-11-17T09:14:13.798+0000] {logging_mixin.py:190} INFO - [2024-11-17T09:14:13.797+0000] {dag.py:3239} INFO - Sync 1 DAGs
[2024-11-17T09:14:13.869+0000] {logging_mixin.py:190} INFO - [2024-11-17T09:14:13.868+0000] {dag.py:4180} INFO - Setting next_dagrun for latest_only_with_trigger to 2024-11-17 04:00:00+00:00, run_after=2024-11-17 08:00:00+00:00
[2024-11-17T09:14:13.930+0000] {processor.py:208} INFO - Processing /home/airflow/.local/lib/python3.12/site-packages/airflow/example_dags/example_latest_only_with_trigger.py took 0.241 seconds
[2024-11-17T09:14:44.332+0000] {processor.py:186} INFO - Started process (PID=2199) to work on /home/airflow/.local/lib/python3.12/site-packages/airflow/example_dags/example_latest_only_with_trigger.py
[2024-11-17T09:14:44.336+0000] {processor.py:914} INFO - Processing file /home/airflow/.local/lib/python3.12/site-packages/airflow/example_dags/example_latest_only_with_trigger.py for tasks to queue
[2024-11-17T09:14:44.349+0000] {logging_mixin.py:190} INFO - [2024-11-17T09:14:44.348+0000] {dagbag.py:588} INFO - Filling up the DagBag from /home/airflow/.local/lib/python3.12/site-packages/airflow/example_dags/example_latest_only_with_trigger.py
[2024-11-17T09:14:44.386+0000] {processor.py:925} INFO - DAG(s) 'latest_only_with_trigger' retrieved from /home/airflow/.local/lib/python3.12/site-packages/airflow/example_dags/example_latest_only_with_trigger.py
[2024-11-17T09:14:44.460+0000] {logging_mixin.py:190} INFO - [2024-11-17T09:14:44.459+0000] {dag.py:3239} INFO - Sync 1 DAGs
[2024-11-17T09:14:44.533+0000] {logging_mixin.py:190} INFO - [2024-11-17T09:14:44.532+0000] {dag.py:4180} INFO - Setting next_dagrun for latest_only_with_trigger to 2024-11-17 04:00:00+00:00, run_after=2024-11-17 08:00:00+00:00
[2024-11-17T09:14:44.604+0000] {processor.py:208} INFO - Processing /home/airflow/.local/lib/python3.12/site-packages/airflow/example_dags/example_latest_only_with_trigger.py took 0.298 seconds
[2024-11-17T09:15:16.945+0000] {processor.py:186} INFO - Started process (PID=2263) to work on /home/airflow/.local/lib/python3.12/site-packages/airflow/example_dags/example_latest_only_with_trigger.py
[2024-11-17T09:15:16.950+0000] {processor.py:914} INFO - Processing file /home/airflow/.local/lib/python3.12/site-packages/airflow/example_dags/example_latest_only_with_trigger.py for tasks to queue
[2024-11-17T09:15:16.959+0000] {logging_mixin.py:190} INFO - [2024-11-17T09:15:16.957+0000] {dagbag.py:588} INFO - Filling up the DagBag from /home/airflow/.local/lib/python3.12/site-packages/airflow/example_dags/example_latest_only_with_trigger.py
[2024-11-17T09:15:16.992+0000] {processor.py:925} INFO - DAG(s) 'latest_only_with_trigger' retrieved from /home/airflow/.local/lib/python3.12/site-packages/airflow/example_dags/example_latest_only_with_trigger.py
[2024-11-17T09:15:17.102+0000] {logging_mixin.py:190} INFO - [2024-11-17T09:15:17.102+0000] {dag.py:3239} INFO - Sync 1 DAGs
[2024-11-17T09:15:17.203+0000] {logging_mixin.py:190} INFO - [2024-11-17T09:15:17.203+0000] {dag.py:4180} INFO - Setting next_dagrun for latest_only_with_trigger to 2024-11-17 04:00:00+00:00, run_after=2024-11-17 08:00:00+00:00
[2024-11-17T09:15:17.269+0000] {processor.py:208} INFO - Processing /home/airflow/.local/lib/python3.12/site-packages/airflow/example_dags/example_latest_only_with_trigger.py took 0.345 seconds
[2024-11-17T09:15:48.317+0000] {processor.py:186} INFO - Started process (PID=2329) to work on /home/airflow/.local/lib/python3.12/site-packages/airflow/example_dags/example_latest_only_with_trigger.py
[2024-11-17T09:15:48.320+0000] {processor.py:914} INFO - Processing file /home/airflow/.local/lib/python3.12/site-packages/airflow/example_dags/example_latest_only_with_trigger.py for tasks to queue
[2024-11-17T09:15:48.327+0000] {logging_mixin.py:190} INFO - [2024-11-17T09:15:48.326+0000] {dagbag.py:588} INFO - Filling up the DagBag from /home/airflow/.local/lib/python3.12/site-packages/airflow/example_dags/example_latest_only_with_trigger.py
[2024-11-17T09:15:48.347+0000] {processor.py:925} INFO - DAG(s) 'latest_only_with_trigger' retrieved from /home/airflow/.local/lib/python3.12/site-packages/airflow/example_dags/example_latest_only_with_trigger.py
[2024-11-17T09:15:48.401+0000] {logging_mixin.py:190} INFO - [2024-11-17T09:15:48.401+0000] {dag.py:3239} INFO - Sync 1 DAGs
[2024-11-17T09:15:48.475+0000] {logging_mixin.py:190} INFO - [2024-11-17T09:15:48.475+0000] {dag.py:4180} INFO - Setting next_dagrun for latest_only_with_trigger to 2024-11-17 04:00:00+00:00, run_after=2024-11-17 08:00:00+00:00
[2024-11-17T09:15:48.544+0000] {processor.py:208} INFO - Processing /home/airflow/.local/lib/python3.12/site-packages/airflow/example_dags/example_latest_only_with_trigger.py took 0.244 seconds
[2024-11-17T09:16:19.885+0000] {processor.py:186} INFO - Started process (PID=2395) to work on /home/airflow/.local/lib/python3.12/site-packages/airflow/example_dags/example_latest_only_with_trigger.py
[2024-11-17T09:16:19.888+0000] {processor.py:914} INFO - Processing file /home/airflow/.local/lib/python3.12/site-packages/airflow/example_dags/example_latest_only_with_trigger.py for tasks to queue
[2024-11-17T09:16:19.894+0000] {logging_mixin.py:190} INFO - [2024-11-17T09:16:19.893+0000] {dagbag.py:588} INFO - Filling up the DagBag from /home/airflow/.local/lib/python3.12/site-packages/airflow/example_dags/example_latest_only_with_trigger.py
[2024-11-17T09:16:19.921+0000] {processor.py:925} INFO - DAG(s) 'latest_only_with_trigger' retrieved from /home/airflow/.local/lib/python3.12/site-packages/airflow/example_dags/example_latest_only_with_trigger.py
[2024-11-17T09:16:19.982+0000] {logging_mixin.py:190} INFO - [2024-11-17T09:16:19.981+0000] {dag.py:3239} INFO - Sync 1 DAGs
[2024-11-17T09:16:20.051+0000] {logging_mixin.py:190} INFO - [2024-11-17T09:16:20.051+0000] {dag.py:4180} INFO - Setting next_dagrun for latest_only_with_trigger to 2024-11-17 04:00:00+00:00, run_after=2024-11-17 08:00:00+00:00
[2024-11-17T09:16:20.103+0000] {processor.py:208} INFO - Processing /home/airflow/.local/lib/python3.12/site-packages/airflow/example_dags/example_latest_only_with_trigger.py took 0.237 seconds
[2024-11-17T09:16:50.434+0000] {processor.py:186} INFO - Started process (PID=2460) to work on /home/airflow/.local/lib/python3.12/site-packages/airflow/example_dags/example_latest_only_with_trigger.py
[2024-11-17T09:16:50.438+0000] {processor.py:914} INFO - Processing file /home/airflow/.local/lib/python3.12/site-packages/airflow/example_dags/example_latest_only_with_trigger.py for tasks to queue
[2024-11-17T09:16:50.450+0000] {logging_mixin.py:190} INFO - [2024-11-17T09:16:50.449+0000] {dagbag.py:588} INFO - Filling up the DagBag from /home/airflow/.local/lib/python3.12/site-packages/airflow/example_dags/example_latest_only_with_trigger.py
[2024-11-17T09:16:50.490+0000] {processor.py:925} INFO - DAG(s) 'latest_only_with_trigger' retrieved from /home/airflow/.local/lib/python3.12/site-packages/airflow/example_dags/example_latest_only_with_trigger.py
[2024-11-17T09:16:50.568+0000] {logging_mixin.py:190} INFO - [2024-11-17T09:16:50.567+0000] {dag.py:3239} INFO - Sync 1 DAGs
[2024-11-17T09:16:50.642+0000] {logging_mixin.py:190} INFO - [2024-11-17T09:16:50.642+0000] {dag.py:4180} INFO - Setting next_dagrun for latest_only_with_trigger to 2024-11-17 04:00:00+00:00, run_after=2024-11-17 08:00:00+00:00
[2024-11-17T09:16:50.705+0000] {processor.py:208} INFO - Processing /home/airflow/.local/lib/python3.12/site-packages/airflow/example_dags/example_latest_only_with_trigger.py took 0.299 seconds
[2024-11-17T09:17:21.468+0000] {processor.py:186} INFO - Started process (PID=2525) to work on /home/airflow/.local/lib/python3.12/site-packages/airflow/example_dags/example_latest_only_with_trigger.py
[2024-11-17T09:17:21.471+0000] {processor.py:914} INFO - Processing file /home/airflow/.local/lib/python3.12/site-packages/airflow/example_dags/example_latest_only_with_trigger.py for tasks to queue
[2024-11-17T09:17:21.479+0000] {logging_mixin.py:190} INFO - [2024-11-17T09:17:21.477+0000] {dagbag.py:588} INFO - Filling up the DagBag from /home/airflow/.local/lib/python3.12/site-packages/airflow/example_dags/example_latest_only_with_trigger.py
[2024-11-17T09:17:21.502+0000] {processor.py:925} INFO - DAG(s) 'latest_only_with_trigger' retrieved from /home/airflow/.local/lib/python3.12/site-packages/airflow/example_dags/example_latest_only_with_trigger.py
[2024-11-17T09:17:21.561+0000] {logging_mixin.py:190} INFO - [2024-11-17T09:17:21.560+0000] {dag.py:3239} INFO - Sync 1 DAGs
[2024-11-17T09:17:21.635+0000] {logging_mixin.py:190} INFO - [2024-11-17T09:17:21.634+0000] {dag.py:4180} INFO - Setting next_dagrun for latest_only_with_trigger to 2024-11-17 04:00:00+00:00, run_after=2024-11-17 08:00:00+00:00
[2024-11-17T09:17:21.702+0000] {processor.py:208} INFO - Processing /home/airflow/.local/lib/python3.12/site-packages/airflow/example_dags/example_latest_only_with_trigger.py took 0.255 seconds
[2024-11-17T09:17:52.356+0000] {processor.py:186} INFO - Started process (PID=2592) to work on /home/airflow/.local/lib/python3.12/site-packages/airflow/example_dags/example_latest_only_with_trigger.py
[2024-11-17T09:17:52.358+0000] {processor.py:914} INFO - Processing file /home/airflow/.local/lib/python3.12/site-packages/airflow/example_dags/example_latest_only_with_trigger.py for tasks to queue
[2024-11-17T09:17:52.365+0000] {logging_mixin.py:190} INFO - [2024-11-17T09:17:52.364+0000] {dagbag.py:588} INFO - Filling up the DagBag from /home/airflow/.local/lib/python3.12/site-packages/airflow/example_dags/example_latest_only_with_trigger.py
[2024-11-17T09:17:52.385+0000] {processor.py:925} INFO - DAG(s) 'latest_only_with_trigger' retrieved from /home/airflow/.local/lib/python3.12/site-packages/airflow/example_dags/example_latest_only_with_trigger.py
[2024-11-17T09:17:52.447+0000] {logging_mixin.py:190} INFO - [2024-11-17T09:17:52.447+0000] {dag.py:3239} INFO - Sync 1 DAGs
[2024-11-17T09:17:52.521+0000] {logging_mixin.py:190} INFO - [2024-11-17T09:17:52.520+0000] {dag.py:4180} INFO - Setting next_dagrun for latest_only_with_trigger to 2024-11-17 04:00:00+00:00, run_after=2024-11-17 08:00:00+00:00
[2024-11-17T09:17:52.584+0000] {processor.py:208} INFO - Processing /home/airflow/.local/lib/python3.12/site-packages/airflow/example_dags/example_latest_only_with_trigger.py took 0.245 seconds
[2024-11-17T09:18:22.874+0000] {processor.py:186} INFO - Started process (PID=2658) to work on /home/airflow/.local/lib/python3.12/site-packages/airflow/example_dags/example_latest_only_with_trigger.py
[2024-11-17T09:18:22.877+0000] {processor.py:914} INFO - Processing file /home/airflow/.local/lib/python3.12/site-packages/airflow/example_dags/example_latest_only_with_trigger.py for tasks to queue
[2024-11-17T09:18:22.883+0000] {logging_mixin.py:190} INFO - [2024-11-17T09:18:22.882+0000] {dagbag.py:588} INFO - Filling up the DagBag from /home/airflow/.local/lib/python3.12/site-packages/airflow/example_dags/example_latest_only_with_trigger.py
[2024-11-17T09:18:22.904+0000] {processor.py:925} INFO - DAG(s) 'latest_only_with_trigger' retrieved from /home/airflow/.local/lib/python3.12/site-packages/airflow/example_dags/example_latest_only_with_trigger.py
[2024-11-17T09:18:22.961+0000] {logging_mixin.py:190} INFO - [2024-11-17T09:18:22.960+0000] {dag.py:3239} INFO - Sync 1 DAGs
[2024-11-17T09:18:23.031+0000] {logging_mixin.py:190} INFO - [2024-11-17T09:18:23.030+0000] {dag.py:4180} INFO - Setting next_dagrun for latest_only_with_trigger to 2024-11-17 04:00:00+00:00, run_after=2024-11-17 08:00:00+00:00
[2024-11-17T09:18:23.233+0000] {processor.py:208} INFO - Processing /home/airflow/.local/lib/python3.12/site-packages/airflow/example_dags/example_latest_only_with_trigger.py took 0.375 seconds
[2024-11-17T09:18:53.815+0000] {processor.py:186} INFO - Started process (PID=2723) to work on /home/airflow/.local/lib/python3.12/site-packages/airflow/example_dags/example_latest_only_with_trigger.py
[2024-11-17T09:18:53.819+0000] {processor.py:914} INFO - Processing file /home/airflow/.local/lib/python3.12/site-packages/airflow/example_dags/example_latest_only_with_trigger.py for tasks to queue
[2024-11-17T09:18:53.829+0000] {logging_mixin.py:190} INFO - [2024-11-17T09:18:53.827+0000] {dagbag.py:588} INFO - Filling up the DagBag from /home/airflow/.local/lib/python3.12/site-packages/airflow/example_dags/example_latest_only_with_trigger.py
[2024-11-17T09:18:53.861+0000] {processor.py:925} INFO - DAG(s) 'latest_only_with_trigger' retrieved from /home/airflow/.local/lib/python3.12/site-packages/airflow/example_dags/example_latest_only_with_trigger.py
[2024-11-17T09:18:53.945+0000] {logging_mixin.py:190} INFO - [2024-11-17T09:18:53.944+0000] {dag.py:3239} INFO - Sync 1 DAGs
[2024-11-17T09:18:54.035+0000] {logging_mixin.py:190} INFO - [2024-11-17T09:18:54.035+0000] {dag.py:4180} INFO - Setting next_dagrun for latest_only_with_trigger to 2024-11-17 04:00:00+00:00, run_after=2024-11-17 08:00:00+00:00
[2024-11-17T09:18:54.090+0000] {processor.py:208} INFO - Processing /home/airflow/.local/lib/python3.12/site-packages/airflow/example_dags/example_latest_only_with_trigger.py took 0.302 seconds
[2024-11-17T09:19:24.886+0000] {processor.py:186} INFO - Started process (PID=2789) to work on /home/airflow/.local/lib/python3.12/site-packages/airflow/example_dags/example_latest_only_with_trigger.py
[2024-11-17T09:19:24.889+0000] {processor.py:914} INFO - Processing file /home/airflow/.local/lib/python3.12/site-packages/airflow/example_dags/example_latest_only_with_trigger.py for tasks to queue
[2024-11-17T09:19:24.897+0000] {logging_mixin.py:190} INFO - [2024-11-17T09:19:24.896+0000] {dagbag.py:588} INFO - Filling up the DagBag from /home/airflow/.local/lib/python3.12/site-packages/airflow/example_dags/example_latest_only_with_trigger.py
[2024-11-17T09:19:24.925+0000] {processor.py:925} INFO - DAG(s) 'latest_only_with_trigger' retrieved from /home/airflow/.local/lib/python3.12/site-packages/airflow/example_dags/example_latest_only_with_trigger.py
[2024-11-17T09:19:24.988+0000] {logging_mixin.py:190} INFO - [2024-11-17T09:19:24.987+0000] {dag.py:3239} INFO - Sync 1 DAGs
[2024-11-17T09:19:25.064+0000] {logging_mixin.py:190} INFO - [2024-11-17T09:19:25.063+0000] {dag.py:4180} INFO - Setting next_dagrun for latest_only_with_trigger to 2024-11-17 04:00:00+00:00, run_after=2024-11-17 08:00:00+00:00
[2024-11-17T09:19:25.119+0000] {processor.py:208} INFO - Processing /home/airflow/.local/lib/python3.12/site-packages/airflow/example_dags/example_latest_only_with_trigger.py took 0.251 seconds
[2024-11-17T09:19:55.716+0000] {processor.py:186} INFO - Started process (PID=2855) to work on /home/airflow/.local/lib/python3.12/site-packages/airflow/example_dags/example_latest_only_with_trigger.py
[2024-11-17T09:19:55.719+0000] {processor.py:914} INFO - Processing file /home/airflow/.local/lib/python3.12/site-packages/airflow/example_dags/example_latest_only_with_trigger.py for tasks to queue
[2024-11-17T09:19:55.726+0000] {logging_mixin.py:190} INFO - [2024-11-17T09:19:55.725+0000] {dagbag.py:588} INFO - Filling up the DagBag from /home/airflow/.local/lib/python3.12/site-packages/airflow/example_dags/example_latest_only_with_trigger.py
[2024-11-17T09:19:55.747+0000] {processor.py:925} INFO - DAG(s) 'latest_only_with_trigger' retrieved from /home/airflow/.local/lib/python3.12/site-packages/airflow/example_dags/example_latest_only_with_trigger.py
[2024-11-17T09:19:55.803+0000] {logging_mixin.py:190} INFO - [2024-11-17T09:19:55.803+0000] {dag.py:3239} INFO - Sync 1 DAGs
[2024-11-17T09:19:55.877+0000] {logging_mixin.py:190} INFO - [2024-11-17T09:19:55.877+0000] {dag.py:4180} INFO - Setting next_dagrun for latest_only_with_trigger to 2024-11-17 04:00:00+00:00, run_after=2024-11-17 08:00:00+00:00
[2024-11-17T09:19:55.936+0000] {processor.py:208} INFO - Processing /home/airflow/.local/lib/python3.12/site-packages/airflow/example_dags/example_latest_only_with_trigger.py took 0.240 seconds
[2024-11-17T09:20:26.408+0000] {processor.py:186} INFO - Started process (PID=2921) to work on /home/airflow/.local/lib/python3.12/site-packages/airflow/example_dags/example_latest_only_with_trigger.py
[2024-11-17T09:20:26.411+0000] {processor.py:914} INFO - Processing file /home/airflow/.local/lib/python3.12/site-packages/airflow/example_dags/example_latest_only_with_trigger.py for tasks to queue
[2024-11-17T09:20:26.417+0000] {logging_mixin.py:190} INFO - [2024-11-17T09:20:26.416+0000] {dagbag.py:588} INFO - Filling up the DagBag from /home/airflow/.local/lib/python3.12/site-packages/airflow/example_dags/example_latest_only_with_trigger.py
[2024-11-17T09:20:26.440+0000] {processor.py:925} INFO - DAG(s) 'latest_only_with_trigger' retrieved from /home/airflow/.local/lib/python3.12/site-packages/airflow/example_dags/example_latest_only_with_trigger.py
[2024-11-17T09:20:26.494+0000] {logging_mixin.py:190} INFO - [2024-11-17T09:20:26.493+0000] {dag.py:3239} INFO - Sync 1 DAGs
[2024-11-17T09:20:26.571+0000] {logging_mixin.py:190} INFO - [2024-11-17T09:20:26.570+0000] {dag.py:4180} INFO - Setting next_dagrun for latest_only_with_trigger to 2024-11-17 04:00:00+00:00, run_after=2024-11-17 08:00:00+00:00
[2024-11-17T09:20:26.625+0000] {processor.py:208} INFO - Processing /home/airflow/.local/lib/python3.12/site-packages/airflow/example_dags/example_latest_only_with_trigger.py took 0.239 seconds
[2024-11-17T09:20:56.988+0000] {processor.py:186} INFO - Started process (PID=2986) to work on /home/airflow/.local/lib/python3.12/site-packages/airflow/example_dags/example_latest_only_with_trigger.py
[2024-11-17T09:20:56.991+0000] {processor.py:914} INFO - Processing file /home/airflow/.local/lib/python3.12/site-packages/airflow/example_dags/example_latest_only_with_trigger.py for tasks to queue
[2024-11-17T09:20:56.998+0000] {logging_mixin.py:190} INFO - [2024-11-17T09:20:56.998+0000] {dagbag.py:588} INFO - Filling up the DagBag from /home/airflow/.local/lib/python3.12/site-packages/airflow/example_dags/example_latest_only_with_trigger.py
[2024-11-17T09:20:57.024+0000] {processor.py:925} INFO - DAG(s) 'latest_only_with_trigger' retrieved from /home/airflow/.local/lib/python3.12/site-packages/airflow/example_dags/example_latest_only_with_trigger.py
[2024-11-17T09:20:57.083+0000] {logging_mixin.py:190} INFO - [2024-11-17T09:20:57.083+0000] {dag.py:3239} INFO - Sync 1 DAGs
[2024-11-17T09:20:57.146+0000] {logging_mixin.py:190} INFO - [2024-11-17T09:20:57.146+0000] {dag.py:4180} INFO - Setting next_dagrun for latest_only_with_trigger to 2024-11-17 04:00:00+00:00, run_after=2024-11-17 08:00:00+00:00
[2024-11-17T09:20:57.547+0000] {processor.py:208} INFO - Processing /home/airflow/.local/lib/python3.12/site-packages/airflow/example_dags/example_latest_only_with_trigger.py took 0.577 seconds
[2024-11-17T09:21:28.024+0000] {processor.py:186} INFO - Started process (PID=3052) to work on /home/airflow/.local/lib/python3.12/site-packages/airflow/example_dags/example_latest_only_with_trigger.py
[2024-11-17T09:21:28.026+0000] {processor.py:914} INFO - Processing file /home/airflow/.local/lib/python3.12/site-packages/airflow/example_dags/example_latest_only_with_trigger.py for tasks to queue
[2024-11-17T09:21:28.033+0000] {logging_mixin.py:190} INFO - [2024-11-17T09:21:28.032+0000] {dagbag.py:588} INFO - Filling up the DagBag from /home/airflow/.local/lib/python3.12/site-packages/airflow/example_dags/example_latest_only_with_trigger.py
[2024-11-17T09:21:28.054+0000] {processor.py:925} INFO - DAG(s) 'latest_only_with_trigger' retrieved from /home/airflow/.local/lib/python3.12/site-packages/airflow/example_dags/example_latest_only_with_trigger.py
[2024-11-17T09:21:28.111+0000] {logging_mixin.py:190} INFO - [2024-11-17T09:21:28.111+0000] {dag.py:3239} INFO - Sync 1 DAGs
[2024-11-17T09:21:28.179+0000] {logging_mixin.py:190} INFO - [2024-11-17T09:21:28.179+0000] {dag.py:4180} INFO - Setting next_dagrun for latest_only_with_trigger to 2024-11-17 04:00:00+00:00, run_after=2024-11-17 08:00:00+00:00
[2024-11-17T09:21:28.240+0000] {processor.py:208} INFO - Processing /home/airflow/.local/lib/python3.12/site-packages/airflow/example_dags/example_latest_only_with_trigger.py took 0.236 seconds
[2024-11-17T09:21:58.557+0000] {processor.py:186} INFO - Started process (PID=3118) to work on /home/airflow/.local/lib/python3.12/site-packages/airflow/example_dags/example_latest_only_with_trigger.py
[2024-11-17T09:21:58.560+0000] {processor.py:914} INFO - Processing file /home/airflow/.local/lib/python3.12/site-packages/airflow/example_dags/example_latest_only_with_trigger.py for tasks to queue
[2024-11-17T09:21:58.566+0000] {logging_mixin.py:190} INFO - [2024-11-17T09:21:58.565+0000] {dagbag.py:588} INFO - Filling up the DagBag from /home/airflow/.local/lib/python3.12/site-packages/airflow/example_dags/example_latest_only_with_trigger.py
[2024-11-17T09:21:58.593+0000] {processor.py:925} INFO - DAG(s) 'latest_only_with_trigger' retrieved from /home/airflow/.local/lib/python3.12/site-packages/airflow/example_dags/example_latest_only_with_trigger.py
[2024-11-17T09:21:58.648+0000] {logging_mixin.py:190} INFO - [2024-11-17T09:21:58.647+0000] {dag.py:3239} INFO - Sync 1 DAGs
[2024-11-17T09:21:58.722+0000] {logging_mixin.py:190} INFO - [2024-11-17T09:21:58.721+0000] {dag.py:4180} INFO - Setting next_dagrun for latest_only_with_trigger to 2024-11-17 04:00:00+00:00, run_after=2024-11-17 08:00:00+00:00
[2024-11-17T09:21:58.781+0000] {processor.py:208} INFO - Processing /home/airflow/.local/lib/python3.12/site-packages/airflow/example_dags/example_latest_only_with_trigger.py took 0.242 seconds
[2024-11-17T09:22:29.128+0000] {processor.py:186} INFO - Started process (PID=3183) to work on /home/airflow/.local/lib/python3.12/site-packages/airflow/example_dags/example_latest_only_with_trigger.py
[2024-11-17T09:22:29.132+0000] {processor.py:914} INFO - Processing file /home/airflow/.local/lib/python3.12/site-packages/airflow/example_dags/example_latest_only_with_trigger.py for tasks to queue
[2024-11-17T09:22:29.141+0000] {logging_mixin.py:190} INFO - [2024-11-17T09:22:29.140+0000] {dagbag.py:588} INFO - Filling up the DagBag from /home/airflow/.local/lib/python3.12/site-packages/airflow/example_dags/example_latest_only_with_trigger.py
[2024-11-17T09:22:29.167+0000] {processor.py:925} INFO - DAG(s) 'latest_only_with_trigger' retrieved from /home/airflow/.local/lib/python3.12/site-packages/airflow/example_dags/example_latest_only_with_trigger.py
[2024-11-17T09:22:29.226+0000] {logging_mixin.py:190} INFO - [2024-11-17T09:22:29.225+0000] {dag.py:3239} INFO - Sync 1 DAGs
[2024-11-17T09:22:29.299+0000] {logging_mixin.py:190} INFO - [2024-11-17T09:22:29.298+0000] {dag.py:4180} INFO - Setting next_dagrun for latest_only_with_trigger to 2024-11-17 04:00:00+00:00, run_after=2024-11-17 08:00:00+00:00
[2024-11-17T09:22:29.360+0000] {processor.py:208} INFO - Processing /home/airflow/.local/lib/python3.12/site-packages/airflow/example_dags/example_latest_only_with_trigger.py took 0.254 seconds
[2024-11-17T09:22:59.683+0000] {processor.py:186} INFO - Started process (PID=3249) to work on /home/airflow/.local/lib/python3.12/site-packages/airflow/example_dags/example_latest_only_with_trigger.py
[2024-11-17T09:22:59.687+0000] {processor.py:914} INFO - Processing file /home/airflow/.local/lib/python3.12/site-packages/airflow/example_dags/example_latest_only_with_trigger.py for tasks to queue
[2024-11-17T09:22:59.695+0000] {logging_mixin.py:190} INFO - [2024-11-17T09:22:59.694+0000] {dagbag.py:588} INFO - Filling up the DagBag from /home/airflow/.local/lib/python3.12/site-packages/airflow/example_dags/example_latest_only_with_trigger.py
[2024-11-17T09:22:59.715+0000] {processor.py:925} INFO - DAG(s) 'latest_only_with_trigger' retrieved from /home/airflow/.local/lib/python3.12/site-packages/airflow/example_dags/example_latest_only_with_trigger.py
[2024-11-17T09:22:59.770+0000] {logging_mixin.py:190} INFO - [2024-11-17T09:22:59.769+0000] {dag.py:3239} INFO - Sync 1 DAGs
[2024-11-17T09:23:00.210+0000] {logging_mixin.py:190} INFO - [2024-11-17T09:23:00.209+0000] {dag.py:4180} INFO - Setting next_dagrun for latest_only_with_trigger to 2024-11-17 04:00:00+00:00, run_after=2024-11-17 08:00:00+00:00
[2024-11-17T09:23:00.259+0000] {processor.py:208} INFO - Processing /home/airflow/.local/lib/python3.12/site-packages/airflow/example_dags/example_latest_only_with_trigger.py took 0.592 seconds
[2024-11-17T09:23:30.934+0000] {processor.py:186} INFO - Started process (PID=3315) to work on /home/airflow/.local/lib/python3.12/site-packages/airflow/example_dags/example_latest_only_with_trigger.py
[2024-11-17T09:23:30.937+0000] {processor.py:914} INFO - Processing file /home/airflow/.local/lib/python3.12/site-packages/airflow/example_dags/example_latest_only_with_trigger.py for tasks to queue
[2024-11-17T09:23:30.947+0000] {logging_mixin.py:190} INFO - [2024-11-17T09:23:30.944+0000] {dagbag.py:588} INFO - Filling up the DagBag from /home/airflow/.local/lib/python3.12/site-packages/airflow/example_dags/example_latest_only_with_trigger.py
[2024-11-17T09:23:30.973+0000] {processor.py:925} INFO - DAG(s) 'latest_only_with_trigger' retrieved from /home/airflow/.local/lib/python3.12/site-packages/airflow/example_dags/example_latest_only_with_trigger.py
[2024-11-17T09:23:31.028+0000] {logging_mixin.py:190} INFO - [2024-11-17T09:23:31.028+0000] {dag.py:3239} INFO - Sync 1 DAGs
[2024-11-17T09:23:31.091+0000] {logging_mixin.py:190} INFO - [2024-11-17T09:23:31.090+0000] {dag.py:4180} INFO - Setting next_dagrun for latest_only_with_trigger to 2024-11-17 04:00:00+00:00, run_after=2024-11-17 08:00:00+00:00
[2024-11-17T09:23:31.146+0000] {processor.py:208} INFO - Processing /home/airflow/.local/lib/python3.12/site-packages/airflow/example_dags/example_latest_only_with_trigger.py took 0.228 seconds
[2024-11-17T09:24:01.365+0000] {processor.py:186} INFO - Started process (PID=3381) to work on /home/airflow/.local/lib/python3.12/site-packages/airflow/example_dags/example_latest_only_with_trigger.py
[2024-11-17T09:24:01.368+0000] {processor.py:914} INFO - Processing file /home/airflow/.local/lib/python3.12/site-packages/airflow/example_dags/example_latest_only_with_trigger.py for tasks to queue
[2024-11-17T09:24:01.376+0000] {logging_mixin.py:190} INFO - [2024-11-17T09:24:01.375+0000] {dagbag.py:588} INFO - Filling up the DagBag from /home/airflow/.local/lib/python3.12/site-packages/airflow/example_dags/example_latest_only_with_trigger.py
[2024-11-17T09:24:01.405+0000] {processor.py:925} INFO - DAG(s) 'latest_only_with_trigger' retrieved from /home/airflow/.local/lib/python3.12/site-packages/airflow/example_dags/example_latest_only_with_trigger.py
[2024-11-17T09:24:01.528+0000] {logging_mixin.py:190} INFO - [2024-11-17T09:24:01.527+0000] {dag.py:3239} INFO - Sync 1 DAGs
[2024-11-17T09:24:01.639+0000] {logging_mixin.py:190} INFO - [2024-11-17T09:24:01.639+0000] {dag.py:4180} INFO - Setting next_dagrun for latest_only_with_trigger to 2024-11-17 04:00:00+00:00, run_after=2024-11-17 08:00:00+00:00
[2024-11-17T09:24:01.699+0000] {processor.py:208} INFO - Processing /home/airflow/.local/lib/python3.12/site-packages/airflow/example_dags/example_latest_only_with_trigger.py took 0.355 seconds
[2024-11-17T09:24:31.896+0000] {processor.py:186} INFO - Started process (PID=3446) to work on /home/airflow/.local/lib/python3.12/site-packages/airflow/example_dags/example_latest_only_with_trigger.py
[2024-11-17T09:24:31.899+0000] {processor.py:914} INFO - Processing file /home/airflow/.local/lib/python3.12/site-packages/airflow/example_dags/example_latest_only_with_trigger.py for tasks to queue
[2024-11-17T09:24:31.907+0000] {logging_mixin.py:190} INFO - [2024-11-17T09:24:31.906+0000] {dagbag.py:588} INFO - Filling up the DagBag from /home/airflow/.local/lib/python3.12/site-packages/airflow/example_dags/example_latest_only_with_trigger.py
[2024-11-17T09:24:31.932+0000] {processor.py:925} INFO - DAG(s) 'latest_only_with_trigger' retrieved from /home/airflow/.local/lib/python3.12/site-packages/airflow/example_dags/example_latest_only_with_trigger.py
[2024-11-17T09:24:32.000+0000] {logging_mixin.py:190} INFO - [2024-11-17T09:24:31.999+0000] {dag.py:3239} INFO - Sync 1 DAGs
[2024-11-17T09:24:32.095+0000] {logging_mixin.py:190} INFO - [2024-11-17T09:24:32.094+0000] {dag.py:4180} INFO - Setting next_dagrun for latest_only_with_trigger to 2024-11-17 04:00:00+00:00, run_after=2024-11-17 08:00:00+00:00
[2024-11-17T09:24:32.159+0000] {processor.py:208} INFO - Processing /home/airflow/.local/lib/python3.12/site-packages/airflow/example_dags/example_latest_only_with_trigger.py took 0.280 seconds
[2024-11-17T09:25:02.821+0000] {processor.py:186} INFO - Started process (PID=3512) to work on /home/airflow/.local/lib/python3.12/site-packages/airflow/example_dags/example_latest_only_with_trigger.py
[2024-11-17T09:25:02.824+0000] {processor.py:914} INFO - Processing file /home/airflow/.local/lib/python3.12/site-packages/airflow/example_dags/example_latest_only_with_trigger.py for tasks to queue
[2024-11-17T09:25:02.831+0000] {logging_mixin.py:190} INFO - [2024-11-17T09:25:02.830+0000] {dagbag.py:588} INFO - Filling up the DagBag from /home/airflow/.local/lib/python3.12/site-packages/airflow/example_dags/example_latest_only_with_trigger.py
[2024-11-17T09:25:02.853+0000] {processor.py:925} INFO - DAG(s) 'latest_only_with_trigger' retrieved from /home/airflow/.local/lib/python3.12/site-packages/airflow/example_dags/example_latest_only_with_trigger.py
[2024-11-17T09:25:02.916+0000] {logging_mixin.py:190} INFO - [2024-11-17T09:25:02.915+0000] {dag.py:3239} INFO - Sync 1 DAGs
[2024-11-17T09:25:02.983+0000] {logging_mixin.py:190} INFO - [2024-11-17T09:25:02.982+0000] {dag.py:4180} INFO - Setting next_dagrun for latest_only_with_trigger to 2024-11-17 04:00:00+00:00, run_after=2024-11-17 08:00:00+00:00
[2024-11-17T09:25:03.033+0000] {processor.py:208} INFO - Processing /home/airflow/.local/lib/python3.12/site-packages/airflow/example_dags/example_latest_only_with_trigger.py took 0.230 seconds
[2024-11-17T09:25:33.301+0000] {processor.py:186} INFO - Started process (PID=3579) to work on /home/airflow/.local/lib/python3.12/site-packages/airflow/example_dags/example_latest_only_with_trigger.py
[2024-11-17T09:25:33.304+0000] {processor.py:914} INFO - Processing file /home/airflow/.local/lib/python3.12/site-packages/airflow/example_dags/example_latest_only_with_trigger.py for tasks to queue
[2024-11-17T09:25:33.310+0000] {logging_mixin.py:190} INFO - [2024-11-17T09:25:33.310+0000] {dagbag.py:588} INFO - Filling up the DagBag from /home/airflow/.local/lib/python3.12/site-packages/airflow/example_dags/example_latest_only_with_trigger.py
[2024-11-17T09:25:33.332+0000] {processor.py:925} INFO - DAG(s) 'latest_only_with_trigger' retrieved from /home/airflow/.local/lib/python3.12/site-packages/airflow/example_dags/example_latest_only_with_trigger.py
[2024-11-17T09:25:33.394+0000] {logging_mixin.py:190} INFO - [2024-11-17T09:25:33.393+0000] {dag.py:3239} INFO - Sync 1 DAGs
[2024-11-17T09:25:33.465+0000] {logging_mixin.py:190} INFO - [2024-11-17T09:25:33.464+0000] {dag.py:4180} INFO - Setting next_dagrun for latest_only_with_trigger to 2024-11-17 04:00:00+00:00, run_after=2024-11-17 08:00:00+00:00
[2024-11-17T09:25:33.530+0000] {processor.py:208} INFO - Processing /home/airflow/.local/lib/python3.12/site-packages/airflow/example_dags/example_latest_only_with_trigger.py took 0.250 seconds
[2024-11-17T09:26:04.071+0000] {processor.py:186} INFO - Started process (PID=3644) to work on /home/airflow/.local/lib/python3.12/site-packages/airflow/example_dags/example_latest_only_with_trigger.py
[2024-11-17T09:26:04.074+0000] {processor.py:914} INFO - Processing file /home/airflow/.local/lib/python3.12/site-packages/airflow/example_dags/example_latest_only_with_trigger.py for tasks to queue
[2024-11-17T09:26:04.083+0000] {logging_mixin.py:190} INFO - [2024-11-17T09:26:04.082+0000] {dagbag.py:588} INFO - Filling up the DagBag from /home/airflow/.local/lib/python3.12/site-packages/airflow/example_dags/example_latest_only_with_trigger.py
[2024-11-17T09:26:04.104+0000] {processor.py:925} INFO - DAG(s) 'latest_only_with_trigger' retrieved from /home/airflow/.local/lib/python3.12/site-packages/airflow/example_dags/example_latest_only_with_trigger.py
[2024-11-17T09:26:04.160+0000] {logging_mixin.py:190} INFO - [2024-11-17T09:26:04.159+0000] {dag.py:3239} INFO - Sync 1 DAGs
[2024-11-17T09:26:04.223+0000] {logging_mixin.py:190} INFO - [2024-11-17T09:26:04.223+0000] {dag.py:4180} INFO - Setting next_dagrun for latest_only_with_trigger to 2024-11-17 04:00:00+00:00, run_after=2024-11-17 08:00:00+00:00
[2024-11-17T09:26:04.271+0000] {processor.py:208} INFO - Processing /home/airflow/.local/lib/python3.12/site-packages/airflow/example_dags/example_latest_only_with_trigger.py took 0.221 seconds
[2024-11-17T09:26:34.579+0000] {processor.py:186} INFO - Started process (PID=3710) to work on /home/airflow/.local/lib/python3.12/site-packages/airflow/example_dags/example_latest_only_with_trigger.py
[2024-11-17T09:26:34.582+0000] {processor.py:914} INFO - Processing file /home/airflow/.local/lib/python3.12/site-packages/airflow/example_dags/example_latest_only_with_trigger.py for tasks to queue
[2024-11-17T09:26:34.591+0000] {logging_mixin.py:190} INFO - [2024-11-17T09:26:34.590+0000] {dagbag.py:588} INFO - Filling up the DagBag from /home/airflow/.local/lib/python3.12/site-packages/airflow/example_dags/example_latest_only_with_trigger.py
[2024-11-17T09:26:34.617+0000] {processor.py:925} INFO - DAG(s) 'latest_only_with_trigger' retrieved from /home/airflow/.local/lib/python3.12/site-packages/airflow/example_dags/example_latest_only_with_trigger.py
[2024-11-17T09:26:34.674+0000] {logging_mixin.py:190} INFO - [2024-11-17T09:26:34.673+0000] {dag.py:3239} INFO - Sync 1 DAGs
[2024-11-17T09:26:34.744+0000] {logging_mixin.py:190} INFO - [2024-11-17T09:26:34.743+0000] {dag.py:4180} INFO - Setting next_dagrun for latest_only_with_trigger to 2024-11-17 04:00:00+00:00, run_after=2024-11-17 08:00:00+00:00
[2024-11-17T09:26:34.801+0000] {processor.py:208} INFO - Processing /home/airflow/.local/lib/python3.12/site-packages/airflow/example_dags/example_latest_only_with_trigger.py took 0.245 seconds
[2024-11-17T09:27:05.050+0000] {processor.py:186} INFO - Started process (PID=3776) to work on /home/airflow/.local/lib/python3.12/site-packages/airflow/example_dags/example_latest_only_with_trigger.py
[2024-11-17T09:27:05.054+0000] {processor.py:914} INFO - Processing file /home/airflow/.local/lib/python3.12/site-packages/airflow/example_dags/example_latest_only_with_trigger.py for tasks to queue
[2024-11-17T09:27:05.061+0000] {logging_mixin.py:190} INFO - [2024-11-17T09:27:05.060+0000] {dagbag.py:588} INFO - Filling up the DagBag from /home/airflow/.local/lib/python3.12/site-packages/airflow/example_dags/example_latest_only_with_trigger.py
[2024-11-17T09:27:05.088+0000] {processor.py:925} INFO - DAG(s) 'latest_only_with_trigger' retrieved from /home/airflow/.local/lib/python3.12/site-packages/airflow/example_dags/example_latest_only_with_trigger.py
[2024-11-17T09:27:05.164+0000] {logging_mixin.py:190} INFO - [2024-11-17T09:27:05.163+0000] {dag.py:3239} INFO - Sync 1 DAGs
[2024-11-17T09:27:05.246+0000] {logging_mixin.py:190} INFO - [2024-11-17T09:27:05.245+0000] {dag.py:4180} INFO - Setting next_dagrun for latest_only_with_trigger to 2024-11-17 04:00:00+00:00, run_after=2024-11-17 08:00:00+00:00
[2024-11-17T09:27:05.300+0000] {processor.py:208} INFO - Processing /home/airflow/.local/lib/python3.12/site-packages/airflow/example_dags/example_latest_only_with_trigger.py took 0.280 seconds
[2024-11-17T09:27:35.757+0000] {processor.py:186} INFO - Started process (PID=3841) to work on /home/airflow/.local/lib/python3.12/site-packages/airflow/example_dags/example_latest_only_with_trigger.py
[2024-11-17T09:27:35.760+0000] {processor.py:914} INFO - Processing file /home/airflow/.local/lib/python3.12/site-packages/airflow/example_dags/example_latest_only_with_trigger.py for tasks to queue
[2024-11-17T09:27:35.766+0000] {logging_mixin.py:190} INFO - [2024-11-17T09:27:35.765+0000] {dagbag.py:588} INFO - Filling up the DagBag from /home/airflow/.local/lib/python3.12/site-packages/airflow/example_dags/example_latest_only_with_trigger.py
[2024-11-17T09:27:35.790+0000] {processor.py:925} INFO - DAG(s) 'latest_only_with_trigger' retrieved from /home/airflow/.local/lib/python3.12/site-packages/airflow/example_dags/example_latest_only_with_trigger.py
[2024-11-17T09:27:35.850+0000] {logging_mixin.py:190} INFO - [2024-11-17T09:27:35.849+0000] {dag.py:3239} INFO - Sync 1 DAGs
[2024-11-17T09:27:35.922+0000] {logging_mixin.py:190} INFO - [2024-11-17T09:27:35.921+0000] {dag.py:4180} INFO - Setting next_dagrun for latest_only_with_trigger to 2024-11-17 04:00:00+00:00, run_after=2024-11-17 08:00:00+00:00
[2024-11-17T09:27:35.987+0000] {processor.py:208} INFO - Processing /home/airflow/.local/lib/python3.12/site-packages/airflow/example_dags/example_latest_only_with_trigger.py took 0.249 seconds
[2024-11-17T09:28:06.141+0000] {processor.py:186} INFO - Started process (PID=3906) to work on /home/airflow/.local/lib/python3.12/site-packages/airflow/example_dags/example_latest_only_with_trigger.py
[2024-11-17T09:28:06.144+0000] {processor.py:914} INFO - Processing file /home/airflow/.local/lib/python3.12/site-packages/airflow/example_dags/example_latest_only_with_trigger.py for tasks to queue
[2024-11-17T09:28:06.151+0000] {logging_mixin.py:190} INFO - [2024-11-17T09:28:06.150+0000] {dagbag.py:588} INFO - Filling up the DagBag from /home/airflow/.local/lib/python3.12/site-packages/airflow/example_dags/example_latest_only_with_trigger.py
[2024-11-17T09:28:06.172+0000] {processor.py:925} INFO - DAG(s) 'latest_only_with_trigger' retrieved from /home/airflow/.local/lib/python3.12/site-packages/airflow/example_dags/example_latest_only_with_trigger.py
[2024-11-17T09:28:06.229+0000] {logging_mixin.py:190} INFO - [2024-11-17T09:28:06.228+0000] {dag.py:3239} INFO - Sync 1 DAGs
[2024-11-17T09:28:06.320+0000] {logging_mixin.py:190} INFO - [2024-11-17T09:28:06.319+0000] {dag.py:4180} INFO - Setting next_dagrun for latest_only_with_trigger to 2024-11-17 04:00:00+00:00, run_after=2024-11-17 08:00:00+00:00
[2024-11-17T09:28:06.389+0000] {processor.py:208} INFO - Processing /home/airflow/.local/lib/python3.12/site-packages/airflow/example_dags/example_latest_only_with_trigger.py took 0.270 seconds
