[2024-11-17T08:58:09.774+0000] {processor.py:186} INFO - Started process (PID=119) to work on /home/airflow/.local/lib/python3.12/site-packages/airflow/example_dags/example_task_group_decorator.py
[2024-11-17T08:58:09.777+0000] {processor.py:914} INFO - Processing file /home/airflow/.local/lib/python3.12/site-packages/airflow/example_dags/example_task_group_decorator.py for tasks to queue
[2024-11-17T08:58:09.786+0000] {logging_mixin.py:190} INFO - [2024-11-17T08:58:09.785+0000] {dagbag.py:588} INFO - Filling up the DagBag from /home/airflow/.local/lib/python3.12/site-packages/airflow/example_dags/example_task_group_decorator.py
[2024-11-17T08:58:09.858+0000] {processor.py:925} INFO - DAG(s) 'example_task_group_decorator' retrieved from /home/airflow/.local/lib/python3.12/site-packages/airflow/example_dags/example_task_group_decorator.py
[2024-11-17T08:58:10.230+0000] {logging_mixin.py:190} INFO - [2024-11-17T08:58:10.229+0000] {override.py:1911} INFO - Created Permission View: can delete on DAG:example_task_group_decorator
[2024-11-17T08:58:10.259+0000] {logging_mixin.py:190} INFO - [2024-11-17T08:58:10.258+0000] {override.py:1911} INFO - Created Permission View: can edit on DAG:example_task_group_decorator
[2024-11-17T08:58:10.278+0000] {logging_mixin.py:190} INFO - [2024-11-17T08:58:10.277+0000] {override.py:1911} INFO - Created Permission View: can read on DAG:example_task_group_decorator
[2024-11-17T08:58:10.302+0000] {logging_mixin.py:190} INFO - [2024-11-17T08:58:10.301+0000] {override.py:1911} INFO - Created Permission View: can delete on DAG Run:example_task_group_decorator
[2024-11-17T08:58:10.324+0000] {logging_mixin.py:190} INFO - [2024-11-17T08:58:10.323+0000] {override.py:1911} INFO - Created Permission View: menu access on DAG Run:example_task_group_decorator
[2024-11-17T08:58:10.346+0000] {logging_mixin.py:190} INFO - [2024-11-17T08:58:10.345+0000] {override.py:1911} INFO - Created Permission View: can create on DAG Run:example_task_group_decorator
[2024-11-17T08:58:10.366+0000] {logging_mixin.py:190} INFO - [2024-11-17T08:58:10.365+0000] {override.py:1911} INFO - Created Permission View: can read on DAG Run:example_task_group_decorator
[2024-11-17T08:58:10.368+0000] {logging_mixin.py:190} INFO - [2024-11-17T08:58:10.367+0000] {dag.py:3239} INFO - Sync 1 DAGs
[2024-11-17T08:58:10.412+0000] {logging_mixin.py:190} INFO - [2024-11-17T08:58:10.412+0000] {dag.py:3262} INFO - Creating ORM DAG for example_task_group_decorator
[2024-11-17T08:58:10.416+0000] {logging_mixin.py:190} INFO - [2024-11-17T08:58:10.415+0000] {dag.py:4180} INFO - Setting next_dagrun for example_task_group_decorator to None, run_after=None
[2024-11-17T08:58:10.461+0000] {processor.py:208} INFO - Processing /home/airflow/.local/lib/python3.12/site-packages/airflow/example_dags/example_task_group_decorator.py took 0.709 seconds
[2024-11-17T08:58:48.053+0000] {processor.py:186} INFO - Started process (PID=185) to work on /home/airflow/.local/lib/python3.12/site-packages/airflow/example_dags/example_task_group_decorator.py
[2024-11-17T08:58:48.057+0000] {processor.py:914} INFO - Processing file /home/airflow/.local/lib/python3.12/site-packages/airflow/example_dags/example_task_group_decorator.py for tasks to queue
[2024-11-17T08:58:48.063+0000] {logging_mixin.py:190} INFO - [2024-11-17T08:58:48.062+0000] {dagbag.py:588} INFO - Filling up the DagBag from /home/airflow/.local/lib/python3.12/site-packages/airflow/example_dags/example_task_group_decorator.py
[2024-11-17T08:58:48.112+0000] {processor.py:925} INFO - DAG(s) 'example_task_group_decorator' retrieved from /home/airflow/.local/lib/python3.12/site-packages/airflow/example_dags/example_task_group_decorator.py
[2024-11-17T08:58:48.183+0000] {logging_mixin.py:190} INFO - [2024-11-17T08:58:48.183+0000] {dag.py:3239} INFO - Sync 1 DAGs
[2024-11-17T08:58:48.243+0000] {logging_mixin.py:190} INFO - [2024-11-17T08:58:48.242+0000] {dag.py:4180} INFO - Setting next_dagrun for example_task_group_decorator to None, run_after=None
[2024-11-17T08:58:48.326+0000] {processor.py:208} INFO - Processing /home/airflow/.local/lib/python3.12/site-packages/airflow/example_dags/example_task_group_decorator.py took 0.291 seconds
[2024-11-17T08:59:25.105+0000] {processor.py:186} INFO - Started process (PID=251) to work on /home/airflow/.local/lib/python3.12/site-packages/airflow/example_dags/example_task_group_decorator.py
[2024-11-17T08:59:25.108+0000] {processor.py:914} INFO - Processing file /home/airflow/.local/lib/python3.12/site-packages/airflow/example_dags/example_task_group_decorator.py for tasks to queue
[2024-11-17T08:59:25.145+0000] {logging_mixin.py:190} INFO - [2024-11-17T08:59:25.144+0000] {dagbag.py:588} INFO - Filling up the DagBag from /home/airflow/.local/lib/python3.12/site-packages/airflow/example_dags/example_task_group_decorator.py
[2024-11-17T08:59:25.189+0000] {processor.py:925} INFO - DAG(s) 'example_task_group_decorator' retrieved from /home/airflow/.local/lib/python3.12/site-packages/airflow/example_dags/example_task_group_decorator.py
[2024-11-17T08:59:25.501+0000] {logging_mixin.py:190} INFO - [2024-11-17T08:59:25.500+0000] {dag.py:3239} INFO - Sync 1 DAGs
[2024-11-17T08:59:25.554+0000] {logging_mixin.py:190} INFO - [2024-11-17T08:59:25.554+0000] {dag.py:4180} INFO - Setting next_dagrun for example_task_group_decorator to None, run_after=None
[2024-11-17T08:59:25.629+0000] {processor.py:208} INFO - Processing /home/airflow/.local/lib/python3.12/site-packages/airflow/example_dags/example_task_group_decorator.py took 0.544 seconds
[2024-11-17T08:59:56.032+0000] {processor.py:186} INFO - Started process (PID=316) to work on /home/airflow/.local/lib/python3.12/site-packages/airflow/example_dags/example_task_group_decorator.py
[2024-11-17T08:59:56.035+0000] {processor.py:914} INFO - Processing file /home/airflow/.local/lib/python3.12/site-packages/airflow/example_dags/example_task_group_decorator.py for tasks to queue
[2024-11-17T08:59:56.043+0000] {logging_mixin.py:190} INFO - [2024-11-17T08:59:56.042+0000] {dagbag.py:588} INFO - Filling up the DagBag from /home/airflow/.local/lib/python3.12/site-packages/airflow/example_dags/example_task_group_decorator.py
[2024-11-17T08:59:56.088+0000] {processor.py:925} INFO - DAG(s) 'example_task_group_decorator' retrieved from /home/airflow/.local/lib/python3.12/site-packages/airflow/example_dags/example_task_group_decorator.py
[2024-11-17T08:59:56.180+0000] {logging_mixin.py:190} INFO - [2024-11-17T08:59:56.179+0000] {dag.py:3239} INFO - Sync 1 DAGs
[2024-11-17T08:59:56.223+0000] {logging_mixin.py:190} INFO - [2024-11-17T08:59:56.223+0000] {dag.py:4180} INFO - Setting next_dagrun for example_task_group_decorator to None, run_after=None
[2024-11-17T08:59:56.281+0000] {processor.py:208} INFO - Processing /home/airflow/.local/lib/python3.12/site-packages/airflow/example_dags/example_task_group_decorator.py took 0.272 seconds
[2024-11-17T09:00:26.431+0000] {processor.py:186} INFO - Started process (PID=383) to work on /home/airflow/.local/lib/python3.12/site-packages/airflow/example_dags/example_task_group_decorator.py
[2024-11-17T09:00:26.435+0000] {processor.py:914} INFO - Processing file /home/airflow/.local/lib/python3.12/site-packages/airflow/example_dags/example_task_group_decorator.py for tasks to queue
[2024-11-17T09:00:26.448+0000] {logging_mixin.py:190} INFO - [2024-11-17T09:00:26.447+0000] {dagbag.py:588} INFO - Filling up the DagBag from /home/airflow/.local/lib/python3.12/site-packages/airflow/example_dags/example_task_group_decorator.py
[2024-11-17T09:00:26.533+0000] {processor.py:925} INFO - DAG(s) 'example_task_group_decorator' retrieved from /home/airflow/.local/lib/python3.12/site-packages/airflow/example_dags/example_task_group_decorator.py
[2024-11-17T09:00:26.644+0000] {logging_mixin.py:190} INFO - [2024-11-17T09:00:26.643+0000] {dag.py:3239} INFO - Sync 1 DAGs
[2024-11-17T09:00:26.692+0000] {logging_mixin.py:190} INFO - [2024-11-17T09:00:26.691+0000] {dag.py:4180} INFO - Setting next_dagrun for example_task_group_decorator to None, run_after=None
[2024-11-17T09:00:26.749+0000] {processor.py:208} INFO - Processing /home/airflow/.local/lib/python3.12/site-packages/airflow/example_dags/example_task_group_decorator.py took 0.344 seconds
[2024-11-17T09:01:03.678+0000] {processor.py:186} INFO - Started process (PID=455) to work on /home/airflow/.local/lib/python3.12/site-packages/airflow/example_dags/example_task_group_decorator.py
[2024-11-17T09:01:03.681+0000] {processor.py:914} INFO - Processing file /home/airflow/.local/lib/python3.12/site-packages/airflow/example_dags/example_task_group_decorator.py for tasks to queue
[2024-11-17T09:01:03.688+0000] {logging_mixin.py:190} INFO - [2024-11-17T09:01:03.686+0000] {dagbag.py:588} INFO - Filling up the DagBag from /home/airflow/.local/lib/python3.12/site-packages/airflow/example_dags/example_task_group_decorator.py
[2024-11-17T09:01:03.747+0000] {processor.py:925} INFO - DAG(s) 'example_task_group_decorator' retrieved from /home/airflow/.local/lib/python3.12/site-packages/airflow/example_dags/example_task_group_decorator.py
[2024-11-17T09:01:03.816+0000] {logging_mixin.py:190} INFO - [2024-11-17T09:01:03.816+0000] {dag.py:3239} INFO - Sync 1 DAGs
[2024-11-17T09:01:03.861+0000] {logging_mixin.py:190} INFO - [2024-11-17T09:01:03.861+0000] {dag.py:4180} INFO - Setting next_dagrun for example_task_group_decorator to None, run_after=None
[2024-11-17T09:01:03.916+0000] {processor.py:208} INFO - Processing /home/airflow/.local/lib/python3.12/site-packages/airflow/example_dags/example_task_group_decorator.py took 0.254 seconds
[2024-11-17T09:01:37.011+0000] {processor.py:186} INFO - Started process (PID=528) to work on /home/airflow/.local/lib/python3.12/site-packages/airflow/example_dags/example_task_group_decorator.py
[2024-11-17T09:01:37.015+0000] {processor.py:914} INFO - Processing file /home/airflow/.local/lib/python3.12/site-packages/airflow/example_dags/example_task_group_decorator.py for tasks to queue
[2024-11-17T09:01:37.022+0000] {logging_mixin.py:190} INFO - [2024-11-17T09:01:37.022+0000] {dagbag.py:588} INFO - Filling up the DagBag from /home/airflow/.local/lib/python3.12/site-packages/airflow/example_dags/example_task_group_decorator.py
[2024-11-17T09:01:37.071+0000] {processor.py:925} INFO - DAG(s) 'example_task_group_decorator' retrieved from /home/airflow/.local/lib/python3.12/site-packages/airflow/example_dags/example_task_group_decorator.py
[2024-11-17T09:01:37.143+0000] {logging_mixin.py:190} INFO - [2024-11-17T09:01:37.143+0000] {dag.py:3239} INFO - Sync 1 DAGs
[2024-11-17T09:01:37.186+0000] {logging_mixin.py:190} INFO - [2024-11-17T09:01:37.186+0000] {dag.py:4180} INFO - Setting next_dagrun for example_task_group_decorator to None, run_after=None
[2024-11-17T09:01:37.238+0000] {processor.py:208} INFO - Processing /home/airflow/.local/lib/python3.12/site-packages/airflow/example_dags/example_task_group_decorator.py took 0.243 seconds
[2024-11-17T09:02:10.850+0000] {processor.py:186} INFO - Started process (PID=606) to work on /home/airflow/.local/lib/python3.12/site-packages/airflow/example_dags/example_task_group_decorator.py
[2024-11-17T09:02:10.853+0000] {processor.py:914} INFO - Processing file /home/airflow/.local/lib/python3.12/site-packages/airflow/example_dags/example_task_group_decorator.py for tasks to queue
[2024-11-17T09:02:10.859+0000] {logging_mixin.py:190} INFO - [2024-11-17T09:02:10.858+0000] {dagbag.py:588} INFO - Filling up the DagBag from /home/airflow/.local/lib/python3.12/site-packages/airflow/example_dags/example_task_group_decorator.py
[2024-11-17T09:02:10.905+0000] {processor.py:925} INFO - DAG(s) 'example_task_group_decorator' retrieved from /home/airflow/.local/lib/python3.12/site-packages/airflow/example_dags/example_task_group_decorator.py
[2024-11-17T09:02:10.981+0000] {logging_mixin.py:190} INFO - [2024-11-17T09:02:10.980+0000] {dag.py:3239} INFO - Sync 1 DAGs
[2024-11-17T09:02:11.025+0000] {logging_mixin.py:190} INFO - [2024-11-17T09:02:11.025+0000] {dag.py:4180} INFO - Setting next_dagrun for example_task_group_decorator to None, run_after=None
[2024-11-17T09:02:11.075+0000] {processor.py:208} INFO - Processing /home/airflow/.local/lib/python3.12/site-packages/airflow/example_dags/example_task_group_decorator.py took 0.242 seconds
[2024-11-17T09:02:45.159+0000] {processor.py:186} INFO - Started process (PID=673) to work on /home/airflow/.local/lib/python3.12/site-packages/airflow/example_dags/example_task_group_decorator.py
[2024-11-17T09:02:45.162+0000] {processor.py:914} INFO - Processing file /home/airflow/.local/lib/python3.12/site-packages/airflow/example_dags/example_task_group_decorator.py for tasks to queue
[2024-11-17T09:02:45.171+0000] {logging_mixin.py:190} INFO - [2024-11-17T09:02:45.170+0000] {dagbag.py:588} INFO - Filling up the DagBag from /home/airflow/.local/lib/python3.12/site-packages/airflow/example_dags/example_task_group_decorator.py
[2024-11-17T09:02:45.229+0000] {processor.py:925} INFO - DAG(s) 'example_task_group_decorator' retrieved from /home/airflow/.local/lib/python3.12/site-packages/airflow/example_dags/example_task_group_decorator.py
[2024-11-17T09:02:45.361+0000] {logging_mixin.py:190} INFO - [2024-11-17T09:02:45.360+0000] {dag.py:3239} INFO - Sync 1 DAGs
[2024-11-17T09:02:45.444+0000] {logging_mixin.py:190} INFO - [2024-11-17T09:02:45.443+0000] {dag.py:4180} INFO - Setting next_dagrun for example_task_group_decorator to None, run_after=None
[2024-11-17T09:02:45.517+0000] {processor.py:208} INFO - Processing /home/airflow/.local/lib/python3.12/site-packages/airflow/example_dags/example_task_group_decorator.py took 0.381 seconds
[2024-11-17T09:03:16.411+0000] {processor.py:186} INFO - Started process (PID=738) to work on /home/airflow/.local/lib/python3.12/site-packages/airflow/example_dags/example_task_group_decorator.py
[2024-11-17T09:03:16.414+0000] {processor.py:914} INFO - Processing file /home/airflow/.local/lib/python3.12/site-packages/airflow/example_dags/example_task_group_decorator.py for tasks to queue
[2024-11-17T09:03:16.420+0000] {logging_mixin.py:190} INFO - [2024-11-17T09:03:16.419+0000] {dagbag.py:588} INFO - Filling up the DagBag from /home/airflow/.local/lib/python3.12/site-packages/airflow/example_dags/example_task_group_decorator.py
[2024-11-17T09:03:16.466+0000] {processor.py:925} INFO - DAG(s) 'example_task_group_decorator' retrieved from /home/airflow/.local/lib/python3.12/site-packages/airflow/example_dags/example_task_group_decorator.py
[2024-11-17T09:03:16.559+0000] {logging_mixin.py:190} INFO - [2024-11-17T09:03:16.557+0000] {dag.py:3239} INFO - Sync 1 DAGs
[2024-11-17T09:03:16.611+0000] {logging_mixin.py:190} INFO - [2024-11-17T09:03:16.611+0000] {dag.py:4180} INFO - Setting next_dagrun for example_task_group_decorator to None, run_after=None
[2024-11-17T09:03:16.682+0000] {processor.py:208} INFO - Processing /home/airflow/.local/lib/python3.12/site-packages/airflow/example_dags/example_task_group_decorator.py took 0.289 seconds
[2024-11-17T09:03:48.712+0000] {processor.py:186} INFO - Started process (PID=804) to work on /home/airflow/.local/lib/python3.12/site-packages/airflow/example_dags/example_task_group_decorator.py
[2024-11-17T09:03:48.715+0000] {processor.py:914} INFO - Processing file /home/airflow/.local/lib/python3.12/site-packages/airflow/example_dags/example_task_group_decorator.py for tasks to queue
[2024-11-17T09:03:48.721+0000] {logging_mixin.py:190} INFO - [2024-11-17T09:03:48.721+0000] {dagbag.py:588} INFO - Filling up the DagBag from /home/airflow/.local/lib/python3.12/site-packages/airflow/example_dags/example_task_group_decorator.py
[2024-11-17T09:03:48.783+0000] {processor.py:925} INFO - DAG(s) 'example_task_group_decorator' retrieved from /home/airflow/.local/lib/python3.12/site-packages/airflow/example_dags/example_task_group_decorator.py
[2024-11-17T09:03:48.871+0000] {logging_mixin.py:190} INFO - [2024-11-17T09:03:48.870+0000] {dag.py:3239} INFO - Sync 1 DAGs
[2024-11-17T09:03:48.922+0000] {logging_mixin.py:190} INFO - [2024-11-17T09:03:48.921+0000] {dag.py:4180} INFO - Setting next_dagrun for example_task_group_decorator to None, run_after=None
[2024-11-17T09:03:48.988+0000] {processor.py:208} INFO - Processing /home/airflow/.local/lib/python3.12/site-packages/airflow/example_dags/example_task_group_decorator.py took 0.297 seconds
[2024-11-17T09:04:21.101+0000] {processor.py:186} INFO - Started process (PID=873) to work on /home/airflow/.local/lib/python3.12/site-packages/airflow/example_dags/example_task_group_decorator.py
[2024-11-17T09:04:21.104+0000] {processor.py:914} INFO - Processing file /home/airflow/.local/lib/python3.12/site-packages/airflow/example_dags/example_task_group_decorator.py for tasks to queue
[2024-11-17T09:04:21.111+0000] {logging_mixin.py:190} INFO - [2024-11-17T09:04:21.110+0000] {dagbag.py:588} INFO - Filling up the DagBag from /home/airflow/.local/lib/python3.12/site-packages/airflow/example_dags/example_task_group_decorator.py
[2024-11-17T09:04:21.166+0000] {processor.py:925} INFO - DAG(s) 'example_task_group_decorator' retrieved from /home/airflow/.local/lib/python3.12/site-packages/airflow/example_dags/example_task_group_decorator.py
[2024-11-17T09:04:21.255+0000] {logging_mixin.py:190} INFO - [2024-11-17T09:04:21.254+0000] {dag.py:3239} INFO - Sync 1 DAGs
[2024-11-17T09:04:21.303+0000] {logging_mixin.py:190} INFO - [2024-11-17T09:04:21.302+0000] {dag.py:4180} INFO - Setting next_dagrun for example_task_group_decorator to None, run_after=None
[2024-11-17T09:04:21.357+0000] {processor.py:208} INFO - Processing /home/airflow/.local/lib/python3.12/site-packages/airflow/example_dags/example_task_group_decorator.py took 0.274 seconds
[2024-11-17T09:04:53.107+0000] {processor.py:186} INFO - Started process (PID=939) to work on /home/airflow/.local/lib/python3.12/site-packages/airflow/example_dags/example_task_group_decorator.py
[2024-11-17T09:04:53.110+0000] {processor.py:914} INFO - Processing file /home/airflow/.local/lib/python3.12/site-packages/airflow/example_dags/example_task_group_decorator.py for tasks to queue
[2024-11-17T09:04:53.117+0000] {logging_mixin.py:190} INFO - [2024-11-17T09:04:53.116+0000] {dagbag.py:588} INFO - Filling up the DagBag from /home/airflow/.local/lib/python3.12/site-packages/airflow/example_dags/example_task_group_decorator.py
[2024-11-17T09:04:53.179+0000] {processor.py:925} INFO - DAG(s) 'example_task_group_decorator' retrieved from /home/airflow/.local/lib/python3.12/site-packages/airflow/example_dags/example_task_group_decorator.py
[2024-11-17T09:04:53.263+0000] {logging_mixin.py:190} INFO - [2024-11-17T09:04:53.263+0000] {dag.py:3239} INFO - Sync 1 DAGs
[2024-11-17T09:04:53.328+0000] {logging_mixin.py:190} INFO - [2024-11-17T09:04:53.328+0000] {dag.py:4180} INFO - Setting next_dagrun for example_task_group_decorator to None, run_after=None
[2024-11-17T09:04:53.399+0000] {processor.py:208} INFO - Processing /home/airflow/.local/lib/python3.12/site-packages/airflow/example_dags/example_task_group_decorator.py took 0.309 seconds
[2024-11-17T09:05:26.384+0000] {processor.py:186} INFO - Started process (PID=1011) to work on /home/airflow/.local/lib/python3.12/site-packages/airflow/example_dags/example_task_group_decorator.py
[2024-11-17T09:05:26.387+0000] {processor.py:914} INFO - Processing file /home/airflow/.local/lib/python3.12/site-packages/airflow/example_dags/example_task_group_decorator.py for tasks to queue
[2024-11-17T09:05:26.394+0000] {logging_mixin.py:190} INFO - [2024-11-17T09:05:26.393+0000] {dagbag.py:588} INFO - Filling up the DagBag from /home/airflow/.local/lib/python3.12/site-packages/airflow/example_dags/example_task_group_decorator.py
[2024-11-17T09:05:26.446+0000] {processor.py:925} INFO - DAG(s) 'example_task_group_decorator' retrieved from /home/airflow/.local/lib/python3.12/site-packages/airflow/example_dags/example_task_group_decorator.py
[2024-11-17T09:05:26.538+0000] {logging_mixin.py:190} INFO - [2024-11-17T09:05:26.538+0000] {dag.py:3239} INFO - Sync 1 DAGs
[2024-11-17T09:05:26.581+0000] {logging_mixin.py:190} INFO - [2024-11-17T09:05:26.580+0000] {dag.py:4180} INFO - Setting next_dagrun for example_task_group_decorator to None, run_after=None
[2024-11-17T09:05:26.633+0000] {processor.py:208} INFO - Processing /home/airflow/.local/lib/python3.12/site-packages/airflow/example_dags/example_task_group_decorator.py took 0.271 seconds
[2024-11-17T09:05:58.832+0000] {processor.py:186} INFO - Started process (PID=1080) to work on /home/airflow/.local/lib/python3.12/site-packages/airflow/example_dags/example_task_group_decorator.py
[2024-11-17T09:05:58.835+0000] {processor.py:914} INFO - Processing file /home/airflow/.local/lib/python3.12/site-packages/airflow/example_dags/example_task_group_decorator.py for tasks to queue
[2024-11-17T09:05:58.842+0000] {logging_mixin.py:190} INFO - [2024-11-17T09:05:58.841+0000] {dagbag.py:588} INFO - Filling up the DagBag from /home/airflow/.local/lib/python3.12/site-packages/airflow/example_dags/example_task_group_decorator.py
[2024-11-17T09:05:58.891+0000] {processor.py:925} INFO - DAG(s) 'example_task_group_decorator' retrieved from /home/airflow/.local/lib/python3.12/site-packages/airflow/example_dags/example_task_group_decorator.py
[2024-11-17T09:05:59.000+0000] {logging_mixin.py:190} INFO - [2024-11-17T09:05:58.999+0000] {dag.py:3239} INFO - Sync 1 DAGs
[2024-11-17T09:05:59.071+0000] {logging_mixin.py:190} INFO - [2024-11-17T09:05:59.070+0000] {dag.py:4180} INFO - Setting next_dagrun for example_task_group_decorator to None, run_after=None
[2024-11-17T09:05:59.146+0000] {processor.py:208} INFO - Processing /home/airflow/.local/lib/python3.12/site-packages/airflow/example_dags/example_task_group_decorator.py took 0.335 seconds
[2024-11-17T09:06:30.447+0000] {processor.py:186} INFO - Started process (PID=1146) to work on /home/airflow/.local/lib/python3.12/site-packages/airflow/example_dags/example_task_group_decorator.py
[2024-11-17T09:06:30.450+0000] {processor.py:914} INFO - Processing file /home/airflow/.local/lib/python3.12/site-packages/airflow/example_dags/example_task_group_decorator.py for tasks to queue
[2024-11-17T09:06:30.461+0000] {logging_mixin.py:190} INFO - [2024-11-17T09:06:30.459+0000] {dagbag.py:588} INFO - Filling up the DagBag from /home/airflow/.local/lib/python3.12/site-packages/airflow/example_dags/example_task_group_decorator.py
[2024-11-17T09:06:30.528+0000] {processor.py:925} INFO - DAG(s) 'example_task_group_decorator' retrieved from /home/airflow/.local/lib/python3.12/site-packages/airflow/example_dags/example_task_group_decorator.py
[2024-11-17T09:06:30.637+0000] {logging_mixin.py:190} INFO - [2024-11-17T09:06:30.636+0000] {dag.py:3239} INFO - Sync 1 DAGs
[2024-11-17T09:06:30.685+0000] {logging_mixin.py:190} INFO - [2024-11-17T09:06:30.684+0000] {dag.py:4180} INFO - Setting next_dagrun for example_task_group_decorator to None, run_after=None
[2024-11-17T09:06:30.750+0000] {processor.py:208} INFO - Processing /home/airflow/.local/lib/python3.12/site-packages/airflow/example_dags/example_task_group_decorator.py took 0.327 seconds
[2024-11-17T09:07:01.832+0000] {processor.py:186} INFO - Started process (PID=1212) to work on /home/airflow/.local/lib/python3.12/site-packages/airflow/example_dags/example_task_group_decorator.py
[2024-11-17T09:07:01.835+0000] {processor.py:914} INFO - Processing file /home/airflow/.local/lib/python3.12/site-packages/airflow/example_dags/example_task_group_decorator.py for tasks to queue
[2024-11-17T09:07:01.841+0000] {logging_mixin.py:190} INFO - [2024-11-17T09:07:01.840+0000] {dagbag.py:588} INFO - Filling up the DagBag from /home/airflow/.local/lib/python3.12/site-packages/airflow/example_dags/example_task_group_decorator.py
[2024-11-17T09:07:01.887+0000] {processor.py:925} INFO - DAG(s) 'example_task_group_decorator' retrieved from /home/airflow/.local/lib/python3.12/site-packages/airflow/example_dags/example_task_group_decorator.py
[2024-11-17T09:07:01.984+0000] {logging_mixin.py:190} INFO - [2024-11-17T09:07:01.983+0000] {dag.py:3239} INFO - Sync 1 DAGs
[2024-11-17T09:07:02.028+0000] {logging_mixin.py:190} INFO - [2024-11-17T09:07:02.027+0000] {dag.py:4180} INFO - Setting next_dagrun for example_task_group_decorator to None, run_after=None
[2024-11-17T09:07:02.076+0000] {processor.py:208} INFO - Processing /home/airflow/.local/lib/python3.12/site-packages/airflow/example_dags/example_task_group_decorator.py took 0.261 seconds
[2024-11-17T09:07:32.373+0000] {processor.py:186} INFO - Started process (PID=1279) to work on /home/airflow/.local/lib/python3.12/site-packages/airflow/example_dags/example_task_group_decorator.py
[2024-11-17T09:07:32.376+0000] {processor.py:914} INFO - Processing file /home/airflow/.local/lib/python3.12/site-packages/airflow/example_dags/example_task_group_decorator.py for tasks to queue
[2024-11-17T09:07:32.383+0000] {logging_mixin.py:190} INFO - [2024-11-17T09:07:32.382+0000] {dagbag.py:588} INFO - Filling up the DagBag from /home/airflow/.local/lib/python3.12/site-packages/airflow/example_dags/example_task_group_decorator.py
[2024-11-17T09:07:32.430+0000] {processor.py:925} INFO - DAG(s) 'example_task_group_decorator' retrieved from /home/airflow/.local/lib/python3.12/site-packages/airflow/example_dags/example_task_group_decorator.py
[2024-11-17T09:07:32.501+0000] {logging_mixin.py:190} INFO - [2024-11-17T09:07:32.501+0000] {dag.py:3239} INFO - Sync 1 DAGs
[2024-11-17T09:07:32.542+0000] {logging_mixin.py:190} INFO - [2024-11-17T09:07:32.542+0000] {dag.py:4180} INFO - Setting next_dagrun for example_task_group_decorator to None, run_after=None
[2024-11-17T09:07:32.595+0000] {processor.py:208} INFO - Processing /home/airflow/.local/lib/python3.12/site-packages/airflow/example_dags/example_task_group_decorator.py took 0.241 seconds
[2024-11-17T09:08:03.860+0000] {processor.py:186} INFO - Started process (PID=1344) to work on /home/airflow/.local/lib/python3.12/site-packages/airflow/example_dags/example_task_group_decorator.py
[2024-11-17T09:08:03.863+0000] {processor.py:914} INFO - Processing file /home/airflow/.local/lib/python3.12/site-packages/airflow/example_dags/example_task_group_decorator.py for tasks to queue
[2024-11-17T09:08:03.870+0000] {logging_mixin.py:190} INFO - [2024-11-17T09:08:03.869+0000] {dagbag.py:588} INFO - Filling up the DagBag from /home/airflow/.local/lib/python3.12/site-packages/airflow/example_dags/example_task_group_decorator.py
[2024-11-17T09:08:03.916+0000] {processor.py:925} INFO - DAG(s) 'example_task_group_decorator' retrieved from /home/airflow/.local/lib/python3.12/site-packages/airflow/example_dags/example_task_group_decorator.py
[2024-11-17T09:08:03.995+0000] {logging_mixin.py:190} INFO - [2024-11-17T09:08:03.994+0000] {dag.py:3239} INFO - Sync 1 DAGs
[2024-11-17T09:08:04.044+0000] {logging_mixin.py:190} INFO - [2024-11-17T09:08:04.043+0000] {dag.py:4180} INFO - Setting next_dagrun for example_task_group_decorator to None, run_after=None
[2024-11-17T09:08:04.092+0000] {processor.py:208} INFO - Processing /home/airflow/.local/lib/python3.12/site-packages/airflow/example_dags/example_task_group_decorator.py took 0.250 seconds
[2024-11-17T09:08:35.403+0000] {processor.py:186} INFO - Started process (PID=1410) to work on /home/airflow/.local/lib/python3.12/site-packages/airflow/example_dags/example_task_group_decorator.py
[2024-11-17T09:08:35.406+0000] {processor.py:914} INFO - Processing file /home/airflow/.local/lib/python3.12/site-packages/airflow/example_dags/example_task_group_decorator.py for tasks to queue
[2024-11-17T09:08:35.412+0000] {logging_mixin.py:190} INFO - [2024-11-17T09:08:35.411+0000] {dagbag.py:588} INFO - Filling up the DagBag from /home/airflow/.local/lib/python3.12/site-packages/airflow/example_dags/example_task_group_decorator.py
[2024-11-17T09:08:35.468+0000] {processor.py:925} INFO - DAG(s) 'example_task_group_decorator' retrieved from /home/airflow/.local/lib/python3.12/site-packages/airflow/example_dags/example_task_group_decorator.py
[2024-11-17T09:08:35.547+0000] {logging_mixin.py:190} INFO - [2024-11-17T09:08:35.546+0000] {dag.py:3239} INFO - Sync 1 DAGs
[2024-11-17T09:08:35.597+0000] {logging_mixin.py:190} INFO - [2024-11-17T09:08:35.596+0000] {dag.py:4180} INFO - Setting next_dagrun for example_task_group_decorator to None, run_after=None
[2024-11-17T09:08:35.652+0000] {processor.py:208} INFO - Processing /home/airflow/.local/lib/python3.12/site-packages/airflow/example_dags/example_task_group_decorator.py took 0.269 seconds
[2024-11-17T09:09:05.926+0000] {processor.py:186} INFO - Started process (PID=1475) to work on /home/airflow/.local/lib/python3.12/site-packages/airflow/example_dags/example_task_group_decorator.py
[2024-11-17T09:09:05.929+0000] {processor.py:914} INFO - Processing file /home/airflow/.local/lib/python3.12/site-packages/airflow/example_dags/example_task_group_decorator.py for tasks to queue
[2024-11-17T09:09:05.936+0000] {logging_mixin.py:190} INFO - [2024-11-17T09:09:05.935+0000] {dagbag.py:588} INFO - Filling up the DagBag from /home/airflow/.local/lib/python3.12/site-packages/airflow/example_dags/example_task_group_decorator.py
[2024-11-17T09:09:05.984+0000] {processor.py:925} INFO - DAG(s) 'example_task_group_decorator' retrieved from /home/airflow/.local/lib/python3.12/site-packages/airflow/example_dags/example_task_group_decorator.py
[2024-11-17T09:09:06.066+0000] {logging_mixin.py:190} INFO - [2024-11-17T09:09:06.065+0000] {dag.py:3239} INFO - Sync 1 DAGs
[2024-11-17T09:09:06.105+0000] {logging_mixin.py:190} INFO - [2024-11-17T09:09:06.104+0000] {dag.py:4180} INFO - Setting next_dagrun for example_task_group_decorator to None, run_after=None
[2024-11-17T09:09:06.154+0000] {processor.py:208} INFO - Processing /home/airflow/.local/lib/python3.12/site-packages/airflow/example_dags/example_task_group_decorator.py took 0.246 seconds
[2024-11-17T09:09:36.532+0000] {processor.py:186} INFO - Started process (PID=1541) to work on /home/airflow/.local/lib/python3.12/site-packages/airflow/example_dags/example_task_group_decorator.py
[2024-11-17T09:09:36.535+0000] {processor.py:914} INFO - Processing file /home/airflow/.local/lib/python3.12/site-packages/airflow/example_dags/example_task_group_decorator.py for tasks to queue
[2024-11-17T09:09:36.542+0000] {logging_mixin.py:190} INFO - [2024-11-17T09:09:36.541+0000] {dagbag.py:588} INFO - Filling up the DagBag from /home/airflow/.local/lib/python3.12/site-packages/airflow/example_dags/example_task_group_decorator.py
[2024-11-17T09:09:36.596+0000] {processor.py:925} INFO - DAG(s) 'example_task_group_decorator' retrieved from /home/airflow/.local/lib/python3.12/site-packages/airflow/example_dags/example_task_group_decorator.py
[2024-11-17T09:09:36.666+0000] {logging_mixin.py:190} INFO - [2024-11-17T09:09:36.666+0000] {dag.py:3239} INFO - Sync 1 DAGs
[2024-11-17T09:09:36.706+0000] {logging_mixin.py:190} INFO - [2024-11-17T09:09:36.705+0000] {dag.py:4180} INFO - Setting next_dagrun for example_task_group_decorator to None, run_after=None
[2024-11-17T09:09:36.762+0000] {processor.py:208} INFO - Processing /home/airflow/.local/lib/python3.12/site-packages/airflow/example_dags/example_task_group_decorator.py took 0.249 seconds
[2024-11-17T09:10:06.886+0000] {processor.py:186} INFO - Started process (PID=1607) to work on /home/airflow/.local/lib/python3.12/site-packages/airflow/example_dags/example_task_group_decorator.py
[2024-11-17T09:10:06.888+0000] {processor.py:914} INFO - Processing file /home/airflow/.local/lib/python3.12/site-packages/airflow/example_dags/example_task_group_decorator.py for tasks to queue
[2024-11-17T09:10:06.895+0000] {logging_mixin.py:190} INFO - [2024-11-17T09:10:06.894+0000] {dagbag.py:588} INFO - Filling up the DagBag from /home/airflow/.local/lib/python3.12/site-packages/airflow/example_dags/example_task_group_decorator.py
[2024-11-17T09:10:06.962+0000] {processor.py:925} INFO - DAG(s) 'example_task_group_decorator' retrieved from /home/airflow/.local/lib/python3.12/site-packages/airflow/example_dags/example_task_group_decorator.py
[2024-11-17T09:10:07.044+0000] {logging_mixin.py:190} INFO - [2024-11-17T09:10:07.044+0000] {dag.py:3239} INFO - Sync 1 DAGs
[2024-11-17T09:10:07.084+0000] {logging_mixin.py:190} INFO - [2024-11-17T09:10:07.084+0000] {dag.py:4180} INFO - Setting next_dagrun for example_task_group_decorator to None, run_after=None
[2024-11-17T09:10:07.141+0000] {processor.py:208} INFO - Processing /home/airflow/.local/lib/python3.12/site-packages/airflow/example_dags/example_task_group_decorator.py took 0.276 seconds
[2024-11-17T09:10:37.374+0000] {processor.py:186} INFO - Started process (PID=1673) to work on /home/airflow/.local/lib/python3.12/site-packages/airflow/example_dags/example_task_group_decorator.py
[2024-11-17T09:10:37.377+0000] {processor.py:914} INFO - Processing file /home/airflow/.local/lib/python3.12/site-packages/airflow/example_dags/example_task_group_decorator.py for tasks to queue
[2024-11-17T09:10:37.388+0000] {logging_mixin.py:190} INFO - [2024-11-17T09:10:37.383+0000] {dagbag.py:588} INFO - Filling up the DagBag from /home/airflow/.local/lib/python3.12/site-packages/airflow/example_dags/example_task_group_decorator.py
[2024-11-17T09:10:37.466+0000] {processor.py:925} INFO - DAG(s) 'example_task_group_decorator' retrieved from /home/airflow/.local/lib/python3.12/site-packages/airflow/example_dags/example_task_group_decorator.py
[2024-11-17T09:10:37.548+0000] {logging_mixin.py:190} INFO - [2024-11-17T09:10:37.547+0000] {dag.py:3239} INFO - Sync 1 DAGs
[2024-11-17T09:10:37.597+0000] {logging_mixin.py:190} INFO - [2024-11-17T09:10:37.596+0000] {dag.py:4180} INFO - Setting next_dagrun for example_task_group_decorator to None, run_after=None
[2024-11-17T09:10:37.650+0000] {processor.py:208} INFO - Processing /home/airflow/.local/lib/python3.12/site-packages/airflow/example_dags/example_task_group_decorator.py took 0.293 seconds
[2024-11-17T09:11:08.189+0000] {processor.py:186} INFO - Started process (PID=1739) to work on /home/airflow/.local/lib/python3.12/site-packages/airflow/example_dags/example_task_group_decorator.py
[2024-11-17T09:11:08.192+0000] {processor.py:914} INFO - Processing file /home/airflow/.local/lib/python3.12/site-packages/airflow/example_dags/example_task_group_decorator.py for tasks to queue
[2024-11-17T09:11:08.200+0000] {logging_mixin.py:190} INFO - [2024-11-17T09:11:08.199+0000] {dagbag.py:588} INFO - Filling up the DagBag from /home/airflow/.local/lib/python3.12/site-packages/airflow/example_dags/example_task_group_decorator.py
[2024-11-17T09:11:08.257+0000] {processor.py:925} INFO - DAG(s) 'example_task_group_decorator' retrieved from /home/airflow/.local/lib/python3.12/site-packages/airflow/example_dags/example_task_group_decorator.py
[2024-11-17T09:11:08.329+0000] {logging_mixin.py:190} INFO - [2024-11-17T09:11:08.328+0000] {dag.py:3239} INFO - Sync 1 DAGs
[2024-11-17T09:11:08.370+0000] {logging_mixin.py:190} INFO - [2024-11-17T09:11:08.369+0000] {dag.py:4180} INFO - Setting next_dagrun for example_task_group_decorator to None, run_after=None
[2024-11-17T09:11:08.427+0000] {processor.py:208} INFO - Processing /home/airflow/.local/lib/python3.12/site-packages/airflow/example_dags/example_task_group_decorator.py took 0.258 seconds
[2024-11-17T09:11:39.536+0000] {processor.py:186} INFO - Started process (PID=1805) to work on /home/airflow/.local/lib/python3.12/site-packages/airflow/example_dags/example_task_group_decorator.py
[2024-11-17T09:11:39.538+0000] {processor.py:914} INFO - Processing file /home/airflow/.local/lib/python3.12/site-packages/airflow/example_dags/example_task_group_decorator.py for tasks to queue
[2024-11-17T09:11:39.545+0000] {logging_mixin.py:190} INFO - [2024-11-17T09:11:39.544+0000] {dagbag.py:588} INFO - Filling up the DagBag from /home/airflow/.local/lib/python3.12/site-packages/airflow/example_dags/example_task_group_decorator.py
[2024-11-17T09:11:39.592+0000] {processor.py:925} INFO - DAG(s) 'example_task_group_decorator' retrieved from /home/airflow/.local/lib/python3.12/site-packages/airflow/example_dags/example_task_group_decorator.py
[2024-11-17T09:11:39.660+0000] {logging_mixin.py:190} INFO - [2024-11-17T09:11:39.659+0000] {dag.py:3239} INFO - Sync 1 DAGs
[2024-11-17T09:11:39.699+0000] {logging_mixin.py:190} INFO - [2024-11-17T09:11:39.698+0000] {dag.py:4180} INFO - Setting next_dagrun for example_task_group_decorator to None, run_after=None
[2024-11-17T09:11:39.754+0000] {processor.py:208} INFO - Processing /home/airflow/.local/lib/python3.12/site-packages/airflow/example_dags/example_task_group_decorator.py took 0.235 seconds
[2024-11-17T09:12:11.293+0000] {processor.py:186} INFO - Started process (PID=1877) to work on /home/airflow/.local/lib/python3.12/site-packages/airflow/example_dags/example_task_group_decorator.py
[2024-11-17T09:12:11.297+0000] {processor.py:914} INFO - Processing file /home/airflow/.local/lib/python3.12/site-packages/airflow/example_dags/example_task_group_decorator.py for tasks to queue
[2024-11-17T09:12:11.304+0000] {logging_mixin.py:190} INFO - [2024-11-17T09:12:11.303+0000] {dagbag.py:588} INFO - Filling up the DagBag from /home/airflow/.local/lib/python3.12/site-packages/airflow/example_dags/example_task_group_decorator.py
[2024-11-17T09:12:11.349+0000] {processor.py:925} INFO - DAG(s) 'example_task_group_decorator' retrieved from /home/airflow/.local/lib/python3.12/site-packages/airflow/example_dags/example_task_group_decorator.py
[2024-11-17T09:12:11.469+0000] {logging_mixin.py:190} INFO - [2024-11-17T09:12:11.468+0000] {dag.py:3239} INFO - Sync 1 DAGs
[2024-11-17T09:12:11.534+0000] {logging_mixin.py:190} INFO - [2024-11-17T09:12:11.533+0000] {dag.py:4180} INFO - Setting next_dagrun for example_task_group_decorator to None, run_after=None
[2024-11-17T09:12:11.623+0000] {processor.py:208} INFO - Processing /home/airflow/.local/lib/python3.12/site-packages/airflow/example_dags/example_task_group_decorator.py took 0.348 seconds
[2024-11-17T09:12:44.235+0000] {processor.py:186} INFO - Started process (PID=1942) to work on /home/airflow/.local/lib/python3.12/site-packages/airflow/example_dags/example_task_group_decorator.py
[2024-11-17T09:12:44.238+0000] {processor.py:914} INFO - Processing file /home/airflow/.local/lib/python3.12/site-packages/airflow/example_dags/example_task_group_decorator.py for tasks to queue
[2024-11-17T09:12:44.245+0000] {logging_mixin.py:190} INFO - [2024-11-17T09:12:44.244+0000] {dagbag.py:588} INFO - Filling up the DagBag from /home/airflow/.local/lib/python3.12/site-packages/airflow/example_dags/example_task_group_decorator.py
[2024-11-17T09:12:44.292+0000] {processor.py:925} INFO - DAG(s) 'example_task_group_decorator' retrieved from /home/airflow/.local/lib/python3.12/site-packages/airflow/example_dags/example_task_group_decorator.py
[2024-11-17T09:12:44.387+0000] {logging_mixin.py:190} INFO - [2024-11-17T09:12:44.386+0000] {dag.py:3239} INFO - Sync 1 DAGs
[2024-11-17T09:12:44.437+0000] {logging_mixin.py:190} INFO - [2024-11-17T09:12:44.437+0000] {dag.py:4180} INFO - Setting next_dagrun for example_task_group_decorator to None, run_after=None
[2024-11-17T09:12:44.515+0000] {processor.py:208} INFO - Processing /home/airflow/.local/lib/python3.12/site-packages/airflow/example_dags/example_task_group_decorator.py took 0.297 seconds
[2024-11-17T09:13:15.734+0000] {processor.py:186} INFO - Started process (PID=2008) to work on /home/airflow/.local/lib/python3.12/site-packages/airflow/example_dags/example_task_group_decorator.py
[2024-11-17T09:13:15.738+0000] {processor.py:914} INFO - Processing file /home/airflow/.local/lib/python3.12/site-packages/airflow/example_dags/example_task_group_decorator.py for tasks to queue
[2024-11-17T09:13:15.744+0000] {logging_mixin.py:190} INFO - [2024-11-17T09:13:15.743+0000] {dagbag.py:588} INFO - Filling up the DagBag from /home/airflow/.local/lib/python3.12/site-packages/airflow/example_dags/example_task_group_decorator.py
[2024-11-17T09:13:15.795+0000] {processor.py:925} INFO - DAG(s) 'example_task_group_decorator' retrieved from /home/airflow/.local/lib/python3.12/site-packages/airflow/example_dags/example_task_group_decorator.py
[2024-11-17T09:13:15.867+0000] {logging_mixin.py:190} INFO - [2024-11-17T09:13:15.866+0000] {dag.py:3239} INFO - Sync 1 DAGs
[2024-11-17T09:13:15.914+0000] {logging_mixin.py:190} INFO - [2024-11-17T09:13:15.914+0000] {dag.py:4180} INFO - Setting next_dagrun for example_task_group_decorator to None, run_after=None
[2024-11-17T09:13:15.967+0000] {processor.py:208} INFO - Processing /home/airflow/.local/lib/python3.12/site-packages/airflow/example_dags/example_task_group_decorator.py took 0.249 seconds
[2024-11-17T09:13:46.511+0000] {processor.py:186} INFO - Started process (PID=2074) to work on /home/airflow/.local/lib/python3.12/site-packages/airflow/example_dags/example_task_group_decorator.py
[2024-11-17T09:13:46.514+0000] {processor.py:914} INFO - Processing file /home/airflow/.local/lib/python3.12/site-packages/airflow/example_dags/example_task_group_decorator.py for tasks to queue
[2024-11-17T09:13:46.521+0000] {logging_mixin.py:190} INFO - [2024-11-17T09:13:46.520+0000] {dagbag.py:588} INFO - Filling up the DagBag from /home/airflow/.local/lib/python3.12/site-packages/airflow/example_dags/example_task_group_decorator.py
[2024-11-17T09:13:46.574+0000] {processor.py:925} INFO - DAG(s) 'example_task_group_decorator' retrieved from /home/airflow/.local/lib/python3.12/site-packages/airflow/example_dags/example_task_group_decorator.py
[2024-11-17T09:13:46.820+0000] {logging_mixin.py:190} INFO - [2024-11-17T09:13:46.817+0000] {dag.py:3239} INFO - Sync 1 DAGs
[2024-11-17T09:13:46.930+0000] {logging_mixin.py:190} INFO - [2024-11-17T09:13:46.929+0000] {dag.py:4180} INFO - Setting next_dagrun for example_task_group_decorator to None, run_after=None
[2024-11-17T09:13:47.011+0000] {processor.py:208} INFO - Processing /home/airflow/.local/lib/python3.12/site-packages/airflow/example_dags/example_task_group_decorator.py took 0.518 seconds
[2024-11-17T09:14:17.753+0000] {processor.py:186} INFO - Started process (PID=2139) to work on /home/airflow/.local/lib/python3.12/site-packages/airflow/example_dags/example_task_group_decorator.py
[2024-11-17T09:14:17.755+0000] {processor.py:914} INFO - Processing file /home/airflow/.local/lib/python3.12/site-packages/airflow/example_dags/example_task_group_decorator.py for tasks to queue
[2024-11-17T09:14:17.763+0000] {logging_mixin.py:190} INFO - [2024-11-17T09:14:17.762+0000] {dagbag.py:588} INFO - Filling up the DagBag from /home/airflow/.local/lib/python3.12/site-packages/airflow/example_dags/example_task_group_decorator.py
[2024-11-17T09:14:17.819+0000] {processor.py:925} INFO - DAG(s) 'example_task_group_decorator' retrieved from /home/airflow/.local/lib/python3.12/site-packages/airflow/example_dags/example_task_group_decorator.py
[2024-11-17T09:14:17.902+0000] {logging_mixin.py:190} INFO - [2024-11-17T09:14:17.901+0000] {dag.py:3239} INFO - Sync 1 DAGs
[2024-11-17T09:14:17.974+0000] {logging_mixin.py:190} INFO - [2024-11-17T09:14:17.972+0000] {dag.py:4180} INFO - Setting next_dagrun for example_task_group_decorator to None, run_after=None
[2024-11-17T09:14:18.052+0000] {processor.py:208} INFO - Processing /home/airflow/.local/lib/python3.12/site-packages/airflow/example_dags/example_task_group_decorator.py took 0.316 seconds
[2024-11-17T09:14:48.542+0000] {processor.py:186} INFO - Started process (PID=2205) to work on /home/airflow/.local/lib/python3.12/site-packages/airflow/example_dags/example_task_group_decorator.py
[2024-11-17T09:14:48.545+0000] {processor.py:914} INFO - Processing file /home/airflow/.local/lib/python3.12/site-packages/airflow/example_dags/example_task_group_decorator.py for tasks to queue
[2024-11-17T09:14:48.552+0000] {logging_mixin.py:190} INFO - [2024-11-17T09:14:48.551+0000] {dagbag.py:588} INFO - Filling up the DagBag from /home/airflow/.local/lib/python3.12/site-packages/airflow/example_dags/example_task_group_decorator.py
[2024-11-17T09:14:48.616+0000] {processor.py:925} INFO - DAG(s) 'example_task_group_decorator' retrieved from /home/airflow/.local/lib/python3.12/site-packages/airflow/example_dags/example_task_group_decorator.py
[2024-11-17T09:14:48.697+0000] {logging_mixin.py:190} INFO - [2024-11-17T09:14:48.696+0000] {dag.py:3239} INFO - Sync 1 DAGs
[2024-11-17T09:14:48.752+0000] {logging_mixin.py:190} INFO - [2024-11-17T09:14:48.751+0000] {dag.py:4180} INFO - Setting next_dagrun for example_task_group_decorator to None, run_after=None
[2024-11-17T09:14:48.813+0000] {processor.py:208} INFO - Processing /home/airflow/.local/lib/python3.12/site-packages/airflow/example_dags/example_task_group_decorator.py took 0.292 seconds
[2024-11-17T09:15:19.366+0000] {processor.py:186} INFO - Started process (PID=2271) to work on /home/airflow/.local/lib/python3.12/site-packages/airflow/example_dags/example_task_group_decorator.py
[2024-11-17T09:15:19.372+0000] {processor.py:914} INFO - Processing file /home/airflow/.local/lib/python3.12/site-packages/airflow/example_dags/example_task_group_decorator.py for tasks to queue
[2024-11-17T09:15:19.384+0000] {logging_mixin.py:190} INFO - [2024-11-17T09:15:19.383+0000] {dagbag.py:588} INFO - Filling up the DagBag from /home/airflow/.local/lib/python3.12/site-packages/airflow/example_dags/example_task_group_decorator.py
[2024-11-17T09:15:19.449+0000] {processor.py:925} INFO - DAG(s) 'example_task_group_decorator' retrieved from /home/airflow/.local/lib/python3.12/site-packages/airflow/example_dags/example_task_group_decorator.py
[2024-11-17T09:15:19.553+0000] {logging_mixin.py:190} INFO - [2024-11-17T09:15:19.552+0000] {dag.py:3239} INFO - Sync 1 DAGs
[2024-11-17T09:15:19.609+0000] {logging_mixin.py:190} INFO - [2024-11-17T09:15:19.608+0000] {dag.py:4180} INFO - Setting next_dagrun for example_task_group_decorator to None, run_after=None
[2024-11-17T09:15:19.701+0000] {processor.py:208} INFO - Processing /home/airflow/.local/lib/python3.12/site-packages/airflow/example_dags/example_task_group_decorator.py took 0.356 seconds
[2024-11-17T09:15:50.641+0000] {processor.py:186} INFO - Started process (PID=2337) to work on /home/airflow/.local/lib/python3.12/site-packages/airflow/example_dags/example_task_group_decorator.py
[2024-11-17T09:15:50.644+0000] {processor.py:914} INFO - Processing file /home/airflow/.local/lib/python3.12/site-packages/airflow/example_dags/example_task_group_decorator.py for tasks to queue
[2024-11-17T09:15:50.652+0000] {logging_mixin.py:190} INFO - [2024-11-17T09:15:50.651+0000] {dagbag.py:588} INFO - Filling up the DagBag from /home/airflow/.local/lib/python3.12/site-packages/airflow/example_dags/example_task_group_decorator.py
[2024-11-17T09:15:50.713+0000] {processor.py:925} INFO - DAG(s) 'example_task_group_decorator' retrieved from /home/airflow/.local/lib/python3.12/site-packages/airflow/example_dags/example_task_group_decorator.py
[2024-11-17T09:15:50.789+0000] {logging_mixin.py:190} INFO - [2024-11-17T09:15:50.788+0000] {dag.py:3239} INFO - Sync 1 DAGs
[2024-11-17T09:15:50.829+0000] {logging_mixin.py:190} INFO - [2024-11-17T09:15:50.828+0000] {dag.py:4180} INFO - Setting next_dagrun for example_task_group_decorator to None, run_after=None
[2024-11-17T09:15:50.886+0000] {processor.py:208} INFO - Processing /home/airflow/.local/lib/python3.12/site-packages/airflow/example_dags/example_task_group_decorator.py took 0.262 seconds
[2024-11-17T09:16:21.734+0000] {processor.py:186} INFO - Started process (PID=2402) to work on /home/airflow/.local/lib/python3.12/site-packages/airflow/example_dags/example_task_group_decorator.py
[2024-11-17T09:16:21.737+0000] {processor.py:914} INFO - Processing file /home/airflow/.local/lib/python3.12/site-packages/airflow/example_dags/example_task_group_decorator.py for tasks to queue
[2024-11-17T09:16:21.744+0000] {logging_mixin.py:190} INFO - [2024-11-17T09:16:21.743+0000] {dagbag.py:588} INFO - Filling up the DagBag from /home/airflow/.local/lib/python3.12/site-packages/airflow/example_dags/example_task_group_decorator.py
[2024-11-17T09:16:21.793+0000] {processor.py:925} INFO - DAG(s) 'example_task_group_decorator' retrieved from /home/airflow/.local/lib/python3.12/site-packages/airflow/example_dags/example_task_group_decorator.py
[2024-11-17T09:16:21.874+0000] {logging_mixin.py:190} INFO - [2024-11-17T09:16:21.873+0000] {dag.py:3239} INFO - Sync 1 DAGs
[2024-11-17T09:16:21.920+0000] {logging_mixin.py:190} INFO - [2024-11-17T09:16:21.920+0000] {dag.py:4180} INFO - Setting next_dagrun for example_task_group_decorator to None, run_after=None
[2024-11-17T09:16:21.979+0000] {processor.py:208} INFO - Processing /home/airflow/.local/lib/python3.12/site-packages/airflow/example_dags/example_task_group_decorator.py took 0.265 seconds
[2024-11-17T09:16:53.066+0000] {processor.py:186} INFO - Started process (PID=2468) to work on /home/airflow/.local/lib/python3.12/site-packages/airflow/example_dags/example_task_group_decorator.py
[2024-11-17T09:16:53.069+0000] {processor.py:914} INFO - Processing file /home/airflow/.local/lib/python3.12/site-packages/airflow/example_dags/example_task_group_decorator.py for tasks to queue
[2024-11-17T09:16:53.078+0000] {logging_mixin.py:190} INFO - [2024-11-17T09:16:53.077+0000] {dagbag.py:588} INFO - Filling up the DagBag from /home/airflow/.local/lib/python3.12/site-packages/airflow/example_dags/example_task_group_decorator.py
[2024-11-17T09:16:53.139+0000] {processor.py:925} INFO - DAG(s) 'example_task_group_decorator' retrieved from /home/airflow/.local/lib/python3.12/site-packages/airflow/example_dags/example_task_group_decorator.py
[2024-11-17T09:16:53.222+0000] {logging_mixin.py:190} INFO - [2024-11-17T09:16:53.222+0000] {dag.py:3239} INFO - Sync 1 DAGs
[2024-11-17T09:16:53.275+0000] {logging_mixin.py:190} INFO - [2024-11-17T09:16:53.274+0000] {dag.py:4180} INFO - Setting next_dagrun for example_task_group_decorator to None, run_after=None
[2024-11-17T09:16:53.323+0000] {processor.py:208} INFO - Processing /home/airflow/.local/lib/python3.12/site-packages/airflow/example_dags/example_task_group_decorator.py took 0.282 seconds
[2024-11-17T09:17:23.591+0000] {processor.py:186} INFO - Started process (PID=2533) to work on /home/airflow/.local/lib/python3.12/site-packages/airflow/example_dags/example_task_group_decorator.py
[2024-11-17T09:17:23.594+0000] {processor.py:914} INFO - Processing file /home/airflow/.local/lib/python3.12/site-packages/airflow/example_dags/example_task_group_decorator.py for tasks to queue
[2024-11-17T09:17:23.601+0000] {logging_mixin.py:190} INFO - [2024-11-17T09:17:23.600+0000] {dagbag.py:588} INFO - Filling up the DagBag from /home/airflow/.local/lib/python3.12/site-packages/airflow/example_dags/example_task_group_decorator.py
[2024-11-17T09:17:23.652+0000] {processor.py:925} INFO - DAG(s) 'example_task_group_decorator' retrieved from /home/airflow/.local/lib/python3.12/site-packages/airflow/example_dags/example_task_group_decorator.py
[2024-11-17T09:17:23.728+0000] {logging_mixin.py:190} INFO - [2024-11-17T09:17:23.727+0000] {dag.py:3239} INFO - Sync 1 DAGs
[2024-11-17T09:17:23.768+0000] {logging_mixin.py:190} INFO - [2024-11-17T09:17:23.767+0000] {dag.py:4180} INFO - Setting next_dagrun for example_task_group_decorator to None, run_after=None
[2024-11-17T09:17:23.824+0000] {processor.py:208} INFO - Processing /home/airflow/.local/lib/python3.12/site-packages/airflow/example_dags/example_task_group_decorator.py took 0.249 seconds
[2024-11-17T09:17:54.248+0000] {processor.py:186} INFO - Started process (PID=2600) to work on /home/airflow/.local/lib/python3.12/site-packages/airflow/example_dags/example_task_group_decorator.py
[2024-11-17T09:17:54.251+0000] {processor.py:914} INFO - Processing file /home/airflow/.local/lib/python3.12/site-packages/airflow/example_dags/example_task_group_decorator.py for tasks to queue
[2024-11-17T09:17:54.257+0000] {logging_mixin.py:190} INFO - [2024-11-17T09:17:54.256+0000] {dagbag.py:588} INFO - Filling up the DagBag from /home/airflow/.local/lib/python3.12/site-packages/airflow/example_dags/example_task_group_decorator.py
[2024-11-17T09:17:54.313+0000] {processor.py:925} INFO - DAG(s) 'example_task_group_decorator' retrieved from /home/airflow/.local/lib/python3.12/site-packages/airflow/example_dags/example_task_group_decorator.py
[2024-11-17T09:17:54.455+0000] {logging_mixin.py:190} INFO - [2024-11-17T09:17:54.454+0000] {dag.py:3239} INFO - Sync 1 DAGs
[2024-11-17T09:17:54.523+0000] {logging_mixin.py:190} INFO - [2024-11-17T09:17:54.522+0000] {dag.py:4180} INFO - Setting next_dagrun for example_task_group_decorator to None, run_after=None
[2024-11-17T09:17:54.586+0000] {processor.py:208} INFO - Processing /home/airflow/.local/lib/python3.12/site-packages/airflow/example_dags/example_task_group_decorator.py took 0.355 seconds
[2024-11-17T09:18:27.403+0000] {processor.py:186} INFO - Started process (PID=2666) to work on /home/airflow/.local/lib/python3.12/site-packages/airflow/example_dags/example_task_group_decorator.py
[2024-11-17T09:18:27.416+0000] {processor.py:914} INFO - Processing file /home/airflow/.local/lib/python3.12/site-packages/airflow/example_dags/example_task_group_decorator.py for tasks to queue
[2024-11-17T09:18:27.431+0000] {logging_mixin.py:190} INFO - [2024-11-17T09:18:27.424+0000] {dagbag.py:588} INFO - Filling up the DagBag from /home/airflow/.local/lib/python3.12/site-packages/airflow/example_dags/example_task_group_decorator.py
[2024-11-17T09:18:27.536+0000] {processor.py:925} INFO - DAG(s) 'example_task_group_decorator' retrieved from /home/airflow/.local/lib/python3.12/site-packages/airflow/example_dags/example_task_group_decorator.py
[2024-11-17T09:18:27.737+0000] {logging_mixin.py:190} INFO - [2024-11-17T09:18:27.735+0000] {dag.py:3239} INFO - Sync 1 DAGs
[2024-11-17T09:18:27.827+0000] {logging_mixin.py:190} INFO - [2024-11-17T09:18:27.826+0000] {dag.py:4180} INFO - Setting next_dagrun for example_task_group_decorator to None, run_after=None
[2024-11-17T09:18:27.918+0000] {processor.py:208} INFO - Processing /home/airflow/.local/lib/python3.12/site-packages/airflow/example_dags/example_task_group_decorator.py took 0.553 seconds
[2024-11-17T09:18:58.567+0000] {processor.py:186} INFO - Started process (PID=2732) to work on /home/airflow/.local/lib/python3.12/site-packages/airflow/example_dags/example_task_group_decorator.py
[2024-11-17T09:18:58.569+0000] {processor.py:914} INFO - Processing file /home/airflow/.local/lib/python3.12/site-packages/airflow/example_dags/example_task_group_decorator.py for tasks to queue
[2024-11-17T09:18:58.576+0000] {logging_mixin.py:190} INFO - [2024-11-17T09:18:58.575+0000] {dagbag.py:588} INFO - Filling up the DagBag from /home/airflow/.local/lib/python3.12/site-packages/airflow/example_dags/example_task_group_decorator.py
[2024-11-17T09:18:58.626+0000] {processor.py:925} INFO - DAG(s) 'example_task_group_decorator' retrieved from /home/airflow/.local/lib/python3.12/site-packages/airflow/example_dags/example_task_group_decorator.py
[2024-11-17T09:18:58.709+0000] {logging_mixin.py:190} INFO - [2024-11-17T09:18:58.708+0000] {dag.py:3239} INFO - Sync 1 DAGs
[2024-11-17T09:18:58.763+0000] {logging_mixin.py:190} INFO - [2024-11-17T09:18:58.762+0000] {dag.py:4180} INFO - Setting next_dagrun for example_task_group_decorator to None, run_after=None
[2024-11-17T09:18:58.819+0000] {processor.py:208} INFO - Processing /home/airflow/.local/lib/python3.12/site-packages/airflow/example_dags/example_task_group_decorator.py took 0.269 seconds
[2024-11-17T09:19:30.328+0000] {processor.py:186} INFO - Started process (PID=2798) to work on /home/airflow/.local/lib/python3.12/site-packages/airflow/example_dags/example_task_group_decorator.py
[2024-11-17T09:19:30.331+0000] {processor.py:914} INFO - Processing file /home/airflow/.local/lib/python3.12/site-packages/airflow/example_dags/example_task_group_decorator.py for tasks to queue
[2024-11-17T09:19:30.338+0000] {logging_mixin.py:190} INFO - [2024-11-17T09:19:30.337+0000] {dagbag.py:588} INFO - Filling up the DagBag from /home/airflow/.local/lib/python3.12/site-packages/airflow/example_dags/example_task_group_decorator.py
[2024-11-17T09:19:30.405+0000] {processor.py:925} INFO - DAG(s) 'example_task_group_decorator' retrieved from /home/airflow/.local/lib/python3.12/site-packages/airflow/example_dags/example_task_group_decorator.py
[2024-11-17T09:19:30.489+0000] {logging_mixin.py:190} INFO - [2024-11-17T09:19:30.488+0000] {dag.py:3239} INFO - Sync 1 DAGs
[2024-11-17T09:19:30.540+0000] {logging_mixin.py:190} INFO - [2024-11-17T09:19:30.539+0000] {dag.py:4180} INFO - Setting next_dagrun for example_task_group_decorator to None, run_after=None
[2024-11-17T09:19:30.597+0000] {processor.py:208} INFO - Processing /home/airflow/.local/lib/python3.12/site-packages/airflow/example_dags/example_task_group_decorator.py took 0.287 seconds
[2024-11-17T09:20:01.150+0000] {processor.py:186} INFO - Started process (PID=2864) to work on /home/airflow/.local/lib/python3.12/site-packages/airflow/example_dags/example_task_group_decorator.py
[2024-11-17T09:20:01.152+0000] {processor.py:914} INFO - Processing file /home/airflow/.local/lib/python3.12/site-packages/airflow/example_dags/example_task_group_decorator.py for tasks to queue
[2024-11-17T09:20:01.159+0000] {logging_mixin.py:190} INFO - [2024-11-17T09:20:01.158+0000] {dagbag.py:588} INFO - Filling up the DagBag from /home/airflow/.local/lib/python3.12/site-packages/airflow/example_dags/example_task_group_decorator.py
[2024-11-17T09:20:01.237+0000] {processor.py:925} INFO - DAG(s) 'example_task_group_decorator' retrieved from /home/airflow/.local/lib/python3.12/site-packages/airflow/example_dags/example_task_group_decorator.py
[2024-11-17T09:20:01.313+0000] {logging_mixin.py:190} INFO - [2024-11-17T09:20:01.313+0000] {dag.py:3239} INFO - Sync 1 DAGs
[2024-11-17T09:20:01.354+0000] {logging_mixin.py:190} INFO - [2024-11-17T09:20:01.353+0000] {dag.py:4180} INFO - Setting next_dagrun for example_task_group_decorator to None, run_after=None
[2024-11-17T09:20:01.407+0000] {processor.py:208} INFO - Processing /home/airflow/.local/lib/python3.12/site-packages/airflow/example_dags/example_task_group_decorator.py took 0.273 seconds
[2024-11-17T09:20:31.943+0000] {processor.py:186} INFO - Started process (PID=2929) to work on /home/airflow/.local/lib/python3.12/site-packages/airflow/example_dags/example_task_group_decorator.py
[2024-11-17T09:20:31.946+0000] {processor.py:914} INFO - Processing file /home/airflow/.local/lib/python3.12/site-packages/airflow/example_dags/example_task_group_decorator.py for tasks to queue
[2024-11-17T09:20:31.954+0000] {logging_mixin.py:190} INFO - [2024-11-17T09:20:31.953+0000] {dagbag.py:588} INFO - Filling up the DagBag from /home/airflow/.local/lib/python3.12/site-packages/airflow/example_dags/example_task_group_decorator.py
[2024-11-17T09:20:32.029+0000] {processor.py:925} INFO - DAG(s) 'example_task_group_decorator' retrieved from /home/airflow/.local/lib/python3.12/site-packages/airflow/example_dags/example_task_group_decorator.py
[2024-11-17T09:20:32.112+0000] {logging_mixin.py:190} INFO - [2024-11-17T09:20:32.112+0000] {dag.py:3239} INFO - Sync 1 DAGs
[2024-11-17T09:20:32.176+0000] {logging_mixin.py:190} INFO - [2024-11-17T09:20:32.175+0000] {dag.py:4180} INFO - Setting next_dagrun for example_task_group_decorator to None, run_after=None
[2024-11-17T09:20:32.244+0000] {processor.py:208} INFO - Processing /home/airflow/.local/lib/python3.12/site-packages/airflow/example_dags/example_task_group_decorator.py took 0.322 seconds
[2024-11-17T09:21:02.966+0000] {processor.py:186} INFO - Started process (PID=2995) to work on /home/airflow/.local/lib/python3.12/site-packages/airflow/example_dags/example_task_group_decorator.py
[2024-11-17T09:21:02.970+0000] {processor.py:914} INFO - Processing file /home/airflow/.local/lib/python3.12/site-packages/airflow/example_dags/example_task_group_decorator.py for tasks to queue
[2024-11-17T09:21:02.979+0000] {logging_mixin.py:190} INFO - [2024-11-17T09:21:02.978+0000] {dagbag.py:588} INFO - Filling up the DagBag from /home/airflow/.local/lib/python3.12/site-packages/airflow/example_dags/example_task_group_decorator.py
[2024-11-17T09:21:03.033+0000] {processor.py:925} INFO - DAG(s) 'example_task_group_decorator' retrieved from /home/airflow/.local/lib/python3.12/site-packages/airflow/example_dags/example_task_group_decorator.py
[2024-11-17T09:21:03.126+0000] {logging_mixin.py:190} INFO - [2024-11-17T09:21:03.125+0000] {dag.py:3239} INFO - Sync 1 DAGs
[2024-11-17T09:21:03.567+0000] {logging_mixin.py:190} INFO - [2024-11-17T09:21:03.566+0000] {dag.py:4180} INFO - Setting next_dagrun for example_task_group_decorator to None, run_after=None
[2024-11-17T09:21:03.619+0000] {processor.py:208} INFO - Processing /home/airflow/.local/lib/python3.12/site-packages/airflow/example_dags/example_task_group_decorator.py took 0.669 seconds
[2024-11-17T09:21:34.394+0000] {processor.py:186} INFO - Started process (PID=3062) to work on /home/airflow/.local/lib/python3.12/site-packages/airflow/example_dags/example_task_group_decorator.py
[2024-11-17T09:21:34.397+0000] {processor.py:914} INFO - Processing file /home/airflow/.local/lib/python3.12/site-packages/airflow/example_dags/example_task_group_decorator.py for tasks to queue
[2024-11-17T09:21:34.406+0000] {logging_mixin.py:190} INFO - [2024-11-17T09:21:34.405+0000] {dagbag.py:588} INFO - Filling up the DagBag from /home/airflow/.local/lib/python3.12/site-packages/airflow/example_dags/example_task_group_decorator.py
[2024-11-17T09:21:34.464+0000] {processor.py:925} INFO - DAG(s) 'example_task_group_decorator' retrieved from /home/airflow/.local/lib/python3.12/site-packages/airflow/example_dags/example_task_group_decorator.py
[2024-11-17T09:21:34.539+0000] {logging_mixin.py:190} INFO - [2024-11-17T09:21:34.538+0000] {dag.py:3239} INFO - Sync 1 DAGs
[2024-11-17T09:21:34.581+0000] {logging_mixin.py:190} INFO - [2024-11-17T09:21:34.580+0000] {dag.py:4180} INFO - Setting next_dagrun for example_task_group_decorator to None, run_after=None
[2024-11-17T09:21:35.037+0000] {processor.py:208} INFO - Processing /home/airflow/.local/lib/python3.12/site-packages/airflow/example_dags/example_task_group_decorator.py took 0.660 seconds
[2024-11-17T09:22:05.479+0000] {processor.py:186} INFO - Started process (PID=3128) to work on /home/airflow/.local/lib/python3.12/site-packages/airflow/example_dags/example_task_group_decorator.py
[2024-11-17T09:22:05.483+0000] {processor.py:914} INFO - Processing file /home/airflow/.local/lib/python3.12/site-packages/airflow/example_dags/example_task_group_decorator.py for tasks to queue
[2024-11-17T09:22:05.489+0000] {logging_mixin.py:190} INFO - [2024-11-17T09:22:05.488+0000] {dagbag.py:588} INFO - Filling up the DagBag from /home/airflow/.local/lib/python3.12/site-packages/airflow/example_dags/example_task_group_decorator.py
[2024-11-17T09:22:05.535+0000] {processor.py:925} INFO - DAG(s) 'example_task_group_decorator' retrieved from /home/airflow/.local/lib/python3.12/site-packages/airflow/example_dags/example_task_group_decorator.py
[2024-11-17T09:22:05.607+0000] {logging_mixin.py:190} INFO - [2024-11-17T09:22:05.607+0000] {dag.py:3239} INFO - Sync 1 DAGs
[2024-11-17T09:22:05.663+0000] {logging_mixin.py:190} INFO - [2024-11-17T09:22:05.663+0000] {dag.py:4180} INFO - Setting next_dagrun for example_task_group_decorator to None, run_after=None
[2024-11-17T09:22:05.793+0000] {processor.py:208} INFO - Processing /home/airflow/.local/lib/python3.12/site-packages/airflow/example_dags/example_task_group_decorator.py took 0.335 seconds
[2024-11-17T09:22:35.964+0000] {processor.py:186} INFO - Started process (PID=3193) to work on /home/airflow/.local/lib/python3.12/site-packages/airflow/example_dags/example_task_group_decorator.py
[2024-11-17T09:22:35.967+0000] {processor.py:914} INFO - Processing file /home/airflow/.local/lib/python3.12/site-packages/airflow/example_dags/example_task_group_decorator.py for tasks to queue
[2024-11-17T09:22:35.974+0000] {logging_mixin.py:190} INFO - [2024-11-17T09:22:35.973+0000] {dagbag.py:588} INFO - Filling up the DagBag from /home/airflow/.local/lib/python3.12/site-packages/airflow/example_dags/example_task_group_decorator.py
[2024-11-17T09:22:36.019+0000] {processor.py:925} INFO - DAG(s) 'example_task_group_decorator' retrieved from /home/airflow/.local/lib/python3.12/site-packages/airflow/example_dags/example_task_group_decorator.py
[2024-11-17T09:22:36.091+0000] {logging_mixin.py:190} INFO - [2024-11-17T09:22:36.090+0000] {dag.py:3239} INFO - Sync 1 DAGs
[2024-11-17T09:22:36.130+0000] {logging_mixin.py:190} INFO - [2024-11-17T09:22:36.130+0000] {dag.py:4180} INFO - Setting next_dagrun for example_task_group_decorator to None, run_after=None
[2024-11-17T09:22:36.186+0000] {processor.py:208} INFO - Processing /home/airflow/.local/lib/python3.12/site-packages/airflow/example_dags/example_task_group_decorator.py took 0.239 seconds
[2024-11-17T09:23:06.558+0000] {processor.py:186} INFO - Started process (PID=3259) to work on /home/airflow/.local/lib/python3.12/site-packages/airflow/example_dags/example_task_group_decorator.py
[2024-11-17T09:23:06.561+0000] {processor.py:914} INFO - Processing file /home/airflow/.local/lib/python3.12/site-packages/airflow/example_dags/example_task_group_decorator.py for tasks to queue
[2024-11-17T09:23:06.570+0000] {logging_mixin.py:190} INFO - [2024-11-17T09:23:06.569+0000] {dagbag.py:588} INFO - Filling up the DagBag from /home/airflow/.local/lib/python3.12/site-packages/airflow/example_dags/example_task_group_decorator.py
[2024-11-17T09:23:07.128+0000] {processor.py:925} INFO - DAG(s) 'example_task_group_decorator' retrieved from /home/airflow/.local/lib/python3.12/site-packages/airflow/example_dags/example_task_group_decorator.py
[2024-11-17T09:23:07.205+0000] {logging_mixin.py:190} INFO - [2024-11-17T09:23:07.205+0000] {dag.py:3239} INFO - Sync 1 DAGs
[2024-11-17T09:23:07.240+0000] {logging_mixin.py:190} INFO - [2024-11-17T09:23:07.240+0000] {dag.py:4180} INFO - Setting next_dagrun for example_task_group_decorator to None, run_after=None
[2024-11-17T09:23:07.294+0000] {processor.py:208} INFO - Processing /home/airflow/.local/lib/python3.12/site-packages/airflow/example_dags/example_task_group_decorator.py took 0.780 seconds
[2024-11-17T09:23:38.156+0000] {processor.py:186} INFO - Started process (PID=3324) to work on /home/airflow/.local/lib/python3.12/site-packages/airflow/example_dags/example_task_group_decorator.py
[2024-11-17T09:23:38.159+0000] {processor.py:914} INFO - Processing file /home/airflow/.local/lib/python3.12/site-packages/airflow/example_dags/example_task_group_decorator.py for tasks to queue
[2024-11-17T09:23:38.168+0000] {logging_mixin.py:190} INFO - [2024-11-17T09:23:38.167+0000] {dagbag.py:588} INFO - Filling up the DagBag from /home/airflow/.local/lib/python3.12/site-packages/airflow/example_dags/example_task_group_decorator.py
[2024-11-17T09:23:38.215+0000] {processor.py:925} INFO - DAG(s) 'example_task_group_decorator' retrieved from /home/airflow/.local/lib/python3.12/site-packages/airflow/example_dags/example_task_group_decorator.py
[2024-11-17T09:23:38.283+0000] {logging_mixin.py:190} INFO - [2024-11-17T09:23:38.282+0000] {dag.py:3239} INFO - Sync 1 DAGs
[2024-11-17T09:23:38.324+0000] {logging_mixin.py:190} INFO - [2024-11-17T09:23:38.323+0000] {dag.py:4180} INFO - Setting next_dagrun for example_task_group_decorator to None, run_after=None
[2024-11-17T09:23:38.379+0000] {processor.py:208} INFO - Processing /home/airflow/.local/lib/python3.12/site-packages/airflow/example_dags/example_task_group_decorator.py took 0.242 seconds
[2024-11-17T09:24:08.620+0000] {processor.py:186} INFO - Started process (PID=3390) to work on /home/airflow/.local/lib/python3.12/site-packages/airflow/example_dags/example_task_group_decorator.py
[2024-11-17T09:24:08.623+0000] {processor.py:914} INFO - Processing file /home/airflow/.local/lib/python3.12/site-packages/airflow/example_dags/example_task_group_decorator.py for tasks to queue
[2024-11-17T09:24:08.635+0000] {logging_mixin.py:190} INFO - [2024-11-17T09:24:08.634+0000] {dagbag.py:588} INFO - Filling up the DagBag from /home/airflow/.local/lib/python3.12/site-packages/airflow/example_dags/example_task_group_decorator.py
[2024-11-17T09:24:08.693+0000] {processor.py:925} INFO - DAG(s) 'example_task_group_decorator' retrieved from /home/airflow/.local/lib/python3.12/site-packages/airflow/example_dags/example_task_group_decorator.py
[2024-11-17T09:24:08.789+0000] {logging_mixin.py:190} INFO - [2024-11-17T09:24:08.788+0000] {dag.py:3239} INFO - Sync 1 DAGs
[2024-11-17T09:24:08.849+0000] {logging_mixin.py:190} INFO - [2024-11-17T09:24:08.849+0000] {dag.py:4180} INFO - Setting next_dagrun for example_task_group_decorator to None, run_after=None
[2024-11-17T09:24:08.918+0000] {processor.py:208} INFO - Processing /home/airflow/.local/lib/python3.12/site-packages/airflow/example_dags/example_task_group_decorator.py took 0.325 seconds
[2024-11-17T09:24:40.142+0000] {processor.py:186} INFO - Started process (PID=3456) to work on /home/airflow/.local/lib/python3.12/site-packages/airflow/example_dags/example_task_group_decorator.py
[2024-11-17T09:24:40.146+0000] {processor.py:914} INFO - Processing file /home/airflow/.local/lib/python3.12/site-packages/airflow/example_dags/example_task_group_decorator.py for tasks to queue
[2024-11-17T09:24:40.156+0000] {logging_mixin.py:190} INFO - [2024-11-17T09:24:40.155+0000] {dagbag.py:588} INFO - Filling up the DagBag from /home/airflow/.local/lib/python3.12/site-packages/airflow/example_dags/example_task_group_decorator.py
[2024-11-17T09:24:40.209+0000] {processor.py:925} INFO - DAG(s) 'example_task_group_decorator' retrieved from /home/airflow/.local/lib/python3.12/site-packages/airflow/example_dags/example_task_group_decorator.py
[2024-11-17T09:24:40.290+0000] {logging_mixin.py:190} INFO - [2024-11-17T09:24:40.289+0000] {dag.py:3239} INFO - Sync 1 DAGs
[2024-11-17T09:24:40.336+0000] {logging_mixin.py:190} INFO - [2024-11-17T09:24:40.335+0000] {dag.py:4180} INFO - Setting next_dagrun for example_task_group_decorator to None, run_after=None
[2024-11-17T09:24:40.394+0000] {processor.py:208} INFO - Processing /home/airflow/.local/lib/python3.12/site-packages/airflow/example_dags/example_task_group_decorator.py took 0.277 seconds
[2024-11-17T09:25:10.547+0000] {processor.py:186} INFO - Started process (PID=3521) to work on /home/airflow/.local/lib/python3.12/site-packages/airflow/example_dags/example_task_group_decorator.py
[2024-11-17T09:25:10.550+0000] {processor.py:914} INFO - Processing file /home/airflow/.local/lib/python3.12/site-packages/airflow/example_dags/example_task_group_decorator.py for tasks to queue
[2024-11-17T09:25:10.559+0000] {logging_mixin.py:190} INFO - [2024-11-17T09:25:10.559+0000] {dagbag.py:588} INFO - Filling up the DagBag from /home/airflow/.local/lib/python3.12/site-packages/airflow/example_dags/example_task_group_decorator.py
[2024-11-17T09:25:10.658+0000] {processor.py:925} INFO - DAG(s) 'example_task_group_decorator' retrieved from /home/airflow/.local/lib/python3.12/site-packages/airflow/example_dags/example_task_group_decorator.py
[2024-11-17T09:25:10.798+0000] {logging_mixin.py:190} INFO - [2024-11-17T09:25:10.797+0000] {dag.py:3239} INFO - Sync 1 DAGs
[2024-11-17T09:25:10.854+0000] {logging_mixin.py:190} INFO - [2024-11-17T09:25:10.854+0000] {dag.py:4180} INFO - Setting next_dagrun for example_task_group_decorator to None, run_after=None
[2024-11-17T09:25:10.916+0000] {processor.py:208} INFO - Processing /home/airflow/.local/lib/python3.12/site-packages/airflow/example_dags/example_task_group_decorator.py took 0.387 seconds
[2024-11-17T09:25:41.290+0000] {processor.py:186} INFO - Started process (PID=3588) to work on /home/airflow/.local/lib/python3.12/site-packages/airflow/example_dags/example_task_group_decorator.py
[2024-11-17T09:25:41.293+0000] {processor.py:914} INFO - Processing file /home/airflow/.local/lib/python3.12/site-packages/airflow/example_dags/example_task_group_decorator.py for tasks to queue
[2024-11-17T09:25:41.301+0000] {logging_mixin.py:190} INFO - [2024-11-17T09:25:41.300+0000] {dagbag.py:588} INFO - Filling up the DagBag from /home/airflow/.local/lib/python3.12/site-packages/airflow/example_dags/example_task_group_decorator.py
[2024-11-17T09:25:41.361+0000] {processor.py:925} INFO - DAG(s) 'example_task_group_decorator' retrieved from /home/airflow/.local/lib/python3.12/site-packages/airflow/example_dags/example_task_group_decorator.py
[2024-11-17T09:25:41.437+0000] {logging_mixin.py:190} INFO - [2024-11-17T09:25:41.437+0000] {dag.py:3239} INFO - Sync 1 DAGs
[2024-11-17T09:25:41.489+0000] {logging_mixin.py:190} INFO - [2024-11-17T09:25:41.488+0000] {dag.py:4180} INFO - Setting next_dagrun for example_task_group_decorator to None, run_after=None
[2024-11-17T09:25:41.545+0000] {processor.py:208} INFO - Processing /home/airflow/.local/lib/python3.12/site-packages/airflow/example_dags/example_task_group_decorator.py took 0.272 seconds
[2024-11-17T09:26:12.174+0000] {processor.py:186} INFO - Started process (PID=3654) to work on /home/airflow/.local/lib/python3.12/site-packages/airflow/example_dags/example_task_group_decorator.py
[2024-11-17T09:26:12.177+0000] {processor.py:914} INFO - Processing file /home/airflow/.local/lib/python3.12/site-packages/airflow/example_dags/example_task_group_decorator.py for tasks to queue
[2024-11-17T09:26:12.185+0000] {logging_mixin.py:190} INFO - [2024-11-17T09:26:12.184+0000] {dagbag.py:588} INFO - Filling up the DagBag from /home/airflow/.local/lib/python3.12/site-packages/airflow/example_dags/example_task_group_decorator.py
[2024-11-17T09:26:12.231+0000] {processor.py:925} INFO - DAG(s) 'example_task_group_decorator' retrieved from /home/airflow/.local/lib/python3.12/site-packages/airflow/example_dags/example_task_group_decorator.py
[2024-11-17T09:26:12.301+0000] {logging_mixin.py:190} INFO - [2024-11-17T09:26:12.300+0000] {dag.py:3239} INFO - Sync 1 DAGs
[2024-11-17T09:26:12.341+0000] {logging_mixin.py:190} INFO - [2024-11-17T09:26:12.340+0000] {dag.py:4180} INFO - Setting next_dagrun for example_task_group_decorator to None, run_after=None
[2024-11-17T09:26:12.396+0000] {processor.py:208} INFO - Processing /home/airflow/.local/lib/python3.12/site-packages/airflow/example_dags/example_task_group_decorator.py took 0.239 seconds
[2024-11-17T09:26:43.429+0000] {processor.py:186} INFO - Started process (PID=3720) to work on /home/airflow/.local/lib/python3.12/site-packages/airflow/example_dags/example_task_group_decorator.py
[2024-11-17T09:26:43.433+0000] {processor.py:914} INFO - Processing file /home/airflow/.local/lib/python3.12/site-packages/airflow/example_dags/example_task_group_decorator.py for tasks to queue
[2024-11-17T09:26:43.441+0000] {logging_mixin.py:190} INFO - [2024-11-17T09:26:43.439+0000] {dagbag.py:588} INFO - Filling up the DagBag from /home/airflow/.local/lib/python3.12/site-packages/airflow/example_dags/example_task_group_decorator.py
[2024-11-17T09:26:43.492+0000] {processor.py:925} INFO - DAG(s) 'example_task_group_decorator' retrieved from /home/airflow/.local/lib/python3.12/site-packages/airflow/example_dags/example_task_group_decorator.py
[2024-11-17T09:26:43.567+0000] {logging_mixin.py:190} INFO - [2024-11-17T09:26:43.566+0000] {dag.py:3239} INFO - Sync 1 DAGs
[2024-11-17T09:26:43.618+0000] {logging_mixin.py:190} INFO - [2024-11-17T09:26:43.618+0000] {dag.py:4180} INFO - Setting next_dagrun for example_task_group_decorator to None, run_after=None
[2024-11-17T09:26:43.678+0000] {processor.py:208} INFO - Processing /home/airflow/.local/lib/python3.12/site-packages/airflow/example_dags/example_task_group_decorator.py took 0.267 seconds
[2024-11-17T09:27:14.452+0000] {processor.py:186} INFO - Started process (PID=3792) to work on /home/airflow/.local/lib/python3.12/site-packages/airflow/example_dags/example_task_group_decorator.py
[2024-11-17T09:27:14.455+0000] {processor.py:914} INFO - Processing file /home/airflow/.local/lib/python3.12/site-packages/airflow/example_dags/example_task_group_decorator.py for tasks to queue
[2024-11-17T09:27:14.474+0000] {logging_mixin.py:190} INFO - [2024-11-17T09:27:14.471+0000] {dagbag.py:588} INFO - Filling up the DagBag from /home/airflow/.local/lib/python3.12/site-packages/airflow/example_dags/example_task_group_decorator.py
[2024-11-17T09:27:14.604+0000] {processor.py:925} INFO - DAG(s) 'example_task_group_decorator' retrieved from /home/airflow/.local/lib/python3.12/site-packages/airflow/example_dags/example_task_group_decorator.py
[2024-11-17T09:27:14.771+0000] {logging_mixin.py:190} INFO - [2024-11-17T09:27:14.770+0000] {dag.py:3239} INFO - Sync 1 DAGs
[2024-11-17T09:27:14.862+0000] {logging_mixin.py:190} INFO - [2024-11-17T09:27:14.861+0000] {dag.py:4180} INFO - Setting next_dagrun for example_task_group_decorator to None, run_after=None
[2024-11-17T09:27:14.934+0000] {processor.py:208} INFO - Processing /home/airflow/.local/lib/python3.12/site-packages/airflow/example_dags/example_task_group_decorator.py took 0.507 seconds
[2024-11-17T09:27:45.329+0000] {processor.py:186} INFO - Started process (PID=3857) to work on /home/airflow/.local/lib/python3.12/site-packages/airflow/example_dags/example_task_group_decorator.py
[2024-11-17T09:27:45.332+0000] {processor.py:914} INFO - Processing file /home/airflow/.local/lib/python3.12/site-packages/airflow/example_dags/example_task_group_decorator.py for tasks to queue
[2024-11-17T09:27:45.342+0000] {logging_mixin.py:190} INFO - [2024-11-17T09:27:45.340+0000] {dagbag.py:588} INFO - Filling up the DagBag from /home/airflow/.local/lib/python3.12/site-packages/airflow/example_dags/example_task_group_decorator.py
[2024-11-17T09:27:45.391+0000] {processor.py:925} INFO - DAG(s) 'example_task_group_decorator' retrieved from /home/airflow/.local/lib/python3.12/site-packages/airflow/example_dags/example_task_group_decorator.py
[2024-11-17T09:27:45.464+0000] {logging_mixin.py:190} INFO - [2024-11-17T09:27:45.464+0000] {dag.py:3239} INFO - Sync 1 DAGs
[2024-11-17T09:27:45.508+0000] {logging_mixin.py:190} INFO - [2024-11-17T09:27:45.508+0000] {dag.py:4180} INFO - Setting next_dagrun for example_task_group_decorator to None, run_after=None
[2024-11-17T09:27:45.569+0000] {processor.py:208} INFO - Processing /home/airflow/.local/lib/python3.12/site-packages/airflow/example_dags/example_task_group_decorator.py took 0.257 seconds
