[2024-11-17T08:57:41.364+0000] {processor.py:186} INFO - Started process (PID=70) to work on /home/airflow/.local/lib/python3.12/site-packages/airflow/example_dags/example_branch_operator.py
[2024-11-17T08:57:41.369+0000] {processor.py:914} INFO - Processing file /home/airflow/.local/lib/python3.12/site-packages/airflow/example_dags/example_branch_operator.py for tasks to queue
[2024-11-17T08:57:41.381+0000] {logging_mixin.py:190} INFO - [2024-11-17T08:57:41.380+0000] {dagbag.py:588} INFO - Filling up the DagBag from /home/airflow/.local/lib/python3.12/site-packages/airflow/example_dags/example_branch_operator.py
[2024-11-17T08:57:41.506+0000] {processor.py:925} INFO - DAG(s) 'example_branch_operator' retrieved from /home/airflow/.local/lib/python3.12/site-packages/airflow/example_dags/example_branch_operator.py
[2024-11-17T08:57:42.157+0000] {logging_mixin.py:190} INFO - [2024-11-17T08:57:42.155+0000] {override.py:1911} INFO - Created Permission View: can delete on DAG:example_branch_operator
[2024-11-17T08:57:42.195+0000] {logging_mixin.py:190} INFO - [2024-11-17T08:57:42.194+0000] {override.py:1911} INFO - Created Permission View: can edit on DAG:example_branch_operator
[2024-11-17T08:57:42.217+0000] {logging_mixin.py:190} INFO - [2024-11-17T08:57:42.216+0000] {override.py:1911} INFO - Created Permission View: can read on DAG:example_branch_operator
[2024-11-17T08:57:42.247+0000] {logging_mixin.py:190} INFO - [2024-11-17T08:57:42.246+0000] {override.py:1911} INFO - Created Permission View: can delete on DAG Run:example_branch_operator
[2024-11-17T08:57:42.276+0000] {logging_mixin.py:190} INFO - [2024-11-17T08:57:42.275+0000] {override.py:1911} INFO - Created Permission View: menu access on DAG Run:example_branch_operator
[2024-11-17T08:57:42.300+0000] {logging_mixin.py:190} INFO - [2024-11-17T08:57:42.299+0000] {override.py:1911} INFO - Created Permission View: can create on DAG Run:example_branch_operator
[2024-11-17T08:57:42.322+0000] {logging_mixin.py:190} INFO - [2024-11-17T08:57:42.321+0000] {override.py:1911} INFO - Created Permission View: can read on DAG Run:example_branch_operator
[2024-11-17T08:57:42.324+0000] {logging_mixin.py:190} INFO - [2024-11-17T08:57:42.324+0000] {dag.py:3239} INFO - Sync 1 DAGs
[2024-11-17T08:57:42.391+0000] {logging_mixin.py:190} INFO - [2024-11-17T08:57:42.390+0000] {dag.py:3262} INFO - Creating ORM DAG for example_branch_operator
[2024-11-17T08:57:42.443+0000] {logging_mixin.py:190} INFO - [2024-11-17T08:57:42.442+0000] {dag.py:4180} INFO - Setting next_dagrun for example_branch_operator to 2024-11-16 00:00:00+00:00, run_after=2024-11-17 00:00:00+00:00
[2024-11-17T08:57:42.534+0000] {processor.py:208} INFO - Processing /home/airflow/.local/lib/python3.12/site-packages/airflow/example_dags/example_branch_operator.py took 1.191 seconds
[2024-11-17T08:58:17.265+0000] {processor.py:186} INFO - Started process (PID=137) to work on /home/airflow/.local/lib/python3.12/site-packages/airflow/example_dags/example_branch_operator.py
[2024-11-17T08:58:17.268+0000] {processor.py:914} INFO - Processing file /home/airflow/.local/lib/python3.12/site-packages/airflow/example_dags/example_branch_operator.py for tasks to queue
[2024-11-17T08:58:17.276+0000] {logging_mixin.py:190} INFO - [2024-11-17T08:58:17.275+0000] {dagbag.py:588} INFO - Filling up the DagBag from /home/airflow/.local/lib/python3.12/site-packages/airflow/example_dags/example_branch_operator.py
[2024-11-17T08:58:17.347+0000] {processor.py:925} INFO - DAG(s) 'example_branch_operator' retrieved from /home/airflow/.local/lib/python3.12/site-packages/airflow/example_dags/example_branch_operator.py
[2024-11-17T08:58:17.427+0000] {logging_mixin.py:190} INFO - [2024-11-17T08:58:17.427+0000] {dag.py:3239} INFO - Sync 1 DAGs
[2024-11-17T08:58:17.499+0000] {logging_mixin.py:190} INFO - [2024-11-17T08:58:17.498+0000] {dag.py:4180} INFO - Setting next_dagrun for example_branch_operator to 2024-11-16 00:00:00+00:00, run_after=2024-11-17 00:00:00+00:00
[2024-11-17T08:58:17.555+0000] {processor.py:208} INFO - Processing /home/airflow/.local/lib/python3.12/site-packages/airflow/example_dags/example_branch_operator.py took 0.310 seconds
[2024-11-17T08:58:51.336+0000] {processor.py:186} INFO - Started process (PID=195) to work on /home/airflow/.local/lib/python3.12/site-packages/airflow/example_dags/example_branch_operator.py
[2024-11-17T08:58:51.339+0000] {processor.py:914} INFO - Processing file /home/airflow/.local/lib/python3.12/site-packages/airflow/example_dags/example_branch_operator.py for tasks to queue
[2024-11-17T08:58:51.346+0000] {logging_mixin.py:190} INFO - [2024-11-17T08:58:51.345+0000] {dagbag.py:588} INFO - Filling up the DagBag from /home/airflow/.local/lib/python3.12/site-packages/airflow/example_dags/example_branch_operator.py
[2024-11-17T08:58:51.397+0000] {processor.py:925} INFO - DAG(s) 'example_branch_operator' retrieved from /home/airflow/.local/lib/python3.12/site-packages/airflow/example_dags/example_branch_operator.py
[2024-11-17T08:58:51.491+0000] {logging_mixin.py:190} INFO - [2024-11-17T08:58:51.491+0000] {dag.py:3239} INFO - Sync 1 DAGs
[2024-11-17T08:58:51.573+0000] {logging_mixin.py:190} INFO - [2024-11-17T08:58:51.572+0000] {dag.py:4180} INFO - Setting next_dagrun for example_branch_operator to 2024-11-16 00:00:00+00:00, run_after=2024-11-17 00:00:00+00:00
[2024-11-17T08:58:51.635+0000] {processor.py:208} INFO - Processing /home/airflow/.local/lib/python3.12/site-packages/airflow/example_dags/example_branch_operator.py took 0.316 seconds
[2024-11-17T08:59:27.727+0000] {processor.py:186} INFO - Started process (PID=258) to work on /home/airflow/.local/lib/python3.12/site-packages/airflow/example_dags/example_branch_operator.py
[2024-11-17T08:59:27.729+0000] {processor.py:914} INFO - Processing file /home/airflow/.local/lib/python3.12/site-packages/airflow/example_dags/example_branch_operator.py for tasks to queue
[2024-11-17T08:59:27.736+0000] {logging_mixin.py:190} INFO - [2024-11-17T08:59:27.735+0000] {dagbag.py:588} INFO - Filling up the DagBag from /home/airflow/.local/lib/python3.12/site-packages/airflow/example_dags/example_branch_operator.py
[2024-11-17T08:59:27.800+0000] {processor.py:925} INFO - DAG(s) 'example_branch_operator' retrieved from /home/airflow/.local/lib/python3.12/site-packages/airflow/example_dags/example_branch_operator.py
[2024-11-17T08:59:27.885+0000] {logging_mixin.py:190} INFO - [2024-11-17T08:59:27.884+0000] {dag.py:3239} INFO - Sync 1 DAGs
[2024-11-17T08:59:27.959+0000] {logging_mixin.py:190} INFO - [2024-11-17T08:59:27.958+0000] {dag.py:4180} INFO - Setting next_dagrun for example_branch_operator to 2024-11-16 00:00:00+00:00, run_after=2024-11-17 00:00:00+00:00
[2024-11-17T08:59:28.015+0000] {processor.py:208} INFO - Processing /home/airflow/.local/lib/python3.12/site-packages/airflow/example_dags/example_branch_operator.py took 0.305 seconds
[2024-11-17T08:59:58.874+0000] {processor.py:186} INFO - Started process (PID=324) to work on /home/airflow/.local/lib/python3.12/site-packages/airflow/example_dags/example_branch_operator.py
[2024-11-17T08:59:58.877+0000] {processor.py:914} INFO - Processing file /home/airflow/.local/lib/python3.12/site-packages/airflow/example_dags/example_branch_operator.py for tasks to queue
[2024-11-17T08:59:58.888+0000] {logging_mixin.py:190} INFO - [2024-11-17T08:59:58.887+0000] {dagbag.py:588} INFO - Filling up the DagBag from /home/airflow/.local/lib/python3.12/site-packages/airflow/example_dags/example_branch_operator.py
[2024-11-17T08:59:58.969+0000] {processor.py:925} INFO - DAG(s) 'example_branch_operator' retrieved from /home/airflow/.local/lib/python3.12/site-packages/airflow/example_dags/example_branch_operator.py
[2024-11-17T08:59:59.087+0000] {logging_mixin.py:190} INFO - [2024-11-17T08:59:59.086+0000] {dag.py:3239} INFO - Sync 1 DAGs
[2024-11-17T08:59:59.172+0000] {logging_mixin.py:190} INFO - [2024-11-17T08:59:59.171+0000] {dag.py:4180} INFO - Setting next_dagrun for example_branch_operator to 2024-11-16 00:00:00+00:00, run_after=2024-11-17 00:00:00+00:00
[2024-11-17T08:59:59.227+0000] {processor.py:208} INFO - Processing /home/airflow/.local/lib/python3.12/site-packages/airflow/example_dags/example_branch_operator.py took 0.374 seconds
[2024-11-17T09:00:29.534+0000] {processor.py:186} INFO - Started process (PID=390) to work on /home/airflow/.local/lib/python3.12/site-packages/airflow/example_dags/example_branch_operator.py
[2024-11-17T09:00:29.538+0000] {processor.py:914} INFO - Processing file /home/airflow/.local/lib/python3.12/site-packages/airflow/example_dags/example_branch_operator.py for tasks to queue
[2024-11-17T09:00:29.546+0000] {logging_mixin.py:190} INFO - [2024-11-17T09:00:29.545+0000] {dagbag.py:588} INFO - Filling up the DagBag from /home/airflow/.local/lib/python3.12/site-packages/airflow/example_dags/example_branch_operator.py
[2024-11-17T09:00:29.600+0000] {processor.py:925} INFO - DAG(s) 'example_branch_operator' retrieved from /home/airflow/.local/lib/python3.12/site-packages/airflow/example_dags/example_branch_operator.py
[2024-11-17T09:00:29.696+0000] {logging_mixin.py:190} INFO - [2024-11-17T09:00:29.695+0000] {dag.py:3239} INFO - Sync 1 DAGs
[2024-11-17T09:00:29.775+0000] {logging_mixin.py:190} INFO - [2024-11-17T09:00:29.774+0000] {dag.py:4180} INFO - Setting next_dagrun for example_branch_operator to 2024-11-16 00:00:00+00:00, run_after=2024-11-17 00:00:00+00:00
[2024-11-17T09:00:29.839+0000] {processor.py:208} INFO - Processing /home/airflow/.local/lib/python3.12/site-packages/airflow/example_dags/example_branch_operator.py took 0.334 seconds
[2024-11-17T09:01:01.087+0000] {processor.py:186} INFO - Started process (PID=447) to work on /home/airflow/.local/lib/python3.12/site-packages/airflow/example_dags/example_branch_operator.py
[2024-11-17T09:01:01.091+0000] {processor.py:914} INFO - Processing file /home/airflow/.local/lib/python3.12/site-packages/airflow/example_dags/example_branch_operator.py for tasks to queue
[2024-11-17T09:01:01.099+0000] {logging_mixin.py:190} INFO - [2024-11-17T09:01:01.098+0000] {dagbag.py:588} INFO - Filling up the DagBag from /home/airflow/.local/lib/python3.12/site-packages/airflow/example_dags/example_branch_operator.py
[2024-11-17T09:01:01.154+0000] {processor.py:925} INFO - DAG(s) 'example_branch_operator' retrieved from /home/airflow/.local/lib/python3.12/site-packages/airflow/example_dags/example_branch_operator.py
[2024-11-17T09:01:01.266+0000] {logging_mixin.py:190} INFO - [2024-11-17T09:01:01.265+0000] {dag.py:3239} INFO - Sync 1 DAGs
[2024-11-17T09:01:01.337+0000] {logging_mixin.py:190} INFO - [2024-11-17T09:01:01.336+0000] {dag.py:4180} INFO - Setting next_dagrun for example_branch_operator to 2024-11-16 00:00:00+00:00, run_after=2024-11-17 00:00:00+00:00
[2024-11-17T09:01:01.406+0000] {processor.py:208} INFO - Processing /home/airflow/.local/lib/python3.12/site-packages/airflow/example_dags/example_branch_operator.py took 0.339 seconds
[2024-11-17T09:01:32.775+0000] {processor.py:186} INFO - Started process (PID=509) to work on /home/airflow/.local/lib/python3.12/site-packages/airflow/example_dags/example_branch_operator.py
[2024-11-17T09:01:32.779+0000] {processor.py:914} INFO - Processing file /home/airflow/.local/lib/python3.12/site-packages/airflow/example_dags/example_branch_operator.py for tasks to queue
[2024-11-17T09:01:32.786+0000] {logging_mixin.py:190} INFO - [2024-11-17T09:01:32.785+0000] {dagbag.py:588} INFO - Filling up the DagBag from /home/airflow/.local/lib/python3.12/site-packages/airflow/example_dags/example_branch_operator.py
[2024-11-17T09:01:32.859+0000] {processor.py:925} INFO - DAG(s) 'example_branch_operator' retrieved from /home/airflow/.local/lib/python3.12/site-packages/airflow/example_dags/example_branch_operator.py
[2024-11-17T09:01:32.962+0000] {logging_mixin.py:190} INFO - [2024-11-17T09:01:32.961+0000] {dag.py:3239} INFO - Sync 1 DAGs
[2024-11-17T09:01:33.043+0000] {logging_mixin.py:190} INFO - [2024-11-17T09:01:33.042+0000] {dag.py:4180} INFO - Setting next_dagrun for example_branch_operator to 2024-11-16 00:00:00+00:00, run_after=2024-11-17 00:00:00+00:00
[2024-11-17T09:01:33.094+0000] {processor.py:208} INFO - Processing /home/airflow/.local/lib/python3.12/site-packages/airflow/example_dags/example_branch_operator.py took 0.340 seconds
[2024-11-17T09:02:05.403+0000] {processor.py:186} INFO - Started process (PID=575) to work on /home/airflow/.local/lib/python3.12/site-packages/airflow/example_dags/example_branch_operator.py
[2024-11-17T09:02:05.405+0000] {processor.py:914} INFO - Processing file /home/airflow/.local/lib/python3.12/site-packages/airflow/example_dags/example_branch_operator.py for tasks to queue
[2024-11-17T09:02:05.412+0000] {logging_mixin.py:190} INFO - [2024-11-17T09:02:05.411+0000] {dagbag.py:588} INFO - Filling up the DagBag from /home/airflow/.local/lib/python3.12/site-packages/airflow/example_dags/example_branch_operator.py
[2024-11-17T09:02:05.468+0000] {processor.py:925} INFO - DAG(s) 'example_branch_operator' retrieved from /home/airflow/.local/lib/python3.12/site-packages/airflow/example_dags/example_branch_operator.py
[2024-11-17T09:02:05.562+0000] {logging_mixin.py:190} INFO - [2024-11-17T09:02:05.562+0000] {dag.py:3239} INFO - Sync 1 DAGs
[2024-11-17T09:02:05.637+0000] {logging_mixin.py:190} INFO - [2024-11-17T09:02:05.637+0000] {dag.py:4180} INFO - Setting next_dagrun for example_branch_operator to 2024-11-16 00:00:00+00:00, run_after=2024-11-17 00:00:00+00:00
[2024-11-17T09:02:05.687+0000] {processor.py:208} INFO - Processing /home/airflow/.local/lib/python3.12/site-packages/airflow/example_dags/example_branch_operator.py took 0.303 seconds
[2024-11-17T09:02:38.591+0000] {processor.py:186} INFO - Started process (PID=647) to work on /home/airflow/.local/lib/python3.12/site-packages/airflow/example_dags/example_branch_operator.py
[2024-11-17T09:02:38.593+0000] {processor.py:914} INFO - Processing file /home/airflow/.local/lib/python3.12/site-packages/airflow/example_dags/example_branch_operator.py for tasks to queue
[2024-11-17T09:02:38.600+0000] {logging_mixin.py:190} INFO - [2024-11-17T09:02:38.599+0000] {dagbag.py:588} INFO - Filling up the DagBag from /home/airflow/.local/lib/python3.12/site-packages/airflow/example_dags/example_branch_operator.py
[2024-11-17T09:02:38.654+0000] {processor.py:925} INFO - DAG(s) 'example_branch_operator' retrieved from /home/airflow/.local/lib/python3.12/site-packages/airflow/example_dags/example_branch_operator.py
[2024-11-17T09:02:38.775+0000] {logging_mixin.py:190} INFO - [2024-11-17T09:02:38.774+0000] {dag.py:3239} INFO - Sync 1 DAGs
[2024-11-17T09:02:38.879+0000] {logging_mixin.py:190} INFO - [2024-11-17T09:02:38.879+0000] {dag.py:4180} INFO - Setting next_dagrun for example_branch_operator to 2024-11-16 00:00:00+00:00, run_after=2024-11-17 00:00:00+00:00
[2024-11-17T09:02:38.934+0000] {processor.py:208} INFO - Processing /home/airflow/.local/lib/python3.12/site-packages/airflow/example_dags/example_branch_operator.py took 0.360 seconds
[2024-11-17T09:03:11.140+0000] {processor.py:186} INFO - Started process (PID=713) to work on /home/airflow/.local/lib/python3.12/site-packages/airflow/example_dags/example_branch_operator.py
[2024-11-17T09:03:11.143+0000] {processor.py:914} INFO - Processing file /home/airflow/.local/lib/python3.12/site-packages/airflow/example_dags/example_branch_operator.py for tasks to queue
[2024-11-17T09:03:11.152+0000] {logging_mixin.py:190} INFO - [2024-11-17T09:03:11.151+0000] {dagbag.py:588} INFO - Filling up the DagBag from /home/airflow/.local/lib/python3.12/site-packages/airflow/example_dags/example_branch_operator.py
[2024-11-17T09:03:11.211+0000] {processor.py:925} INFO - DAG(s) 'example_branch_operator' retrieved from /home/airflow/.local/lib/python3.12/site-packages/airflow/example_dags/example_branch_operator.py
[2024-11-17T09:03:11.322+0000] {logging_mixin.py:190} INFO - [2024-11-17T09:03:11.321+0000] {dag.py:3239} INFO - Sync 1 DAGs
[2024-11-17T09:03:11.410+0000] {logging_mixin.py:190} INFO - [2024-11-17T09:03:11.410+0000] {dag.py:4180} INFO - Setting next_dagrun for example_branch_operator to 2024-11-16 00:00:00+00:00, run_after=2024-11-17 00:00:00+00:00
[2024-11-17T09:03:11.474+0000] {processor.py:208} INFO - Processing /home/airflow/.local/lib/python3.12/site-packages/airflow/example_dags/example_branch_operator.py took 0.358 seconds
[2024-11-17T09:03:42.886+0000] {processor.py:186} INFO - Started process (PID=779) to work on /home/airflow/.local/lib/python3.12/site-packages/airflow/example_dags/example_branch_operator.py
[2024-11-17T09:03:42.889+0000] {processor.py:914} INFO - Processing file /home/airflow/.local/lib/python3.12/site-packages/airflow/example_dags/example_branch_operator.py for tasks to queue
[2024-11-17T09:03:42.896+0000] {logging_mixin.py:190} INFO - [2024-11-17T09:03:42.895+0000] {dagbag.py:588} INFO - Filling up the DagBag from /home/airflow/.local/lib/python3.12/site-packages/airflow/example_dags/example_branch_operator.py
[2024-11-17T09:03:42.949+0000] {processor.py:925} INFO - DAG(s) 'example_branch_operator' retrieved from /home/airflow/.local/lib/python3.12/site-packages/airflow/example_dags/example_branch_operator.py
[2024-11-17T09:03:43.031+0000] {logging_mixin.py:190} INFO - [2024-11-17T09:03:43.031+0000] {dag.py:3239} INFO - Sync 1 DAGs
[2024-11-17T09:03:43.097+0000] {logging_mixin.py:190} INFO - [2024-11-17T09:03:43.097+0000] {dag.py:4180} INFO - Setting next_dagrun for example_branch_operator to 2024-11-16 00:00:00+00:00, run_after=2024-11-17 00:00:00+00:00
[2024-11-17T09:03:43.154+0000] {processor.py:208} INFO - Processing /home/airflow/.local/lib/python3.12/site-packages/airflow/example_dags/example_branch_operator.py took 0.293 seconds
[2024-11-17T09:04:14.115+0000] {processor.py:186} INFO - Started process (PID=843) to work on /home/airflow/.local/lib/python3.12/site-packages/airflow/example_dags/example_branch_operator.py
[2024-11-17T09:04:14.118+0000] {processor.py:914} INFO - Processing file /home/airflow/.local/lib/python3.12/site-packages/airflow/example_dags/example_branch_operator.py for tasks to queue
[2024-11-17T09:04:14.125+0000] {logging_mixin.py:190} INFO - [2024-11-17T09:04:14.124+0000] {dagbag.py:588} INFO - Filling up the DagBag from /home/airflow/.local/lib/python3.12/site-packages/airflow/example_dags/example_branch_operator.py
[2024-11-17T09:04:14.194+0000] {processor.py:925} INFO - DAG(s) 'example_branch_operator' retrieved from /home/airflow/.local/lib/python3.12/site-packages/airflow/example_dags/example_branch_operator.py
[2024-11-17T09:04:14.284+0000] {logging_mixin.py:190} INFO - [2024-11-17T09:04:14.283+0000] {dag.py:3239} INFO - Sync 1 DAGs
[2024-11-17T09:04:14.356+0000] {logging_mixin.py:190} INFO - [2024-11-17T09:04:14.355+0000] {dag.py:4180} INFO - Setting next_dagrun for example_branch_operator to 2024-11-16 00:00:00+00:00, run_after=2024-11-17 00:00:00+00:00
[2024-11-17T09:04:14.418+0000] {processor.py:208} INFO - Processing /home/airflow/.local/lib/python3.12/site-packages/airflow/example_dags/example_branch_operator.py took 0.320 seconds
[2024-11-17T09:04:44.863+0000] {processor.py:186} INFO - Started process (PID=908) to work on /home/airflow/.local/lib/python3.12/site-packages/airflow/example_dags/example_branch_operator.py
[2024-11-17T09:04:44.867+0000] {processor.py:914} INFO - Processing file /home/airflow/.local/lib/python3.12/site-packages/airflow/example_dags/example_branch_operator.py for tasks to queue
[2024-11-17T09:04:44.876+0000] {logging_mixin.py:190} INFO - [2024-11-17T09:04:44.875+0000] {dagbag.py:588} INFO - Filling up the DagBag from /home/airflow/.local/lib/python3.12/site-packages/airflow/example_dags/example_branch_operator.py
[2024-11-17T09:04:44.932+0000] {processor.py:925} INFO - DAG(s) 'example_branch_operator' retrieved from /home/airflow/.local/lib/python3.12/site-packages/airflow/example_dags/example_branch_operator.py
[2024-11-17T09:04:45.015+0000] {logging_mixin.py:190} INFO - [2024-11-17T09:04:45.014+0000] {dag.py:3239} INFO - Sync 1 DAGs
[2024-11-17T09:04:45.078+0000] {logging_mixin.py:190} INFO - [2024-11-17T09:04:45.078+0000] {dag.py:4180} INFO - Setting next_dagrun for example_branch_operator to 2024-11-16 00:00:00+00:00, run_after=2024-11-17 00:00:00+00:00
[2024-11-17T09:04:45.129+0000] {processor.py:208} INFO - Processing /home/airflow/.local/lib/python3.12/site-packages/airflow/example_dags/example_branch_operator.py took 0.286 seconds
[2024-11-17T09:05:15.705+0000] {processor.py:186} INFO - Started process (PID=974) to work on /home/airflow/.local/lib/python3.12/site-packages/airflow/example_dags/example_branch_operator.py
[2024-11-17T09:05:15.709+0000] {processor.py:914} INFO - Processing file /home/airflow/.local/lib/python3.12/site-packages/airflow/example_dags/example_branch_operator.py for tasks to queue
[2024-11-17T09:05:15.718+0000] {logging_mixin.py:190} INFO - [2024-11-17T09:05:15.717+0000] {dagbag.py:588} INFO - Filling up the DagBag from /home/airflow/.local/lib/python3.12/site-packages/airflow/example_dags/example_branch_operator.py
[2024-11-17T09:05:15.800+0000] {processor.py:925} INFO - DAG(s) 'example_branch_operator' retrieved from /home/airflow/.local/lib/python3.12/site-packages/airflow/example_dags/example_branch_operator.py
[2024-11-17T09:05:15.909+0000] {logging_mixin.py:190} INFO - [2024-11-17T09:05:15.908+0000] {dag.py:3239} INFO - Sync 1 DAGs
[2024-11-17T09:05:16.007+0000] {logging_mixin.py:190} INFO - [2024-11-17T09:05:16.006+0000] {dag.py:4180} INFO - Setting next_dagrun for example_branch_operator to 2024-11-16 00:00:00+00:00, run_after=2024-11-17 00:00:00+00:00
[2024-11-17T09:05:16.100+0000] {processor.py:208} INFO - Processing /home/airflow/.local/lib/python3.12/site-packages/airflow/example_dags/example_branch_operator.py took 0.418 seconds
[2024-11-17T09:05:46.351+0000] {processor.py:186} INFO - Started process (PID=1040) to work on /home/airflow/.local/lib/python3.12/site-packages/airflow/example_dags/example_branch_operator.py
[2024-11-17T09:05:46.354+0000] {processor.py:914} INFO - Processing file /home/airflow/.local/lib/python3.12/site-packages/airflow/example_dags/example_branch_operator.py for tasks to queue
[2024-11-17T09:05:46.362+0000] {logging_mixin.py:190} INFO - [2024-11-17T09:05:46.361+0000] {dagbag.py:588} INFO - Filling up the DagBag from /home/airflow/.local/lib/python3.12/site-packages/airflow/example_dags/example_branch_operator.py
[2024-11-17T09:05:46.416+0000] {processor.py:925} INFO - DAG(s) 'example_branch_operator' retrieved from /home/airflow/.local/lib/python3.12/site-packages/airflow/example_dags/example_branch_operator.py
[2024-11-17T09:05:46.516+0000] {logging_mixin.py:190} INFO - [2024-11-17T09:05:46.515+0000] {dag.py:3239} INFO - Sync 1 DAGs
[2024-11-17T09:05:46.601+0000] {logging_mixin.py:190} INFO - [2024-11-17T09:05:46.600+0000] {dag.py:4180} INFO - Setting next_dagrun for example_branch_operator to 2024-11-16 00:00:00+00:00, run_after=2024-11-17 00:00:00+00:00
[2024-11-17T09:05:46.669+0000] {processor.py:208} INFO - Processing /home/airflow/.local/lib/python3.12/site-packages/airflow/example_dags/example_branch_operator.py took 0.336 seconds
[2024-11-17T09:06:16.986+0000] {processor.py:186} INFO - Started process (PID=1106) to work on /home/airflow/.local/lib/python3.12/site-packages/airflow/example_dags/example_branch_operator.py
[2024-11-17T09:06:16.989+0000] {processor.py:914} INFO - Processing file /home/airflow/.local/lib/python3.12/site-packages/airflow/example_dags/example_branch_operator.py for tasks to queue
[2024-11-17T09:06:16.996+0000] {logging_mixin.py:190} INFO - [2024-11-17T09:06:16.995+0000] {dagbag.py:588} INFO - Filling up the DagBag from /home/airflow/.local/lib/python3.12/site-packages/airflow/example_dags/example_branch_operator.py
[2024-11-17T09:06:17.055+0000] {processor.py:925} INFO - DAG(s) 'example_branch_operator' retrieved from /home/airflow/.local/lib/python3.12/site-packages/airflow/example_dags/example_branch_operator.py
[2024-11-17T09:06:17.137+0000] {logging_mixin.py:190} INFO - [2024-11-17T09:06:17.136+0000] {dag.py:3239} INFO - Sync 1 DAGs
[2024-11-17T09:06:17.204+0000] {logging_mixin.py:190} INFO - [2024-11-17T09:06:17.204+0000] {dag.py:4180} INFO - Setting next_dagrun for example_branch_operator to 2024-11-16 00:00:00+00:00, run_after=2024-11-17 00:00:00+00:00
[2024-11-17T09:06:17.259+0000] {processor.py:208} INFO - Processing /home/airflow/.local/lib/python3.12/site-packages/airflow/example_dags/example_branch_operator.py took 0.289 seconds
[2024-11-17T09:06:47.462+0000] {processor.py:186} INFO - Started process (PID=1172) to work on /home/airflow/.local/lib/python3.12/site-packages/airflow/example_dags/example_branch_operator.py
[2024-11-17T09:06:47.466+0000] {processor.py:914} INFO - Processing file /home/airflow/.local/lib/python3.12/site-packages/airflow/example_dags/example_branch_operator.py for tasks to queue
[2024-11-17T09:06:47.474+0000] {logging_mixin.py:190} INFO - [2024-11-17T09:06:47.473+0000] {dagbag.py:588} INFO - Filling up the DagBag from /home/airflow/.local/lib/python3.12/site-packages/airflow/example_dags/example_branch_operator.py
[2024-11-17T09:06:47.525+0000] {processor.py:925} INFO - DAG(s) 'example_branch_operator' retrieved from /home/airflow/.local/lib/python3.12/site-packages/airflow/example_dags/example_branch_operator.py
[2024-11-17T09:06:47.622+0000] {logging_mixin.py:190} INFO - [2024-11-17T09:06:47.621+0000] {dag.py:3239} INFO - Sync 1 DAGs
[2024-11-17T09:06:47.699+0000] {logging_mixin.py:190} INFO - [2024-11-17T09:06:47.698+0000] {dag.py:4180} INFO - Setting next_dagrun for example_branch_operator to 2024-11-16 00:00:00+00:00, run_after=2024-11-17 00:00:00+00:00
[2024-11-17T09:06:47.764+0000] {processor.py:208} INFO - Processing /home/airflow/.local/lib/python3.12/site-packages/airflow/example_dags/example_branch_operator.py took 0.318 seconds
[2024-11-17T09:07:18.198+0000] {processor.py:186} INFO - Started process (PID=1239) to work on /home/airflow/.local/lib/python3.12/site-packages/airflow/example_dags/example_branch_operator.py
[2024-11-17T09:07:18.201+0000] {processor.py:914} INFO - Processing file /home/airflow/.local/lib/python3.12/site-packages/airflow/example_dags/example_branch_operator.py for tasks to queue
[2024-11-17T09:07:18.209+0000] {logging_mixin.py:190} INFO - [2024-11-17T09:07:18.208+0000] {dagbag.py:588} INFO - Filling up the DagBag from /home/airflow/.local/lib/python3.12/site-packages/airflow/example_dags/example_branch_operator.py
[2024-11-17T09:07:18.261+0000] {processor.py:925} INFO - DAG(s) 'example_branch_operator' retrieved from /home/airflow/.local/lib/python3.12/site-packages/airflow/example_dags/example_branch_operator.py
[2024-11-17T09:07:18.352+0000] {logging_mixin.py:190} INFO - [2024-11-17T09:07:18.352+0000] {dag.py:3239} INFO - Sync 1 DAGs
[2024-11-17T09:07:18.425+0000] {logging_mixin.py:190} INFO - [2024-11-17T09:07:18.424+0000] {dag.py:4180} INFO - Setting next_dagrun for example_branch_operator to 2024-11-16 00:00:00+00:00, run_after=2024-11-17 00:00:00+00:00
[2024-11-17T09:07:18.479+0000] {processor.py:208} INFO - Processing /home/airflow/.local/lib/python3.12/site-packages/airflow/example_dags/example_branch_operator.py took 0.302 seconds
[2024-11-17T09:07:48.644+0000] {processor.py:186} INFO - Started process (PID=1305) to work on /home/airflow/.local/lib/python3.12/site-packages/airflow/example_dags/example_branch_operator.py
[2024-11-17T09:07:48.646+0000] {processor.py:914} INFO - Processing file /home/airflow/.local/lib/python3.12/site-packages/airflow/example_dags/example_branch_operator.py for tasks to queue
[2024-11-17T09:07:48.652+0000] {logging_mixin.py:190} INFO - [2024-11-17T09:07:48.652+0000] {dagbag.py:588} INFO - Filling up the DagBag from /home/airflow/.local/lib/python3.12/site-packages/airflow/example_dags/example_branch_operator.py
[2024-11-17T09:07:48.719+0000] {processor.py:925} INFO - DAG(s) 'example_branch_operator' retrieved from /home/airflow/.local/lib/python3.12/site-packages/airflow/example_dags/example_branch_operator.py
[2024-11-17T09:07:48.844+0000] {logging_mixin.py:190} INFO - [2024-11-17T09:07:48.843+0000] {dag.py:3239} INFO - Sync 1 DAGs
[2024-11-17T09:07:49.043+0000] {logging_mixin.py:190} INFO - [2024-11-17T09:07:49.042+0000] {dag.py:4180} INFO - Setting next_dagrun for example_branch_operator to 2024-11-16 00:00:00+00:00, run_after=2024-11-17 00:00:00+00:00
[2024-11-17T09:07:49.146+0000] {processor.py:208} INFO - Processing /home/airflow/.local/lib/python3.12/site-packages/airflow/example_dags/example_branch_operator.py took 0.522 seconds
[2024-11-17T09:08:19.747+0000] {processor.py:186} INFO - Started process (PID=1371) to work on /home/airflow/.local/lib/python3.12/site-packages/airflow/example_dags/example_branch_operator.py
[2024-11-17T09:08:19.749+0000] {processor.py:914} INFO - Processing file /home/airflow/.local/lib/python3.12/site-packages/airflow/example_dags/example_branch_operator.py for tasks to queue
[2024-11-17T09:08:19.756+0000] {logging_mixin.py:190} INFO - [2024-11-17T09:08:19.755+0000] {dagbag.py:588} INFO - Filling up the DagBag from /home/airflow/.local/lib/python3.12/site-packages/airflow/example_dags/example_branch_operator.py
[2024-11-17T09:08:19.823+0000] {processor.py:925} INFO - DAG(s) 'example_branch_operator' retrieved from /home/airflow/.local/lib/python3.12/site-packages/airflow/example_dags/example_branch_operator.py
[2024-11-17T09:08:19.918+0000] {logging_mixin.py:190} INFO - [2024-11-17T09:08:19.917+0000] {dag.py:3239} INFO - Sync 1 DAGs
[2024-11-17T09:08:19.998+0000] {logging_mixin.py:190} INFO - [2024-11-17T09:08:19.998+0000] {dag.py:4180} INFO - Setting next_dagrun for example_branch_operator to 2024-11-16 00:00:00+00:00, run_after=2024-11-17 00:00:00+00:00
[2024-11-17T09:08:20.067+0000] {processor.py:208} INFO - Processing /home/airflow/.local/lib/python3.12/site-packages/airflow/example_dags/example_branch_operator.py took 0.338 seconds
[2024-11-17T09:08:50.417+0000] {processor.py:186} INFO - Started process (PID=1436) to work on /home/airflow/.local/lib/python3.12/site-packages/airflow/example_dags/example_branch_operator.py
[2024-11-17T09:08:50.420+0000] {processor.py:914} INFO - Processing file /home/airflow/.local/lib/python3.12/site-packages/airflow/example_dags/example_branch_operator.py for tasks to queue
[2024-11-17T09:08:50.428+0000] {logging_mixin.py:190} INFO - [2024-11-17T09:08:50.427+0000] {dagbag.py:588} INFO - Filling up the DagBag from /home/airflow/.local/lib/python3.12/site-packages/airflow/example_dags/example_branch_operator.py
[2024-11-17T09:08:50.479+0000] {processor.py:925} INFO - DAG(s) 'example_branch_operator' retrieved from /home/airflow/.local/lib/python3.12/site-packages/airflow/example_dags/example_branch_operator.py
[2024-11-17T09:08:50.558+0000] {logging_mixin.py:190} INFO - [2024-11-17T09:08:50.557+0000] {dag.py:3239} INFO - Sync 1 DAGs
[2024-11-17T09:08:50.624+0000] {logging_mixin.py:190} INFO - [2024-11-17T09:08:50.624+0000] {dag.py:4180} INFO - Setting next_dagrun for example_branch_operator to 2024-11-16 00:00:00+00:00, run_after=2024-11-17 00:00:00+00:00
[2024-11-17T09:08:50.673+0000] {processor.py:208} INFO - Processing /home/airflow/.local/lib/python3.12/site-packages/airflow/example_dags/example_branch_operator.py took 0.273 seconds
[2024-11-17T09:09:20.831+0000] {processor.py:186} INFO - Started process (PID=1501) to work on /home/airflow/.local/lib/python3.12/site-packages/airflow/example_dags/example_branch_operator.py
[2024-11-17T09:09:20.834+0000] {processor.py:914} INFO - Processing file /home/airflow/.local/lib/python3.12/site-packages/airflow/example_dags/example_branch_operator.py for tasks to queue
[2024-11-17T09:09:20.841+0000] {logging_mixin.py:190} INFO - [2024-11-17T09:09:20.840+0000] {dagbag.py:588} INFO - Filling up the DagBag from /home/airflow/.local/lib/python3.12/site-packages/airflow/example_dags/example_branch_operator.py
[2024-11-17T09:09:20.905+0000] {processor.py:925} INFO - DAG(s) 'example_branch_operator' retrieved from /home/airflow/.local/lib/python3.12/site-packages/airflow/example_dags/example_branch_operator.py
[2024-11-17T09:09:21.015+0000] {logging_mixin.py:190} INFO - [2024-11-17T09:09:21.014+0000] {dag.py:3239} INFO - Sync 1 DAGs
[2024-11-17T09:09:21.079+0000] {logging_mixin.py:190} INFO - [2024-11-17T09:09:21.079+0000] {dag.py:4180} INFO - Setting next_dagrun for example_branch_operator to 2024-11-16 00:00:00+00:00, run_after=2024-11-17 00:00:00+00:00
[2024-11-17T09:09:21.136+0000] {processor.py:208} INFO - Processing /home/airflow/.local/lib/python3.12/site-packages/airflow/example_dags/example_branch_operator.py took 0.322 seconds
[2024-11-17T09:09:52.196+0000] {processor.py:186} INFO - Started process (PID=1567) to work on /home/airflow/.local/lib/python3.12/site-packages/airflow/example_dags/example_branch_operator.py
[2024-11-17T09:09:52.199+0000] {processor.py:914} INFO - Processing file /home/airflow/.local/lib/python3.12/site-packages/airflow/example_dags/example_branch_operator.py for tasks to queue
[2024-11-17T09:09:52.207+0000] {logging_mixin.py:190} INFO - [2024-11-17T09:09:52.206+0000] {dagbag.py:588} INFO - Filling up the DagBag from /home/airflow/.local/lib/python3.12/site-packages/airflow/example_dags/example_branch_operator.py
[2024-11-17T09:09:52.283+0000] {processor.py:925} INFO - DAG(s) 'example_branch_operator' retrieved from /home/airflow/.local/lib/python3.12/site-packages/airflow/example_dags/example_branch_operator.py
[2024-11-17T09:09:52.396+0000] {logging_mixin.py:190} INFO - [2024-11-17T09:09:52.396+0000] {dag.py:3239} INFO - Sync 1 DAGs
[2024-11-17T09:09:52.480+0000] {logging_mixin.py:190} INFO - [2024-11-17T09:09:52.480+0000] {dag.py:4180} INFO - Setting next_dagrun for example_branch_operator to 2024-11-16 00:00:00+00:00, run_after=2024-11-17 00:00:00+00:00
[2024-11-17T09:09:52.546+0000] {processor.py:208} INFO - Processing /home/airflow/.local/lib/python3.12/site-packages/airflow/example_dags/example_branch_operator.py took 0.374 seconds
[2024-11-17T09:10:22.887+0000] {processor.py:186} INFO - Started process (PID=1633) to work on /home/airflow/.local/lib/python3.12/site-packages/airflow/example_dags/example_branch_operator.py
[2024-11-17T09:10:22.890+0000] {processor.py:914} INFO - Processing file /home/airflow/.local/lib/python3.12/site-packages/airflow/example_dags/example_branch_operator.py for tasks to queue
[2024-11-17T09:10:22.897+0000] {logging_mixin.py:190} INFO - [2024-11-17T09:10:22.896+0000] {dagbag.py:588} INFO - Filling up the DagBag from /home/airflow/.local/lib/python3.12/site-packages/airflow/example_dags/example_branch_operator.py
[2024-11-17T09:10:22.960+0000] {processor.py:925} INFO - DAG(s) 'example_branch_operator' retrieved from /home/airflow/.local/lib/python3.12/site-packages/airflow/example_dags/example_branch_operator.py
[2024-11-17T09:10:23.052+0000] {logging_mixin.py:190} INFO - [2024-11-17T09:10:23.052+0000] {dag.py:3239} INFO - Sync 1 DAGs
[2024-11-17T09:10:23.149+0000] {logging_mixin.py:190} INFO - [2024-11-17T09:10:23.148+0000] {dag.py:4180} INFO - Setting next_dagrun for example_branch_operator to 2024-11-16 00:00:00+00:00, run_after=2024-11-17 00:00:00+00:00
[2024-11-17T09:10:23.211+0000] {processor.py:208} INFO - Processing /home/airflow/.local/lib/python3.12/site-packages/airflow/example_dags/example_branch_operator.py took 0.342 seconds
[2024-11-17T09:10:53.799+0000] {processor.py:186} INFO - Started process (PID=1699) to work on /home/airflow/.local/lib/python3.12/site-packages/airflow/example_dags/example_branch_operator.py
[2024-11-17T09:10:53.803+0000] {processor.py:914} INFO - Processing file /home/airflow/.local/lib/python3.12/site-packages/airflow/example_dags/example_branch_operator.py for tasks to queue
[2024-11-17T09:10:53.812+0000] {logging_mixin.py:190} INFO - [2024-11-17T09:10:53.810+0000] {dagbag.py:588} INFO - Filling up the DagBag from /home/airflow/.local/lib/python3.12/site-packages/airflow/example_dags/example_branch_operator.py
[2024-11-17T09:10:53.882+0000] {processor.py:925} INFO - DAG(s) 'example_branch_operator' retrieved from /home/airflow/.local/lib/python3.12/site-packages/airflow/example_dags/example_branch_operator.py
[2024-11-17T09:10:54.010+0000] {logging_mixin.py:190} INFO - [2024-11-17T09:10:54.010+0000] {dag.py:3239} INFO - Sync 1 DAGs
[2024-11-17T09:10:54.114+0000] {logging_mixin.py:190} INFO - [2024-11-17T09:10:54.113+0000] {dag.py:4180} INFO - Setting next_dagrun for example_branch_operator to 2024-11-16 00:00:00+00:00, run_after=2024-11-17 00:00:00+00:00
[2024-11-17T09:10:54.178+0000] {processor.py:208} INFO - Processing /home/airflow/.local/lib/python3.12/site-packages/airflow/example_dags/example_branch_operator.py took 0.403 seconds
[2024-11-17T09:11:24.472+0000] {processor.py:186} INFO - Started process (PID=1764) to work on /home/airflow/.local/lib/python3.12/site-packages/airflow/example_dags/example_branch_operator.py
[2024-11-17T09:11:24.475+0000] {processor.py:914} INFO - Processing file /home/airflow/.local/lib/python3.12/site-packages/airflow/example_dags/example_branch_operator.py for tasks to queue
[2024-11-17T09:11:24.482+0000] {logging_mixin.py:190} INFO - [2024-11-17T09:11:24.481+0000] {dagbag.py:588} INFO - Filling up the DagBag from /home/airflow/.local/lib/python3.12/site-packages/airflow/example_dags/example_branch_operator.py
[2024-11-17T09:11:24.539+0000] {processor.py:925} INFO - DAG(s) 'example_branch_operator' retrieved from /home/airflow/.local/lib/python3.12/site-packages/airflow/example_dags/example_branch_operator.py
[2024-11-17T09:11:24.639+0000] {logging_mixin.py:190} INFO - [2024-11-17T09:11:24.638+0000] {dag.py:3239} INFO - Sync 1 DAGs
[2024-11-17T09:11:24.705+0000] {logging_mixin.py:190} INFO - [2024-11-17T09:11:24.704+0000] {dag.py:4180} INFO - Setting next_dagrun for example_branch_operator to 2024-11-16 00:00:00+00:00, run_after=2024-11-17 00:00:00+00:00
[2024-11-17T09:11:24.797+0000] {processor.py:208} INFO - Processing /home/airflow/.local/lib/python3.12/site-packages/airflow/example_dags/example_branch_operator.py took 0.345 seconds
[2024-11-17T09:11:55.839+0000] {processor.py:186} INFO - Started process (PID=1830) to work on /home/airflow/.local/lib/python3.12/site-packages/airflow/example_dags/example_branch_operator.py
[2024-11-17T09:11:55.842+0000] {processor.py:914} INFO - Processing file /home/airflow/.local/lib/python3.12/site-packages/airflow/example_dags/example_branch_operator.py for tasks to queue
[2024-11-17T09:11:55.851+0000] {logging_mixin.py:190} INFO - [2024-11-17T09:11:55.849+0000] {dagbag.py:588} INFO - Filling up the DagBag from /home/airflow/.local/lib/python3.12/site-packages/airflow/example_dags/example_branch_operator.py
[2024-11-17T09:11:55.924+0000] {processor.py:925} INFO - DAG(s) 'example_branch_operator' retrieved from /home/airflow/.local/lib/python3.12/site-packages/airflow/example_dags/example_branch_operator.py
[2024-11-17T09:11:56.031+0000] {logging_mixin.py:190} INFO - [2024-11-17T09:11:56.031+0000] {dag.py:3239} INFO - Sync 1 DAGs
[2024-11-17T09:11:56.112+0000] {logging_mixin.py:190} INFO - [2024-11-17T09:11:56.111+0000] {dag.py:4180} INFO - Setting next_dagrun for example_branch_operator to 2024-11-16 00:00:00+00:00, run_after=2024-11-17 00:00:00+00:00
[2024-11-17T09:11:56.165+0000] {processor.py:208} INFO - Processing /home/airflow/.local/lib/python3.12/site-packages/airflow/example_dags/example_branch_operator.py took 0.344 seconds
[2024-11-17T09:12:26.436+0000] {processor.py:186} INFO - Started process (PID=1895) to work on /home/airflow/.local/lib/python3.12/site-packages/airflow/example_dags/example_branch_operator.py
[2024-11-17T09:12:26.439+0000] {processor.py:914} INFO - Processing file /home/airflow/.local/lib/python3.12/site-packages/airflow/example_dags/example_branch_operator.py for tasks to queue
[2024-11-17T09:12:26.447+0000] {logging_mixin.py:190} INFO - [2024-11-17T09:12:26.445+0000] {dagbag.py:588} INFO - Filling up the DagBag from /home/airflow/.local/lib/python3.12/site-packages/airflow/example_dags/example_branch_operator.py
[2024-11-17T09:12:26.511+0000] {processor.py:925} INFO - DAG(s) 'example_branch_operator' retrieved from /home/airflow/.local/lib/python3.12/site-packages/airflow/example_dags/example_branch_operator.py
[2024-11-17T09:12:26.604+0000] {logging_mixin.py:190} INFO - [2024-11-17T09:12:26.604+0000] {dag.py:3239} INFO - Sync 1 DAGs
[2024-11-17T09:12:26.676+0000] {logging_mixin.py:190} INFO - [2024-11-17T09:12:26.676+0000] {dag.py:4180} INFO - Setting next_dagrun for example_branch_operator to 2024-11-16 00:00:00+00:00, run_after=2024-11-17 00:00:00+00:00
[2024-11-17T09:12:26.742+0000] {processor.py:208} INFO - Processing /home/airflow/.local/lib/python3.12/site-packages/airflow/example_dags/example_branch_operator.py took 0.329 seconds
[2024-11-17T09:12:57.464+0000] {processor.py:186} INFO - Started process (PID=1961) to work on /home/airflow/.local/lib/python3.12/site-packages/airflow/example_dags/example_branch_operator.py
[2024-11-17T09:12:57.466+0000] {processor.py:914} INFO - Processing file /home/airflow/.local/lib/python3.12/site-packages/airflow/example_dags/example_branch_operator.py for tasks to queue
[2024-11-17T09:12:57.474+0000] {logging_mixin.py:190} INFO - [2024-11-17T09:12:57.473+0000] {dagbag.py:588} INFO - Filling up the DagBag from /home/airflow/.local/lib/python3.12/site-packages/airflow/example_dags/example_branch_operator.py
[2024-11-17T09:12:57.530+0000] {processor.py:925} INFO - DAG(s) 'example_branch_operator' retrieved from /home/airflow/.local/lib/python3.12/site-packages/airflow/example_dags/example_branch_operator.py
[2024-11-17T09:12:57.609+0000] {logging_mixin.py:190} INFO - [2024-11-17T09:12:57.608+0000] {dag.py:3239} INFO - Sync 1 DAGs
[2024-11-17T09:12:57.672+0000] {logging_mixin.py:190} INFO - [2024-11-17T09:12:57.671+0000] {dag.py:4180} INFO - Setting next_dagrun for example_branch_operator to 2024-11-16 00:00:00+00:00, run_after=2024-11-17 00:00:00+00:00
[2024-11-17T09:12:57.726+0000] {processor.py:208} INFO - Processing /home/airflow/.local/lib/python3.12/site-packages/airflow/example_dags/example_branch_operator.py took 0.280 seconds
[2024-11-17T09:13:28.657+0000] {processor.py:186} INFO - Started process (PID=2027) to work on /home/airflow/.local/lib/python3.12/site-packages/airflow/example_dags/example_branch_operator.py
[2024-11-17T09:13:28.660+0000] {processor.py:914} INFO - Processing file /home/airflow/.local/lib/python3.12/site-packages/airflow/example_dags/example_branch_operator.py for tasks to queue
[2024-11-17T09:13:28.666+0000] {logging_mixin.py:190} INFO - [2024-11-17T09:13:28.665+0000] {dagbag.py:588} INFO - Filling up the DagBag from /home/airflow/.local/lib/python3.12/site-packages/airflow/example_dags/example_branch_operator.py
[2024-11-17T09:13:28.715+0000] {processor.py:925} INFO - DAG(s) 'example_branch_operator' retrieved from /home/airflow/.local/lib/python3.12/site-packages/airflow/example_dags/example_branch_operator.py
[2024-11-17T09:13:28.798+0000] {logging_mixin.py:190} INFO - [2024-11-17T09:13:28.797+0000] {dag.py:3239} INFO - Sync 1 DAGs
[2024-11-17T09:13:28.863+0000] {logging_mixin.py:190} INFO - [2024-11-17T09:13:28.862+0000] {dag.py:4180} INFO - Setting next_dagrun for example_branch_operator to 2024-11-16 00:00:00+00:00, run_after=2024-11-17 00:00:00+00:00
[2024-11-17T09:13:28.918+0000] {processor.py:208} INFO - Processing /home/airflow/.local/lib/python3.12/site-packages/airflow/example_dags/example_branch_operator.py took 0.277 seconds
[2024-11-17T09:13:59.687+0000] {processor.py:186} INFO - Started process (PID=2092) to work on /home/airflow/.local/lib/python3.12/site-packages/airflow/example_dags/example_branch_operator.py
[2024-11-17T09:13:59.690+0000] {processor.py:914} INFO - Processing file /home/airflow/.local/lib/python3.12/site-packages/airflow/example_dags/example_branch_operator.py for tasks to queue
[2024-11-17T09:13:59.698+0000] {logging_mixin.py:190} INFO - [2024-11-17T09:13:59.697+0000] {dagbag.py:588} INFO - Filling up the DagBag from /home/airflow/.local/lib/python3.12/site-packages/airflow/example_dags/example_branch_operator.py
[2024-11-17T09:13:59.789+0000] {processor.py:925} INFO - DAG(s) 'example_branch_operator' retrieved from /home/airflow/.local/lib/python3.12/site-packages/airflow/example_dags/example_branch_operator.py
[2024-11-17T09:13:59.885+0000] {logging_mixin.py:190} INFO - [2024-11-17T09:13:59.884+0000] {dag.py:3239} INFO - Sync 1 DAGs
[2024-11-17T09:13:59.963+0000] {logging_mixin.py:190} INFO - [2024-11-17T09:13:59.962+0000] {dag.py:4180} INFO - Setting next_dagrun for example_branch_operator to 2024-11-16 00:00:00+00:00, run_after=2024-11-17 00:00:00+00:00
[2024-11-17T09:14:00.037+0000] {processor.py:208} INFO - Processing /home/airflow/.local/lib/python3.12/site-packages/airflow/example_dags/example_branch_operator.py took 0.373 seconds
[2024-11-17T09:14:30.594+0000] {processor.py:186} INFO - Started process (PID=2158) to work on /home/airflow/.local/lib/python3.12/site-packages/airflow/example_dags/example_branch_operator.py
[2024-11-17T09:14:30.597+0000] {processor.py:914} INFO - Processing file /home/airflow/.local/lib/python3.12/site-packages/airflow/example_dags/example_branch_operator.py for tasks to queue
[2024-11-17T09:14:30.606+0000] {logging_mixin.py:190} INFO - [2024-11-17T09:14:30.605+0000] {dagbag.py:588} INFO - Filling up the DagBag from /home/airflow/.local/lib/python3.12/site-packages/airflow/example_dags/example_branch_operator.py
[2024-11-17T09:14:30.680+0000] {processor.py:925} INFO - DAG(s) 'example_branch_operator' retrieved from /home/airflow/.local/lib/python3.12/site-packages/airflow/example_dags/example_branch_operator.py
[2024-11-17T09:14:30.798+0000] {logging_mixin.py:190} INFO - [2024-11-17T09:14:30.797+0000] {dag.py:3239} INFO - Sync 1 DAGs
[2024-11-17T09:14:30.895+0000] {logging_mixin.py:190} INFO - [2024-11-17T09:14:30.894+0000] {dag.py:4180} INFO - Setting next_dagrun for example_branch_operator to 2024-11-16 00:00:00+00:00, run_after=2024-11-17 00:00:00+00:00
[2024-11-17T09:14:30.968+0000] {processor.py:208} INFO - Processing /home/airflow/.local/lib/python3.12/site-packages/airflow/example_dags/example_branch_operator.py took 0.391 seconds
[2024-11-17T09:15:01.393+0000] {processor.py:186} INFO - Started process (PID=2225) to work on /home/airflow/.local/lib/python3.12/site-packages/airflow/example_dags/example_branch_operator.py
[2024-11-17T09:15:01.396+0000] {processor.py:914} INFO - Processing file /home/airflow/.local/lib/python3.12/site-packages/airflow/example_dags/example_branch_operator.py for tasks to queue
[2024-11-17T09:15:01.404+0000] {logging_mixin.py:190} INFO - [2024-11-17T09:15:01.403+0000] {dagbag.py:588} INFO - Filling up the DagBag from /home/airflow/.local/lib/python3.12/site-packages/airflow/example_dags/example_branch_operator.py
[2024-11-17T09:15:01.462+0000] {processor.py:925} INFO - DAG(s) 'example_branch_operator' retrieved from /home/airflow/.local/lib/python3.12/site-packages/airflow/example_dags/example_branch_operator.py
[2024-11-17T09:15:01.557+0000] {logging_mixin.py:190} INFO - [2024-11-17T09:15:01.556+0000] {dag.py:3239} INFO - Sync 1 DAGs
[2024-11-17T09:15:01.629+0000] {logging_mixin.py:190} INFO - [2024-11-17T09:15:01.629+0000] {dag.py:4180} INFO - Setting next_dagrun for example_branch_operator to 2024-11-16 00:00:00+00:00, run_after=2024-11-17 00:00:00+00:00
[2024-11-17T09:15:01.690+0000] {processor.py:208} INFO - Processing /home/airflow/.local/lib/python3.12/site-packages/airflow/example_dags/example_branch_operator.py took 0.314 seconds
[2024-11-17T09:15:31.860+0000] {processor.py:186} INFO - Started process (PID=2291) to work on /home/airflow/.local/lib/python3.12/site-packages/airflow/example_dags/example_branch_operator.py
[2024-11-17T09:15:31.863+0000] {processor.py:914} INFO - Processing file /home/airflow/.local/lib/python3.12/site-packages/airflow/example_dags/example_branch_operator.py for tasks to queue
[2024-11-17T09:15:31.872+0000] {logging_mixin.py:190} INFO - [2024-11-17T09:15:31.871+0000] {dagbag.py:588} INFO - Filling up the DagBag from /home/airflow/.local/lib/python3.12/site-packages/airflow/example_dags/example_branch_operator.py
[2024-11-17T09:15:31.932+0000] {processor.py:925} INFO - DAG(s) 'example_branch_operator' retrieved from /home/airflow/.local/lib/python3.12/site-packages/airflow/example_dags/example_branch_operator.py
[2024-11-17T09:15:32.038+0000] {logging_mixin.py:190} INFO - [2024-11-17T09:15:32.037+0000] {dag.py:3239} INFO - Sync 1 DAGs
[2024-11-17T09:15:32.107+0000] {logging_mixin.py:190} INFO - [2024-11-17T09:15:32.106+0000] {dag.py:4180} INFO - Setting next_dagrun for example_branch_operator to 2024-11-16 00:00:00+00:00, run_after=2024-11-17 00:00:00+00:00
[2024-11-17T09:15:32.163+0000] {processor.py:208} INFO - Processing /home/airflow/.local/lib/python3.12/site-packages/airflow/example_dags/example_branch_operator.py took 0.326 seconds
[2024-11-17T09:16:02.666+0000] {processor.py:186} INFO - Started process (PID=2356) to work on /home/airflow/.local/lib/python3.12/site-packages/airflow/example_dags/example_branch_operator.py
[2024-11-17T09:16:02.679+0000] {processor.py:914} INFO - Processing file /home/airflow/.local/lib/python3.12/site-packages/airflow/example_dags/example_branch_operator.py for tasks to queue
[2024-11-17T09:16:02.691+0000] {logging_mixin.py:190} INFO - [2024-11-17T09:16:02.690+0000] {dagbag.py:588} INFO - Filling up the DagBag from /home/airflow/.local/lib/python3.12/site-packages/airflow/example_dags/example_branch_operator.py
[2024-11-17T09:16:02.767+0000] {processor.py:925} INFO - DAG(s) 'example_branch_operator' retrieved from /home/airflow/.local/lib/python3.12/site-packages/airflow/example_dags/example_branch_operator.py
[2024-11-17T09:16:02.874+0000] {logging_mixin.py:190} INFO - [2024-11-17T09:16:02.874+0000] {dag.py:3239} INFO - Sync 1 DAGs
[2024-11-17T09:16:02.943+0000] {logging_mixin.py:190} INFO - [2024-11-17T09:16:02.942+0000] {dag.py:4180} INFO - Setting next_dagrun for example_branch_operator to 2024-11-16 00:00:00+00:00, run_after=2024-11-17 00:00:00+00:00
[2024-11-17T09:16:03.001+0000] {processor.py:208} INFO - Processing /home/airflow/.local/lib/python3.12/site-packages/airflow/example_dags/example_branch_operator.py took 0.369 seconds
[2024-11-17T09:16:33.486+0000] {processor.py:186} INFO - Started process (PID=2422) to work on /home/airflow/.local/lib/python3.12/site-packages/airflow/example_dags/example_branch_operator.py
[2024-11-17T09:16:33.489+0000] {processor.py:914} INFO - Processing file /home/airflow/.local/lib/python3.12/site-packages/airflow/example_dags/example_branch_operator.py for tasks to queue
[2024-11-17T09:16:33.496+0000] {logging_mixin.py:190} INFO - [2024-11-17T09:16:33.495+0000] {dagbag.py:588} INFO - Filling up the DagBag from /home/airflow/.local/lib/python3.12/site-packages/airflow/example_dags/example_branch_operator.py
[2024-11-17T09:16:33.558+0000] {processor.py:925} INFO - DAG(s) 'example_branch_operator' retrieved from /home/airflow/.local/lib/python3.12/site-packages/airflow/example_dags/example_branch_operator.py
[2024-11-17T09:16:33.655+0000] {logging_mixin.py:190} INFO - [2024-11-17T09:16:33.654+0000] {dag.py:3239} INFO - Sync 1 DAGs
[2024-11-17T09:16:33.740+0000] {logging_mixin.py:190} INFO - [2024-11-17T09:16:33.739+0000] {dag.py:4180} INFO - Setting next_dagrun for example_branch_operator to 2024-11-16 00:00:00+00:00, run_after=2024-11-17 00:00:00+00:00
[2024-11-17T09:16:33.795+0000] {processor.py:208} INFO - Processing /home/airflow/.local/lib/python3.12/site-packages/airflow/example_dags/example_branch_operator.py took 0.326 seconds
[2024-11-17T09:17:04.024+0000] {processor.py:186} INFO - Started process (PID=2488) to work on /home/airflow/.local/lib/python3.12/site-packages/airflow/example_dags/example_branch_operator.py
[2024-11-17T09:17:04.027+0000] {processor.py:914} INFO - Processing file /home/airflow/.local/lib/python3.12/site-packages/airflow/example_dags/example_branch_operator.py for tasks to queue
[2024-11-17T09:17:04.039+0000] {logging_mixin.py:190} INFO - [2024-11-17T09:17:04.038+0000] {dagbag.py:588} INFO - Filling up the DagBag from /home/airflow/.local/lib/python3.12/site-packages/airflow/example_dags/example_branch_operator.py
[2024-11-17T09:17:04.120+0000] {processor.py:925} INFO - DAG(s) 'example_branch_operator' retrieved from /home/airflow/.local/lib/python3.12/site-packages/airflow/example_dags/example_branch_operator.py
[2024-11-17T09:17:04.245+0000] {logging_mixin.py:190} INFO - [2024-11-17T09:17:04.244+0000] {dag.py:3239} INFO - Sync 1 DAGs
[2024-11-17T09:17:04.353+0000] {logging_mixin.py:190} INFO - [2024-11-17T09:17:04.352+0000] {dag.py:4180} INFO - Setting next_dagrun for example_branch_operator to 2024-11-16 00:00:00+00:00, run_after=2024-11-17 00:00:00+00:00
[2024-11-17T09:17:04.433+0000] {processor.py:208} INFO - Processing /home/airflow/.local/lib/python3.12/site-packages/airflow/example_dags/example_branch_operator.py took 0.433 seconds
[2024-11-17T09:17:34.798+0000] {processor.py:186} INFO - Started process (PID=2553) to work on /home/airflow/.local/lib/python3.12/site-packages/airflow/example_dags/example_branch_operator.py
[2024-11-17T09:17:34.801+0000] {processor.py:914} INFO - Processing file /home/airflow/.local/lib/python3.12/site-packages/airflow/example_dags/example_branch_operator.py for tasks to queue
[2024-11-17T09:17:34.809+0000] {logging_mixin.py:190} INFO - [2024-11-17T09:17:34.808+0000] {dagbag.py:588} INFO - Filling up the DagBag from /home/airflow/.local/lib/python3.12/site-packages/airflow/example_dags/example_branch_operator.py
[2024-11-17T09:17:34.868+0000] {processor.py:925} INFO - DAG(s) 'example_branch_operator' retrieved from /home/airflow/.local/lib/python3.12/site-packages/airflow/example_dags/example_branch_operator.py
[2024-11-17T09:17:34.951+0000] {logging_mixin.py:190} INFO - [2024-11-17T09:17:34.950+0000] {dag.py:3239} INFO - Sync 1 DAGs
[2024-11-17T09:17:35.016+0000] {logging_mixin.py:190} INFO - [2024-11-17T09:17:35.016+0000] {dag.py:4180} INFO - Setting next_dagrun for example_branch_operator to 2024-11-16 00:00:00+00:00, run_after=2024-11-17 00:00:00+00:00
[2024-11-17T09:17:35.070+0000] {processor.py:208} INFO - Processing /home/airflow/.local/lib/python3.12/site-packages/airflow/example_dags/example_branch_operator.py took 0.294 seconds
[2024-11-17T09:18:05.605+0000] {processor.py:186} INFO - Started process (PID=2620) to work on /home/airflow/.local/lib/python3.12/site-packages/airflow/example_dags/example_branch_operator.py
[2024-11-17T09:18:05.608+0000] {processor.py:914} INFO - Processing file /home/airflow/.local/lib/python3.12/site-packages/airflow/example_dags/example_branch_operator.py for tasks to queue
[2024-11-17T09:18:05.617+0000] {logging_mixin.py:190} INFO - [2024-11-17T09:18:05.616+0000] {dagbag.py:588} INFO - Filling up the DagBag from /home/airflow/.local/lib/python3.12/site-packages/airflow/example_dags/example_branch_operator.py
[2024-11-17T09:18:05.704+0000] {processor.py:925} INFO - DAG(s) 'example_branch_operator' retrieved from /home/airflow/.local/lib/python3.12/site-packages/airflow/example_dags/example_branch_operator.py
[2024-11-17T09:18:05.850+0000] {logging_mixin.py:190} INFO - [2024-11-17T09:18:05.849+0000] {dag.py:3239} INFO - Sync 1 DAGs
[2024-11-17T09:18:05.934+0000] {logging_mixin.py:190} INFO - [2024-11-17T09:18:05.934+0000] {dag.py:4180} INFO - Setting next_dagrun for example_branch_operator to 2024-11-16 00:00:00+00:00, run_after=2024-11-17 00:00:00+00:00
[2024-11-17T09:18:05.985+0000] {processor.py:208} INFO - Processing /home/airflow/.local/lib/python3.12/site-packages/airflow/example_dags/example_branch_operator.py took 0.405 seconds
[2024-11-17T09:18:36.754+0000] {processor.py:186} INFO - Started process (PID=2686) to work on /home/airflow/.local/lib/python3.12/site-packages/airflow/example_dags/example_branch_operator.py
[2024-11-17T09:18:36.757+0000] {processor.py:914} INFO - Processing file /home/airflow/.local/lib/python3.12/site-packages/airflow/example_dags/example_branch_operator.py for tasks to queue
[2024-11-17T09:18:36.763+0000] {logging_mixin.py:190} INFO - [2024-11-17T09:18:36.762+0000] {dagbag.py:588} INFO - Filling up the DagBag from /home/airflow/.local/lib/python3.12/site-packages/airflow/example_dags/example_branch_operator.py
[2024-11-17T09:18:36.826+0000] {processor.py:925} INFO - DAG(s) 'example_branch_operator' retrieved from /home/airflow/.local/lib/python3.12/site-packages/airflow/example_dags/example_branch_operator.py
[2024-11-17T09:18:36.952+0000] {logging_mixin.py:190} INFO - [2024-11-17T09:18:36.950+0000] {dag.py:3239} INFO - Sync 1 DAGs
[2024-11-17T09:18:37.047+0000] {logging_mixin.py:190} INFO - [2024-11-17T09:18:37.047+0000] {dag.py:4180} INFO - Setting next_dagrun for example_branch_operator to 2024-11-16 00:00:00+00:00, run_after=2024-11-17 00:00:00+00:00
[2024-11-17T09:18:37.108+0000] {processor.py:208} INFO - Processing /home/airflow/.local/lib/python3.12/site-packages/airflow/example_dags/example_branch_operator.py took 0.371 seconds
[2024-11-17T09:19:07.532+0000] {processor.py:186} INFO - Started process (PID=2751) to work on /home/airflow/.local/lib/python3.12/site-packages/airflow/example_dags/example_branch_operator.py
[2024-11-17T09:19:07.535+0000] {processor.py:914} INFO - Processing file /home/airflow/.local/lib/python3.12/site-packages/airflow/example_dags/example_branch_operator.py for tasks to queue
[2024-11-17T09:19:07.541+0000] {logging_mixin.py:190} INFO - [2024-11-17T09:19:07.540+0000] {dagbag.py:588} INFO - Filling up the DagBag from /home/airflow/.local/lib/python3.12/site-packages/airflow/example_dags/example_branch_operator.py
[2024-11-17T09:19:07.601+0000] {processor.py:925} INFO - DAG(s) 'example_branch_operator' retrieved from /home/airflow/.local/lib/python3.12/site-packages/airflow/example_dags/example_branch_operator.py
[2024-11-17T09:19:07.707+0000] {logging_mixin.py:190} INFO - [2024-11-17T09:19:07.707+0000] {dag.py:3239} INFO - Sync 1 DAGs
[2024-11-17T09:19:07.784+0000] {logging_mixin.py:190} INFO - [2024-11-17T09:19:07.783+0000] {dag.py:4180} INFO - Setting next_dagrun for example_branch_operator to 2024-11-16 00:00:00+00:00, run_after=2024-11-17 00:00:00+00:00
[2024-11-17T09:19:07.839+0000] {processor.py:208} INFO - Processing /home/airflow/.local/lib/python3.12/site-packages/airflow/example_dags/example_branch_operator.py took 0.329 seconds
[2024-11-17T09:19:38.088+0000] {processor.py:186} INFO - Started process (PID=2816) to work on /home/airflow/.local/lib/python3.12/site-packages/airflow/example_dags/example_branch_operator.py
[2024-11-17T09:19:38.091+0000] {processor.py:914} INFO - Processing file /home/airflow/.local/lib/python3.12/site-packages/airflow/example_dags/example_branch_operator.py for tasks to queue
[2024-11-17T09:19:38.098+0000] {logging_mixin.py:190} INFO - [2024-11-17T09:19:38.097+0000] {dagbag.py:588} INFO - Filling up the DagBag from /home/airflow/.local/lib/python3.12/site-packages/airflow/example_dags/example_branch_operator.py
[2024-11-17T09:19:38.153+0000] {processor.py:925} INFO - DAG(s) 'example_branch_operator' retrieved from /home/airflow/.local/lib/python3.12/site-packages/airflow/example_dags/example_branch_operator.py
[2024-11-17T09:19:38.235+0000] {logging_mixin.py:190} INFO - [2024-11-17T09:19:38.235+0000] {dag.py:3239} INFO - Sync 1 DAGs
[2024-11-17T09:19:38.674+0000] {logging_mixin.py:190} INFO - [2024-11-17T09:19:38.673+0000] {dag.py:4180} INFO - Setting next_dagrun for example_branch_operator to 2024-11-16 00:00:00+00:00, run_after=2024-11-17 00:00:00+00:00
[2024-11-17T09:19:38.734+0000] {processor.py:208} INFO - Processing /home/airflow/.local/lib/python3.12/site-packages/airflow/example_dags/example_branch_operator.py took 0.668 seconds
[2024-11-17T09:20:09.017+0000] {processor.py:186} INFO - Started process (PID=2882) to work on /home/airflow/.local/lib/python3.12/site-packages/airflow/example_dags/example_branch_operator.py
[2024-11-17T09:20:09.020+0000] {processor.py:914} INFO - Processing file /home/airflow/.local/lib/python3.12/site-packages/airflow/example_dags/example_branch_operator.py for tasks to queue
[2024-11-17T09:20:09.028+0000] {logging_mixin.py:190} INFO - [2024-11-17T09:20:09.027+0000] {dagbag.py:588} INFO - Filling up the DagBag from /home/airflow/.local/lib/python3.12/site-packages/airflow/example_dags/example_branch_operator.py
[2024-11-17T09:20:09.089+0000] {processor.py:925} INFO - DAG(s) 'example_branch_operator' retrieved from /home/airflow/.local/lib/python3.12/site-packages/airflow/example_dags/example_branch_operator.py
[2024-11-17T09:20:09.167+0000] {logging_mixin.py:190} INFO - [2024-11-17T09:20:09.166+0000] {dag.py:3239} INFO - Sync 1 DAGs
[2024-11-17T09:20:09.242+0000] {logging_mixin.py:190} INFO - [2024-11-17T09:20:09.241+0000] {dag.py:4180} INFO - Setting next_dagrun for example_branch_operator to 2024-11-16 00:00:00+00:00, run_after=2024-11-17 00:00:00+00:00
[2024-11-17T09:20:09.295+0000] {processor.py:208} INFO - Processing /home/airflow/.local/lib/python3.12/site-packages/airflow/example_dags/example_branch_operator.py took 0.303 seconds
[2024-11-17T09:20:39.566+0000] {processor.py:186} INFO - Started process (PID=2947) to work on /home/airflow/.local/lib/python3.12/site-packages/airflow/example_dags/example_branch_operator.py
[2024-11-17T09:20:39.570+0000] {processor.py:914} INFO - Processing file /home/airflow/.local/lib/python3.12/site-packages/airflow/example_dags/example_branch_operator.py for tasks to queue
[2024-11-17T09:20:39.577+0000] {logging_mixin.py:190} INFO - [2024-11-17T09:20:39.577+0000] {dagbag.py:588} INFO - Filling up the DagBag from /home/airflow/.local/lib/python3.12/site-packages/airflow/example_dags/example_branch_operator.py
[2024-11-17T09:20:39.633+0000] {processor.py:925} INFO - DAG(s) 'example_branch_operator' retrieved from /home/airflow/.local/lib/python3.12/site-packages/airflow/example_dags/example_branch_operator.py
[2024-11-17T09:20:39.719+0000] {logging_mixin.py:190} INFO - [2024-11-17T09:20:39.719+0000] {dag.py:3239} INFO - Sync 1 DAGs
[2024-11-17T09:20:39.789+0000] {logging_mixin.py:190} INFO - [2024-11-17T09:20:39.788+0000] {dag.py:4180} INFO - Setting next_dagrun for example_branch_operator to 2024-11-16 00:00:00+00:00, run_after=2024-11-17 00:00:00+00:00
[2024-11-17T09:20:39.842+0000] {processor.py:208} INFO - Processing /home/airflow/.local/lib/python3.12/site-packages/airflow/example_dags/example_branch_operator.py took 0.295 seconds
[2024-11-17T09:21:10.046+0000] {processor.py:186} INFO - Started process (PID=3013) to work on /home/airflow/.local/lib/python3.12/site-packages/airflow/example_dags/example_branch_operator.py
[2024-11-17T09:21:10.049+0000] {processor.py:914} INFO - Processing file /home/airflow/.local/lib/python3.12/site-packages/airflow/example_dags/example_branch_operator.py for tasks to queue
[2024-11-17T09:21:10.056+0000] {logging_mixin.py:190} INFO - [2024-11-17T09:21:10.055+0000] {dagbag.py:588} INFO - Filling up the DagBag from /home/airflow/.local/lib/python3.12/site-packages/airflow/example_dags/example_branch_operator.py
[2024-11-17T09:21:10.108+0000] {processor.py:925} INFO - DAG(s) 'example_branch_operator' retrieved from /home/airflow/.local/lib/python3.12/site-packages/airflow/example_dags/example_branch_operator.py
[2024-11-17T09:21:10.214+0000] {logging_mixin.py:190} INFO - [2024-11-17T09:21:10.213+0000] {dag.py:3239} INFO - Sync 1 DAGs
[2024-11-17T09:21:10.286+0000] {logging_mixin.py:190} INFO - [2024-11-17T09:21:10.285+0000] {dag.py:4180} INFO - Setting next_dagrun for example_branch_operator to 2024-11-16 00:00:00+00:00, run_after=2024-11-17 00:00:00+00:00
[2024-11-17T09:21:10.339+0000] {processor.py:208} INFO - Processing /home/airflow/.local/lib/python3.12/site-packages/airflow/example_dags/example_branch_operator.py took 0.316 seconds
[2024-11-17T09:21:40.585+0000] {processor.py:186} INFO - Started process (PID=3079) to work on /home/airflow/.local/lib/python3.12/site-packages/airflow/example_dags/example_branch_operator.py
[2024-11-17T09:21:40.588+0000] {processor.py:914} INFO - Processing file /home/airflow/.local/lib/python3.12/site-packages/airflow/example_dags/example_branch_operator.py for tasks to queue
[2024-11-17T09:21:40.595+0000] {logging_mixin.py:190} INFO - [2024-11-17T09:21:40.594+0000] {dagbag.py:588} INFO - Filling up the DagBag from /home/airflow/.local/lib/python3.12/site-packages/airflow/example_dags/example_branch_operator.py
[2024-11-17T09:21:40.664+0000] {processor.py:925} INFO - DAG(s) 'example_branch_operator' retrieved from /home/airflow/.local/lib/python3.12/site-packages/airflow/example_dags/example_branch_operator.py
[2024-11-17T09:21:40.756+0000] {logging_mixin.py:190} INFO - [2024-11-17T09:21:40.755+0000] {dag.py:3239} INFO - Sync 1 DAGs
[2024-11-17T09:21:41.325+0000] {logging_mixin.py:190} INFO - [2024-11-17T09:21:41.324+0000] {dag.py:4180} INFO - Setting next_dagrun for example_branch_operator to 2024-11-16 00:00:00+00:00, run_after=2024-11-17 00:00:00+00:00
[2024-11-17T09:21:41.404+0000] {processor.py:208} INFO - Processing /home/airflow/.local/lib/python3.12/site-packages/airflow/example_dags/example_branch_operator.py took 0.836 seconds
[2024-11-17T09:22:11.775+0000] {processor.py:186} INFO - Started process (PID=3145) to work on /home/airflow/.local/lib/python3.12/site-packages/airflow/example_dags/example_branch_operator.py
[2024-11-17T09:22:11.778+0000] {processor.py:914} INFO - Processing file /home/airflow/.local/lib/python3.12/site-packages/airflow/example_dags/example_branch_operator.py for tasks to queue
[2024-11-17T09:22:11.785+0000] {logging_mixin.py:190} INFO - [2024-11-17T09:22:11.784+0000] {dagbag.py:588} INFO - Filling up the DagBag from /home/airflow/.local/lib/python3.12/site-packages/airflow/example_dags/example_branch_operator.py
[2024-11-17T09:22:11.845+0000] {processor.py:925} INFO - DAG(s) 'example_branch_operator' retrieved from /home/airflow/.local/lib/python3.12/site-packages/airflow/example_dags/example_branch_operator.py
[2024-11-17T09:22:11.964+0000] {logging_mixin.py:190} INFO - [2024-11-17T09:22:11.964+0000] {dag.py:3239} INFO - Sync 1 DAGs
[2024-11-17T09:22:12.538+0000] {logging_mixin.py:190} INFO - [2024-11-17T09:22:12.537+0000] {dag.py:4180} INFO - Setting next_dagrun for example_branch_operator to 2024-11-16 00:00:00+00:00, run_after=2024-11-17 00:00:00+00:00
[2024-11-17T09:22:12.590+0000] {processor.py:208} INFO - Processing /home/airflow/.local/lib/python3.12/site-packages/airflow/example_dags/example_branch_operator.py took 0.833 seconds
[2024-11-17T09:22:43.375+0000] {processor.py:186} INFO - Started process (PID=3216) to work on /home/airflow/.local/lib/python3.12/site-packages/airflow/example_dags/example_branch_operator.py
[2024-11-17T09:22:43.378+0000] {processor.py:914} INFO - Processing file /home/airflow/.local/lib/python3.12/site-packages/airflow/example_dags/example_branch_operator.py for tasks to queue
[2024-11-17T09:22:43.384+0000] {logging_mixin.py:190} INFO - [2024-11-17T09:22:43.383+0000] {dagbag.py:588} INFO - Filling up the DagBag from /home/airflow/.local/lib/python3.12/site-packages/airflow/example_dags/example_branch_operator.py
[2024-11-17T09:22:43.433+0000] {processor.py:925} INFO - DAG(s) 'example_branch_operator' retrieved from /home/airflow/.local/lib/python3.12/site-packages/airflow/example_dags/example_branch_operator.py
[2024-11-17T09:22:43.515+0000] {logging_mixin.py:190} INFO - [2024-11-17T09:22:43.514+0000] {dag.py:3239} INFO - Sync 1 DAGs
[2024-11-17T09:22:43.976+0000] {logging_mixin.py:190} INFO - [2024-11-17T09:22:43.975+0000] {dag.py:4180} INFO - Setting next_dagrun for example_branch_operator to 2024-11-16 00:00:00+00:00, run_after=2024-11-17 00:00:00+00:00
[2024-11-17T09:22:44.035+0000] {processor.py:208} INFO - Processing /home/airflow/.local/lib/python3.12/site-packages/airflow/example_dags/example_branch_operator.py took 0.676 seconds
[2024-11-17T09:23:14.603+0000] {processor.py:186} INFO - Started process (PID=3282) to work on /home/airflow/.local/lib/python3.12/site-packages/airflow/example_dags/example_branch_operator.py
[2024-11-17T09:23:14.606+0000] {processor.py:914} INFO - Processing file /home/airflow/.local/lib/python3.12/site-packages/airflow/example_dags/example_branch_operator.py for tasks to queue
[2024-11-17T09:23:14.613+0000] {logging_mixin.py:190} INFO - [2024-11-17T09:23:14.612+0000] {dagbag.py:588} INFO - Filling up the DagBag from /home/airflow/.local/lib/python3.12/site-packages/airflow/example_dags/example_branch_operator.py
[2024-11-17T09:23:14.664+0000] {processor.py:925} INFO - DAG(s) 'example_branch_operator' retrieved from /home/airflow/.local/lib/python3.12/site-packages/airflow/example_dags/example_branch_operator.py
[2024-11-17T09:23:14.757+0000] {logging_mixin.py:190} INFO - [2024-11-17T09:23:14.756+0000] {dag.py:3239} INFO - Sync 1 DAGs
[2024-11-17T09:23:14.830+0000] {logging_mixin.py:190} INFO - [2024-11-17T09:23:14.830+0000] {dag.py:4180} INFO - Setting next_dagrun for example_branch_operator to 2024-11-16 00:00:00+00:00, run_after=2024-11-17 00:00:00+00:00
[2024-11-17T09:23:14.890+0000] {processor.py:208} INFO - Processing /home/airflow/.local/lib/python3.12/site-packages/airflow/example_dags/example_branch_operator.py took 0.304 seconds
[2024-11-17T09:23:45.354+0000] {processor.py:186} INFO - Started process (PID=3349) to work on /home/airflow/.local/lib/python3.12/site-packages/airflow/example_dags/example_branch_operator.py
[2024-11-17T09:23:45.359+0000] {processor.py:914} INFO - Processing file /home/airflow/.local/lib/python3.12/site-packages/airflow/example_dags/example_branch_operator.py for tasks to queue
[2024-11-17T09:23:45.371+0000] {logging_mixin.py:190} INFO - [2024-11-17T09:23:45.369+0000] {dagbag.py:588} INFO - Filling up the DagBag from /home/airflow/.local/lib/python3.12/site-packages/airflow/example_dags/example_branch_operator.py
[2024-11-17T09:23:45.440+0000] {processor.py:925} INFO - DAG(s) 'example_branch_operator' retrieved from /home/airflow/.local/lib/python3.12/site-packages/airflow/example_dags/example_branch_operator.py
[2024-11-17T09:23:45.536+0000] {logging_mixin.py:190} INFO - [2024-11-17T09:23:45.535+0000] {dag.py:3239} INFO - Sync 1 DAGs
[2024-11-17T09:23:45.619+0000] {logging_mixin.py:190} INFO - [2024-11-17T09:23:45.619+0000] {dag.py:4180} INFO - Setting next_dagrun for example_branch_operator to 2024-11-16 00:00:00+00:00, run_after=2024-11-17 00:00:00+00:00
[2024-11-17T09:23:45.669+0000] {processor.py:208} INFO - Processing /home/airflow/.local/lib/python3.12/site-packages/airflow/example_dags/example_branch_operator.py took 0.339 seconds
[2024-11-17T09:24:16.423+0000] {processor.py:186} INFO - Started process (PID=3415) to work on /home/airflow/.local/lib/python3.12/site-packages/airflow/example_dags/example_branch_operator.py
[2024-11-17T09:24:16.425+0000] {processor.py:914} INFO - Processing file /home/airflow/.local/lib/python3.12/site-packages/airflow/example_dags/example_branch_operator.py for tasks to queue
[2024-11-17T09:24:16.432+0000] {logging_mixin.py:190} INFO - [2024-11-17T09:24:16.431+0000] {dagbag.py:588} INFO - Filling up the DagBag from /home/airflow/.local/lib/python3.12/site-packages/airflow/example_dags/example_branch_operator.py
[2024-11-17T09:24:16.494+0000] {processor.py:925} INFO - DAG(s) 'example_branch_operator' retrieved from /home/airflow/.local/lib/python3.12/site-packages/airflow/example_dags/example_branch_operator.py
[2024-11-17T09:24:16.587+0000] {logging_mixin.py:190} INFO - [2024-11-17T09:24:16.586+0000] {dag.py:3239} INFO - Sync 1 DAGs
[2024-11-17T09:24:16.655+0000] {logging_mixin.py:190} INFO - [2024-11-17T09:24:16.654+0000] {dag.py:4180} INFO - Setting next_dagrun for example_branch_operator to 2024-11-16 00:00:00+00:00, run_after=2024-11-17 00:00:00+00:00
[2024-11-17T09:24:16.733+0000] {processor.py:208} INFO - Processing /home/airflow/.local/lib/python3.12/site-packages/airflow/example_dags/example_branch_operator.py took 0.328 seconds
[2024-11-17T09:24:47.197+0000] {processor.py:186} INFO - Started process (PID=3481) to work on /home/airflow/.local/lib/python3.12/site-packages/airflow/example_dags/example_branch_operator.py
[2024-11-17T09:24:47.200+0000] {processor.py:914} INFO - Processing file /home/airflow/.local/lib/python3.12/site-packages/airflow/example_dags/example_branch_operator.py for tasks to queue
[2024-11-17T09:24:47.208+0000] {logging_mixin.py:190} INFO - [2024-11-17T09:24:47.207+0000] {dagbag.py:588} INFO - Filling up the DagBag from /home/airflow/.local/lib/python3.12/site-packages/airflow/example_dags/example_branch_operator.py
[2024-11-17T09:24:47.261+0000] {processor.py:925} INFO - DAG(s) 'example_branch_operator' retrieved from /home/airflow/.local/lib/python3.12/site-packages/airflow/example_dags/example_branch_operator.py
[2024-11-17T09:24:47.339+0000] {logging_mixin.py:190} INFO - [2024-11-17T09:24:47.339+0000] {dag.py:3239} INFO - Sync 1 DAGs
[2024-11-17T09:24:47.410+0000] {logging_mixin.py:190} INFO - [2024-11-17T09:24:47.409+0000] {dag.py:4180} INFO - Setting next_dagrun for example_branch_operator to 2024-11-16 00:00:00+00:00, run_after=2024-11-17 00:00:00+00:00
[2024-11-17T09:24:47.460+0000] {processor.py:208} INFO - Processing /home/airflow/.local/lib/python3.12/site-packages/airflow/example_dags/example_branch_operator.py took 0.286 seconds
[2024-11-17T09:25:18.174+0000] {processor.py:186} INFO - Started process (PID=3548) to work on /home/airflow/.local/lib/python3.12/site-packages/airflow/example_dags/example_branch_operator.py
[2024-11-17T09:25:18.177+0000] {processor.py:914} INFO - Processing file /home/airflow/.local/lib/python3.12/site-packages/airflow/example_dags/example_branch_operator.py for tasks to queue
[2024-11-17T09:25:18.188+0000] {logging_mixin.py:190} INFO - [2024-11-17T09:25:18.186+0000] {dagbag.py:588} INFO - Filling up the DagBag from /home/airflow/.local/lib/python3.12/site-packages/airflow/example_dags/example_branch_operator.py
[2024-11-17T09:25:18.272+0000] {processor.py:925} INFO - DAG(s) 'example_branch_operator' retrieved from /home/airflow/.local/lib/python3.12/site-packages/airflow/example_dags/example_branch_operator.py
[2024-11-17T09:25:18.394+0000] {logging_mixin.py:190} INFO - [2024-11-17T09:25:18.393+0000] {dag.py:3239} INFO - Sync 1 DAGs
[2024-11-17T09:25:18.472+0000] {logging_mixin.py:190} INFO - [2024-11-17T09:25:18.471+0000] {dag.py:4180} INFO - Setting next_dagrun for example_branch_operator to 2024-11-16 00:00:00+00:00, run_after=2024-11-17 00:00:00+00:00
[2024-11-17T09:25:18.529+0000] {processor.py:208} INFO - Processing /home/airflow/.local/lib/python3.12/site-packages/airflow/example_dags/example_branch_operator.py took 0.381 seconds
[2024-11-17T09:25:48.809+0000] {processor.py:186} INFO - Started process (PID=3613) to work on /home/airflow/.local/lib/python3.12/site-packages/airflow/example_dags/example_branch_operator.py
[2024-11-17T09:25:48.812+0000] {processor.py:914} INFO - Processing file /home/airflow/.local/lib/python3.12/site-packages/airflow/example_dags/example_branch_operator.py for tasks to queue
[2024-11-17T09:25:48.819+0000] {logging_mixin.py:190} INFO - [2024-11-17T09:25:48.818+0000] {dagbag.py:588} INFO - Filling up the DagBag from /home/airflow/.local/lib/python3.12/site-packages/airflow/example_dags/example_branch_operator.py
[2024-11-17T09:25:48.880+0000] {processor.py:925} INFO - DAG(s) 'example_branch_operator' retrieved from /home/airflow/.local/lib/python3.12/site-packages/airflow/example_dags/example_branch_operator.py
[2024-11-17T09:25:48.961+0000] {logging_mixin.py:190} INFO - [2024-11-17T09:25:48.960+0000] {dag.py:3239} INFO - Sync 1 DAGs
[2024-11-17T09:25:49.052+0000] {logging_mixin.py:190} INFO - [2024-11-17T09:25:49.051+0000] {dag.py:4180} INFO - Setting next_dagrun for example_branch_operator to 2024-11-16 00:00:00+00:00, run_after=2024-11-17 00:00:00+00:00
[2024-11-17T09:25:49.109+0000] {processor.py:208} INFO - Processing /home/airflow/.local/lib/python3.12/site-packages/airflow/example_dags/example_branch_operator.py took 0.320 seconds
[2024-11-17T09:26:19.541+0000] {processor.py:186} INFO - Started process (PID=3679) to work on /home/airflow/.local/lib/python3.12/site-packages/airflow/example_dags/example_branch_operator.py
[2024-11-17T09:26:19.545+0000] {processor.py:914} INFO - Processing file /home/airflow/.local/lib/python3.12/site-packages/airflow/example_dags/example_branch_operator.py for tasks to queue
[2024-11-17T09:26:19.562+0000] {logging_mixin.py:190} INFO - [2024-11-17T09:26:19.560+0000] {dagbag.py:588} INFO - Filling up the DagBag from /home/airflow/.local/lib/python3.12/site-packages/airflow/example_dags/example_branch_operator.py
[2024-11-17T09:26:19.694+0000] {processor.py:925} INFO - DAG(s) 'example_branch_operator' retrieved from /home/airflow/.local/lib/python3.12/site-packages/airflow/example_dags/example_branch_operator.py
[2024-11-17T09:26:19.833+0000] {logging_mixin.py:190} INFO - [2024-11-17T09:26:19.832+0000] {dag.py:3239} INFO - Sync 1 DAGs
[2024-11-17T09:26:19.942+0000] {logging_mixin.py:190} INFO - [2024-11-17T09:26:19.941+0000] {dag.py:4180} INFO - Setting next_dagrun for example_branch_operator to 2024-11-16 00:00:00+00:00, run_after=2024-11-17 00:00:00+00:00
[2024-11-17T09:26:20.009+0000] {processor.py:208} INFO - Processing /home/airflow/.local/lib/python3.12/site-packages/airflow/example_dags/example_branch_operator.py took 0.492 seconds
[2024-11-17T09:26:50.317+0000] {processor.py:186} INFO - Started process (PID=3745) to work on /home/airflow/.local/lib/python3.12/site-packages/airflow/example_dags/example_branch_operator.py
[2024-11-17T09:26:50.321+0000] {processor.py:914} INFO - Processing file /home/airflow/.local/lib/python3.12/site-packages/airflow/example_dags/example_branch_operator.py for tasks to queue
[2024-11-17T09:26:50.331+0000] {logging_mixin.py:190} INFO - [2024-11-17T09:26:50.330+0000] {dagbag.py:588} INFO - Filling up the DagBag from /home/airflow/.local/lib/python3.12/site-packages/airflow/example_dags/example_branch_operator.py
[2024-11-17T09:26:50.393+0000] {processor.py:925} INFO - DAG(s) 'example_branch_operator' retrieved from /home/airflow/.local/lib/python3.12/site-packages/airflow/example_dags/example_branch_operator.py
[2024-11-17T09:26:50.477+0000] {logging_mixin.py:190} INFO - [2024-11-17T09:26:50.476+0000] {dag.py:3239} INFO - Sync 1 DAGs
[2024-11-17T09:26:50.560+0000] {logging_mixin.py:190} INFO - [2024-11-17T09:26:50.559+0000] {dag.py:4180} INFO - Setting next_dagrun for example_branch_operator to 2024-11-16 00:00:00+00:00, run_after=2024-11-17 00:00:00+00:00
[2024-11-17T09:26:50.612+0000] {processor.py:208} INFO - Processing /home/airflow/.local/lib/python3.12/site-packages/airflow/example_dags/example_branch_operator.py took 0.315 seconds
[2024-11-17T09:27:20.985+0000] {processor.py:186} INFO - Started process (PID=3810) to work on /home/airflow/.local/lib/python3.12/site-packages/airflow/example_dags/example_branch_operator.py
[2024-11-17T09:27:20.987+0000] {processor.py:914} INFO - Processing file /home/airflow/.local/lib/python3.12/site-packages/airflow/example_dags/example_branch_operator.py for tasks to queue
[2024-11-17T09:27:20.997+0000] {logging_mixin.py:190} INFO - [2024-11-17T09:27:20.996+0000] {dagbag.py:588} INFO - Filling up the DagBag from /home/airflow/.local/lib/python3.12/site-packages/airflow/example_dags/example_branch_operator.py
[2024-11-17T09:27:21.048+0000] {processor.py:925} INFO - DAG(s) 'example_branch_operator' retrieved from /home/airflow/.local/lib/python3.12/site-packages/airflow/example_dags/example_branch_operator.py
[2024-11-17T09:27:21.129+0000] {logging_mixin.py:190} INFO - [2024-11-17T09:27:21.128+0000] {dag.py:3239} INFO - Sync 1 DAGs
[2024-11-17T09:27:21.217+0000] {logging_mixin.py:190} INFO - [2024-11-17T09:27:21.217+0000] {dag.py:4180} INFO - Setting next_dagrun for example_branch_operator to 2024-11-16 00:00:00+00:00, run_after=2024-11-17 00:00:00+00:00
[2024-11-17T09:27:21.287+0000] {processor.py:208} INFO - Processing /home/airflow/.local/lib/python3.12/site-packages/airflow/example_dags/example_branch_operator.py took 0.320 seconds
[2024-11-17T09:27:51.538+0000] {processor.py:186} INFO - Started process (PID=3876) to work on /home/airflow/.local/lib/python3.12/site-packages/airflow/example_dags/example_branch_operator.py
[2024-11-17T09:27:51.541+0000] {processor.py:914} INFO - Processing file /home/airflow/.local/lib/python3.12/site-packages/airflow/example_dags/example_branch_operator.py for tasks to queue
[2024-11-17T09:27:51.552+0000] {logging_mixin.py:190} INFO - [2024-11-17T09:27:51.550+0000] {dagbag.py:588} INFO - Filling up the DagBag from /home/airflow/.local/lib/python3.12/site-packages/airflow/example_dags/example_branch_operator.py
[2024-11-17T09:27:51.623+0000] {processor.py:925} INFO - DAG(s) 'example_branch_operator' retrieved from /home/airflow/.local/lib/python3.12/site-packages/airflow/example_dags/example_branch_operator.py
[2024-11-17T09:27:51.719+0000] {logging_mixin.py:190} INFO - [2024-11-17T09:27:51.718+0000] {dag.py:3239} INFO - Sync 1 DAGs
[2024-11-17T09:27:51.808+0000] {logging_mixin.py:190} INFO - [2024-11-17T09:27:51.807+0000] {dag.py:4180} INFO - Setting next_dagrun for example_branch_operator to 2024-11-16 00:00:00+00:00, run_after=2024-11-17 00:00:00+00:00
[2024-11-17T09:27:51.869+0000] {processor.py:208} INFO - Processing /home/airflow/.local/lib/python3.12/site-packages/airflow/example_dags/example_branch_operator.py took 0.361 seconds
