[2024-11-17T08:58:03.553+0000] {processor.py:186} INFO - Started process (PID=102) to work on /home/airflow/.local/lib/python3.12/site-packages/airflow/example_dags/example_inlet_event_extra.py
[2024-11-17T08:58:03.556+0000] {processor.py:914} INFO - Processing file /home/airflow/.local/lib/python3.12/site-packages/airflow/example_dags/example_inlet_event_extra.py for tasks to queue
[2024-11-17T08:58:03.564+0000] {logging_mixin.py:190} INFO - [2024-11-17T08:58:03.563+0000] {dagbag.py:588} INFO - Filling up the DagBag from /home/airflow/.local/lib/python3.12/site-packages/airflow/example_dags/example_inlet_event_extra.py
[2024-11-17T08:58:05.478+0000] {processor.py:925} INFO - DAG(s) 'read_dataset_event', 'read_dataset_event_from_classic' retrieved from /home/airflow/.local/lib/python3.12/site-packages/airflow/example_dags/example_inlet_event_extra.py
[2024-11-17T08:58:05.769+0000] {logging_mixin.py:190} INFO - [2024-11-17T08:58:05.766+0000] {override.py:1911} INFO - Created Permission View: can delete on DAG:read_dataset_event
[2024-11-17T08:58:05.809+0000] {logging_mixin.py:190} INFO - [2024-11-17T08:58:05.809+0000] {override.py:1911} INFO - Created Permission View: can edit on DAG:read_dataset_event
[2024-11-17T08:58:05.839+0000] {logging_mixin.py:190} INFO - [2024-11-17T08:58:05.838+0000] {override.py:1911} INFO - Created Permission View: can read on DAG:read_dataset_event
[2024-11-17T08:58:05.870+0000] {logging_mixin.py:190} INFO - [2024-11-17T08:58:05.869+0000] {override.py:1911} INFO - Created Permission View: can delete on DAG Run:read_dataset_event
[2024-11-17T08:58:05.892+0000] {logging_mixin.py:190} INFO - [2024-11-17T08:58:05.891+0000] {override.py:1911} INFO - Created Permission View: menu access on DAG Run:read_dataset_event
[2024-11-17T08:58:05.920+0000] {logging_mixin.py:190} INFO - [2024-11-17T08:58:05.919+0000] {override.py:1911} INFO - Created Permission View: can create on DAG Run:read_dataset_event
[2024-11-17T08:58:05.950+0000] {logging_mixin.py:190} INFO - [2024-11-17T08:58:05.949+0000] {override.py:1911} INFO - Created Permission View: can read on DAG Run:read_dataset_event
[2024-11-17T08:58:06.002+0000] {logging_mixin.py:190} INFO - [2024-11-17T08:58:06.001+0000] {override.py:1911} INFO - Created Permission View: can delete on DAG:read_dataset_event_from_classic
[2024-11-17T08:58:06.045+0000] {logging_mixin.py:190} INFO - [2024-11-17T08:58:06.044+0000] {override.py:1911} INFO - Created Permission View: can edit on DAG:read_dataset_event_from_classic
[2024-11-17T08:58:06.076+0000] {logging_mixin.py:190} INFO - [2024-11-17T08:58:06.075+0000] {override.py:1911} INFO - Created Permission View: can read on DAG:read_dataset_event_from_classic
[2024-11-17T08:58:06.108+0000] {logging_mixin.py:190} INFO - [2024-11-17T08:58:06.107+0000] {override.py:1911} INFO - Created Permission View: can delete on DAG Run:read_dataset_event_from_classic
[2024-11-17T08:58:06.130+0000] {logging_mixin.py:190} INFO - [2024-11-17T08:58:06.130+0000] {override.py:1911} INFO - Created Permission View: menu access on DAG Run:read_dataset_event_from_classic
[2024-11-17T08:58:06.153+0000] {logging_mixin.py:190} INFO - [2024-11-17T08:58:06.152+0000] {override.py:1911} INFO - Created Permission View: can create on DAG Run:read_dataset_event_from_classic
[2024-11-17T08:58:06.178+0000] {logging_mixin.py:190} INFO - [2024-11-17T08:58:06.178+0000] {override.py:1911} INFO - Created Permission View: can read on DAG Run:read_dataset_event_from_classic
[2024-11-17T08:58:06.180+0000] {logging_mixin.py:190} INFO - [2024-11-17T08:58:06.180+0000] {dag.py:3239} INFO - Sync 2 DAGs
[2024-11-17T08:58:06.243+0000] {logging_mixin.py:190} INFO - [2024-11-17T08:58:06.241+0000] {dag.py:3262} INFO - Creating ORM DAG for read_dataset_event_from_classic
[2024-11-17T08:58:06.246+0000] {logging_mixin.py:190} INFO - [2024-11-17T08:58:06.245+0000] {dag.py:3262} INFO - Creating ORM DAG for read_dataset_event
[2024-11-17T08:58:06.292+0000] {logging_mixin.py:190} INFO - [2024-11-17T08:58:06.291+0000] {dag.py:4180} INFO - Setting next_dagrun for read_dataset_event to 2024-11-16 00:00:00+00:00, run_after=2024-11-17 00:00:00+00:00
[2024-11-17T08:58:06.299+0000] {logging_mixin.py:190} INFO - [2024-11-17T08:58:06.299+0000] {dag.py:4180} INFO - Setting next_dagrun for read_dataset_event_from_classic to 2024-11-16 00:00:00+00:00, run_after=2024-11-17 00:00:00+00:00
[2024-11-17T08:58:06.361+0000] {processor.py:208} INFO - Processing /home/airflow/.local/lib/python3.12/site-packages/airflow/example_dags/example_inlet_event_extra.py took 2.832 seconds
[2024-11-17T08:58:36.483+0000] {processor.py:186} INFO - Started process (PID=172) to work on /home/airflow/.local/lib/python3.12/site-packages/airflow/example_dags/example_inlet_event_extra.py
[2024-11-17T08:58:36.487+0000] {processor.py:914} INFO - Processing file /home/airflow/.local/lib/python3.12/site-packages/airflow/example_dags/example_inlet_event_extra.py for tasks to queue
[2024-11-17T08:58:36.493+0000] {logging_mixin.py:190} INFO - [2024-11-17T08:58:36.492+0000] {dagbag.py:588} INFO - Filling up the DagBag from /home/airflow/.local/lib/python3.12/site-packages/airflow/example_dags/example_inlet_event_extra.py
[2024-11-17T08:58:43.931+0000] {processor.py:925} INFO - DAG(s) 'read_dataset_event', 'read_dataset_event_from_classic' retrieved from /home/airflow/.local/lib/python3.12/site-packages/airflow/example_dags/example_inlet_event_extra.py
[2024-11-17T08:58:44.309+0000] {logging_mixin.py:190} INFO - [2024-11-17T08:58:44.308+0000] {dag.py:3239} INFO - Sync 2 DAGs
[2024-11-17T08:58:45.960+0000] {logging_mixin.py:190} INFO - [2024-11-17T08:58:45.958+0000] {dag.py:4180} INFO - Setting next_dagrun for read_dataset_event to 2024-11-16 00:00:00+00:00, run_after=2024-11-17 00:00:00+00:00
[2024-11-17T08:58:45.974+0000] {logging_mixin.py:190} INFO - [2024-11-17T08:58:45.974+0000] {dag.py:4180} INFO - Setting next_dagrun for read_dataset_event_from_classic to 2024-11-16 00:00:00+00:00, run_after=2024-11-17 00:00:00+00:00
[2024-11-17T08:58:46.054+0000] {processor.py:208} INFO - Processing /home/airflow/.local/lib/python3.12/site-packages/airflow/example_dags/example_inlet_event_extra.py took 9.589 seconds
[2024-11-17T08:59:16.573+0000] {processor.py:186} INFO - Started process (PID=245) to work on /home/airflow/.local/lib/python3.12/site-packages/airflow/example_dags/example_inlet_event_extra.py
[2024-11-17T08:59:16.576+0000] {processor.py:914} INFO - Processing file /home/airflow/.local/lib/python3.12/site-packages/airflow/example_dags/example_inlet_event_extra.py for tasks to queue
[2024-11-17T08:59:16.584+0000] {logging_mixin.py:190} INFO - [2024-11-17T08:59:16.582+0000] {dagbag.py:588} INFO - Filling up the DagBag from /home/airflow/.local/lib/python3.12/site-packages/airflow/example_dags/example_inlet_event_extra.py
[2024-11-17T08:59:20.849+0000] {processor.py:925} INFO - DAG(s) 'read_dataset_event_from_classic', 'read_dataset_event' retrieved from /home/airflow/.local/lib/python3.12/site-packages/airflow/example_dags/example_inlet_event_extra.py
[2024-11-17T08:59:20.930+0000] {logging_mixin.py:190} INFO - [2024-11-17T08:59:20.930+0000] {dag.py:3239} INFO - Sync 2 DAGs
[2024-11-17T08:59:22.092+0000] {logging_mixin.py:190} INFO - [2024-11-17T08:59:22.091+0000] {dag.py:4180} INFO - Setting next_dagrun for read_dataset_event to 2024-11-16 00:00:00+00:00, run_after=2024-11-17 00:00:00+00:00
[2024-11-17T08:59:22.123+0000] {logging_mixin.py:190} INFO - [2024-11-17T08:59:22.122+0000] {dag.py:4180} INFO - Setting next_dagrun for read_dataset_event_from_classic to 2024-11-16 00:00:00+00:00, run_after=2024-11-17 00:00:00+00:00
[2024-11-17T08:59:22.176+0000] {processor.py:208} INFO - Processing /home/airflow/.local/lib/python3.12/site-packages/airflow/example_dags/example_inlet_event_extra.py took 5.625 seconds
[2024-11-17T08:59:52.973+0000] {processor.py:186} INFO - Started process (PID=314) to work on /home/airflow/.local/lib/python3.12/site-packages/airflow/example_dags/example_inlet_event_extra.py
[2024-11-17T08:59:52.979+0000] {processor.py:914} INFO - Processing file /home/airflow/.local/lib/python3.12/site-packages/airflow/example_dags/example_inlet_event_extra.py for tasks to queue
[2024-11-17T08:59:52.992+0000] {logging_mixin.py:190} INFO - [2024-11-17T08:59:52.989+0000] {dagbag.py:588} INFO - Filling up the DagBag from /home/airflow/.local/lib/python3.12/site-packages/airflow/example_dags/example_inlet_event_extra.py
[2024-11-17T08:59:54.963+0000] {processor.py:925} INFO - DAG(s) 'read_dataset_event_from_classic', 'read_dataset_event' retrieved from /home/airflow/.local/lib/python3.12/site-packages/airflow/example_dags/example_inlet_event_extra.py
[2024-11-17T08:59:55.026+0000] {logging_mixin.py:190} INFO - [2024-11-17T08:59:55.025+0000] {dag.py:3239} INFO - Sync 2 DAGs
[2024-11-17T08:59:55.105+0000] {logging_mixin.py:190} INFO - [2024-11-17T08:59:55.105+0000] {dag.py:4180} INFO - Setting next_dagrun for read_dataset_event to 2024-11-16 00:00:00+00:00, run_after=2024-11-17 00:00:00+00:00
[2024-11-17T08:59:55.127+0000] {logging_mixin.py:190} INFO - [2024-11-17T08:59:55.126+0000] {dag.py:4180} INFO - Setting next_dagrun for read_dataset_event_from_classic to 2024-11-16 00:00:00+00:00, run_after=2024-11-17 00:00:00+00:00
[2024-11-17T08:59:55.181+0000] {processor.py:208} INFO - Processing /home/airflow/.local/lib/python3.12/site-packages/airflow/example_dags/example_inlet_event_extra.py took 2.222 seconds
[2024-11-17T09:00:25.369+0000] {processor.py:186} INFO - Started process (PID=381) to work on /home/airflow/.local/lib/python3.12/site-packages/airflow/example_dags/example_inlet_event_extra.py
[2024-11-17T09:00:25.372+0000] {processor.py:914} INFO - Processing file /home/airflow/.local/lib/python3.12/site-packages/airflow/example_dags/example_inlet_event_extra.py for tasks to queue
[2024-11-17T09:00:25.380+0000] {logging_mixin.py:190} INFO - [2024-11-17T09:00:25.379+0000] {dagbag.py:588} INFO - Filling up the DagBag from /home/airflow/.local/lib/python3.12/site-packages/airflow/example_dags/example_inlet_event_extra.py
[2024-11-17T09:00:27.378+0000] {processor.py:925} INFO - DAG(s) 'read_dataset_event_from_classic', 'read_dataset_event' retrieved from /home/airflow/.local/lib/python3.12/site-packages/airflow/example_dags/example_inlet_event_extra.py
[2024-11-17T09:00:27.450+0000] {logging_mixin.py:190} INFO - [2024-11-17T09:00:27.450+0000] {dag.py:3239} INFO - Sync 2 DAGs
[2024-11-17T09:00:27.542+0000] {logging_mixin.py:190} INFO - [2024-11-17T09:00:27.541+0000] {dag.py:4180} INFO - Setting next_dagrun for read_dataset_event to 2024-11-16 00:00:00+00:00, run_after=2024-11-17 00:00:00+00:00
[2024-11-17T09:00:27.560+0000] {logging_mixin.py:190} INFO - [2024-11-17T09:00:27.559+0000] {dag.py:4180} INFO - Setting next_dagrun for read_dataset_event_from_classic to 2024-11-16 00:00:00+00:00, run_after=2024-11-17 00:00:00+00:00
[2024-11-17T09:00:27.612+0000] {processor.py:208} INFO - Processing /home/airflow/.local/lib/python3.12/site-packages/airflow/example_dags/example_inlet_event_extra.py took 2.259 seconds
[2024-11-17T09:01:01.511+0000] {processor.py:186} INFO - Started process (PID=449) to work on /home/airflow/.local/lib/python3.12/site-packages/airflow/example_dags/example_inlet_event_extra.py
[2024-11-17T09:01:01.514+0000] {processor.py:914} INFO - Processing file /home/airflow/.local/lib/python3.12/site-packages/airflow/example_dags/example_inlet_event_extra.py for tasks to queue
[2024-11-17T09:01:01.522+0000] {logging_mixin.py:190} INFO - [2024-11-17T09:01:01.521+0000] {dagbag.py:588} INFO - Filling up the DagBag from /home/airflow/.local/lib/python3.12/site-packages/airflow/example_dags/example_inlet_event_extra.py
[2024-11-17T09:01:03.339+0000] {processor.py:925} INFO - DAG(s) 'read_dataset_event', 'read_dataset_event_from_classic' retrieved from /home/airflow/.local/lib/python3.12/site-packages/airflow/example_dags/example_inlet_event_extra.py
[2024-11-17T09:01:03.412+0000] {logging_mixin.py:190} INFO - [2024-11-17T09:01:03.411+0000] {dag.py:3239} INFO - Sync 2 DAGs
[2024-11-17T09:01:03.502+0000] {logging_mixin.py:190} INFO - [2024-11-17T09:01:03.501+0000] {dag.py:4180} INFO - Setting next_dagrun for read_dataset_event to 2024-11-16 00:00:00+00:00, run_after=2024-11-17 00:00:00+00:00
[2024-11-17T09:01:03.518+0000] {logging_mixin.py:190} INFO - [2024-11-17T09:01:03.517+0000] {dag.py:4180} INFO - Setting next_dagrun for read_dataset_event_from_classic to 2024-11-16 00:00:00+00:00, run_after=2024-11-17 00:00:00+00:00
[2024-11-17T09:01:03.574+0000] {processor.py:208} INFO - Processing /home/airflow/.local/lib/python3.12/site-packages/airflow/example_dags/example_inlet_event_extra.py took 2.083 seconds
[2024-11-17T09:01:33.811+0000] {processor.py:186} INFO - Started process (PID=515) to work on /home/airflow/.local/lib/python3.12/site-packages/airflow/example_dags/example_inlet_event_extra.py
[2024-11-17T09:01:33.814+0000] {processor.py:914} INFO - Processing file /home/airflow/.local/lib/python3.12/site-packages/airflow/example_dags/example_inlet_event_extra.py for tasks to queue
[2024-11-17T09:01:33.821+0000] {logging_mixin.py:190} INFO - [2024-11-17T09:01:33.820+0000] {dagbag.py:588} INFO - Filling up the DagBag from /home/airflow/.local/lib/python3.12/site-packages/airflow/example_dags/example_inlet_event_extra.py
[2024-11-17T09:01:35.531+0000] {processor.py:925} INFO - DAG(s) 'read_dataset_event_from_classic', 'read_dataset_event' retrieved from /home/airflow/.local/lib/python3.12/site-packages/airflow/example_dags/example_inlet_event_extra.py
[2024-11-17T09:01:35.582+0000] {logging_mixin.py:190} INFO - [2024-11-17T09:01:35.581+0000] {dag.py:3239} INFO - Sync 2 DAGs
[2024-11-17T09:01:35.651+0000] {logging_mixin.py:190} INFO - [2024-11-17T09:01:35.650+0000] {dag.py:4180} INFO - Setting next_dagrun for read_dataset_event to 2024-11-16 00:00:00+00:00, run_after=2024-11-17 00:00:00+00:00
[2024-11-17T09:01:35.667+0000] {logging_mixin.py:190} INFO - [2024-11-17T09:01:35.667+0000] {dag.py:4180} INFO - Setting next_dagrun for read_dataset_event_from_classic to 2024-11-16 00:00:00+00:00, run_after=2024-11-17 00:00:00+00:00
[2024-11-17T09:01:35.714+0000] {processor.py:208} INFO - Processing /home/airflow/.local/lib/python3.12/site-packages/airflow/example_dags/example_inlet_event_extra.py took 1.920 seconds
[2024-11-17T09:02:07.936+0000] {processor.py:186} INFO - Started process (PID=594) to work on /home/airflow/.local/lib/python3.12/site-packages/airflow/example_dags/example_inlet_event_extra.py
[2024-11-17T09:02:07.939+0000] {processor.py:914} INFO - Processing file /home/airflow/.local/lib/python3.12/site-packages/airflow/example_dags/example_inlet_event_extra.py for tasks to queue
[2024-11-17T09:02:07.946+0000] {logging_mixin.py:190} INFO - [2024-11-17T09:02:07.945+0000] {dagbag.py:588} INFO - Filling up the DagBag from /home/airflow/.local/lib/python3.12/site-packages/airflow/example_dags/example_inlet_event_extra.py
[2024-11-17T09:02:09.663+0000] {processor.py:925} INFO - DAG(s) 'read_dataset_event_from_classic', 'read_dataset_event' retrieved from /home/airflow/.local/lib/python3.12/site-packages/airflow/example_dags/example_inlet_event_extra.py
[2024-11-17T09:02:09.723+0000] {logging_mixin.py:190} INFO - [2024-11-17T09:02:09.722+0000] {dag.py:3239} INFO - Sync 2 DAGs
[2024-11-17T09:02:09.795+0000] {logging_mixin.py:190} INFO - [2024-11-17T09:02:09.794+0000] {dag.py:4180} INFO - Setting next_dagrun for read_dataset_event to 2024-11-16 00:00:00+00:00, run_after=2024-11-17 00:00:00+00:00
[2024-11-17T09:02:09.809+0000] {logging_mixin.py:190} INFO - [2024-11-17T09:02:09.808+0000] {dag.py:4180} INFO - Setting next_dagrun for read_dataset_event_from_classic to 2024-11-16 00:00:00+00:00, run_after=2024-11-17 00:00:00+00:00
[2024-11-17T09:02:09.853+0000] {processor.py:208} INFO - Processing /home/airflow/.local/lib/python3.12/site-packages/airflow/example_dags/example_inlet_event_extra.py took 1.938 seconds
[2024-11-17T09:02:44.186+0000] {processor.py:186} INFO - Started process (PID=669) to work on /home/airflow/.local/lib/python3.12/site-packages/airflow/example_dags/example_inlet_event_extra.py
[2024-11-17T09:02:44.189+0000] {processor.py:914} INFO - Processing file /home/airflow/.local/lib/python3.12/site-packages/airflow/example_dags/example_inlet_event_extra.py for tasks to queue
[2024-11-17T09:02:44.199+0000] {logging_mixin.py:190} INFO - [2024-11-17T09:02:44.198+0000] {dagbag.py:588} INFO - Filling up the DagBag from /home/airflow/.local/lib/python3.12/site-packages/airflow/example_dags/example_inlet_event_extra.py
[2024-11-17T09:02:46.079+0000] {processor.py:925} INFO - DAG(s) 'read_dataset_event_from_classic', 'read_dataset_event' retrieved from /home/airflow/.local/lib/python3.12/site-packages/airflow/example_dags/example_inlet_event_extra.py
[2024-11-17T09:02:46.134+0000] {logging_mixin.py:190} INFO - [2024-11-17T09:02:46.133+0000] {dag.py:3239} INFO - Sync 2 DAGs
[2024-11-17T09:02:46.213+0000] {logging_mixin.py:190} INFO - [2024-11-17T09:02:46.212+0000] {dag.py:4180} INFO - Setting next_dagrun for read_dataset_event to 2024-11-16 00:00:00+00:00, run_after=2024-11-17 00:00:00+00:00
[2024-11-17T09:02:46.230+0000] {logging_mixin.py:190} INFO - [2024-11-17T09:02:46.229+0000] {dag.py:4180} INFO - Setting next_dagrun for read_dataset_event_from_classic to 2024-11-16 00:00:00+00:00, run_after=2024-11-17 00:00:00+00:00
[2024-11-17T09:02:46.280+0000] {processor.py:208} INFO - Processing /home/airflow/.local/lib/python3.12/site-packages/airflow/example_dags/example_inlet_event_extra.py took 2.116 seconds
[2024-11-17T09:03:16.578+0000] {processor.py:186} INFO - Started process (PID=739) to work on /home/airflow/.local/lib/python3.12/site-packages/airflow/example_dags/example_inlet_event_extra.py
[2024-11-17T09:03:16.582+0000] {processor.py:914} INFO - Processing file /home/airflow/.local/lib/python3.12/site-packages/airflow/example_dags/example_inlet_event_extra.py for tasks to queue
[2024-11-17T09:03:16.591+0000] {logging_mixin.py:190} INFO - [2024-11-17T09:03:16.589+0000] {dagbag.py:588} INFO - Filling up the DagBag from /home/airflow/.local/lib/python3.12/site-packages/airflow/example_dags/example_inlet_event_extra.py
[2024-11-17T09:03:18.691+0000] {processor.py:925} INFO - DAG(s) 'read_dataset_event_from_classic', 'read_dataset_event' retrieved from /home/airflow/.local/lib/python3.12/site-packages/airflow/example_dags/example_inlet_event_extra.py
[2024-11-17T09:03:18.744+0000] {logging_mixin.py:190} INFO - [2024-11-17T09:03:18.743+0000] {dag.py:3239} INFO - Sync 2 DAGs
[2024-11-17T09:03:18.827+0000] {logging_mixin.py:190} INFO - [2024-11-17T09:03:18.826+0000] {dag.py:4180} INFO - Setting next_dagrun for read_dataset_event to 2024-11-16 00:00:00+00:00, run_after=2024-11-17 00:00:00+00:00
[2024-11-17T09:03:18.841+0000] {logging_mixin.py:190} INFO - [2024-11-17T09:03:18.841+0000] {dag.py:4180} INFO - Setting next_dagrun for read_dataset_event_from_classic to 2024-11-16 00:00:00+00:00, run_after=2024-11-17 00:00:00+00:00
[2024-11-17T09:03:18.895+0000] {processor.py:208} INFO - Processing /home/airflow/.local/lib/python3.12/site-packages/airflow/example_dags/example_inlet_event_extra.py took 2.338 seconds
[2024-11-17T09:03:49.472+0000] {processor.py:186} INFO - Started process (PID=808) to work on /home/airflow/.local/lib/python3.12/site-packages/airflow/example_dags/example_inlet_event_extra.py
[2024-11-17T09:03:49.474+0000] {processor.py:914} INFO - Processing file /home/airflow/.local/lib/python3.12/site-packages/airflow/example_dags/example_inlet_event_extra.py for tasks to queue
[2024-11-17T09:03:49.482+0000] {logging_mixin.py:190} INFO - [2024-11-17T09:03:49.481+0000] {dagbag.py:588} INFO - Filling up the DagBag from /home/airflow/.local/lib/python3.12/site-packages/airflow/example_dags/example_inlet_event_extra.py
[2024-11-17T09:03:51.366+0000] {processor.py:925} INFO - DAG(s) 'read_dataset_event_from_classic', 'read_dataset_event' retrieved from /home/airflow/.local/lib/python3.12/site-packages/airflow/example_dags/example_inlet_event_extra.py
[2024-11-17T09:03:51.475+0000] {logging_mixin.py:190} INFO - [2024-11-17T09:03:51.474+0000] {dag.py:3239} INFO - Sync 2 DAGs
[2024-11-17T09:03:51.579+0000] {logging_mixin.py:190} INFO - [2024-11-17T09:03:51.578+0000] {dag.py:4180} INFO - Setting next_dagrun for read_dataset_event to 2024-11-16 00:00:00+00:00, run_after=2024-11-17 00:00:00+00:00
[2024-11-17T09:03:51.604+0000] {logging_mixin.py:190} INFO - [2024-11-17T09:03:51.603+0000] {dag.py:4180} INFO - Setting next_dagrun for read_dataset_event_from_classic to 2024-11-16 00:00:00+00:00, run_after=2024-11-17 00:00:00+00:00
[2024-11-17T09:03:51.665+0000] {processor.py:208} INFO - Processing /home/airflow/.local/lib/python3.12/site-packages/airflow/example_dags/example_inlet_event_extra.py took 2.210 seconds
[2024-11-17T09:04:22.171+0000] {processor.py:186} INFO - Started process (PID=879) to work on /home/airflow/.local/lib/python3.12/site-packages/airflow/example_dags/example_inlet_event_extra.py
[2024-11-17T09:04:22.173+0000] {processor.py:914} INFO - Processing file /home/airflow/.local/lib/python3.12/site-packages/airflow/example_dags/example_inlet_event_extra.py for tasks to queue
[2024-11-17T09:04:22.180+0000] {logging_mixin.py:190} INFO - [2024-11-17T09:04:22.179+0000] {dagbag.py:588} INFO - Filling up the DagBag from /home/airflow/.local/lib/python3.12/site-packages/airflow/example_dags/example_inlet_event_extra.py
[2024-11-17T09:04:23.820+0000] {processor.py:925} INFO - DAG(s) 'read_dataset_event_from_classic', 'read_dataset_event' retrieved from /home/airflow/.local/lib/python3.12/site-packages/airflow/example_dags/example_inlet_event_extra.py
[2024-11-17T09:04:23.873+0000] {logging_mixin.py:190} INFO - [2024-11-17T09:04:23.872+0000] {dag.py:3239} INFO - Sync 2 DAGs
[2024-11-17T09:04:23.949+0000] {logging_mixin.py:190} INFO - [2024-11-17T09:04:23.948+0000] {dag.py:4180} INFO - Setting next_dagrun for read_dataset_event to 2024-11-16 00:00:00+00:00, run_after=2024-11-17 00:00:00+00:00
[2024-11-17T09:04:23.966+0000] {logging_mixin.py:190} INFO - [2024-11-17T09:04:23.965+0000] {dag.py:4180} INFO - Setting next_dagrun for read_dataset_event_from_classic to 2024-11-16 00:00:00+00:00, run_after=2024-11-17 00:00:00+00:00
[2024-11-17T09:04:24.033+0000] {processor.py:208} INFO - Processing /home/airflow/.local/lib/python3.12/site-packages/airflow/example_dags/example_inlet_event_extra.py took 1.878 seconds
[2024-11-17T09:04:54.948+0000] {processor.py:186} INFO - Started process (PID=949) to work on /home/airflow/.local/lib/python3.12/site-packages/airflow/example_dags/example_inlet_event_extra.py
[2024-11-17T09:04:54.951+0000] {processor.py:914} INFO - Processing file /home/airflow/.local/lib/python3.12/site-packages/airflow/example_dags/example_inlet_event_extra.py for tasks to queue
[2024-11-17T09:04:54.958+0000] {logging_mixin.py:190} INFO - [2024-11-17T09:04:54.957+0000] {dagbag.py:588} INFO - Filling up the DagBag from /home/airflow/.local/lib/python3.12/site-packages/airflow/example_dags/example_inlet_event_extra.py
[2024-11-17T09:04:56.847+0000] {processor.py:925} INFO - DAG(s) 'read_dataset_event_from_classic', 'read_dataset_event' retrieved from /home/airflow/.local/lib/python3.12/site-packages/airflow/example_dags/example_inlet_event_extra.py
[2024-11-17T09:04:56.902+0000] {logging_mixin.py:190} INFO - [2024-11-17T09:04:56.902+0000] {dag.py:3239} INFO - Sync 2 DAGs
[2024-11-17T09:04:56.982+0000] {logging_mixin.py:190} INFO - [2024-11-17T09:04:56.981+0000] {dag.py:4180} INFO - Setting next_dagrun for read_dataset_event to 2024-11-16 00:00:00+00:00, run_after=2024-11-17 00:00:00+00:00
[2024-11-17T09:04:57.001+0000] {logging_mixin.py:190} INFO - [2024-11-17T09:04:57.000+0000] {dag.py:4180} INFO - Setting next_dagrun for read_dataset_event_from_classic to 2024-11-16 00:00:00+00:00, run_after=2024-11-17 00:00:00+00:00
[2024-11-17T09:04:57.059+0000] {processor.py:208} INFO - Processing /home/airflow/.local/lib/python3.12/site-packages/airflow/example_dags/example_inlet_event_extra.py took 2.133 seconds
[2024-11-17T09:05:27.889+0000] {processor.py:186} INFO - Started process (PID=1017) to work on /home/airflow/.local/lib/python3.12/site-packages/airflow/example_dags/example_inlet_event_extra.py
[2024-11-17T09:05:27.892+0000] {processor.py:914} INFO - Processing file /home/airflow/.local/lib/python3.12/site-packages/airflow/example_dags/example_inlet_event_extra.py for tasks to queue
[2024-11-17T09:05:27.900+0000] {logging_mixin.py:190} INFO - [2024-11-17T09:05:27.899+0000] {dagbag.py:588} INFO - Filling up the DagBag from /home/airflow/.local/lib/python3.12/site-packages/airflow/example_dags/example_inlet_event_extra.py
[2024-11-17T09:05:29.755+0000] {processor.py:925} INFO - DAG(s) 'read_dataset_event', 'read_dataset_event_from_classic' retrieved from /home/airflow/.local/lib/python3.12/site-packages/airflow/example_dags/example_inlet_event_extra.py
[2024-11-17T09:05:29.819+0000] {logging_mixin.py:190} INFO - [2024-11-17T09:05:29.818+0000] {dag.py:3239} INFO - Sync 2 DAGs
[2024-11-17T09:05:29.894+0000] {logging_mixin.py:190} INFO - [2024-11-17T09:05:29.893+0000] {dag.py:4180} INFO - Setting next_dagrun for read_dataset_event to 2024-11-16 00:00:00+00:00, run_after=2024-11-17 00:00:00+00:00
[2024-11-17T09:05:29.916+0000] {logging_mixin.py:190} INFO - [2024-11-17T09:05:29.915+0000] {dag.py:4180} INFO - Setting next_dagrun for read_dataset_event_from_classic to 2024-11-16 00:00:00+00:00, run_after=2024-11-17 00:00:00+00:00
[2024-11-17T09:05:29.961+0000] {processor.py:208} INFO - Processing /home/airflow/.local/lib/python3.12/site-packages/airflow/example_dags/example_inlet_event_extra.py took 2.095 seconds
[2024-11-17T09:06:00.149+0000] {processor.py:186} INFO - Started process (PID=1087) to work on /home/airflow/.local/lib/python3.12/site-packages/airflow/example_dags/example_inlet_event_extra.py
[2024-11-17T09:06:00.152+0000] {processor.py:914} INFO - Processing file /home/airflow/.local/lib/python3.12/site-packages/airflow/example_dags/example_inlet_event_extra.py for tasks to queue
[2024-11-17T09:06:00.159+0000] {logging_mixin.py:190} INFO - [2024-11-17T09:06:00.158+0000] {dagbag.py:588} INFO - Filling up the DagBag from /home/airflow/.local/lib/python3.12/site-packages/airflow/example_dags/example_inlet_event_extra.py
[2024-11-17T09:06:02.153+0000] {processor.py:925} INFO - DAG(s) 'read_dataset_event', 'read_dataset_event_from_classic' retrieved from /home/airflow/.local/lib/python3.12/site-packages/airflow/example_dags/example_inlet_event_extra.py
[2024-11-17T09:06:02.207+0000] {logging_mixin.py:190} INFO - [2024-11-17T09:06:02.207+0000] {dag.py:3239} INFO - Sync 2 DAGs
[2024-11-17T09:06:02.277+0000] {logging_mixin.py:190} INFO - [2024-11-17T09:06:02.277+0000] {dag.py:4180} INFO - Setting next_dagrun for read_dataset_event to 2024-11-16 00:00:00+00:00, run_after=2024-11-17 00:00:00+00:00
[2024-11-17T09:06:02.292+0000] {logging_mixin.py:190} INFO - [2024-11-17T09:06:02.291+0000] {dag.py:4180} INFO - Setting next_dagrun for read_dataset_event_from_classic to 2024-11-16 00:00:00+00:00, run_after=2024-11-17 00:00:00+00:00
[2024-11-17T09:06:02.335+0000] {processor.py:208} INFO - Processing /home/airflow/.local/lib/python3.12/site-packages/airflow/example_dags/example_inlet_event_extra.py took 2.206 seconds
[2024-11-17T09:06:33.122+0000] {processor.py:186} INFO - Started process (PID=1160) to work on /home/airflow/.local/lib/python3.12/site-packages/airflow/example_dags/example_inlet_event_extra.py
[2024-11-17T09:06:33.126+0000] {processor.py:914} INFO - Processing file /home/airflow/.local/lib/python3.12/site-packages/airflow/example_dags/example_inlet_event_extra.py for tasks to queue
[2024-11-17T09:06:33.138+0000] {logging_mixin.py:190} INFO - [2024-11-17T09:06:33.137+0000] {dagbag.py:588} INFO - Filling up the DagBag from /home/airflow/.local/lib/python3.12/site-packages/airflow/example_dags/example_inlet_event_extra.py
[2024-11-17T09:06:35.378+0000] {processor.py:925} INFO - DAG(s) 'read_dataset_event_from_classic', 'read_dataset_event' retrieved from /home/airflow/.local/lib/python3.12/site-packages/airflow/example_dags/example_inlet_event_extra.py
[2024-11-17T09:06:35.445+0000] {logging_mixin.py:190} INFO - [2024-11-17T09:06:35.444+0000] {dag.py:3239} INFO - Sync 2 DAGs
[2024-11-17T09:06:35.528+0000] {logging_mixin.py:190} INFO - [2024-11-17T09:06:35.528+0000] {dag.py:4180} INFO - Setting next_dagrun for read_dataset_event to 2024-11-16 00:00:00+00:00, run_after=2024-11-17 00:00:00+00:00
[2024-11-17T09:06:35.544+0000] {logging_mixin.py:190} INFO - [2024-11-17T09:06:35.543+0000] {dag.py:4180} INFO - Setting next_dagrun for read_dataset_event_from_classic to 2024-11-16 00:00:00+00:00, run_after=2024-11-17 00:00:00+00:00
[2024-11-17T09:06:35.593+0000] {processor.py:208} INFO - Processing /home/airflow/.local/lib/python3.12/site-packages/airflow/example_dags/example_inlet_event_extra.py took 2.491 seconds
[2024-11-17T09:07:06.238+0000] {processor.py:186} INFO - Started process (PID=1226) to work on /home/airflow/.local/lib/python3.12/site-packages/airflow/example_dags/example_inlet_event_extra.py
[2024-11-17T09:07:06.241+0000] {processor.py:914} INFO - Processing file /home/airflow/.local/lib/python3.12/site-packages/airflow/example_dags/example_inlet_event_extra.py for tasks to queue
[2024-11-17T09:07:06.247+0000] {logging_mixin.py:190} INFO - [2024-11-17T09:07:06.246+0000] {dagbag.py:588} INFO - Filling up the DagBag from /home/airflow/.local/lib/python3.12/site-packages/airflow/example_dags/example_inlet_event_extra.py
[2024-11-17T09:07:08.678+0000] {processor.py:925} INFO - DAG(s) 'read_dataset_event_from_classic', 'read_dataset_event' retrieved from /home/airflow/.local/lib/python3.12/site-packages/airflow/example_dags/example_inlet_event_extra.py
[2024-11-17T09:07:08.736+0000] {logging_mixin.py:190} INFO - [2024-11-17T09:07:08.736+0000] {dag.py:3239} INFO - Sync 2 DAGs
[2024-11-17T09:07:08.873+0000] {logging_mixin.py:190} INFO - [2024-11-17T09:07:08.872+0000] {dag.py:4180} INFO - Setting next_dagrun for read_dataset_event to 2024-11-16 00:00:00+00:00, run_after=2024-11-17 00:00:00+00:00
[2024-11-17T09:07:08.908+0000] {logging_mixin.py:190} INFO - [2024-11-17T09:07:08.907+0000] {dag.py:4180} INFO - Setting next_dagrun for read_dataset_event_from_classic to 2024-11-16 00:00:00+00:00, run_after=2024-11-17 00:00:00+00:00
[2024-11-17T09:07:08.958+0000] {processor.py:208} INFO - Processing /home/airflow/.local/lib/python3.12/site-packages/airflow/example_dags/example_inlet_event_extra.py took 2.737 seconds
[2024-11-17T09:07:39.244+0000] {processor.py:186} INFO - Started process (PID=1299) to work on /home/airflow/.local/lib/python3.12/site-packages/airflow/example_dags/example_inlet_event_extra.py
[2024-11-17T09:07:39.252+0000] {processor.py:914} INFO - Processing file /home/airflow/.local/lib/python3.12/site-packages/airflow/example_dags/example_inlet_event_extra.py for tasks to queue
[2024-11-17T09:07:39.262+0000] {logging_mixin.py:190} INFO - [2024-11-17T09:07:39.261+0000] {dagbag.py:588} INFO - Filling up the DagBag from /home/airflow/.local/lib/python3.12/site-packages/airflow/example_dags/example_inlet_event_extra.py
[2024-11-17T09:07:41.044+0000] {processor.py:925} INFO - DAG(s) 'read_dataset_event_from_classic', 'read_dataset_event' retrieved from /home/airflow/.local/lib/python3.12/site-packages/airflow/example_dags/example_inlet_event_extra.py
[2024-11-17T09:07:41.096+0000] {logging_mixin.py:190} INFO - [2024-11-17T09:07:41.096+0000] {dag.py:3239} INFO - Sync 2 DAGs
[2024-11-17T09:07:41.161+0000] {logging_mixin.py:190} INFO - [2024-11-17T09:07:41.161+0000] {dag.py:4180} INFO - Setting next_dagrun for read_dataset_event to 2024-11-16 00:00:00+00:00, run_after=2024-11-17 00:00:00+00:00
[2024-11-17T09:07:41.176+0000] {logging_mixin.py:190} INFO - [2024-11-17T09:07:41.175+0000] {dag.py:4180} INFO - Setting next_dagrun for read_dataset_event_from_classic to 2024-11-16 00:00:00+00:00, run_after=2024-11-17 00:00:00+00:00
[2024-11-17T09:07:41.225+0000] {processor.py:208} INFO - Processing /home/airflow/.local/lib/python3.12/site-packages/airflow/example_dags/example_inlet_event_extra.py took 2.010 seconds
[2024-11-17T09:08:11.482+0000] {processor.py:186} INFO - Started process (PID=1365) to work on /home/airflow/.local/lib/python3.12/site-packages/airflow/example_dags/example_inlet_event_extra.py
[2024-11-17T09:08:11.485+0000] {processor.py:914} INFO - Processing file /home/airflow/.local/lib/python3.12/site-packages/airflow/example_dags/example_inlet_event_extra.py for tasks to queue
[2024-11-17T09:08:11.493+0000] {logging_mixin.py:190} INFO - [2024-11-17T09:08:11.492+0000] {dagbag.py:588} INFO - Filling up the DagBag from /home/airflow/.local/lib/python3.12/site-packages/airflow/example_dags/example_inlet_event_extra.py
[2024-11-17T09:08:13.068+0000] {processor.py:925} INFO - DAG(s) 'read_dataset_event_from_classic', 'read_dataset_event' retrieved from /home/airflow/.local/lib/python3.12/site-packages/airflow/example_dags/example_inlet_event_extra.py
[2024-11-17T09:08:13.119+0000] {logging_mixin.py:190} INFO - [2024-11-17T09:08:13.118+0000] {dag.py:3239} INFO - Sync 2 DAGs
[2024-11-17T09:08:13.186+0000] {logging_mixin.py:190} INFO - [2024-11-17T09:08:13.185+0000] {dag.py:4180} INFO - Setting next_dagrun for read_dataset_event to 2024-11-16 00:00:00+00:00, run_after=2024-11-17 00:00:00+00:00
[2024-11-17T09:08:13.200+0000] {logging_mixin.py:190} INFO - [2024-11-17T09:08:13.200+0000] {dag.py:4180} INFO - Setting next_dagrun for read_dataset_event_from_classic to 2024-11-16 00:00:00+00:00, run_after=2024-11-17 00:00:00+00:00
[2024-11-17T09:08:13.248+0000] {processor.py:208} INFO - Processing /home/airflow/.local/lib/python3.12/site-packages/airflow/example_dags/example_inlet_event_extra.py took 1.784 seconds
[2024-11-17T09:08:43.454+0000] {processor.py:186} INFO - Started process (PID=1431) to work on /home/airflow/.local/lib/python3.12/site-packages/airflow/example_dags/example_inlet_event_extra.py
[2024-11-17T09:08:43.457+0000] {processor.py:914} INFO - Processing file /home/airflow/.local/lib/python3.12/site-packages/airflow/example_dags/example_inlet_event_extra.py for tasks to queue
[2024-11-17T09:08:43.463+0000] {logging_mixin.py:190} INFO - [2024-11-17T09:08:43.463+0000] {dagbag.py:588} INFO - Filling up the DagBag from /home/airflow/.local/lib/python3.12/site-packages/airflow/example_dags/example_inlet_event_extra.py
[2024-11-17T09:08:45.032+0000] {processor.py:925} INFO - DAG(s) 'read_dataset_event_from_classic', 'read_dataset_event' retrieved from /home/airflow/.local/lib/python3.12/site-packages/airflow/example_dags/example_inlet_event_extra.py
[2024-11-17T09:08:45.120+0000] {logging_mixin.py:190} INFO - [2024-11-17T09:08:45.120+0000] {dag.py:3239} INFO - Sync 2 DAGs
[2024-11-17T09:08:45.227+0000] {logging_mixin.py:190} INFO - [2024-11-17T09:08:45.226+0000] {dag.py:4180} INFO - Setting next_dagrun for read_dataset_event to 2024-11-16 00:00:00+00:00, run_after=2024-11-17 00:00:00+00:00
[2024-11-17T09:08:45.243+0000] {logging_mixin.py:190} INFO - [2024-11-17T09:08:45.242+0000] {dag.py:4180} INFO - Setting next_dagrun for read_dataset_event_from_classic to 2024-11-16 00:00:00+00:00, run_after=2024-11-17 00:00:00+00:00
[2024-11-17T09:08:45.289+0000] {processor.py:208} INFO - Processing /home/airflow/.local/lib/python3.12/site-packages/airflow/example_dags/example_inlet_event_extra.py took 1.851 seconds
[2024-11-17T09:09:15.931+0000] {processor.py:186} INFO - Started process (PID=1497) to work on /home/airflow/.local/lib/python3.12/site-packages/airflow/example_dags/example_inlet_event_extra.py
[2024-11-17T09:09:15.934+0000] {processor.py:914} INFO - Processing file /home/airflow/.local/lib/python3.12/site-packages/airflow/example_dags/example_inlet_event_extra.py for tasks to queue
[2024-11-17T09:09:15.941+0000] {logging_mixin.py:190} INFO - [2024-11-17T09:09:15.940+0000] {dagbag.py:588} INFO - Filling up the DagBag from /home/airflow/.local/lib/python3.12/site-packages/airflow/example_dags/example_inlet_event_extra.py
[2024-11-17T09:09:17.695+0000] {processor.py:925} INFO - DAG(s) 'read_dataset_event_from_classic', 'read_dataset_event' retrieved from /home/airflow/.local/lib/python3.12/site-packages/airflow/example_dags/example_inlet_event_extra.py
[2024-11-17T09:09:17.757+0000] {logging_mixin.py:190} INFO - [2024-11-17T09:09:17.756+0000] {dag.py:3239} INFO - Sync 2 DAGs
[2024-11-17T09:09:17.828+0000] {logging_mixin.py:190} INFO - [2024-11-17T09:09:17.827+0000] {dag.py:4180} INFO - Setting next_dagrun for read_dataset_event to 2024-11-16 00:00:00+00:00, run_after=2024-11-17 00:00:00+00:00
[2024-11-17T09:09:17.842+0000] {logging_mixin.py:190} INFO - [2024-11-17T09:09:17.842+0000] {dag.py:4180} INFO - Setting next_dagrun for read_dataset_event_from_classic to 2024-11-16 00:00:00+00:00, run_after=2024-11-17 00:00:00+00:00
[2024-11-17T09:09:17.893+0000] {processor.py:208} INFO - Processing /home/airflow/.local/lib/python3.12/site-packages/airflow/example_dags/example_inlet_event_extra.py took 1.978 seconds
[2024-11-17T09:09:48.178+0000] {processor.py:186} INFO - Started process (PID=1563) to work on /home/airflow/.local/lib/python3.12/site-packages/airflow/example_dags/example_inlet_event_extra.py
[2024-11-17T09:09:48.180+0000] {processor.py:914} INFO - Processing file /home/airflow/.local/lib/python3.12/site-packages/airflow/example_dags/example_inlet_event_extra.py for tasks to queue
[2024-11-17T09:09:48.187+0000] {logging_mixin.py:190} INFO - [2024-11-17T09:09:48.186+0000] {dagbag.py:588} INFO - Filling up the DagBag from /home/airflow/.local/lib/python3.12/site-packages/airflow/example_dags/example_inlet_event_extra.py
[2024-11-17T09:09:49.901+0000] {processor.py:925} INFO - DAG(s) 'read_dataset_event', 'read_dataset_event_from_classic' retrieved from /home/airflow/.local/lib/python3.12/site-packages/airflow/example_dags/example_inlet_event_extra.py
[2024-11-17T09:09:49.991+0000] {logging_mixin.py:190} INFO - [2024-11-17T09:09:49.990+0000] {dag.py:3239} INFO - Sync 2 DAGs
[2024-11-17T09:09:50.087+0000] {logging_mixin.py:190} INFO - [2024-11-17T09:09:50.086+0000] {dag.py:4180} INFO - Setting next_dagrun for read_dataset_event to 2024-11-16 00:00:00+00:00, run_after=2024-11-17 00:00:00+00:00
[2024-11-17T09:09:50.106+0000] {logging_mixin.py:190} INFO - [2024-11-17T09:09:50.106+0000] {dag.py:4180} INFO - Setting next_dagrun for read_dataset_event_from_classic to 2024-11-16 00:00:00+00:00, run_after=2024-11-17 00:00:00+00:00
[2024-11-17T09:09:50.162+0000] {processor.py:208} INFO - Processing /home/airflow/.local/lib/python3.12/site-packages/airflow/example_dags/example_inlet_event_extra.py took 2.000 seconds
[2024-11-17T09:10:20.342+0000] {processor.py:186} INFO - Started process (PID=1629) to work on /home/airflow/.local/lib/python3.12/site-packages/airflow/example_dags/example_inlet_event_extra.py
[2024-11-17T09:10:20.344+0000] {processor.py:914} INFO - Processing file /home/airflow/.local/lib/python3.12/site-packages/airflow/example_dags/example_inlet_event_extra.py for tasks to queue
[2024-11-17T09:10:20.351+0000] {logging_mixin.py:190} INFO - [2024-11-17T09:10:20.350+0000] {dagbag.py:588} INFO - Filling up the DagBag from /home/airflow/.local/lib/python3.12/site-packages/airflow/example_dags/example_inlet_event_extra.py
[2024-11-17T09:10:21.849+0000] {processor.py:925} INFO - DAG(s) 'read_dataset_event', 'read_dataset_event_from_classic' retrieved from /home/airflow/.local/lib/python3.12/site-packages/airflow/example_dags/example_inlet_event_extra.py
[2024-11-17T09:10:21.902+0000] {logging_mixin.py:190} INFO - [2024-11-17T09:10:21.901+0000] {dag.py:3239} INFO - Sync 2 DAGs
[2024-11-17T09:10:21.973+0000] {logging_mixin.py:190} INFO - [2024-11-17T09:10:21.972+0000] {dag.py:4180} INFO - Setting next_dagrun for read_dataset_event to 2024-11-16 00:00:00+00:00, run_after=2024-11-17 00:00:00+00:00
[2024-11-17T09:10:21.987+0000] {logging_mixin.py:190} INFO - [2024-11-17T09:10:21.987+0000] {dag.py:4180} INFO - Setting next_dagrun for read_dataset_event_from_classic to 2024-11-16 00:00:00+00:00, run_after=2024-11-17 00:00:00+00:00
[2024-11-17T09:10:22.034+0000] {processor.py:208} INFO - Processing /home/airflow/.local/lib/python3.12/site-packages/airflow/example_dags/example_inlet_event_extra.py took 1.708 seconds
[2024-11-17T09:10:53.367+0000] {processor.py:186} INFO - Started process (PID=1698) to work on /home/airflow/.local/lib/python3.12/site-packages/airflow/example_dags/example_inlet_event_extra.py
[2024-11-17T09:10:53.370+0000] {processor.py:914} INFO - Processing file /home/airflow/.local/lib/python3.12/site-packages/airflow/example_dags/example_inlet_event_extra.py for tasks to queue
[2024-11-17T09:10:53.376+0000] {logging_mixin.py:190} INFO - [2024-11-17T09:10:53.375+0000] {dagbag.py:588} INFO - Filling up the DagBag from /home/airflow/.local/lib/python3.12/site-packages/airflow/example_dags/example_inlet_event_extra.py
[2024-11-17T09:10:55.515+0000] {processor.py:925} INFO - DAG(s) 'read_dataset_event', 'read_dataset_event_from_classic' retrieved from /home/airflow/.local/lib/python3.12/site-packages/airflow/example_dags/example_inlet_event_extra.py
[2024-11-17T09:10:55.592+0000] {logging_mixin.py:190} INFO - [2024-11-17T09:10:55.592+0000] {dag.py:3239} INFO - Sync 2 DAGs
[2024-11-17T09:10:55.696+0000] {logging_mixin.py:190} INFO - [2024-11-17T09:10:55.696+0000] {dag.py:4180} INFO - Setting next_dagrun for read_dataset_event to 2024-11-16 00:00:00+00:00, run_after=2024-11-17 00:00:00+00:00
[2024-11-17T09:10:55.716+0000] {logging_mixin.py:190} INFO - [2024-11-17T09:10:55.715+0000] {dag.py:4180} INFO - Setting next_dagrun for read_dataset_event_from_classic to 2024-11-16 00:00:00+00:00, run_after=2024-11-17 00:00:00+00:00
[2024-11-17T09:10:55.775+0000] {processor.py:208} INFO - Processing /home/airflow/.local/lib/python3.12/site-packages/airflow/example_dags/example_inlet_event_extra.py took 2.426 seconds
[2024-11-17T09:11:25.978+0000] {processor.py:186} INFO - Started process (PID=1769) to work on /home/airflow/.local/lib/python3.12/site-packages/airflow/example_dags/example_inlet_event_extra.py
[2024-11-17T09:11:25.981+0000] {processor.py:914} INFO - Processing file /home/airflow/.local/lib/python3.12/site-packages/airflow/example_dags/example_inlet_event_extra.py for tasks to queue
[2024-11-17T09:11:25.987+0000] {logging_mixin.py:190} INFO - [2024-11-17T09:11:25.986+0000] {dagbag.py:588} INFO - Filling up the DagBag from /home/airflow/.local/lib/python3.12/site-packages/airflow/example_dags/example_inlet_event_extra.py
[2024-11-17T09:11:27.583+0000] {processor.py:925} INFO - DAG(s) 'read_dataset_event_from_classic', 'read_dataset_event' retrieved from /home/airflow/.local/lib/python3.12/site-packages/airflow/example_dags/example_inlet_event_extra.py
[2024-11-17T09:11:27.639+0000] {logging_mixin.py:190} INFO - [2024-11-17T09:11:27.638+0000] {dag.py:3239} INFO - Sync 2 DAGs
[2024-11-17T09:11:27.718+0000] {logging_mixin.py:190} INFO - [2024-11-17T09:11:27.717+0000] {dag.py:4180} INFO - Setting next_dagrun for read_dataset_event to 2024-11-16 00:00:00+00:00, run_after=2024-11-17 00:00:00+00:00
[2024-11-17T09:11:27.732+0000] {logging_mixin.py:190} INFO - [2024-11-17T09:11:27.731+0000] {dag.py:4180} INFO - Setting next_dagrun for read_dataset_event_from_classic to 2024-11-16 00:00:00+00:00, run_after=2024-11-17 00:00:00+00:00
[2024-11-17T09:11:27.777+0000] {processor.py:208} INFO - Processing /home/airflow/.local/lib/python3.12/site-packages/airflow/example_dags/example_inlet_event_extra.py took 1.817 seconds
[2024-11-17T09:11:57.909+0000] {processor.py:186} INFO - Started process (PID=1837) to work on /home/airflow/.local/lib/python3.12/site-packages/airflow/example_dags/example_inlet_event_extra.py
[2024-11-17T09:11:57.912+0000] {processor.py:914} INFO - Processing file /home/airflow/.local/lib/python3.12/site-packages/airflow/example_dags/example_inlet_event_extra.py for tasks to queue
[2024-11-17T09:11:57.922+0000] {logging_mixin.py:190} INFO - [2024-11-17T09:11:57.920+0000] {dagbag.py:588} INFO - Filling up the DagBag from /home/airflow/.local/lib/python3.12/site-packages/airflow/example_dags/example_inlet_event_extra.py
[2024-11-17T09:11:59.757+0000] {processor.py:925} INFO - DAG(s) 'read_dataset_event_from_classic', 'read_dataset_event' retrieved from /home/airflow/.local/lib/python3.12/site-packages/airflow/example_dags/example_inlet_event_extra.py
[2024-11-17T09:11:59.815+0000] {logging_mixin.py:190} INFO - [2024-11-17T09:11:59.815+0000] {dag.py:3239} INFO - Sync 2 DAGs
[2024-11-17T09:11:59.890+0000] {logging_mixin.py:190} INFO - [2024-11-17T09:11:59.890+0000] {dag.py:4180} INFO - Setting next_dagrun for read_dataset_event to 2024-11-16 00:00:00+00:00, run_after=2024-11-17 00:00:00+00:00
[2024-11-17T09:11:59.908+0000] {logging_mixin.py:190} INFO - [2024-11-17T09:11:59.907+0000] {dag.py:4180} INFO - Setting next_dagrun for read_dataset_event_from_classic to 2024-11-16 00:00:00+00:00, run_after=2024-11-17 00:00:00+00:00
[2024-11-17T09:11:59.961+0000] {processor.py:208} INFO - Processing /home/airflow/.local/lib/python3.12/site-packages/airflow/example_dags/example_inlet_event_extra.py took 2.073 seconds
[2024-11-17T09:12:30.705+0000] {processor.py:186} INFO - Started process (PID=1908) to work on /home/airflow/.local/lib/python3.12/site-packages/airflow/example_dags/example_inlet_event_extra.py
[2024-11-17T09:12:30.717+0000] {processor.py:914} INFO - Processing file /home/airflow/.local/lib/python3.12/site-packages/airflow/example_dags/example_inlet_event_extra.py for tasks to queue
[2024-11-17T09:12:30.727+0000] {logging_mixin.py:190} INFO - [2024-11-17T09:12:30.726+0000] {dagbag.py:588} INFO - Filling up the DagBag from /home/airflow/.local/lib/python3.12/site-packages/airflow/example_dags/example_inlet_event_extra.py
[2024-11-17T09:12:33.553+0000] {processor.py:925} INFO - DAG(s) 'read_dataset_event_from_classic', 'read_dataset_event' retrieved from /home/airflow/.local/lib/python3.12/site-packages/airflow/example_dags/example_inlet_event_extra.py
[2024-11-17T09:12:34.074+0000] {logging_mixin.py:190} INFO - [2024-11-17T09:12:34.074+0000] {dag.py:3239} INFO - Sync 2 DAGs
[2024-11-17T09:12:34.230+0000] {logging_mixin.py:190} INFO - [2024-11-17T09:12:34.229+0000] {dag.py:4180} INFO - Setting next_dagrun for read_dataset_event to 2024-11-16 00:00:00+00:00, run_after=2024-11-17 00:00:00+00:00
[2024-11-17T09:12:34.244+0000] {logging_mixin.py:190} INFO - [2024-11-17T09:12:34.243+0000] {dag.py:4180} INFO - Setting next_dagrun for read_dataset_event_from_classic to 2024-11-16 00:00:00+00:00, run_after=2024-11-17 00:00:00+00:00
[2024-11-17T09:12:34.508+0000] {processor.py:208} INFO - Processing /home/airflow/.local/lib/python3.12/site-packages/airflow/example_dags/example_inlet_event_extra.py took 3.829 seconds
[2024-11-17T09:13:04.932+0000] {processor.py:186} INFO - Started process (PID=1978) to work on /home/airflow/.local/lib/python3.12/site-packages/airflow/example_dags/example_inlet_event_extra.py
[2024-11-17T09:13:04.935+0000] {processor.py:914} INFO - Processing file /home/airflow/.local/lib/python3.12/site-packages/airflow/example_dags/example_inlet_event_extra.py for tasks to queue
[2024-11-17T09:13:04.943+0000] {logging_mixin.py:190} INFO - [2024-11-17T09:13:04.941+0000] {dagbag.py:588} INFO - Filling up the DagBag from /home/airflow/.local/lib/python3.12/site-packages/airflow/example_dags/example_inlet_event_extra.py
[2024-11-17T09:13:06.740+0000] {processor.py:925} INFO - DAG(s) 'read_dataset_event_from_classic', 'read_dataset_event' retrieved from /home/airflow/.local/lib/python3.12/site-packages/airflow/example_dags/example_inlet_event_extra.py
[2024-11-17T09:13:06.843+0000] {logging_mixin.py:190} INFO - [2024-11-17T09:13:06.842+0000] {dag.py:3239} INFO - Sync 2 DAGs
[2024-11-17T09:13:07.307+0000] {logging_mixin.py:190} INFO - [2024-11-17T09:13:07.307+0000] {dag.py:4180} INFO - Setting next_dagrun for read_dataset_event to 2024-11-16 00:00:00+00:00, run_after=2024-11-17 00:00:00+00:00
[2024-11-17T09:13:07.326+0000] {logging_mixin.py:190} INFO - [2024-11-17T09:13:07.326+0000] {dag.py:4180} INFO - Setting next_dagrun for read_dataset_event_from_classic to 2024-11-16 00:00:00+00:00, run_after=2024-11-17 00:00:00+00:00
[2024-11-17T09:13:07.377+0000] {processor.py:208} INFO - Processing /home/airflow/.local/lib/python3.12/site-packages/airflow/example_dags/example_inlet_event_extra.py took 2.463 seconds
[2024-11-17T09:13:37.817+0000] {processor.py:186} INFO - Started process (PID=2048) to work on /home/airflow/.local/lib/python3.12/site-packages/airflow/example_dags/example_inlet_event_extra.py
[2024-11-17T09:13:37.819+0000] {processor.py:914} INFO - Processing file /home/airflow/.local/lib/python3.12/site-packages/airflow/example_dags/example_inlet_event_extra.py for tasks to queue
[2024-11-17T09:13:37.827+0000] {logging_mixin.py:190} INFO - [2024-11-17T09:13:37.826+0000] {dagbag.py:588} INFO - Filling up the DagBag from /home/airflow/.local/lib/python3.12/site-packages/airflow/example_dags/example_inlet_event_extra.py
[2024-11-17T09:13:39.536+0000] {processor.py:925} INFO - DAG(s) 'read_dataset_event', 'read_dataset_event_from_classic' retrieved from /home/airflow/.local/lib/python3.12/site-packages/airflow/example_dags/example_inlet_event_extra.py
[2024-11-17T09:13:39.592+0000] {logging_mixin.py:190} INFO - [2024-11-17T09:13:39.592+0000] {dag.py:3239} INFO - Sync 2 DAGs
[2024-11-17T09:13:39.661+0000] {logging_mixin.py:190} INFO - [2024-11-17T09:13:39.661+0000] {dag.py:4180} INFO - Setting next_dagrun for read_dataset_event to 2024-11-16 00:00:00+00:00, run_after=2024-11-17 00:00:00+00:00
[2024-11-17T09:13:39.676+0000] {logging_mixin.py:190} INFO - [2024-11-17T09:13:39.675+0000] {dag.py:4180} INFO - Setting next_dagrun for read_dataset_event_from_classic to 2024-11-16 00:00:00+00:00, run_after=2024-11-17 00:00:00+00:00
[2024-11-17T09:13:39.718+0000] {processor.py:208} INFO - Processing /home/airflow/.local/lib/python3.12/site-packages/airflow/example_dags/example_inlet_event_extra.py took 1.918 seconds
[2024-11-17T09:14:10.093+0000] {processor.py:186} INFO - Started process (PID=2120) to work on /home/airflow/.local/lib/python3.12/site-packages/airflow/example_dags/example_inlet_event_extra.py
[2024-11-17T09:14:10.096+0000] {processor.py:914} INFO - Processing file /home/airflow/.local/lib/python3.12/site-packages/airflow/example_dags/example_inlet_event_extra.py for tasks to queue
[2024-11-17T09:14:10.104+0000] {logging_mixin.py:190} INFO - [2024-11-17T09:14:10.103+0000] {dagbag.py:588} INFO - Filling up the DagBag from /home/airflow/.local/lib/python3.12/site-packages/airflow/example_dags/example_inlet_event_extra.py
[2024-11-17T09:14:12.077+0000] {processor.py:925} INFO - DAG(s) 'read_dataset_event_from_classic', 'read_dataset_event' retrieved from /home/airflow/.local/lib/python3.12/site-packages/airflow/example_dags/example_inlet_event_extra.py
[2024-11-17T09:14:12.168+0000] {logging_mixin.py:190} INFO - [2024-11-17T09:14:12.167+0000] {dag.py:3239} INFO - Sync 2 DAGs
[2024-11-17T09:14:12.265+0000] {logging_mixin.py:190} INFO - [2024-11-17T09:14:12.264+0000] {dag.py:4180} INFO - Setting next_dagrun for read_dataset_event to 2024-11-16 00:00:00+00:00, run_after=2024-11-17 00:00:00+00:00
[2024-11-17T09:14:12.282+0000] {logging_mixin.py:190} INFO - [2024-11-17T09:14:12.281+0000] {dag.py:4180} INFO - Setting next_dagrun for read_dataset_event_from_classic to 2024-11-16 00:00:00+00:00, run_after=2024-11-17 00:00:00+00:00
[2024-11-17T09:14:12.338+0000] {processor.py:208} INFO - Processing /home/airflow/.local/lib/python3.12/site-packages/airflow/example_dags/example_inlet_event_extra.py took 2.261 seconds
[2024-11-17T09:14:43.933+0000] {processor.py:186} INFO - Started process (PID=2197) to work on /home/airflow/.local/lib/python3.12/site-packages/airflow/example_dags/example_inlet_event_extra.py
[2024-11-17T09:14:43.935+0000] {processor.py:914} INFO - Processing file /home/airflow/.local/lib/python3.12/site-packages/airflow/example_dags/example_inlet_event_extra.py for tasks to queue
[2024-11-17T09:14:43.945+0000] {logging_mixin.py:190} INFO - [2024-11-17T09:14:43.943+0000] {dagbag.py:588} INFO - Filling up the DagBag from /home/airflow/.local/lib/python3.12/site-packages/airflow/example_dags/example_inlet_event_extra.py
[2024-11-17T09:14:45.865+0000] {processor.py:925} INFO - DAG(s) 'read_dataset_event', 'read_dataset_event_from_classic' retrieved from /home/airflow/.local/lib/python3.12/site-packages/airflow/example_dags/example_inlet_event_extra.py
[2024-11-17T09:14:45.922+0000] {logging_mixin.py:190} INFO - [2024-11-17T09:14:45.922+0000] {dag.py:3239} INFO - Sync 2 DAGs
[2024-11-17T09:14:46.000+0000] {logging_mixin.py:190} INFO - [2024-11-17T09:14:45.999+0000] {dag.py:4180} INFO - Setting next_dagrun for read_dataset_event to 2024-11-16 00:00:00+00:00, run_after=2024-11-17 00:00:00+00:00
[2024-11-17T09:14:46.013+0000] {logging_mixin.py:190} INFO - [2024-11-17T09:14:46.013+0000] {dag.py:4180} INFO - Setting next_dagrun for read_dataset_event_from_classic to 2024-11-16 00:00:00+00:00, run_after=2024-11-17 00:00:00+00:00
[2024-11-17T09:14:46.060+0000] {processor.py:208} INFO - Processing /home/airflow/.local/lib/python3.12/site-packages/airflow/example_dags/example_inlet_event_extra.py took 2.147 seconds
[2024-11-17T09:15:17.395+0000] {processor.py:186} INFO - Started process (PID=2265) to work on /home/airflow/.local/lib/python3.12/site-packages/airflow/example_dags/example_inlet_event_extra.py
[2024-11-17T09:15:17.399+0000] {processor.py:914} INFO - Processing file /home/airflow/.local/lib/python3.12/site-packages/airflow/example_dags/example_inlet_event_extra.py for tasks to queue
[2024-11-17T09:15:17.409+0000] {logging_mixin.py:190} INFO - [2024-11-17T09:15:17.407+0000] {dagbag.py:588} INFO - Filling up the DagBag from /home/airflow/.local/lib/python3.12/site-packages/airflow/example_dags/example_inlet_event_extra.py
[2024-11-17T09:15:19.524+0000] {processor.py:925} INFO - DAG(s) 'read_dataset_event', 'read_dataset_event_from_classic' retrieved from /home/airflow/.local/lib/python3.12/site-packages/airflow/example_dags/example_inlet_event_extra.py
[2024-11-17T09:15:19.603+0000] {logging_mixin.py:190} INFO - [2024-11-17T09:15:19.602+0000] {dag.py:3239} INFO - Sync 2 DAGs
[2024-11-17T09:15:19.736+0000] {logging_mixin.py:190} INFO - [2024-11-17T09:15:19.735+0000] {dag.py:4180} INFO - Setting next_dagrun for read_dataset_event to 2024-11-16 00:00:00+00:00, run_after=2024-11-17 00:00:00+00:00
[2024-11-17T09:15:19.762+0000] {logging_mixin.py:190} INFO - [2024-11-17T09:15:19.762+0000] {dag.py:4180} INFO - Setting next_dagrun for read_dataset_event_from_classic to 2024-11-16 00:00:00+00:00, run_after=2024-11-17 00:00:00+00:00
[2024-11-17T09:15:19.869+0000] {processor.py:208} INFO - Processing /home/airflow/.local/lib/python3.12/site-packages/airflow/example_dags/example_inlet_event_extra.py took 2.498 seconds
[2024-11-17T09:15:50.039+0000] {processor.py:186} INFO - Started process (PID=2336) to work on /home/airflow/.local/lib/python3.12/site-packages/airflow/example_dags/example_inlet_event_extra.py
[2024-11-17T09:15:50.042+0000] {processor.py:914} INFO - Processing file /home/airflow/.local/lib/python3.12/site-packages/airflow/example_dags/example_inlet_event_extra.py for tasks to queue
[2024-11-17T09:15:50.048+0000] {logging_mixin.py:190} INFO - [2024-11-17T09:15:50.048+0000] {dagbag.py:588} INFO - Filling up the DagBag from /home/airflow/.local/lib/python3.12/site-packages/airflow/example_dags/example_inlet_event_extra.py
[2024-11-17T09:15:52.517+0000] {processor.py:925} INFO - DAG(s) 'read_dataset_event', 'read_dataset_event_from_classic' retrieved from /home/airflow/.local/lib/python3.12/site-packages/airflow/example_dags/example_inlet_event_extra.py
[2024-11-17T09:15:52.629+0000] {logging_mixin.py:190} INFO - [2024-11-17T09:15:52.627+0000] {dag.py:3239} INFO - Sync 2 DAGs
[2024-11-17T09:15:52.756+0000] {logging_mixin.py:190} INFO - [2024-11-17T09:15:52.755+0000] {dag.py:4180} INFO - Setting next_dagrun for read_dataset_event to 2024-11-16 00:00:00+00:00, run_after=2024-11-17 00:00:00+00:00
[2024-11-17T09:15:52.778+0000] {logging_mixin.py:190} INFO - [2024-11-17T09:15:52.777+0000] {dag.py:4180} INFO - Setting next_dagrun for read_dataset_event_from_classic to 2024-11-16 00:00:00+00:00, run_after=2024-11-17 00:00:00+00:00
[2024-11-17T09:15:52.842+0000] {processor.py:208} INFO - Processing /home/airflow/.local/lib/python3.12/site-packages/airflow/example_dags/example_inlet_event_extra.py took 2.823 seconds
[2024-11-17T09:16:23.442+0000] {processor.py:186} INFO - Started process (PID=2405) to work on /home/airflow/.local/lib/python3.12/site-packages/airflow/example_dags/example_inlet_event_extra.py
[2024-11-17T09:16:23.445+0000] {processor.py:914} INFO - Processing file /home/airflow/.local/lib/python3.12/site-packages/airflow/example_dags/example_inlet_event_extra.py for tasks to queue
[2024-11-17T09:16:23.454+0000] {logging_mixin.py:190} INFO - [2024-11-17T09:16:23.453+0000] {dagbag.py:588} INFO - Filling up the DagBag from /home/airflow/.local/lib/python3.12/site-packages/airflow/example_dags/example_inlet_event_extra.py
[2024-11-17T09:16:26.301+0000] {processor.py:925} INFO - DAG(s) 'read_dataset_event', 'read_dataset_event_from_classic' retrieved from /home/airflow/.local/lib/python3.12/site-packages/airflow/example_dags/example_inlet_event_extra.py
[2024-11-17T09:16:26.355+0000] {logging_mixin.py:190} INFO - [2024-11-17T09:16:26.355+0000] {dag.py:3239} INFO - Sync 2 DAGs
[2024-11-17T09:16:26.442+0000] {logging_mixin.py:190} INFO - [2024-11-17T09:16:26.441+0000] {dag.py:4180} INFO - Setting next_dagrun for read_dataset_event to 2024-11-16 00:00:00+00:00, run_after=2024-11-17 00:00:00+00:00
[2024-11-17T09:16:26.460+0000] {logging_mixin.py:190} INFO - [2024-11-17T09:16:26.460+0000] {dag.py:4180} INFO - Setting next_dagrun for read_dataset_event_from_classic to 2024-11-16 00:00:00+00:00, run_after=2024-11-17 00:00:00+00:00
[2024-11-17T09:16:26.525+0000] {processor.py:208} INFO - Processing /home/airflow/.local/lib/python3.12/site-packages/airflow/example_dags/example_inlet_event_extra.py took 3.108 seconds
[2024-11-17T09:16:56.943+0000] {processor.py:186} INFO - Started process (PID=2476) to work on /home/airflow/.local/lib/python3.12/site-packages/airflow/example_dags/example_inlet_event_extra.py
[2024-11-17T09:16:56.946+0000] {processor.py:914} INFO - Processing file /home/airflow/.local/lib/python3.12/site-packages/airflow/example_dags/example_inlet_event_extra.py for tasks to queue
[2024-11-17T09:16:56.953+0000] {logging_mixin.py:190} INFO - [2024-11-17T09:16:56.952+0000] {dagbag.py:588} INFO - Filling up the DagBag from /home/airflow/.local/lib/python3.12/site-packages/airflow/example_dags/example_inlet_event_extra.py
[2024-11-17T09:16:58.839+0000] {processor.py:925} INFO - DAG(s) 'read_dataset_event', 'read_dataset_event_from_classic' retrieved from /home/airflow/.local/lib/python3.12/site-packages/airflow/example_dags/example_inlet_event_extra.py
[2024-11-17T09:16:58.904+0000] {logging_mixin.py:190} INFO - [2024-11-17T09:16:58.903+0000] {dag.py:3239} INFO - Sync 2 DAGs
[2024-11-17T09:16:58.978+0000] {logging_mixin.py:190} INFO - [2024-11-17T09:16:58.977+0000] {dag.py:4180} INFO - Setting next_dagrun for read_dataset_event to 2024-11-16 00:00:00+00:00, run_after=2024-11-17 00:00:00+00:00
[2024-11-17T09:16:58.992+0000] {logging_mixin.py:190} INFO - [2024-11-17T09:16:58.991+0000] {dag.py:4180} INFO - Setting next_dagrun for read_dataset_event_from_classic to 2024-11-16 00:00:00+00:00, run_after=2024-11-17 00:00:00+00:00
[2024-11-17T09:16:59.042+0000] {processor.py:208} INFO - Processing /home/airflow/.local/lib/python3.12/site-packages/airflow/example_dags/example_inlet_event_extra.py took 2.115 seconds
[2024-11-17T09:17:29.710+0000] {processor.py:186} INFO - Started process (PID=2548) to work on /home/airflow/.local/lib/python3.12/site-packages/airflow/example_dags/example_inlet_event_extra.py
[2024-11-17T09:17:29.713+0000] {processor.py:914} INFO - Processing file /home/airflow/.local/lib/python3.12/site-packages/airflow/example_dags/example_inlet_event_extra.py for tasks to queue
[2024-11-17T09:17:29.720+0000] {logging_mixin.py:190} INFO - [2024-11-17T09:17:29.718+0000] {dagbag.py:588} INFO - Filling up the DagBag from /home/airflow/.local/lib/python3.12/site-packages/airflow/example_dags/example_inlet_event_extra.py
[2024-11-17T09:17:31.409+0000] {processor.py:925} INFO - DAG(s) 'read_dataset_event_from_classic', 'read_dataset_event' retrieved from /home/airflow/.local/lib/python3.12/site-packages/airflow/example_dags/example_inlet_event_extra.py
[2024-11-17T09:17:31.465+0000] {logging_mixin.py:190} INFO - [2024-11-17T09:17:31.464+0000] {dag.py:3239} INFO - Sync 2 DAGs
[2024-11-17T09:17:31.530+0000] {logging_mixin.py:190} INFO - [2024-11-17T09:17:31.530+0000] {dag.py:4180} INFO - Setting next_dagrun for read_dataset_event to 2024-11-16 00:00:00+00:00, run_after=2024-11-17 00:00:00+00:00
[2024-11-17T09:17:31.544+0000] {logging_mixin.py:190} INFO - [2024-11-17T09:17:31.543+0000] {dag.py:4180} INFO - Setting next_dagrun for read_dataset_event_from_classic to 2024-11-16 00:00:00+00:00, run_after=2024-11-17 00:00:00+00:00
[2024-11-17T09:17:31.587+0000] {processor.py:208} INFO - Processing /home/airflow/.local/lib/python3.12/site-packages/airflow/example_dags/example_inlet_event_extra.py took 1.894 seconds
[2024-11-17T09:18:01.814+0000] {processor.py:186} INFO - Started process (PID=2615) to work on /home/airflow/.local/lib/python3.12/site-packages/airflow/example_dags/example_inlet_event_extra.py
[2024-11-17T09:18:01.817+0000] {processor.py:914} INFO - Processing file /home/airflow/.local/lib/python3.12/site-packages/airflow/example_dags/example_inlet_event_extra.py for tasks to queue
[2024-11-17T09:18:01.824+0000] {logging_mixin.py:190} INFO - [2024-11-17T09:18:01.823+0000] {dagbag.py:588} INFO - Filling up the DagBag from /home/airflow/.local/lib/python3.12/site-packages/airflow/example_dags/example_inlet_event_extra.py
[2024-11-17T09:18:03.351+0000] {processor.py:925} INFO - DAG(s) 'read_dataset_event_from_classic', 'read_dataset_event' retrieved from /home/airflow/.local/lib/python3.12/site-packages/airflow/example_dags/example_inlet_event_extra.py
[2024-11-17T09:18:03.407+0000] {logging_mixin.py:190} INFO - [2024-11-17T09:18:03.406+0000] {dag.py:3239} INFO - Sync 2 DAGs
[2024-11-17T09:18:03.470+0000] {logging_mixin.py:190} INFO - [2024-11-17T09:18:03.470+0000] {dag.py:4180} INFO - Setting next_dagrun for read_dataset_event to 2024-11-16 00:00:00+00:00, run_after=2024-11-17 00:00:00+00:00
[2024-11-17T09:18:03.484+0000] {logging_mixin.py:190} INFO - [2024-11-17T09:18:03.483+0000] {dag.py:4180} INFO - Setting next_dagrun for read_dataset_event_from_classic to 2024-11-16 00:00:00+00:00, run_after=2024-11-17 00:00:00+00:00
[2024-11-17T09:18:03.531+0000] {processor.py:208} INFO - Processing /home/airflow/.local/lib/python3.12/site-packages/airflow/example_dags/example_inlet_event_extra.py took 1.735 seconds
[2024-11-17T09:18:33.823+0000] {processor.py:186} INFO - Started process (PID=2681) to work on /home/airflow/.local/lib/python3.12/site-packages/airflow/example_dags/example_inlet_event_extra.py
[2024-11-17T09:18:33.826+0000] {processor.py:914} INFO - Processing file /home/airflow/.local/lib/python3.12/site-packages/airflow/example_dags/example_inlet_event_extra.py for tasks to queue
[2024-11-17T09:18:33.833+0000] {logging_mixin.py:190} INFO - [2024-11-17T09:18:33.832+0000] {dagbag.py:588} INFO - Filling up the DagBag from /home/airflow/.local/lib/python3.12/site-packages/airflow/example_dags/example_inlet_event_extra.py
[2024-11-17T09:18:35.691+0000] {processor.py:925} INFO - DAG(s) 'read_dataset_event_from_classic', 'read_dataset_event' retrieved from /home/airflow/.local/lib/python3.12/site-packages/airflow/example_dags/example_inlet_event_extra.py
[2024-11-17T09:18:35.745+0000] {logging_mixin.py:190} INFO - [2024-11-17T09:18:35.744+0000] {dag.py:3239} INFO - Sync 2 DAGs
[2024-11-17T09:18:35.816+0000] {logging_mixin.py:190} INFO - [2024-11-17T09:18:35.815+0000] {dag.py:4180} INFO - Setting next_dagrun for read_dataset_event to 2024-11-16 00:00:00+00:00, run_after=2024-11-17 00:00:00+00:00
[2024-11-17T09:18:35.834+0000] {logging_mixin.py:190} INFO - [2024-11-17T09:18:35.833+0000] {dag.py:4180} INFO - Setting next_dagrun for read_dataset_event_from_classic to 2024-11-16 00:00:00+00:00, run_after=2024-11-17 00:00:00+00:00
[2024-11-17T09:18:35.895+0000] {processor.py:208} INFO - Processing /home/airflow/.local/lib/python3.12/site-packages/airflow/example_dags/example_inlet_event_extra.py took 2.089 seconds
[2024-11-17T09:19:06.821+0000] {processor.py:186} INFO - Started process (PID=2750) to work on /home/airflow/.local/lib/python3.12/site-packages/airflow/example_dags/example_inlet_event_extra.py
[2024-11-17T09:19:06.823+0000] {processor.py:914} INFO - Processing file /home/airflow/.local/lib/python3.12/site-packages/airflow/example_dags/example_inlet_event_extra.py for tasks to queue
[2024-11-17T09:19:06.830+0000] {logging_mixin.py:190} INFO - [2024-11-17T09:19:06.829+0000] {dagbag.py:588} INFO - Filling up the DagBag from /home/airflow/.local/lib/python3.12/site-packages/airflow/example_dags/example_inlet_event_extra.py
[2024-11-17T09:19:08.793+0000] {processor.py:925} INFO - DAG(s) 'read_dataset_event_from_classic', 'read_dataset_event' retrieved from /home/airflow/.local/lib/python3.12/site-packages/airflow/example_dags/example_inlet_event_extra.py
[2024-11-17T09:19:08.857+0000] {logging_mixin.py:190} INFO - [2024-11-17T09:19:08.856+0000] {dag.py:3239} INFO - Sync 2 DAGs
[2024-11-17T09:19:08.938+0000] {logging_mixin.py:190} INFO - [2024-11-17T09:19:08.937+0000] {dag.py:4180} INFO - Setting next_dagrun for read_dataset_event to 2024-11-16 00:00:00+00:00, run_after=2024-11-17 00:00:00+00:00
[2024-11-17T09:19:08.958+0000] {logging_mixin.py:190} INFO - [2024-11-17T09:19:08.957+0000] {dag.py:4180} INFO - Setting next_dagrun for read_dataset_event_from_classic to 2024-11-16 00:00:00+00:00, run_after=2024-11-17 00:00:00+00:00
[2024-11-17T09:19:09.024+0000] {processor.py:208} INFO - Processing /home/airflow/.local/lib/python3.12/site-packages/airflow/example_dags/example_inlet_event_extra.py took 2.221 seconds
[2024-11-17T09:19:39.616+0000] {processor.py:186} INFO - Started process (PID=2820) to work on /home/airflow/.local/lib/python3.12/site-packages/airflow/example_dags/example_inlet_event_extra.py
[2024-11-17T09:19:39.619+0000] {processor.py:914} INFO - Processing file /home/airflow/.local/lib/python3.12/site-packages/airflow/example_dags/example_inlet_event_extra.py for tasks to queue
[2024-11-17T09:19:39.626+0000] {logging_mixin.py:190} INFO - [2024-11-17T09:19:39.625+0000] {dagbag.py:588} INFO - Filling up the DagBag from /home/airflow/.local/lib/python3.12/site-packages/airflow/example_dags/example_inlet_event_extra.py
[2024-11-17T09:19:41.398+0000] {processor.py:925} INFO - DAG(s) 'read_dataset_event_from_classic', 'read_dataset_event' retrieved from /home/airflow/.local/lib/python3.12/site-packages/airflow/example_dags/example_inlet_event_extra.py
[2024-11-17T09:19:41.471+0000] {logging_mixin.py:190} INFO - [2024-11-17T09:19:41.471+0000] {dag.py:3239} INFO - Sync 2 DAGs
[2024-11-17T09:19:41.550+0000] {logging_mixin.py:190} INFO - [2024-11-17T09:19:41.549+0000] {dag.py:4180} INFO - Setting next_dagrun for read_dataset_event to 2024-11-16 00:00:00+00:00, run_after=2024-11-17 00:00:00+00:00
[2024-11-17T09:19:41.564+0000] {logging_mixin.py:190} INFO - [2024-11-17T09:19:41.564+0000] {dag.py:4180} INFO - Setting next_dagrun for read_dataset_event_from_classic to 2024-11-16 00:00:00+00:00, run_after=2024-11-17 00:00:00+00:00
[2024-11-17T09:19:41.622+0000] {processor.py:208} INFO - Processing /home/airflow/.local/lib/python3.12/site-packages/airflow/example_dags/example_inlet_event_extra.py took 2.026 seconds
[2024-11-17T09:20:12.025+0000] {processor.py:186} INFO - Started process (PID=2889) to work on /home/airflow/.local/lib/python3.12/site-packages/airflow/example_dags/example_inlet_event_extra.py
[2024-11-17T09:20:12.028+0000] {processor.py:914} INFO - Processing file /home/airflow/.local/lib/python3.12/site-packages/airflow/example_dags/example_inlet_event_extra.py for tasks to queue
[2024-11-17T09:20:12.036+0000] {logging_mixin.py:190} INFO - [2024-11-17T09:20:12.034+0000] {dagbag.py:588} INFO - Filling up the DagBag from /home/airflow/.local/lib/python3.12/site-packages/airflow/example_dags/example_inlet_event_extra.py
[2024-11-17T09:20:13.777+0000] {processor.py:925} INFO - DAG(s) 'read_dataset_event', 'read_dataset_event_from_classic' retrieved from /home/airflow/.local/lib/python3.12/site-packages/airflow/example_dags/example_inlet_event_extra.py
[2024-11-17T09:20:13.837+0000] {logging_mixin.py:190} INFO - [2024-11-17T09:20:13.836+0000] {dag.py:3239} INFO - Sync 2 DAGs
[2024-11-17T09:20:13.917+0000] {logging_mixin.py:190} INFO - [2024-11-17T09:20:13.916+0000] {dag.py:4180} INFO - Setting next_dagrun for read_dataset_event to 2024-11-16 00:00:00+00:00, run_after=2024-11-17 00:00:00+00:00
[2024-11-17T09:20:13.931+0000] {logging_mixin.py:190} INFO - [2024-11-17T09:20:13.930+0000] {dag.py:4180} INFO - Setting next_dagrun for read_dataset_event_from_classic to 2024-11-16 00:00:00+00:00, run_after=2024-11-17 00:00:00+00:00
[2024-11-17T09:20:13.983+0000] {processor.py:208} INFO - Processing /home/airflow/.local/lib/python3.12/site-packages/airflow/example_dags/example_inlet_event_extra.py took 1.978 seconds
[2024-11-17T09:20:44.268+0000] {processor.py:186} INFO - Started process (PID=2966) to work on /home/airflow/.local/lib/python3.12/site-packages/airflow/example_dags/example_inlet_event_extra.py
[2024-11-17T09:20:44.271+0000] {processor.py:914} INFO - Processing file /home/airflow/.local/lib/python3.12/site-packages/airflow/example_dags/example_inlet_event_extra.py for tasks to queue
[2024-11-17T09:20:44.278+0000] {logging_mixin.py:190} INFO - [2024-11-17T09:20:44.277+0000] {dagbag.py:588} INFO - Filling up the DagBag from /home/airflow/.local/lib/python3.12/site-packages/airflow/example_dags/example_inlet_event_extra.py
[2024-11-17T09:20:45.867+0000] {processor.py:925} INFO - DAG(s) 'read_dataset_event_from_classic', 'read_dataset_event' retrieved from /home/airflow/.local/lib/python3.12/site-packages/airflow/example_dags/example_inlet_event_extra.py
[2024-11-17T09:20:45.933+0000] {logging_mixin.py:190} INFO - [2024-11-17T09:20:45.932+0000] {dag.py:3239} INFO - Sync 2 DAGs
[2024-11-17T09:20:46.013+0000] {logging_mixin.py:190} INFO - [2024-11-17T09:20:46.012+0000] {dag.py:4180} INFO - Setting next_dagrun for read_dataset_event to 2024-11-16 00:00:00+00:00, run_after=2024-11-17 00:00:00+00:00
[2024-11-17T09:20:46.030+0000] {logging_mixin.py:190} INFO - [2024-11-17T09:20:46.029+0000] {dag.py:4180} INFO - Setting next_dagrun for read_dataset_event_from_classic to 2024-11-16 00:00:00+00:00, run_after=2024-11-17 00:00:00+00:00
[2024-11-17T09:20:46.072+0000] {processor.py:208} INFO - Processing /home/airflow/.local/lib/python3.12/site-packages/airflow/example_dags/example_inlet_event_extra.py took 1.820 seconds
[2024-11-17T09:21:16.269+0000] {processor.py:186} INFO - Started process (PID=3034) to work on /home/airflow/.local/lib/python3.12/site-packages/airflow/example_dags/example_inlet_event_extra.py
[2024-11-17T09:21:16.271+0000] {processor.py:914} INFO - Processing file /home/airflow/.local/lib/python3.12/site-packages/airflow/example_dags/example_inlet_event_extra.py for tasks to queue
[2024-11-17T09:21:16.278+0000] {logging_mixin.py:190} INFO - [2024-11-17T09:21:16.277+0000] {dagbag.py:588} INFO - Filling up the DagBag from /home/airflow/.local/lib/python3.12/site-packages/airflow/example_dags/example_inlet_event_extra.py
[2024-11-17T09:21:18.030+0000] {processor.py:925} INFO - DAG(s) 'read_dataset_event_from_classic', 'read_dataset_event' retrieved from /home/airflow/.local/lib/python3.12/site-packages/airflow/example_dags/example_inlet_event_extra.py
[2024-11-17T09:21:18.100+0000] {logging_mixin.py:190} INFO - [2024-11-17T09:21:18.099+0000] {dag.py:3239} INFO - Sync 2 DAGs
[2024-11-17T09:21:18.200+0000] {logging_mixin.py:190} INFO - [2024-11-17T09:21:18.199+0000] {dag.py:4180} INFO - Setting next_dagrun for read_dataset_event to 2024-11-16 00:00:00+00:00, run_after=2024-11-17 00:00:00+00:00
[2024-11-17T09:21:18.217+0000] {logging_mixin.py:190} INFO - [2024-11-17T09:21:18.216+0000] {dag.py:4180} INFO - Setting next_dagrun for read_dataset_event_from_classic to 2024-11-16 00:00:00+00:00, run_after=2024-11-17 00:00:00+00:00
[2024-11-17T09:21:18.258+0000] {processor.py:208} INFO - Processing /home/airflow/.local/lib/python3.12/site-packages/airflow/example_dags/example_inlet_event_extra.py took 2.006 seconds
[2024-11-17T09:21:49.573+0000] {processor.py:186} INFO - Started process (PID=3106) to work on /home/airflow/.local/lib/python3.12/site-packages/airflow/example_dags/example_inlet_event_extra.py
[2024-11-17T09:21:49.577+0000] {processor.py:914} INFO - Processing file /home/airflow/.local/lib/python3.12/site-packages/airflow/example_dags/example_inlet_event_extra.py for tasks to queue
[2024-11-17T09:21:49.585+0000] {logging_mixin.py:190} INFO - [2024-11-17T09:21:49.584+0000] {dagbag.py:588} INFO - Filling up the DagBag from /home/airflow/.local/lib/python3.12/site-packages/airflow/example_dags/example_inlet_event_extra.py
[2024-11-17T09:21:51.359+0000] {processor.py:925} INFO - DAG(s) 'read_dataset_event', 'read_dataset_event_from_classic' retrieved from /home/airflow/.local/lib/python3.12/site-packages/airflow/example_dags/example_inlet_event_extra.py
[2024-11-17T09:21:51.426+0000] {logging_mixin.py:190} INFO - [2024-11-17T09:21:51.425+0000] {dag.py:3239} INFO - Sync 2 DAGs
[2024-11-17T09:21:51.513+0000] {logging_mixin.py:190} INFO - [2024-11-17T09:21:51.512+0000] {dag.py:4180} INFO - Setting next_dagrun for read_dataset_event to 2024-11-16 00:00:00+00:00, run_after=2024-11-17 00:00:00+00:00
[2024-11-17T09:21:51.532+0000] {logging_mixin.py:190} INFO - [2024-11-17T09:21:51.531+0000] {dag.py:4180} INFO - Setting next_dagrun for read_dataset_event_from_classic to 2024-11-16 00:00:00+00:00, run_after=2024-11-17 00:00:00+00:00
[2024-11-17T09:21:51.585+0000] {processor.py:208} INFO - Processing /home/airflow/.local/lib/python3.12/site-packages/airflow/example_dags/example_inlet_event_extra.py took 2.039 seconds
[2024-11-17T09:22:22.928+0000] {processor.py:186} INFO - Started process (PID=3174) to work on /home/airflow/.local/lib/python3.12/site-packages/airflow/example_dags/example_inlet_event_extra.py
[2024-11-17T09:22:22.930+0000] {processor.py:914} INFO - Processing file /home/airflow/.local/lib/python3.12/site-packages/airflow/example_dags/example_inlet_event_extra.py for tasks to queue
[2024-11-17T09:22:22.937+0000] {logging_mixin.py:190} INFO - [2024-11-17T09:22:22.936+0000] {dagbag.py:588} INFO - Filling up the DagBag from /home/airflow/.local/lib/python3.12/site-packages/airflow/example_dags/example_inlet_event_extra.py
[2024-11-17T09:22:24.705+0000] {processor.py:925} INFO - DAG(s) 'read_dataset_event', 'read_dataset_event_from_classic' retrieved from /home/airflow/.local/lib/python3.12/site-packages/airflow/example_dags/example_inlet_event_extra.py
[2024-11-17T09:22:24.762+0000] {logging_mixin.py:190} INFO - [2024-11-17T09:22:24.761+0000] {dag.py:3239} INFO - Sync 2 DAGs
[2024-11-17T09:22:24.830+0000] {logging_mixin.py:190} INFO - [2024-11-17T09:22:24.829+0000] {dag.py:4180} INFO - Setting next_dagrun for read_dataset_event to 2024-11-16 00:00:00+00:00, run_after=2024-11-17 00:00:00+00:00
[2024-11-17T09:22:24.844+0000] {logging_mixin.py:190} INFO - [2024-11-17T09:22:24.843+0000] {dag.py:4180} INFO - Setting next_dagrun for read_dataset_event_from_classic to 2024-11-16 00:00:00+00:00, run_after=2024-11-17 00:00:00+00:00
[2024-11-17T09:22:24.892+0000] {processor.py:208} INFO - Processing /home/airflow/.local/lib/python3.12/site-packages/airflow/example_dags/example_inlet_event_extra.py took 1.984 seconds
[2024-11-17T09:22:55.571+0000] {processor.py:186} INFO - Started process (PID=3242) to work on /home/airflow/.local/lib/python3.12/site-packages/airflow/example_dags/example_inlet_event_extra.py
[2024-11-17T09:22:55.574+0000] {processor.py:914} INFO - Processing file /home/airflow/.local/lib/python3.12/site-packages/airflow/example_dags/example_inlet_event_extra.py for tasks to queue
[2024-11-17T09:22:55.580+0000] {logging_mixin.py:190} INFO - [2024-11-17T09:22:55.580+0000] {dagbag.py:588} INFO - Filling up the DagBag from /home/airflow/.local/lib/python3.12/site-packages/airflow/example_dags/example_inlet_event_extra.py
[2024-11-17T09:22:57.205+0000] {processor.py:925} INFO - DAG(s) 'read_dataset_event', 'read_dataset_event_from_classic' retrieved from /home/airflow/.local/lib/python3.12/site-packages/airflow/example_dags/example_inlet_event_extra.py
[2024-11-17T09:22:57.266+0000] {logging_mixin.py:190} INFO - [2024-11-17T09:22:57.265+0000] {dag.py:3239} INFO - Sync 2 DAGs
[2024-11-17T09:22:57.338+0000] {logging_mixin.py:190} INFO - [2024-11-17T09:22:57.338+0000] {dag.py:4180} INFO - Setting next_dagrun for read_dataset_event to 2024-11-16 00:00:00+00:00, run_after=2024-11-17 00:00:00+00:00
[2024-11-17T09:22:57.353+0000] {logging_mixin.py:190} INFO - [2024-11-17T09:22:57.353+0000] {dag.py:4180} INFO - Setting next_dagrun for read_dataset_event_from_classic to 2024-11-16 00:00:00+00:00, run_after=2024-11-17 00:00:00+00:00
[2024-11-17T09:22:57.404+0000] {processor.py:208} INFO - Processing /home/airflow/.local/lib/python3.12/site-packages/airflow/example_dags/example_inlet_event_extra.py took 1.850 seconds
[2024-11-17T09:23:27.768+0000] {processor.py:186} INFO - Started process (PID=3310) to work on /home/airflow/.local/lib/python3.12/site-packages/airflow/example_dags/example_inlet_event_extra.py
[2024-11-17T09:23:27.772+0000] {processor.py:914} INFO - Processing file /home/airflow/.local/lib/python3.12/site-packages/airflow/example_dags/example_inlet_event_extra.py for tasks to queue
[2024-11-17T09:23:27.781+0000] {logging_mixin.py:190} INFO - [2024-11-17T09:23:27.780+0000] {dagbag.py:588} INFO - Filling up the DagBag from /home/airflow/.local/lib/python3.12/site-packages/airflow/example_dags/example_inlet_event_extra.py
[2024-11-17T09:23:29.096+0000] {processor.py:925} INFO - DAG(s) 'read_dataset_event', 'read_dataset_event_from_classic' retrieved from /home/airflow/.local/lib/python3.12/site-packages/airflow/example_dags/example_inlet_event_extra.py
[2024-11-17T09:23:29.166+0000] {logging_mixin.py:190} INFO - [2024-11-17T09:23:29.165+0000] {dag.py:3239} INFO - Sync 2 DAGs
[2024-11-17T09:23:29.262+0000] {logging_mixin.py:190} INFO - [2024-11-17T09:23:29.262+0000] {dag.py:4180} INFO - Setting next_dagrun for read_dataset_event to 2024-11-16 00:00:00+00:00, run_after=2024-11-17 00:00:00+00:00
[2024-11-17T09:23:29.281+0000] {logging_mixin.py:190} INFO - [2024-11-17T09:23:29.281+0000] {dag.py:4180} INFO - Setting next_dagrun for read_dataset_event_from_classic to 2024-11-16 00:00:00+00:00, run_after=2024-11-17 00:00:00+00:00
[2024-11-17T09:23:29.348+0000] {processor.py:208} INFO - Processing /home/airflow/.local/lib/python3.12/site-packages/airflow/example_dags/example_inlet_event_extra.py took 1.598 seconds
[2024-11-17T09:24:00.442+0000] {processor.py:186} INFO - Started process (PID=3378) to work on /home/airflow/.local/lib/python3.12/site-packages/airflow/example_dags/example_inlet_event_extra.py
[2024-11-17T09:24:00.445+0000] {processor.py:914} INFO - Processing file /home/airflow/.local/lib/python3.12/site-packages/airflow/example_dags/example_inlet_event_extra.py for tasks to queue
[2024-11-17T09:24:00.454+0000] {logging_mixin.py:190} INFO - [2024-11-17T09:24:00.453+0000] {dagbag.py:588} INFO - Filling up the DagBag from /home/airflow/.local/lib/python3.12/site-packages/airflow/example_dags/example_inlet_event_extra.py
[2024-11-17T09:24:02.086+0000] {processor.py:925} INFO - DAG(s) 'read_dataset_event_from_classic', 'read_dataset_event' retrieved from /home/airflow/.local/lib/python3.12/site-packages/airflow/example_dags/example_inlet_event_extra.py
[2024-11-17T09:24:02.149+0000] {logging_mixin.py:190} INFO - [2024-11-17T09:24:02.149+0000] {dag.py:3239} INFO - Sync 2 DAGs
[2024-11-17T09:24:02.275+0000] {logging_mixin.py:190} INFO - [2024-11-17T09:24:02.274+0000] {dag.py:4180} INFO - Setting next_dagrun for read_dataset_event to 2024-11-16 00:00:00+00:00, run_after=2024-11-17 00:00:00+00:00
[2024-11-17T09:24:02.291+0000] {logging_mixin.py:190} INFO - [2024-11-17T09:24:02.290+0000] {dag.py:4180} INFO - Setting next_dagrun for read_dataset_event_from_classic to 2024-11-16 00:00:00+00:00, run_after=2024-11-17 00:00:00+00:00
[2024-11-17T09:24:02.348+0000] {processor.py:208} INFO - Processing /home/airflow/.local/lib/python3.12/site-packages/airflow/example_dags/example_inlet_event_extra.py took 1.928 seconds
[2024-11-17T09:24:32.936+0000] {processor.py:186} INFO - Started process (PID=3447) to work on /home/airflow/.local/lib/python3.12/site-packages/airflow/example_dags/example_inlet_event_extra.py
[2024-11-17T09:24:32.938+0000] {processor.py:914} INFO - Processing file /home/airflow/.local/lib/python3.12/site-packages/airflow/example_dags/example_inlet_event_extra.py for tasks to queue
[2024-11-17T09:24:32.947+0000] {logging_mixin.py:190} INFO - [2024-11-17T09:24:32.945+0000] {dagbag.py:588} INFO - Filling up the DagBag from /home/airflow/.local/lib/python3.12/site-packages/airflow/example_dags/example_inlet_event_extra.py
[2024-11-17T09:24:34.854+0000] {processor.py:925} INFO - DAG(s) 'read_dataset_event_from_classic', 'read_dataset_event' retrieved from /home/airflow/.local/lib/python3.12/site-packages/airflow/example_dags/example_inlet_event_extra.py
[2024-11-17T09:24:34.940+0000] {logging_mixin.py:190} INFO - [2024-11-17T09:24:34.939+0000] {dag.py:3239} INFO - Sync 2 DAGs
[2024-11-17T09:24:35.043+0000] {logging_mixin.py:190} INFO - [2024-11-17T09:24:35.042+0000] {dag.py:4180} INFO - Setting next_dagrun for read_dataset_event to 2024-11-16 00:00:00+00:00, run_after=2024-11-17 00:00:00+00:00
[2024-11-17T09:24:35.060+0000] {logging_mixin.py:190} INFO - [2024-11-17T09:24:35.059+0000] {dag.py:4180} INFO - Setting next_dagrun for read_dataset_event_from_classic to 2024-11-16 00:00:00+00:00, run_after=2024-11-17 00:00:00+00:00
[2024-11-17T09:24:35.123+0000] {processor.py:208} INFO - Processing /home/airflow/.local/lib/python3.12/site-packages/airflow/example_dags/example_inlet_event_extra.py took 2.204 seconds
[2024-11-17T09:25:05.302+0000] {processor.py:186} INFO - Started process (PID=3515) to work on /home/airflow/.local/lib/python3.12/site-packages/airflow/example_dags/example_inlet_event_extra.py
[2024-11-17T09:25:05.304+0000] {processor.py:914} INFO - Processing file /home/airflow/.local/lib/python3.12/site-packages/airflow/example_dags/example_inlet_event_extra.py for tasks to queue
[2024-11-17T09:25:05.311+0000] {logging_mixin.py:190} INFO - [2024-11-17T09:25:05.310+0000] {dagbag.py:588} INFO - Filling up the DagBag from /home/airflow/.local/lib/python3.12/site-packages/airflow/example_dags/example_inlet_event_extra.py
[2024-11-17T09:25:06.892+0000] {processor.py:925} INFO - DAG(s) 'read_dataset_event_from_classic', 'read_dataset_event' retrieved from /home/airflow/.local/lib/python3.12/site-packages/airflow/example_dags/example_inlet_event_extra.py
[2024-11-17T09:25:06.982+0000] {logging_mixin.py:190} INFO - [2024-11-17T09:25:06.982+0000] {dag.py:3239} INFO - Sync 2 DAGs
[2024-11-17T09:25:07.084+0000] {logging_mixin.py:190} INFO - [2024-11-17T09:25:07.083+0000] {dag.py:4180} INFO - Setting next_dagrun for read_dataset_event to 2024-11-16 00:00:00+00:00, run_after=2024-11-17 00:00:00+00:00
[2024-11-17T09:25:07.099+0000] {logging_mixin.py:190} INFO - [2024-11-17T09:25:07.099+0000] {dag.py:4180} INFO - Setting next_dagrun for read_dataset_event_from_classic to 2024-11-16 00:00:00+00:00, run_after=2024-11-17 00:00:00+00:00
[2024-11-17T09:25:07.151+0000] {processor.py:208} INFO - Processing /home/airflow/.local/lib/python3.12/site-packages/airflow/example_dags/example_inlet_event_extra.py took 1.867 seconds
[2024-11-17T09:25:37.513+0000] {processor.py:186} INFO - Started process (PID=3584) to work on /home/airflow/.local/lib/python3.12/site-packages/airflow/example_dags/example_inlet_event_extra.py
[2024-11-17T09:25:37.516+0000] {processor.py:914} INFO - Processing file /home/airflow/.local/lib/python3.12/site-packages/airflow/example_dags/example_inlet_event_extra.py for tasks to queue
[2024-11-17T09:25:37.523+0000] {logging_mixin.py:190} INFO - [2024-11-17T09:25:37.522+0000] {dagbag.py:588} INFO - Filling up the DagBag from /home/airflow/.local/lib/python3.12/site-packages/airflow/example_dags/example_inlet_event_extra.py
[2024-11-17T09:25:38.771+0000] {processor.py:925} INFO - DAG(s) 'read_dataset_event', 'read_dataset_event_from_classic' retrieved from /home/airflow/.local/lib/python3.12/site-packages/airflow/example_dags/example_inlet_event_extra.py
[2024-11-17T09:25:38.840+0000] {logging_mixin.py:190} INFO - [2024-11-17T09:25:38.839+0000] {dag.py:3239} INFO - Sync 2 DAGs
[2024-11-17T09:25:38.927+0000] {logging_mixin.py:190} INFO - [2024-11-17T09:25:38.926+0000] {dag.py:4180} INFO - Setting next_dagrun for read_dataset_event to 2024-11-16 00:00:00+00:00, run_after=2024-11-17 00:00:00+00:00
[2024-11-17T09:25:38.942+0000] {logging_mixin.py:190} INFO - [2024-11-17T09:25:38.941+0000] {dag.py:4180} INFO - Setting next_dagrun for read_dataset_event_from_classic to 2024-11-16 00:00:00+00:00, run_after=2024-11-17 00:00:00+00:00
[2024-11-17T09:25:38.996+0000] {processor.py:208} INFO - Processing /home/airflow/.local/lib/python3.12/site-packages/airflow/example_dags/example_inlet_event_extra.py took 1.499 seconds
[2024-11-17T09:26:09.551+0000] {processor.py:186} INFO - Started process (PID=3650) to work on /home/airflow/.local/lib/python3.12/site-packages/airflow/example_dags/example_inlet_event_extra.py
[2024-11-17T09:26:09.554+0000] {processor.py:914} INFO - Processing file /home/airflow/.local/lib/python3.12/site-packages/airflow/example_dags/example_inlet_event_extra.py for tasks to queue
[2024-11-17T09:26:09.561+0000] {logging_mixin.py:190} INFO - [2024-11-17T09:26:09.560+0000] {dagbag.py:588} INFO - Filling up the DagBag from /home/airflow/.local/lib/python3.12/site-packages/airflow/example_dags/example_inlet_event_extra.py
[2024-11-17T09:26:10.727+0000] {processor.py:925} INFO - DAG(s) 'read_dataset_event', 'read_dataset_event_from_classic' retrieved from /home/airflow/.local/lib/python3.12/site-packages/airflow/example_dags/example_inlet_event_extra.py
[2024-11-17T09:26:10.812+0000] {logging_mixin.py:190} INFO - [2024-11-17T09:26:10.811+0000] {dag.py:3239} INFO - Sync 2 DAGs
[2024-11-17T09:26:10.946+0000] {logging_mixin.py:190} INFO - [2024-11-17T09:26:10.946+0000] {dag.py:4180} INFO - Setting next_dagrun for read_dataset_event to 2024-11-16 00:00:00+00:00, run_after=2024-11-17 00:00:00+00:00
[2024-11-17T09:26:10.962+0000] {logging_mixin.py:190} INFO - [2024-11-17T09:26:10.961+0000] {dag.py:4180} INFO - Setting next_dagrun for read_dataset_event_from_classic to 2024-11-16 00:00:00+00:00, run_after=2024-11-17 00:00:00+00:00
[2024-11-17T09:26:11.023+0000] {processor.py:208} INFO - Processing /home/airflow/.local/lib/python3.12/site-packages/airflow/example_dags/example_inlet_event_extra.py took 1.490 seconds
[2024-11-17T09:26:41.408+0000] {processor.py:186} INFO - Started process (PID=3716) to work on /home/airflow/.local/lib/python3.12/site-packages/airflow/example_dags/example_inlet_event_extra.py
[2024-11-17T09:26:41.414+0000] {processor.py:914} INFO - Processing file /home/airflow/.local/lib/python3.12/site-packages/airflow/example_dags/example_inlet_event_extra.py for tasks to queue
[2024-11-17T09:26:41.426+0000] {logging_mixin.py:190} INFO - [2024-11-17T09:26:41.425+0000] {dagbag.py:588} INFO - Filling up the DagBag from /home/airflow/.local/lib/python3.12/site-packages/airflow/example_dags/example_inlet_event_extra.py
[2024-11-17T09:26:43.127+0000] {processor.py:925} INFO - DAG(s) 'read_dataset_event', 'read_dataset_event_from_classic' retrieved from /home/airflow/.local/lib/python3.12/site-packages/airflow/example_dags/example_inlet_event_extra.py
[2024-11-17T09:26:43.192+0000] {logging_mixin.py:190} INFO - [2024-11-17T09:26:43.191+0000] {dag.py:3239} INFO - Sync 2 DAGs
[2024-11-17T09:26:43.265+0000] {logging_mixin.py:190} INFO - [2024-11-17T09:26:43.264+0000] {dag.py:4180} INFO - Setting next_dagrun for read_dataset_event to 2024-11-16 00:00:00+00:00, run_after=2024-11-17 00:00:00+00:00
[2024-11-17T09:26:43.280+0000] {logging_mixin.py:190} INFO - [2024-11-17T09:26:43.279+0000] {dag.py:4180} INFO - Setting next_dagrun for read_dataset_event_from_classic to 2024-11-16 00:00:00+00:00, run_after=2024-11-17 00:00:00+00:00
[2024-11-17T09:26:43.331+0000] {processor.py:208} INFO - Processing /home/airflow/.local/lib/python3.12/site-packages/airflow/example_dags/example_inlet_event_extra.py took 1.967 seconds
[2024-11-17T09:27:13.496+0000] {processor.py:186} INFO - Started process (PID=3784) to work on /home/airflow/.local/lib/python3.12/site-packages/airflow/example_dags/example_inlet_event_extra.py
[2024-11-17T09:27:13.500+0000] {processor.py:914} INFO - Processing file /home/airflow/.local/lib/python3.12/site-packages/airflow/example_dags/example_inlet_event_extra.py for tasks to queue
[2024-11-17T09:27:13.508+0000] {logging_mixin.py:190} INFO - [2024-11-17T09:27:13.507+0000] {dagbag.py:588} INFO - Filling up the DagBag from /home/airflow/.local/lib/python3.12/site-packages/airflow/example_dags/example_inlet_event_extra.py
[2024-11-17T09:27:15.276+0000] {processor.py:925} INFO - DAG(s) 'read_dataset_event', 'read_dataset_event_from_classic' retrieved from /home/airflow/.local/lib/python3.12/site-packages/airflow/example_dags/example_inlet_event_extra.py
[2024-11-17T09:27:15.352+0000] {logging_mixin.py:190} INFO - [2024-11-17T09:27:15.351+0000] {dag.py:3239} INFO - Sync 2 DAGs
[2024-11-17T09:27:15.441+0000] {logging_mixin.py:190} INFO - [2024-11-17T09:27:15.441+0000] {dag.py:4180} INFO - Setting next_dagrun for read_dataset_event to 2024-11-16 00:00:00+00:00, run_after=2024-11-17 00:00:00+00:00
[2024-11-17T09:27:15.466+0000] {logging_mixin.py:190} INFO - [2024-11-17T09:27:15.466+0000] {dag.py:4180} INFO - Setting next_dagrun for read_dataset_event_from_classic to 2024-11-16 00:00:00+00:00, run_after=2024-11-17 00:00:00+00:00
[2024-11-17T09:27:15.520+0000] {processor.py:208} INFO - Processing /home/airflow/.local/lib/python3.12/site-packages/airflow/example_dags/example_inlet_event_extra.py took 2.056 seconds
[2024-11-17T09:27:45.669+0000] {processor.py:186} INFO - Started process (PID=3859) to work on /home/airflow/.local/lib/python3.12/site-packages/airflow/example_dags/example_inlet_event_extra.py
[2024-11-17T09:27:45.672+0000] {processor.py:914} INFO - Processing file /home/airflow/.local/lib/python3.12/site-packages/airflow/example_dags/example_inlet_event_extra.py for tasks to queue
[2024-11-17T09:27:45.679+0000] {logging_mixin.py:190} INFO - [2024-11-17T09:27:45.678+0000] {dagbag.py:588} INFO - Filling up the DagBag from /home/airflow/.local/lib/python3.12/site-packages/airflow/example_dags/example_inlet_event_extra.py
[2024-11-17T09:27:47.141+0000] {processor.py:925} INFO - DAG(s) 'read_dataset_event', 'read_dataset_event_from_classic' retrieved from /home/airflow/.local/lib/python3.12/site-packages/airflow/example_dags/example_inlet_event_extra.py
[2024-11-17T09:27:47.209+0000] {logging_mixin.py:190} INFO - [2024-11-17T09:27:47.208+0000] {dag.py:3239} INFO - Sync 2 DAGs
[2024-11-17T09:27:47.287+0000] {logging_mixin.py:190} INFO - [2024-11-17T09:27:47.287+0000] {dag.py:4180} INFO - Setting next_dagrun for read_dataset_event to 2024-11-16 00:00:00+00:00, run_after=2024-11-17 00:00:00+00:00
[2024-11-17T09:27:47.303+0000] {logging_mixin.py:190} INFO - [2024-11-17T09:27:47.303+0000] {dag.py:4180} INFO - Setting next_dagrun for read_dataset_event_from_classic to 2024-11-16 00:00:00+00:00, run_after=2024-11-17 00:00:00+00:00
[2024-11-17T09:27:47.358+0000] {processor.py:208} INFO - Processing /home/airflow/.local/lib/python3.12/site-packages/airflow/example_dags/example_inlet_event_extra.py took 1.706 seconds
