[2024-11-17T08:57:40.741+0000] {processor.py:186} INFO - Started process (PID=69) to work on /home/airflow/.local/lib/python3.12/site-packages/airflow/example_dags/example_bash_decorator.py
[2024-11-17T08:57:40.749+0000] {processor.py:914} INFO - Processing file /home/airflow/.local/lib/python3.12/site-packages/airflow/example_dags/example_bash_decorator.py for tasks to queue
[2024-11-17T08:57:40.761+0000] {logging_mixin.py:190} INFO - [2024-11-17T08:57:40.757+0000] {dagbag.py:588} INFO - Filling up the DagBag from /home/airflow/.local/lib/python3.12/site-packages/airflow/example_dags/example_bash_decorator.py
[2024-11-17T08:57:40.873+0000] {processor.py:925} INFO - DAG(s) 'example_bash_decorator' retrieved from /home/airflow/.local/lib/python3.12/site-packages/airflow/example_dags/example_bash_decorator.py
[2024-11-17T08:57:41.333+0000] {logging_mixin.py:190} INFO - [2024-11-17T08:57:41.331+0000] {override.py:1911} INFO - Created Permission View: can delete on DAG:example_bash_decorator
[2024-11-17T08:57:41.369+0000] {logging_mixin.py:190} INFO - [2024-11-17T08:57:41.368+0000] {override.py:1911} INFO - Created Permission View: can edit on DAG:example_bash_decorator
[2024-11-17T08:57:41.396+0000] {logging_mixin.py:190} INFO - [2024-11-17T08:57:41.395+0000] {override.py:1911} INFO - Created Permission View: can read on DAG:example_bash_decorator
[2024-11-17T08:57:41.428+0000] {logging_mixin.py:190} INFO - [2024-11-17T08:57:41.427+0000] {override.py:1911} INFO - Created Permission View: can delete on DAG Run:example_bash_decorator
[2024-11-17T08:57:41.466+0000] {logging_mixin.py:190} INFO - [2024-11-17T08:57:41.463+0000] {override.py:1911} INFO - Created Permission View: menu access on DAG Run:example_bash_decorator
[2024-11-17T08:57:41.500+0000] {logging_mixin.py:190} INFO - [2024-11-17T08:57:41.499+0000] {override.py:1911} INFO - Created Permission View: can create on DAG Run:example_bash_decorator
[2024-11-17T08:57:41.546+0000] {logging_mixin.py:190} INFO - [2024-11-17T08:57:41.545+0000] {override.py:1911} INFO - Created Permission View: can read on DAG Run:example_bash_decorator
[2024-11-17T08:57:41.549+0000] {logging_mixin.py:190} INFO - [2024-11-17T08:57:41.548+0000] {dag.py:3239} INFO - Sync 1 DAGs
[2024-11-17T08:57:41.674+0000] {logging_mixin.py:190} INFO - [2024-11-17T08:57:41.673+0000] {dag.py:3262} INFO - Creating ORM DAG for example_bash_decorator
[2024-11-17T08:57:41.681+0000] {logging_mixin.py:190} INFO - [2024-11-17T08:57:41.679+0000] {dag.py:4180} INFO - Setting next_dagrun for example_bash_decorator to None, run_after=None
[2024-11-17T08:57:41.773+0000] {processor.py:208} INFO - Processing /home/airflow/.local/lib/python3.12/site-packages/airflow/example_dags/example_bash_decorator.py took 1.072 seconds
[2024-11-17T08:58:16.915+0000] {processor.py:186} INFO - Started process (PID=136) to work on /home/airflow/.local/lib/python3.12/site-packages/airflow/example_dags/example_bash_decorator.py
[2024-11-17T08:58:16.918+0000] {processor.py:914} INFO - Processing file /home/airflow/.local/lib/python3.12/site-packages/airflow/example_dags/example_bash_decorator.py for tasks to queue
[2024-11-17T08:58:16.925+0000] {logging_mixin.py:190} INFO - [2024-11-17T08:58:16.924+0000] {dagbag.py:588} INFO - Filling up the DagBag from /home/airflow/.local/lib/python3.12/site-packages/airflow/example_dags/example_bash_decorator.py
[2024-11-17T08:58:16.975+0000] {processor.py:925} INFO - DAG(s) 'example_bash_decorator' retrieved from /home/airflow/.local/lib/python3.12/site-packages/airflow/example_dags/example_bash_decorator.py
[2024-11-17T08:58:17.039+0000] {logging_mixin.py:190} INFO - [2024-11-17T08:58:17.038+0000] {dag.py:3239} INFO - Sync 1 DAGs
[2024-11-17T08:58:17.080+0000] {logging_mixin.py:190} INFO - [2024-11-17T08:58:17.080+0000] {dag.py:4180} INFO - Setting next_dagrun for example_bash_decorator to None, run_after=None
[2024-11-17T08:58:17.139+0000] {processor.py:208} INFO - Processing /home/airflow/.local/lib/python3.12/site-packages/airflow/example_dags/example_bash_decorator.py took 0.240 seconds
[2024-11-17T08:58:51.010+0000] {processor.py:186} INFO - Started process (PID=194) to work on /home/airflow/.local/lib/python3.12/site-packages/airflow/example_dags/example_bash_decorator.py
[2024-11-17T08:58:51.012+0000] {processor.py:914} INFO - Processing file /home/airflow/.local/lib/python3.12/site-packages/airflow/example_dags/example_bash_decorator.py for tasks to queue
[2024-11-17T08:58:51.020+0000] {logging_mixin.py:190} INFO - [2024-11-17T08:58:51.018+0000] {dagbag.py:588} INFO - Filling up the DagBag from /home/airflow/.local/lib/python3.12/site-packages/airflow/example_dags/example_bash_decorator.py
[2024-11-17T08:58:51.080+0000] {processor.py:925} INFO - DAG(s) 'example_bash_decorator' retrieved from /home/airflow/.local/lib/python3.12/site-packages/airflow/example_dags/example_bash_decorator.py
[2024-11-17T08:58:51.160+0000] {logging_mixin.py:190} INFO - [2024-11-17T08:58:51.159+0000] {dag.py:3239} INFO - Sync 1 DAGs
[2024-11-17T08:58:51.206+0000] {logging_mixin.py:190} INFO - [2024-11-17T08:58:51.205+0000] {dag.py:4180} INFO - Setting next_dagrun for example_bash_decorator to None, run_after=None
[2024-11-17T08:58:51.255+0000] {processor.py:208} INFO - Processing /home/airflow/.local/lib/python3.12/site-packages/airflow/example_dags/example_bash_decorator.py took 0.266 seconds
[2024-11-17T08:59:27.368+0000] {processor.py:186} INFO - Started process (PID=257) to work on /home/airflow/.local/lib/python3.12/site-packages/airflow/example_dags/example_bash_decorator.py
[2024-11-17T08:59:27.371+0000] {processor.py:914} INFO - Processing file /home/airflow/.local/lib/python3.12/site-packages/airflow/example_dags/example_bash_decorator.py for tasks to queue
[2024-11-17T08:59:27.377+0000] {logging_mixin.py:190} INFO - [2024-11-17T08:59:27.376+0000] {dagbag.py:588} INFO - Filling up the DagBag from /home/airflow/.local/lib/python3.12/site-packages/airflow/example_dags/example_bash_decorator.py
[2024-11-17T08:59:27.434+0000] {processor.py:925} INFO - DAG(s) 'example_bash_decorator' retrieved from /home/airflow/.local/lib/python3.12/site-packages/airflow/example_dags/example_bash_decorator.py
[2024-11-17T08:59:27.511+0000] {logging_mixin.py:190} INFO - [2024-11-17T08:59:27.510+0000] {dag.py:3239} INFO - Sync 1 DAGs
[2024-11-17T08:59:27.560+0000] {logging_mixin.py:190} INFO - [2024-11-17T08:59:27.558+0000] {dag.py:4180} INFO - Setting next_dagrun for example_bash_decorator to None, run_after=None
[2024-11-17T08:59:27.615+0000] {processor.py:208} INFO - Processing /home/airflow/.local/lib/python3.12/site-packages/airflow/example_dags/example_bash_decorator.py took 0.265 seconds
[2024-11-17T08:59:57.962+0000] {processor.py:186} INFO - Started process (PID=322) to work on /home/airflow/.local/lib/python3.12/site-packages/airflow/example_dags/example_bash_decorator.py
[2024-11-17T08:59:57.965+0000] {processor.py:914} INFO - Processing file /home/airflow/.local/lib/python3.12/site-packages/airflow/example_dags/example_bash_decorator.py for tasks to queue
[2024-11-17T08:59:57.973+0000] {logging_mixin.py:190} INFO - [2024-11-17T08:59:57.972+0000] {dagbag.py:588} INFO - Filling up the DagBag from /home/airflow/.local/lib/python3.12/site-packages/airflow/example_dags/example_bash_decorator.py
[2024-11-17T08:59:58.014+0000] {processor.py:925} INFO - DAG(s) 'example_bash_decorator' retrieved from /home/airflow/.local/lib/python3.12/site-packages/airflow/example_dags/example_bash_decorator.py
[2024-11-17T08:59:58.122+0000] {logging_mixin.py:190} INFO - [2024-11-17T08:59:58.121+0000] {dag.py:3239} INFO - Sync 1 DAGs
[2024-11-17T08:59:58.194+0000] {logging_mixin.py:190} INFO - [2024-11-17T08:59:58.193+0000] {dag.py:4180} INFO - Setting next_dagrun for example_bash_decorator to None, run_after=None
[2024-11-17T08:59:58.275+0000] {processor.py:208} INFO - Processing /home/airflow/.local/lib/python3.12/site-packages/airflow/example_dags/example_bash_decorator.py took 0.329 seconds
[2024-11-17T09:00:28.450+0000] {processor.py:186} INFO - Started process (PID=388) to work on /home/airflow/.local/lib/python3.12/site-packages/airflow/example_dags/example_bash_decorator.py
[2024-11-17T09:00:28.454+0000] {processor.py:914} INFO - Processing file /home/airflow/.local/lib/python3.12/site-packages/airflow/example_dags/example_bash_decorator.py for tasks to queue
[2024-11-17T09:00:28.462+0000] {logging_mixin.py:190} INFO - [2024-11-17T09:00:28.461+0000] {dagbag.py:588} INFO - Filling up the DagBag from /home/airflow/.local/lib/python3.12/site-packages/airflow/example_dags/example_bash_decorator.py
[2024-11-17T09:00:28.516+0000] {processor.py:925} INFO - DAG(s) 'example_bash_decorator' retrieved from /home/airflow/.local/lib/python3.12/site-packages/airflow/example_dags/example_bash_decorator.py
[2024-11-17T09:00:28.599+0000] {logging_mixin.py:190} INFO - [2024-11-17T09:00:28.598+0000] {dag.py:3239} INFO - Sync 1 DAGs
[2024-11-17T09:00:28.641+0000] {logging_mixin.py:190} INFO - [2024-11-17T09:00:28.640+0000] {dag.py:4180} INFO - Setting next_dagrun for example_bash_decorator to None, run_after=None
[2024-11-17T09:00:28.706+0000] {processor.py:208} INFO - Processing /home/airflow/.local/lib/python3.12/site-packages/airflow/example_dags/example_bash_decorator.py took 0.277 seconds
[2024-11-17T09:01:00.883+0000] {processor.py:186} INFO - Started process (PID=446) to work on /home/airflow/.local/lib/python3.12/site-packages/airflow/example_dags/example_bash_decorator.py
[2024-11-17T09:01:00.887+0000] {processor.py:914} INFO - Processing file /home/airflow/.local/lib/python3.12/site-packages/airflow/example_dags/example_bash_decorator.py for tasks to queue
[2024-11-17T09:01:00.896+0000] {logging_mixin.py:190} INFO - [2024-11-17T09:01:00.895+0000] {dagbag.py:588} INFO - Filling up the DagBag from /home/airflow/.local/lib/python3.12/site-packages/airflow/example_dags/example_bash_decorator.py
[2024-11-17T09:01:00.960+0000] {processor.py:925} INFO - DAG(s) 'example_bash_decorator' retrieved from /home/airflow/.local/lib/python3.12/site-packages/airflow/example_dags/example_bash_decorator.py
[2024-11-17T09:01:01.048+0000] {logging_mixin.py:190} INFO - [2024-11-17T09:01:01.047+0000] {dag.py:3239} INFO - Sync 1 DAGs
[2024-11-17T09:01:01.102+0000] {logging_mixin.py:190} INFO - [2024-11-17T09:01:01.101+0000] {dag.py:4180} INFO - Setting next_dagrun for example_bash_decorator to None, run_after=None
[2024-11-17T09:01:01.166+0000] {processor.py:208} INFO - Processing /home/airflow/.local/lib/python3.12/site-packages/airflow/example_dags/example_bash_decorator.py took 0.306 seconds
[2024-11-17T09:01:32.612+0000] {processor.py:186} INFO - Started process (PID=508) to work on /home/airflow/.local/lib/python3.12/site-packages/airflow/example_dags/example_bash_decorator.py
[2024-11-17T09:01:32.615+0000] {processor.py:914} INFO - Processing file /home/airflow/.local/lib/python3.12/site-packages/airflow/example_dags/example_bash_decorator.py for tasks to queue
[2024-11-17T09:01:32.625+0000] {logging_mixin.py:190} INFO - [2024-11-17T09:01:32.624+0000] {dagbag.py:588} INFO - Filling up the DagBag from /home/airflow/.local/lib/python3.12/site-packages/airflow/example_dags/example_bash_decorator.py
[2024-11-17T09:01:32.696+0000] {processor.py:925} INFO - DAG(s) 'example_bash_decorator' retrieved from /home/airflow/.local/lib/python3.12/site-packages/airflow/example_dags/example_bash_decorator.py
[2024-11-17T09:01:32.785+0000] {logging_mixin.py:190} INFO - [2024-11-17T09:01:32.784+0000] {dag.py:3239} INFO - Sync 1 DAGs
[2024-11-17T09:01:32.834+0000] {logging_mixin.py:190} INFO - [2024-11-17T09:01:32.833+0000] {dag.py:4180} INFO - Setting next_dagrun for example_bash_decorator to None, run_after=None
[2024-11-17T09:01:32.888+0000] {processor.py:208} INFO - Processing /home/airflow/.local/lib/python3.12/site-packages/airflow/example_dags/example_bash_decorator.py took 0.296 seconds
[2024-11-17T09:02:05.228+0000] {processor.py:186} INFO - Started process (PID=574) to work on /home/airflow/.local/lib/python3.12/site-packages/airflow/example_dags/example_bash_decorator.py
[2024-11-17T09:02:05.231+0000] {processor.py:914} INFO - Processing file /home/airflow/.local/lib/python3.12/site-packages/airflow/example_dags/example_bash_decorator.py for tasks to queue
[2024-11-17T09:02:05.238+0000] {logging_mixin.py:190} INFO - [2024-11-17T09:02:05.237+0000] {dagbag.py:588} INFO - Filling up the DagBag from /home/airflow/.local/lib/python3.12/site-packages/airflow/example_dags/example_bash_decorator.py
[2024-11-17T09:02:05.296+0000] {processor.py:925} INFO - DAG(s) 'example_bash_decorator' retrieved from /home/airflow/.local/lib/python3.12/site-packages/airflow/example_dags/example_bash_decorator.py
[2024-11-17T09:02:05.376+0000] {logging_mixin.py:190} INFO - [2024-11-17T09:02:05.376+0000] {dag.py:3239} INFO - Sync 1 DAGs
[2024-11-17T09:02:05.421+0000] {logging_mixin.py:190} INFO - [2024-11-17T09:02:05.421+0000] {dag.py:4180} INFO - Setting next_dagrun for example_bash_decorator to None, run_after=None
[2024-11-17T09:02:05.477+0000] {processor.py:208} INFO - Processing /home/airflow/.local/lib/python3.12/site-packages/airflow/example_dags/example_bash_decorator.py took 0.276 seconds
[2024-11-17T09:02:38.430+0000] {processor.py:186} INFO - Started process (PID=646) to work on /home/airflow/.local/lib/python3.12/site-packages/airflow/example_dags/example_bash_decorator.py
[2024-11-17T09:02:38.433+0000] {processor.py:914} INFO - Processing file /home/airflow/.local/lib/python3.12/site-packages/airflow/example_dags/example_bash_decorator.py for tasks to queue
[2024-11-17T09:02:38.440+0000] {logging_mixin.py:190} INFO - [2024-11-17T09:02:38.439+0000] {dagbag.py:588} INFO - Filling up the DagBag from /home/airflow/.local/lib/python3.12/site-packages/airflow/example_dags/example_bash_decorator.py
[2024-11-17T09:02:38.484+0000] {processor.py:925} INFO - DAG(s) 'example_bash_decorator' retrieved from /home/airflow/.local/lib/python3.12/site-packages/airflow/example_dags/example_bash_decorator.py
[2024-11-17T09:02:38.573+0000] {logging_mixin.py:190} INFO - [2024-11-17T09:02:38.572+0000] {dag.py:3239} INFO - Sync 1 DAGs
[2024-11-17T09:02:38.624+0000] {logging_mixin.py:190} INFO - [2024-11-17T09:02:38.623+0000] {dag.py:4180} INFO - Setting next_dagrun for example_bash_decorator to None, run_after=None
[2024-11-17T09:02:38.685+0000] {processor.py:208} INFO - Processing /home/airflow/.local/lib/python3.12/site-packages/airflow/example_dags/example_bash_decorator.py took 0.272 seconds
[2024-11-17T09:03:10.985+0000] {processor.py:186} INFO - Started process (PID=712) to work on /home/airflow/.local/lib/python3.12/site-packages/airflow/example_dags/example_bash_decorator.py
[2024-11-17T09:03:10.988+0000] {processor.py:914} INFO - Processing file /home/airflow/.local/lib/python3.12/site-packages/airflow/example_dags/example_bash_decorator.py for tasks to queue
[2024-11-17T09:03:10.994+0000] {logging_mixin.py:190} INFO - [2024-11-17T09:03:10.993+0000] {dagbag.py:588} INFO - Filling up the DagBag from /home/airflow/.local/lib/python3.12/site-packages/airflow/example_dags/example_bash_decorator.py
[2024-11-17T09:03:11.054+0000] {processor.py:925} INFO - DAG(s) 'example_bash_decorator' retrieved from /home/airflow/.local/lib/python3.12/site-packages/airflow/example_dags/example_bash_decorator.py
[2024-11-17T09:03:11.139+0000] {logging_mixin.py:190} INFO - [2024-11-17T09:03:11.138+0000] {dag.py:3239} INFO - Sync 1 DAGs
[2024-11-17T09:03:11.181+0000] {logging_mixin.py:190} INFO - [2024-11-17T09:03:11.180+0000] {dag.py:4180} INFO - Setting next_dagrun for example_bash_decorator to None, run_after=None
[2024-11-17T09:03:11.249+0000] {processor.py:208} INFO - Processing /home/airflow/.local/lib/python3.12/site-packages/airflow/example_dags/example_bash_decorator.py took 0.282 seconds
[2024-11-17T09:03:42.249+0000] {processor.py:186} INFO - Started process (PID=776) to work on /home/airflow/.local/lib/python3.12/site-packages/airflow/example_dags/example_bash_decorator.py
[2024-11-17T09:03:42.252+0000] {processor.py:914} INFO - Processing file /home/airflow/.local/lib/python3.12/site-packages/airflow/example_dags/example_bash_decorator.py for tasks to queue
[2024-11-17T09:03:42.260+0000] {logging_mixin.py:190} INFO - [2024-11-17T09:03:42.259+0000] {dagbag.py:588} INFO - Filling up the DagBag from /home/airflow/.local/lib/python3.12/site-packages/airflow/example_dags/example_bash_decorator.py
[2024-11-17T09:03:42.303+0000] {processor.py:925} INFO - DAG(s) 'example_bash_decorator' retrieved from /home/airflow/.local/lib/python3.12/site-packages/airflow/example_dags/example_bash_decorator.py
[2024-11-17T09:03:42.368+0000] {logging_mixin.py:190} INFO - [2024-11-17T09:03:42.367+0000] {dag.py:3239} INFO - Sync 1 DAGs
[2024-11-17T09:03:42.408+0000] {logging_mixin.py:190} INFO - [2024-11-17T09:03:42.408+0000] {dag.py:4180} INFO - Setting next_dagrun for example_bash_decorator to None, run_after=None
[2024-11-17T09:03:42.461+0000] {processor.py:208} INFO - Processing /home/airflow/.local/lib/python3.12/site-packages/airflow/example_dags/example_bash_decorator.py took 0.229 seconds
[2024-11-17T09:04:13.090+0000] {processor.py:186} INFO - Started process (PID=841) to work on /home/airflow/.local/lib/python3.12/site-packages/airflow/example_dags/example_bash_decorator.py
[2024-11-17T09:04:13.092+0000] {processor.py:914} INFO - Processing file /home/airflow/.local/lib/python3.12/site-packages/airflow/example_dags/example_bash_decorator.py for tasks to queue
[2024-11-17T09:04:13.099+0000] {logging_mixin.py:190} INFO - [2024-11-17T09:04:13.098+0000] {dagbag.py:588} INFO - Filling up the DagBag from /home/airflow/.local/lib/python3.12/site-packages/airflow/example_dags/example_bash_decorator.py
[2024-11-17T09:04:13.140+0000] {processor.py:925} INFO - DAG(s) 'example_bash_decorator' retrieved from /home/airflow/.local/lib/python3.12/site-packages/airflow/example_dags/example_bash_decorator.py
[2024-11-17T09:04:13.203+0000] {logging_mixin.py:190} INFO - [2024-11-17T09:04:13.202+0000] {dag.py:3239} INFO - Sync 1 DAGs
[2024-11-17T09:04:13.241+0000] {logging_mixin.py:190} INFO - [2024-11-17T09:04:13.240+0000] {dag.py:4180} INFO - Setting next_dagrun for example_bash_decorator to None, run_after=None
[2024-11-17T09:04:13.288+0000] {processor.py:208} INFO - Processing /home/airflow/.local/lib/python3.12/site-packages/airflow/example_dags/example_bash_decorator.py took 0.216 seconds
[2024-11-17T09:04:43.803+0000] {processor.py:186} INFO - Started process (PID=907) to work on /home/airflow/.local/lib/python3.12/site-packages/airflow/example_dags/example_bash_decorator.py
[2024-11-17T09:04:43.805+0000] {processor.py:914} INFO - Processing file /home/airflow/.local/lib/python3.12/site-packages/airflow/example_dags/example_bash_decorator.py for tasks to queue
[2024-11-17T09:04:43.812+0000] {logging_mixin.py:190} INFO - [2024-11-17T09:04:43.811+0000] {dagbag.py:588} INFO - Filling up the DagBag from /home/airflow/.local/lib/python3.12/site-packages/airflow/example_dags/example_bash_decorator.py
[2024-11-17T09:04:43.862+0000] {processor.py:925} INFO - DAG(s) 'example_bash_decorator' retrieved from /home/airflow/.local/lib/python3.12/site-packages/airflow/example_dags/example_bash_decorator.py
[2024-11-17T09:04:43.927+0000] {logging_mixin.py:190} INFO - [2024-11-17T09:04:43.926+0000] {dag.py:3239} INFO - Sync 1 DAGs
[2024-11-17T09:04:43.970+0000] {logging_mixin.py:190} INFO - [2024-11-17T09:04:43.970+0000] {dag.py:4180} INFO - Setting next_dagrun for example_bash_decorator to None, run_after=None
[2024-11-17T09:04:44.027+0000] {processor.py:208} INFO - Processing /home/airflow/.local/lib/python3.12/site-packages/airflow/example_dags/example_bash_decorator.py took 0.242 seconds
[2024-11-17T09:05:14.644+0000] {processor.py:186} INFO - Started process (PID=973) to work on /home/airflow/.local/lib/python3.12/site-packages/airflow/example_dags/example_bash_decorator.py
[2024-11-17T09:05:14.647+0000] {processor.py:914} INFO - Processing file /home/airflow/.local/lib/python3.12/site-packages/airflow/example_dags/example_bash_decorator.py for tasks to queue
[2024-11-17T09:05:14.653+0000] {logging_mixin.py:190} INFO - [2024-11-17T09:05:14.652+0000] {dagbag.py:588} INFO - Filling up the DagBag from /home/airflow/.local/lib/python3.12/site-packages/airflow/example_dags/example_bash_decorator.py
[2024-11-17T09:05:14.708+0000] {processor.py:925} INFO - DAG(s) 'example_bash_decorator' retrieved from /home/airflow/.local/lib/python3.12/site-packages/airflow/example_dags/example_bash_decorator.py
[2024-11-17T09:05:14.779+0000] {logging_mixin.py:190} INFO - [2024-11-17T09:05:14.778+0000] {dag.py:3239} INFO - Sync 1 DAGs
[2024-11-17T09:05:14.829+0000] {logging_mixin.py:190} INFO - [2024-11-17T09:05:14.828+0000] {dag.py:4180} INFO - Setting next_dagrun for example_bash_decorator to None, run_after=None
[2024-11-17T09:05:14.880+0000] {processor.py:208} INFO - Processing /home/airflow/.local/lib/python3.12/site-packages/airflow/example_dags/example_bash_decorator.py took 0.262 seconds
[2024-11-17T09:05:45.306+0000] {processor.py:186} INFO - Started process (PID=1039) to work on /home/airflow/.local/lib/python3.12/site-packages/airflow/example_dags/example_bash_decorator.py
[2024-11-17T09:05:45.309+0000] {processor.py:914} INFO - Processing file /home/airflow/.local/lib/python3.12/site-packages/airflow/example_dags/example_bash_decorator.py for tasks to queue
[2024-11-17T09:05:45.316+0000] {logging_mixin.py:190} INFO - [2024-11-17T09:05:45.315+0000] {dagbag.py:588} INFO - Filling up the DagBag from /home/airflow/.local/lib/python3.12/site-packages/airflow/example_dags/example_bash_decorator.py
[2024-11-17T09:05:45.373+0000] {processor.py:925} INFO - DAG(s) 'example_bash_decorator' retrieved from /home/airflow/.local/lib/python3.12/site-packages/airflow/example_dags/example_bash_decorator.py
[2024-11-17T09:05:45.451+0000] {logging_mixin.py:190} INFO - [2024-11-17T09:05:45.451+0000] {dag.py:3239} INFO - Sync 1 DAGs
[2024-11-17T09:05:45.500+0000] {logging_mixin.py:190} INFO - [2024-11-17T09:05:45.499+0000] {dag.py:4180} INFO - Setting next_dagrun for example_bash_decorator to None, run_after=None
[2024-11-17T09:05:45.558+0000] {processor.py:208} INFO - Processing /home/airflow/.local/lib/python3.12/site-packages/airflow/example_dags/example_bash_decorator.py took 0.269 seconds
[2024-11-17T09:06:15.962+0000] {processor.py:186} INFO - Started process (PID=1105) to work on /home/airflow/.local/lib/python3.12/site-packages/airflow/example_dags/example_bash_decorator.py
[2024-11-17T09:06:15.964+0000] {processor.py:914} INFO - Processing file /home/airflow/.local/lib/python3.12/site-packages/airflow/example_dags/example_bash_decorator.py for tasks to queue
[2024-11-17T09:06:15.971+0000] {logging_mixin.py:190} INFO - [2024-11-17T09:06:15.970+0000] {dagbag.py:588} INFO - Filling up the DagBag from /home/airflow/.local/lib/python3.12/site-packages/airflow/example_dags/example_bash_decorator.py
[2024-11-17T09:06:16.012+0000] {processor.py:925} INFO - DAG(s) 'example_bash_decorator' retrieved from /home/airflow/.local/lib/python3.12/site-packages/airflow/example_dags/example_bash_decorator.py
[2024-11-17T09:06:16.076+0000] {logging_mixin.py:190} INFO - [2024-11-17T09:06:16.075+0000] {dag.py:3239} INFO - Sync 1 DAGs
[2024-11-17T09:06:16.115+0000] {logging_mixin.py:190} INFO - [2024-11-17T09:06:16.115+0000] {dag.py:4180} INFO - Setting next_dagrun for example_bash_decorator to None, run_after=None
[2024-11-17T09:06:16.173+0000] {processor.py:208} INFO - Processing /home/airflow/.local/lib/python3.12/site-packages/airflow/example_dags/example_bash_decorator.py took 0.227 seconds
[2024-11-17T09:06:46.445+0000] {processor.py:186} INFO - Started process (PID=1171) to work on /home/airflow/.local/lib/python3.12/site-packages/airflow/example_dags/example_bash_decorator.py
[2024-11-17T09:06:46.449+0000] {processor.py:914} INFO - Processing file /home/airflow/.local/lib/python3.12/site-packages/airflow/example_dags/example_bash_decorator.py for tasks to queue
[2024-11-17T09:06:46.460+0000] {logging_mixin.py:190} INFO - [2024-11-17T09:06:46.459+0000] {dagbag.py:588} INFO - Filling up the DagBag from /home/airflow/.local/lib/python3.12/site-packages/airflow/example_dags/example_bash_decorator.py
[2024-11-17T09:06:46.550+0000] {processor.py:925} INFO - DAG(s) 'example_bash_decorator' retrieved from /home/airflow/.local/lib/python3.12/site-packages/airflow/example_dags/example_bash_decorator.py
[2024-11-17T09:06:46.614+0000] {logging_mixin.py:190} INFO - [2024-11-17T09:06:46.613+0000] {dag.py:3239} INFO - Sync 1 DAGs
[2024-11-17T09:06:46.652+0000] {logging_mixin.py:190} INFO - [2024-11-17T09:06:46.651+0000] {dag.py:4180} INFO - Setting next_dagrun for example_bash_decorator to None, run_after=None
[2024-11-17T09:06:46.714+0000] {processor.py:208} INFO - Processing /home/airflow/.local/lib/python3.12/site-packages/airflow/example_dags/example_bash_decorator.py took 0.292 seconds
[2024-11-17T09:07:17.160+0000] {processor.py:186} INFO - Started process (PID=1238) to work on /home/airflow/.local/lib/python3.12/site-packages/airflow/example_dags/example_bash_decorator.py
[2024-11-17T09:07:17.163+0000] {processor.py:914} INFO - Processing file /home/airflow/.local/lib/python3.12/site-packages/airflow/example_dags/example_bash_decorator.py for tasks to queue
[2024-11-17T09:07:17.171+0000] {logging_mixin.py:190} INFO - [2024-11-17T09:07:17.170+0000] {dagbag.py:588} INFO - Filling up the DagBag from /home/airflow/.local/lib/python3.12/site-packages/airflow/example_dags/example_bash_decorator.py
[2024-11-17T09:07:17.231+0000] {processor.py:925} INFO - DAG(s) 'example_bash_decorator' retrieved from /home/airflow/.local/lib/python3.12/site-packages/airflow/example_dags/example_bash_decorator.py
[2024-11-17T09:07:17.318+0000] {logging_mixin.py:190} INFO - [2024-11-17T09:07:17.317+0000] {dag.py:3239} INFO - Sync 1 DAGs
[2024-11-17T09:07:17.369+0000] {logging_mixin.py:190} INFO - [2024-11-17T09:07:17.368+0000] {dag.py:4180} INFO - Setting next_dagrun for example_bash_decorator to None, run_after=None
[2024-11-17T09:07:17.432+0000] {processor.py:208} INFO - Processing /home/airflow/.local/lib/python3.12/site-packages/airflow/example_dags/example_bash_decorator.py took 0.295 seconds
[2024-11-17T09:07:48.303+0000] {processor.py:186} INFO - Started process (PID=1304) to work on /home/airflow/.local/lib/python3.12/site-packages/airflow/example_dags/example_bash_decorator.py
[2024-11-17T09:07:48.306+0000] {processor.py:914} INFO - Processing file /home/airflow/.local/lib/python3.12/site-packages/airflow/example_dags/example_bash_decorator.py for tasks to queue
[2024-11-17T09:07:48.312+0000] {logging_mixin.py:190} INFO - [2024-11-17T09:07:48.311+0000] {dagbag.py:588} INFO - Filling up the DagBag from /home/airflow/.local/lib/python3.12/site-packages/airflow/example_dags/example_bash_decorator.py
[2024-11-17T09:07:48.356+0000] {processor.py:925} INFO - DAG(s) 'example_bash_decorator' retrieved from /home/airflow/.local/lib/python3.12/site-packages/airflow/example_dags/example_bash_decorator.py
[2024-11-17T09:07:48.425+0000] {logging_mixin.py:190} INFO - [2024-11-17T09:07:48.424+0000] {dag.py:3239} INFO - Sync 1 DAGs
[2024-11-17T09:07:48.480+0000] {logging_mixin.py:190} INFO - [2024-11-17T09:07:48.479+0000] {dag.py:4180} INFO - Setting next_dagrun for example_bash_decorator to None, run_after=None
[2024-11-17T09:07:48.542+0000] {processor.py:208} INFO - Processing /home/airflow/.local/lib/python3.12/site-packages/airflow/example_dags/example_bash_decorator.py took 0.256 seconds
[2024-11-17T09:08:18.719+0000] {processor.py:186} INFO - Started process (PID=1369) to work on /home/airflow/.local/lib/python3.12/site-packages/airflow/example_dags/example_bash_decorator.py
[2024-11-17T09:08:18.722+0000] {processor.py:914} INFO - Processing file /home/airflow/.local/lib/python3.12/site-packages/airflow/example_dags/example_bash_decorator.py for tasks to queue
[2024-11-17T09:08:18.728+0000] {logging_mixin.py:190} INFO - [2024-11-17T09:08:18.727+0000] {dagbag.py:588} INFO - Filling up the DagBag from /home/airflow/.local/lib/python3.12/site-packages/airflow/example_dags/example_bash_decorator.py
[2024-11-17T09:08:18.768+0000] {processor.py:925} INFO - DAG(s) 'example_bash_decorator' retrieved from /home/airflow/.local/lib/python3.12/site-packages/airflow/example_dags/example_bash_decorator.py
[2024-11-17T09:08:18.832+0000] {logging_mixin.py:190} INFO - [2024-11-17T09:08:18.831+0000] {dag.py:3239} INFO - Sync 1 DAGs
[2024-11-17T09:08:18.874+0000] {logging_mixin.py:190} INFO - [2024-11-17T09:08:18.874+0000] {dag.py:4180} INFO - Setting next_dagrun for example_bash_decorator to None, run_after=None
[2024-11-17T09:08:18.923+0000] {processor.py:208} INFO - Processing /home/airflow/.local/lib/python3.12/site-packages/airflow/example_dags/example_bash_decorator.py took 0.220 seconds
[2024-11-17T09:08:50.166+0000] {processor.py:186} INFO - Started process (PID=1435) to work on /home/airflow/.local/lib/python3.12/site-packages/airflow/example_dags/example_bash_decorator.py
[2024-11-17T09:08:50.169+0000] {processor.py:914} INFO - Processing file /home/airflow/.local/lib/python3.12/site-packages/airflow/example_dags/example_bash_decorator.py for tasks to queue
[2024-11-17T09:08:50.176+0000] {logging_mixin.py:190} INFO - [2024-11-17T09:08:50.175+0000] {dagbag.py:588} INFO - Filling up the DagBag from /home/airflow/.local/lib/python3.12/site-packages/airflow/example_dags/example_bash_decorator.py
[2024-11-17T09:08:50.229+0000] {processor.py:925} INFO - DAG(s) 'example_bash_decorator' retrieved from /home/airflow/.local/lib/python3.12/site-packages/airflow/example_dags/example_bash_decorator.py
[2024-11-17T09:08:50.312+0000] {logging_mixin.py:190} INFO - [2024-11-17T09:08:50.311+0000] {dag.py:3239} INFO - Sync 1 DAGs
[2024-11-17T09:08:50.355+0000] {logging_mixin.py:190} INFO - [2024-11-17T09:08:50.354+0000] {dag.py:4180} INFO - Setting next_dagrun for example_bash_decorator to None, run_after=None
[2024-11-17T09:08:50.408+0000] {processor.py:208} INFO - Processing /home/airflow/.local/lib/python3.12/site-packages/airflow/example_dags/example_bash_decorator.py took 0.260 seconds
[2024-11-17T09:09:20.832+0000] {processor.py:186} INFO - Started process (PID=1500) to work on /home/airflow/.local/lib/python3.12/site-packages/airflow/example_dags/example_bash_decorator.py
[2024-11-17T09:09:20.836+0000] {processor.py:914} INFO - Processing file /home/airflow/.local/lib/python3.12/site-packages/airflow/example_dags/example_bash_decorator.py for tasks to queue
[2024-11-17T09:09:20.844+0000] {logging_mixin.py:190} INFO - [2024-11-17T09:09:20.842+0000] {dagbag.py:588} INFO - Filling up the DagBag from /home/airflow/.local/lib/python3.12/site-packages/airflow/example_dags/example_bash_decorator.py
[2024-11-17T09:09:20.903+0000] {processor.py:925} INFO - DAG(s) 'example_bash_decorator' retrieved from /home/airflow/.local/lib/python3.12/site-packages/airflow/example_dags/example_bash_decorator.py
[2024-11-17T09:09:20.977+0000] {logging_mixin.py:190} INFO - [2024-11-17T09:09:20.976+0000] {dag.py:3239} INFO - Sync 1 DAGs
[2024-11-17T09:09:21.028+0000] {logging_mixin.py:190} INFO - [2024-11-17T09:09:21.027+0000] {dag.py:4180} INFO - Setting next_dagrun for example_bash_decorator to None, run_after=None
[2024-11-17T09:09:21.079+0000] {processor.py:208} INFO - Processing /home/airflow/.local/lib/python3.12/site-packages/airflow/example_dags/example_bash_decorator.py took 0.265 seconds
[2024-11-17T09:09:51.786+0000] {processor.py:186} INFO - Started process (PID=1566) to work on /home/airflow/.local/lib/python3.12/site-packages/airflow/example_dags/example_bash_decorator.py
[2024-11-17T09:09:51.789+0000] {processor.py:914} INFO - Processing file /home/airflow/.local/lib/python3.12/site-packages/airflow/example_dags/example_bash_decorator.py for tasks to queue
[2024-11-17T09:09:51.797+0000] {logging_mixin.py:190} INFO - [2024-11-17T09:09:51.796+0000] {dagbag.py:588} INFO - Filling up the DagBag from /home/airflow/.local/lib/python3.12/site-packages/airflow/example_dags/example_bash_decorator.py
[2024-11-17T09:09:51.855+0000] {processor.py:925} INFO - DAG(s) 'example_bash_decorator' retrieved from /home/airflow/.local/lib/python3.12/site-packages/airflow/example_dags/example_bash_decorator.py
[2024-11-17T09:09:51.947+0000] {logging_mixin.py:190} INFO - [2024-11-17T09:09:51.946+0000] {dag.py:3239} INFO - Sync 1 DAGs
[2024-11-17T09:09:51.996+0000] {logging_mixin.py:190} INFO - [2024-11-17T09:09:51.996+0000] {dag.py:4180} INFO - Setting next_dagrun for example_bash_decorator to None, run_after=None
[2024-11-17T09:09:52.061+0000] {processor.py:208} INFO - Processing /home/airflow/.local/lib/python3.12/site-packages/airflow/example_dags/example_bash_decorator.py took 0.297 seconds
[2024-11-17T09:10:22.560+0000] {processor.py:186} INFO - Started process (PID=1632) to work on /home/airflow/.local/lib/python3.12/site-packages/airflow/example_dags/example_bash_decorator.py
[2024-11-17T09:10:22.563+0000] {processor.py:914} INFO - Processing file /home/airflow/.local/lib/python3.12/site-packages/airflow/example_dags/example_bash_decorator.py for tasks to queue
[2024-11-17T09:10:22.569+0000] {logging_mixin.py:190} INFO - [2024-11-17T09:10:22.568+0000] {dagbag.py:588} INFO - Filling up the DagBag from /home/airflow/.local/lib/python3.12/site-packages/airflow/example_dags/example_bash_decorator.py
[2024-11-17T09:10:22.612+0000] {processor.py:925} INFO - DAG(s) 'example_bash_decorator' retrieved from /home/airflow/.local/lib/python3.12/site-packages/airflow/example_dags/example_bash_decorator.py
[2024-11-17T09:10:22.677+0000] {logging_mixin.py:190} INFO - [2024-11-17T09:10:22.676+0000] {dag.py:3239} INFO - Sync 1 DAGs
[2024-11-17T09:10:22.716+0000] {logging_mixin.py:190} INFO - [2024-11-17T09:10:22.715+0000] {dag.py:4180} INFO - Setting next_dagrun for example_bash_decorator to None, run_after=None
[2024-11-17T09:10:22.764+0000] {processor.py:208} INFO - Processing /home/airflow/.local/lib/python3.12/site-packages/airflow/example_dags/example_bash_decorator.py took 0.220 seconds
[2024-11-17T09:10:53.340+0000] {processor.py:186} INFO - Started process (PID=1697) to work on /home/airflow/.local/lib/python3.12/site-packages/airflow/example_dags/example_bash_decorator.py
[2024-11-17T09:10:53.344+0000] {processor.py:914} INFO - Processing file /home/airflow/.local/lib/python3.12/site-packages/airflow/example_dags/example_bash_decorator.py for tasks to queue
[2024-11-17T09:10:53.352+0000] {logging_mixin.py:190} INFO - [2024-11-17T09:10:53.351+0000] {dagbag.py:588} INFO - Filling up the DagBag from /home/airflow/.local/lib/python3.12/site-packages/airflow/example_dags/example_bash_decorator.py
[2024-11-17T09:10:53.395+0000] {processor.py:925} INFO - DAG(s) 'example_bash_decorator' retrieved from /home/airflow/.local/lib/python3.12/site-packages/airflow/example_dags/example_bash_decorator.py
[2024-11-17T09:10:53.468+0000] {logging_mixin.py:190} INFO - [2024-11-17T09:10:53.467+0000] {dag.py:3239} INFO - Sync 1 DAGs
[2024-11-17T09:10:53.533+0000] {logging_mixin.py:190} INFO - [2024-11-17T09:10:53.532+0000] {dag.py:4180} INFO - Setting next_dagrun for example_bash_decorator to None, run_after=None
[2024-11-17T09:10:53.591+0000] {processor.py:208} INFO - Processing /home/airflow/.local/lib/python3.12/site-packages/airflow/example_dags/example_bash_decorator.py took 0.269 seconds
[2024-11-17T09:11:24.138+0000] {processor.py:186} INFO - Started process (PID=1763) to work on /home/airflow/.local/lib/python3.12/site-packages/airflow/example_dags/example_bash_decorator.py
[2024-11-17T09:11:24.140+0000] {processor.py:914} INFO - Processing file /home/airflow/.local/lib/python3.12/site-packages/airflow/example_dags/example_bash_decorator.py for tasks to queue
[2024-11-17T09:11:24.147+0000] {logging_mixin.py:190} INFO - [2024-11-17T09:11:24.146+0000] {dagbag.py:588} INFO - Filling up the DagBag from /home/airflow/.local/lib/python3.12/site-packages/airflow/example_dags/example_bash_decorator.py
[2024-11-17T09:11:24.191+0000] {processor.py:925} INFO - DAG(s) 'example_bash_decorator' retrieved from /home/airflow/.local/lib/python3.12/site-packages/airflow/example_dags/example_bash_decorator.py
[2024-11-17T09:11:24.253+0000] {logging_mixin.py:190} INFO - [2024-11-17T09:11:24.253+0000] {dag.py:3239} INFO - Sync 1 DAGs
[2024-11-17T09:11:24.293+0000] {logging_mixin.py:190} INFO - [2024-11-17T09:11:24.293+0000] {dag.py:4180} INFO - Setting next_dagrun for example_bash_decorator to None, run_after=None
[2024-11-17T09:11:24.344+0000] {processor.py:208} INFO - Processing /home/airflow/.local/lib/python3.12/site-packages/airflow/example_dags/example_bash_decorator.py took 0.223 seconds
[2024-11-17T09:11:55.493+0000] {processor.py:186} INFO - Started process (PID=1829) to work on /home/airflow/.local/lib/python3.12/site-packages/airflow/example_dags/example_bash_decorator.py
[2024-11-17T09:11:55.495+0000] {processor.py:914} INFO - Processing file /home/airflow/.local/lib/python3.12/site-packages/airflow/example_dags/example_bash_decorator.py for tasks to queue
[2024-11-17T09:11:55.503+0000] {logging_mixin.py:190} INFO - [2024-11-17T09:11:55.502+0000] {dagbag.py:588} INFO - Filling up the DagBag from /home/airflow/.local/lib/python3.12/site-packages/airflow/example_dags/example_bash_decorator.py
[2024-11-17T09:11:55.557+0000] {processor.py:925} INFO - DAG(s) 'example_bash_decorator' retrieved from /home/airflow/.local/lib/python3.12/site-packages/airflow/example_dags/example_bash_decorator.py
[2024-11-17T09:11:55.630+0000] {logging_mixin.py:190} INFO - [2024-11-17T09:11:55.629+0000] {dag.py:3239} INFO - Sync 1 DAGs
[2024-11-17T09:11:55.672+0000] {logging_mixin.py:190} INFO - [2024-11-17T09:11:55.672+0000] {dag.py:4180} INFO - Setting next_dagrun for example_bash_decorator to None, run_after=None
[2024-11-17T09:11:55.728+0000] {processor.py:208} INFO - Processing /home/airflow/.local/lib/python3.12/site-packages/airflow/example_dags/example_bash_decorator.py took 0.252 seconds
[2024-11-17T09:12:26.428+0000] {processor.py:186} INFO - Started process (PID=1894) to work on /home/airflow/.local/lib/python3.12/site-packages/airflow/example_dags/example_bash_decorator.py
[2024-11-17T09:12:26.431+0000] {processor.py:914} INFO - Processing file /home/airflow/.local/lib/python3.12/site-packages/airflow/example_dags/example_bash_decorator.py for tasks to queue
[2024-11-17T09:12:26.437+0000] {logging_mixin.py:190} INFO - [2024-11-17T09:12:26.436+0000] {dagbag.py:588} INFO - Filling up the DagBag from /home/airflow/.local/lib/python3.12/site-packages/airflow/example_dags/example_bash_decorator.py
[2024-11-17T09:12:26.493+0000] {processor.py:925} INFO - DAG(s) 'example_bash_decorator' retrieved from /home/airflow/.local/lib/python3.12/site-packages/airflow/example_dags/example_bash_decorator.py
[2024-11-17T09:12:26.569+0000] {logging_mixin.py:190} INFO - [2024-11-17T09:12:26.568+0000] {dag.py:3239} INFO - Sync 1 DAGs
[2024-11-17T09:12:26.628+0000] {logging_mixin.py:190} INFO - [2024-11-17T09:12:26.627+0000] {dag.py:4180} INFO - Setting next_dagrun for example_bash_decorator to None, run_after=None
[2024-11-17T09:12:26.685+0000] {processor.py:208} INFO - Processing /home/airflow/.local/lib/python3.12/site-packages/airflow/example_dags/example_bash_decorator.py took 0.274 seconds
[2024-11-17T09:12:56.886+0000] {processor.py:186} INFO - Started process (PID=1960) to work on /home/airflow/.local/lib/python3.12/site-packages/airflow/example_dags/example_bash_decorator.py
[2024-11-17T09:12:56.889+0000] {processor.py:914} INFO - Processing file /home/airflow/.local/lib/python3.12/site-packages/airflow/example_dags/example_bash_decorator.py for tasks to queue
[2024-11-17T09:12:56.895+0000] {logging_mixin.py:190} INFO - [2024-11-17T09:12:56.895+0000] {dagbag.py:588} INFO - Filling up the DagBag from /home/airflow/.local/lib/python3.12/site-packages/airflow/example_dags/example_bash_decorator.py
[2024-11-17T09:12:56.938+0000] {processor.py:925} INFO - DAG(s) 'example_bash_decorator' retrieved from /home/airflow/.local/lib/python3.12/site-packages/airflow/example_dags/example_bash_decorator.py
[2024-11-17T09:12:57.011+0000] {logging_mixin.py:190} INFO - [2024-11-17T09:12:57.010+0000] {dag.py:3239} INFO - Sync 1 DAGs
[2024-11-17T09:12:57.054+0000] {logging_mixin.py:190} INFO - [2024-11-17T09:12:57.053+0000] {dag.py:4180} INFO - Setting next_dagrun for example_bash_decorator to None, run_after=None
[2024-11-17T09:12:57.111+0000] {processor.py:208} INFO - Processing /home/airflow/.local/lib/python3.12/site-packages/airflow/example_dags/example_bash_decorator.py took 0.246 seconds
[2024-11-17T09:13:27.369+0000] {processor.py:186} INFO - Started process (PID=2025) to work on /home/airflow/.local/lib/python3.12/site-packages/airflow/example_dags/example_bash_decorator.py
[2024-11-17T09:13:27.371+0000] {processor.py:914} INFO - Processing file /home/airflow/.local/lib/python3.12/site-packages/airflow/example_dags/example_bash_decorator.py for tasks to queue
[2024-11-17T09:13:27.378+0000] {logging_mixin.py:190} INFO - [2024-11-17T09:13:27.377+0000] {dagbag.py:588} INFO - Filling up the DagBag from /home/airflow/.local/lib/python3.12/site-packages/airflow/example_dags/example_bash_decorator.py
[2024-11-17T09:13:27.418+0000] {processor.py:925} INFO - DAG(s) 'example_bash_decorator' retrieved from /home/airflow/.local/lib/python3.12/site-packages/airflow/example_dags/example_bash_decorator.py
[2024-11-17T09:13:27.482+0000] {logging_mixin.py:190} INFO - [2024-11-17T09:13:27.482+0000] {dag.py:3239} INFO - Sync 1 DAGs
[2024-11-17T09:13:27.521+0000] {logging_mixin.py:190} INFO - [2024-11-17T09:13:27.520+0000] {dag.py:4180} INFO - Setting next_dagrun for example_bash_decorator to None, run_after=None
[2024-11-17T09:13:27.577+0000] {processor.py:208} INFO - Processing /home/airflow/.local/lib/python3.12/site-packages/airflow/example_dags/example_bash_decorator.py took 0.225 seconds
[2024-11-17T09:13:58.612+0000] {processor.py:186} INFO - Started process (PID=2091) to work on /home/airflow/.local/lib/python3.12/site-packages/airflow/example_dags/example_bash_decorator.py
[2024-11-17T09:13:58.615+0000] {processor.py:914} INFO - Processing file /home/airflow/.local/lib/python3.12/site-packages/airflow/example_dags/example_bash_decorator.py for tasks to queue
[2024-11-17T09:13:58.622+0000] {logging_mixin.py:190} INFO - [2024-11-17T09:13:58.621+0000] {dagbag.py:588} INFO - Filling up the DagBag from /home/airflow/.local/lib/python3.12/site-packages/airflow/example_dags/example_bash_decorator.py
[2024-11-17T09:13:58.669+0000] {processor.py:925} INFO - DAG(s) 'example_bash_decorator' retrieved from /home/airflow/.local/lib/python3.12/site-packages/airflow/example_dags/example_bash_decorator.py
[2024-11-17T09:13:58.735+0000] {logging_mixin.py:190} INFO - [2024-11-17T09:13:58.733+0000] {dag.py:3239} INFO - Sync 1 DAGs
[2024-11-17T09:13:58.775+0000] {logging_mixin.py:190} INFO - [2024-11-17T09:13:58.774+0000] {dag.py:4180} INFO - Setting next_dagrun for example_bash_decorator to None, run_after=None
[2024-11-17T09:13:58.833+0000] {processor.py:208} INFO - Processing /home/airflow/.local/lib/python3.12/site-packages/airflow/example_dags/example_bash_decorator.py took 0.241 seconds
[2024-11-17T09:14:29.530+0000] {processor.py:186} INFO - Started process (PID=2157) to work on /home/airflow/.local/lib/python3.12/site-packages/airflow/example_dags/example_bash_decorator.py
[2024-11-17T09:14:29.533+0000] {processor.py:914} INFO - Processing file /home/airflow/.local/lib/python3.12/site-packages/airflow/example_dags/example_bash_decorator.py for tasks to queue
[2024-11-17T09:14:29.540+0000] {logging_mixin.py:190} INFO - [2024-11-17T09:14:29.539+0000] {dagbag.py:588} INFO - Filling up the DagBag from /home/airflow/.local/lib/python3.12/site-packages/airflow/example_dags/example_bash_decorator.py
[2024-11-17T09:14:29.590+0000] {processor.py:925} INFO - DAG(s) 'example_bash_decorator' retrieved from /home/airflow/.local/lib/python3.12/site-packages/airflow/example_dags/example_bash_decorator.py
[2024-11-17T09:14:29.685+0000] {logging_mixin.py:190} INFO - [2024-11-17T09:14:29.684+0000] {dag.py:3239} INFO - Sync 1 DAGs
[2024-11-17T09:14:29.738+0000] {logging_mixin.py:190} INFO - [2024-11-17T09:14:29.738+0000] {dag.py:4180} INFO - Setting next_dagrun for example_bash_decorator to None, run_after=None
[2024-11-17T09:14:29.831+0000] {processor.py:208} INFO - Processing /home/airflow/.local/lib/python3.12/site-packages/airflow/example_dags/example_bash_decorator.py took 0.319 seconds
[2024-11-17T09:15:00.008+0000] {processor.py:186} INFO - Started process (PID=2223) to work on /home/airflow/.local/lib/python3.12/site-packages/airflow/example_dags/example_bash_decorator.py
[2024-11-17T09:15:00.011+0000] {processor.py:914} INFO - Processing file /home/airflow/.local/lib/python3.12/site-packages/airflow/example_dags/example_bash_decorator.py for tasks to queue
[2024-11-17T09:15:00.020+0000] {logging_mixin.py:190} INFO - [2024-11-17T09:15:00.019+0000] {dagbag.py:588} INFO - Filling up the DagBag from /home/airflow/.local/lib/python3.12/site-packages/airflow/example_dags/example_bash_decorator.py
[2024-11-17T09:15:00.065+0000] {processor.py:925} INFO - DAG(s) 'example_bash_decorator' retrieved from /home/airflow/.local/lib/python3.12/site-packages/airflow/example_dags/example_bash_decorator.py
[2024-11-17T09:15:00.130+0000] {logging_mixin.py:190} INFO - [2024-11-17T09:15:00.130+0000] {dag.py:3239} INFO - Sync 1 DAGs
[2024-11-17T09:15:00.174+0000] {logging_mixin.py:190} INFO - [2024-11-17T09:15:00.173+0000] {dag.py:4180} INFO - Setting next_dagrun for example_bash_decorator to None, run_after=None
[2024-11-17T09:15:00.237+0000] {processor.py:208} INFO - Processing /home/airflow/.local/lib/python3.12/site-packages/airflow/example_dags/example_bash_decorator.py took 0.245 seconds
[2024-11-17T09:15:30.478+0000] {processor.py:186} INFO - Started process (PID=2288) to work on /home/airflow/.local/lib/python3.12/site-packages/airflow/example_dags/example_bash_decorator.py
[2024-11-17T09:15:30.481+0000] {processor.py:914} INFO - Processing file /home/airflow/.local/lib/python3.12/site-packages/airflow/example_dags/example_bash_decorator.py for tasks to queue
[2024-11-17T09:15:30.491+0000] {logging_mixin.py:190} INFO - [2024-11-17T09:15:30.489+0000] {dagbag.py:588} INFO - Filling up the DagBag from /home/airflow/.local/lib/python3.12/site-packages/airflow/example_dags/example_bash_decorator.py
[2024-11-17T09:15:30.548+0000] {processor.py:925} INFO - DAG(s) 'example_bash_decorator' retrieved from /home/airflow/.local/lib/python3.12/site-packages/airflow/example_dags/example_bash_decorator.py
[2024-11-17T09:15:30.627+0000] {logging_mixin.py:190} INFO - [2024-11-17T09:15:30.626+0000] {dag.py:3239} INFO - Sync 1 DAGs
[2024-11-17T09:15:30.671+0000] {logging_mixin.py:190} INFO - [2024-11-17T09:15:30.670+0000] {dag.py:4180} INFO - Setting next_dagrun for example_bash_decorator to None, run_after=None
[2024-11-17T09:15:30.725+0000] {processor.py:208} INFO - Processing /home/airflow/.local/lib/python3.12/site-packages/airflow/example_dags/example_bash_decorator.py took 0.274 seconds
[2024-11-17T09:16:01.499+0000] {processor.py:186} INFO - Started process (PID=2354) to work on /home/airflow/.local/lib/python3.12/site-packages/airflow/example_dags/example_bash_decorator.py
[2024-11-17T09:16:01.503+0000] {processor.py:914} INFO - Processing file /home/airflow/.local/lib/python3.12/site-packages/airflow/example_dags/example_bash_decorator.py for tasks to queue
[2024-11-17T09:16:01.523+0000] {logging_mixin.py:190} INFO - [2024-11-17T09:16:01.521+0000] {dagbag.py:588} INFO - Filling up the DagBag from /home/airflow/.local/lib/python3.12/site-packages/airflow/example_dags/example_bash_decorator.py
[2024-11-17T09:16:01.639+0000] {processor.py:925} INFO - DAG(s) 'example_bash_decorator' retrieved from /home/airflow/.local/lib/python3.12/site-packages/airflow/example_dags/example_bash_decorator.py
[2024-11-17T09:16:01.770+0000] {logging_mixin.py:190} INFO - [2024-11-17T09:16:01.769+0000] {dag.py:3239} INFO - Sync 1 DAGs
[2024-11-17T09:16:01.829+0000] {logging_mixin.py:190} INFO - [2024-11-17T09:16:01.828+0000] {dag.py:4180} INFO - Setting next_dagrun for example_bash_decorator to None, run_after=None
[2024-11-17T09:16:01.928+0000] {processor.py:208} INFO - Processing /home/airflow/.local/lib/python3.12/site-packages/airflow/example_dags/example_bash_decorator.py took 0.453 seconds
[2024-11-17T09:16:32.419+0000] {processor.py:186} INFO - Started process (PID=2420) to work on /home/airflow/.local/lib/python3.12/site-packages/airflow/example_dags/example_bash_decorator.py
[2024-11-17T09:16:32.422+0000] {processor.py:914} INFO - Processing file /home/airflow/.local/lib/python3.12/site-packages/airflow/example_dags/example_bash_decorator.py for tasks to queue
[2024-11-17T09:16:32.431+0000] {logging_mixin.py:190} INFO - [2024-11-17T09:16:32.430+0000] {dagbag.py:588} INFO - Filling up the DagBag from /home/airflow/.local/lib/python3.12/site-packages/airflow/example_dags/example_bash_decorator.py
[2024-11-17T09:16:32.497+0000] {processor.py:925} INFO - DAG(s) 'example_bash_decorator' retrieved from /home/airflow/.local/lib/python3.12/site-packages/airflow/example_dags/example_bash_decorator.py
[2024-11-17T09:16:32.574+0000] {logging_mixin.py:190} INFO - [2024-11-17T09:16:32.573+0000] {dag.py:3239} INFO - Sync 1 DAGs
[2024-11-17T09:16:32.636+0000] {logging_mixin.py:190} INFO - [2024-11-17T09:16:32.635+0000] {dag.py:4180} INFO - Setting next_dagrun for example_bash_decorator to None, run_after=None
[2024-11-17T09:16:32.697+0000] {processor.py:208} INFO - Processing /home/airflow/.local/lib/python3.12/site-packages/airflow/example_dags/example_bash_decorator.py took 0.298 seconds
[2024-11-17T09:17:03.293+0000] {processor.py:186} INFO - Started process (PID=2485) to work on /home/airflow/.local/lib/python3.12/site-packages/airflow/example_dags/example_bash_decorator.py
[2024-11-17T09:17:03.297+0000] {processor.py:914} INFO - Processing file /home/airflow/.local/lib/python3.12/site-packages/airflow/example_dags/example_bash_decorator.py for tasks to queue
[2024-11-17T09:17:03.306+0000] {logging_mixin.py:190} INFO - [2024-11-17T09:17:03.304+0000] {dagbag.py:588} INFO - Filling up the DagBag from /home/airflow/.local/lib/python3.12/site-packages/airflow/example_dags/example_bash_decorator.py
[2024-11-17T09:17:03.361+0000] {processor.py:925} INFO - DAG(s) 'example_bash_decorator' retrieved from /home/airflow/.local/lib/python3.12/site-packages/airflow/example_dags/example_bash_decorator.py
[2024-11-17T09:17:03.442+0000] {logging_mixin.py:190} INFO - [2024-11-17T09:17:03.442+0000] {dag.py:3239} INFO - Sync 1 DAGs
[2024-11-17T09:17:03.496+0000] {logging_mixin.py:190} INFO - [2024-11-17T09:17:03.495+0000] {dag.py:4180} INFO - Setting next_dagrun for example_bash_decorator to None, run_after=None
[2024-11-17T09:17:03.557+0000] {processor.py:208} INFO - Processing /home/airflow/.local/lib/python3.12/site-packages/airflow/example_dags/example_bash_decorator.py took 0.283 seconds
[2024-11-17T09:17:34.004+0000] {processor.py:186} INFO - Started process (PID=2551) to work on /home/airflow/.local/lib/python3.12/site-packages/airflow/example_dags/example_bash_decorator.py
[2024-11-17T09:17:34.007+0000] {processor.py:914} INFO - Processing file /home/airflow/.local/lib/python3.12/site-packages/airflow/example_dags/example_bash_decorator.py for tasks to queue
[2024-11-17T09:17:34.014+0000] {logging_mixin.py:190} INFO - [2024-11-17T09:17:34.013+0000] {dagbag.py:588} INFO - Filling up the DagBag from /home/airflow/.local/lib/python3.12/site-packages/airflow/example_dags/example_bash_decorator.py
[2024-11-17T09:17:34.059+0000] {processor.py:925} INFO - DAG(s) 'example_bash_decorator' retrieved from /home/airflow/.local/lib/python3.12/site-packages/airflow/example_dags/example_bash_decorator.py
[2024-11-17T09:17:34.127+0000] {logging_mixin.py:190} INFO - [2024-11-17T09:17:34.126+0000] {dag.py:3239} INFO - Sync 1 DAGs
[2024-11-17T09:17:34.168+0000] {logging_mixin.py:190} INFO - [2024-11-17T09:17:34.168+0000] {dag.py:4180} INFO - Setting next_dagrun for example_bash_decorator to None, run_after=None
[2024-11-17T09:17:34.241+0000] {processor.py:208} INFO - Processing /home/airflow/.local/lib/python3.12/site-packages/airflow/example_dags/example_bash_decorator.py took 0.253 seconds
[2024-11-17T09:18:04.913+0000] {processor.py:186} INFO - Started process (PID=2618) to work on /home/airflow/.local/lib/python3.12/site-packages/airflow/example_dags/example_bash_decorator.py
[2024-11-17T09:18:04.916+0000] {processor.py:914} INFO - Processing file /home/airflow/.local/lib/python3.12/site-packages/airflow/example_dags/example_bash_decorator.py for tasks to queue
[2024-11-17T09:18:04.923+0000] {logging_mixin.py:190} INFO - [2024-11-17T09:18:04.922+0000] {dagbag.py:588} INFO - Filling up the DagBag from /home/airflow/.local/lib/python3.12/site-packages/airflow/example_dags/example_bash_decorator.py
[2024-11-17T09:18:04.980+0000] {processor.py:925} INFO - DAG(s) 'example_bash_decorator' retrieved from /home/airflow/.local/lib/python3.12/site-packages/airflow/example_dags/example_bash_decorator.py
[2024-11-17T09:18:05.056+0000] {logging_mixin.py:190} INFO - [2024-11-17T09:18:05.055+0000] {dag.py:3239} INFO - Sync 1 DAGs
[2024-11-17T09:18:05.099+0000] {logging_mixin.py:190} INFO - [2024-11-17T09:18:05.099+0000] {dag.py:4180} INFO - Setting next_dagrun for example_bash_decorator to None, run_after=None
[2024-11-17T09:18:05.161+0000] {processor.py:208} INFO - Processing /home/airflow/.local/lib/python3.12/site-packages/airflow/example_dags/example_bash_decorator.py took 0.269 seconds
[2024-11-17T09:18:36.058+0000] {processor.py:186} INFO - Started process (PID=2684) to work on /home/airflow/.local/lib/python3.12/site-packages/airflow/example_dags/example_bash_decorator.py
[2024-11-17T09:18:36.061+0000] {processor.py:914} INFO - Processing file /home/airflow/.local/lib/python3.12/site-packages/airflow/example_dags/example_bash_decorator.py for tasks to queue
[2024-11-17T09:18:36.069+0000] {logging_mixin.py:190} INFO - [2024-11-17T09:18:36.068+0000] {dagbag.py:588} INFO - Filling up the DagBag from /home/airflow/.local/lib/python3.12/site-packages/airflow/example_dags/example_bash_decorator.py
[2024-11-17T09:18:36.111+0000] {processor.py:925} INFO - DAG(s) 'example_bash_decorator' retrieved from /home/airflow/.local/lib/python3.12/site-packages/airflow/example_dags/example_bash_decorator.py
[2024-11-17T09:18:36.186+0000] {logging_mixin.py:190} INFO - [2024-11-17T09:18:36.185+0000] {dag.py:3239} INFO - Sync 1 DAGs
[2024-11-17T09:18:36.225+0000] {logging_mixin.py:190} INFO - [2024-11-17T09:18:36.225+0000] {dag.py:4180} INFO - Setting next_dagrun for example_bash_decorator to None, run_after=None
[2024-11-17T09:18:36.275+0000] {processor.py:208} INFO - Processing /home/airflow/.local/lib/python3.12/site-packages/airflow/example_dags/example_bash_decorator.py took 0.240 seconds
[2024-11-17T09:19:06.443+0000] {processor.py:186} INFO - Started process (PID=2749) to work on /home/airflow/.local/lib/python3.12/site-packages/airflow/example_dags/example_bash_decorator.py
[2024-11-17T09:19:06.446+0000] {processor.py:914} INFO - Processing file /home/airflow/.local/lib/python3.12/site-packages/airflow/example_dags/example_bash_decorator.py for tasks to queue
[2024-11-17T09:19:06.453+0000] {logging_mixin.py:190} INFO - [2024-11-17T09:19:06.452+0000] {dagbag.py:588} INFO - Filling up the DagBag from /home/airflow/.local/lib/python3.12/site-packages/airflow/example_dags/example_bash_decorator.py
[2024-11-17T09:19:06.499+0000] {processor.py:925} INFO - DAG(s) 'example_bash_decorator' retrieved from /home/airflow/.local/lib/python3.12/site-packages/airflow/example_dags/example_bash_decorator.py
[2024-11-17T09:19:06.568+0000] {logging_mixin.py:190} INFO - [2024-11-17T09:19:06.568+0000] {dag.py:3239} INFO - Sync 1 DAGs
[2024-11-17T09:19:06.629+0000] {logging_mixin.py:190} INFO - [2024-11-17T09:19:06.628+0000] {dag.py:4180} INFO - Setting next_dagrun for example_bash_decorator to None, run_after=None
[2024-11-17T09:19:06.709+0000] {processor.py:208} INFO - Processing /home/airflow/.local/lib/python3.12/site-packages/airflow/example_dags/example_bash_decorator.py took 0.290 seconds
[2024-11-17T09:19:37.390+0000] {processor.py:186} INFO - Started process (PID=2815) to work on /home/airflow/.local/lib/python3.12/site-packages/airflow/example_dags/example_bash_decorator.py
[2024-11-17T09:19:37.393+0000] {processor.py:914} INFO - Processing file /home/airflow/.local/lib/python3.12/site-packages/airflow/example_dags/example_bash_decorator.py for tasks to queue
[2024-11-17T09:19:37.400+0000] {logging_mixin.py:190} INFO - [2024-11-17T09:19:37.399+0000] {dagbag.py:588} INFO - Filling up the DagBag from /home/airflow/.local/lib/python3.12/site-packages/airflow/example_dags/example_bash_decorator.py
[2024-11-17T09:19:37.444+0000] {processor.py:925} INFO - DAG(s) 'example_bash_decorator' retrieved from /home/airflow/.local/lib/python3.12/site-packages/airflow/example_dags/example_bash_decorator.py
[2024-11-17T09:19:37.519+0000] {logging_mixin.py:190} INFO - [2024-11-17T09:19:37.518+0000] {dag.py:3239} INFO - Sync 1 DAGs
[2024-11-17T09:19:37.571+0000] {logging_mixin.py:190} INFO - [2024-11-17T09:19:37.570+0000] {dag.py:4180} INFO - Setting next_dagrun for example_bash_decorator to None, run_after=None
[2024-11-17T09:19:37.632+0000] {processor.py:208} INFO - Processing /home/airflow/.local/lib/python3.12/site-packages/airflow/example_dags/example_bash_decorator.py took 0.264 seconds
[2024-11-17T09:20:07.984+0000] {processor.py:186} INFO - Started process (PID=2880) to work on /home/airflow/.local/lib/python3.12/site-packages/airflow/example_dags/example_bash_decorator.py
[2024-11-17T09:20:07.987+0000] {processor.py:914} INFO - Processing file /home/airflow/.local/lib/python3.12/site-packages/airflow/example_dags/example_bash_decorator.py for tasks to queue
[2024-11-17T09:20:07.993+0000] {logging_mixin.py:190} INFO - [2024-11-17T09:20:07.993+0000] {dagbag.py:588} INFO - Filling up the DagBag from /home/airflow/.local/lib/python3.12/site-packages/airflow/example_dags/example_bash_decorator.py
[2024-11-17T09:20:08.033+0000] {processor.py:925} INFO - DAG(s) 'example_bash_decorator' retrieved from /home/airflow/.local/lib/python3.12/site-packages/airflow/example_dags/example_bash_decorator.py
[2024-11-17T09:20:08.095+0000] {logging_mixin.py:190} INFO - [2024-11-17T09:20:08.094+0000] {dag.py:3239} INFO - Sync 1 DAGs
[2024-11-17T09:20:08.133+0000] {logging_mixin.py:190} INFO - [2024-11-17T09:20:08.133+0000] {dag.py:4180} INFO - Setting next_dagrun for example_bash_decorator to None, run_after=None
[2024-11-17T09:20:08.188+0000] {processor.py:208} INFO - Processing /home/airflow/.local/lib/python3.12/site-packages/airflow/example_dags/example_bash_decorator.py took 0.222 seconds
[2024-11-17T09:20:38.515+0000] {processor.py:186} INFO - Started process (PID=2946) to work on /home/airflow/.local/lib/python3.12/site-packages/airflow/example_dags/example_bash_decorator.py
[2024-11-17T09:20:38.518+0000] {processor.py:914} INFO - Processing file /home/airflow/.local/lib/python3.12/site-packages/airflow/example_dags/example_bash_decorator.py for tasks to queue
[2024-11-17T09:20:38.529+0000] {logging_mixin.py:190} INFO - [2024-11-17T09:20:38.527+0000] {dagbag.py:588} INFO - Filling up the DagBag from /home/airflow/.local/lib/python3.12/site-packages/airflow/example_dags/example_bash_decorator.py
[2024-11-17T09:20:38.574+0000] {processor.py:925} INFO - DAG(s) 'example_bash_decorator' retrieved from /home/airflow/.local/lib/python3.12/site-packages/airflow/example_dags/example_bash_decorator.py
[2024-11-17T09:20:38.651+0000] {logging_mixin.py:190} INFO - [2024-11-17T09:20:38.650+0000] {dag.py:3239} INFO - Sync 1 DAGs
[2024-11-17T09:20:38.690+0000] {logging_mixin.py:190} INFO - [2024-11-17T09:20:38.689+0000] {dag.py:4180} INFO - Setting next_dagrun for example_bash_decorator to None, run_after=None
[2024-11-17T09:20:38.742+0000] {processor.py:208} INFO - Processing /home/airflow/.local/lib/python3.12/site-packages/airflow/example_dags/example_bash_decorator.py took 0.245 seconds
[2024-11-17T09:21:08.871+0000] {processor.py:186} INFO - Started process (PID=3012) to work on /home/airflow/.local/lib/python3.12/site-packages/airflow/example_dags/example_bash_decorator.py
[2024-11-17T09:21:08.874+0000] {processor.py:914} INFO - Processing file /home/airflow/.local/lib/python3.12/site-packages/airflow/example_dags/example_bash_decorator.py for tasks to queue
[2024-11-17T09:21:08.881+0000] {logging_mixin.py:190} INFO - [2024-11-17T09:21:08.880+0000] {dagbag.py:588} INFO - Filling up the DagBag from /home/airflow/.local/lib/python3.12/site-packages/airflow/example_dags/example_bash_decorator.py
[2024-11-17T09:21:08.929+0000] {processor.py:925} INFO - DAG(s) 'example_bash_decorator' retrieved from /home/airflow/.local/lib/python3.12/site-packages/airflow/example_dags/example_bash_decorator.py
[2024-11-17T09:21:08.992+0000] {logging_mixin.py:190} INFO - [2024-11-17T09:21:08.992+0000] {dag.py:3239} INFO - Sync 1 DAGs
[2024-11-17T09:21:09.036+0000] {logging_mixin.py:190} INFO - [2024-11-17T09:21:09.035+0000] {dag.py:4180} INFO - Setting next_dagrun for example_bash_decorator to None, run_after=None
[2024-11-17T09:21:09.091+0000] {processor.py:208} INFO - Processing /home/airflow/.local/lib/python3.12/site-packages/airflow/example_dags/example_bash_decorator.py took 0.240 seconds
[2024-11-17T09:21:40.063+0000] {processor.py:186} INFO - Started process (PID=3078) to work on /home/airflow/.local/lib/python3.12/site-packages/airflow/example_dags/example_bash_decorator.py
[2024-11-17T09:21:40.067+0000] {processor.py:914} INFO - Processing file /home/airflow/.local/lib/python3.12/site-packages/airflow/example_dags/example_bash_decorator.py for tasks to queue
[2024-11-17T09:21:40.074+0000] {logging_mixin.py:190} INFO - [2024-11-17T09:21:40.073+0000] {dagbag.py:588} INFO - Filling up the DagBag from /home/airflow/.local/lib/python3.12/site-packages/airflow/example_dags/example_bash_decorator.py
[2024-11-17T09:21:40.129+0000] {processor.py:925} INFO - DAG(s) 'example_bash_decorator' retrieved from /home/airflow/.local/lib/python3.12/site-packages/airflow/example_dags/example_bash_decorator.py
[2024-11-17T09:21:40.205+0000] {logging_mixin.py:190} INFO - [2024-11-17T09:21:40.204+0000] {dag.py:3239} INFO - Sync 1 DAGs
[2024-11-17T09:21:40.710+0000] {logging_mixin.py:190} INFO - [2024-11-17T09:21:40.710+0000] {dag.py:4180} INFO - Setting next_dagrun for example_bash_decorator to None, run_after=None
[2024-11-17T09:21:40.753+0000] {processor.py:208} INFO - Processing /home/airflow/.local/lib/python3.12/site-packages/airflow/example_dags/example_bash_decorator.py took 0.713 seconds
[2024-11-17T09:22:11.052+0000] {processor.py:186} INFO - Started process (PID=3143) to work on /home/airflow/.local/lib/python3.12/site-packages/airflow/example_dags/example_bash_decorator.py
[2024-11-17T09:22:11.055+0000] {processor.py:914} INFO - Processing file /home/airflow/.local/lib/python3.12/site-packages/airflow/example_dags/example_bash_decorator.py for tasks to queue
[2024-11-17T09:22:11.062+0000] {logging_mixin.py:190} INFO - [2024-11-17T09:22:11.061+0000] {dagbag.py:588} INFO - Filling up the DagBag from /home/airflow/.local/lib/python3.12/site-packages/airflow/example_dags/example_bash_decorator.py
[2024-11-17T09:22:11.103+0000] {processor.py:925} INFO - DAG(s) 'example_bash_decorator' retrieved from /home/airflow/.local/lib/python3.12/site-packages/airflow/example_dags/example_bash_decorator.py
[2024-11-17T09:22:11.169+0000] {logging_mixin.py:190} INFO - [2024-11-17T09:22:11.168+0000] {dag.py:3239} INFO - Sync 1 DAGs
[2024-11-17T09:22:11.604+0000] {logging_mixin.py:190} INFO - [2024-11-17T09:22:11.604+0000] {dag.py:4180} INFO - Setting next_dagrun for example_bash_decorator to None, run_after=None
[2024-11-17T09:22:11.666+0000] {processor.py:208} INFO - Processing /home/airflow/.local/lib/python3.12/site-packages/airflow/example_dags/example_bash_decorator.py took 0.630 seconds
[2024-11-17T09:22:42.344+0000] {processor.py:186} INFO - Started process (PID=3209) to work on /home/airflow/.local/lib/python3.12/site-packages/airflow/example_dags/example_bash_decorator.py
[2024-11-17T09:22:42.347+0000] {processor.py:914} INFO - Processing file /home/airflow/.local/lib/python3.12/site-packages/airflow/example_dags/example_bash_decorator.py for tasks to queue
[2024-11-17T09:22:42.354+0000] {logging_mixin.py:190} INFO - [2024-11-17T09:22:42.353+0000] {dagbag.py:588} INFO - Filling up the DagBag from /home/airflow/.local/lib/python3.12/site-packages/airflow/example_dags/example_bash_decorator.py
[2024-11-17T09:22:42.411+0000] {processor.py:925} INFO - DAG(s) 'example_bash_decorator' retrieved from /home/airflow/.local/lib/python3.12/site-packages/airflow/example_dags/example_bash_decorator.py
[2024-11-17T09:22:42.474+0000] {logging_mixin.py:190} INFO - [2024-11-17T09:22:42.473+0000] {dag.py:3239} INFO - Sync 1 DAGs
[2024-11-17T09:22:42.514+0000] {logging_mixin.py:190} INFO - [2024-11-17T09:22:42.513+0000] {dag.py:4180} INFO - Setting next_dagrun for example_bash_decorator to None, run_after=None
[2024-11-17T09:22:42.564+0000] {processor.py:208} INFO - Processing /home/airflow/.local/lib/python3.12/site-packages/airflow/example_dags/example_bash_decorator.py took 0.236 seconds
[2024-11-17T09:23:13.240+0000] {processor.py:186} INFO - Started process (PID=3281) to work on /home/airflow/.local/lib/python3.12/site-packages/airflow/example_dags/example_bash_decorator.py
[2024-11-17T09:23:13.243+0000] {processor.py:914} INFO - Processing file /home/airflow/.local/lib/python3.12/site-packages/airflow/example_dags/example_bash_decorator.py for tasks to queue
[2024-11-17T09:23:13.250+0000] {logging_mixin.py:190} INFO - [2024-11-17T09:23:13.249+0000] {dagbag.py:588} INFO - Filling up the DagBag from /home/airflow/.local/lib/python3.12/site-packages/airflow/example_dags/example_bash_decorator.py
[2024-11-17T09:23:13.314+0000] {processor.py:925} INFO - DAG(s) 'example_bash_decorator' retrieved from /home/airflow/.local/lib/python3.12/site-packages/airflow/example_dags/example_bash_decorator.py
[2024-11-17T09:23:13.406+0000] {logging_mixin.py:190} INFO - [2024-11-17T09:23:13.405+0000] {dag.py:3239} INFO - Sync 1 DAGs
[2024-11-17T09:23:13.453+0000] {logging_mixin.py:190} INFO - [2024-11-17T09:23:13.452+0000] {dag.py:4180} INFO - Setting next_dagrun for example_bash_decorator to None, run_after=None
[2024-11-17T09:23:13.509+0000] {processor.py:208} INFO - Processing /home/airflow/.local/lib/python3.12/site-packages/airflow/example_dags/example_bash_decorator.py took 0.286 seconds
[2024-11-17T09:23:43.950+0000] {processor.py:186} INFO - Started process (PID=3347) to work on /home/airflow/.local/lib/python3.12/site-packages/airflow/example_dags/example_bash_decorator.py
[2024-11-17T09:23:43.953+0000] {processor.py:914} INFO - Processing file /home/airflow/.local/lib/python3.12/site-packages/airflow/example_dags/example_bash_decorator.py for tasks to queue
[2024-11-17T09:23:43.961+0000] {logging_mixin.py:190} INFO - [2024-11-17T09:23:43.959+0000] {dagbag.py:588} INFO - Filling up the DagBag from /home/airflow/.local/lib/python3.12/site-packages/airflow/example_dags/example_bash_decorator.py
[2024-11-17T09:23:44.017+0000] {processor.py:925} INFO - DAG(s) 'example_bash_decorator' retrieved from /home/airflow/.local/lib/python3.12/site-packages/airflow/example_dags/example_bash_decorator.py
[2024-11-17T09:23:44.084+0000] {logging_mixin.py:190} INFO - [2024-11-17T09:23:44.083+0000] {dag.py:3239} INFO - Sync 1 DAGs
[2024-11-17T09:23:44.143+0000] {logging_mixin.py:190} INFO - [2024-11-17T09:23:44.142+0000] {dag.py:4180} INFO - Setting next_dagrun for example_bash_decorator to None, run_after=None
[2024-11-17T09:23:44.202+0000] {processor.py:208} INFO - Processing /home/airflow/.local/lib/python3.12/site-packages/airflow/example_dags/example_bash_decorator.py took 0.277 seconds
[2024-11-17T09:24:14.334+0000] {processor.py:186} INFO - Started process (PID=3413) to work on /home/airflow/.local/lib/python3.12/site-packages/airflow/example_dags/example_bash_decorator.py
[2024-11-17T09:24:14.337+0000] {processor.py:914} INFO - Processing file /home/airflow/.local/lib/python3.12/site-packages/airflow/example_dags/example_bash_decorator.py for tasks to queue
[2024-11-17T09:24:14.344+0000] {logging_mixin.py:190} INFO - [2024-11-17T09:24:14.343+0000] {dagbag.py:588} INFO - Filling up the DagBag from /home/airflow/.local/lib/python3.12/site-packages/airflow/example_dags/example_bash_decorator.py
[2024-11-17T09:24:14.395+0000] {processor.py:925} INFO - DAG(s) 'example_bash_decorator' retrieved from /home/airflow/.local/lib/python3.12/site-packages/airflow/example_dags/example_bash_decorator.py
[2024-11-17T09:24:14.458+0000] {logging_mixin.py:190} INFO - [2024-11-17T09:24:14.457+0000] {dag.py:3239} INFO - Sync 1 DAGs
[2024-11-17T09:24:14.510+0000] {logging_mixin.py:190} INFO - [2024-11-17T09:24:14.510+0000] {dag.py:4180} INFO - Setting next_dagrun for example_bash_decorator to None, run_after=None
[2024-11-17T09:24:14.592+0000] {processor.py:208} INFO - Processing /home/airflow/.local/lib/python3.12/site-packages/airflow/example_dags/example_bash_decorator.py took 0.275 seconds
[2024-11-17T09:24:45.563+0000] {processor.py:186} INFO - Started process (PID=3478) to work on /home/airflow/.local/lib/python3.12/site-packages/airflow/example_dags/example_bash_decorator.py
[2024-11-17T09:24:45.566+0000] {processor.py:914} INFO - Processing file /home/airflow/.local/lib/python3.12/site-packages/airflow/example_dags/example_bash_decorator.py for tasks to queue
[2024-11-17T09:24:45.573+0000] {logging_mixin.py:190} INFO - [2024-11-17T09:24:45.572+0000] {dagbag.py:588} INFO - Filling up the DagBag from /home/airflow/.local/lib/python3.12/site-packages/airflow/example_dags/example_bash_decorator.py
[2024-11-17T09:24:45.615+0000] {processor.py:925} INFO - DAG(s) 'example_bash_decorator' retrieved from /home/airflow/.local/lib/python3.12/site-packages/airflow/example_dags/example_bash_decorator.py
[2024-11-17T09:24:45.685+0000] {logging_mixin.py:190} INFO - [2024-11-17T09:24:45.684+0000] {dag.py:3239} INFO - Sync 1 DAGs
[2024-11-17T09:24:45.726+0000] {logging_mixin.py:190} INFO - [2024-11-17T09:24:45.725+0000] {dag.py:4180} INFO - Setting next_dagrun for example_bash_decorator to None, run_after=None
[2024-11-17T09:24:45.795+0000] {processor.py:208} INFO - Processing /home/airflow/.local/lib/python3.12/site-packages/airflow/example_dags/example_bash_decorator.py took 0.249 seconds
[2024-11-17T09:25:16.336+0000] {processor.py:186} INFO - Started process (PID=3544) to work on /home/airflow/.local/lib/python3.12/site-packages/airflow/example_dags/example_bash_decorator.py
[2024-11-17T09:25:16.339+0000] {processor.py:914} INFO - Processing file /home/airflow/.local/lib/python3.12/site-packages/airflow/example_dags/example_bash_decorator.py for tasks to queue
[2024-11-17T09:25:16.346+0000] {logging_mixin.py:190} INFO - [2024-11-17T09:25:16.345+0000] {dagbag.py:588} INFO - Filling up the DagBag from /home/airflow/.local/lib/python3.12/site-packages/airflow/example_dags/example_bash_decorator.py
[2024-11-17T09:25:16.394+0000] {processor.py:925} INFO - DAG(s) 'example_bash_decorator' retrieved from /home/airflow/.local/lib/python3.12/site-packages/airflow/example_dags/example_bash_decorator.py
[2024-11-17T09:25:16.471+0000] {logging_mixin.py:190} INFO - [2024-11-17T09:25:16.471+0000] {dag.py:3239} INFO - Sync 1 DAGs
[2024-11-17T09:25:16.518+0000] {logging_mixin.py:190} INFO - [2024-11-17T09:25:16.517+0000] {dag.py:4180} INFO - Setting next_dagrun for example_bash_decorator to None, run_after=None
[2024-11-17T09:25:16.577+0000] {processor.py:208} INFO - Processing /home/airflow/.local/lib/python3.12/site-packages/airflow/example_dags/example_bash_decorator.py took 0.261 seconds
[2024-11-17T09:25:47.352+0000] {processor.py:186} INFO - Started process (PID=3610) to work on /home/airflow/.local/lib/python3.12/site-packages/airflow/example_dags/example_bash_decorator.py
[2024-11-17T09:25:47.354+0000] {processor.py:914} INFO - Processing file /home/airflow/.local/lib/python3.12/site-packages/airflow/example_dags/example_bash_decorator.py for tasks to queue
[2024-11-17T09:25:47.362+0000] {logging_mixin.py:190} INFO - [2024-11-17T09:25:47.361+0000] {dagbag.py:588} INFO - Filling up the DagBag from /home/airflow/.local/lib/python3.12/site-packages/airflow/example_dags/example_bash_decorator.py
[2024-11-17T09:25:47.408+0000] {processor.py:925} INFO - DAG(s) 'example_bash_decorator' retrieved from /home/airflow/.local/lib/python3.12/site-packages/airflow/example_dags/example_bash_decorator.py
[2024-11-17T09:25:47.473+0000] {logging_mixin.py:190} INFO - [2024-11-17T09:25:47.473+0000] {dag.py:3239} INFO - Sync 1 DAGs
[2024-11-17T09:25:47.515+0000] {logging_mixin.py:190} INFO - [2024-11-17T09:25:47.514+0000] {dag.py:4180} INFO - Setting next_dagrun for example_bash_decorator to None, run_after=None
[2024-11-17T09:25:47.564+0000] {processor.py:208} INFO - Processing /home/airflow/.local/lib/python3.12/site-packages/airflow/example_dags/example_bash_decorator.py took 0.230 seconds
[2024-11-17T09:26:18.589+0000] {processor.py:186} INFO - Started process (PID=3676) to work on /home/airflow/.local/lib/python3.12/site-packages/airflow/example_dags/example_bash_decorator.py
[2024-11-17T09:26:18.595+0000] {processor.py:914} INFO - Processing file /home/airflow/.local/lib/python3.12/site-packages/airflow/example_dags/example_bash_decorator.py for tasks to queue
[2024-11-17T09:26:18.605+0000] {logging_mixin.py:190} INFO - [2024-11-17T09:26:18.604+0000] {dagbag.py:588} INFO - Filling up the DagBag from /home/airflow/.local/lib/python3.12/site-packages/airflow/example_dags/example_bash_decorator.py
[2024-11-17T09:26:18.699+0000] {processor.py:925} INFO - DAG(s) 'example_bash_decorator' retrieved from /home/airflow/.local/lib/python3.12/site-packages/airflow/example_dags/example_bash_decorator.py
[2024-11-17T09:26:18.799+0000] {logging_mixin.py:190} INFO - [2024-11-17T09:26:18.798+0000] {dag.py:3239} INFO - Sync 1 DAGs
[2024-11-17T09:26:18.915+0000] {logging_mixin.py:190} INFO - [2024-11-17T09:26:18.915+0000] {dag.py:4180} INFO - Setting next_dagrun for example_bash_decorator to None, run_after=None
[2024-11-17T09:26:19.008+0000] {processor.py:208} INFO - Processing /home/airflow/.local/lib/python3.12/site-packages/airflow/example_dags/example_bash_decorator.py took 0.456 seconds
[2024-11-17T09:26:49.172+0000] {processor.py:186} INFO - Started process (PID=3742) to work on /home/airflow/.local/lib/python3.12/site-packages/airflow/example_dags/example_bash_decorator.py
[2024-11-17T09:26:49.174+0000] {processor.py:914} INFO - Processing file /home/airflow/.local/lib/python3.12/site-packages/airflow/example_dags/example_bash_decorator.py for tasks to queue
[2024-11-17T09:26:49.181+0000] {logging_mixin.py:190} INFO - [2024-11-17T09:26:49.180+0000] {dagbag.py:588} INFO - Filling up the DagBag from /home/airflow/.local/lib/python3.12/site-packages/airflow/example_dags/example_bash_decorator.py
[2024-11-17T09:26:49.230+0000] {processor.py:925} INFO - DAG(s) 'example_bash_decorator' retrieved from /home/airflow/.local/lib/python3.12/site-packages/airflow/example_dags/example_bash_decorator.py
[2024-11-17T09:26:49.301+0000] {logging_mixin.py:190} INFO - [2024-11-17T09:26:49.301+0000] {dag.py:3239} INFO - Sync 1 DAGs
[2024-11-17T09:26:49.354+0000] {logging_mixin.py:190} INFO - [2024-11-17T09:26:49.353+0000] {dag.py:4180} INFO - Setting next_dagrun for example_bash_decorator to None, run_after=None
[2024-11-17T09:26:49.418+0000] {processor.py:208} INFO - Processing /home/airflow/.local/lib/python3.12/site-packages/airflow/example_dags/example_bash_decorator.py took 0.267 seconds
[2024-11-17T09:27:20.058+0000] {processor.py:186} INFO - Started process (PID=3807) to work on /home/airflow/.local/lib/python3.12/site-packages/airflow/example_dags/example_bash_decorator.py
[2024-11-17T09:27:20.061+0000] {processor.py:914} INFO - Processing file /home/airflow/.local/lib/python3.12/site-packages/airflow/example_dags/example_bash_decorator.py for tasks to queue
[2024-11-17T09:27:20.077+0000] {logging_mixin.py:190} INFO - [2024-11-17T09:27:20.076+0000] {dagbag.py:588} INFO - Filling up the DagBag from /home/airflow/.local/lib/python3.12/site-packages/airflow/example_dags/example_bash_decorator.py
[2024-11-17T09:27:20.184+0000] {processor.py:925} INFO - DAG(s) 'example_bash_decorator' retrieved from /home/airflow/.local/lib/python3.12/site-packages/airflow/example_dags/example_bash_decorator.py
[2024-11-17T09:27:20.288+0000] {logging_mixin.py:190} INFO - [2024-11-17T09:27:20.288+0000] {dag.py:3239} INFO - Sync 1 DAGs
[2024-11-17T09:27:20.380+0000] {logging_mixin.py:190} INFO - [2024-11-17T09:27:20.380+0000] {dag.py:4180} INFO - Setting next_dagrun for example_bash_decorator to None, run_after=None
[2024-11-17T09:27:20.475+0000] {processor.py:208} INFO - Processing /home/airflow/.local/lib/python3.12/site-packages/airflow/example_dags/example_bash_decorator.py took 0.444 seconds
[2024-11-17T09:27:50.796+0000] {processor.py:186} INFO - Started process (PID=3873) to work on /home/airflow/.local/lib/python3.12/site-packages/airflow/example_dags/example_bash_decorator.py
[2024-11-17T09:27:50.800+0000] {processor.py:914} INFO - Processing file /home/airflow/.local/lib/python3.12/site-packages/airflow/example_dags/example_bash_decorator.py for tasks to queue
[2024-11-17T09:27:50.808+0000] {logging_mixin.py:190} INFO - [2024-11-17T09:27:50.807+0000] {dagbag.py:588} INFO - Filling up the DagBag from /home/airflow/.local/lib/python3.12/site-packages/airflow/example_dags/example_bash_decorator.py
[2024-11-17T09:27:50.854+0000] {processor.py:925} INFO - DAG(s) 'example_bash_decorator' retrieved from /home/airflow/.local/lib/python3.12/site-packages/airflow/example_dags/example_bash_decorator.py
[2024-11-17T09:27:50.929+0000] {logging_mixin.py:190} INFO - [2024-11-17T09:27:50.928+0000] {dag.py:3239} INFO - Sync 1 DAGs
[2024-11-17T09:27:50.986+0000] {logging_mixin.py:190} INFO - [2024-11-17T09:27:50.985+0000] {dag.py:4180} INFO - Setting next_dagrun for example_bash_decorator to None, run_after=None
[2024-11-17T09:27:51.052+0000] {processor.py:208} INFO - Processing /home/airflow/.local/lib/python3.12/site-packages/airflow/example_dags/example_bash_decorator.py took 0.277 seconds
