[2024-11-17T08:57:51.387+0000] {processor.py:186} INFO - Started process (PID=86) to work on /home/airflow/.local/lib/python3.12/site-packages/airflow/example_dags/example_branch_labels.py
[2024-11-17T08:57:51.391+0000] {processor.py:914} INFO - Processing file /home/airflow/.local/lib/python3.12/site-packages/airflow/example_dags/example_branch_labels.py for tasks to queue
[2024-11-17T08:57:51.397+0000] {logging_mixin.py:190} INFO - [2024-11-17T08:57:51.396+0000] {dagbag.py:588} INFO - Filling up the DagBag from /home/airflow/.local/lib/python3.12/site-packages/airflow/example_dags/example_branch_labels.py
[2024-11-17T08:57:51.440+0000] {processor.py:925} INFO - DAG(s) 'example_branch_labels' retrieved from /home/airflow/.local/lib/python3.12/site-packages/airflow/example_dags/example_branch_labels.py
[2024-11-17T08:57:51.878+0000] {logging_mixin.py:190} INFO - [2024-11-17T08:57:51.875+0000] {override.py:1911} INFO - Created Permission View: can delete on DAG:example_branch_labels
[2024-11-17T08:57:51.921+0000] {logging_mixin.py:190} INFO - [2024-11-17T08:57:51.920+0000] {override.py:1911} INFO - Created Permission View: can edit on DAG:example_branch_labels
[2024-11-17T08:57:51.945+0000] {logging_mixin.py:190} INFO - [2024-11-17T08:57:51.944+0000] {override.py:1911} INFO - Created Permission View: can read on DAG:example_branch_labels
[2024-11-17T08:57:51.980+0000] {logging_mixin.py:190} INFO - [2024-11-17T08:57:51.979+0000] {override.py:1911} INFO - Created Permission View: can delete on DAG Run:example_branch_labels
[2024-11-17T08:57:52.004+0000] {logging_mixin.py:190} INFO - [2024-11-17T08:57:52.003+0000] {override.py:1911} INFO - Created Permission View: menu access on DAG Run:example_branch_labels
[2024-11-17T08:57:52.028+0000] {logging_mixin.py:190} INFO - [2024-11-17T08:57:52.027+0000] {override.py:1911} INFO - Created Permission View: can create on DAG Run:example_branch_labels
[2024-11-17T08:57:52.049+0000] {logging_mixin.py:190} INFO - [2024-11-17T08:57:52.049+0000] {override.py:1911} INFO - Created Permission View: can read on DAG Run:example_branch_labels
[2024-11-17T08:57:52.051+0000] {logging_mixin.py:190} INFO - [2024-11-17T08:57:52.051+0000] {dag.py:3239} INFO - Sync 1 DAGs
[2024-11-17T08:57:52.094+0000] {logging_mixin.py:190} INFO - [2024-11-17T08:57:52.093+0000] {dag.py:3262} INFO - Creating ORM DAG for example_branch_labels
[2024-11-17T08:57:52.132+0000] {logging_mixin.py:190} INFO - [2024-11-17T08:57:52.131+0000] {dag.py:4180} INFO - Setting next_dagrun for example_branch_labels to 2024-11-16 00:00:00+00:00, run_after=2024-11-17 00:00:00+00:00
[2024-11-17T08:57:52.183+0000] {processor.py:208} INFO - Processing /home/airflow/.local/lib/python3.12/site-packages/airflow/example_dags/example_branch_labels.py took 0.816 seconds
[2024-11-17T08:58:22.473+0000] {processor.py:186} INFO - Started process (PID=152) to work on /home/airflow/.local/lib/python3.12/site-packages/airflow/example_dags/example_branch_labels.py
[2024-11-17T08:58:22.475+0000] {processor.py:914} INFO - Processing file /home/airflow/.local/lib/python3.12/site-packages/airflow/example_dags/example_branch_labels.py for tasks to queue
[2024-11-17T08:58:22.482+0000] {logging_mixin.py:190} INFO - [2024-11-17T08:58:22.481+0000] {dagbag.py:588} INFO - Filling up the DagBag from /home/airflow/.local/lib/python3.12/site-packages/airflow/example_dags/example_branch_labels.py
[2024-11-17T08:58:22.508+0000] {processor.py:925} INFO - DAG(s) 'example_branch_labels' retrieved from /home/airflow/.local/lib/python3.12/site-packages/airflow/example_dags/example_branch_labels.py
[2024-11-17T08:58:22.563+0000] {logging_mixin.py:190} INFO - [2024-11-17T08:58:22.563+0000] {dag.py:3239} INFO - Sync 1 DAGs
[2024-11-17T08:58:22.629+0000] {logging_mixin.py:190} INFO - [2024-11-17T08:58:22.628+0000] {dag.py:4180} INFO - Setting next_dagrun for example_branch_labels to 2024-11-16 00:00:00+00:00, run_after=2024-11-17 00:00:00+00:00
[2024-11-17T08:58:22.680+0000] {processor.py:208} INFO - Processing /home/airflow/.local/lib/python3.12/site-packages/airflow/example_dags/example_branch_labels.py took 0.224 seconds
[2024-11-17T08:58:55.420+0000] {processor.py:186} INFO - Started process (PID=218) to work on /home/airflow/.local/lib/python3.12/site-packages/airflow/example_dags/example_branch_labels.py
[2024-11-17T08:58:55.423+0000] {processor.py:914} INFO - Processing file /home/airflow/.local/lib/python3.12/site-packages/airflow/example_dags/example_branch_labels.py for tasks to queue
[2024-11-17T08:58:55.430+0000] {logging_mixin.py:190} INFO - [2024-11-17T08:58:55.429+0000] {dagbag.py:588} INFO - Filling up the DagBag from /home/airflow/.local/lib/python3.12/site-packages/airflow/example_dags/example_branch_labels.py
[2024-11-17T08:58:55.459+0000] {processor.py:925} INFO - DAG(s) 'example_branch_labels' retrieved from /home/airflow/.local/lib/python3.12/site-packages/airflow/example_dags/example_branch_labels.py
[2024-11-17T08:58:55.515+0000] {logging_mixin.py:190} INFO - [2024-11-17T08:58:55.514+0000] {dag.py:3239} INFO - Sync 1 DAGs
[2024-11-17T08:58:55.586+0000] {logging_mixin.py:190} INFO - [2024-11-17T08:58:55.585+0000] {dag.py:4180} INFO - Setting next_dagrun for example_branch_labels to 2024-11-16 00:00:00+00:00, run_after=2024-11-17 00:00:00+00:00
[2024-11-17T08:58:55.637+0000] {processor.py:208} INFO - Processing /home/airflow/.local/lib/python3.12/site-packages/airflow/example_dags/example_branch_labels.py took 0.233 seconds
[2024-11-17T08:59:30.975+0000] {processor.py:186} INFO - Started process (PID=273) to work on /home/airflow/.local/lib/python3.12/site-packages/airflow/example_dags/example_branch_labels.py
[2024-11-17T08:59:30.978+0000] {processor.py:914} INFO - Processing file /home/airflow/.local/lib/python3.12/site-packages/airflow/example_dags/example_branch_labels.py for tasks to queue
[2024-11-17T08:59:30.987+0000] {logging_mixin.py:190} INFO - [2024-11-17T08:59:30.986+0000] {dagbag.py:588} INFO - Filling up the DagBag from /home/airflow/.local/lib/python3.12/site-packages/airflow/example_dags/example_branch_labels.py
[2024-11-17T08:59:31.028+0000] {processor.py:925} INFO - DAG(s) 'example_branch_labels' retrieved from /home/airflow/.local/lib/python3.12/site-packages/airflow/example_dags/example_branch_labels.py
[2024-11-17T08:59:31.085+0000] {logging_mixin.py:190} INFO - [2024-11-17T08:59:31.084+0000] {dag.py:3239} INFO - Sync 1 DAGs
[2024-11-17T08:59:31.153+0000] {logging_mixin.py:190} INFO - [2024-11-17T08:59:31.152+0000] {dag.py:4180} INFO - Setting next_dagrun for example_branch_labels to 2024-11-16 00:00:00+00:00, run_after=2024-11-17 00:00:00+00:00
[2024-11-17T08:59:31.211+0000] {processor.py:208} INFO - Processing /home/airflow/.local/lib/python3.12/site-packages/airflow/example_dags/example_branch_labels.py took 0.257 seconds
[2024-11-17T09:00:02.139+0000] {processor.py:186} INFO - Started process (PID=339) to work on /home/airflow/.local/lib/python3.12/site-packages/airflow/example_dags/example_branch_labels.py
[2024-11-17T09:00:02.142+0000] {processor.py:914} INFO - Processing file /home/airflow/.local/lib/python3.12/site-packages/airflow/example_dags/example_branch_labels.py for tasks to queue
[2024-11-17T09:00:02.148+0000] {logging_mixin.py:190} INFO - [2024-11-17T09:00:02.147+0000] {dagbag.py:588} INFO - Filling up the DagBag from /home/airflow/.local/lib/python3.12/site-packages/airflow/example_dags/example_branch_labels.py
[2024-11-17T09:00:02.178+0000] {processor.py:925} INFO - DAG(s) 'example_branch_labels' retrieved from /home/airflow/.local/lib/python3.12/site-packages/airflow/example_dags/example_branch_labels.py
[2024-11-17T09:00:02.236+0000] {logging_mixin.py:190} INFO - [2024-11-17T09:00:02.236+0000] {dag.py:3239} INFO - Sync 1 DAGs
[2024-11-17T09:00:02.306+0000] {logging_mixin.py:190} INFO - [2024-11-17T09:00:02.305+0000] {dag.py:4180} INFO - Setting next_dagrun for example_branch_labels to 2024-11-16 00:00:00+00:00, run_after=2024-11-17 00:00:00+00:00
[2024-11-17T09:00:02.353+0000] {processor.py:208} INFO - Processing /home/airflow/.local/lib/python3.12/site-packages/airflow/example_dags/example_branch_labels.py took 0.231 seconds
[2024-11-17T09:00:34.308+0000] {processor.py:186} INFO - Started process (PID=406) to work on /home/airflow/.local/lib/python3.12/site-packages/airflow/example_dags/example_branch_labels.py
[2024-11-17T09:00:34.311+0000] {processor.py:914} INFO - Processing file /home/airflow/.local/lib/python3.12/site-packages/airflow/example_dags/example_branch_labels.py for tasks to queue
[2024-11-17T09:00:34.318+0000] {logging_mixin.py:190} INFO - [2024-11-17T09:00:34.317+0000] {dagbag.py:588} INFO - Filling up the DagBag from /home/airflow/.local/lib/python3.12/site-packages/airflow/example_dags/example_branch_labels.py
[2024-11-17T09:00:34.353+0000] {processor.py:925} INFO - DAG(s) 'example_branch_labels' retrieved from /home/airflow/.local/lib/python3.12/site-packages/airflow/example_dags/example_branch_labels.py
[2024-11-17T09:00:34.422+0000] {logging_mixin.py:190} INFO - [2024-11-17T09:00:34.421+0000] {dag.py:3239} INFO - Sync 1 DAGs
[2024-11-17T09:00:34.560+0000] {logging_mixin.py:190} INFO - [2024-11-17T09:00:34.559+0000] {dag.py:4180} INFO - Setting next_dagrun for example_branch_labels to 2024-11-16 00:00:00+00:00, run_after=2024-11-17 00:00:00+00:00
[2024-11-17T09:00:34.656+0000] {processor.py:208} INFO - Processing /home/airflow/.local/lib/python3.12/site-packages/airflow/example_dags/example_branch_labels.py took 0.368 seconds
[2024-11-17T09:01:07.601+0000] {processor.py:186} INFO - Started process (PID=479) to work on /home/airflow/.local/lib/python3.12/site-packages/airflow/example_dags/example_branch_labels.py
[2024-11-17T09:01:07.604+0000] {processor.py:914} INFO - Processing file /home/airflow/.local/lib/python3.12/site-packages/airflow/example_dags/example_branch_labels.py for tasks to queue
[2024-11-17T09:01:07.611+0000] {logging_mixin.py:190} INFO - [2024-11-17T09:01:07.610+0000] {dagbag.py:588} INFO - Filling up the DagBag from /home/airflow/.local/lib/python3.12/site-packages/airflow/example_dags/example_branch_labels.py
[2024-11-17T09:01:07.639+0000] {processor.py:925} INFO - DAG(s) 'example_branch_labels' retrieved from /home/airflow/.local/lib/python3.12/site-packages/airflow/example_dags/example_branch_labels.py
[2024-11-17T09:01:07.708+0000] {logging_mixin.py:190} INFO - [2024-11-17T09:01:07.707+0000] {dag.py:3239} INFO - Sync 1 DAGs
[2024-11-17T09:01:07.825+0000] {logging_mixin.py:190} INFO - [2024-11-17T09:01:07.824+0000] {dag.py:4180} INFO - Setting next_dagrun for example_branch_labels to 2024-11-16 00:00:00+00:00, run_after=2024-11-17 00:00:00+00:00
[2024-11-17T09:01:07.895+0000] {processor.py:208} INFO - Processing /home/airflow/.local/lib/python3.12/site-packages/airflow/example_dags/example_branch_labels.py took 0.315 seconds
[2024-11-17T09:01:39.079+0000] {processor.py:186} INFO - Started process (PID=544) to work on /home/airflow/.local/lib/python3.12/site-packages/airflow/example_dags/example_branch_labels.py
[2024-11-17T09:01:39.082+0000] {processor.py:914} INFO - Processing file /home/airflow/.local/lib/python3.12/site-packages/airflow/example_dags/example_branch_labels.py for tasks to queue
[2024-11-17T09:01:39.089+0000] {logging_mixin.py:190} INFO - [2024-11-17T09:01:39.088+0000] {dagbag.py:588} INFO - Filling up the DagBag from /home/airflow/.local/lib/python3.12/site-packages/airflow/example_dags/example_branch_labels.py
[2024-11-17T09:01:39.123+0000] {processor.py:925} INFO - DAG(s) 'example_branch_labels' retrieved from /home/airflow/.local/lib/python3.12/site-packages/airflow/example_dags/example_branch_labels.py
[2024-11-17T09:01:39.191+0000] {logging_mixin.py:190} INFO - [2024-11-17T09:01:39.190+0000] {dag.py:3239} INFO - Sync 1 DAGs
[2024-11-17T09:01:39.254+0000] {logging_mixin.py:190} INFO - [2024-11-17T09:01:39.254+0000] {dag.py:4180} INFO - Setting next_dagrun for example_branch_labels to 2024-11-16 00:00:00+00:00, run_after=2024-11-17 00:00:00+00:00
[2024-11-17T09:01:39.304+0000] {processor.py:208} INFO - Processing /home/airflow/.local/lib/python3.12/site-packages/airflow/example_dags/example_branch_labels.py took 0.242 seconds
[2024-11-17T09:02:11.532+0000] {processor.py:186} INFO - Started process (PID=610) to work on /home/airflow/.local/lib/python3.12/site-packages/airflow/example_dags/example_branch_labels.py
[2024-11-17T09:02:11.535+0000] {processor.py:914} INFO - Processing file /home/airflow/.local/lib/python3.12/site-packages/airflow/example_dags/example_branch_labels.py for tasks to queue
[2024-11-17T09:02:11.544+0000] {logging_mixin.py:190} INFO - [2024-11-17T09:02:11.543+0000] {dagbag.py:588} INFO - Filling up the DagBag from /home/airflow/.local/lib/python3.12/site-packages/airflow/example_dags/example_branch_labels.py
[2024-11-17T09:02:11.578+0000] {processor.py:925} INFO - DAG(s) 'example_branch_labels' retrieved from /home/airflow/.local/lib/python3.12/site-packages/airflow/example_dags/example_branch_labels.py
[2024-11-17T09:02:11.640+0000] {logging_mixin.py:190} INFO - [2024-11-17T09:02:11.639+0000] {dag.py:3239} INFO - Sync 1 DAGs
[2024-11-17T09:02:11.704+0000] {logging_mixin.py:190} INFO - [2024-11-17T09:02:11.704+0000] {dag.py:4180} INFO - Setting next_dagrun for example_branch_labels to 2024-11-16 00:00:00+00:00, run_after=2024-11-17 00:00:00+00:00
[2024-11-17T09:02:11.759+0000] {processor.py:208} INFO - Processing /home/airflow/.local/lib/python3.12/site-packages/airflow/example_dags/example_branch_labels.py took 0.260 seconds
[2024-11-17T09:02:43.826+0000] {processor.py:186} INFO - Started process (PID=668) to work on /home/airflow/.local/lib/python3.12/site-packages/airflow/example_dags/example_branch_labels.py
[2024-11-17T09:02:43.828+0000] {processor.py:914} INFO - Processing file /home/airflow/.local/lib/python3.12/site-packages/airflow/example_dags/example_branch_labels.py for tasks to queue
[2024-11-17T09:02:43.835+0000] {logging_mixin.py:190} INFO - [2024-11-17T09:02:43.834+0000] {dagbag.py:588} INFO - Filling up the DagBag from /home/airflow/.local/lib/python3.12/site-packages/airflow/example_dags/example_branch_labels.py
[2024-11-17T09:02:43.862+0000] {processor.py:925} INFO - DAG(s) 'example_branch_labels' retrieved from /home/airflow/.local/lib/python3.12/site-packages/airflow/example_dags/example_branch_labels.py
[2024-11-17T09:02:43.916+0000] {logging_mixin.py:190} INFO - [2024-11-17T09:02:43.916+0000] {dag.py:3239} INFO - Sync 1 DAGs
[2024-11-17T09:02:43.990+0000] {logging_mixin.py:190} INFO - [2024-11-17T09:02:43.990+0000] {dag.py:4180} INFO - Setting next_dagrun for example_branch_labels to 2024-11-16 00:00:00+00:00, run_after=2024-11-17 00:00:00+00:00
[2024-11-17T09:02:44.057+0000] {processor.py:208} INFO - Processing /home/airflow/.local/lib/python3.12/site-packages/airflow/example_dags/example_branch_labels.py took 0.248 seconds
[2024-11-17T09:03:15.753+0000] {processor.py:186} INFO - Started process (PID=734) to work on /home/airflow/.local/lib/python3.12/site-packages/airflow/example_dags/example_branch_labels.py
[2024-11-17T09:03:15.756+0000] {processor.py:914} INFO - Processing file /home/airflow/.local/lib/python3.12/site-packages/airflow/example_dags/example_branch_labels.py for tasks to queue
[2024-11-17T09:03:15.763+0000] {logging_mixin.py:190} INFO - [2024-11-17T09:03:15.762+0000] {dagbag.py:588} INFO - Filling up the DagBag from /home/airflow/.local/lib/python3.12/site-packages/airflow/example_dags/example_branch_labels.py
[2024-11-17T09:03:15.793+0000] {processor.py:925} INFO - DAG(s) 'example_branch_labels' retrieved from /home/airflow/.local/lib/python3.12/site-packages/airflow/example_dags/example_branch_labels.py
[2024-11-17T09:03:15.867+0000] {logging_mixin.py:190} INFO - [2024-11-17T09:03:15.866+0000] {dag.py:3239} INFO - Sync 1 DAGs
[2024-11-17T09:03:15.946+0000] {logging_mixin.py:190} INFO - [2024-11-17T09:03:15.945+0000] {dag.py:4180} INFO - Setting next_dagrun for example_branch_labels to 2024-11-16 00:00:00+00:00, run_after=2024-11-17 00:00:00+00:00
[2024-11-17T09:03:16.014+0000] {processor.py:208} INFO - Processing /home/airflow/.local/lib/python3.12/site-packages/airflow/example_dags/example_branch_labels.py took 0.277 seconds
[2024-11-17T09:03:48.053+0000] {processor.py:186} INFO - Started process (PID=800) to work on /home/airflow/.local/lib/python3.12/site-packages/airflow/example_dags/example_branch_labels.py
[2024-11-17T09:03:48.056+0000] {processor.py:914} INFO - Processing file /home/airflow/.local/lib/python3.12/site-packages/airflow/example_dags/example_branch_labels.py for tasks to queue
[2024-11-17T09:03:48.063+0000] {logging_mixin.py:190} INFO - [2024-11-17T09:03:48.061+0000] {dagbag.py:588} INFO - Filling up the DagBag from /home/airflow/.local/lib/python3.12/site-packages/airflow/example_dags/example_branch_labels.py
[2024-11-17T09:03:48.092+0000] {processor.py:925} INFO - DAG(s) 'example_branch_labels' retrieved from /home/airflow/.local/lib/python3.12/site-packages/airflow/example_dags/example_branch_labels.py
[2024-11-17T09:03:48.150+0000] {logging_mixin.py:190} INFO - [2024-11-17T09:03:48.149+0000] {dag.py:3239} INFO - Sync 1 DAGs
[2024-11-17T09:03:48.224+0000] {logging_mixin.py:190} INFO - [2024-11-17T09:03:48.223+0000] {dag.py:4180} INFO - Setting next_dagrun for example_branch_labels to 2024-11-16 00:00:00+00:00, run_after=2024-11-17 00:00:00+00:00
[2024-11-17T09:03:48.277+0000] {processor.py:208} INFO - Processing /home/airflow/.local/lib/python3.12/site-packages/airflow/example_dags/example_branch_labels.py took 0.239 seconds
[2024-11-17T09:04:19.440+0000] {processor.py:186} INFO - Started process (PID=864) to work on /home/airflow/.local/lib/python3.12/site-packages/airflow/example_dags/example_branch_labels.py
[2024-11-17T09:04:19.442+0000] {processor.py:914} INFO - Processing file /home/airflow/.local/lib/python3.12/site-packages/airflow/example_dags/example_branch_labels.py for tasks to queue
[2024-11-17T09:04:19.449+0000] {logging_mixin.py:190} INFO - [2024-11-17T09:04:19.448+0000] {dagbag.py:588} INFO - Filling up the DagBag from /home/airflow/.local/lib/python3.12/site-packages/airflow/example_dags/example_branch_labels.py
[2024-11-17T09:04:19.477+0000] {processor.py:925} INFO - DAG(s) 'example_branch_labels' retrieved from /home/airflow/.local/lib/python3.12/site-packages/airflow/example_dags/example_branch_labels.py
[2024-11-17T09:04:19.537+0000] {logging_mixin.py:190} INFO - [2024-11-17T09:04:19.536+0000] {dag.py:3239} INFO - Sync 1 DAGs
[2024-11-17T09:04:19.623+0000] {logging_mixin.py:190} INFO - [2024-11-17T09:04:19.622+0000] {dag.py:4180} INFO - Setting next_dagrun for example_branch_labels to 2024-11-16 00:00:00+00:00, run_after=2024-11-17 00:00:00+00:00
[2024-11-17T09:04:19.690+0000] {processor.py:208} INFO - Processing /home/airflow/.local/lib/python3.12/site-packages/airflow/example_dags/example_branch_labels.py took 0.269 seconds
[2024-11-17T09:04:51.177+0000] {processor.py:186} INFO - Started process (PID=929) to work on /home/airflow/.local/lib/python3.12/site-packages/airflow/example_dags/example_branch_labels.py
[2024-11-17T09:04:51.181+0000] {processor.py:914} INFO - Processing file /home/airflow/.local/lib/python3.12/site-packages/airflow/example_dags/example_branch_labels.py for tasks to queue
[2024-11-17T09:04:51.190+0000] {logging_mixin.py:190} INFO - [2024-11-17T09:04:51.189+0000] {dagbag.py:588} INFO - Filling up the DagBag from /home/airflow/.local/lib/python3.12/site-packages/airflow/example_dags/example_branch_labels.py
[2024-11-17T09:04:51.225+0000] {processor.py:925} INFO - DAG(s) 'example_branch_labels' retrieved from /home/airflow/.local/lib/python3.12/site-packages/airflow/example_dags/example_branch_labels.py
[2024-11-17T09:04:51.298+0000] {logging_mixin.py:190} INFO - [2024-11-17T09:04:51.297+0000] {dag.py:3239} INFO - Sync 1 DAGs
[2024-11-17T09:04:51.392+0000] {logging_mixin.py:190} INFO - [2024-11-17T09:04:51.391+0000] {dag.py:4180} INFO - Setting next_dagrun for example_branch_labels to 2024-11-16 00:00:00+00:00, run_after=2024-11-17 00:00:00+00:00
[2024-11-17T09:04:51.444+0000] {processor.py:208} INFO - Processing /home/airflow/.local/lib/python3.12/site-packages/airflow/example_dags/example_branch_labels.py took 0.290 seconds
[2024-11-17T09:05:22.338+0000] {processor.py:186} INFO - Started process (PID=995) to work on /home/airflow/.local/lib/python3.12/site-packages/airflow/example_dags/example_branch_labels.py
[2024-11-17T09:05:22.341+0000] {processor.py:914} INFO - Processing file /home/airflow/.local/lib/python3.12/site-packages/airflow/example_dags/example_branch_labels.py for tasks to queue
[2024-11-17T09:05:22.352+0000] {logging_mixin.py:190} INFO - [2024-11-17T09:05:22.350+0000] {dagbag.py:588} INFO - Filling up the DagBag from /home/airflow/.local/lib/python3.12/site-packages/airflow/example_dags/example_branch_labels.py
[2024-11-17T09:05:22.384+0000] {processor.py:925} INFO - DAG(s) 'example_branch_labels' retrieved from /home/airflow/.local/lib/python3.12/site-packages/airflow/example_dags/example_branch_labels.py
[2024-11-17T09:05:22.441+0000] {logging_mixin.py:190} INFO - [2024-11-17T09:05:22.440+0000] {dag.py:3239} INFO - Sync 1 DAGs
[2024-11-17T09:05:22.524+0000] {logging_mixin.py:190} INFO - [2024-11-17T09:05:22.523+0000] {dag.py:4180} INFO - Setting next_dagrun for example_branch_labels to 2024-11-16 00:00:00+00:00, run_after=2024-11-17 00:00:00+00:00
[2024-11-17T09:05:22.591+0000] {processor.py:208} INFO - Processing /home/airflow/.local/lib/python3.12/site-packages/airflow/example_dags/example_branch_labels.py took 0.276 seconds
[2024-11-17T09:05:53.195+0000] {processor.py:186} INFO - Started process (PID=1060) to work on /home/airflow/.local/lib/python3.12/site-packages/airflow/example_dags/example_branch_labels.py
[2024-11-17T09:05:53.198+0000] {processor.py:914} INFO - Processing file /home/airflow/.local/lib/python3.12/site-packages/airflow/example_dags/example_branch_labels.py for tasks to queue
[2024-11-17T09:05:53.209+0000] {logging_mixin.py:190} INFO - [2024-11-17T09:05:53.207+0000] {dagbag.py:588} INFO - Filling up the DagBag from /home/airflow/.local/lib/python3.12/site-packages/airflow/example_dags/example_branch_labels.py
[2024-11-17T09:05:53.252+0000] {processor.py:925} INFO - DAG(s) 'example_branch_labels' retrieved from /home/airflow/.local/lib/python3.12/site-packages/airflow/example_dags/example_branch_labels.py
[2024-11-17T09:05:53.330+0000] {logging_mixin.py:190} INFO - [2024-11-17T09:05:53.329+0000] {dag.py:3239} INFO - Sync 1 DAGs
[2024-11-17T09:05:53.424+0000] {logging_mixin.py:190} INFO - [2024-11-17T09:05:53.423+0000] {dag.py:4180} INFO - Setting next_dagrun for example_branch_labels to 2024-11-16 00:00:00+00:00, run_after=2024-11-17 00:00:00+00:00
[2024-11-17T09:05:53.490+0000] {processor.py:208} INFO - Processing /home/airflow/.local/lib/python3.12/site-packages/airflow/example_dags/example_branch_labels.py took 0.315 seconds
[2024-11-17T09:06:24.290+0000] {processor.py:186} INFO - Started process (PID=1126) to work on /home/airflow/.local/lib/python3.12/site-packages/airflow/example_dags/example_branch_labels.py
[2024-11-17T09:06:24.292+0000] {processor.py:914} INFO - Processing file /home/airflow/.local/lib/python3.12/site-packages/airflow/example_dags/example_branch_labels.py for tasks to queue
[2024-11-17T09:06:24.299+0000] {logging_mixin.py:190} INFO - [2024-11-17T09:06:24.298+0000] {dagbag.py:588} INFO - Filling up the DagBag from /home/airflow/.local/lib/python3.12/site-packages/airflow/example_dags/example_branch_labels.py
[2024-11-17T09:06:24.329+0000] {processor.py:925} INFO - DAG(s) 'example_branch_labels' retrieved from /home/airflow/.local/lib/python3.12/site-packages/airflow/example_dags/example_branch_labels.py
[2024-11-17T09:06:24.398+0000] {logging_mixin.py:190} INFO - [2024-11-17T09:06:24.397+0000] {dag.py:3239} INFO - Sync 1 DAGs
[2024-11-17T09:06:24.476+0000] {logging_mixin.py:190} INFO - [2024-11-17T09:06:24.476+0000] {dag.py:4180} INFO - Setting next_dagrun for example_branch_labels to 2024-11-16 00:00:00+00:00, run_after=2024-11-17 00:00:00+00:00
[2024-11-17T09:06:24.537+0000] {processor.py:208} INFO - Processing /home/airflow/.local/lib/python3.12/site-packages/airflow/example_dags/example_branch_labels.py took 0.264 seconds
[2024-11-17T09:06:54.831+0000] {processor.py:186} INFO - Started process (PID=1191) to work on /home/airflow/.local/lib/python3.12/site-packages/airflow/example_dags/example_branch_labels.py
[2024-11-17T09:06:54.834+0000] {processor.py:914} INFO - Processing file /home/airflow/.local/lib/python3.12/site-packages/airflow/example_dags/example_branch_labels.py for tasks to queue
[2024-11-17T09:06:54.840+0000] {logging_mixin.py:190} INFO - [2024-11-17T09:06:54.839+0000] {dagbag.py:588} INFO - Filling up the DagBag from /home/airflow/.local/lib/python3.12/site-packages/airflow/example_dags/example_branch_labels.py
[2024-11-17T09:06:54.867+0000] {processor.py:925} INFO - DAG(s) 'example_branch_labels' retrieved from /home/airflow/.local/lib/python3.12/site-packages/airflow/example_dags/example_branch_labels.py
[2024-11-17T09:06:54.923+0000] {logging_mixin.py:190} INFO - [2024-11-17T09:06:54.922+0000] {dag.py:3239} INFO - Sync 1 DAGs
[2024-11-17T09:06:54.986+0000] {logging_mixin.py:190} INFO - [2024-11-17T09:06:54.986+0000] {dag.py:4180} INFO - Setting next_dagrun for example_branch_labels to 2024-11-16 00:00:00+00:00, run_after=2024-11-17 00:00:00+00:00
[2024-11-17T09:06:55.038+0000] {processor.py:208} INFO - Processing /home/airflow/.local/lib/python3.12/site-packages/airflow/example_dags/example_branch_labels.py took 0.224 seconds
[2024-11-17T09:07:25.253+0000] {processor.py:186} INFO - Started process (PID=1258) to work on /home/airflow/.local/lib/python3.12/site-packages/airflow/example_dags/example_branch_labels.py
[2024-11-17T09:07:25.256+0000] {processor.py:914} INFO - Processing file /home/airflow/.local/lib/python3.12/site-packages/airflow/example_dags/example_branch_labels.py for tasks to queue
[2024-11-17T09:07:25.264+0000] {logging_mixin.py:190} INFO - [2024-11-17T09:07:25.263+0000] {dagbag.py:588} INFO - Filling up the DagBag from /home/airflow/.local/lib/python3.12/site-packages/airflow/example_dags/example_branch_labels.py
[2024-11-17T09:07:25.294+0000] {processor.py:925} INFO - DAG(s) 'example_branch_labels' retrieved from /home/airflow/.local/lib/python3.12/site-packages/airflow/example_dags/example_branch_labels.py
[2024-11-17T09:07:25.350+0000] {logging_mixin.py:190} INFO - [2024-11-17T09:07:25.349+0000] {dag.py:3239} INFO - Sync 1 DAGs
[2024-11-17T09:07:25.422+0000] {logging_mixin.py:190} INFO - [2024-11-17T09:07:25.422+0000] {dag.py:4180} INFO - Setting next_dagrun for example_branch_labels to 2024-11-16 00:00:00+00:00, run_after=2024-11-17 00:00:00+00:00
[2024-11-17T09:07:25.479+0000] {processor.py:208} INFO - Processing /home/airflow/.local/lib/python3.12/site-packages/airflow/example_dags/example_branch_labels.py took 0.246 seconds
[2024-11-17T09:07:55.826+0000] {processor.py:186} INFO - Started process (PID=1324) to work on /home/airflow/.local/lib/python3.12/site-packages/airflow/example_dags/example_branch_labels.py
[2024-11-17T09:07:55.830+0000] {processor.py:914} INFO - Processing file /home/airflow/.local/lib/python3.12/site-packages/airflow/example_dags/example_branch_labels.py for tasks to queue
[2024-11-17T09:07:55.846+0000] {logging_mixin.py:190} INFO - [2024-11-17T09:07:55.842+0000] {dagbag.py:588} INFO - Filling up the DagBag from /home/airflow/.local/lib/python3.12/site-packages/airflow/example_dags/example_branch_labels.py
[2024-11-17T09:07:55.910+0000] {processor.py:925} INFO - DAG(s) 'example_branch_labels' retrieved from /home/airflow/.local/lib/python3.12/site-packages/airflow/example_dags/example_branch_labels.py
[2024-11-17T09:07:55.999+0000] {logging_mixin.py:190} INFO - [2024-11-17T09:07:55.997+0000] {dag.py:3239} INFO - Sync 1 DAGs
[2024-11-17T09:07:56.099+0000] {logging_mixin.py:190} INFO - [2024-11-17T09:07:56.097+0000] {dag.py:4180} INFO - Setting next_dagrun for example_branch_labels to 2024-11-16 00:00:00+00:00, run_after=2024-11-17 00:00:00+00:00
[2024-11-17T09:07:56.168+0000] {processor.py:208} INFO - Processing /home/airflow/.local/lib/python3.12/site-packages/airflow/example_dags/example_branch_labels.py took 0.362 seconds
[2024-11-17T09:08:27.133+0000] {processor.py:186} INFO - Started process (PID=1390) to work on /home/airflow/.local/lib/python3.12/site-packages/airflow/example_dags/example_branch_labels.py
[2024-11-17T09:08:27.136+0000] {processor.py:914} INFO - Processing file /home/airflow/.local/lib/python3.12/site-packages/airflow/example_dags/example_branch_labels.py for tasks to queue
[2024-11-17T09:08:27.146+0000] {logging_mixin.py:190} INFO - [2024-11-17T09:08:27.144+0000] {dagbag.py:588} INFO - Filling up the DagBag from /home/airflow/.local/lib/python3.12/site-packages/airflow/example_dags/example_branch_labels.py
[2024-11-17T09:08:27.183+0000] {processor.py:925} INFO - DAG(s) 'example_branch_labels' retrieved from /home/airflow/.local/lib/python3.12/site-packages/airflow/example_dags/example_branch_labels.py
[2024-11-17T09:08:27.252+0000] {logging_mixin.py:190} INFO - [2024-11-17T09:08:27.251+0000] {dag.py:3239} INFO - Sync 1 DAGs
[2024-11-17T09:08:27.334+0000] {logging_mixin.py:190} INFO - [2024-11-17T09:08:27.333+0000] {dag.py:4180} INFO - Setting next_dagrun for example_branch_labels to 2024-11-16 00:00:00+00:00, run_after=2024-11-17 00:00:00+00:00
[2024-11-17T09:08:27.395+0000] {processor.py:208} INFO - Processing /home/airflow/.local/lib/python3.12/site-packages/airflow/example_dags/example_branch_labels.py took 0.282 seconds
[2024-11-17T09:08:57.770+0000] {processor.py:186} INFO - Started process (PID=1456) to work on /home/airflow/.local/lib/python3.12/site-packages/airflow/example_dags/example_branch_labels.py
[2024-11-17T09:08:57.773+0000] {processor.py:914} INFO - Processing file /home/airflow/.local/lib/python3.12/site-packages/airflow/example_dags/example_branch_labels.py for tasks to queue
[2024-11-17T09:08:57.780+0000] {logging_mixin.py:190} INFO - [2024-11-17T09:08:57.779+0000] {dagbag.py:588} INFO - Filling up the DagBag from /home/airflow/.local/lib/python3.12/site-packages/airflow/example_dags/example_branch_labels.py
[2024-11-17T09:08:57.811+0000] {processor.py:925} INFO - DAG(s) 'example_branch_labels' retrieved from /home/airflow/.local/lib/python3.12/site-packages/airflow/example_dags/example_branch_labels.py
[2024-11-17T09:08:57.871+0000] {logging_mixin.py:190} INFO - [2024-11-17T09:08:57.870+0000] {dag.py:3239} INFO - Sync 1 DAGs
[2024-11-17T09:08:57.954+0000] {logging_mixin.py:190} INFO - [2024-11-17T09:08:57.953+0000] {dag.py:4180} INFO - Setting next_dagrun for example_branch_labels to 2024-11-16 00:00:00+00:00, run_after=2024-11-17 00:00:00+00:00
[2024-11-17T09:08:58.007+0000] {processor.py:208} INFO - Processing /home/airflow/.local/lib/python3.12/site-packages/airflow/example_dags/example_branch_labels.py took 0.258 seconds
[2024-11-17T09:09:28.323+0000] {processor.py:186} INFO - Started process (PID=1522) to work on /home/airflow/.local/lib/python3.12/site-packages/airflow/example_dags/example_branch_labels.py
[2024-11-17T09:09:28.326+0000] {processor.py:914} INFO - Processing file /home/airflow/.local/lib/python3.12/site-packages/airflow/example_dags/example_branch_labels.py for tasks to queue
[2024-11-17T09:09:28.333+0000] {logging_mixin.py:190} INFO - [2024-11-17T09:09:28.332+0000] {dagbag.py:588} INFO - Filling up the DagBag from /home/airflow/.local/lib/python3.12/site-packages/airflow/example_dags/example_branch_labels.py
[2024-11-17T09:09:28.359+0000] {processor.py:925} INFO - DAG(s) 'example_branch_labels' retrieved from /home/airflow/.local/lib/python3.12/site-packages/airflow/example_dags/example_branch_labels.py
[2024-11-17T09:09:28.422+0000] {logging_mixin.py:190} INFO - [2024-11-17T09:09:28.421+0000] {dag.py:3239} INFO - Sync 1 DAGs
[2024-11-17T09:09:28.527+0000] {logging_mixin.py:190} INFO - [2024-11-17T09:09:28.527+0000] {dag.py:4180} INFO - Setting next_dagrun for example_branch_labels to 2024-11-16 00:00:00+00:00, run_after=2024-11-17 00:00:00+00:00
[2024-11-17T09:09:28.593+0000] {processor.py:208} INFO - Processing /home/airflow/.local/lib/python3.12/site-packages/airflow/example_dags/example_branch_labels.py took 0.286 seconds
[2024-11-17T09:09:59.224+0000] {processor.py:186} INFO - Started process (PID=1588) to work on /home/airflow/.local/lib/python3.12/site-packages/airflow/example_dags/example_branch_labels.py
[2024-11-17T09:09:59.229+0000] {processor.py:914} INFO - Processing file /home/airflow/.local/lib/python3.12/site-packages/airflow/example_dags/example_branch_labels.py for tasks to queue
[2024-11-17T09:09:59.238+0000] {logging_mixin.py:190} INFO - [2024-11-17T09:09:59.237+0000] {dagbag.py:588} INFO - Filling up the DagBag from /home/airflow/.local/lib/python3.12/site-packages/airflow/example_dags/example_branch_labels.py
[2024-11-17T09:09:59.275+0000] {processor.py:925} INFO - DAG(s) 'example_branch_labels' retrieved from /home/airflow/.local/lib/python3.12/site-packages/airflow/example_dags/example_branch_labels.py
[2024-11-17T09:09:59.342+0000] {logging_mixin.py:190} INFO - [2024-11-17T09:09:59.341+0000] {dag.py:3239} INFO - Sync 1 DAGs
[2024-11-17T09:09:59.413+0000] {logging_mixin.py:190} INFO - [2024-11-17T09:09:59.412+0000] {dag.py:4180} INFO - Setting next_dagrun for example_branch_labels to 2024-11-16 00:00:00+00:00, run_after=2024-11-17 00:00:00+00:00
[2024-11-17T09:09:59.477+0000] {processor.py:208} INFO - Processing /home/airflow/.local/lib/python3.12/site-packages/airflow/example_dags/example_branch_labels.py took 0.274 seconds
[2024-11-17T09:10:30.416+0000] {processor.py:186} INFO - Started process (PID=1654) to work on /home/airflow/.local/lib/python3.12/site-packages/airflow/example_dags/example_branch_labels.py
[2024-11-17T09:10:30.419+0000] {processor.py:914} INFO - Processing file /home/airflow/.local/lib/python3.12/site-packages/airflow/example_dags/example_branch_labels.py for tasks to queue
[2024-11-17T09:10:30.425+0000] {logging_mixin.py:190} INFO - [2024-11-17T09:10:30.424+0000] {dagbag.py:588} INFO - Filling up the DagBag from /home/airflow/.local/lib/python3.12/site-packages/airflow/example_dags/example_branch_labels.py
[2024-11-17T09:10:30.464+0000] {processor.py:925} INFO - DAG(s) 'example_branch_labels' retrieved from /home/airflow/.local/lib/python3.12/site-packages/airflow/example_dags/example_branch_labels.py
[2024-11-17T09:10:30.543+0000] {logging_mixin.py:190} INFO - [2024-11-17T09:10:30.542+0000] {dag.py:3239} INFO - Sync 1 DAGs
[2024-11-17T09:10:30.634+0000] {logging_mixin.py:190} INFO - [2024-11-17T09:10:30.634+0000] {dag.py:4180} INFO - Setting next_dagrun for example_branch_labels to 2024-11-16 00:00:00+00:00, run_after=2024-11-17 00:00:00+00:00
[2024-11-17T09:10:30.691+0000] {processor.py:208} INFO - Processing /home/airflow/.local/lib/python3.12/site-packages/airflow/example_dags/example_branch_labels.py took 0.295 seconds
[2024-11-17T09:11:02.480+0000] {processor.py:186} INFO - Started process (PID=1719) to work on /home/airflow/.local/lib/python3.12/site-packages/airflow/example_dags/example_branch_labels.py
[2024-11-17T09:11:02.484+0000] {processor.py:914} INFO - Processing file /home/airflow/.local/lib/python3.12/site-packages/airflow/example_dags/example_branch_labels.py for tasks to queue
[2024-11-17T09:11:02.504+0000] {logging_mixin.py:190} INFO - [2024-11-17T09:11:02.502+0000] {dagbag.py:588} INFO - Filling up the DagBag from /home/airflow/.local/lib/python3.12/site-packages/airflow/example_dags/example_branch_labels.py
[2024-11-17T09:11:02.593+0000] {processor.py:925} INFO - DAG(s) 'example_branch_labels' retrieved from /home/airflow/.local/lib/python3.12/site-packages/airflow/example_dags/example_branch_labels.py
[2024-11-17T09:11:02.700+0000] {logging_mixin.py:190} INFO - [2024-11-17T09:11:02.699+0000] {dag.py:3239} INFO - Sync 1 DAGs
[2024-11-17T09:11:02.802+0000] {logging_mixin.py:190} INFO - [2024-11-17T09:11:02.802+0000] {dag.py:4180} INFO - Setting next_dagrun for example_branch_labels to 2024-11-16 00:00:00+00:00, run_after=2024-11-17 00:00:00+00:00
[2024-11-17T09:11:02.864+0000] {processor.py:208} INFO - Processing /home/airflow/.local/lib/python3.12/site-packages/airflow/example_dags/example_branch_labels.py took 0.439 seconds
[2024-11-17T09:11:33.181+0000] {processor.py:186} INFO - Started process (PID=1784) to work on /home/airflow/.local/lib/python3.12/site-packages/airflow/example_dags/example_branch_labels.py
[2024-11-17T09:11:33.184+0000] {processor.py:914} INFO - Processing file /home/airflow/.local/lib/python3.12/site-packages/airflow/example_dags/example_branch_labels.py for tasks to queue
[2024-11-17T09:11:33.192+0000] {logging_mixin.py:190} INFO - [2024-11-17T09:11:33.191+0000] {dagbag.py:588} INFO - Filling up the DagBag from /home/airflow/.local/lib/python3.12/site-packages/airflow/example_dags/example_branch_labels.py
[2024-11-17T09:11:33.224+0000] {processor.py:925} INFO - DAG(s) 'example_branch_labels' retrieved from /home/airflow/.local/lib/python3.12/site-packages/airflow/example_dags/example_branch_labels.py
[2024-11-17T09:11:33.285+0000] {logging_mixin.py:190} INFO - [2024-11-17T09:11:33.284+0000] {dag.py:3239} INFO - Sync 1 DAGs
[2024-11-17T09:11:33.357+0000] {logging_mixin.py:190} INFO - [2024-11-17T09:11:33.356+0000] {dag.py:4180} INFO - Setting next_dagrun for example_branch_labels to 2024-11-16 00:00:00+00:00, run_after=2024-11-17 00:00:00+00:00
[2024-11-17T09:11:33.417+0000] {processor.py:208} INFO - Processing /home/airflow/.local/lib/python3.12/site-packages/airflow/example_dags/example_branch_labels.py took 0.260 seconds
[2024-11-17T09:12:03.647+0000] {processor.py:186} INFO - Started process (PID=1850) to work on /home/airflow/.local/lib/python3.12/site-packages/airflow/example_dags/example_branch_labels.py
[2024-11-17T09:12:03.650+0000] {processor.py:914} INFO - Processing file /home/airflow/.local/lib/python3.12/site-packages/airflow/example_dags/example_branch_labels.py for tasks to queue
[2024-11-17T09:12:03.657+0000] {logging_mixin.py:190} INFO - [2024-11-17T09:12:03.656+0000] {dagbag.py:588} INFO - Filling up the DagBag from /home/airflow/.local/lib/python3.12/site-packages/airflow/example_dags/example_branch_labels.py
[2024-11-17T09:12:03.684+0000] {processor.py:925} INFO - DAG(s) 'example_branch_labels' retrieved from /home/airflow/.local/lib/python3.12/site-packages/airflow/example_dags/example_branch_labels.py
[2024-11-17T09:12:03.741+0000] {logging_mixin.py:190} INFO - [2024-11-17T09:12:03.741+0000] {dag.py:3239} INFO - Sync 1 DAGs
[2024-11-17T09:12:03.817+0000] {logging_mixin.py:190} INFO - [2024-11-17T09:12:03.817+0000] {dag.py:4180} INFO - Setting next_dagrun for example_branch_labels to 2024-11-16 00:00:00+00:00, run_after=2024-11-17 00:00:00+00:00
[2024-11-17T09:12:03.872+0000] {processor.py:208} INFO - Processing /home/airflow/.local/lib/python3.12/site-packages/airflow/example_dags/example_branch_labels.py took 0.240 seconds
[2024-11-17T09:12:35.285+0000] {processor.py:186} INFO - Started process (PID=1916) to work on /home/airflow/.local/lib/python3.12/site-packages/airflow/example_dags/example_branch_labels.py
[2024-11-17T09:12:35.288+0000] {processor.py:914} INFO - Processing file /home/airflow/.local/lib/python3.12/site-packages/airflow/example_dags/example_branch_labels.py for tasks to queue
[2024-11-17T09:12:35.297+0000] {logging_mixin.py:190} INFO - [2024-11-17T09:12:35.296+0000] {dagbag.py:588} INFO - Filling up the DagBag from /home/airflow/.local/lib/python3.12/site-packages/airflow/example_dags/example_branch_labels.py
[2024-11-17T09:12:35.327+0000] {processor.py:925} INFO - DAG(s) 'example_branch_labels' retrieved from /home/airflow/.local/lib/python3.12/site-packages/airflow/example_dags/example_branch_labels.py
[2024-11-17T09:12:35.392+0000] {logging_mixin.py:190} INFO - [2024-11-17T09:12:35.391+0000] {dag.py:3239} INFO - Sync 1 DAGs
[2024-11-17T09:12:35.471+0000] {logging_mixin.py:190} INFO - [2024-11-17T09:12:35.470+0000] {dag.py:4180} INFO - Setting next_dagrun for example_branch_labels to 2024-11-16 00:00:00+00:00, run_after=2024-11-17 00:00:00+00:00
[2024-11-17T09:12:35.528+0000] {processor.py:208} INFO - Processing /home/airflow/.local/lib/python3.12/site-packages/airflow/example_dags/example_branch_labels.py took 0.263 seconds
[2024-11-17T09:13:07.356+0000] {processor.py:186} INFO - Started process (PID=1982) to work on /home/airflow/.local/lib/python3.12/site-packages/airflow/example_dags/example_branch_labels.py
[2024-11-17T09:13:07.358+0000] {processor.py:914} INFO - Processing file /home/airflow/.local/lib/python3.12/site-packages/airflow/example_dags/example_branch_labels.py for tasks to queue
[2024-11-17T09:13:07.365+0000] {logging_mixin.py:190} INFO - [2024-11-17T09:13:07.364+0000] {dagbag.py:588} INFO - Filling up the DagBag from /home/airflow/.local/lib/python3.12/site-packages/airflow/example_dags/example_branch_labels.py
[2024-11-17T09:13:07.392+0000] {processor.py:925} INFO - DAG(s) 'example_branch_labels' retrieved from /home/airflow/.local/lib/python3.12/site-packages/airflow/example_dags/example_branch_labels.py
[2024-11-17T09:13:07.462+0000] {logging_mixin.py:190} INFO - [2024-11-17T09:13:07.461+0000] {dag.py:3239} INFO - Sync 1 DAGs
[2024-11-17T09:13:07.553+0000] {logging_mixin.py:190} INFO - [2024-11-17T09:13:07.553+0000] {dag.py:4180} INFO - Setting next_dagrun for example_branch_labels to 2024-11-16 00:00:00+00:00, run_after=2024-11-17 00:00:00+00:00
[2024-11-17T09:13:07.606+0000] {processor.py:208} INFO - Processing /home/airflow/.local/lib/python3.12/site-packages/airflow/example_dags/example_branch_labels.py took 0.267 seconds
[2024-11-17T09:13:37.780+0000] {processor.py:186} INFO - Started process (PID=2047) to work on /home/airflow/.local/lib/python3.12/site-packages/airflow/example_dags/example_branch_labels.py
[2024-11-17T09:13:37.783+0000] {processor.py:914} INFO - Processing file /home/airflow/.local/lib/python3.12/site-packages/airflow/example_dags/example_branch_labels.py for tasks to queue
[2024-11-17T09:13:37.790+0000] {logging_mixin.py:190} INFO - [2024-11-17T09:13:37.789+0000] {dagbag.py:588} INFO - Filling up the DagBag from /home/airflow/.local/lib/python3.12/site-packages/airflow/example_dags/example_branch_labels.py
[2024-11-17T09:13:37.819+0000] {processor.py:925} INFO - DAG(s) 'example_branch_labels' retrieved from /home/airflow/.local/lib/python3.12/site-packages/airflow/example_dags/example_branch_labels.py
[2024-11-17T09:13:37.877+0000] {logging_mixin.py:190} INFO - [2024-11-17T09:13:37.876+0000] {dag.py:3239} INFO - Sync 1 DAGs
[2024-11-17T09:13:37.949+0000] {logging_mixin.py:190} INFO - [2024-11-17T09:13:37.949+0000] {dag.py:4180} INFO - Setting next_dagrun for example_branch_labels to 2024-11-16 00:00:00+00:00, run_after=2024-11-17 00:00:00+00:00
[2024-11-17T09:13:38.008+0000] {processor.py:208} INFO - Processing /home/airflow/.local/lib/python3.12/site-packages/airflow/example_dags/example_branch_labels.py took 0.243 seconds
[2024-11-17T09:14:08.140+0000] {processor.py:186} INFO - Started process (PID=2112) to work on /home/airflow/.local/lib/python3.12/site-packages/airflow/example_dags/example_branch_labels.py
[2024-11-17T09:14:08.144+0000] {processor.py:914} INFO - Processing file /home/airflow/.local/lib/python3.12/site-packages/airflow/example_dags/example_branch_labels.py for tasks to queue
[2024-11-17T09:14:08.153+0000] {logging_mixin.py:190} INFO - [2024-11-17T09:14:08.152+0000] {dagbag.py:588} INFO - Filling up the DagBag from /home/airflow/.local/lib/python3.12/site-packages/airflow/example_dags/example_branch_labels.py
[2024-11-17T09:14:08.184+0000] {processor.py:925} INFO - DAG(s) 'example_branch_labels' retrieved from /home/airflow/.local/lib/python3.12/site-packages/airflow/example_dags/example_branch_labels.py
[2024-11-17T09:14:08.244+0000] {logging_mixin.py:190} INFO - [2024-11-17T09:14:08.243+0000] {dag.py:3239} INFO - Sync 1 DAGs
[2024-11-17T09:14:08.316+0000] {logging_mixin.py:190} INFO - [2024-11-17T09:14:08.316+0000] {dag.py:4180} INFO - Setting next_dagrun for example_branch_labels to 2024-11-16 00:00:00+00:00, run_after=2024-11-17 00:00:00+00:00
[2024-11-17T09:14:08.365+0000] {processor.py:208} INFO - Processing /home/airflow/.local/lib/python3.12/site-packages/airflow/example_dags/example_branch_labels.py took 0.242 seconds
[2024-11-17T09:14:39.463+0000] {processor.py:186} INFO - Started process (PID=2178) to work on /home/airflow/.local/lib/python3.12/site-packages/airflow/example_dags/example_branch_labels.py
[2024-11-17T09:14:39.467+0000] {processor.py:914} INFO - Processing file /home/airflow/.local/lib/python3.12/site-packages/airflow/example_dags/example_branch_labels.py for tasks to queue
[2024-11-17T09:14:39.474+0000] {logging_mixin.py:190} INFO - [2024-11-17T09:14:39.474+0000] {dagbag.py:588} INFO - Filling up the DagBag from /home/airflow/.local/lib/python3.12/site-packages/airflow/example_dags/example_branch_labels.py
[2024-11-17T09:14:39.508+0000] {processor.py:925} INFO - DAG(s) 'example_branch_labels' retrieved from /home/airflow/.local/lib/python3.12/site-packages/airflow/example_dags/example_branch_labels.py
[2024-11-17T09:14:39.581+0000] {logging_mixin.py:190} INFO - [2024-11-17T09:14:39.580+0000] {dag.py:3239} INFO - Sync 1 DAGs
[2024-11-17T09:14:39.679+0000] {logging_mixin.py:190} INFO - [2024-11-17T09:14:39.678+0000] {dag.py:4180} INFO - Setting next_dagrun for example_branch_labels to 2024-11-16 00:00:00+00:00, run_after=2024-11-17 00:00:00+00:00
[2024-11-17T09:14:39.748+0000] {processor.py:208} INFO - Processing /home/airflow/.local/lib/python3.12/site-packages/airflow/example_dags/example_branch_labels.py took 0.309 seconds
[2024-11-17T09:15:10.059+0000] {processor.py:186} INFO - Started process (PID=2243) to work on /home/airflow/.local/lib/python3.12/site-packages/airflow/example_dags/example_branch_labels.py
[2024-11-17T09:15:10.065+0000] {processor.py:914} INFO - Processing file /home/airflow/.local/lib/python3.12/site-packages/airflow/example_dags/example_branch_labels.py for tasks to queue
[2024-11-17T09:15:10.078+0000] {logging_mixin.py:190} INFO - [2024-11-17T09:15:10.076+0000] {dagbag.py:588} INFO - Filling up the DagBag from /home/airflow/.local/lib/python3.12/site-packages/airflow/example_dags/example_branch_labels.py
[2024-11-17T09:15:10.121+0000] {processor.py:925} INFO - DAG(s) 'example_branch_labels' retrieved from /home/airflow/.local/lib/python3.12/site-packages/airflow/example_dags/example_branch_labels.py
[2024-11-17T09:15:10.205+0000] {logging_mixin.py:190} INFO - [2024-11-17T09:15:10.204+0000] {dag.py:3239} INFO - Sync 1 DAGs
[2024-11-17T09:15:10.300+0000] {logging_mixin.py:190} INFO - [2024-11-17T09:15:10.299+0000] {dag.py:4180} INFO - Setting next_dagrun for example_branch_labels to 2024-11-16 00:00:00+00:00, run_after=2024-11-17 00:00:00+00:00
[2024-11-17T09:15:10.364+0000] {processor.py:208} INFO - Processing /home/airflow/.local/lib/python3.12/site-packages/airflow/example_dags/example_branch_labels.py took 0.332 seconds
[2024-11-17T09:15:40.809+0000] {processor.py:186} INFO - Started process (PID=2309) to work on /home/airflow/.local/lib/python3.12/site-packages/airflow/example_dags/example_branch_labels.py
[2024-11-17T09:15:40.811+0000] {processor.py:914} INFO - Processing file /home/airflow/.local/lib/python3.12/site-packages/airflow/example_dags/example_branch_labels.py for tasks to queue
[2024-11-17T09:15:40.819+0000] {logging_mixin.py:190} INFO - [2024-11-17T09:15:40.817+0000] {dagbag.py:588} INFO - Filling up the DagBag from /home/airflow/.local/lib/python3.12/site-packages/airflow/example_dags/example_branch_labels.py
[2024-11-17T09:15:40.847+0000] {processor.py:925} INFO - DAG(s) 'example_branch_labels' retrieved from /home/airflow/.local/lib/python3.12/site-packages/airflow/example_dags/example_branch_labels.py
[2024-11-17T09:15:40.905+0000] {logging_mixin.py:190} INFO - [2024-11-17T09:15:40.905+0000] {dag.py:3239} INFO - Sync 1 DAGs
[2024-11-17T09:15:40.982+0000] {logging_mixin.py:190} INFO - [2024-11-17T09:15:40.981+0000] {dag.py:4180} INFO - Setting next_dagrun for example_branch_labels to 2024-11-16 00:00:00+00:00, run_after=2024-11-17 00:00:00+00:00
[2024-11-17T09:15:41.040+0000] {processor.py:208} INFO - Processing /home/airflow/.local/lib/python3.12/site-packages/airflow/example_dags/example_branch_labels.py took 0.248 seconds
[2024-11-17T09:16:11.886+0000] {processor.py:186} INFO - Started process (PID=2380) to work on /home/airflow/.local/lib/python3.12/site-packages/airflow/example_dags/example_branch_labels.py
[2024-11-17T09:16:11.889+0000] {processor.py:914} INFO - Processing file /home/airflow/.local/lib/python3.12/site-packages/airflow/example_dags/example_branch_labels.py for tasks to queue
[2024-11-17T09:16:11.896+0000] {logging_mixin.py:190} INFO - [2024-11-17T09:16:11.895+0000] {dagbag.py:588} INFO - Filling up the DagBag from /home/airflow/.local/lib/python3.12/site-packages/airflow/example_dags/example_branch_labels.py
[2024-11-17T09:16:11.923+0000] {processor.py:925} INFO - DAG(s) 'example_branch_labels' retrieved from /home/airflow/.local/lib/python3.12/site-packages/airflow/example_dags/example_branch_labels.py
[2024-11-17T09:16:11.979+0000] {logging_mixin.py:190} INFO - [2024-11-17T09:16:11.978+0000] {dag.py:3239} INFO - Sync 1 DAGs
[2024-11-17T09:16:12.052+0000] {logging_mixin.py:190} INFO - [2024-11-17T09:16:12.051+0000] {dag.py:4180} INFO - Setting next_dagrun for example_branch_labels to 2024-11-16 00:00:00+00:00, run_after=2024-11-17 00:00:00+00:00
[2024-11-17T09:16:12.104+0000] {processor.py:208} INFO - Processing /home/airflow/.local/lib/python3.12/site-packages/airflow/example_dags/example_branch_labels.py took 0.234 seconds
[2024-11-17T09:16:42.234+0000] {processor.py:186} INFO - Started process (PID=2446) to work on /home/airflow/.local/lib/python3.12/site-packages/airflow/example_dags/example_branch_labels.py
[2024-11-17T09:16:42.237+0000] {processor.py:914} INFO - Processing file /home/airflow/.local/lib/python3.12/site-packages/airflow/example_dags/example_branch_labels.py for tasks to queue
[2024-11-17T09:16:42.244+0000] {logging_mixin.py:190} INFO - [2024-11-17T09:16:42.243+0000] {dagbag.py:588} INFO - Filling up the DagBag from /home/airflow/.local/lib/python3.12/site-packages/airflow/example_dags/example_branch_labels.py
[2024-11-17T09:16:42.277+0000] {processor.py:925} INFO - DAG(s) 'example_branch_labels' retrieved from /home/airflow/.local/lib/python3.12/site-packages/airflow/example_dags/example_branch_labels.py
[2024-11-17T09:16:42.333+0000] {logging_mixin.py:190} INFO - [2024-11-17T09:16:42.332+0000] {dag.py:3239} INFO - Sync 1 DAGs
[2024-11-17T09:16:42.401+0000] {logging_mixin.py:190} INFO - [2024-11-17T09:16:42.400+0000] {dag.py:4180} INFO - Setting next_dagrun for example_branch_labels to 2024-11-16 00:00:00+00:00, run_after=2024-11-17 00:00:00+00:00
[2024-11-17T09:16:42.451+0000] {processor.py:208} INFO - Processing /home/airflow/.local/lib/python3.12/site-packages/airflow/example_dags/example_branch_labels.py took 0.234 seconds
[2024-11-17T09:17:12.655+0000] {processor.py:186} INFO - Started process (PID=2512) to work on /home/airflow/.local/lib/python3.12/site-packages/airflow/example_dags/example_branch_labels.py
[2024-11-17T09:17:12.658+0000] {processor.py:914} INFO - Processing file /home/airflow/.local/lib/python3.12/site-packages/airflow/example_dags/example_branch_labels.py for tasks to queue
[2024-11-17T09:17:12.667+0000] {logging_mixin.py:190} INFO - [2024-11-17T09:17:12.666+0000] {dagbag.py:588} INFO - Filling up the DagBag from /home/airflow/.local/lib/python3.12/site-packages/airflow/example_dags/example_branch_labels.py
[2024-11-17T09:17:12.713+0000] {processor.py:925} INFO - DAG(s) 'example_branch_labels' retrieved from /home/airflow/.local/lib/python3.12/site-packages/airflow/example_dags/example_branch_labels.py
[2024-11-17T09:17:12.780+0000] {logging_mixin.py:190} INFO - [2024-11-17T09:17:12.779+0000] {dag.py:3239} INFO - Sync 1 DAGs
[2024-11-17T09:17:12.921+0000] {logging_mixin.py:190} INFO - [2024-11-17T09:17:12.920+0000] {dag.py:4180} INFO - Setting next_dagrun for example_branch_labels to 2024-11-16 00:00:00+00:00, run_after=2024-11-17 00:00:00+00:00
[2024-11-17T09:17:13.057+0000] {processor.py:208} INFO - Processing /home/airflow/.local/lib/python3.12/site-packages/airflow/example_dags/example_branch_labels.py took 0.424 seconds
[2024-11-17T09:17:43.460+0000] {processor.py:186} INFO - Started process (PID=2579) to work on /home/airflow/.local/lib/python3.12/site-packages/airflow/example_dags/example_branch_labels.py
[2024-11-17T09:17:43.463+0000] {processor.py:914} INFO - Processing file /home/airflow/.local/lib/python3.12/site-packages/airflow/example_dags/example_branch_labels.py for tasks to queue
[2024-11-17T09:17:43.470+0000] {logging_mixin.py:190} INFO - [2024-11-17T09:17:43.469+0000] {dagbag.py:588} INFO - Filling up the DagBag from /home/airflow/.local/lib/python3.12/site-packages/airflow/example_dags/example_branch_labels.py
[2024-11-17T09:17:43.507+0000] {processor.py:925} INFO - DAG(s) 'example_branch_labels' retrieved from /home/airflow/.local/lib/python3.12/site-packages/airflow/example_dags/example_branch_labels.py
[2024-11-17T09:17:43.577+0000] {logging_mixin.py:190} INFO - [2024-11-17T09:17:43.576+0000] {dag.py:3239} INFO - Sync 1 DAGs
[2024-11-17T09:17:43.646+0000] {logging_mixin.py:190} INFO - [2024-11-17T09:17:43.645+0000] {dag.py:4180} INFO - Setting next_dagrun for example_branch_labels to 2024-11-16 00:00:00+00:00, run_after=2024-11-17 00:00:00+00:00
[2024-11-17T09:17:43.705+0000] {processor.py:208} INFO - Processing /home/airflow/.local/lib/python3.12/site-packages/airflow/example_dags/example_branch_labels.py took 0.263 seconds
[2024-11-17T09:18:13.903+0000] {processor.py:186} INFO - Started process (PID=2644) to work on /home/airflow/.local/lib/python3.12/site-packages/airflow/example_dags/example_branch_labels.py
[2024-11-17T09:18:13.906+0000] {processor.py:914} INFO - Processing file /home/airflow/.local/lib/python3.12/site-packages/airflow/example_dags/example_branch_labels.py for tasks to queue
[2024-11-17T09:18:13.912+0000] {logging_mixin.py:190} INFO - [2024-11-17T09:18:13.911+0000] {dagbag.py:588} INFO - Filling up the DagBag from /home/airflow/.local/lib/python3.12/site-packages/airflow/example_dags/example_branch_labels.py
[2024-11-17T09:18:13.945+0000] {processor.py:925} INFO - DAG(s) 'example_branch_labels' retrieved from /home/airflow/.local/lib/python3.12/site-packages/airflow/example_dags/example_branch_labels.py
[2024-11-17T09:18:14.009+0000] {logging_mixin.py:190} INFO - [2024-11-17T09:18:14.009+0000] {dag.py:3239} INFO - Sync 1 DAGs
[2024-11-17T09:18:14.081+0000] {logging_mixin.py:190} INFO - [2024-11-17T09:18:14.081+0000] {dag.py:4180} INFO - Setting next_dagrun for example_branch_labels to 2024-11-16 00:00:00+00:00, run_after=2024-11-17 00:00:00+00:00
[2024-11-17T09:18:14.136+0000] {processor.py:208} INFO - Processing /home/airflow/.local/lib/python3.12/site-packages/airflow/example_dags/example_branch_labels.py took 0.249 seconds
[2024-11-17T09:18:44.340+0000] {processor.py:186} INFO - Started process (PID=2709) to work on /home/airflow/.local/lib/python3.12/site-packages/airflow/example_dags/example_branch_labels.py
[2024-11-17T09:18:44.343+0000] {processor.py:914} INFO - Processing file /home/airflow/.local/lib/python3.12/site-packages/airflow/example_dags/example_branch_labels.py for tasks to queue
[2024-11-17T09:18:44.349+0000] {logging_mixin.py:190} INFO - [2024-11-17T09:18:44.349+0000] {dagbag.py:588} INFO - Filling up the DagBag from /home/airflow/.local/lib/python3.12/site-packages/airflow/example_dags/example_branch_labels.py
[2024-11-17T09:18:44.382+0000] {processor.py:925} INFO - DAG(s) 'example_branch_labels' retrieved from /home/airflow/.local/lib/python3.12/site-packages/airflow/example_dags/example_branch_labels.py
[2024-11-17T09:18:44.468+0000] {logging_mixin.py:190} INFO - [2024-11-17T09:18:44.467+0000] {dag.py:3239} INFO - Sync 1 DAGs
[2024-11-17T09:18:44.578+0000] {logging_mixin.py:190} INFO - [2024-11-17T09:18:44.577+0000] {dag.py:4180} INFO - Setting next_dagrun for example_branch_labels to 2024-11-16 00:00:00+00:00, run_after=2024-11-17 00:00:00+00:00
[2024-11-17T09:18:44.659+0000] {processor.py:208} INFO - Processing /home/airflow/.local/lib/python3.12/site-packages/airflow/example_dags/example_branch_labels.py took 0.334 seconds
[2024-11-17T09:19:15.239+0000] {processor.py:186} INFO - Started process (PID=2775) to work on /home/airflow/.local/lib/python3.12/site-packages/airflow/example_dags/example_branch_labels.py
[2024-11-17T09:19:15.242+0000] {processor.py:914} INFO - Processing file /home/airflow/.local/lib/python3.12/site-packages/airflow/example_dags/example_branch_labels.py for tasks to queue
[2024-11-17T09:19:15.255+0000] {logging_mixin.py:190} INFO - [2024-11-17T09:19:15.253+0000] {dagbag.py:588} INFO - Filling up the DagBag from /home/airflow/.local/lib/python3.12/site-packages/airflow/example_dags/example_branch_labels.py
[2024-11-17T09:19:15.302+0000] {processor.py:925} INFO - DAG(s) 'example_branch_labels' retrieved from /home/airflow/.local/lib/python3.12/site-packages/airflow/example_dags/example_branch_labels.py
[2024-11-17T09:19:15.383+0000] {logging_mixin.py:190} INFO - [2024-11-17T09:19:15.383+0000] {dag.py:3239} INFO - Sync 1 DAGs
[2024-11-17T09:19:15.463+0000] {logging_mixin.py:190} INFO - [2024-11-17T09:19:15.462+0000] {dag.py:4180} INFO - Setting next_dagrun for example_branch_labels to 2024-11-16 00:00:00+00:00, run_after=2024-11-17 00:00:00+00:00
[2024-11-17T09:19:15.520+0000] {processor.py:208} INFO - Processing /home/airflow/.local/lib/python3.12/site-packages/airflow/example_dags/example_branch_labels.py took 0.304 seconds
[2024-11-17T09:19:45.734+0000] {processor.py:186} INFO - Started process (PID=2840) to work on /home/airflow/.local/lib/python3.12/site-packages/airflow/example_dags/example_branch_labels.py
[2024-11-17T09:19:45.738+0000] {processor.py:914} INFO - Processing file /home/airflow/.local/lib/python3.12/site-packages/airflow/example_dags/example_branch_labels.py for tasks to queue
[2024-11-17T09:19:45.745+0000] {logging_mixin.py:190} INFO - [2024-11-17T09:19:45.744+0000] {dagbag.py:588} INFO - Filling up the DagBag from /home/airflow/.local/lib/python3.12/site-packages/airflow/example_dags/example_branch_labels.py
[2024-11-17T09:19:45.783+0000] {processor.py:925} INFO - DAG(s) 'example_branch_labels' retrieved from /home/airflow/.local/lib/python3.12/site-packages/airflow/example_dags/example_branch_labels.py
[2024-11-17T09:19:45.839+0000] {logging_mixin.py:190} INFO - [2024-11-17T09:19:45.838+0000] {dag.py:3239} INFO - Sync 1 DAGs
[2024-11-17T09:19:45.915+0000] {logging_mixin.py:190} INFO - [2024-11-17T09:19:45.914+0000] {dag.py:4180} INFO - Setting next_dagrun for example_branch_labels to 2024-11-16 00:00:00+00:00, run_after=2024-11-17 00:00:00+00:00
[2024-11-17T09:19:45.969+0000] {processor.py:208} INFO - Processing /home/airflow/.local/lib/python3.12/site-packages/airflow/example_dags/example_branch_labels.py took 0.255 seconds
[2024-11-17T09:20:16.797+0000] {processor.py:186} INFO - Started process (PID=2906) to work on /home/airflow/.local/lib/python3.12/site-packages/airflow/example_dags/example_branch_labels.py
[2024-11-17T09:20:16.801+0000] {processor.py:914} INFO - Processing file /home/airflow/.local/lib/python3.12/site-packages/airflow/example_dags/example_branch_labels.py for tasks to queue
[2024-11-17T09:20:16.808+0000] {logging_mixin.py:190} INFO - [2024-11-17T09:20:16.807+0000] {dagbag.py:588} INFO - Filling up the DagBag from /home/airflow/.local/lib/python3.12/site-packages/airflow/example_dags/example_branch_labels.py
[2024-11-17T09:20:16.851+0000] {processor.py:925} INFO - DAG(s) 'example_branch_labels' retrieved from /home/airflow/.local/lib/python3.12/site-packages/airflow/example_dags/example_branch_labels.py
[2024-11-17T09:20:16.918+0000] {logging_mixin.py:190} INFO - [2024-11-17T09:20:16.917+0000] {dag.py:3239} INFO - Sync 1 DAGs
[2024-11-17T09:20:16.990+0000] {logging_mixin.py:190} INFO - [2024-11-17T09:20:16.989+0000] {dag.py:4180} INFO - Setting next_dagrun for example_branch_labels to 2024-11-16 00:00:00+00:00, run_after=2024-11-17 00:00:00+00:00
[2024-11-17T09:20:17.048+0000] {processor.py:208} INFO - Processing /home/airflow/.local/lib/python3.12/site-packages/airflow/example_dags/example_branch_labels.py took 0.277 seconds
[2024-11-17T09:20:47.357+0000] {processor.py:186} INFO - Started process (PID=2972) to work on /home/airflow/.local/lib/python3.12/site-packages/airflow/example_dags/example_branch_labels.py
[2024-11-17T09:20:47.360+0000] {processor.py:914} INFO - Processing file /home/airflow/.local/lib/python3.12/site-packages/airflow/example_dags/example_branch_labels.py for tasks to queue
[2024-11-17T09:20:47.366+0000] {logging_mixin.py:190} INFO - [2024-11-17T09:20:47.365+0000] {dagbag.py:588} INFO - Filling up the DagBag from /home/airflow/.local/lib/python3.12/site-packages/airflow/example_dags/example_branch_labels.py
[2024-11-17T09:20:47.394+0000] {processor.py:925} INFO - DAG(s) 'example_branch_labels' retrieved from /home/airflow/.local/lib/python3.12/site-packages/airflow/example_dags/example_branch_labels.py
[2024-11-17T09:20:47.451+0000] {logging_mixin.py:190} INFO - [2024-11-17T09:20:47.450+0000] {dag.py:3239} INFO - Sync 1 DAGs
[2024-11-17T09:20:47.515+0000] {logging_mixin.py:190} INFO - [2024-11-17T09:20:47.515+0000] {dag.py:4180} INFO - Setting next_dagrun for example_branch_labels to 2024-11-16 00:00:00+00:00, run_after=2024-11-17 00:00:00+00:00
[2024-11-17T09:20:47.566+0000] {processor.py:208} INFO - Processing /home/airflow/.local/lib/python3.12/site-packages/airflow/example_dags/example_branch_labels.py took 0.230 seconds
[2024-11-17T09:21:18.198+0000] {processor.py:186} INFO - Started process (PID=3038) to work on /home/airflow/.local/lib/python3.12/site-packages/airflow/example_dags/example_branch_labels.py
[2024-11-17T09:21:18.201+0000] {processor.py:914} INFO - Processing file /home/airflow/.local/lib/python3.12/site-packages/airflow/example_dags/example_branch_labels.py for tasks to queue
[2024-11-17T09:21:18.208+0000] {logging_mixin.py:190} INFO - [2024-11-17T09:21:18.207+0000] {dagbag.py:588} INFO - Filling up the DagBag from /home/airflow/.local/lib/python3.12/site-packages/airflow/example_dags/example_branch_labels.py
[2024-11-17T09:21:18.236+0000] {processor.py:925} INFO - DAG(s) 'example_branch_labels' retrieved from /home/airflow/.local/lib/python3.12/site-packages/airflow/example_dags/example_branch_labels.py
[2024-11-17T09:21:18.290+0000] {logging_mixin.py:190} INFO - [2024-11-17T09:21:18.290+0000] {dag.py:3239} INFO - Sync 1 DAGs
[2024-11-17T09:21:18.367+0000] {logging_mixin.py:190} INFO - [2024-11-17T09:21:18.367+0000] {dag.py:4180} INFO - Setting next_dagrun for example_branch_labels to 2024-11-16 00:00:00+00:00, run_after=2024-11-17 00:00:00+00:00
[2024-11-17T09:21:18.424+0000] {processor.py:208} INFO - Processing /home/airflow/.local/lib/python3.12/site-packages/airflow/example_dags/example_branch_labels.py took 0.243 seconds
[2024-11-17T09:21:48.891+0000] {processor.py:186} INFO - Started process (PID=3103) to work on /home/airflow/.local/lib/python3.12/site-packages/airflow/example_dags/example_branch_labels.py
[2024-11-17T09:21:48.894+0000] {processor.py:914} INFO - Processing file /home/airflow/.local/lib/python3.12/site-packages/airflow/example_dags/example_branch_labels.py for tasks to queue
[2024-11-17T09:21:48.901+0000] {logging_mixin.py:190} INFO - [2024-11-17T09:21:48.900+0000] {dagbag.py:588} INFO - Filling up the DagBag from /home/airflow/.local/lib/python3.12/site-packages/airflow/example_dags/example_branch_labels.py
[2024-11-17T09:21:48.934+0000] {processor.py:925} INFO - DAG(s) 'example_branch_labels' retrieved from /home/airflow/.local/lib/python3.12/site-packages/airflow/example_dags/example_branch_labels.py
[2024-11-17T09:21:49.004+0000] {logging_mixin.py:190} INFO - [2024-11-17T09:21:49.003+0000] {dag.py:3239} INFO - Sync 1 DAGs
[2024-11-17T09:21:49.105+0000] {logging_mixin.py:190} INFO - [2024-11-17T09:21:49.104+0000] {dag.py:4180} INFO - Setting next_dagrun for example_branch_labels to 2024-11-16 00:00:00+00:00, run_after=2024-11-17 00:00:00+00:00
[2024-11-17T09:21:49.183+0000] {processor.py:208} INFO - Processing /home/airflow/.local/lib/python3.12/site-packages/airflow/example_dags/example_branch_labels.py took 0.308 seconds
[2024-11-17T09:22:21.300+0000] {processor.py:186} INFO - Started process (PID=3169) to work on /home/airflow/.local/lib/python3.12/site-packages/airflow/example_dags/example_branch_labels.py
[2024-11-17T09:22:21.302+0000] {processor.py:914} INFO - Processing file /home/airflow/.local/lib/python3.12/site-packages/airflow/example_dags/example_branch_labels.py for tasks to queue
[2024-11-17T09:22:21.309+0000] {logging_mixin.py:190} INFO - [2024-11-17T09:22:21.308+0000] {dagbag.py:588} INFO - Filling up the DagBag from /home/airflow/.local/lib/python3.12/site-packages/airflow/example_dags/example_branch_labels.py
[2024-11-17T09:22:21.336+0000] {processor.py:925} INFO - DAG(s) 'example_branch_labels' retrieved from /home/airflow/.local/lib/python3.12/site-packages/airflow/example_dags/example_branch_labels.py
[2024-11-17T09:22:21.812+0000] {logging_mixin.py:190} INFO - [2024-11-17T09:22:21.812+0000] {dag.py:3239} INFO - Sync 1 DAGs
[2024-11-17T09:22:21.901+0000] {logging_mixin.py:190} INFO - [2024-11-17T09:22:21.899+0000] {dag.py:4180} INFO - Setting next_dagrun for example_branch_labels to 2024-11-16 00:00:00+00:00, run_after=2024-11-17 00:00:00+00:00
[2024-11-17T09:22:21.971+0000] {processor.py:208} INFO - Processing /home/airflow/.local/lib/python3.12/site-packages/airflow/example_dags/example_branch_labels.py took 0.688 seconds
[2024-11-17T09:22:52.136+0000] {processor.py:186} INFO - Started process (PID=3235) to work on /home/airflow/.local/lib/python3.12/site-packages/airflow/example_dags/example_branch_labels.py
[2024-11-17T09:22:52.139+0000] {processor.py:914} INFO - Processing file /home/airflow/.local/lib/python3.12/site-packages/airflow/example_dags/example_branch_labels.py for tasks to queue
[2024-11-17T09:22:52.145+0000] {logging_mixin.py:190} INFO - [2024-11-17T09:22:52.144+0000] {dagbag.py:588} INFO - Filling up the DagBag from /home/airflow/.local/lib/python3.12/site-packages/airflow/example_dags/example_branch_labels.py
[2024-11-17T09:22:52.174+0000] {processor.py:925} INFO - DAG(s) 'example_branch_labels' retrieved from /home/airflow/.local/lib/python3.12/site-packages/airflow/example_dags/example_branch_labels.py
[2024-11-17T09:22:52.232+0000] {logging_mixin.py:190} INFO - [2024-11-17T09:22:52.232+0000] {dag.py:3239} INFO - Sync 1 DAGs
[2024-11-17T09:22:52.672+0000] {logging_mixin.py:190} INFO - [2024-11-17T09:22:52.671+0000] {dag.py:4180} INFO - Setting next_dagrun for example_branch_labels to 2024-11-16 00:00:00+00:00, run_after=2024-11-17 00:00:00+00:00
[2024-11-17T09:22:52.722+0000] {processor.py:208} INFO - Processing /home/airflow/.local/lib/python3.12/site-packages/airflow/example_dags/example_branch_labels.py took 0.603 seconds
[2024-11-17T09:23:22.875+0000] {processor.py:186} INFO - Started process (PID=3299) to work on /home/airflow/.local/lib/python3.12/site-packages/airflow/example_dags/example_branch_labels.py
[2024-11-17T09:23:22.878+0000] {processor.py:914} INFO - Processing file /home/airflow/.local/lib/python3.12/site-packages/airflow/example_dags/example_branch_labels.py for tasks to queue
[2024-11-17T09:23:22.886+0000] {logging_mixin.py:190} INFO - [2024-11-17T09:23:22.884+0000] {dagbag.py:588} INFO - Filling up the DagBag from /home/airflow/.local/lib/python3.12/site-packages/airflow/example_dags/example_branch_labels.py
[2024-11-17T09:23:22.916+0000] {processor.py:925} INFO - DAG(s) 'example_branch_labels' retrieved from /home/airflow/.local/lib/python3.12/site-packages/airflow/example_dags/example_branch_labels.py
[2024-11-17T09:23:22.992+0000] {logging_mixin.py:190} INFO - [2024-11-17T09:23:22.991+0000] {dag.py:3239} INFO - Sync 1 DAGs
[2024-11-17T09:23:23.085+0000] {logging_mixin.py:190} INFO - [2024-11-17T09:23:23.084+0000] {dag.py:4180} INFO - Setting next_dagrun for example_branch_labels to 2024-11-16 00:00:00+00:00, run_after=2024-11-17 00:00:00+00:00
[2024-11-17T09:23:23.148+0000] {processor.py:208} INFO - Processing /home/airflow/.local/lib/python3.12/site-packages/airflow/example_dags/example_branch_labels.py took 0.293 seconds
[2024-11-17T09:23:53.558+0000] {processor.py:186} INFO - Started process (PID=3365) to work on /home/airflow/.local/lib/python3.12/site-packages/airflow/example_dags/example_branch_labels.py
[2024-11-17T09:23:53.561+0000] {processor.py:914} INFO - Processing file /home/airflow/.local/lib/python3.12/site-packages/airflow/example_dags/example_branch_labels.py for tasks to queue
[2024-11-17T09:23:53.571+0000] {logging_mixin.py:190} INFO - [2024-11-17T09:23:53.570+0000] {dagbag.py:588} INFO - Filling up the DagBag from /home/airflow/.local/lib/python3.12/site-packages/airflow/example_dags/example_branch_labels.py
[2024-11-17T09:23:53.610+0000] {processor.py:925} INFO - DAG(s) 'example_branch_labels' retrieved from /home/airflow/.local/lib/python3.12/site-packages/airflow/example_dags/example_branch_labels.py
[2024-11-17T09:23:53.696+0000] {logging_mixin.py:190} INFO - [2024-11-17T09:23:53.695+0000] {dag.py:3239} INFO - Sync 1 DAGs
[2024-11-17T09:23:53.834+0000] {logging_mixin.py:190} INFO - [2024-11-17T09:23:53.833+0000] {dag.py:4180} INFO - Setting next_dagrun for example_branch_labels to 2024-11-16 00:00:00+00:00, run_after=2024-11-17 00:00:00+00:00
[2024-11-17T09:23:53.937+0000] {processor.py:208} INFO - Processing /home/airflow/.local/lib/python3.12/site-packages/airflow/example_dags/example_branch_labels.py took 0.402 seconds
[2024-11-17T09:24:24.383+0000] {processor.py:186} INFO - Started process (PID=3432) to work on /home/airflow/.local/lib/python3.12/site-packages/airflow/example_dags/example_branch_labels.py
[2024-11-17T09:24:24.387+0000] {processor.py:914} INFO - Processing file /home/airflow/.local/lib/python3.12/site-packages/airflow/example_dags/example_branch_labels.py for tasks to queue
[2024-11-17T09:24:24.395+0000] {logging_mixin.py:190} INFO - [2024-11-17T09:24:24.394+0000] {dagbag.py:588} INFO - Filling up the DagBag from /home/airflow/.local/lib/python3.12/site-packages/airflow/example_dags/example_branch_labels.py
[2024-11-17T09:24:24.424+0000] {processor.py:925} INFO - DAG(s) 'example_branch_labels' retrieved from /home/airflow/.local/lib/python3.12/site-packages/airflow/example_dags/example_branch_labels.py
[2024-11-17T09:24:24.481+0000] {logging_mixin.py:190} INFO - [2024-11-17T09:24:24.481+0000] {dag.py:3239} INFO - Sync 1 DAGs
[2024-11-17T09:24:24.563+0000] {logging_mixin.py:190} INFO - [2024-11-17T09:24:24.563+0000] {dag.py:4180} INFO - Setting next_dagrun for example_branch_labels to 2024-11-16 00:00:00+00:00, run_after=2024-11-17 00:00:00+00:00
[2024-11-17T09:24:24.630+0000] {processor.py:208} INFO - Processing /home/airflow/.local/lib/python3.12/site-packages/airflow/example_dags/example_branch_labels.py took 0.271 seconds
[2024-11-17T09:24:55.222+0000] {processor.py:186} INFO - Started process (PID=3497) to work on /home/airflow/.local/lib/python3.12/site-packages/airflow/example_dags/example_branch_labels.py
[2024-11-17T09:24:55.224+0000] {processor.py:914} INFO - Processing file /home/airflow/.local/lib/python3.12/site-packages/airflow/example_dags/example_branch_labels.py for tasks to queue
[2024-11-17T09:24:55.231+0000] {logging_mixin.py:190} INFO - [2024-11-17T09:24:55.230+0000] {dagbag.py:588} INFO - Filling up the DagBag from /home/airflow/.local/lib/python3.12/site-packages/airflow/example_dags/example_branch_labels.py
[2024-11-17T09:24:55.264+0000] {processor.py:925} INFO - DAG(s) 'example_branch_labels' retrieved from /home/airflow/.local/lib/python3.12/site-packages/airflow/example_dags/example_branch_labels.py
[2024-11-17T09:24:55.331+0000] {logging_mixin.py:190} INFO - [2024-11-17T09:24:55.330+0000] {dag.py:3239} INFO - Sync 1 DAGs
[2024-11-17T09:24:55.418+0000] {logging_mixin.py:190} INFO - [2024-11-17T09:24:55.418+0000] {dag.py:4180} INFO - Setting next_dagrun for example_branch_labels to 2024-11-16 00:00:00+00:00, run_after=2024-11-17 00:00:00+00:00
[2024-11-17T09:24:55.467+0000] {processor.py:208} INFO - Processing /home/airflow/.local/lib/python3.12/site-packages/airflow/example_dags/example_branch_labels.py took 0.262 seconds
[2024-11-17T09:25:25.631+0000] {processor.py:186} INFO - Started process (PID=3564) to work on /home/airflow/.local/lib/python3.12/site-packages/airflow/example_dags/example_branch_labels.py
[2024-11-17T09:25:25.635+0000] {processor.py:914} INFO - Processing file /home/airflow/.local/lib/python3.12/site-packages/airflow/example_dags/example_branch_labels.py for tasks to queue
[2024-11-17T09:25:25.644+0000] {logging_mixin.py:190} INFO - [2024-11-17T09:25:25.643+0000] {dagbag.py:588} INFO - Filling up the DagBag from /home/airflow/.local/lib/python3.12/site-packages/airflow/example_dags/example_branch_labels.py
[2024-11-17T09:25:25.679+0000] {processor.py:925} INFO - DAG(s) 'example_branch_labels' retrieved from /home/airflow/.local/lib/python3.12/site-packages/airflow/example_dags/example_branch_labels.py
[2024-11-17T09:25:25.742+0000] {logging_mixin.py:190} INFO - [2024-11-17T09:25:25.741+0000] {dag.py:3239} INFO - Sync 1 DAGs
[2024-11-17T09:25:25.811+0000] {logging_mixin.py:190} INFO - [2024-11-17T09:25:25.811+0000] {dag.py:4180} INFO - Setting next_dagrun for example_branch_labels to 2024-11-16 00:00:00+00:00, run_after=2024-11-17 00:00:00+00:00
[2024-11-17T09:25:25.871+0000] {processor.py:208} INFO - Processing /home/airflow/.local/lib/python3.12/site-packages/airflow/example_dags/example_branch_labels.py took 0.263 seconds
[2024-11-17T09:25:56.306+0000] {processor.py:186} INFO - Started process (PID=3629) to work on /home/airflow/.local/lib/python3.12/site-packages/airflow/example_dags/example_branch_labels.py
[2024-11-17T09:25:56.308+0000] {processor.py:914} INFO - Processing file /home/airflow/.local/lib/python3.12/site-packages/airflow/example_dags/example_branch_labels.py for tasks to queue
[2024-11-17T09:25:56.315+0000] {logging_mixin.py:190} INFO - [2024-11-17T09:25:56.314+0000] {dagbag.py:588} INFO - Filling up the DagBag from /home/airflow/.local/lib/python3.12/site-packages/airflow/example_dags/example_branch_labels.py
[2024-11-17T09:25:56.342+0000] {processor.py:925} INFO - DAG(s) 'example_branch_labels' retrieved from /home/airflow/.local/lib/python3.12/site-packages/airflow/example_dags/example_branch_labels.py
[2024-11-17T09:25:56.437+0000] {logging_mixin.py:190} INFO - [2024-11-17T09:25:56.436+0000] {dag.py:3239} INFO - Sync 1 DAGs
[2024-11-17T09:25:56.546+0000] {logging_mixin.py:190} INFO - [2024-11-17T09:25:56.545+0000] {dag.py:4180} INFO - Setting next_dagrun for example_branch_labels to 2024-11-16 00:00:00+00:00, run_after=2024-11-17 00:00:00+00:00
[2024-11-17T09:25:56.640+0000] {processor.py:208} INFO - Processing /home/airflow/.local/lib/python3.12/site-packages/airflow/example_dags/example_branch_labels.py took 0.352 seconds
[2024-11-17T09:26:26.798+0000] {processor.py:186} INFO - Started process (PID=3695) to work on /home/airflow/.local/lib/python3.12/site-packages/airflow/example_dags/example_branch_labels.py
[2024-11-17T09:26:26.801+0000] {processor.py:914} INFO - Processing file /home/airflow/.local/lib/python3.12/site-packages/airflow/example_dags/example_branch_labels.py for tasks to queue
[2024-11-17T09:26:26.809+0000] {logging_mixin.py:190} INFO - [2024-11-17T09:26:26.808+0000] {dagbag.py:588} INFO - Filling up the DagBag from /home/airflow/.local/lib/python3.12/site-packages/airflow/example_dags/example_branch_labels.py
[2024-11-17T09:26:26.845+0000] {processor.py:925} INFO - DAG(s) 'example_branch_labels' retrieved from /home/airflow/.local/lib/python3.12/site-packages/airflow/example_dags/example_branch_labels.py
[2024-11-17T09:26:26.916+0000] {logging_mixin.py:190} INFO - [2024-11-17T09:26:26.915+0000] {dag.py:3239} INFO - Sync 1 DAGs
[2024-11-17T09:26:27.006+0000] {logging_mixin.py:190} INFO - [2024-11-17T09:26:27.006+0000] {dag.py:4180} INFO - Setting next_dagrun for example_branch_labels to 2024-11-16 00:00:00+00:00, run_after=2024-11-17 00:00:00+00:00
[2024-11-17T09:26:27.062+0000] {processor.py:208} INFO - Processing /home/airflow/.local/lib/python3.12/site-packages/airflow/example_dags/example_branch_labels.py took 0.286 seconds
[2024-11-17T09:26:57.593+0000] {processor.py:186} INFO - Started process (PID=3761) to work on /home/airflow/.local/lib/python3.12/site-packages/airflow/example_dags/example_branch_labels.py
[2024-11-17T09:26:57.596+0000] {processor.py:914} INFO - Processing file /home/airflow/.local/lib/python3.12/site-packages/airflow/example_dags/example_branch_labels.py for tasks to queue
[2024-11-17T09:26:57.605+0000] {logging_mixin.py:190} INFO - [2024-11-17T09:26:57.603+0000] {dagbag.py:588} INFO - Filling up the DagBag from /home/airflow/.local/lib/python3.12/site-packages/airflow/example_dags/example_branch_labels.py
[2024-11-17T09:26:57.636+0000] {processor.py:925} INFO - DAG(s) 'example_branch_labels' retrieved from /home/airflow/.local/lib/python3.12/site-packages/airflow/example_dags/example_branch_labels.py
[2024-11-17T09:26:57.694+0000] {logging_mixin.py:190} INFO - [2024-11-17T09:26:57.694+0000] {dag.py:3239} INFO - Sync 1 DAGs
[2024-11-17T09:26:57.766+0000] {logging_mixin.py:190} INFO - [2024-11-17T09:26:57.766+0000] {dag.py:4180} INFO - Setting next_dagrun for example_branch_labels to 2024-11-16 00:00:00+00:00, run_after=2024-11-17 00:00:00+00:00
[2024-11-17T09:26:57.827+0000] {processor.py:208} INFO - Processing /home/airflow/.local/lib/python3.12/site-packages/airflow/example_dags/example_branch_labels.py took 0.252 seconds
[2024-11-17T09:27:28.281+0000] {processor.py:186} INFO - Started process (PID=3827) to work on /home/airflow/.local/lib/python3.12/site-packages/airflow/example_dags/example_branch_labels.py
[2024-11-17T09:27:28.286+0000] {processor.py:914} INFO - Processing file /home/airflow/.local/lib/python3.12/site-packages/airflow/example_dags/example_branch_labels.py for tasks to queue
[2024-11-17T09:27:28.294+0000] {logging_mixin.py:190} INFO - [2024-11-17T09:27:28.293+0000] {dagbag.py:588} INFO - Filling up the DagBag from /home/airflow/.local/lib/python3.12/site-packages/airflow/example_dags/example_branch_labels.py
[2024-11-17T09:27:28.353+0000] {processor.py:925} INFO - DAG(s) 'example_branch_labels' retrieved from /home/airflow/.local/lib/python3.12/site-packages/airflow/example_dags/example_branch_labels.py
[2024-11-17T09:27:28.435+0000] {logging_mixin.py:190} INFO - [2024-11-17T09:27:28.435+0000] {dag.py:3239} INFO - Sync 1 DAGs
[2024-11-17T09:27:28.528+0000] {logging_mixin.py:190} INFO - [2024-11-17T09:27:28.527+0000] {dag.py:4180} INFO - Setting next_dagrun for example_branch_labels to 2024-11-16 00:00:00+00:00, run_after=2024-11-17 00:00:00+00:00
[2024-11-17T09:27:28.588+0000] {processor.py:208} INFO - Processing /home/airflow/.local/lib/python3.12/site-packages/airflow/example_dags/example_branch_labels.py took 0.330 seconds
[2024-11-17T09:27:58.854+0000] {processor.py:186} INFO - Started process (PID=3892) to work on /home/airflow/.local/lib/python3.12/site-packages/airflow/example_dags/example_branch_labels.py
[2024-11-17T09:27:58.858+0000] {processor.py:914} INFO - Processing file /home/airflow/.local/lib/python3.12/site-packages/airflow/example_dags/example_branch_labels.py for tasks to queue
[2024-11-17T09:27:58.873+0000] {logging_mixin.py:190} INFO - [2024-11-17T09:27:58.872+0000] {dagbag.py:588} INFO - Filling up the DagBag from /home/airflow/.local/lib/python3.12/site-packages/airflow/example_dags/example_branch_labels.py
[2024-11-17T09:27:58.931+0000] {processor.py:925} INFO - DAG(s) 'example_branch_labels' retrieved from /home/airflow/.local/lib/python3.12/site-packages/airflow/example_dags/example_branch_labels.py
[2024-11-17T09:27:59.053+0000] {logging_mixin.py:190} INFO - [2024-11-17T09:27:59.052+0000] {dag.py:3239} INFO - Sync 1 DAGs
[2024-11-17T09:27:59.272+0000] {logging_mixin.py:190} INFO - [2024-11-17T09:27:59.271+0000] {dag.py:4180} INFO - Setting next_dagrun for example_branch_labels to 2024-11-16 00:00:00+00:00, run_after=2024-11-17 00:00:00+00:00
[2024-11-17T09:27:59.388+0000] {processor.py:208} INFO - Processing /home/airflow/.local/lib/python3.12/site-packages/airflow/example_dags/example_branch_labels.py took 0.574 seconds
