[2024-11-17T08:58:08.635+0000] {processor.py:186} INFO - Started process (PID=117) to work on /home/airflow/.local/lib/python3.12/site-packages/airflow/example_dags/example_xcomargs.py
[2024-11-17T08:58:08.638+0000] {processor.py:914} INFO - Processing file /home/airflow/.local/lib/python3.12/site-packages/airflow/example_dags/example_xcomargs.py for tasks to queue
[2024-11-17T08:58:08.644+0000] {logging_mixin.py:190} INFO - [2024-11-17T08:58:08.644+0000] {dagbag.py:588} INFO - Filling up the DagBag from /home/airflow/.local/lib/python3.12/site-packages/airflow/example_dags/example_xcomargs.py
[2024-11-17T08:58:08.675+0000] {processor.py:925} INFO - DAG(s) 'example_xcom_args', 'example_xcom_args_with_operators' retrieved from /home/airflow/.local/lib/python3.12/site-packages/airflow/example_dags/example_xcomargs.py
[2024-11-17T08:58:09.069+0000] {logging_mixin.py:190} INFO - [2024-11-17T08:58:09.067+0000] {override.py:1911} INFO - Created Permission View: can delete on DAG:example_xcom_args
[2024-11-17T08:58:09.118+0000] {logging_mixin.py:190} INFO - [2024-11-17T08:58:09.117+0000] {override.py:1911} INFO - Created Permission View: can edit on DAG:example_xcom_args
[2024-11-17T08:58:09.141+0000] {logging_mixin.py:190} INFO - [2024-11-17T08:58:09.140+0000] {override.py:1911} INFO - Created Permission View: can read on DAG:example_xcom_args
[2024-11-17T08:58:09.169+0000] {logging_mixin.py:190} INFO - [2024-11-17T08:58:09.168+0000] {override.py:1911} INFO - Created Permission View: can delete on DAG Run:example_xcom_args
[2024-11-17T08:58:09.190+0000] {logging_mixin.py:190} INFO - [2024-11-17T08:58:09.190+0000] {override.py:1911} INFO - Created Permission View: menu access on DAG Run:example_xcom_args
[2024-11-17T08:58:09.213+0000] {logging_mixin.py:190} INFO - [2024-11-17T08:58:09.213+0000] {override.py:1911} INFO - Created Permission View: can create on DAG Run:example_xcom_args
[2024-11-17T08:58:09.234+0000] {logging_mixin.py:190} INFO - [2024-11-17T08:58:09.233+0000] {override.py:1911} INFO - Created Permission View: can read on DAG Run:example_xcom_args
[2024-11-17T08:58:09.276+0000] {logging_mixin.py:190} INFO - [2024-11-17T08:58:09.275+0000] {override.py:1911} INFO - Created Permission View: can delete on DAG:example_xcom_args_with_operators
[2024-11-17T08:58:09.296+0000] {logging_mixin.py:190} INFO - [2024-11-17T08:58:09.295+0000] {override.py:1911} INFO - Created Permission View: can edit on DAG:example_xcom_args_with_operators
[2024-11-17T08:58:09.316+0000] {logging_mixin.py:190} INFO - [2024-11-17T08:58:09.315+0000] {override.py:1911} INFO - Created Permission View: can read on DAG:example_xcom_args_with_operators
[2024-11-17T08:58:09.337+0000] {logging_mixin.py:190} INFO - [2024-11-17T08:58:09.336+0000] {override.py:1911} INFO - Created Permission View: can delete on DAG Run:example_xcom_args_with_operators
[2024-11-17T08:58:09.356+0000] {logging_mixin.py:190} INFO - [2024-11-17T08:58:09.356+0000] {override.py:1911} INFO - Created Permission View: menu access on DAG Run:example_xcom_args_with_operators
[2024-11-17T08:58:09.378+0000] {logging_mixin.py:190} INFO - [2024-11-17T08:58:09.377+0000] {override.py:1911} INFO - Created Permission View: can create on DAG Run:example_xcom_args_with_operators
[2024-11-17T08:58:09.397+0000] {logging_mixin.py:190} INFO - [2024-11-17T08:58:09.397+0000] {override.py:1911} INFO - Created Permission View: can read on DAG Run:example_xcom_args_with_operators
[2024-11-17T08:58:09.399+0000] {logging_mixin.py:190} INFO - [2024-11-17T08:58:09.398+0000] {dag.py:3239} INFO - Sync 2 DAGs
[2024-11-17T08:58:09.435+0000] {logging_mixin.py:190} INFO - [2024-11-17T08:58:09.435+0000] {dag.py:3262} INFO - Creating ORM DAG for example_xcom_args_with_operators
[2024-11-17T08:58:09.438+0000] {logging_mixin.py:190} INFO - [2024-11-17T08:58:09.437+0000] {dag.py:3262} INFO - Creating ORM DAG for example_xcom_args
[2024-11-17T08:58:09.440+0000] {logging_mixin.py:190} INFO - [2024-11-17T08:58:09.440+0000] {dag.py:4180} INFO - Setting next_dagrun for example_xcom_args to None, run_after=None
[2024-11-17T08:58:09.442+0000] {logging_mixin.py:190} INFO - [2024-11-17T08:58:09.442+0000] {dag.py:4180} INFO - Setting next_dagrun for example_xcom_args_with_operators to None, run_after=None
[2024-11-17T08:58:09.493+0000] {processor.py:208} INFO - Processing /home/airflow/.local/lib/python3.12/site-packages/airflow/example_dags/example_xcomargs.py took 0.874 seconds
[2024-11-17T08:58:47.474+0000] {processor.py:186} INFO - Started process (PID=183) to work on /home/airflow/.local/lib/python3.12/site-packages/airflow/example_dags/example_xcomargs.py
[2024-11-17T08:58:47.477+0000] {processor.py:914} INFO - Processing file /home/airflow/.local/lib/python3.12/site-packages/airflow/example_dags/example_xcomargs.py for tasks to queue
[2024-11-17T08:58:47.484+0000] {logging_mixin.py:190} INFO - [2024-11-17T08:58:47.483+0000] {dagbag.py:588} INFO - Filling up the DagBag from /home/airflow/.local/lib/python3.12/site-packages/airflow/example_dags/example_xcomargs.py
[2024-11-17T08:58:47.513+0000] {processor.py:925} INFO - DAG(s) 'example_xcom_args_with_operators', 'example_xcom_args' retrieved from /home/airflow/.local/lib/python3.12/site-packages/airflow/example_dags/example_xcomargs.py
[2024-11-17T08:58:47.579+0000] {logging_mixin.py:190} INFO - [2024-11-17T08:58:47.578+0000] {dag.py:3239} INFO - Sync 2 DAGs
[2024-11-17T08:58:47.622+0000] {logging_mixin.py:190} INFO - [2024-11-17T08:58:47.622+0000] {dag.py:4180} INFO - Setting next_dagrun for example_xcom_args to None, run_after=None
[2024-11-17T08:58:47.633+0000] {logging_mixin.py:190} INFO - [2024-11-17T08:58:47.632+0000] {dag.py:4180} INFO - Setting next_dagrun for example_xcom_args_with_operators to None, run_after=None
[2024-11-17T08:58:47.685+0000] {processor.py:208} INFO - Processing /home/airflow/.local/lib/python3.12/site-packages/airflow/example_dags/example_xcomargs.py took 0.234 seconds
[2024-11-17T08:59:19.223+0000] {processor.py:186} INFO - Started process (PID=248) to work on /home/airflow/.local/lib/python3.12/site-packages/airflow/example_dags/example_xcomargs.py
[2024-11-17T08:59:19.227+0000] {processor.py:914} INFO - Processing file /home/airflow/.local/lib/python3.12/site-packages/airflow/example_dags/example_xcomargs.py for tasks to queue
[2024-11-17T08:59:19.233+0000] {logging_mixin.py:190} INFO - [2024-11-17T08:59:19.232+0000] {dagbag.py:588} INFO - Filling up the DagBag from /home/airflow/.local/lib/python3.12/site-packages/airflow/example_dags/example_xcomargs.py
[2024-11-17T08:59:19.263+0000] {processor.py:925} INFO - DAG(s) 'example_xcom_args', 'example_xcom_args_with_operators' retrieved from /home/airflow/.local/lib/python3.12/site-packages/airflow/example_dags/example_xcomargs.py
[2024-11-17T08:59:19.336+0000] {logging_mixin.py:190} INFO - [2024-11-17T08:59:19.335+0000] {dag.py:3239} INFO - Sync 2 DAGs
[2024-11-17T08:59:19.392+0000] {logging_mixin.py:190} INFO - [2024-11-17T08:59:19.392+0000] {dag.py:4180} INFO - Setting next_dagrun for example_xcom_args to None, run_after=None
[2024-11-17T08:59:20.106+0000] {logging_mixin.py:190} INFO - [2024-11-17T08:59:20.105+0000] {dag.py:4180} INFO - Setting next_dagrun for example_xcom_args_with_operators to None, run_after=None
[2024-11-17T08:59:20.612+0000] {processor.py:208} INFO - Processing /home/airflow/.local/lib/python3.12/site-packages/airflow/example_dags/example_xcomargs.py took 1.414 seconds
[2024-11-17T08:59:50.849+0000] {processor.py:186} INFO - Started process (PID=313) to work on /home/airflow/.local/lib/python3.12/site-packages/airflow/example_dags/example_xcomargs.py
[2024-11-17T08:59:50.852+0000] {processor.py:914} INFO - Processing file /home/airflow/.local/lib/python3.12/site-packages/airflow/example_dags/example_xcomargs.py for tasks to queue
[2024-11-17T08:59:50.858+0000] {logging_mixin.py:190} INFO - [2024-11-17T08:59:50.857+0000] {dagbag.py:588} INFO - Filling up the DagBag from /home/airflow/.local/lib/python3.12/site-packages/airflow/example_dags/example_xcomargs.py
[2024-11-17T08:59:50.886+0000] {processor.py:925} INFO - DAG(s) 'example_xcom_args', 'example_xcom_args_with_operators' retrieved from /home/airflow/.local/lib/python3.12/site-packages/airflow/example_dags/example_xcomargs.py
[2024-11-17T08:59:50.949+0000] {logging_mixin.py:190} INFO - [2024-11-17T08:59:50.948+0000] {dag.py:3239} INFO - Sync 2 DAGs
[2024-11-17T08:59:50.989+0000] {logging_mixin.py:190} INFO - [2024-11-17T08:59:50.989+0000] {dag.py:4180} INFO - Setting next_dagrun for example_xcom_args to None, run_after=None
[2024-11-17T08:59:51.000+0000] {logging_mixin.py:190} INFO - [2024-11-17T08:59:50.999+0000] {dag.py:4180} INFO - Setting next_dagrun for example_xcom_args_with_operators to None, run_after=None
[2024-11-17T08:59:51.048+0000] {processor.py:208} INFO - Processing /home/airflow/.local/lib/python3.12/site-packages/airflow/example_dags/example_xcomargs.py took 0.215 seconds
[2024-11-17T09:00:21.288+0000] {processor.py:186} INFO - Started process (PID=380) to work on /home/airflow/.local/lib/python3.12/site-packages/airflow/example_dags/example_xcomargs.py
[2024-11-17T09:00:21.291+0000] {processor.py:914} INFO - Processing file /home/airflow/.local/lib/python3.12/site-packages/airflow/example_dags/example_xcomargs.py for tasks to queue
[2024-11-17T09:00:21.297+0000] {logging_mixin.py:190} INFO - [2024-11-17T09:00:21.296+0000] {dagbag.py:588} INFO - Filling up the DagBag from /home/airflow/.local/lib/python3.12/site-packages/airflow/example_dags/example_xcomargs.py
[2024-11-17T09:00:21.326+0000] {processor.py:925} INFO - DAG(s) 'example_xcom_args_with_operators', 'example_xcom_args' retrieved from /home/airflow/.local/lib/python3.12/site-packages/airflow/example_dags/example_xcomargs.py
[2024-11-17T09:00:21.396+0000] {logging_mixin.py:190} INFO - [2024-11-17T09:00:21.395+0000] {dag.py:3239} INFO - Sync 2 DAGs
[2024-11-17T09:00:21.437+0000] {logging_mixin.py:190} INFO - [2024-11-17T09:00:21.436+0000] {dag.py:4180} INFO - Setting next_dagrun for example_xcom_args to None, run_after=None
[2024-11-17T09:00:21.448+0000] {logging_mixin.py:190} INFO - [2024-11-17T09:00:21.447+0000] {dag.py:4180} INFO - Setting next_dagrun for example_xcom_args_with_operators to None, run_after=None
[2024-11-17T09:00:21.502+0000] {processor.py:208} INFO - Processing /home/airflow/.local/lib/python3.12/site-packages/airflow/example_dags/example_xcomargs.py took 0.235 seconds
[2024-11-17T09:01:03.093+0000] {processor.py:186} INFO - Started process (PID=453) to work on /home/airflow/.local/lib/python3.12/site-packages/airflow/example_dags/example_xcomargs.py
[2024-11-17T09:01:03.096+0000] {processor.py:914} INFO - Processing file /home/airflow/.local/lib/python3.12/site-packages/airflow/example_dags/example_xcomargs.py for tasks to queue
[2024-11-17T09:01:03.105+0000] {logging_mixin.py:190} INFO - [2024-11-17T09:01:03.104+0000] {dagbag.py:588} INFO - Filling up the DagBag from /home/airflow/.local/lib/python3.12/site-packages/airflow/example_dags/example_xcomargs.py
[2024-11-17T09:01:03.147+0000] {processor.py:925} INFO - DAG(s) 'example_xcom_args_with_operators', 'example_xcom_args' retrieved from /home/airflow/.local/lib/python3.12/site-packages/airflow/example_dags/example_xcomargs.py
[2024-11-17T09:01:03.232+0000] {logging_mixin.py:190} INFO - [2024-11-17T09:01:03.231+0000] {dag.py:3239} INFO - Sync 2 DAGs
[2024-11-17T09:01:03.295+0000] {logging_mixin.py:190} INFO - [2024-11-17T09:01:03.294+0000] {dag.py:4180} INFO - Setting next_dagrun for example_xcom_args to None, run_after=None
[2024-11-17T09:01:03.307+0000] {logging_mixin.py:190} INFO - [2024-11-17T09:01:03.307+0000] {dag.py:4180} INFO - Setting next_dagrun for example_xcom_args_with_operators to None, run_after=None
[2024-11-17T09:01:03.367+0000] {processor.py:208} INFO - Processing /home/airflow/.local/lib/python3.12/site-packages/airflow/example_dags/example_xcomargs.py took 0.297 seconds
[2024-11-17T09:01:35.093+0000] {processor.py:186} INFO - Started process (PID=519) to work on /home/airflow/.local/lib/python3.12/site-packages/airflow/example_dags/example_xcomargs.py
[2024-11-17T09:01:35.097+0000] {processor.py:914} INFO - Processing file /home/airflow/.local/lib/python3.12/site-packages/airflow/example_dags/example_xcomargs.py for tasks to queue
[2024-11-17T09:01:35.106+0000] {logging_mixin.py:190} INFO - [2024-11-17T09:01:35.105+0000] {dagbag.py:588} INFO - Filling up the DagBag from /home/airflow/.local/lib/python3.12/site-packages/airflow/example_dags/example_xcomargs.py
[2024-11-17T09:01:35.150+0000] {processor.py:925} INFO - DAG(s) 'example_xcom_args_with_operators', 'example_xcom_args' retrieved from /home/airflow/.local/lib/python3.12/site-packages/airflow/example_dags/example_xcomargs.py
[2024-11-17T09:01:35.248+0000] {logging_mixin.py:190} INFO - [2024-11-17T09:01:35.247+0000] {dag.py:3239} INFO - Sync 2 DAGs
[2024-11-17T09:01:35.308+0000] {logging_mixin.py:190} INFO - [2024-11-17T09:01:35.308+0000] {dag.py:4180} INFO - Setting next_dagrun for example_xcom_args to None, run_after=None
[2024-11-17T09:01:35.319+0000] {logging_mixin.py:190} INFO - [2024-11-17T09:01:35.318+0000] {dag.py:4180} INFO - Setting next_dagrun for example_xcom_args_with_operators to None, run_after=None
[2024-11-17T09:01:35.366+0000] {processor.py:208} INFO - Processing /home/airflow/.local/lib/python3.12/site-packages/airflow/example_dags/example_xcomargs.py took 0.299 seconds
[2024-11-17T09:02:08.519+0000] {processor.py:186} INFO - Started process (PID=596) to work on /home/airflow/.local/lib/python3.12/site-packages/airflow/example_dags/example_xcomargs.py
[2024-11-17T09:02:08.522+0000] {processor.py:914} INFO - Processing file /home/airflow/.local/lib/python3.12/site-packages/airflow/example_dags/example_xcomargs.py for tasks to queue
[2024-11-17T09:02:08.529+0000] {logging_mixin.py:190} INFO - [2024-11-17T09:02:08.528+0000] {dagbag.py:588} INFO - Filling up the DagBag from /home/airflow/.local/lib/python3.12/site-packages/airflow/example_dags/example_xcomargs.py
[2024-11-17T09:02:08.563+0000] {processor.py:925} INFO - DAG(s) 'example_xcom_args_with_operators', 'example_xcom_args' retrieved from /home/airflow/.local/lib/python3.12/site-packages/airflow/example_dags/example_xcomargs.py
[2024-11-17T09:02:08.626+0000] {logging_mixin.py:190} INFO - [2024-11-17T09:02:08.625+0000] {dag.py:3239} INFO - Sync 2 DAGs
[2024-11-17T09:02:08.678+0000] {logging_mixin.py:190} INFO - [2024-11-17T09:02:08.677+0000] {dag.py:4180} INFO - Setting next_dagrun for example_xcom_args to None, run_after=None
[2024-11-17T09:02:08.688+0000] {logging_mixin.py:190} INFO - [2024-11-17T09:02:08.687+0000] {dag.py:4180} INFO - Setting next_dagrun for example_xcom_args_with_operators to None, run_after=None
[2024-11-17T09:02:08.738+0000] {processor.py:208} INFO - Processing /home/airflow/.local/lib/python3.12/site-packages/airflow/example_dags/example_xcomargs.py took 0.236 seconds
[2024-11-17T09:02:44.506+0000] {processor.py:186} INFO - Started process (PID=671) to work on /home/airflow/.local/lib/python3.12/site-packages/airflow/example_dags/example_xcomargs.py
[2024-11-17T09:02:44.509+0000] {processor.py:914} INFO - Processing file /home/airflow/.local/lib/python3.12/site-packages/airflow/example_dags/example_xcomargs.py for tasks to queue
[2024-11-17T09:02:44.516+0000] {logging_mixin.py:190} INFO - [2024-11-17T09:02:44.515+0000] {dagbag.py:588} INFO - Filling up the DagBag from /home/airflow/.local/lib/python3.12/site-packages/airflow/example_dags/example_xcomargs.py
[2024-11-17T09:02:44.550+0000] {processor.py:925} INFO - DAG(s) 'example_xcom_args', 'example_xcom_args_with_operators' retrieved from /home/airflow/.local/lib/python3.12/site-packages/airflow/example_dags/example_xcomargs.py
[2024-11-17T09:02:44.620+0000] {logging_mixin.py:190} INFO - [2024-11-17T09:02:44.619+0000] {dag.py:3239} INFO - Sync 2 DAGs
[2024-11-17T09:02:44.662+0000] {logging_mixin.py:190} INFO - [2024-11-17T09:02:44.662+0000] {dag.py:4180} INFO - Setting next_dagrun for example_xcom_args to None, run_after=None
[2024-11-17T09:02:44.672+0000] {logging_mixin.py:190} INFO - [2024-11-17T09:02:44.672+0000] {dag.py:4180} INFO - Setting next_dagrun for example_xcom_args_with_operators to None, run_after=None
[2024-11-17T09:02:44.721+0000] {processor.py:208} INFO - Processing /home/airflow/.local/lib/python3.12/site-packages/airflow/example_dags/example_xcomargs.py took 0.232 seconds
[2024-11-17T09:03:16.102+0000] {processor.py:186} INFO - Started process (PID=736) to work on /home/airflow/.local/lib/python3.12/site-packages/airflow/example_dags/example_xcomargs.py
[2024-11-17T09:03:16.105+0000] {processor.py:914} INFO - Processing file /home/airflow/.local/lib/python3.12/site-packages/airflow/example_dags/example_xcomargs.py for tasks to queue
[2024-11-17T09:03:16.111+0000] {logging_mixin.py:190} INFO - [2024-11-17T09:03:16.111+0000] {dagbag.py:588} INFO - Filling up the DagBag from /home/airflow/.local/lib/python3.12/site-packages/airflow/example_dags/example_xcomargs.py
[2024-11-17T09:03:16.141+0000] {processor.py:925} INFO - DAG(s) 'example_xcom_args', 'example_xcom_args_with_operators' retrieved from /home/airflow/.local/lib/python3.12/site-packages/airflow/example_dags/example_xcomargs.py
[2024-11-17T09:03:16.205+0000] {logging_mixin.py:190} INFO - [2024-11-17T09:03:16.205+0000] {dag.py:3239} INFO - Sync 2 DAGs
[2024-11-17T09:03:16.254+0000] {logging_mixin.py:190} INFO - [2024-11-17T09:03:16.253+0000] {dag.py:4180} INFO - Setting next_dagrun for example_xcom_args to None, run_after=None
[2024-11-17T09:03:16.264+0000] {logging_mixin.py:190} INFO - [2024-11-17T09:03:16.264+0000] {dag.py:4180} INFO - Setting next_dagrun for example_xcom_args_with_operators to None, run_after=None
[2024-11-17T09:03:16.318+0000] {processor.py:208} INFO - Processing /home/airflow/.local/lib/python3.12/site-packages/airflow/example_dags/example_xcomargs.py took 0.235 seconds
[2024-11-17T09:03:48.393+0000] {processor.py:186} INFO - Started process (PID=802) to work on /home/airflow/.local/lib/python3.12/site-packages/airflow/example_dags/example_xcomargs.py
[2024-11-17T09:03:48.396+0000] {processor.py:914} INFO - Processing file /home/airflow/.local/lib/python3.12/site-packages/airflow/example_dags/example_xcomargs.py for tasks to queue
[2024-11-17T09:03:48.402+0000] {logging_mixin.py:190} INFO - [2024-11-17T09:03:48.402+0000] {dagbag.py:588} INFO - Filling up the DagBag from /home/airflow/.local/lib/python3.12/site-packages/airflow/example_dags/example_xcomargs.py
[2024-11-17T09:03:48.439+0000] {processor.py:925} INFO - DAG(s) 'example_xcom_args_with_operators', 'example_xcom_args' retrieved from /home/airflow/.local/lib/python3.12/site-packages/airflow/example_dags/example_xcomargs.py
[2024-11-17T09:03:48.502+0000] {logging_mixin.py:190} INFO - [2024-11-17T09:03:48.502+0000] {dag.py:3239} INFO - Sync 2 DAGs
[2024-11-17T09:03:48.544+0000] {logging_mixin.py:190} INFO - [2024-11-17T09:03:48.544+0000] {dag.py:4180} INFO - Setting next_dagrun for example_xcom_args to None, run_after=None
[2024-11-17T09:03:48.555+0000] {logging_mixin.py:190} INFO - [2024-11-17T09:03:48.554+0000] {dag.py:4180} INFO - Setting next_dagrun for example_xcom_args_with_operators to None, run_after=None
[2024-11-17T09:03:48.604+0000] {processor.py:208} INFO - Processing /home/airflow/.local/lib/python3.12/site-packages/airflow/example_dags/example_xcomargs.py took 0.227 seconds
[2024-11-17T09:04:20.702+0000] {processor.py:186} INFO - Started process (PID=871) to work on /home/airflow/.local/lib/python3.12/site-packages/airflow/example_dags/example_xcomargs.py
[2024-11-17T09:04:20.705+0000] {processor.py:914} INFO - Processing file /home/airflow/.local/lib/python3.12/site-packages/airflow/example_dags/example_xcomargs.py for tasks to queue
[2024-11-17T09:04:20.712+0000] {logging_mixin.py:190} INFO - [2024-11-17T09:04:20.711+0000] {dagbag.py:588} INFO - Filling up the DagBag from /home/airflow/.local/lib/python3.12/site-packages/airflow/example_dags/example_xcomargs.py
[2024-11-17T09:04:20.745+0000] {processor.py:925} INFO - DAG(s) 'example_xcom_args_with_operators', 'example_xcom_args' retrieved from /home/airflow/.local/lib/python3.12/site-packages/airflow/example_dags/example_xcomargs.py
[2024-11-17T09:04:20.895+0000] {logging_mixin.py:190} INFO - [2024-11-17T09:04:20.895+0000] {dag.py:3239} INFO - Sync 2 DAGs
[2024-11-17T09:04:20.954+0000] {logging_mixin.py:190} INFO - [2024-11-17T09:04:20.953+0000] {dag.py:4180} INFO - Setting next_dagrun for example_xcom_args to None, run_after=None
[2024-11-17T09:04:20.964+0000] {logging_mixin.py:190} INFO - [2024-11-17T09:04:20.963+0000] {dag.py:4180} INFO - Setting next_dagrun for example_xcom_args_with_operators to None, run_after=None
[2024-11-17T09:04:21.012+0000] {processor.py:208} INFO - Processing /home/airflow/.local/lib/python3.12/site-packages/airflow/example_dags/example_xcomargs.py took 0.327 seconds
[2024-11-17T09:04:52.801+0000] {processor.py:186} INFO - Started process (PID=937) to work on /home/airflow/.local/lib/python3.12/site-packages/airflow/example_dags/example_xcomargs.py
[2024-11-17T09:04:52.804+0000] {processor.py:914} INFO - Processing file /home/airflow/.local/lib/python3.12/site-packages/airflow/example_dags/example_xcomargs.py for tasks to queue
[2024-11-17T09:04:52.811+0000] {logging_mixin.py:190} INFO - [2024-11-17T09:04:52.810+0000] {dagbag.py:588} INFO - Filling up the DagBag from /home/airflow/.local/lib/python3.12/site-packages/airflow/example_dags/example_xcomargs.py
[2024-11-17T09:04:52.845+0000] {processor.py:925} INFO - DAG(s) 'example_xcom_args', 'example_xcom_args_with_operators' retrieved from /home/airflow/.local/lib/python3.12/site-packages/airflow/example_dags/example_xcomargs.py
[2024-11-17T09:04:52.911+0000] {logging_mixin.py:190} INFO - [2024-11-17T09:04:52.910+0000] {dag.py:3239} INFO - Sync 2 DAGs
[2024-11-17T09:04:52.957+0000] {logging_mixin.py:190} INFO - [2024-11-17T09:04:52.956+0000] {dag.py:4180} INFO - Setting next_dagrun for example_xcom_args to None, run_after=None
[2024-11-17T09:04:52.972+0000] {logging_mixin.py:190} INFO - [2024-11-17T09:04:52.972+0000] {dag.py:4180} INFO - Setting next_dagrun for example_xcom_args_with_operators to None, run_after=None
[2024-11-17T09:04:53.018+0000] {processor.py:208} INFO - Processing /home/airflow/.local/lib/python3.12/site-packages/airflow/example_dags/example_xcomargs.py took 0.233 seconds
[2024-11-17T09:05:24.719+0000] {processor.py:186} INFO - Started process (PID=1003) to work on /home/airflow/.local/lib/python3.12/site-packages/airflow/example_dags/example_xcomargs.py
[2024-11-17T09:05:24.722+0000] {processor.py:914} INFO - Processing file /home/airflow/.local/lib/python3.12/site-packages/airflow/example_dags/example_xcomargs.py for tasks to queue
[2024-11-17T09:05:24.729+0000] {logging_mixin.py:190} INFO - [2024-11-17T09:05:24.728+0000] {dagbag.py:588} INFO - Filling up the DagBag from /home/airflow/.local/lib/python3.12/site-packages/airflow/example_dags/example_xcomargs.py
[2024-11-17T09:05:24.759+0000] {processor.py:925} INFO - DAG(s) 'example_xcom_args_with_operators', 'example_xcom_args' retrieved from /home/airflow/.local/lib/python3.12/site-packages/airflow/example_dags/example_xcomargs.py
[2024-11-17T09:05:24.834+0000] {logging_mixin.py:190} INFO - [2024-11-17T09:05:24.833+0000] {dag.py:3239} INFO - Sync 2 DAGs
[2024-11-17T09:05:24.876+0000] {logging_mixin.py:190} INFO - [2024-11-17T09:05:24.875+0000] {dag.py:4180} INFO - Setting next_dagrun for example_xcom_args to None, run_after=None
[2024-11-17T09:05:24.886+0000] {logging_mixin.py:190} INFO - [2024-11-17T09:05:24.885+0000] {dag.py:4180} INFO - Setting next_dagrun for example_xcom_args_with_operators to None, run_after=None
[2024-11-17T09:05:24.927+0000] {processor.py:208} INFO - Processing /home/airflow/.local/lib/python3.12/site-packages/airflow/example_dags/example_xcomargs.py took 0.225 seconds
[2024-11-17T09:05:57.703+0000] {processor.py:186} INFO - Started process (PID=1075) to work on /home/airflow/.local/lib/python3.12/site-packages/airflow/example_dags/example_xcomargs.py
[2024-11-17T09:05:57.706+0000] {processor.py:914} INFO - Processing file /home/airflow/.local/lib/python3.12/site-packages/airflow/example_dags/example_xcomargs.py for tasks to queue
[2024-11-17T09:05:57.712+0000] {logging_mixin.py:190} INFO - [2024-11-17T09:05:57.712+0000] {dagbag.py:588} INFO - Filling up the DagBag from /home/airflow/.local/lib/python3.12/site-packages/airflow/example_dags/example_xcomargs.py
[2024-11-17T09:05:57.744+0000] {processor.py:925} INFO - DAG(s) 'example_xcom_args_with_operators', 'example_xcom_args' retrieved from /home/airflow/.local/lib/python3.12/site-packages/airflow/example_dags/example_xcomargs.py
[2024-11-17T09:05:57.819+0000] {logging_mixin.py:190} INFO - [2024-11-17T09:05:57.818+0000] {dag.py:3239} INFO - Sync 2 DAGs
[2024-11-17T09:05:57.873+0000] {logging_mixin.py:190} INFO - [2024-11-17T09:05:57.872+0000] {dag.py:4180} INFO - Setting next_dagrun for example_xcom_args to None, run_after=None
[2024-11-17T09:05:57.890+0000] {logging_mixin.py:190} INFO - [2024-11-17T09:05:57.889+0000] {dag.py:4180} INFO - Setting next_dagrun for example_xcom_args_with_operators to None, run_after=None
[2024-11-17T09:05:57.946+0000] {processor.py:208} INFO - Processing /home/airflow/.local/lib/python3.12/site-packages/airflow/example_dags/example_xcomargs.py took 0.259 seconds
[2024-11-17T09:06:30.092+0000] {processor.py:186} INFO - Started process (PID=1144) to work on /home/airflow/.local/lib/python3.12/site-packages/airflow/example_dags/example_xcomargs.py
[2024-11-17T09:06:30.094+0000] {processor.py:914} INFO - Processing file /home/airflow/.local/lib/python3.12/site-packages/airflow/example_dags/example_xcomargs.py for tasks to queue
[2024-11-17T09:06:30.102+0000] {logging_mixin.py:190} INFO - [2024-11-17T09:06:30.101+0000] {dagbag.py:588} INFO - Filling up the DagBag from /home/airflow/.local/lib/python3.12/site-packages/airflow/example_dags/example_xcomargs.py
[2024-11-17T09:06:30.134+0000] {processor.py:925} INFO - DAG(s) 'example_xcom_args', 'example_xcom_args_with_operators' retrieved from /home/airflow/.local/lib/python3.12/site-packages/airflow/example_dags/example_xcomargs.py
[2024-11-17T09:06:30.220+0000] {logging_mixin.py:190} INFO - [2024-11-17T09:06:30.220+0000] {dag.py:3239} INFO - Sync 2 DAGs
[2024-11-17T09:06:30.275+0000] {logging_mixin.py:190} INFO - [2024-11-17T09:06:30.275+0000] {dag.py:4180} INFO - Setting next_dagrun for example_xcom_args to None, run_after=None
[2024-11-17T09:06:30.285+0000] {logging_mixin.py:190} INFO - [2024-11-17T09:06:30.285+0000] {dag.py:4180} INFO - Setting next_dagrun for example_xcom_args_with_operators to None, run_after=None
[2024-11-17T09:06:30.342+0000] {processor.py:208} INFO - Processing /home/airflow/.local/lib/python3.12/site-packages/airflow/example_dags/example_xcomargs.py took 0.270 seconds
[2024-11-17T09:07:01.240+0000] {processor.py:186} INFO - Started process (PID=1210) to work on /home/airflow/.local/lib/python3.12/site-packages/airflow/example_dags/example_xcomargs.py
[2024-11-17T09:07:01.244+0000] {processor.py:914} INFO - Processing file /home/airflow/.local/lib/python3.12/site-packages/airflow/example_dags/example_xcomargs.py for tasks to queue
[2024-11-17T09:07:01.251+0000] {logging_mixin.py:190} INFO - [2024-11-17T09:07:01.250+0000] {dagbag.py:588} INFO - Filling up the DagBag from /home/airflow/.local/lib/python3.12/site-packages/airflow/example_dags/example_xcomargs.py
[2024-11-17T09:07:01.282+0000] {processor.py:925} INFO - DAG(s) 'example_xcom_args', 'example_xcom_args_with_operators' retrieved from /home/airflow/.local/lib/python3.12/site-packages/airflow/example_dags/example_xcomargs.py
[2024-11-17T09:07:01.348+0000] {logging_mixin.py:190} INFO - [2024-11-17T09:07:01.347+0000] {dag.py:3239} INFO - Sync 2 DAGs
[2024-11-17T09:07:01.392+0000] {logging_mixin.py:190} INFO - [2024-11-17T09:07:01.392+0000] {dag.py:4180} INFO - Setting next_dagrun for example_xcom_args to None, run_after=None
[2024-11-17T09:07:01.404+0000] {logging_mixin.py:190} INFO - [2024-11-17T09:07:01.403+0000] {dag.py:4180} INFO - Setting next_dagrun for example_xcom_args_with_operators to None, run_after=None
[2024-11-17T09:07:01.454+0000] {processor.py:208} INFO - Processing /home/airflow/.local/lib/python3.12/site-packages/airflow/example_dags/example_xcomargs.py took 0.230 seconds
[2024-11-17T09:07:31.734+0000] {processor.py:186} INFO - Started process (PID=1276) to work on /home/airflow/.local/lib/python3.12/site-packages/airflow/example_dags/example_xcomargs.py
[2024-11-17T09:07:31.737+0000] {processor.py:914} INFO - Processing file /home/airflow/.local/lib/python3.12/site-packages/airflow/example_dags/example_xcomargs.py for tasks to queue
[2024-11-17T09:07:31.743+0000] {logging_mixin.py:190} INFO - [2024-11-17T09:07:31.742+0000] {dagbag.py:588} INFO - Filling up the DagBag from /home/airflow/.local/lib/python3.12/site-packages/airflow/example_dags/example_xcomargs.py
[2024-11-17T09:07:31.771+0000] {processor.py:925} INFO - DAG(s) 'example_xcom_args', 'example_xcom_args_with_operators' retrieved from /home/airflow/.local/lib/python3.12/site-packages/airflow/example_dags/example_xcomargs.py
[2024-11-17T09:07:31.833+0000] {logging_mixin.py:190} INFO - [2024-11-17T09:07:31.832+0000] {dag.py:3239} INFO - Sync 2 DAGs
[2024-11-17T09:07:31.874+0000] {logging_mixin.py:190} INFO - [2024-11-17T09:07:31.874+0000] {dag.py:4180} INFO - Setting next_dagrun for example_xcom_args to None, run_after=None
[2024-11-17T09:07:31.885+0000] {logging_mixin.py:190} INFO - [2024-11-17T09:07:31.884+0000] {dag.py:4180} INFO - Setting next_dagrun for example_xcom_args_with_operators to None, run_after=None
[2024-11-17T09:07:31.931+0000] {processor.py:208} INFO - Processing /home/airflow/.local/lib/python3.12/site-packages/airflow/example_dags/example_xcomargs.py took 0.215 seconds
[2024-11-17T09:08:03.571+0000] {processor.py:186} INFO - Started process (PID=1342) to work on /home/airflow/.local/lib/python3.12/site-packages/airflow/example_dags/example_xcomargs.py
[2024-11-17T09:08:03.573+0000] {processor.py:914} INFO - Processing file /home/airflow/.local/lib/python3.12/site-packages/airflow/example_dags/example_xcomargs.py for tasks to queue
[2024-11-17T09:08:03.580+0000] {logging_mixin.py:190} INFO - [2024-11-17T09:08:03.579+0000] {dagbag.py:588} INFO - Filling up the DagBag from /home/airflow/.local/lib/python3.12/site-packages/airflow/example_dags/example_xcomargs.py
[2024-11-17T09:08:03.613+0000] {processor.py:925} INFO - DAG(s) 'example_xcom_args', 'example_xcom_args_with_operators' retrieved from /home/airflow/.local/lib/python3.12/site-packages/airflow/example_dags/example_xcomargs.py
[2024-11-17T09:08:03.678+0000] {logging_mixin.py:190} INFO - [2024-11-17T09:08:03.678+0000] {dag.py:3239} INFO - Sync 2 DAGs
[2024-11-17T09:08:03.720+0000] {logging_mixin.py:190} INFO - [2024-11-17T09:08:03.719+0000] {dag.py:4180} INFO - Setting next_dagrun for example_xcom_args to None, run_after=None
[2024-11-17T09:08:03.730+0000] {logging_mixin.py:190} INFO - [2024-11-17T09:08:03.729+0000] {dag.py:4180} INFO - Setting next_dagrun for example_xcom_args_with_operators to None, run_after=None
[2024-11-17T09:08:03.772+0000] {processor.py:208} INFO - Processing /home/airflow/.local/lib/python3.12/site-packages/airflow/example_dags/example_xcomargs.py took 0.219 seconds
[2024-11-17T09:08:34.660+0000] {processor.py:186} INFO - Started process (PID=1408) to work on /home/airflow/.local/lib/python3.12/site-packages/airflow/example_dags/example_xcomargs.py
[2024-11-17T09:08:34.662+0000] {processor.py:914} INFO - Processing file /home/airflow/.local/lib/python3.12/site-packages/airflow/example_dags/example_xcomargs.py for tasks to queue
[2024-11-17T09:08:34.670+0000] {logging_mixin.py:190} INFO - [2024-11-17T09:08:34.669+0000] {dagbag.py:588} INFO - Filling up the DagBag from /home/airflow/.local/lib/python3.12/site-packages/airflow/example_dags/example_xcomargs.py
[2024-11-17T09:08:34.709+0000] {processor.py:925} INFO - DAG(s) 'example_xcom_args_with_operators', 'example_xcom_args' retrieved from /home/airflow/.local/lib/python3.12/site-packages/airflow/example_dags/example_xcomargs.py
[2024-11-17T09:08:34.799+0000] {logging_mixin.py:190} INFO - [2024-11-17T09:08:34.798+0000] {dag.py:3239} INFO - Sync 2 DAGs
[2024-11-17T09:08:34.866+0000] {logging_mixin.py:190} INFO - [2024-11-17T09:08:34.865+0000] {dag.py:4180} INFO - Setting next_dagrun for example_xcom_args to None, run_after=None
[2024-11-17T09:08:34.881+0000] {logging_mixin.py:190} INFO - [2024-11-17T09:08:34.881+0000] {dag.py:4180} INFO - Setting next_dagrun for example_xcom_args_with_operators to None, run_after=None
[2024-11-17T09:08:34.949+0000] {processor.py:208} INFO - Processing /home/airflow/.local/lib/python3.12/site-packages/airflow/example_dags/example_xcomargs.py took 0.311 seconds
[2024-11-17T09:09:05.261+0000] {processor.py:186} INFO - Started process (PID=1473) to work on /home/airflow/.local/lib/python3.12/site-packages/airflow/example_dags/example_xcomargs.py
[2024-11-17T09:09:05.264+0000] {processor.py:914} INFO - Processing file /home/airflow/.local/lib/python3.12/site-packages/airflow/example_dags/example_xcomargs.py for tasks to queue
[2024-11-17T09:09:05.271+0000] {logging_mixin.py:190} INFO - [2024-11-17T09:09:05.270+0000] {dagbag.py:588} INFO - Filling up the DagBag from /home/airflow/.local/lib/python3.12/site-packages/airflow/example_dags/example_xcomargs.py
[2024-11-17T09:09:05.301+0000] {processor.py:925} INFO - DAG(s) 'example_xcom_args', 'example_xcom_args_with_operators' retrieved from /home/airflow/.local/lib/python3.12/site-packages/airflow/example_dags/example_xcomargs.py
[2024-11-17T09:09:05.368+0000] {logging_mixin.py:190} INFO - [2024-11-17T09:09:05.367+0000] {dag.py:3239} INFO - Sync 2 DAGs
[2024-11-17T09:09:05.414+0000] {logging_mixin.py:190} INFO - [2024-11-17T09:09:05.413+0000] {dag.py:4180} INFO - Setting next_dagrun for example_xcom_args to None, run_after=None
[2024-11-17T09:09:05.424+0000] {logging_mixin.py:190} INFO - [2024-11-17T09:09:05.423+0000] {dag.py:4180} INFO - Setting next_dagrun for example_xcom_args_with_operators to None, run_after=None
[2024-11-17T09:09:05.465+0000] {processor.py:208} INFO - Processing /home/airflow/.local/lib/python3.12/site-packages/airflow/example_dags/example_xcomargs.py took 0.223 seconds
[2024-11-17T09:09:35.837+0000] {processor.py:186} INFO - Started process (PID=1539) to work on /home/airflow/.local/lib/python3.12/site-packages/airflow/example_dags/example_xcomargs.py
[2024-11-17T09:09:35.840+0000] {processor.py:914} INFO - Processing file /home/airflow/.local/lib/python3.12/site-packages/airflow/example_dags/example_xcomargs.py for tasks to queue
[2024-11-17T09:09:35.847+0000] {logging_mixin.py:190} INFO - [2024-11-17T09:09:35.846+0000] {dagbag.py:588} INFO - Filling up the DagBag from /home/airflow/.local/lib/python3.12/site-packages/airflow/example_dags/example_xcomargs.py
[2024-11-17T09:09:35.876+0000] {processor.py:925} INFO - DAG(s) 'example_xcom_args_with_operators', 'example_xcom_args' retrieved from /home/airflow/.local/lib/python3.12/site-packages/airflow/example_dags/example_xcomargs.py
[2024-11-17T09:09:35.938+0000] {logging_mixin.py:190} INFO - [2024-11-17T09:09:35.938+0000] {dag.py:3239} INFO - Sync 2 DAGs
[2024-11-17T09:09:35.978+0000] {logging_mixin.py:190} INFO - [2024-11-17T09:09:35.978+0000] {dag.py:4180} INFO - Setting next_dagrun for example_xcom_args to None, run_after=None
[2024-11-17T09:09:35.988+0000] {logging_mixin.py:190} INFO - [2024-11-17T09:09:35.988+0000] {dag.py:4180} INFO - Setting next_dagrun for example_xcom_args_with_operators to None, run_after=None
[2024-11-17T09:09:36.041+0000] {processor.py:208} INFO - Processing /home/airflow/.local/lib/python3.12/site-packages/airflow/example_dags/example_xcomargs.py took 0.220 seconds
[2024-11-17T09:10:06.208+0000] {processor.py:186} INFO - Started process (PID=1605) to work on /home/airflow/.local/lib/python3.12/site-packages/airflow/example_dags/example_xcomargs.py
[2024-11-17T09:10:06.211+0000] {processor.py:914} INFO - Processing file /home/airflow/.local/lib/python3.12/site-packages/airflow/example_dags/example_xcomargs.py for tasks to queue
[2024-11-17T09:10:06.217+0000] {logging_mixin.py:190} INFO - [2024-11-17T09:10:06.216+0000] {dagbag.py:588} INFO - Filling up the DagBag from /home/airflow/.local/lib/python3.12/site-packages/airflow/example_dags/example_xcomargs.py
[2024-11-17T09:10:06.250+0000] {processor.py:925} INFO - DAG(s) 'example_xcom_args_with_operators', 'example_xcom_args' retrieved from /home/airflow/.local/lib/python3.12/site-packages/airflow/example_dags/example_xcomargs.py
[2024-11-17T09:10:06.324+0000] {logging_mixin.py:190} INFO - [2024-11-17T09:10:06.324+0000] {dag.py:3239} INFO - Sync 2 DAGs
[2024-11-17T09:10:06.373+0000] {logging_mixin.py:190} INFO - [2024-11-17T09:10:06.372+0000] {dag.py:4180} INFO - Setting next_dagrun for example_xcom_args to None, run_after=None
[2024-11-17T09:10:06.385+0000] {logging_mixin.py:190} INFO - [2024-11-17T09:10:06.385+0000] {dag.py:4180} INFO - Setting next_dagrun for example_xcom_args_with_operators to None, run_after=None
[2024-11-17T09:10:06.439+0000] {processor.py:208} INFO - Processing /home/airflow/.local/lib/python3.12/site-packages/airflow/example_dags/example_xcomargs.py took 0.250 seconds
[2024-11-17T09:10:37.036+0000] {processor.py:186} INFO - Started process (PID=1671) to work on /home/airflow/.local/lib/python3.12/site-packages/airflow/example_dags/example_xcomargs.py
[2024-11-17T09:10:37.039+0000] {processor.py:914} INFO - Processing file /home/airflow/.local/lib/python3.12/site-packages/airflow/example_dags/example_xcomargs.py for tasks to queue
[2024-11-17T09:10:37.048+0000] {logging_mixin.py:190} INFO - [2024-11-17T09:10:37.047+0000] {dagbag.py:588} INFO - Filling up the DagBag from /home/airflow/.local/lib/python3.12/site-packages/airflow/example_dags/example_xcomargs.py
[2024-11-17T09:10:37.083+0000] {processor.py:925} INFO - DAG(s) 'example_xcom_args', 'example_xcom_args_with_operators' retrieved from /home/airflow/.local/lib/python3.12/site-packages/airflow/example_dags/example_xcomargs.py
[2024-11-17T09:10:37.158+0000] {logging_mixin.py:190} INFO - [2024-11-17T09:10:37.157+0000] {dag.py:3239} INFO - Sync 2 DAGs
[2024-11-17T09:10:37.217+0000] {logging_mixin.py:190} INFO - [2024-11-17T09:10:37.217+0000] {dag.py:4180} INFO - Setting next_dagrun for example_xcom_args to None, run_after=None
[2024-11-17T09:10:37.231+0000] {logging_mixin.py:190} INFO - [2024-11-17T09:10:37.230+0000] {dag.py:4180} INFO - Setting next_dagrun for example_xcom_args_with_operators to None, run_after=None
[2024-11-17T09:10:37.292+0000] {processor.py:208} INFO - Processing /home/airflow/.local/lib/python3.12/site-packages/airflow/example_dags/example_xcomargs.py took 0.280 seconds
[2024-11-17T09:11:07.810+0000] {processor.py:186} INFO - Started process (PID=1737) to work on /home/airflow/.local/lib/python3.12/site-packages/airflow/example_dags/example_xcomargs.py
[2024-11-17T09:11:07.814+0000] {processor.py:914} INFO - Processing file /home/airflow/.local/lib/python3.12/site-packages/airflow/example_dags/example_xcomargs.py for tasks to queue
[2024-11-17T09:11:07.825+0000] {logging_mixin.py:190} INFO - [2024-11-17T09:11:07.823+0000] {dagbag.py:588} INFO - Filling up the DagBag from /home/airflow/.local/lib/python3.12/site-packages/airflow/example_dags/example_xcomargs.py
[2024-11-17T09:11:07.869+0000] {processor.py:925} INFO - DAG(s) 'example_xcom_args', 'example_xcom_args_with_operators' retrieved from /home/airflow/.local/lib/python3.12/site-packages/airflow/example_dags/example_xcomargs.py
[2024-11-17T09:11:07.944+0000] {logging_mixin.py:190} INFO - [2024-11-17T09:11:07.943+0000] {dag.py:3239} INFO - Sync 2 DAGs
[2024-11-17T09:11:08.010+0000] {logging_mixin.py:190} INFO - [2024-11-17T09:11:08.009+0000] {dag.py:4180} INFO - Setting next_dagrun for example_xcom_args to None, run_after=None
[2024-11-17T09:11:08.021+0000] {logging_mixin.py:190} INFO - [2024-11-17T09:11:08.020+0000] {dag.py:4180} INFO - Setting next_dagrun for example_xcom_args_with_operators to None, run_after=None
[2024-11-17T09:11:08.080+0000] {processor.py:208} INFO - Processing /home/airflow/.local/lib/python3.12/site-packages/airflow/example_dags/example_xcomargs.py took 0.294 seconds
[2024-11-17T09:11:39.236+0000] {processor.py:186} INFO - Started process (PID=1803) to work on /home/airflow/.local/lib/python3.12/site-packages/airflow/example_dags/example_xcomargs.py
[2024-11-17T09:11:39.239+0000] {processor.py:914} INFO - Processing file /home/airflow/.local/lib/python3.12/site-packages/airflow/example_dags/example_xcomargs.py for tasks to queue
[2024-11-17T09:11:39.246+0000] {logging_mixin.py:190} INFO - [2024-11-17T09:11:39.245+0000] {dagbag.py:588} INFO - Filling up the DagBag from /home/airflow/.local/lib/python3.12/site-packages/airflow/example_dags/example_xcomargs.py
[2024-11-17T09:11:39.286+0000] {processor.py:925} INFO - DAG(s) 'example_xcom_args', 'example_xcom_args_with_operators' retrieved from /home/airflow/.local/lib/python3.12/site-packages/airflow/example_dags/example_xcomargs.py
[2024-11-17T09:11:39.348+0000] {logging_mixin.py:190} INFO - [2024-11-17T09:11:39.347+0000] {dag.py:3239} INFO - Sync 2 DAGs
[2024-11-17T09:11:39.390+0000] {logging_mixin.py:190} INFO - [2024-11-17T09:11:39.390+0000] {dag.py:4180} INFO - Setting next_dagrun for example_xcom_args to None, run_after=None
[2024-11-17T09:11:39.402+0000] {logging_mixin.py:190} INFO - [2024-11-17T09:11:39.401+0000] {dag.py:4180} INFO - Setting next_dagrun for example_xcom_args_with_operators to None, run_after=None
[2024-11-17T09:11:39.447+0000] {processor.py:208} INFO - Processing /home/airflow/.local/lib/python3.12/site-packages/airflow/example_dags/example_xcomargs.py took 0.227 seconds
[2024-11-17T09:12:10.592+0000] {processor.py:186} INFO - Started process (PID=1875) to work on /home/airflow/.local/lib/python3.12/site-packages/airflow/example_dags/example_xcomargs.py
[2024-11-17T09:12:10.595+0000] {processor.py:914} INFO - Processing file /home/airflow/.local/lib/python3.12/site-packages/airflow/example_dags/example_xcomargs.py for tasks to queue
[2024-11-17T09:12:10.602+0000] {logging_mixin.py:190} INFO - [2024-11-17T09:12:10.601+0000] {dagbag.py:588} INFO - Filling up the DagBag from /home/airflow/.local/lib/python3.12/site-packages/airflow/example_dags/example_xcomargs.py
[2024-11-17T09:12:10.639+0000] {processor.py:925} INFO - DAG(s) 'example_xcom_args', 'example_xcom_args_with_operators' retrieved from /home/airflow/.local/lib/python3.12/site-packages/airflow/example_dags/example_xcomargs.py
[2024-11-17T09:12:10.712+0000] {logging_mixin.py:190} INFO - [2024-11-17T09:12:10.711+0000] {dag.py:3239} INFO - Sync 2 DAGs
[2024-11-17T09:12:10.772+0000] {logging_mixin.py:190} INFO - [2024-11-17T09:12:10.771+0000] {dag.py:4180} INFO - Setting next_dagrun for example_xcom_args to None, run_after=None
[2024-11-17T09:12:10.784+0000] {logging_mixin.py:190} INFO - [2024-11-17T09:12:10.783+0000] {dag.py:4180} INFO - Setting next_dagrun for example_xcom_args_with_operators to None, run_after=None
[2024-11-17T09:12:10.865+0000] {processor.py:208} INFO - Processing /home/airflow/.local/lib/python3.12/site-packages/airflow/example_dags/example_xcomargs.py took 0.290 seconds
[2024-11-17T09:12:43.888+0000] {processor.py:186} INFO - Started process (PID=1940) to work on /home/airflow/.local/lib/python3.12/site-packages/airflow/example_dags/example_xcomargs.py
[2024-11-17T09:12:43.891+0000] {processor.py:914} INFO - Processing file /home/airflow/.local/lib/python3.12/site-packages/airflow/example_dags/example_xcomargs.py for tasks to queue
[2024-11-17T09:12:43.899+0000] {logging_mixin.py:190} INFO - [2024-11-17T09:12:43.898+0000] {dagbag.py:588} INFO - Filling up the DagBag from /home/airflow/.local/lib/python3.12/site-packages/airflow/example_dags/example_xcomargs.py
[2024-11-17T09:12:43.936+0000] {processor.py:925} INFO - DAG(s) 'example_xcom_args', 'example_xcom_args_with_operators' retrieved from /home/airflow/.local/lib/python3.12/site-packages/airflow/example_dags/example_xcomargs.py
[2024-11-17T09:12:44.036+0000] {logging_mixin.py:190} INFO - [2024-11-17T09:12:44.035+0000] {dag.py:3239} INFO - Sync 2 DAGs
[2024-11-17T09:12:44.083+0000] {logging_mixin.py:190} INFO - [2024-11-17T09:12:44.083+0000] {dag.py:4180} INFO - Setting next_dagrun for example_xcom_args to None, run_after=None
[2024-11-17T09:12:44.095+0000] {logging_mixin.py:190} INFO - [2024-11-17T09:12:44.094+0000] {dag.py:4180} INFO - Setting next_dagrun for example_xcom_args_with_operators to None, run_after=None
[2024-11-17T09:12:44.143+0000] {processor.py:208} INFO - Processing /home/airflow/.local/lib/python3.12/site-packages/airflow/example_dags/example_xcomargs.py took 0.275 seconds
[2024-11-17T09:13:15.188+0000] {processor.py:186} INFO - Started process (PID=2006) to work on /home/airflow/.local/lib/python3.12/site-packages/airflow/example_dags/example_xcomargs.py
[2024-11-17T09:13:15.190+0000] {processor.py:914} INFO - Processing file /home/airflow/.local/lib/python3.12/site-packages/airflow/example_dags/example_xcomargs.py for tasks to queue
[2024-11-17T09:13:15.197+0000] {logging_mixin.py:190} INFO - [2024-11-17T09:13:15.196+0000] {dagbag.py:588} INFO - Filling up the DagBag from /home/airflow/.local/lib/python3.12/site-packages/airflow/example_dags/example_xcomargs.py
[2024-11-17T09:13:15.226+0000] {processor.py:925} INFO - DAG(s) 'example_xcom_args_with_operators', 'example_xcom_args' retrieved from /home/airflow/.local/lib/python3.12/site-packages/airflow/example_dags/example_xcomargs.py
[2024-11-17T09:13:15.290+0000] {logging_mixin.py:190} INFO - [2024-11-17T09:13:15.290+0000] {dag.py:3239} INFO - Sync 2 DAGs
[2024-11-17T09:13:15.340+0000] {logging_mixin.py:190} INFO - [2024-11-17T09:13:15.339+0000] {dag.py:4180} INFO - Setting next_dagrun for example_xcom_args to None, run_after=None
[2024-11-17T09:13:15.350+0000] {logging_mixin.py:190} INFO - [2024-11-17T09:13:15.350+0000] {dag.py:4180} INFO - Setting next_dagrun for example_xcom_args_with_operators to None, run_after=None
[2024-11-17T09:13:15.394+0000] {processor.py:208} INFO - Processing /home/airflow/.local/lib/python3.12/site-packages/airflow/example_dags/example_xcomargs.py took 0.223 seconds
[2024-11-17T09:13:45.813+0000] {processor.py:186} INFO - Started process (PID=2072) to work on /home/airflow/.local/lib/python3.12/site-packages/airflow/example_dags/example_xcomargs.py
[2024-11-17T09:13:45.815+0000] {processor.py:914} INFO - Processing file /home/airflow/.local/lib/python3.12/site-packages/airflow/example_dags/example_xcomargs.py for tasks to queue
[2024-11-17T09:13:45.822+0000] {logging_mixin.py:190} INFO - [2024-11-17T09:13:45.821+0000] {dagbag.py:588} INFO - Filling up the DagBag from /home/airflow/.local/lib/python3.12/site-packages/airflow/example_dags/example_xcomargs.py
[2024-11-17T09:13:45.856+0000] {processor.py:925} INFO - DAG(s) 'example_xcom_args', 'example_xcom_args_with_operators' retrieved from /home/airflow/.local/lib/python3.12/site-packages/airflow/example_dags/example_xcomargs.py
[2024-11-17T09:13:45.946+0000] {logging_mixin.py:190} INFO - [2024-11-17T09:13:45.946+0000] {dag.py:3239} INFO - Sync 2 DAGs
[2024-11-17T09:13:46.004+0000] {logging_mixin.py:190} INFO - [2024-11-17T09:13:46.004+0000] {dag.py:4180} INFO - Setting next_dagrun for example_xcom_args to None, run_after=None
[2024-11-17T09:13:46.022+0000] {logging_mixin.py:190} INFO - [2024-11-17T09:13:46.021+0000] {dag.py:4180} INFO - Setting next_dagrun for example_xcom_args_with_operators to None, run_after=None
[2024-11-17T09:13:46.088+0000] {processor.py:208} INFO - Processing /home/airflow/.local/lib/python3.12/site-packages/airflow/example_dags/example_xcomargs.py took 0.293 seconds
[2024-11-17T09:14:16.389+0000] {processor.py:186} INFO - Started process (PID=2137) to work on /home/airflow/.local/lib/python3.12/site-packages/airflow/example_dags/example_xcomargs.py
[2024-11-17T09:14:16.392+0000] {processor.py:914} INFO - Processing file /home/airflow/.local/lib/python3.12/site-packages/airflow/example_dags/example_xcomargs.py for tasks to queue
[2024-11-17T09:14:16.400+0000] {logging_mixin.py:190} INFO - [2024-11-17T09:14:16.399+0000] {dagbag.py:588} INFO - Filling up the DagBag from /home/airflow/.local/lib/python3.12/site-packages/airflow/example_dags/example_xcomargs.py
[2024-11-17T09:14:16.432+0000] {processor.py:925} INFO - DAG(s) 'example_xcom_args', 'example_xcom_args_with_operators' retrieved from /home/airflow/.local/lib/python3.12/site-packages/airflow/example_dags/example_xcomargs.py
[2024-11-17T09:14:16.492+0000] {logging_mixin.py:190} INFO - [2024-11-17T09:14:16.491+0000] {dag.py:3239} INFO - Sync 2 DAGs
[2024-11-17T09:14:16.539+0000] {logging_mixin.py:190} INFO - [2024-11-17T09:14:16.539+0000] {dag.py:4180} INFO - Setting next_dagrun for example_xcom_args to None, run_after=None
[2024-11-17T09:14:16.550+0000] {logging_mixin.py:190} INFO - [2024-11-17T09:14:16.549+0000] {dag.py:4180} INFO - Setting next_dagrun for example_xcom_args_with_operators to None, run_after=None
[2024-11-17T09:14:16.601+0000] {processor.py:208} INFO - Processing /home/airflow/.local/lib/python3.12/site-packages/airflow/example_dags/example_xcomargs.py took 0.229 seconds
[2024-11-17T09:14:47.191+0000] {processor.py:186} INFO - Started process (PID=2203) to work on /home/airflow/.local/lib/python3.12/site-packages/airflow/example_dags/example_xcomargs.py
[2024-11-17T09:14:47.193+0000] {processor.py:914} INFO - Processing file /home/airflow/.local/lib/python3.12/site-packages/airflow/example_dags/example_xcomargs.py for tasks to queue
[2024-11-17T09:14:47.202+0000] {logging_mixin.py:190} INFO - [2024-11-17T09:14:47.200+0000] {dagbag.py:588} INFO - Filling up the DagBag from /home/airflow/.local/lib/python3.12/site-packages/airflow/example_dags/example_xcomargs.py
[2024-11-17T09:14:47.230+0000] {processor.py:925} INFO - DAG(s) 'example_xcom_args', 'example_xcom_args_with_operators' retrieved from /home/airflow/.local/lib/python3.12/site-packages/airflow/example_dags/example_xcomargs.py
[2024-11-17T09:14:47.291+0000] {logging_mixin.py:190} INFO - [2024-11-17T09:14:47.290+0000] {dag.py:3239} INFO - Sync 2 DAGs
[2024-11-17T09:14:47.335+0000] {logging_mixin.py:190} INFO - [2024-11-17T09:14:47.334+0000] {dag.py:4180} INFO - Setting next_dagrun for example_xcom_args to None, run_after=None
[2024-11-17T09:14:47.346+0000] {logging_mixin.py:190} INFO - [2024-11-17T09:14:47.346+0000] {dag.py:4180} INFO - Setting next_dagrun for example_xcom_args_with_operators to None, run_after=None
[2024-11-17T09:14:47.400+0000] {processor.py:208} INFO - Processing /home/airflow/.local/lib/python3.12/site-packages/airflow/example_dags/example_xcomargs.py took 0.230 seconds
[2024-11-17T09:15:18.692+0000] {processor.py:186} INFO - Started process (PID=2269) to work on /home/airflow/.local/lib/python3.12/site-packages/airflow/example_dags/example_xcomargs.py
[2024-11-17T09:15:18.695+0000] {processor.py:914} INFO - Processing file /home/airflow/.local/lib/python3.12/site-packages/airflow/example_dags/example_xcomargs.py for tasks to queue
[2024-11-17T09:15:18.701+0000] {logging_mixin.py:190} INFO - [2024-11-17T09:15:18.700+0000] {dagbag.py:588} INFO - Filling up the DagBag from /home/airflow/.local/lib/python3.12/site-packages/airflow/example_dags/example_xcomargs.py
[2024-11-17T09:15:18.736+0000] {processor.py:925} INFO - DAG(s) 'example_xcom_args_with_operators', 'example_xcom_args' retrieved from /home/airflow/.local/lib/python3.12/site-packages/airflow/example_dags/example_xcomargs.py
[2024-11-17T09:15:18.823+0000] {logging_mixin.py:190} INFO - [2024-11-17T09:15:18.823+0000] {dag.py:3239} INFO - Sync 2 DAGs
[2024-11-17T09:15:18.866+0000] {logging_mixin.py:190} INFO - [2024-11-17T09:15:18.865+0000] {dag.py:4180} INFO - Setting next_dagrun for example_xcom_args to None, run_after=None
[2024-11-17T09:15:18.879+0000] {logging_mixin.py:190} INFO - [2024-11-17T09:15:18.878+0000] {dag.py:4180} INFO - Setting next_dagrun for example_xcom_args_with_operators to None, run_after=None
[2024-11-17T09:15:18.923+0000] {processor.py:208} INFO - Processing /home/airflow/.local/lib/python3.12/site-packages/airflow/example_dags/example_xcomargs.py took 0.254 seconds
[2024-11-17T09:15:49.563+0000] {processor.py:186} INFO - Started process (PID=2334) to work on /home/airflow/.local/lib/python3.12/site-packages/airflow/example_dags/example_xcomargs.py
[2024-11-17T09:15:49.566+0000] {processor.py:914} INFO - Processing file /home/airflow/.local/lib/python3.12/site-packages/airflow/example_dags/example_xcomargs.py for tasks to queue
[2024-11-17T09:15:49.572+0000] {logging_mixin.py:190} INFO - [2024-11-17T09:15:49.571+0000] {dagbag.py:588} INFO - Filling up the DagBag from /home/airflow/.local/lib/python3.12/site-packages/airflow/example_dags/example_xcomargs.py
[2024-11-17T09:15:49.609+0000] {processor.py:925} INFO - DAG(s) 'example_xcom_args', 'example_xcom_args_with_operators' retrieved from /home/airflow/.local/lib/python3.12/site-packages/airflow/example_dags/example_xcomargs.py
[2024-11-17T09:15:49.689+0000] {logging_mixin.py:190} INFO - [2024-11-17T09:15:49.688+0000] {dag.py:3239} INFO - Sync 2 DAGs
[2024-11-17T09:15:49.760+0000] {logging_mixin.py:190} INFO - [2024-11-17T09:15:49.759+0000] {dag.py:4180} INFO - Setting next_dagrun for example_xcom_args to None, run_after=None
[2024-11-17T09:15:49.774+0000] {logging_mixin.py:190} INFO - [2024-11-17T09:15:49.773+0000] {dag.py:4180} INFO - Setting next_dagrun for example_xcom_args_with_operators to None, run_after=None
[2024-11-17T09:15:49.894+0000] {processor.py:208} INFO - Processing /home/airflow/.local/lib/python3.12/site-packages/airflow/example_dags/example_xcomargs.py took 0.348 seconds
[2024-11-17T09:16:21.375+0000] {processor.py:186} INFO - Started process (PID=2400) to work on /home/airflow/.local/lib/python3.12/site-packages/airflow/example_dags/example_xcomargs.py
[2024-11-17T09:16:21.378+0000] {processor.py:914} INFO - Processing file /home/airflow/.local/lib/python3.12/site-packages/airflow/example_dags/example_xcomargs.py for tasks to queue
[2024-11-17T09:16:21.386+0000] {logging_mixin.py:190} INFO - [2024-11-17T09:16:21.385+0000] {dagbag.py:588} INFO - Filling up the DagBag from /home/airflow/.local/lib/python3.12/site-packages/airflow/example_dags/example_xcomargs.py
[2024-11-17T09:16:21.415+0000] {processor.py:925} INFO - DAG(s) 'example_xcom_args', 'example_xcom_args_with_operators' retrieved from /home/airflow/.local/lib/python3.12/site-packages/airflow/example_dags/example_xcomargs.py
[2024-11-17T09:16:21.490+0000] {logging_mixin.py:190} INFO - [2024-11-17T09:16:21.489+0000] {dag.py:3239} INFO - Sync 2 DAGs
[2024-11-17T09:16:21.553+0000] {logging_mixin.py:190} INFO - [2024-11-17T09:16:21.552+0000] {dag.py:4180} INFO - Setting next_dagrun for example_xcom_args to None, run_after=None
[2024-11-17T09:16:21.568+0000] {logging_mixin.py:190} INFO - [2024-11-17T09:16:21.567+0000] {dag.py:4180} INFO - Setting next_dagrun for example_xcom_args_with_operators to None, run_after=None
[2024-11-17T09:16:21.630+0000] {processor.py:208} INFO - Processing /home/airflow/.local/lib/python3.12/site-packages/airflow/example_dags/example_xcomargs.py took 0.276 seconds
[2024-11-17T09:16:52.330+0000] {processor.py:186} INFO - Started process (PID=2466) to work on /home/airflow/.local/lib/python3.12/site-packages/airflow/example_dags/example_xcomargs.py
[2024-11-17T09:16:52.332+0000] {processor.py:914} INFO - Processing file /home/airflow/.local/lib/python3.12/site-packages/airflow/example_dags/example_xcomargs.py for tasks to queue
[2024-11-17T09:16:52.339+0000] {logging_mixin.py:190} INFO - [2024-11-17T09:16:52.338+0000] {dagbag.py:588} INFO - Filling up the DagBag from /home/airflow/.local/lib/python3.12/site-packages/airflow/example_dags/example_xcomargs.py
[2024-11-17T09:16:52.374+0000] {processor.py:925} INFO - DAG(s) 'example_xcom_args', 'example_xcom_args_with_operators' retrieved from /home/airflow/.local/lib/python3.12/site-packages/airflow/example_dags/example_xcomargs.py
[2024-11-17T09:16:52.453+0000] {logging_mixin.py:190} INFO - [2024-11-17T09:16:52.452+0000] {dag.py:3239} INFO - Sync 2 DAGs
[2024-11-17T09:16:52.501+0000] {logging_mixin.py:190} INFO - [2024-11-17T09:16:52.501+0000] {dag.py:4180} INFO - Setting next_dagrun for example_xcom_args to None, run_after=None
[2024-11-17T09:16:52.513+0000] {logging_mixin.py:190} INFO - [2024-11-17T09:16:52.512+0000] {dag.py:4180} INFO - Setting next_dagrun for example_xcom_args_with_operators to None, run_after=None
[2024-11-17T09:16:52.559+0000] {processor.py:208} INFO - Processing /home/airflow/.local/lib/python3.12/site-packages/airflow/example_dags/example_xcomargs.py took 0.247 seconds
[2024-11-17T09:17:22.880+0000] {processor.py:186} INFO - Started process (PID=2531) to work on /home/airflow/.local/lib/python3.12/site-packages/airflow/example_dags/example_xcomargs.py
[2024-11-17T09:17:22.883+0000] {processor.py:914} INFO - Processing file /home/airflow/.local/lib/python3.12/site-packages/airflow/example_dags/example_xcomargs.py for tasks to queue
[2024-11-17T09:17:22.890+0000] {logging_mixin.py:190} INFO - [2024-11-17T09:17:22.889+0000] {dagbag.py:588} INFO - Filling up the DagBag from /home/airflow/.local/lib/python3.12/site-packages/airflow/example_dags/example_xcomargs.py
[2024-11-17T09:17:22.918+0000] {processor.py:925} INFO - DAG(s) 'example_xcom_args_with_operators', 'example_xcom_args' retrieved from /home/airflow/.local/lib/python3.12/site-packages/airflow/example_dags/example_xcomargs.py
[2024-11-17T09:17:22.994+0000] {logging_mixin.py:190} INFO - [2024-11-17T09:17:22.993+0000] {dag.py:3239} INFO - Sync 2 DAGs
[2024-11-17T09:17:23.055+0000] {logging_mixin.py:190} INFO - [2024-11-17T09:17:23.054+0000] {dag.py:4180} INFO - Setting next_dagrun for example_xcom_args to None, run_after=None
[2024-11-17T09:17:23.073+0000] {logging_mixin.py:190} INFO - [2024-11-17T09:17:23.072+0000] {dag.py:4180} INFO - Setting next_dagrun for example_xcom_args_with_operators to None, run_after=None
[2024-11-17T09:17:23.141+0000] {processor.py:208} INFO - Processing /home/airflow/.local/lib/python3.12/site-packages/airflow/example_dags/example_xcomargs.py took 0.277 seconds
[2024-11-17T09:17:53.913+0000] {processor.py:186} INFO - Started process (PID=2598) to work on /home/airflow/.local/lib/python3.12/site-packages/airflow/example_dags/example_xcomargs.py
[2024-11-17T09:17:53.916+0000] {processor.py:914} INFO - Processing file /home/airflow/.local/lib/python3.12/site-packages/airflow/example_dags/example_xcomargs.py for tasks to queue
[2024-11-17T09:17:53.924+0000] {logging_mixin.py:190} INFO - [2024-11-17T09:17:53.923+0000] {dagbag.py:588} INFO - Filling up the DagBag from /home/airflow/.local/lib/python3.12/site-packages/airflow/example_dags/example_xcomargs.py
[2024-11-17T09:17:53.957+0000] {processor.py:925} INFO - DAG(s) 'example_xcom_args', 'example_xcom_args_with_operators' retrieved from /home/airflow/.local/lib/python3.12/site-packages/airflow/example_dags/example_xcomargs.py
[2024-11-17T09:17:54.030+0000] {logging_mixin.py:190} INFO - [2024-11-17T09:17:54.029+0000] {dag.py:3239} INFO - Sync 2 DAGs
[2024-11-17T09:17:54.074+0000] {logging_mixin.py:190} INFO - [2024-11-17T09:17:54.073+0000] {dag.py:4180} INFO - Setting next_dagrun for example_xcom_args to None, run_after=None
[2024-11-17T09:17:54.084+0000] {logging_mixin.py:190} INFO - [2024-11-17T09:17:54.083+0000] {dag.py:4180} INFO - Setting next_dagrun for example_xcom_args_with_operators to None, run_after=None
[2024-11-17T09:17:54.135+0000] {processor.py:208} INFO - Processing /home/airflow/.local/lib/python3.12/site-packages/airflow/example_dags/example_xcomargs.py took 0.238 seconds
[2024-11-17T09:18:26.227+0000] {processor.py:186} INFO - Started process (PID=2664) to work on /home/airflow/.local/lib/python3.12/site-packages/airflow/example_dags/example_xcomargs.py
[2024-11-17T09:18:26.229+0000] {processor.py:914} INFO - Processing file /home/airflow/.local/lib/python3.12/site-packages/airflow/example_dags/example_xcomargs.py for tasks to queue
[2024-11-17T09:18:26.236+0000] {logging_mixin.py:190} INFO - [2024-11-17T09:18:26.235+0000] {dagbag.py:588} INFO - Filling up the DagBag from /home/airflow/.local/lib/python3.12/site-packages/airflow/example_dags/example_xcomargs.py
[2024-11-17T09:18:26.265+0000] {processor.py:925} INFO - DAG(s) 'example_xcom_args', 'example_xcom_args_with_operators' retrieved from /home/airflow/.local/lib/python3.12/site-packages/airflow/example_dags/example_xcomargs.py
[2024-11-17T09:18:26.330+0000] {logging_mixin.py:190} INFO - [2024-11-17T09:18:26.329+0000] {dag.py:3239} INFO - Sync 2 DAGs
[2024-11-17T09:18:26.371+0000] {logging_mixin.py:190} INFO - [2024-11-17T09:18:26.370+0000] {dag.py:4180} INFO - Setting next_dagrun for example_xcom_args to None, run_after=None
[2024-11-17T09:18:26.382+0000] {logging_mixin.py:190} INFO - [2024-11-17T09:18:26.382+0000] {dag.py:4180} INFO - Setting next_dagrun for example_xcom_args_with_operators to None, run_after=None
[2024-11-17T09:18:26.443+0000] {processor.py:208} INFO - Processing /home/airflow/.local/lib/python3.12/site-packages/airflow/example_dags/example_xcomargs.py took 0.233 seconds
[2024-11-17T09:18:57.920+0000] {processor.py:186} INFO - Started process (PID=2730) to work on /home/airflow/.local/lib/python3.12/site-packages/airflow/example_dags/example_xcomargs.py
[2024-11-17T09:18:57.923+0000] {processor.py:914} INFO - Processing file /home/airflow/.local/lib/python3.12/site-packages/airflow/example_dags/example_xcomargs.py for tasks to queue
[2024-11-17T09:18:57.929+0000] {logging_mixin.py:190} INFO - [2024-11-17T09:18:57.928+0000] {dagbag.py:588} INFO - Filling up the DagBag from /home/airflow/.local/lib/python3.12/site-packages/airflow/example_dags/example_xcomargs.py
[2024-11-17T09:18:57.958+0000] {processor.py:925} INFO - DAG(s) 'example_xcom_args_with_operators', 'example_xcom_args' retrieved from /home/airflow/.local/lib/python3.12/site-packages/airflow/example_dags/example_xcomargs.py
[2024-11-17T09:18:58.032+0000] {logging_mixin.py:190} INFO - [2024-11-17T09:18:58.031+0000] {dag.py:3239} INFO - Sync 2 DAGs
[2024-11-17T09:18:58.082+0000] {logging_mixin.py:190} INFO - [2024-11-17T09:18:58.082+0000] {dag.py:4180} INFO - Setting next_dagrun for example_xcom_args to None, run_after=None
[2024-11-17T09:18:58.095+0000] {logging_mixin.py:190} INFO - [2024-11-17T09:18:58.094+0000] {dag.py:4180} INFO - Setting next_dagrun for example_xcom_args_with_operators to None, run_after=None
[2024-11-17T09:18:58.142+0000] {processor.py:208} INFO - Processing /home/airflow/.local/lib/python3.12/site-packages/airflow/example_dags/example_xcomargs.py took 0.239 seconds
[2024-11-17T09:19:28.267+0000] {processor.py:186} INFO - Started process (PID=2795) to work on /home/airflow/.local/lib/python3.12/site-packages/airflow/example_dags/example_xcomargs.py
[2024-11-17T09:19:28.270+0000] {processor.py:914} INFO - Processing file /home/airflow/.local/lib/python3.12/site-packages/airflow/example_dags/example_xcomargs.py for tasks to queue
[2024-11-17T09:19:28.277+0000] {logging_mixin.py:190} INFO - [2024-11-17T09:19:28.276+0000] {dagbag.py:588} INFO - Filling up the DagBag from /home/airflow/.local/lib/python3.12/site-packages/airflow/example_dags/example_xcomargs.py
[2024-11-17T09:19:28.305+0000] {processor.py:925} INFO - DAG(s) 'example_xcom_args_with_operators', 'example_xcom_args' retrieved from /home/airflow/.local/lib/python3.12/site-packages/airflow/example_dags/example_xcomargs.py
[2024-11-17T09:19:28.372+0000] {logging_mixin.py:190} INFO - [2024-11-17T09:19:28.372+0000] {dag.py:3239} INFO - Sync 2 DAGs
[2024-11-17T09:19:28.417+0000] {logging_mixin.py:190} INFO - [2024-11-17T09:19:28.416+0000] {dag.py:4180} INFO - Setting next_dagrun for example_xcom_args to None, run_after=None
[2024-11-17T09:19:28.427+0000] {logging_mixin.py:190} INFO - [2024-11-17T09:19:28.427+0000] {dag.py:4180} INFO - Setting next_dagrun for example_xcom_args_with_operators to None, run_after=None
[2024-11-17T09:19:28.473+0000] {processor.py:208} INFO - Processing /home/airflow/.local/lib/python3.12/site-packages/airflow/example_dags/example_xcomargs.py took 0.226 seconds
[2024-11-17T09:19:58.782+0000] {processor.py:186} INFO - Started process (PID=2861) to work on /home/airflow/.local/lib/python3.12/site-packages/airflow/example_dags/example_xcomargs.py
[2024-11-17T09:19:58.785+0000] {processor.py:914} INFO - Processing file /home/airflow/.local/lib/python3.12/site-packages/airflow/example_dags/example_xcomargs.py for tasks to queue
[2024-11-17T09:19:58.791+0000] {logging_mixin.py:190} INFO - [2024-11-17T09:19:58.791+0000] {dagbag.py:588} INFO - Filling up the DagBag from /home/airflow/.local/lib/python3.12/site-packages/airflow/example_dags/example_xcomargs.py
[2024-11-17T09:19:58.820+0000] {processor.py:925} INFO - DAG(s) 'example_xcom_args_with_operators', 'example_xcom_args' retrieved from /home/airflow/.local/lib/python3.12/site-packages/airflow/example_dags/example_xcomargs.py
[2024-11-17T09:19:58.890+0000] {logging_mixin.py:190} INFO - [2024-11-17T09:19:58.889+0000] {dag.py:3239} INFO - Sync 2 DAGs
[2024-11-17T09:19:58.935+0000] {logging_mixin.py:190} INFO - [2024-11-17T09:19:58.935+0000] {dag.py:4180} INFO - Setting next_dagrun for example_xcom_args to None, run_after=None
[2024-11-17T09:19:58.946+0000] {logging_mixin.py:190} INFO - [2024-11-17T09:19:58.945+0000] {dag.py:4180} INFO - Setting next_dagrun for example_xcom_args_with_operators to None, run_after=None
[2024-11-17T09:19:58.994+0000] {processor.py:208} INFO - Processing /home/airflow/.local/lib/python3.12/site-packages/airflow/example_dags/example_xcomargs.py took 0.228 seconds
[2024-11-17T09:20:29.526+0000] {processor.py:186} INFO - Started process (PID=2927) to work on /home/airflow/.local/lib/python3.12/site-packages/airflow/example_dags/example_xcomargs.py
[2024-11-17T09:20:29.529+0000] {processor.py:914} INFO - Processing file /home/airflow/.local/lib/python3.12/site-packages/airflow/example_dags/example_xcomargs.py for tasks to queue
[2024-11-17T09:20:29.537+0000] {logging_mixin.py:190} INFO - [2024-11-17T09:20:29.536+0000] {dagbag.py:588} INFO - Filling up the DagBag from /home/airflow/.local/lib/python3.12/site-packages/airflow/example_dags/example_xcomargs.py
[2024-11-17T09:20:29.571+0000] {processor.py:925} INFO - DAG(s) 'example_xcom_args_with_operators', 'example_xcom_args' retrieved from /home/airflow/.local/lib/python3.12/site-packages/airflow/example_dags/example_xcomargs.py
[2024-11-17T09:20:29.657+0000] {logging_mixin.py:190} INFO - [2024-11-17T09:20:29.656+0000] {dag.py:3239} INFO - Sync 2 DAGs
[2024-11-17T09:20:29.703+0000] {logging_mixin.py:190} INFO - [2024-11-17T09:20:29.702+0000] {dag.py:4180} INFO - Setting next_dagrun for example_xcom_args to None, run_after=None
[2024-11-17T09:20:29.714+0000] {logging_mixin.py:190} INFO - [2024-11-17T09:20:29.713+0000] {dag.py:4180} INFO - Setting next_dagrun for example_xcom_args_with_operators to None, run_after=None
[2024-11-17T09:20:29.760+0000] {processor.py:208} INFO - Processing /home/airflow/.local/lib/python3.12/site-packages/airflow/example_dags/example_xcomargs.py took 0.252 seconds
[2024-11-17T09:21:00.602+0000] {processor.py:186} INFO - Started process (PID=2993) to work on /home/airflow/.local/lib/python3.12/site-packages/airflow/example_dags/example_xcomargs.py
[2024-11-17T09:21:00.606+0000] {processor.py:914} INFO - Processing file /home/airflow/.local/lib/python3.12/site-packages/airflow/example_dags/example_xcomargs.py for tasks to queue
[2024-11-17T09:21:00.616+0000] {logging_mixin.py:190} INFO - [2024-11-17T09:21:00.614+0000] {dagbag.py:588} INFO - Filling up the DagBag from /home/airflow/.local/lib/python3.12/site-packages/airflow/example_dags/example_xcomargs.py
[2024-11-17T09:21:00.716+0000] {processor.py:925} INFO - DAG(s) 'example_xcom_args_with_operators', 'example_xcom_args' retrieved from /home/airflow/.local/lib/python3.12/site-packages/airflow/example_dags/example_xcomargs.py
[2024-11-17T09:21:00.818+0000] {logging_mixin.py:190} INFO - [2024-11-17T09:21:00.817+0000] {dag.py:3239} INFO - Sync 2 DAGs
[2024-11-17T09:21:01.249+0000] {logging_mixin.py:190} INFO - [2024-11-17T09:21:01.248+0000] {dag.py:4180} INFO - Setting next_dagrun for example_xcom_args to None, run_after=None
[2024-11-17T09:21:01.259+0000] {logging_mixin.py:190} INFO - [2024-11-17T09:21:01.258+0000] {dag.py:4180} INFO - Setting next_dagrun for example_xcom_args_with_operators to None, run_after=None
[2024-11-17T09:21:01.304+0000] {processor.py:208} INFO - Processing /home/airflow/.local/lib/python3.12/site-packages/airflow/example_dags/example_xcomargs.py took 0.737 seconds
[2024-11-17T09:21:32.038+0000] {processor.py:186} INFO - Started process (PID=3059) to work on /home/airflow/.local/lib/python3.12/site-packages/airflow/example_dags/example_xcomargs.py
[2024-11-17T09:21:32.041+0000] {processor.py:914} INFO - Processing file /home/airflow/.local/lib/python3.12/site-packages/airflow/example_dags/example_xcomargs.py for tasks to queue
[2024-11-17T09:21:32.048+0000] {logging_mixin.py:190} INFO - [2024-11-17T09:21:32.047+0000] {dagbag.py:588} INFO - Filling up the DagBag from /home/airflow/.local/lib/python3.12/site-packages/airflow/example_dags/example_xcomargs.py
[2024-11-17T09:21:32.075+0000] {processor.py:925} INFO - DAG(s) 'example_xcom_args', 'example_xcom_args_with_operators' retrieved from /home/airflow/.local/lib/python3.12/site-packages/airflow/example_dags/example_xcomargs.py
[2024-11-17T09:21:32.137+0000] {logging_mixin.py:190} INFO - [2024-11-17T09:21:32.137+0000] {dag.py:3239} INFO - Sync 2 DAGs
[2024-11-17T09:21:32.177+0000] {logging_mixin.py:190} INFO - [2024-11-17T09:21:32.177+0000] {dag.py:4180} INFO - Setting next_dagrun for example_xcom_args to None, run_after=None
[2024-11-17T09:21:32.188+0000] {logging_mixin.py:190} INFO - [2024-11-17T09:21:32.187+0000] {dag.py:4180} INFO - Setting next_dagrun for example_xcom_args_with_operators to None, run_after=None
[2024-11-17T09:21:32.237+0000] {processor.py:208} INFO - Processing /home/airflow/.local/lib/python3.12/site-packages/airflow/example_dags/example_xcomargs.py took 0.215 seconds
[2024-11-17T09:22:03.219+0000] {processor.py:186} INFO - Started process (PID=3125) to work on /home/airflow/.local/lib/python3.12/site-packages/airflow/example_dags/example_xcomargs.py
[2024-11-17T09:22:03.223+0000] {processor.py:914} INFO - Processing file /home/airflow/.local/lib/python3.12/site-packages/airflow/example_dags/example_xcomargs.py for tasks to queue
[2024-11-17T09:22:03.232+0000] {logging_mixin.py:190} INFO - [2024-11-17T09:22:03.231+0000] {dagbag.py:588} INFO - Filling up the DagBag from /home/airflow/.local/lib/python3.12/site-packages/airflow/example_dags/example_xcomargs.py
[2024-11-17T09:22:03.273+0000] {processor.py:925} INFO - DAG(s) 'example_xcom_args', 'example_xcom_args_with_operators' retrieved from /home/airflow/.local/lib/python3.12/site-packages/airflow/example_dags/example_xcomargs.py
[2024-11-17T09:22:03.351+0000] {logging_mixin.py:190} INFO - [2024-11-17T09:22:03.351+0000] {dag.py:3239} INFO - Sync 2 DAGs
[2024-11-17T09:22:03.397+0000] {logging_mixin.py:190} INFO - [2024-11-17T09:22:03.397+0000] {dag.py:4180} INFO - Setting next_dagrun for example_xcom_args to None, run_after=None
[2024-11-17T09:22:03.409+0000] {logging_mixin.py:190} INFO - [2024-11-17T09:22:03.408+0000] {dag.py:4180} INFO - Setting next_dagrun for example_xcom_args_with_operators to None, run_after=None
[2024-11-17T09:22:03.481+0000] {processor.py:208} INFO - Processing /home/airflow/.local/lib/python3.12/site-packages/airflow/example_dags/example_xcomargs.py took 0.287 seconds
[2024-11-17T09:22:34.652+0000] {processor.py:186} INFO - Started process (PID=3191) to work on /home/airflow/.local/lib/python3.12/site-packages/airflow/example_dags/example_xcomargs.py
[2024-11-17T09:22:34.655+0000] {processor.py:914} INFO - Processing file /home/airflow/.local/lib/python3.12/site-packages/airflow/example_dags/example_xcomargs.py for tasks to queue
[2024-11-17T09:22:34.663+0000] {logging_mixin.py:190} INFO - [2024-11-17T09:22:34.662+0000] {dagbag.py:588} INFO - Filling up the DagBag from /home/airflow/.local/lib/python3.12/site-packages/airflow/example_dags/example_xcomargs.py
[2024-11-17T09:22:34.715+0000] {processor.py:925} INFO - DAG(s) 'example_xcom_args_with_operators', 'example_xcom_args' retrieved from /home/airflow/.local/lib/python3.12/site-packages/airflow/example_dags/example_xcomargs.py
[2024-11-17T09:22:34.819+0000] {logging_mixin.py:190} INFO - [2024-11-17T09:22:34.819+0000] {dag.py:3239} INFO - Sync 2 DAGs
[2024-11-17T09:22:34.898+0000] {logging_mixin.py:190} INFO - [2024-11-17T09:22:34.897+0000] {dag.py:4180} INFO - Setting next_dagrun for example_xcom_args to None, run_after=None
[2024-11-17T09:22:34.910+0000] {logging_mixin.py:190} INFO - [2024-11-17T09:22:34.909+0000] {dag.py:4180} INFO - Setting next_dagrun for example_xcom_args_with_operators to None, run_after=None
[2024-11-17T09:22:34.966+0000] {processor.py:208} INFO - Processing /home/airflow/.local/lib/python3.12/site-packages/airflow/example_dags/example_xcomargs.py took 0.336 seconds
[2024-11-17T09:23:05.184+0000] {processor.py:186} INFO - Started process (PID=3256) to work on /home/airflow/.local/lib/python3.12/site-packages/airflow/example_dags/example_xcomargs.py
[2024-11-17T09:23:05.187+0000] {processor.py:914} INFO - Processing file /home/airflow/.local/lib/python3.12/site-packages/airflow/example_dags/example_xcomargs.py for tasks to queue
[2024-11-17T09:23:05.194+0000] {logging_mixin.py:190} INFO - [2024-11-17T09:23:05.193+0000] {dagbag.py:588} INFO - Filling up the DagBag from /home/airflow/.local/lib/python3.12/site-packages/airflow/example_dags/example_xcomargs.py
[2024-11-17T09:23:05.222+0000] {processor.py:925} INFO - DAG(s) 'example_xcom_args_with_operators', 'example_xcom_args' retrieved from /home/airflow/.local/lib/python3.12/site-packages/airflow/example_dags/example_xcomargs.py
[2024-11-17T09:23:05.777+0000] {logging_mixin.py:190} INFO - [2024-11-17T09:23:05.776+0000] {dag.py:3239} INFO - Sync 2 DAGs
[2024-11-17T09:23:05.823+0000] {logging_mixin.py:190} INFO - [2024-11-17T09:23:05.823+0000] {dag.py:4180} INFO - Setting next_dagrun for example_xcom_args to None, run_after=None
[2024-11-17T09:23:05.836+0000] {logging_mixin.py:190} INFO - [2024-11-17T09:23:05.835+0000] {dag.py:4180} INFO - Setting next_dagrun for example_xcom_args_with_operators to None, run_after=None
[2024-11-17T09:23:05.891+0000] {processor.py:208} INFO - Processing /home/airflow/.local/lib/python3.12/site-packages/airflow/example_dags/example_xcomargs.py took 0.724 seconds
[2024-11-17T09:23:36.733+0000] {processor.py:186} INFO - Started process (PID=3322) to work on /home/airflow/.local/lib/python3.12/site-packages/airflow/example_dags/example_xcomargs.py
[2024-11-17T09:23:36.736+0000] {processor.py:914} INFO - Processing file /home/airflow/.local/lib/python3.12/site-packages/airflow/example_dags/example_xcomargs.py for tasks to queue
[2024-11-17T09:23:36.744+0000] {logging_mixin.py:190} INFO - [2024-11-17T09:23:36.743+0000] {dagbag.py:588} INFO - Filling up the DagBag from /home/airflow/.local/lib/python3.12/site-packages/airflow/example_dags/example_xcomargs.py
[2024-11-17T09:23:36.775+0000] {processor.py:925} INFO - DAG(s) 'example_xcom_args', 'example_xcom_args_with_operators' retrieved from /home/airflow/.local/lib/python3.12/site-packages/airflow/example_dags/example_xcomargs.py
[2024-11-17T09:23:36.875+0000] {logging_mixin.py:190} INFO - [2024-11-17T09:23:36.874+0000] {dag.py:3239} INFO - Sync 2 DAGs
[2024-11-17T09:23:36.936+0000] {logging_mixin.py:190} INFO - [2024-11-17T09:23:36.936+0000] {dag.py:4180} INFO - Setting next_dagrun for example_xcom_args to None, run_after=None
[2024-11-17T09:23:36.948+0000] {logging_mixin.py:190} INFO - [2024-11-17T09:23:36.948+0000] {dag.py:4180} INFO - Setting next_dagrun for example_xcom_args_with_operators to None, run_after=None
[2024-11-17T09:23:36.997+0000] {processor.py:208} INFO - Processing /home/airflow/.local/lib/python3.12/site-packages/airflow/example_dags/example_xcomargs.py took 0.284 seconds
[2024-11-17T09:24:07.943+0000] {processor.py:186} INFO - Started process (PID=3388) to work on /home/airflow/.local/lib/python3.12/site-packages/airflow/example_dags/example_xcomargs.py
[2024-11-17T09:24:07.946+0000] {processor.py:914} INFO - Processing file /home/airflow/.local/lib/python3.12/site-packages/airflow/example_dags/example_xcomargs.py for tasks to queue
[2024-11-17T09:24:07.954+0000] {logging_mixin.py:190} INFO - [2024-11-17T09:24:07.953+0000] {dagbag.py:588} INFO - Filling up the DagBag from /home/airflow/.local/lib/python3.12/site-packages/airflow/example_dags/example_xcomargs.py
[2024-11-17T09:24:07.991+0000] {processor.py:925} INFO - DAG(s) 'example_xcom_args', 'example_xcom_args_with_operators' retrieved from /home/airflow/.local/lib/python3.12/site-packages/airflow/example_dags/example_xcomargs.py
[2024-11-17T09:24:08.066+0000] {logging_mixin.py:190} INFO - [2024-11-17T09:24:08.065+0000] {dag.py:3239} INFO - Sync 2 DAGs
[2024-11-17T09:24:08.118+0000] {logging_mixin.py:190} INFO - [2024-11-17T09:24:08.117+0000] {dag.py:4180} INFO - Setting next_dagrun for example_xcom_args to None, run_after=None
[2024-11-17T09:24:08.131+0000] {logging_mixin.py:190} INFO - [2024-11-17T09:24:08.130+0000] {dag.py:4180} INFO - Setting next_dagrun for example_xcom_args_with_operators to None, run_after=None
[2024-11-17T09:24:08.180+0000] {processor.py:208} INFO - Processing /home/airflow/.local/lib/python3.12/site-packages/airflow/example_dags/example_xcomargs.py took 0.254 seconds
[2024-11-17T09:24:38.645+0000] {processor.py:186} INFO - Started process (PID=3453) to work on /home/airflow/.local/lib/python3.12/site-packages/airflow/example_dags/example_xcomargs.py
[2024-11-17T09:24:38.650+0000] {processor.py:914} INFO - Processing file /home/airflow/.local/lib/python3.12/site-packages/airflow/example_dags/example_xcomargs.py for tasks to queue
[2024-11-17T09:24:38.661+0000] {logging_mixin.py:190} INFO - [2024-11-17T09:24:38.660+0000] {dagbag.py:588} INFO - Filling up the DagBag from /home/airflow/.local/lib/python3.12/site-packages/airflow/example_dags/example_xcomargs.py
[2024-11-17T09:24:38.702+0000] {processor.py:925} INFO - DAG(s) 'example_xcom_args', 'example_xcom_args_with_operators' retrieved from /home/airflow/.local/lib/python3.12/site-packages/airflow/example_dags/example_xcomargs.py
[2024-11-17T09:24:38.779+0000] {logging_mixin.py:190} INFO - [2024-11-17T09:24:38.778+0000] {dag.py:3239} INFO - Sync 2 DAGs
[2024-11-17T09:24:38.834+0000] {logging_mixin.py:190} INFO - [2024-11-17T09:24:38.834+0000] {dag.py:4180} INFO - Setting next_dagrun for example_xcom_args to None, run_after=None
[2024-11-17T09:24:38.849+0000] {logging_mixin.py:190} INFO - [2024-11-17T09:24:38.849+0000] {dag.py:4180} INFO - Setting next_dagrun for example_xcom_args_with_operators to None, run_after=None
[2024-11-17T09:24:38.929+0000] {processor.py:208} INFO - Processing /home/airflow/.local/lib/python3.12/site-packages/airflow/example_dags/example_xcomargs.py took 0.312 seconds
[2024-11-17T09:25:09.310+0000] {processor.py:186} INFO - Started process (PID=3518) to work on /home/airflow/.local/lib/python3.12/site-packages/airflow/example_dags/example_xcomargs.py
[2024-11-17T09:25:09.312+0000] {processor.py:914} INFO - Processing file /home/airflow/.local/lib/python3.12/site-packages/airflow/example_dags/example_xcomargs.py for tasks to queue
[2024-11-17T09:25:09.320+0000] {logging_mixin.py:190} INFO - [2024-11-17T09:25:09.319+0000] {dagbag.py:588} INFO - Filling up the DagBag from /home/airflow/.local/lib/python3.12/site-packages/airflow/example_dags/example_xcomargs.py
[2024-11-17T09:25:09.350+0000] {processor.py:925} INFO - DAG(s) 'example_xcom_args_with_operators', 'example_xcom_args' retrieved from /home/airflow/.local/lib/python3.12/site-packages/airflow/example_dags/example_xcomargs.py
[2024-11-17T09:25:09.417+0000] {logging_mixin.py:190} INFO - [2024-11-17T09:25:09.416+0000] {dag.py:3239} INFO - Sync 2 DAGs
[2024-11-17T09:25:09.458+0000] {logging_mixin.py:190} INFO - [2024-11-17T09:25:09.457+0000] {dag.py:4180} INFO - Setting next_dagrun for example_xcom_args to None, run_after=None
[2024-11-17T09:25:09.469+0000] {logging_mixin.py:190} INFO - [2024-11-17T09:25:09.468+0000] {dag.py:4180} INFO - Setting next_dagrun for example_xcom_args_with_operators to None, run_after=None
[2024-11-17T09:25:09.522+0000] {processor.py:208} INFO - Processing /home/airflow/.local/lib/python3.12/site-packages/airflow/example_dags/example_xcomargs.py took 0.229 seconds
[2024-11-17T09:25:39.860+0000] {processor.py:186} INFO - Started process (PID=3585) to work on /home/airflow/.local/lib/python3.12/site-packages/airflow/example_dags/example_xcomargs.py
[2024-11-17T09:25:39.863+0000] {processor.py:914} INFO - Processing file /home/airflow/.local/lib/python3.12/site-packages/airflow/example_dags/example_xcomargs.py for tasks to queue
[2024-11-17T09:25:39.873+0000] {logging_mixin.py:190} INFO - [2024-11-17T09:25:39.872+0000] {dagbag.py:588} INFO - Filling up the DagBag from /home/airflow/.local/lib/python3.12/site-packages/airflow/example_dags/example_xcomargs.py
[2024-11-17T09:25:39.907+0000] {processor.py:925} INFO - DAG(s) 'example_xcom_args', 'example_xcom_args_with_operators' retrieved from /home/airflow/.local/lib/python3.12/site-packages/airflow/example_dags/example_xcomargs.py
[2024-11-17T09:25:39.992+0000] {logging_mixin.py:190} INFO - [2024-11-17T09:25:39.991+0000] {dag.py:3239} INFO - Sync 2 DAGs
[2024-11-17T09:25:40.056+0000] {logging_mixin.py:190} INFO - [2024-11-17T09:25:40.055+0000] {dag.py:4180} INFO - Setting next_dagrun for example_xcom_args to None, run_after=None
[2024-11-17T09:25:40.077+0000] {logging_mixin.py:190} INFO - [2024-11-17T09:25:40.076+0000] {dag.py:4180} INFO - Setting next_dagrun for example_xcom_args_with_operators to None, run_after=None
[2024-11-17T09:25:40.139+0000] {processor.py:208} INFO - Processing /home/airflow/.local/lib/python3.12/site-packages/airflow/example_dags/example_xcomargs.py took 0.297 seconds
[2024-11-17T09:26:10.558+0000] {processor.py:186} INFO - Started process (PID=3651) to work on /home/airflow/.local/lib/python3.12/site-packages/airflow/example_dags/example_xcomargs.py
[2024-11-17T09:26:10.561+0000] {processor.py:914} INFO - Processing file /home/airflow/.local/lib/python3.12/site-packages/airflow/example_dags/example_xcomargs.py for tasks to queue
[2024-11-17T09:26:10.568+0000] {logging_mixin.py:190} INFO - [2024-11-17T09:26:10.567+0000] {dagbag.py:588} INFO - Filling up the DagBag from /home/airflow/.local/lib/python3.12/site-packages/airflow/example_dags/example_xcomargs.py
[2024-11-17T09:26:10.596+0000] {processor.py:925} INFO - DAG(s) 'example_xcom_args_with_operators', 'example_xcom_args' retrieved from /home/airflow/.local/lib/python3.12/site-packages/airflow/example_dags/example_xcomargs.py
[2024-11-17T09:26:10.657+0000] {logging_mixin.py:190} INFO - [2024-11-17T09:26:10.657+0000] {dag.py:3239} INFO - Sync 2 DAGs
[2024-11-17T09:26:10.708+0000] {logging_mixin.py:190} INFO - [2024-11-17T09:26:10.707+0000] {dag.py:4180} INFO - Setting next_dagrun for example_xcom_args to None, run_after=None
[2024-11-17T09:26:10.723+0000] {logging_mixin.py:190} INFO - [2024-11-17T09:26:10.722+0000] {dag.py:4180} INFO - Setting next_dagrun for example_xcom_args_with_operators to None, run_after=None
[2024-11-17T09:26:10.794+0000] {processor.py:208} INFO - Processing /home/airflow/.local/lib/python3.12/site-packages/airflow/example_dags/example_xcomargs.py took 0.253 seconds
[2024-11-17T09:26:41.423+0000] {processor.py:186} INFO - Started process (PID=3717) to work on /home/airflow/.local/lib/python3.12/site-packages/airflow/example_dags/example_xcomargs.py
[2024-11-17T09:26:41.429+0000] {processor.py:914} INFO - Processing file /home/airflow/.local/lib/python3.12/site-packages/airflow/example_dags/example_xcomargs.py for tasks to queue
[2024-11-17T09:26:41.439+0000] {logging_mixin.py:190} INFO - [2024-11-17T09:26:41.438+0000] {dagbag.py:588} INFO - Filling up the DagBag from /home/airflow/.local/lib/python3.12/site-packages/airflow/example_dags/example_xcomargs.py
[2024-11-17T09:26:41.491+0000] {processor.py:925} INFO - DAG(s) 'example_xcom_args', 'example_xcom_args_with_operators' retrieved from /home/airflow/.local/lib/python3.12/site-packages/airflow/example_dags/example_xcomargs.py
[2024-11-17T09:26:41.593+0000] {logging_mixin.py:190} INFO - [2024-11-17T09:26:41.592+0000] {dag.py:3239} INFO - Sync 2 DAGs
[2024-11-17T09:26:41.667+0000] {logging_mixin.py:190} INFO - [2024-11-17T09:26:41.667+0000] {dag.py:4180} INFO - Setting next_dagrun for example_xcom_args to None, run_after=None
[2024-11-17T09:26:41.680+0000] {logging_mixin.py:190} INFO - [2024-11-17T09:26:41.679+0000] {dag.py:4180} INFO - Setting next_dagrun for example_xcom_args_with_operators to None, run_after=None
[2024-11-17T09:26:41.750+0000] {processor.py:208} INFO - Processing /home/airflow/.local/lib/python3.12/site-packages/airflow/example_dags/example_xcomargs.py took 0.368 seconds
[2024-11-17T09:27:12.098+0000] {processor.py:186} INFO - Started process (PID=3782) to work on /home/airflow/.local/lib/python3.12/site-packages/airflow/example_dags/example_xcomargs.py
[2024-11-17T09:27:12.101+0000] {processor.py:914} INFO - Processing file /home/airflow/.local/lib/python3.12/site-packages/airflow/example_dags/example_xcomargs.py for tasks to queue
[2024-11-17T09:27:12.107+0000] {logging_mixin.py:190} INFO - [2024-11-17T09:27:12.106+0000] {dagbag.py:588} INFO - Filling up the DagBag from /home/airflow/.local/lib/python3.12/site-packages/airflow/example_dags/example_xcomargs.py
[2024-11-17T09:27:12.141+0000] {processor.py:925} INFO - DAG(s) 'example_xcom_args', 'example_xcom_args_with_operators' retrieved from /home/airflow/.local/lib/python3.12/site-packages/airflow/example_dags/example_xcomargs.py
[2024-11-17T09:27:12.222+0000] {logging_mixin.py:190} INFO - [2024-11-17T09:27:12.221+0000] {dag.py:3239} INFO - Sync 2 DAGs
[2024-11-17T09:27:12.263+0000] {logging_mixin.py:190} INFO - [2024-11-17T09:27:12.262+0000] {dag.py:4180} INFO - Setting next_dagrun for example_xcom_args to None, run_after=None
[2024-11-17T09:27:12.273+0000] {logging_mixin.py:190} INFO - [2024-11-17T09:27:12.273+0000] {dag.py:4180} INFO - Setting next_dagrun for example_xcom_args_with_operators to None, run_after=None
[2024-11-17T09:27:12.320+0000] {processor.py:208} INFO - Processing /home/airflow/.local/lib/python3.12/site-packages/airflow/example_dags/example_xcomargs.py took 0.241 seconds
[2024-11-17T09:27:43.283+0000] {processor.py:186} INFO - Started process (PID=3848) to work on /home/airflow/.local/lib/python3.12/site-packages/airflow/example_dags/example_xcomargs.py
[2024-11-17T09:27:43.285+0000] {processor.py:914} INFO - Processing file /home/airflow/.local/lib/python3.12/site-packages/airflow/example_dags/example_xcomargs.py for tasks to queue
[2024-11-17T09:27:43.292+0000] {logging_mixin.py:190} INFO - [2024-11-17T09:27:43.291+0000] {dagbag.py:588} INFO - Filling up the DagBag from /home/airflow/.local/lib/python3.12/site-packages/airflow/example_dags/example_xcomargs.py
[2024-11-17T09:27:43.319+0000] {processor.py:925} INFO - DAG(s) 'example_xcom_args', 'example_xcom_args_with_operators' retrieved from /home/airflow/.local/lib/python3.12/site-packages/airflow/example_dags/example_xcomargs.py
[2024-11-17T09:27:43.383+0000] {logging_mixin.py:190} INFO - [2024-11-17T09:27:43.382+0000] {dag.py:3239} INFO - Sync 2 DAGs
[2024-11-17T09:27:43.425+0000] {logging_mixin.py:190} INFO - [2024-11-17T09:27:43.424+0000] {dag.py:4180} INFO - Setting next_dagrun for example_xcom_args to None, run_after=None
[2024-11-17T09:27:43.435+0000] {logging_mixin.py:190} INFO - [2024-11-17T09:27:43.435+0000] {dag.py:4180} INFO - Setting next_dagrun for example_xcom_args_with_operators to None, run_after=None
[2024-11-17T09:27:43.484+0000] {processor.py:208} INFO - Processing /home/airflow/.local/lib/python3.12/site-packages/airflow/example_dags/example_xcomargs.py took 0.220 seconds
