[2024-11-17T08:57:46.652+0000] {processor.py:186} INFO - Started process (PID=79) to work on /home/airflow/.local/lib/python3.12/site-packages/airflow/example_dags/example_branch_python_dop_operator_3.py
[2024-11-17T08:57:46.656+0000] {processor.py:914} INFO - Processing file /home/airflow/.local/lib/python3.12/site-packages/airflow/example_dags/example_branch_python_dop_operator_3.py for tasks to queue
[2024-11-17T08:57:46.667+0000] {logging_mixin.py:190} INFO - [2024-11-17T08:57:46.666+0000] {dagbag.py:588} INFO - Filling up the DagBag from /home/airflow/.local/lib/python3.12/site-packages/airflow/example_dags/example_branch_python_dop_operator_3.py
[2024-11-17T08:57:46.721+0000] {processor.py:925} INFO - DAG(s) 'example_branch_dop_operator_v3' retrieved from /home/airflow/.local/lib/python3.12/site-packages/airflow/example_dags/example_branch_python_dop_operator_3.py
[2024-11-17T08:57:47.183+0000] {logging_mixin.py:190} INFO - [2024-11-17T08:57:47.181+0000] {override.py:1911} INFO - Created Permission View: can delete on DAG:example_branch_dop_operator_v3
[2024-11-17T08:57:47.214+0000] {logging_mixin.py:190} INFO - [2024-11-17T08:57:47.212+0000] {override.py:1911} INFO - Created Permission View: can edit on DAG:example_branch_dop_operator_v3
[2024-11-17T08:57:47.238+0000] {logging_mixin.py:190} INFO - [2024-11-17T08:57:47.237+0000] {override.py:1911} INFO - Created Permission View: can read on DAG:example_branch_dop_operator_v3
[2024-11-17T08:57:47.266+0000] {logging_mixin.py:190} INFO - [2024-11-17T08:57:47.265+0000] {override.py:1911} INFO - Created Permission View: can delete on DAG Run:example_branch_dop_operator_v3
[2024-11-17T08:57:47.290+0000] {logging_mixin.py:190} INFO - [2024-11-17T08:57:47.289+0000] {override.py:1911} INFO - Created Permission View: menu access on DAG Run:example_branch_dop_operator_v3
[2024-11-17T08:57:47.316+0000] {logging_mixin.py:190} INFO - [2024-11-17T08:57:47.315+0000] {override.py:1911} INFO - Created Permission View: can create on DAG Run:example_branch_dop_operator_v3
[2024-11-17T08:57:47.338+0000] {logging_mixin.py:190} INFO - [2024-11-17T08:57:47.337+0000] {override.py:1911} INFO - Created Permission View: can read on DAG Run:example_branch_dop_operator_v3
[2024-11-17T08:57:47.340+0000] {logging_mixin.py:190} INFO - [2024-11-17T08:57:47.339+0000] {dag.py:3239} INFO - Sync 1 DAGs
[2024-11-17T08:57:47.383+0000] {logging_mixin.py:190} INFO - [2024-11-17T08:57:47.383+0000] {dag.py:3262} INFO - Creating ORM DAG for example_branch_dop_operator_v3
[2024-11-17T08:57:47.428+0000] {logging_mixin.py:190} INFO - [2024-11-17T08:57:47.428+0000] {dag.py:4180} INFO - Setting next_dagrun for example_branch_dop_operator_v3 to 2024-11-17 08:56:00+00:00, run_after=2024-11-17 08:57:00+00:00
[2024-11-17T08:57:47.477+0000] {processor.py:208} INFO - Processing /home/airflow/.local/lib/python3.12/site-packages/airflow/example_dags/example_branch_python_dop_operator_3.py took 0.858 seconds
[2024-11-17T08:58:19.042+0000] {processor.py:186} INFO - Started process (PID=146) to work on /home/airflow/.local/lib/python3.12/site-packages/airflow/example_dags/example_branch_python_dop_operator_3.py
[2024-11-17T08:58:19.045+0000] {processor.py:914} INFO - Processing file /home/airflow/.local/lib/python3.12/site-packages/airflow/example_dags/example_branch_python_dop_operator_3.py for tasks to queue
[2024-11-17T08:58:19.052+0000] {logging_mixin.py:190} INFO - [2024-11-17T08:58:19.051+0000] {dagbag.py:588} INFO - Filling up the DagBag from /home/airflow/.local/lib/python3.12/site-packages/airflow/example_dags/example_branch_python_dop_operator_3.py
[2024-11-17T08:58:19.091+0000] {processor.py:925} INFO - DAG(s) 'example_branch_dop_operator_v3' retrieved from /home/airflow/.local/lib/python3.12/site-packages/airflow/example_dags/example_branch_python_dop_operator_3.py
[2024-11-17T08:58:19.146+0000] {logging_mixin.py:190} INFO - [2024-11-17T08:58:19.145+0000] {dag.py:3239} INFO - Sync 1 DAGs
[2024-11-17T08:58:19.227+0000] {logging_mixin.py:190} INFO - [2024-11-17T08:58:19.227+0000] {dag.py:4180} INFO - Setting next_dagrun for example_branch_dop_operator_v3 to 2024-11-17 08:57:00+00:00, run_after=2024-11-17 08:58:00+00:00
[2024-11-17T08:58:19.292+0000] {processor.py:208} INFO - Processing /home/airflow/.local/lib/python3.12/site-packages/airflow/example_dags/example_branch_python_dop_operator_3.py took 0.274 seconds
[2024-11-17T08:58:52.953+0000] {processor.py:186} INFO - Started process (PID=204) to work on /home/airflow/.local/lib/python3.12/site-packages/airflow/example_dags/example_branch_python_dop_operator_3.py
[2024-11-17T08:58:52.956+0000] {processor.py:914} INFO - Processing file /home/airflow/.local/lib/python3.12/site-packages/airflow/example_dags/example_branch_python_dop_operator_3.py for tasks to queue
[2024-11-17T08:58:52.966+0000] {logging_mixin.py:190} INFO - [2024-11-17T08:58:52.965+0000] {dagbag.py:588} INFO - Filling up the DagBag from /home/airflow/.local/lib/python3.12/site-packages/airflow/example_dags/example_branch_python_dop_operator_3.py
[2024-11-17T08:58:53.000+0000] {processor.py:925} INFO - DAG(s) 'example_branch_dop_operator_v3' retrieved from /home/airflow/.local/lib/python3.12/site-packages/airflow/example_dags/example_branch_python_dop_operator_3.py
[2024-11-17T08:58:53.051+0000] {logging_mixin.py:190} INFO - [2024-11-17T08:58:53.050+0000] {dag.py:3239} INFO - Sync 1 DAGs
[2024-11-17T08:58:53.132+0000] {logging_mixin.py:190} INFO - [2024-11-17T08:58:53.131+0000] {dag.py:4180} INFO - Setting next_dagrun for example_branch_dop_operator_v3 to 2024-11-17 08:57:00+00:00, run_after=2024-11-17 08:58:00+00:00
[2024-11-17T08:58:53.181+0000] {processor.py:208} INFO - Processing /home/airflow/.local/lib/python3.12/site-packages/airflow/example_dags/example_branch_python_dop_operator_3.py took 0.245 seconds
[2024-11-17T08:59:29.902+0000] {processor.py:186} INFO - Started process (PID=267) to work on /home/airflow/.local/lib/python3.12/site-packages/airflow/example_dags/example_branch_python_dop_operator_3.py
[2024-11-17T08:59:29.905+0000] {processor.py:914} INFO - Processing file /home/airflow/.local/lib/python3.12/site-packages/airflow/example_dags/example_branch_python_dop_operator_3.py for tasks to queue
[2024-11-17T08:59:29.911+0000] {logging_mixin.py:190} INFO - [2024-11-17T08:59:29.911+0000] {dagbag.py:588} INFO - Filling up the DagBag from /home/airflow/.local/lib/python3.12/site-packages/airflow/example_dags/example_branch_python_dop_operator_3.py
[2024-11-17T08:59:29.945+0000] {processor.py:925} INFO - DAG(s) 'example_branch_dop_operator_v3' retrieved from /home/airflow/.local/lib/python3.12/site-packages/airflow/example_dags/example_branch_python_dop_operator_3.py
[2024-11-17T08:59:29.998+0000] {logging_mixin.py:190} INFO - [2024-11-17T08:59:29.997+0000] {dag.py:3239} INFO - Sync 1 DAGs
[2024-11-17T08:59:30.071+0000] {logging_mixin.py:190} INFO - [2024-11-17T08:59:30.070+0000] {dag.py:4180} INFO - Setting next_dagrun for example_branch_dop_operator_v3 to 2024-11-17 08:58:00+00:00, run_after=2024-11-17 08:59:00+00:00
[2024-11-17T08:59:30.123+0000] {processor.py:208} INFO - Processing /home/airflow/.local/lib/python3.12/site-packages/airflow/example_dags/example_branch_python_dop_operator_3.py took 0.241 seconds
[2024-11-17T09:00:01.001+0000] {processor.py:186} INFO - Started process (PID=333) to work on /home/airflow/.local/lib/python3.12/site-packages/airflow/example_dags/example_branch_python_dop_operator_3.py
[2024-11-17T09:00:01.004+0000] {processor.py:914} INFO - Processing file /home/airflow/.local/lib/python3.12/site-packages/airflow/example_dags/example_branch_python_dop_operator_3.py for tasks to queue
[2024-11-17T09:00:01.013+0000] {logging_mixin.py:190} INFO - [2024-11-17T09:00:01.012+0000] {dagbag.py:588} INFO - Filling up the DagBag from /home/airflow/.local/lib/python3.12/site-packages/airflow/example_dags/example_branch_python_dop_operator_3.py
[2024-11-17T09:00:01.053+0000] {processor.py:925} INFO - DAG(s) 'example_branch_dop_operator_v3' retrieved from /home/airflow/.local/lib/python3.12/site-packages/airflow/example_dags/example_branch_python_dop_operator_3.py
[2024-11-17T09:00:01.116+0000] {logging_mixin.py:190} INFO - [2024-11-17T09:00:01.115+0000] {dag.py:3239} INFO - Sync 1 DAGs
[2024-11-17T09:00:01.195+0000] {logging_mixin.py:190} INFO - [2024-11-17T09:00:01.195+0000] {dag.py:4180} INFO - Setting next_dagrun for example_branch_dop_operator_v3 to 2024-11-17 08:59:00+00:00, run_after=2024-11-17 09:00:00+00:00
[2024-11-17T09:00:01.245+0000] {processor.py:208} INFO - Processing /home/airflow/.local/lib/python3.12/site-packages/airflow/example_dags/example_branch_python_dop_operator_3.py took 0.267 seconds
[2024-11-17T09:00:32.922+0000] {processor.py:186} INFO - Started process (PID=400) to work on /home/airflow/.local/lib/python3.12/site-packages/airflow/example_dags/example_branch_python_dop_operator_3.py
[2024-11-17T09:00:32.925+0000] {processor.py:914} INFO - Processing file /home/airflow/.local/lib/python3.12/site-packages/airflow/example_dags/example_branch_python_dop_operator_3.py for tasks to queue
[2024-11-17T09:00:32.933+0000] {logging_mixin.py:190} INFO - [2024-11-17T09:00:32.932+0000] {dagbag.py:588} INFO - Filling up the DagBag from /home/airflow/.local/lib/python3.12/site-packages/airflow/example_dags/example_branch_python_dop_operator_3.py
[2024-11-17T09:00:32.972+0000] {processor.py:925} INFO - DAG(s) 'example_branch_dop_operator_v3' retrieved from /home/airflow/.local/lib/python3.12/site-packages/airflow/example_dags/example_branch_python_dop_operator_3.py
[2024-11-17T09:00:33.040+0000] {logging_mixin.py:190} INFO - [2024-11-17T09:00:33.039+0000] {dag.py:3239} INFO - Sync 1 DAGs
[2024-11-17T09:00:33.154+0000] {logging_mixin.py:190} INFO - [2024-11-17T09:00:33.153+0000] {dag.py:4180} INFO - Setting next_dagrun for example_branch_dop_operator_v3 to 2024-11-17 08:59:00+00:00, run_after=2024-11-17 09:00:00+00:00
[2024-11-17T09:00:33.238+0000] {processor.py:208} INFO - Processing /home/airflow/.local/lib/python3.12/site-packages/airflow/example_dags/example_branch_python_dop_operator_3.py took 0.334 seconds
[2024-11-17T09:01:05.521+0000] {processor.py:186} INFO - Started process (PID=466) to work on /home/airflow/.local/lib/python3.12/site-packages/airflow/example_dags/example_branch_python_dop_operator_3.py
[2024-11-17T09:01:05.523+0000] {processor.py:914} INFO - Processing file /home/airflow/.local/lib/python3.12/site-packages/airflow/example_dags/example_branch_python_dop_operator_3.py for tasks to queue
[2024-11-17T09:01:05.530+0000] {logging_mixin.py:190} INFO - [2024-11-17T09:01:05.529+0000] {dagbag.py:588} INFO - Filling up the DagBag from /home/airflow/.local/lib/python3.12/site-packages/airflow/example_dags/example_branch_python_dop_operator_3.py
[2024-11-17T09:01:05.562+0000] {processor.py:925} INFO - DAG(s) 'example_branch_dop_operator_v3' retrieved from /home/airflow/.local/lib/python3.12/site-packages/airflow/example_dags/example_branch_python_dop_operator_3.py
[2024-11-17T09:01:05.617+0000] {logging_mixin.py:190} INFO - [2024-11-17T09:01:05.617+0000] {dag.py:3239} INFO - Sync 1 DAGs
[2024-11-17T09:01:05.702+0000] {logging_mixin.py:190} INFO - [2024-11-17T09:01:05.701+0000] {dag.py:4180} INFO - Setting next_dagrun for example_branch_dop_operator_v3 to 2024-11-17 09:00:00+00:00, run_after=2024-11-17 09:01:00+00:00
[2024-11-17T09:01:05.756+0000] {processor.py:208} INFO - Processing /home/airflow/.local/lib/python3.12/site-packages/airflow/example_dags/example_branch_python_dop_operator_3.py took 0.256 seconds
[2024-11-17T09:01:38.071+0000] {processor.py:186} INFO - Started process (PID=538) to work on /home/airflow/.local/lib/python3.12/site-packages/airflow/example_dags/example_branch_python_dop_operator_3.py
[2024-11-17T09:01:38.073+0000] {processor.py:914} INFO - Processing file /home/airflow/.local/lib/python3.12/site-packages/airflow/example_dags/example_branch_python_dop_operator_3.py for tasks to queue
[2024-11-17T09:01:38.079+0000] {logging_mixin.py:190} INFO - [2024-11-17T09:01:38.078+0000] {dagbag.py:588} INFO - Filling up the DagBag from /home/airflow/.local/lib/python3.12/site-packages/airflow/example_dags/example_branch_python_dop_operator_3.py
[2024-11-17T09:01:38.108+0000] {processor.py:925} INFO - DAG(s) 'example_branch_dop_operator_v3' retrieved from /home/airflow/.local/lib/python3.12/site-packages/airflow/example_dags/example_branch_python_dop_operator_3.py
[2024-11-17T09:01:38.160+0000] {logging_mixin.py:190} INFO - [2024-11-17T09:01:38.159+0000] {dag.py:3239} INFO - Sync 1 DAGs
[2024-11-17T09:01:38.241+0000] {logging_mixin.py:190} INFO - [2024-11-17T09:01:38.239+0000] {dag.py:4180} INFO - Setting next_dagrun for example_branch_dop_operator_v3 to 2024-11-17 09:00:00+00:00, run_after=2024-11-17 09:01:00+00:00
[2024-11-17T09:01:38.294+0000] {processor.py:208} INFO - Processing /home/airflow/.local/lib/python3.12/site-packages/airflow/example_dags/example_branch_python_dop_operator_3.py took 0.240 seconds
[2024-11-17T09:02:09.765+0000] {processor.py:186} INFO - Started process (PID=600) to work on /home/airflow/.local/lib/python3.12/site-packages/airflow/example_dags/example_branch_python_dop_operator_3.py
[2024-11-17T09:02:09.768+0000] {processor.py:914} INFO - Processing file /home/airflow/.local/lib/python3.12/site-packages/airflow/example_dags/example_branch_python_dop_operator_3.py for tasks to queue
[2024-11-17T09:02:09.776+0000] {logging_mixin.py:190} INFO - [2024-11-17T09:02:09.775+0000] {dagbag.py:588} INFO - Filling up the DagBag from /home/airflow/.local/lib/python3.12/site-packages/airflow/example_dags/example_branch_python_dop_operator_3.py
[2024-11-17T09:02:09.805+0000] {processor.py:925} INFO - DAG(s) 'example_branch_dop_operator_v3' retrieved from /home/airflow/.local/lib/python3.12/site-packages/airflow/example_dags/example_branch_python_dop_operator_3.py
[2024-11-17T09:02:09.856+0000] {logging_mixin.py:190} INFO - [2024-11-17T09:02:09.855+0000] {dag.py:3239} INFO - Sync 1 DAGs
[2024-11-17T09:02:09.940+0000] {logging_mixin.py:190} INFO - [2024-11-17T09:02:09.940+0000] {dag.py:4180} INFO - Setting next_dagrun for example_branch_dop_operator_v3 to 2024-11-17 09:01:00+00:00, run_after=2024-11-17 09:02:00+00:00
[2024-11-17T09:02:09.999+0000] {processor.py:208} INFO - Processing /home/airflow/.local/lib/python3.12/site-packages/airflow/example_dags/example_branch_python_dop_operator_3.py took 0.250 seconds
[2024-11-17T09:02:42.593+0000] {processor.py:186} INFO - Started process (PID=662) to work on /home/airflow/.local/lib/python3.12/site-packages/airflow/example_dags/example_branch_python_dop_operator_3.py
[2024-11-17T09:02:42.596+0000] {processor.py:914} INFO - Processing file /home/airflow/.local/lib/python3.12/site-packages/airflow/example_dags/example_branch_python_dop_operator_3.py for tasks to queue
[2024-11-17T09:02:42.602+0000] {logging_mixin.py:190} INFO - [2024-11-17T09:02:42.602+0000] {dagbag.py:588} INFO - Filling up the DagBag from /home/airflow/.local/lib/python3.12/site-packages/airflow/example_dags/example_branch_python_dop_operator_3.py
[2024-11-17T09:02:42.639+0000] {processor.py:925} INFO - DAG(s) 'example_branch_dop_operator_v3' retrieved from /home/airflow/.local/lib/python3.12/site-packages/airflow/example_dags/example_branch_python_dop_operator_3.py
[2024-11-17T09:02:42.703+0000] {logging_mixin.py:190} INFO - [2024-11-17T09:02:42.703+0000] {dag.py:3239} INFO - Sync 1 DAGs
[2024-11-17T09:02:42.845+0000] {logging_mixin.py:190} INFO - [2024-11-17T09:02:42.844+0000] {dag.py:4180} INFO - Setting next_dagrun for example_branch_dop_operator_v3 to 2024-11-17 09:01:00+00:00, run_after=2024-11-17 09:02:00+00:00
[2024-11-17T09:02:42.956+0000] {processor.py:208} INFO - Processing /home/airflow/.local/lib/python3.12/site-packages/airflow/example_dags/example_branch_python_dop_operator_3.py took 0.380 seconds
[2024-11-17T09:03:14.454+0000] {processor.py:186} INFO - Started process (PID=728) to work on /home/airflow/.local/lib/python3.12/site-packages/airflow/example_dags/example_branch_python_dop_operator_3.py
[2024-11-17T09:03:14.457+0000] {processor.py:914} INFO - Processing file /home/airflow/.local/lib/python3.12/site-packages/airflow/example_dags/example_branch_python_dop_operator_3.py for tasks to queue
[2024-11-17T09:03:14.464+0000] {logging_mixin.py:190} INFO - [2024-11-17T09:03:14.463+0000] {dagbag.py:588} INFO - Filling up the DagBag from /home/airflow/.local/lib/python3.12/site-packages/airflow/example_dags/example_branch_python_dop_operator_3.py
[2024-11-17T09:03:14.502+0000] {processor.py:925} INFO - DAG(s) 'example_branch_dop_operator_v3' retrieved from /home/airflow/.local/lib/python3.12/site-packages/airflow/example_dags/example_branch_python_dop_operator_3.py
[2024-11-17T09:03:14.564+0000] {logging_mixin.py:190} INFO - [2024-11-17T09:03:14.563+0000] {dag.py:3239} INFO - Sync 1 DAGs
[2024-11-17T09:03:14.671+0000] {logging_mixin.py:190} INFO - [2024-11-17T09:03:14.670+0000] {dag.py:4180} INFO - Setting next_dagrun for example_branch_dop_operator_v3 to 2024-11-17 09:02:00+00:00, run_after=2024-11-17 09:03:00+00:00
[2024-11-17T09:03:14.736+0000] {processor.py:208} INFO - Processing /home/airflow/.local/lib/python3.12/site-packages/airflow/example_dags/example_branch_python_dop_operator_3.py took 0.300 seconds
[2024-11-17T09:03:45.605+0000] {processor.py:186} INFO - Started process (PID=789) to work on /home/airflow/.local/lib/python3.12/site-packages/airflow/example_dags/example_branch_python_dop_operator_3.py
[2024-11-17T09:03:45.608+0000] {processor.py:914} INFO - Processing file /home/airflow/.local/lib/python3.12/site-packages/airflow/example_dags/example_branch_python_dop_operator_3.py for tasks to queue
[2024-11-17T09:03:45.615+0000] {logging_mixin.py:190} INFO - [2024-11-17T09:03:45.614+0000] {dagbag.py:588} INFO - Filling up the DagBag from /home/airflow/.local/lib/python3.12/site-packages/airflow/example_dags/example_branch_python_dop_operator_3.py
[2024-11-17T09:03:45.644+0000] {processor.py:925} INFO - DAG(s) 'example_branch_dop_operator_v3' retrieved from /home/airflow/.local/lib/python3.12/site-packages/airflow/example_dags/example_branch_python_dop_operator_3.py
[2024-11-17T09:03:45.696+0000] {logging_mixin.py:190} INFO - [2024-11-17T09:03:45.695+0000] {dag.py:3239} INFO - Sync 1 DAGs
[2024-11-17T09:03:45.766+0000] {logging_mixin.py:190} INFO - [2024-11-17T09:03:45.765+0000] {dag.py:4180} INFO - Setting next_dagrun for example_branch_dop_operator_v3 to 2024-11-17 09:02:00+00:00, run_after=2024-11-17 09:03:00+00:00
[2024-11-17T09:03:45.818+0000] {processor.py:208} INFO - Processing /home/airflow/.local/lib/python3.12/site-packages/airflow/example_dags/example_branch_python_dop_operator_3.py took 0.229 seconds
[2024-11-17T09:04:17.431+0000] {processor.py:186} INFO - Started process (PID=855) to work on /home/airflow/.local/lib/python3.12/site-packages/airflow/example_dags/example_branch_python_dop_operator_3.py
[2024-11-17T09:04:17.434+0000] {processor.py:914} INFO - Processing file /home/airflow/.local/lib/python3.12/site-packages/airflow/example_dags/example_branch_python_dop_operator_3.py for tasks to queue
[2024-11-17T09:04:17.442+0000] {logging_mixin.py:190} INFO - [2024-11-17T09:04:17.441+0000] {dagbag.py:588} INFO - Filling up the DagBag from /home/airflow/.local/lib/python3.12/site-packages/airflow/example_dags/example_branch_python_dop_operator_3.py
[2024-11-17T09:04:17.474+0000] {processor.py:925} INFO - DAG(s) 'example_branch_dop_operator_v3' retrieved from /home/airflow/.local/lib/python3.12/site-packages/airflow/example_dags/example_branch_python_dop_operator_3.py
[2024-11-17T09:04:17.535+0000] {logging_mixin.py:190} INFO - [2024-11-17T09:04:17.535+0000] {dag.py:3239} INFO - Sync 1 DAGs
[2024-11-17T09:04:17.627+0000] {logging_mixin.py:190} INFO - [2024-11-17T09:04:17.626+0000] {dag.py:4180} INFO - Setting next_dagrun for example_branch_dop_operator_v3 to 2024-11-17 09:03:00+00:00, run_after=2024-11-17 09:04:00+00:00
[2024-11-17T09:04:17.679+0000] {processor.py:208} INFO - Processing /home/airflow/.local/lib/python3.12/site-packages/airflow/example_dags/example_branch_python_dop_operator_3.py took 0.265 seconds
[2024-11-17T09:04:48.265+0000] {processor.py:186} INFO - Started process (PID=920) to work on /home/airflow/.local/lib/python3.12/site-packages/airflow/example_dags/example_branch_python_dop_operator_3.py
[2024-11-17T09:04:48.269+0000] {processor.py:914} INFO - Processing file /home/airflow/.local/lib/python3.12/site-packages/airflow/example_dags/example_branch_python_dop_operator_3.py for tasks to queue
[2024-11-17T09:04:48.277+0000] {logging_mixin.py:190} INFO - [2024-11-17T09:04:48.276+0000] {dagbag.py:588} INFO - Filling up the DagBag from /home/airflow/.local/lib/python3.12/site-packages/airflow/example_dags/example_branch_python_dop_operator_3.py
[2024-11-17T09:04:48.312+0000] {processor.py:925} INFO - DAG(s) 'example_branch_dop_operator_v3' retrieved from /home/airflow/.local/lib/python3.12/site-packages/airflow/example_dags/example_branch_python_dop_operator_3.py
[2024-11-17T09:04:48.371+0000] {logging_mixin.py:190} INFO - [2024-11-17T09:04:48.371+0000] {dag.py:3239} INFO - Sync 1 DAGs
[2024-11-17T09:04:48.461+0000] {logging_mixin.py:190} INFO - [2024-11-17T09:04:48.460+0000] {dag.py:4180} INFO - Setting next_dagrun for example_branch_dop_operator_v3 to 2024-11-17 09:03:00+00:00, run_after=2024-11-17 09:04:00+00:00
[2024-11-17T09:04:48.513+0000] {processor.py:208} INFO - Processing /home/airflow/.local/lib/python3.12/site-packages/airflow/example_dags/example_branch_python_dop_operator_3.py took 0.267 seconds
[2024-11-17T09:05:19.631+0000] {processor.py:186} INFO - Started process (PID=986) to work on /home/airflow/.local/lib/python3.12/site-packages/airflow/example_dags/example_branch_python_dop_operator_3.py
[2024-11-17T09:05:19.634+0000] {processor.py:914} INFO - Processing file /home/airflow/.local/lib/python3.12/site-packages/airflow/example_dags/example_branch_python_dop_operator_3.py for tasks to queue
[2024-11-17T09:05:19.643+0000] {logging_mixin.py:190} INFO - [2024-11-17T09:05:19.642+0000] {dagbag.py:588} INFO - Filling up the DagBag from /home/airflow/.local/lib/python3.12/site-packages/airflow/example_dags/example_branch_python_dop_operator_3.py
[2024-11-17T09:05:19.677+0000] {processor.py:925} INFO - DAG(s) 'example_branch_dop_operator_v3' retrieved from /home/airflow/.local/lib/python3.12/site-packages/airflow/example_dags/example_branch_python_dop_operator_3.py
[2024-11-17T09:05:19.734+0000] {logging_mixin.py:190} INFO - [2024-11-17T09:05:19.733+0000] {dag.py:3239} INFO - Sync 1 DAGs
[2024-11-17T09:05:19.830+0000] {logging_mixin.py:190} INFO - [2024-11-17T09:05:19.829+0000] {dag.py:4180} INFO - Setting next_dagrun for example_branch_dop_operator_v3 to 2024-11-17 09:04:00+00:00, run_after=2024-11-17 09:05:00+00:00
[2024-11-17T09:05:19.894+0000] {processor.py:208} INFO - Processing /home/airflow/.local/lib/python3.12/site-packages/airflow/example_dags/example_branch_python_dop_operator_3.py took 0.285 seconds
[2024-11-17T09:05:50.164+0000] {processor.py:186} INFO - Started process (PID=1051) to work on /home/airflow/.local/lib/python3.12/site-packages/airflow/example_dags/example_branch_python_dop_operator_3.py
[2024-11-17T09:05:50.166+0000] {processor.py:914} INFO - Processing file /home/airflow/.local/lib/python3.12/site-packages/airflow/example_dags/example_branch_python_dop_operator_3.py for tasks to queue
[2024-11-17T09:05:50.173+0000] {logging_mixin.py:190} INFO - [2024-11-17T09:05:50.172+0000] {dagbag.py:588} INFO - Filling up the DagBag from /home/airflow/.local/lib/python3.12/site-packages/airflow/example_dags/example_branch_python_dop_operator_3.py
[2024-11-17T09:05:50.202+0000] {processor.py:925} INFO - DAG(s) 'example_branch_dop_operator_v3' retrieved from /home/airflow/.local/lib/python3.12/site-packages/airflow/example_dags/example_branch_python_dop_operator_3.py
[2024-11-17T09:05:50.254+0000] {logging_mixin.py:190} INFO - [2024-11-17T09:05:50.254+0000] {dag.py:3239} INFO - Sync 1 DAGs
[2024-11-17T09:05:50.333+0000] {logging_mixin.py:190} INFO - [2024-11-17T09:05:50.332+0000] {dag.py:4180} INFO - Setting next_dagrun for example_branch_dop_operator_v3 to 2024-11-17 09:04:00+00:00, run_after=2024-11-17 09:05:00+00:00
[2024-11-17T09:05:50.385+0000] {processor.py:208} INFO - Processing /home/airflow/.local/lib/python3.12/site-packages/airflow/example_dags/example_branch_python_dop_operator_3.py took 0.238 seconds
[2024-11-17T09:06:20.759+0000] {processor.py:186} INFO - Started process (PID=1117) to work on /home/airflow/.local/lib/python3.12/site-packages/airflow/example_dags/example_branch_python_dop_operator_3.py
[2024-11-17T09:06:20.762+0000] {processor.py:914} INFO - Processing file /home/airflow/.local/lib/python3.12/site-packages/airflow/example_dags/example_branch_python_dop_operator_3.py for tasks to queue
[2024-11-17T09:06:20.768+0000] {logging_mixin.py:190} INFO - [2024-11-17T09:06:20.767+0000] {dagbag.py:588} INFO - Filling up the DagBag from /home/airflow/.local/lib/python3.12/site-packages/airflow/example_dags/example_branch_python_dop_operator_3.py
[2024-11-17T09:06:20.802+0000] {processor.py:925} INFO - DAG(s) 'example_branch_dop_operator_v3' retrieved from /home/airflow/.local/lib/python3.12/site-packages/airflow/example_dags/example_branch_python_dop_operator_3.py
[2024-11-17T09:06:20.856+0000] {logging_mixin.py:190} INFO - [2024-11-17T09:06:20.856+0000] {dag.py:3239} INFO - Sync 1 DAGs
[2024-11-17T09:06:20.927+0000] {logging_mixin.py:190} INFO - [2024-11-17T09:06:20.926+0000] {dag.py:4180} INFO - Setting next_dagrun for example_branch_dop_operator_v3 to 2024-11-17 09:05:00+00:00, run_after=2024-11-17 09:06:00+00:00
[2024-11-17T09:06:20.982+0000] {processor.py:208} INFO - Processing /home/airflow/.local/lib/python3.12/site-packages/airflow/example_dags/example_branch_python_dop_operator_3.py took 0.242 seconds
[2024-11-17T09:06:51.194+0000] {processor.py:186} INFO - Started process (PID=1183) to work on /home/airflow/.local/lib/python3.12/site-packages/airflow/example_dags/example_branch_python_dop_operator_3.py
[2024-11-17T09:06:51.197+0000] {processor.py:914} INFO - Processing file /home/airflow/.local/lib/python3.12/site-packages/airflow/example_dags/example_branch_python_dop_operator_3.py for tasks to queue
[2024-11-17T09:06:51.210+0000] {logging_mixin.py:190} INFO - [2024-11-17T09:06:51.209+0000] {dagbag.py:588} INFO - Filling up the DagBag from /home/airflow/.local/lib/python3.12/site-packages/airflow/example_dags/example_branch_python_dop_operator_3.py
[2024-11-17T09:06:51.244+0000] {processor.py:925} INFO - DAG(s) 'example_branch_dop_operator_v3' retrieved from /home/airflow/.local/lib/python3.12/site-packages/airflow/example_dags/example_branch_python_dop_operator_3.py
[2024-11-17T09:06:51.304+0000] {logging_mixin.py:190} INFO - [2024-11-17T09:06:51.303+0000] {dag.py:3239} INFO - Sync 1 DAGs
[2024-11-17T09:06:51.389+0000] {logging_mixin.py:190} INFO - [2024-11-17T09:06:51.388+0000] {dag.py:4180} INFO - Setting next_dagrun for example_branch_dop_operator_v3 to 2024-11-17 09:05:00+00:00, run_after=2024-11-17 09:06:00+00:00
[2024-11-17T09:06:51.447+0000] {processor.py:208} INFO - Processing /home/airflow/.local/lib/python3.12/site-packages/airflow/example_dags/example_branch_python_dop_operator_3.py took 0.271 seconds
[2024-11-17T09:07:21.869+0000] {processor.py:186} INFO - Started process (PID=1250) to work on /home/airflow/.local/lib/python3.12/site-packages/airflow/example_dags/example_branch_python_dop_operator_3.py
[2024-11-17T09:07:21.872+0000] {processor.py:914} INFO - Processing file /home/airflow/.local/lib/python3.12/site-packages/airflow/example_dags/example_branch_python_dop_operator_3.py for tasks to queue
[2024-11-17T09:07:21.879+0000] {logging_mixin.py:190} INFO - [2024-11-17T09:07:21.878+0000] {dagbag.py:588} INFO - Filling up the DagBag from /home/airflow/.local/lib/python3.12/site-packages/airflow/example_dags/example_branch_python_dop_operator_3.py
[2024-11-17T09:07:21.910+0000] {processor.py:925} INFO - DAG(s) 'example_branch_dop_operator_v3' retrieved from /home/airflow/.local/lib/python3.12/site-packages/airflow/example_dags/example_branch_python_dop_operator_3.py
[2024-11-17T09:07:21.966+0000] {logging_mixin.py:190} INFO - [2024-11-17T09:07:21.965+0000] {dag.py:3239} INFO - Sync 1 DAGs
[2024-11-17T09:07:22.056+0000] {logging_mixin.py:190} INFO - [2024-11-17T09:07:22.055+0000] {dag.py:4180} INFO - Setting next_dagrun for example_branch_dop_operator_v3 to 2024-11-17 09:06:00+00:00, run_after=2024-11-17 09:07:00+00:00
[2024-11-17T09:07:22.128+0000] {processor.py:208} INFO - Processing /home/airflow/.local/lib/python3.12/site-packages/airflow/example_dags/example_branch_python_dop_operator_3.py took 0.275 seconds
[2024-11-17T09:07:52.875+0000] {processor.py:186} INFO - Started process (PID=1316) to work on /home/airflow/.local/lib/python3.12/site-packages/airflow/example_dags/example_branch_python_dop_operator_3.py
[2024-11-17T09:07:52.879+0000] {processor.py:914} INFO - Processing file /home/airflow/.local/lib/python3.12/site-packages/airflow/example_dags/example_branch_python_dop_operator_3.py for tasks to queue
[2024-11-17T09:07:52.892+0000] {logging_mixin.py:190} INFO - [2024-11-17T09:07:52.890+0000] {dagbag.py:588} INFO - Filling up the DagBag from /home/airflow/.local/lib/python3.12/site-packages/airflow/example_dags/example_branch_python_dop_operator_3.py
[2024-11-17T09:07:52.944+0000] {processor.py:925} INFO - DAG(s) 'example_branch_dop_operator_v3' retrieved from /home/airflow/.local/lib/python3.12/site-packages/airflow/example_dags/example_branch_python_dop_operator_3.py
[2024-11-17T09:07:53.017+0000] {logging_mixin.py:190} INFO - [2024-11-17T09:07:53.017+0000] {dag.py:3239} INFO - Sync 1 DAGs
[2024-11-17T09:07:53.126+0000] {logging_mixin.py:190} INFO - [2024-11-17T09:07:53.126+0000] {dag.py:4180} INFO - Setting next_dagrun for example_branch_dop_operator_v3 to 2024-11-17 09:06:00+00:00, run_after=2024-11-17 09:07:00+00:00
[2024-11-17T09:07:53.197+0000] {processor.py:208} INFO - Processing /home/airflow/.local/lib/python3.12/site-packages/airflow/example_dags/example_branch_python_dop_operator_3.py took 0.347 seconds
[2024-11-17T09:08:23.592+0000] {processor.py:186} INFO - Started process (PID=1382) to work on /home/airflow/.local/lib/python3.12/site-packages/airflow/example_dags/example_branch_python_dop_operator_3.py
[2024-11-17T09:08:23.596+0000] {processor.py:914} INFO - Processing file /home/airflow/.local/lib/python3.12/site-packages/airflow/example_dags/example_branch_python_dop_operator_3.py for tasks to queue
[2024-11-17T09:08:23.604+0000] {logging_mixin.py:190} INFO - [2024-11-17T09:08:23.603+0000] {dagbag.py:588} INFO - Filling up the DagBag from /home/airflow/.local/lib/python3.12/site-packages/airflow/example_dags/example_branch_python_dop_operator_3.py
[2024-11-17T09:08:23.636+0000] {processor.py:925} INFO - DAG(s) 'example_branch_dop_operator_v3' retrieved from /home/airflow/.local/lib/python3.12/site-packages/airflow/example_dags/example_branch_python_dop_operator_3.py
[2024-11-17T09:08:23.688+0000] {logging_mixin.py:190} INFO - [2024-11-17T09:08:23.688+0000] {dag.py:3239} INFO - Sync 1 DAGs
[2024-11-17T09:08:23.762+0000] {logging_mixin.py:190} INFO - [2024-11-17T09:08:23.761+0000] {dag.py:4180} INFO - Setting next_dagrun for example_branch_dop_operator_v3 to 2024-11-17 09:07:00+00:00, run_after=2024-11-17 09:08:00+00:00
[2024-11-17T09:08:23.822+0000] {processor.py:208} INFO - Processing /home/airflow/.local/lib/python3.12/site-packages/airflow/example_dags/example_branch_python_dop_operator_3.py took 0.250 seconds
[2024-11-17T09:08:54.588+0000] {processor.py:186} INFO - Started process (PID=1448) to work on /home/airflow/.local/lib/python3.12/site-packages/airflow/example_dags/example_branch_python_dop_operator_3.py
[2024-11-17T09:08:54.591+0000] {processor.py:914} INFO - Processing file /home/airflow/.local/lib/python3.12/site-packages/airflow/example_dags/example_branch_python_dop_operator_3.py for tasks to queue
[2024-11-17T09:08:54.598+0000] {logging_mixin.py:190} INFO - [2024-11-17T09:08:54.598+0000] {dagbag.py:588} INFO - Filling up the DagBag from /home/airflow/.local/lib/python3.12/site-packages/airflow/example_dags/example_branch_python_dop_operator_3.py
[2024-11-17T09:08:54.631+0000] {processor.py:925} INFO - DAG(s) 'example_branch_dop_operator_v3' retrieved from /home/airflow/.local/lib/python3.12/site-packages/airflow/example_dags/example_branch_python_dop_operator_3.py
[2024-11-17T09:08:54.707+0000] {logging_mixin.py:190} INFO - [2024-11-17T09:08:54.706+0000] {dag.py:3239} INFO - Sync 1 DAGs
[2024-11-17T09:08:54.794+0000] {logging_mixin.py:190} INFO - [2024-11-17T09:08:54.793+0000] {dag.py:4180} INFO - Setting next_dagrun for example_branch_dop_operator_v3 to 2024-11-17 09:07:00+00:00, run_after=2024-11-17 09:08:00+00:00
[2024-11-17T09:08:54.859+0000] {processor.py:208} INFO - Processing /home/airflow/.local/lib/python3.12/site-packages/airflow/example_dags/example_branch_python_dop_operator_3.py took 0.288 seconds
[2024-11-17T09:09:25.352+0000] {processor.py:186} INFO - Started process (PID=1514) to work on /home/airflow/.local/lib/python3.12/site-packages/airflow/example_dags/example_branch_python_dop_operator_3.py
[2024-11-17T09:09:25.355+0000] {processor.py:914} INFO - Processing file /home/airflow/.local/lib/python3.12/site-packages/airflow/example_dags/example_branch_python_dop_operator_3.py for tasks to queue
[2024-11-17T09:09:25.362+0000] {logging_mixin.py:190} INFO - [2024-11-17T09:09:25.360+0000] {dagbag.py:588} INFO - Filling up the DagBag from /home/airflow/.local/lib/python3.12/site-packages/airflow/example_dags/example_branch_python_dop_operator_3.py
[2024-11-17T09:09:25.392+0000] {processor.py:925} INFO - DAG(s) 'example_branch_dop_operator_v3' retrieved from /home/airflow/.local/lib/python3.12/site-packages/airflow/example_dags/example_branch_python_dop_operator_3.py
[2024-11-17T09:09:25.455+0000] {logging_mixin.py:190} INFO - [2024-11-17T09:09:25.454+0000] {dag.py:3239} INFO - Sync 1 DAGs
[2024-11-17T09:09:25.531+0000] {logging_mixin.py:190} INFO - [2024-11-17T09:09:25.530+0000] {dag.py:4180} INFO - Setting next_dagrun for example_branch_dop_operator_v3 to 2024-11-17 09:08:00+00:00, run_after=2024-11-17 09:09:00+00:00
[2024-11-17T09:09:25.581+0000] {processor.py:208} INFO - Processing /home/airflow/.local/lib/python3.12/site-packages/airflow/example_dags/example_branch_python_dop_operator_3.py took 0.246 seconds
[2024-11-17T09:09:55.685+0000] {processor.py:186} INFO - Started process (PID=1579) to work on /home/airflow/.local/lib/python3.12/site-packages/airflow/example_dags/example_branch_python_dop_operator_3.py
[2024-11-17T09:09:55.689+0000] {processor.py:914} INFO - Processing file /home/airflow/.local/lib/python3.12/site-packages/airflow/example_dags/example_branch_python_dop_operator_3.py for tasks to queue
[2024-11-17T09:09:55.699+0000] {logging_mixin.py:190} INFO - [2024-11-17T09:09:55.697+0000] {dagbag.py:588} INFO - Filling up the DagBag from /home/airflow/.local/lib/python3.12/site-packages/airflow/example_dags/example_branch_python_dop_operator_3.py
[2024-11-17T09:09:55.737+0000] {processor.py:925} INFO - DAG(s) 'example_branch_dop_operator_v3' retrieved from /home/airflow/.local/lib/python3.12/site-packages/airflow/example_dags/example_branch_python_dop_operator_3.py
[2024-11-17T09:09:55.793+0000] {logging_mixin.py:190} INFO - [2024-11-17T09:09:55.793+0000] {dag.py:3239} INFO - Sync 1 DAGs
[2024-11-17T09:09:55.887+0000] {logging_mixin.py:190} INFO - [2024-11-17T09:09:55.886+0000] {dag.py:4180} INFO - Setting next_dagrun for example_branch_dop_operator_v3 to 2024-11-17 09:08:00+00:00, run_after=2024-11-17 09:09:00+00:00
[2024-11-17T09:09:55.937+0000] {processor.py:208} INFO - Processing /home/airflow/.local/lib/python3.12/site-packages/airflow/example_dags/example_branch_python_dop_operator_3.py took 0.280 seconds
[2024-11-17T09:10:26.929+0000] {processor.py:186} INFO - Started process (PID=1644) to work on /home/airflow/.local/lib/python3.12/site-packages/airflow/example_dags/example_branch_python_dop_operator_3.py
[2024-11-17T09:10:26.933+0000] {processor.py:914} INFO - Processing file /home/airflow/.local/lib/python3.12/site-packages/airflow/example_dags/example_branch_python_dop_operator_3.py for tasks to queue
[2024-11-17T09:10:26.941+0000] {logging_mixin.py:190} INFO - [2024-11-17T09:10:26.940+0000] {dagbag.py:588} INFO - Filling up the DagBag from /home/airflow/.local/lib/python3.12/site-packages/airflow/example_dags/example_branch_python_dop_operator_3.py
[2024-11-17T09:10:26.973+0000] {processor.py:925} INFO - DAG(s) 'example_branch_dop_operator_v3' retrieved from /home/airflow/.local/lib/python3.12/site-packages/airflow/example_dags/example_branch_python_dop_operator_3.py
[2024-11-17T09:10:27.025+0000] {logging_mixin.py:190} INFO - [2024-11-17T09:10:27.025+0000] {dag.py:3239} INFO - Sync 1 DAGs
[2024-11-17T09:10:27.105+0000] {logging_mixin.py:190} INFO - [2024-11-17T09:10:27.104+0000] {dag.py:4180} INFO - Setting next_dagrun for example_branch_dop_operator_v3 to 2024-11-17 09:09:00+00:00, run_after=2024-11-17 09:10:00+00:00
[2024-11-17T09:10:27.186+0000] {processor.py:208} INFO - Processing /home/airflow/.local/lib/python3.12/site-packages/airflow/example_dags/example_branch_python_dop_operator_3.py took 0.276 seconds
[2024-11-17T09:10:57.453+0000] {processor.py:186} INFO - Started process (PID=1710) to work on /home/airflow/.local/lib/python3.12/site-packages/airflow/example_dags/example_branch_python_dop_operator_3.py
[2024-11-17T09:10:57.456+0000] {processor.py:914} INFO - Processing file /home/airflow/.local/lib/python3.12/site-packages/airflow/example_dags/example_branch_python_dop_operator_3.py for tasks to queue
[2024-11-17T09:10:57.466+0000] {logging_mixin.py:190} INFO - [2024-11-17T09:10:57.464+0000] {dagbag.py:588} INFO - Filling up the DagBag from /home/airflow/.local/lib/python3.12/site-packages/airflow/example_dags/example_branch_python_dop_operator_3.py
[2024-11-17T09:10:57.514+0000] {processor.py:925} INFO - DAG(s) 'example_branch_dop_operator_v3' retrieved from /home/airflow/.local/lib/python3.12/site-packages/airflow/example_dags/example_branch_python_dop_operator_3.py
[2024-11-17T09:10:57.577+0000] {logging_mixin.py:190} INFO - [2024-11-17T09:10:57.576+0000] {dag.py:3239} INFO - Sync 1 DAGs
[2024-11-17T09:10:57.657+0000] {logging_mixin.py:190} INFO - [2024-11-17T09:10:57.657+0000] {dag.py:4180} INFO - Setting next_dagrun for example_branch_dop_operator_v3 to 2024-11-17 09:09:00+00:00, run_after=2024-11-17 09:10:00+00:00
[2024-11-17T09:10:57.717+0000] {processor.py:208} INFO - Processing /home/airflow/.local/lib/python3.12/site-packages/airflow/example_dags/example_branch_python_dop_operator_3.py took 0.282 seconds
[2024-11-17T09:11:28.181+0000] {processor.py:186} INFO - Started process (PID=1775) to work on /home/airflow/.local/lib/python3.12/site-packages/airflow/example_dags/example_branch_python_dop_operator_3.py
[2024-11-17T09:11:28.183+0000] {processor.py:914} INFO - Processing file /home/airflow/.local/lib/python3.12/site-packages/airflow/example_dags/example_branch_python_dop_operator_3.py for tasks to queue
[2024-11-17T09:11:28.190+0000] {logging_mixin.py:190} INFO - [2024-11-17T09:11:28.189+0000] {dagbag.py:588} INFO - Filling up the DagBag from /home/airflow/.local/lib/python3.12/site-packages/airflow/example_dags/example_branch_python_dop_operator_3.py
[2024-11-17T09:11:28.224+0000] {processor.py:925} INFO - DAG(s) 'example_branch_dop_operator_v3' retrieved from /home/airflow/.local/lib/python3.12/site-packages/airflow/example_dags/example_branch_python_dop_operator_3.py
[2024-11-17T09:11:28.279+0000] {logging_mixin.py:190} INFO - [2024-11-17T09:11:28.279+0000] {dag.py:3239} INFO - Sync 1 DAGs
[2024-11-17T09:11:28.407+0000] {logging_mixin.py:190} INFO - [2024-11-17T09:11:28.406+0000] {dag.py:4180} INFO - Setting next_dagrun for example_branch_dop_operator_v3 to 2024-11-17 09:10:00+00:00, run_after=2024-11-17 09:11:00+00:00
[2024-11-17T09:11:28.476+0000] {processor.py:208} INFO - Processing /home/airflow/.local/lib/python3.12/site-packages/airflow/example_dags/example_branch_python_dop_operator_3.py took 0.312 seconds
[2024-11-17T09:11:59.248+0000] {processor.py:186} INFO - Started process (PID=1841) to work on /home/airflow/.local/lib/python3.12/site-packages/airflow/example_dags/example_branch_python_dop_operator_3.py
[2024-11-17T09:11:59.251+0000] {processor.py:914} INFO - Processing file /home/airflow/.local/lib/python3.12/site-packages/airflow/example_dags/example_branch_python_dop_operator_3.py for tasks to queue
[2024-11-17T09:11:59.258+0000] {logging_mixin.py:190} INFO - [2024-11-17T09:11:59.257+0000] {dagbag.py:588} INFO - Filling up the DagBag from /home/airflow/.local/lib/python3.12/site-packages/airflow/example_dags/example_branch_python_dop_operator_3.py
[2024-11-17T09:11:59.289+0000] {processor.py:925} INFO - DAG(s) 'example_branch_dop_operator_v3' retrieved from /home/airflow/.local/lib/python3.12/site-packages/airflow/example_dags/example_branch_python_dop_operator_3.py
[2024-11-17T09:11:59.347+0000] {logging_mixin.py:190} INFO - [2024-11-17T09:11:59.346+0000] {dag.py:3239} INFO - Sync 1 DAGs
[2024-11-17T09:11:59.424+0000] {logging_mixin.py:190} INFO - [2024-11-17T09:11:59.424+0000] {dag.py:4180} INFO - Setting next_dagrun for example_branch_dop_operator_v3 to 2024-11-17 09:10:00+00:00, run_after=2024-11-17 09:11:00+00:00
[2024-11-17T09:11:59.484+0000] {processor.py:208} INFO - Processing /home/airflow/.local/lib/python3.12/site-packages/airflow/example_dags/example_branch_python_dop_operator_3.py took 0.252 seconds
[2024-11-17T09:12:30.196+0000] {processor.py:186} INFO - Started process (PID=1905) to work on /home/airflow/.local/lib/python3.12/site-packages/airflow/example_dags/example_branch_python_dop_operator_3.py
[2024-11-17T09:12:30.200+0000] {processor.py:914} INFO - Processing file /home/airflow/.local/lib/python3.12/site-packages/airflow/example_dags/example_branch_python_dop_operator_3.py for tasks to queue
[2024-11-17T09:12:30.208+0000] {logging_mixin.py:190} INFO - [2024-11-17T09:12:30.207+0000] {dagbag.py:588} INFO - Filling up the DagBag from /home/airflow/.local/lib/python3.12/site-packages/airflow/example_dags/example_branch_python_dop_operator_3.py
[2024-11-17T09:12:30.250+0000] {processor.py:925} INFO - DAG(s) 'example_branch_dop_operator_v3' retrieved from /home/airflow/.local/lib/python3.12/site-packages/airflow/example_dags/example_branch_python_dop_operator_3.py
[2024-11-17T09:12:30.314+0000] {logging_mixin.py:190} INFO - [2024-11-17T09:12:30.313+0000] {dag.py:3239} INFO - Sync 1 DAGs
[2024-11-17T09:12:30.405+0000] {logging_mixin.py:190} INFO - [2024-11-17T09:12:30.405+0000] {dag.py:4180} INFO - Setting next_dagrun for example_branch_dop_operator_v3 to 2024-11-17 09:11:00+00:00, run_after=2024-11-17 09:12:00+00:00
[2024-11-17T09:12:30.464+0000] {processor.py:208} INFO - Processing /home/airflow/.local/lib/python3.12/site-packages/airflow/example_dags/example_branch_python_dop_operator_3.py took 0.291 seconds
[2024-11-17T09:13:01.070+0000] {processor.py:186} INFO - Started process (PID=1971) to work on /home/airflow/.local/lib/python3.12/site-packages/airflow/example_dags/example_branch_python_dop_operator_3.py
[2024-11-17T09:13:01.073+0000] {processor.py:914} INFO - Processing file /home/airflow/.local/lib/python3.12/site-packages/airflow/example_dags/example_branch_python_dop_operator_3.py for tasks to queue
[2024-11-17T09:13:01.079+0000] {logging_mixin.py:190} INFO - [2024-11-17T09:13:01.078+0000] {dagbag.py:588} INFO - Filling up the DagBag from /home/airflow/.local/lib/python3.12/site-packages/airflow/example_dags/example_branch_python_dop_operator_3.py
[2024-11-17T09:13:01.108+0000] {processor.py:925} INFO - DAG(s) 'example_branch_dop_operator_v3' retrieved from /home/airflow/.local/lib/python3.12/site-packages/airflow/example_dags/example_branch_python_dop_operator_3.py
[2024-11-17T09:13:01.160+0000] {logging_mixin.py:190} INFO - [2024-11-17T09:13:01.159+0000] {dag.py:3239} INFO - Sync 1 DAGs
[2024-11-17T09:13:01.233+0000] {logging_mixin.py:190} INFO - [2024-11-17T09:13:01.232+0000] {dag.py:4180} INFO - Setting next_dagrun for example_branch_dop_operator_v3 to 2024-11-17 09:12:00+00:00, run_after=2024-11-17 09:13:00+00:00
[2024-11-17T09:13:01.282+0000] {processor.py:208} INFO - Processing /home/airflow/.local/lib/python3.12/site-packages/airflow/example_dags/example_branch_python_dop_operator_3.py took 0.229 seconds
[2024-11-17T09:13:31.595+0000] {processor.py:186} INFO - Started process (PID=2036) to work on /home/airflow/.local/lib/python3.12/site-packages/airflow/example_dags/example_branch_python_dop_operator_3.py
[2024-11-17T09:13:31.600+0000] {processor.py:914} INFO - Processing file /home/airflow/.local/lib/python3.12/site-packages/airflow/example_dags/example_branch_python_dop_operator_3.py for tasks to queue
[2024-11-17T09:13:31.612+0000] {logging_mixin.py:190} INFO - [2024-11-17T09:13:31.611+0000] {dagbag.py:588} INFO - Filling up the DagBag from /home/airflow/.local/lib/python3.12/site-packages/airflow/example_dags/example_branch_python_dop_operator_3.py
[2024-11-17T09:13:31.666+0000] {processor.py:925} INFO - DAG(s) 'example_branch_dop_operator_v3' retrieved from /home/airflow/.local/lib/python3.12/site-packages/airflow/example_dags/example_branch_python_dop_operator_3.py
[2024-11-17T09:13:31.771+0000] {logging_mixin.py:190} INFO - [2024-11-17T09:13:31.770+0000] {dag.py:3239} INFO - Sync 1 DAGs
[2024-11-17T09:13:31.932+0000] {logging_mixin.py:190} INFO - [2024-11-17T09:13:31.931+0000] {dag.py:4180} INFO - Setting next_dagrun for example_branch_dop_operator_v3 to 2024-11-17 09:12:00+00:00, run_after=2024-11-17 09:13:00+00:00
[2024-11-17T09:13:32.039+0000] {processor.py:208} INFO - Processing /home/airflow/.local/lib/python3.12/site-packages/airflow/example_dags/example_branch_python_dop_operator_3.py took 0.475 seconds
[2024-11-17T09:14:02.647+0000] {processor.py:186} INFO - Started process (PID=2102) to work on /home/airflow/.local/lib/python3.12/site-packages/airflow/example_dags/example_branch_python_dop_operator_3.py
[2024-11-17T09:14:02.650+0000] {processor.py:914} INFO - Processing file /home/airflow/.local/lib/python3.12/site-packages/airflow/example_dags/example_branch_python_dop_operator_3.py for tasks to queue
[2024-11-17T09:14:02.658+0000] {logging_mixin.py:190} INFO - [2024-11-17T09:14:02.657+0000] {dagbag.py:588} INFO - Filling up the DagBag from /home/airflow/.local/lib/python3.12/site-packages/airflow/example_dags/example_branch_python_dop_operator_3.py
[2024-11-17T09:14:02.687+0000] {processor.py:925} INFO - DAG(s) 'example_branch_dop_operator_v3' retrieved from /home/airflow/.local/lib/python3.12/site-packages/airflow/example_dags/example_branch_python_dop_operator_3.py
[2024-11-17T09:14:02.739+0000] {logging_mixin.py:190} INFO - [2024-11-17T09:14:02.738+0000] {dag.py:3239} INFO - Sync 1 DAGs
[2024-11-17T09:14:02.814+0000] {logging_mixin.py:190} INFO - [2024-11-17T09:14:02.813+0000] {dag.py:4180} INFO - Setting next_dagrun for example_branch_dop_operator_v3 to 2024-11-17 09:13:00+00:00, run_after=2024-11-17 09:14:00+00:00
[2024-11-17T09:14:02.864+0000] {processor.py:208} INFO - Processing /home/airflow/.local/lib/python3.12/site-packages/airflow/example_dags/example_branch_python_dop_operator_3.py took 0.233 seconds
[2024-11-17T09:14:34.215+0000] {processor.py:186} INFO - Started process (PID=2168) to work on /home/airflow/.local/lib/python3.12/site-packages/airflow/example_dags/example_branch_python_dop_operator_3.py
[2024-11-17T09:14:34.219+0000] {processor.py:914} INFO - Processing file /home/airflow/.local/lib/python3.12/site-packages/airflow/example_dags/example_branch_python_dop_operator_3.py for tasks to queue
[2024-11-17T09:14:34.227+0000] {logging_mixin.py:190} INFO - [2024-11-17T09:14:34.227+0000] {dagbag.py:588} INFO - Filling up the DagBag from /home/airflow/.local/lib/python3.12/site-packages/airflow/example_dags/example_branch_python_dop_operator_3.py
[2024-11-17T09:14:34.277+0000] {processor.py:925} INFO - DAG(s) 'example_branch_dop_operator_v3' retrieved from /home/airflow/.local/lib/python3.12/site-packages/airflow/example_dags/example_branch_python_dop_operator_3.py
[2024-11-17T09:14:34.356+0000] {logging_mixin.py:190} INFO - [2024-11-17T09:14:34.355+0000] {dag.py:3239} INFO - Sync 1 DAGs
[2024-11-17T09:14:34.477+0000] {logging_mixin.py:190} INFO - [2024-11-17T09:14:34.476+0000] {dag.py:4180} INFO - Setting next_dagrun for example_branch_dop_operator_v3 to 2024-11-17 09:13:00+00:00, run_after=2024-11-17 09:14:00+00:00
[2024-11-17T09:14:34.552+0000] {processor.py:208} INFO - Processing /home/airflow/.local/lib/python3.12/site-packages/airflow/example_dags/example_branch_python_dop_operator_3.py took 0.364 seconds
[2024-11-17T09:15:04.797+0000] {processor.py:186} INFO - Started process (PID=2233) to work on /home/airflow/.local/lib/python3.12/site-packages/airflow/example_dags/example_branch_python_dop_operator_3.py
[2024-11-17T09:15:04.801+0000] {processor.py:914} INFO - Processing file /home/airflow/.local/lib/python3.12/site-packages/airflow/example_dags/example_branch_python_dop_operator_3.py for tasks to queue
[2024-11-17T09:15:04.809+0000] {logging_mixin.py:190} INFO - [2024-11-17T09:15:04.808+0000] {dagbag.py:588} INFO - Filling up the DagBag from /home/airflow/.local/lib/python3.12/site-packages/airflow/example_dags/example_branch_python_dop_operator_3.py
[2024-11-17T09:15:04.858+0000] {processor.py:925} INFO - DAG(s) 'example_branch_dop_operator_v3' retrieved from /home/airflow/.local/lib/python3.12/site-packages/airflow/example_dags/example_branch_python_dop_operator_3.py
[2024-11-17T09:15:04.928+0000] {logging_mixin.py:190} INFO - [2024-11-17T09:15:04.927+0000] {dag.py:3239} INFO - Sync 1 DAGs
[2024-11-17T09:15:05.052+0000] {logging_mixin.py:190} INFO - [2024-11-17T09:15:05.051+0000] {dag.py:4180} INFO - Setting next_dagrun for example_branch_dop_operator_v3 to 2024-11-17 09:14:00+00:00, run_after=2024-11-17 09:15:00+00:00
[2024-11-17T09:15:05.120+0000] {processor.py:208} INFO - Processing /home/airflow/.local/lib/python3.12/site-packages/airflow/example_dags/example_branch_python_dop_operator_3.py took 0.346 seconds
[2024-11-17T09:15:35.279+0000] {processor.py:186} INFO - Started process (PID=2299) to work on /home/airflow/.local/lib/python3.12/site-packages/airflow/example_dags/example_branch_python_dop_operator_3.py
[2024-11-17T09:15:35.282+0000] {processor.py:914} INFO - Processing file /home/airflow/.local/lib/python3.12/site-packages/airflow/example_dags/example_branch_python_dop_operator_3.py for tasks to queue
[2024-11-17T09:15:35.289+0000] {logging_mixin.py:190} INFO - [2024-11-17T09:15:35.288+0000] {dagbag.py:588} INFO - Filling up the DagBag from /home/airflow/.local/lib/python3.12/site-packages/airflow/example_dags/example_branch_python_dop_operator_3.py
[2024-11-17T09:15:35.319+0000] {processor.py:925} INFO - DAG(s) 'example_branch_dop_operator_v3' retrieved from /home/airflow/.local/lib/python3.12/site-packages/airflow/example_dags/example_branch_python_dop_operator_3.py
[2024-11-17T09:15:35.372+0000] {logging_mixin.py:190} INFO - [2024-11-17T09:15:35.371+0000] {dag.py:3239} INFO - Sync 1 DAGs
[2024-11-17T09:15:35.443+0000] {logging_mixin.py:190} INFO - [2024-11-17T09:15:35.443+0000] {dag.py:4180} INFO - Setting next_dagrun for example_branch_dop_operator_v3 to 2024-11-17 09:14:00+00:00, run_after=2024-11-17 09:15:00+00:00
[2024-11-17T09:15:35.496+0000] {processor.py:208} INFO - Processing /home/airflow/.local/lib/python3.12/site-packages/airflow/example_dags/example_branch_python_dop_operator_3.py took 0.233 seconds
[2024-11-17T09:16:06.301+0000] {processor.py:186} INFO - Started process (PID=2365) to work on /home/airflow/.local/lib/python3.12/site-packages/airflow/example_dags/example_branch_python_dop_operator_3.py
[2024-11-17T09:16:06.304+0000] {processor.py:914} INFO - Processing file /home/airflow/.local/lib/python3.12/site-packages/airflow/example_dags/example_branch_python_dop_operator_3.py for tasks to queue
[2024-11-17T09:16:06.311+0000] {logging_mixin.py:190} INFO - [2024-11-17T09:16:06.310+0000] {dagbag.py:588} INFO - Filling up the DagBag from /home/airflow/.local/lib/python3.12/site-packages/airflow/example_dags/example_branch_python_dop_operator_3.py
[2024-11-17T09:16:06.344+0000] {processor.py:925} INFO - DAG(s) 'example_branch_dop_operator_v3' retrieved from /home/airflow/.local/lib/python3.12/site-packages/airflow/example_dags/example_branch_python_dop_operator_3.py
[2024-11-17T09:16:06.402+0000] {logging_mixin.py:190} INFO - [2024-11-17T09:16:06.402+0000] {dag.py:3239} INFO - Sync 1 DAGs
[2024-11-17T09:16:06.485+0000] {logging_mixin.py:190} INFO - [2024-11-17T09:16:06.484+0000] {dag.py:4180} INFO - Setting next_dagrun for example_branch_dop_operator_v3 to 2024-11-17 09:15:00+00:00, run_after=2024-11-17 09:16:00+00:00
[2024-11-17T09:16:06.535+0000] {processor.py:208} INFO - Processing /home/airflow/.local/lib/python3.12/site-packages/airflow/example_dags/example_branch_python_dop_operator_3.py took 0.253 seconds
[2024-11-17T09:16:37.335+0000] {processor.py:186} INFO - Started process (PID=2431) to work on /home/airflow/.local/lib/python3.12/site-packages/airflow/example_dags/example_branch_python_dop_operator_3.py
[2024-11-17T09:16:37.338+0000] {processor.py:914} INFO - Processing file /home/airflow/.local/lib/python3.12/site-packages/airflow/example_dags/example_branch_python_dop_operator_3.py for tasks to queue
[2024-11-17T09:16:37.348+0000] {logging_mixin.py:190} INFO - [2024-11-17T09:16:37.347+0000] {dagbag.py:588} INFO - Filling up the DagBag from /home/airflow/.local/lib/python3.12/site-packages/airflow/example_dags/example_branch_python_dop_operator_3.py
[2024-11-17T09:16:37.390+0000] {processor.py:925} INFO - DAG(s) 'example_branch_dop_operator_v3' retrieved from /home/airflow/.local/lib/python3.12/site-packages/airflow/example_dags/example_branch_python_dop_operator_3.py
[2024-11-17T09:16:37.453+0000] {logging_mixin.py:190} INFO - [2024-11-17T09:16:37.452+0000] {dag.py:3239} INFO - Sync 1 DAGs
[2024-11-17T09:16:37.547+0000] {logging_mixin.py:190} INFO - [2024-11-17T09:16:37.546+0000] {dag.py:4180} INFO - Setting next_dagrun for example_branch_dop_operator_v3 to 2024-11-17 09:15:00+00:00, run_after=2024-11-17 09:16:00+00:00
[2024-11-17T09:16:37.597+0000] {processor.py:208} INFO - Processing /home/airflow/.local/lib/python3.12/site-packages/airflow/example_dags/example_branch_python_dop_operator_3.py took 0.282 seconds
[2024-11-17T09:17:07.898+0000] {processor.py:186} INFO - Started process (PID=2496) to work on /home/airflow/.local/lib/python3.12/site-packages/airflow/example_dags/example_branch_python_dop_operator_3.py
[2024-11-17T09:17:07.903+0000] {processor.py:914} INFO - Processing file /home/airflow/.local/lib/python3.12/site-packages/airflow/example_dags/example_branch_python_dop_operator_3.py for tasks to queue
[2024-11-17T09:17:07.914+0000] {logging_mixin.py:190} INFO - [2024-11-17T09:17:07.913+0000] {dagbag.py:588} INFO - Filling up the DagBag from /home/airflow/.local/lib/python3.12/site-packages/airflow/example_dags/example_branch_python_dop_operator_3.py
[2024-11-17T09:17:07.966+0000] {processor.py:925} INFO - DAG(s) 'example_branch_dop_operator_v3' retrieved from /home/airflow/.local/lib/python3.12/site-packages/airflow/example_dags/example_branch_python_dop_operator_3.py
[2024-11-17T09:17:08.044+0000] {logging_mixin.py:190} INFO - [2024-11-17T09:17:08.043+0000] {dag.py:3239} INFO - Sync 1 DAGs
[2024-11-17T09:17:08.152+0000] {logging_mixin.py:190} INFO - [2024-11-17T09:17:08.151+0000] {dag.py:4180} INFO - Setting next_dagrun for example_branch_dop_operator_v3 to 2024-11-17 09:16:00+00:00, run_after=2024-11-17 09:17:00+00:00
[2024-11-17T09:17:08.217+0000] {processor.py:208} INFO - Processing /home/airflow/.local/lib/python3.12/site-packages/airflow/example_dags/example_branch_python_dop_operator_3.py took 0.347 seconds
[2024-11-17T09:17:38.426+0000] {processor.py:186} INFO - Started process (PID=2562) to work on /home/airflow/.local/lib/python3.12/site-packages/airflow/example_dags/example_branch_python_dop_operator_3.py
[2024-11-17T09:17:38.429+0000] {processor.py:914} INFO - Processing file /home/airflow/.local/lib/python3.12/site-packages/airflow/example_dags/example_branch_python_dop_operator_3.py for tasks to queue
[2024-11-17T09:17:38.435+0000] {logging_mixin.py:190} INFO - [2024-11-17T09:17:38.434+0000] {dagbag.py:588} INFO - Filling up the DagBag from /home/airflow/.local/lib/python3.12/site-packages/airflow/example_dags/example_branch_python_dop_operator_3.py
[2024-11-17T09:17:38.464+0000] {processor.py:925} INFO - DAG(s) 'example_branch_dop_operator_v3' retrieved from /home/airflow/.local/lib/python3.12/site-packages/airflow/example_dags/example_branch_python_dop_operator_3.py
[2024-11-17T09:17:38.516+0000] {logging_mixin.py:190} INFO - [2024-11-17T09:17:38.515+0000] {dag.py:3239} INFO - Sync 1 DAGs
[2024-11-17T09:17:38.589+0000] {logging_mixin.py:190} INFO - [2024-11-17T09:17:38.589+0000] {dag.py:4180} INFO - Setting next_dagrun for example_branch_dop_operator_v3 to 2024-11-17 09:16:00+00:00, run_after=2024-11-17 09:17:00+00:00
[2024-11-17T09:17:38.638+0000] {processor.py:208} INFO - Processing /home/airflow/.local/lib/python3.12/site-packages/airflow/example_dags/example_branch_python_dop_operator_3.py took 0.233 seconds
[2024-11-17T09:18:09.110+0000] {processor.py:186} INFO - Started process (PID=2629) to work on /home/airflow/.local/lib/python3.12/site-packages/airflow/example_dags/example_branch_python_dop_operator_3.py
[2024-11-17T09:18:09.113+0000] {processor.py:914} INFO - Processing file /home/airflow/.local/lib/python3.12/site-packages/airflow/example_dags/example_branch_python_dop_operator_3.py for tasks to queue
[2024-11-17T09:18:09.120+0000] {logging_mixin.py:190} INFO - [2024-11-17T09:18:09.119+0000] {dagbag.py:588} INFO - Filling up the DagBag from /home/airflow/.local/lib/python3.12/site-packages/airflow/example_dags/example_branch_python_dop_operator_3.py
[2024-11-17T09:18:09.149+0000] {processor.py:925} INFO - DAG(s) 'example_branch_dop_operator_v3' retrieved from /home/airflow/.local/lib/python3.12/site-packages/airflow/example_dags/example_branch_python_dop_operator_3.py
[2024-11-17T09:18:09.203+0000] {logging_mixin.py:190} INFO - [2024-11-17T09:18:09.203+0000] {dag.py:3239} INFO - Sync 1 DAGs
[2024-11-17T09:18:09.282+0000] {logging_mixin.py:190} INFO - [2024-11-17T09:18:09.281+0000] {dag.py:4180} INFO - Setting next_dagrun for example_branch_dop_operator_v3 to 2024-11-17 09:17:00+00:00, run_after=2024-11-17 09:18:00+00:00
[2024-11-17T09:18:09.343+0000] {processor.py:208} INFO - Processing /home/airflow/.local/lib/python3.12/site-packages/airflow/example_dags/example_branch_python_dop_operator_3.py took 0.249 seconds
[2024-11-17T09:18:39.454+0000] {processor.py:186} INFO - Started process (PID=2694) to work on /home/airflow/.local/lib/python3.12/site-packages/airflow/example_dags/example_branch_python_dop_operator_3.py
[2024-11-17T09:18:39.457+0000] {processor.py:914} INFO - Processing file /home/airflow/.local/lib/python3.12/site-packages/airflow/example_dags/example_branch_python_dop_operator_3.py for tasks to queue
[2024-11-17T09:18:39.464+0000] {logging_mixin.py:190} INFO - [2024-11-17T09:18:39.463+0000] {dagbag.py:588} INFO - Filling up the DagBag from /home/airflow/.local/lib/python3.12/site-packages/airflow/example_dags/example_branch_python_dop_operator_3.py
[2024-11-17T09:18:39.493+0000] {processor.py:925} INFO - DAG(s) 'example_branch_dop_operator_v3' retrieved from /home/airflow/.local/lib/python3.12/site-packages/airflow/example_dags/example_branch_python_dop_operator_3.py
[2024-11-17T09:18:39.552+0000] {logging_mixin.py:190} INFO - [2024-11-17T09:18:39.551+0000] {dag.py:3239} INFO - Sync 1 DAGs
[2024-11-17T09:18:39.635+0000] {logging_mixin.py:190} INFO - [2024-11-17T09:18:39.635+0000] {dag.py:4180} INFO - Setting next_dagrun for example_branch_dop_operator_v3 to 2024-11-17 09:17:00+00:00, run_after=2024-11-17 09:18:00+00:00
[2024-11-17T09:18:39.706+0000] {processor.py:208} INFO - Processing /home/airflow/.local/lib/python3.12/site-packages/airflow/example_dags/example_branch_python_dop_operator_3.py took 0.268 seconds
[2024-11-17T09:19:10.572+0000] {processor.py:186} INFO - Started process (PID=2760) to work on /home/airflow/.local/lib/python3.12/site-packages/airflow/example_dags/example_branch_python_dop_operator_3.py
[2024-11-17T09:19:10.575+0000] {processor.py:914} INFO - Processing file /home/airflow/.local/lib/python3.12/site-packages/airflow/example_dags/example_branch_python_dop_operator_3.py for tasks to queue
[2024-11-17T09:19:10.583+0000] {logging_mixin.py:190} INFO - [2024-11-17T09:19:10.581+0000] {dagbag.py:588} INFO - Filling up the DagBag from /home/airflow/.local/lib/python3.12/site-packages/airflow/example_dags/example_branch_python_dop_operator_3.py
[2024-11-17T09:19:10.622+0000] {processor.py:925} INFO - DAG(s) 'example_branch_dop_operator_v3' retrieved from /home/airflow/.local/lib/python3.12/site-packages/airflow/example_dags/example_branch_python_dop_operator_3.py
[2024-11-17T09:19:10.691+0000] {logging_mixin.py:190} INFO - [2024-11-17T09:19:10.690+0000] {dag.py:3239} INFO - Sync 1 DAGs
[2024-11-17T09:19:10.779+0000] {logging_mixin.py:190} INFO - [2024-11-17T09:19:10.778+0000] {dag.py:4180} INFO - Setting next_dagrun for example_branch_dop_operator_v3 to 2024-11-17 09:18:00+00:00, run_after=2024-11-17 09:19:00+00:00
[2024-11-17T09:19:10.853+0000] {processor.py:208} INFO - Processing /home/airflow/.local/lib/python3.12/site-packages/airflow/example_dags/example_branch_python_dop_operator_3.py took 0.302 seconds
[2024-11-17T09:19:42.072+0000] {processor.py:186} INFO - Started process (PID=2826) to work on /home/airflow/.local/lib/python3.12/site-packages/airflow/example_dags/example_branch_python_dop_operator_3.py
[2024-11-17T09:19:42.076+0000] {processor.py:914} INFO - Processing file /home/airflow/.local/lib/python3.12/site-packages/airflow/example_dags/example_branch_python_dop_operator_3.py for tasks to queue
[2024-11-17T09:19:42.085+0000] {logging_mixin.py:190} INFO - [2024-11-17T09:19:42.082+0000] {dagbag.py:588} INFO - Filling up the DagBag from /home/airflow/.local/lib/python3.12/site-packages/airflow/example_dags/example_branch_python_dop_operator_3.py
[2024-11-17T09:19:42.129+0000] {processor.py:925} INFO - DAG(s) 'example_branch_dop_operator_v3' retrieved from /home/airflow/.local/lib/python3.12/site-packages/airflow/example_dags/example_branch_python_dop_operator_3.py
[2024-11-17T09:19:42.207+0000] {logging_mixin.py:190} INFO - [2024-11-17T09:19:42.206+0000] {dag.py:3239} INFO - Sync 1 DAGs
[2024-11-17T09:19:42.314+0000] {logging_mixin.py:190} INFO - [2024-11-17T09:19:42.314+0000] {dag.py:4180} INFO - Setting next_dagrun for example_branch_dop_operator_v3 to 2024-11-17 09:18:00+00:00, run_after=2024-11-17 09:19:00+00:00
[2024-11-17T09:19:42.375+0000] {processor.py:208} INFO - Processing /home/airflow/.local/lib/python3.12/site-packages/airflow/example_dags/example_branch_python_dop_operator_3.py took 0.334 seconds
[2024-11-17T09:20:13.013+0000] {processor.py:186} INFO - Started process (PID=2898) to work on /home/airflow/.local/lib/python3.12/site-packages/airflow/example_dags/example_branch_python_dop_operator_3.py
[2024-11-17T09:20:13.016+0000] {processor.py:914} INFO - Processing file /home/airflow/.local/lib/python3.12/site-packages/airflow/example_dags/example_branch_python_dop_operator_3.py for tasks to queue
[2024-11-17T09:20:13.023+0000] {logging_mixin.py:190} INFO - [2024-11-17T09:20:13.022+0000] {dagbag.py:588} INFO - Filling up the DagBag from /home/airflow/.local/lib/python3.12/site-packages/airflow/example_dags/example_branch_python_dop_operator_3.py
[2024-11-17T09:20:13.051+0000] {processor.py:925} INFO - DAG(s) 'example_branch_dop_operator_v3' retrieved from /home/airflow/.local/lib/python3.12/site-packages/airflow/example_dags/example_branch_python_dop_operator_3.py
[2024-11-17T09:20:13.102+0000] {logging_mixin.py:190} INFO - [2024-11-17T09:20:13.101+0000] {dag.py:3239} INFO - Sync 1 DAGs
[2024-11-17T09:20:13.182+0000] {logging_mixin.py:190} INFO - [2024-11-17T09:20:13.182+0000] {dag.py:4180} INFO - Setting next_dagrun for example_branch_dop_operator_v3 to 2024-11-17 09:19:00+00:00, run_after=2024-11-17 09:20:00+00:00
[2024-11-17T09:20:13.248+0000] {processor.py:208} INFO - Processing /home/airflow/.local/lib/python3.12/site-packages/airflow/example_dags/example_branch_python_dop_operator_3.py took 0.251 seconds
[2024-11-17T09:20:43.523+0000] {processor.py:186} INFO - Started process (PID=2963) to work on /home/airflow/.local/lib/python3.12/site-packages/airflow/example_dags/example_branch_python_dop_operator_3.py
[2024-11-17T09:20:43.525+0000] {processor.py:914} INFO - Processing file /home/airflow/.local/lib/python3.12/site-packages/airflow/example_dags/example_branch_python_dop_operator_3.py for tasks to queue
[2024-11-17T09:20:43.532+0000] {logging_mixin.py:190} INFO - [2024-11-17T09:20:43.531+0000] {dagbag.py:588} INFO - Filling up the DagBag from /home/airflow/.local/lib/python3.12/site-packages/airflow/example_dags/example_branch_python_dop_operator_3.py
[2024-11-17T09:20:43.579+0000] {processor.py:925} INFO - DAG(s) 'example_branch_dop_operator_v3' retrieved from /home/airflow/.local/lib/python3.12/site-packages/airflow/example_dags/example_branch_python_dop_operator_3.py
[2024-11-17T09:20:43.649+0000] {logging_mixin.py:190} INFO - [2024-11-17T09:20:43.648+0000] {dag.py:3239} INFO - Sync 1 DAGs
[2024-11-17T09:20:43.729+0000] {logging_mixin.py:190} INFO - [2024-11-17T09:20:43.729+0000] {dag.py:4180} INFO - Setting next_dagrun for example_branch_dop_operator_v3 to 2024-11-17 09:19:00+00:00, run_after=2024-11-17 09:20:00+00:00
[2024-11-17T09:20:43.783+0000] {processor.py:208} INFO - Processing /home/airflow/.local/lib/python3.12/site-packages/airflow/example_dags/example_branch_python_dop_operator_3.py took 0.279 seconds
[2024-11-17T09:21:14.560+0000] {processor.py:186} INFO - Started process (PID=3029) to work on /home/airflow/.local/lib/python3.12/site-packages/airflow/example_dags/example_branch_python_dop_operator_3.py
[2024-11-17T09:21:14.563+0000] {processor.py:914} INFO - Processing file /home/airflow/.local/lib/python3.12/site-packages/airflow/example_dags/example_branch_python_dop_operator_3.py for tasks to queue
[2024-11-17T09:21:14.573+0000] {logging_mixin.py:190} INFO - [2024-11-17T09:21:14.572+0000] {dagbag.py:588} INFO - Filling up the DagBag from /home/airflow/.local/lib/python3.12/site-packages/airflow/example_dags/example_branch_python_dop_operator_3.py
[2024-11-17T09:21:14.611+0000] {processor.py:925} INFO - DAG(s) 'example_branch_dop_operator_v3' retrieved from /home/airflow/.local/lib/python3.12/site-packages/airflow/example_dags/example_branch_python_dop_operator_3.py
[2024-11-17T09:21:14.668+0000] {logging_mixin.py:190} INFO - [2024-11-17T09:21:14.667+0000] {dag.py:3239} INFO - Sync 1 DAGs
[2024-11-17T09:21:14.775+0000] {logging_mixin.py:190} INFO - [2024-11-17T09:21:14.774+0000] {dag.py:4180} INFO - Setting next_dagrun for example_branch_dop_operator_v3 to 2024-11-17 09:20:00+00:00, run_after=2024-11-17 09:21:00+00:00
[2024-11-17T09:21:14.859+0000] {processor.py:208} INFO - Processing /home/airflow/.local/lib/python3.12/site-packages/airflow/example_dags/example_branch_python_dop_operator_3.py took 0.325 seconds
[2024-11-17T09:21:45.119+0000] {processor.py:186} INFO - Started process (PID=3094) to work on /home/airflow/.local/lib/python3.12/site-packages/airflow/example_dags/example_branch_python_dop_operator_3.py
[2024-11-17T09:21:45.121+0000] {processor.py:914} INFO - Processing file /home/airflow/.local/lib/python3.12/site-packages/airflow/example_dags/example_branch_python_dop_operator_3.py for tasks to queue
[2024-11-17T09:21:45.129+0000] {logging_mixin.py:190} INFO - [2024-11-17T09:21:45.128+0000] {dagbag.py:588} INFO - Filling up the DagBag from /home/airflow/.local/lib/python3.12/site-packages/airflow/example_dags/example_branch_python_dop_operator_3.py
[2024-11-17T09:21:45.170+0000] {processor.py:925} INFO - DAG(s) 'example_branch_dop_operator_v3' retrieved from /home/airflow/.local/lib/python3.12/site-packages/airflow/example_dags/example_branch_python_dop_operator_3.py
[2024-11-17T09:21:45.227+0000] {logging_mixin.py:190} INFO - [2024-11-17T09:21:45.227+0000] {dag.py:3239} INFO - Sync 1 DAGs
[2024-11-17T09:21:45.795+0000] {logging_mixin.py:190} INFO - [2024-11-17T09:21:45.794+0000] {dag.py:4180} INFO - Setting next_dagrun for example_branch_dop_operator_v3 to 2024-11-17 09:20:00+00:00, run_after=2024-11-17 09:21:00+00:00
[2024-11-17T09:21:45.846+0000] {processor.py:208} INFO - Processing /home/airflow/.local/lib/python3.12/site-packages/airflow/example_dags/example_branch_python_dop_operator_3.py took 0.747 seconds
[2024-11-17T09:22:15.975+0000] {processor.py:186} INFO - Started process (PID=3160) to work on /home/airflow/.local/lib/python3.12/site-packages/airflow/example_dags/example_branch_python_dop_operator_3.py
[2024-11-17T09:22:15.978+0000] {processor.py:914} INFO - Processing file /home/airflow/.local/lib/python3.12/site-packages/airflow/example_dags/example_branch_python_dop_operator_3.py for tasks to queue
[2024-11-17T09:22:15.986+0000] {logging_mixin.py:190} INFO - [2024-11-17T09:22:15.984+0000] {dagbag.py:588} INFO - Filling up the DagBag from /home/airflow/.local/lib/python3.12/site-packages/airflow/example_dags/example_branch_python_dop_operator_3.py
[2024-11-17T09:22:16.018+0000] {processor.py:925} INFO - DAG(s) 'example_branch_dop_operator_v3' retrieved from /home/airflow/.local/lib/python3.12/site-packages/airflow/example_dags/example_branch_python_dop_operator_3.py
[2024-11-17T09:22:16.072+0000] {logging_mixin.py:190} INFO - [2024-11-17T09:22:16.072+0000] {dag.py:3239} INFO - Sync 1 DAGs
[2024-11-17T09:22:16.546+0000] {logging_mixin.py:190} INFO - [2024-11-17T09:22:16.546+0000] {dag.py:4180} INFO - Setting next_dagrun for example_branch_dop_operator_v3 to 2024-11-17 09:21:00+00:00, run_after=2024-11-17 09:22:00+00:00
[2024-11-17T09:22:16.599+0000] {processor.py:208} INFO - Processing /home/airflow/.local/lib/python3.12/site-packages/airflow/example_dags/example_branch_python_dop_operator_3.py took 0.641 seconds
[2024-11-17T09:22:47.565+0000] {processor.py:186} INFO - Started process (PID=3226) to work on /home/airflow/.local/lib/python3.12/site-packages/airflow/example_dags/example_branch_python_dop_operator_3.py
[2024-11-17T09:22:47.568+0000] {processor.py:914} INFO - Processing file /home/airflow/.local/lib/python3.12/site-packages/airflow/example_dags/example_branch_python_dop_operator_3.py for tasks to queue
[2024-11-17T09:22:47.576+0000] {logging_mixin.py:190} INFO - [2024-11-17T09:22:47.575+0000] {dagbag.py:588} INFO - Filling up the DagBag from /home/airflow/.local/lib/python3.12/site-packages/airflow/example_dags/example_branch_python_dop_operator_3.py
[2024-11-17T09:22:47.604+0000] {processor.py:925} INFO - DAG(s) 'example_branch_dop_operator_v3' retrieved from /home/airflow/.local/lib/python3.12/site-packages/airflow/example_dags/example_branch_python_dop_operator_3.py
[2024-11-17T09:22:47.656+0000] {logging_mixin.py:190} INFO - [2024-11-17T09:22:47.655+0000] {dag.py:3239} INFO - Sync 1 DAGs
[2024-11-17T09:22:47.729+0000] {logging_mixin.py:190} INFO - [2024-11-17T09:22:47.728+0000] {dag.py:4180} INFO - Setting next_dagrun for example_branch_dop_operator_v3 to 2024-11-17 09:21:00+00:00, run_after=2024-11-17 09:22:00+00:00
[2024-11-17T09:22:48.133+0000] {processor.py:208} INFO - Processing /home/airflow/.local/lib/python3.12/site-packages/airflow/example_dags/example_branch_python_dop_operator_3.py took 0.584 seconds
[2024-11-17T09:23:18.610+0000] {processor.py:186} INFO - Started process (PID=3292) to work on /home/airflow/.local/lib/python3.12/site-packages/airflow/example_dags/example_branch_python_dop_operator_3.py
[2024-11-17T09:23:18.615+0000] {processor.py:914} INFO - Processing file /home/airflow/.local/lib/python3.12/site-packages/airflow/example_dags/example_branch_python_dop_operator_3.py for tasks to queue
[2024-11-17T09:23:18.622+0000] {logging_mixin.py:190} INFO - [2024-11-17T09:23:18.621+0000] {dagbag.py:588} INFO - Filling up the DagBag from /home/airflow/.local/lib/python3.12/site-packages/airflow/example_dags/example_branch_python_dop_operator_3.py
[2024-11-17T09:23:18.651+0000] {processor.py:925} INFO - DAG(s) 'example_branch_dop_operator_v3' retrieved from /home/airflow/.local/lib/python3.12/site-packages/airflow/example_dags/example_branch_python_dop_operator_3.py
[2024-11-17T09:23:18.707+0000] {logging_mixin.py:190} INFO - [2024-11-17T09:23:18.707+0000] {dag.py:3239} INFO - Sync 1 DAGs
[2024-11-17T09:23:18.780+0000] {logging_mixin.py:190} INFO - [2024-11-17T09:23:18.780+0000] {dag.py:4180} INFO - Setting next_dagrun for example_branch_dop_operator_v3 to 2024-11-17 09:22:00+00:00, run_after=2024-11-17 09:23:00+00:00
[2024-11-17T09:23:18.829+0000] {processor.py:208} INFO - Processing /home/airflow/.local/lib/python3.12/site-packages/airflow/example_dags/example_branch_python_dop_operator_3.py took 0.235 seconds
[2024-11-17T09:23:49.958+0000] {processor.py:186} INFO - Started process (PID=3358) to work on /home/airflow/.local/lib/python3.12/site-packages/airflow/example_dags/example_branch_python_dop_operator_3.py
[2024-11-17T09:23:49.961+0000] {processor.py:914} INFO - Processing file /home/airflow/.local/lib/python3.12/site-packages/airflow/example_dags/example_branch_python_dop_operator_3.py for tasks to queue
[2024-11-17T09:23:49.970+0000] {logging_mixin.py:190} INFO - [2024-11-17T09:23:49.970+0000] {dagbag.py:588} INFO - Filling up the DagBag from /home/airflow/.local/lib/python3.12/site-packages/airflow/example_dags/example_branch_python_dop_operator_3.py
[2024-11-17T09:23:50.000+0000] {processor.py:925} INFO - DAG(s) 'example_branch_dop_operator_v3' retrieved from /home/airflow/.local/lib/python3.12/site-packages/airflow/example_dags/example_branch_python_dop_operator_3.py
[2024-11-17T09:23:50.057+0000] {logging_mixin.py:190} INFO - [2024-11-17T09:23:50.057+0000] {dag.py:3239} INFO - Sync 1 DAGs
[2024-11-17T09:23:50.146+0000] {logging_mixin.py:190} INFO - [2024-11-17T09:23:50.145+0000] {dag.py:4180} INFO - Setting next_dagrun for example_branch_dop_operator_v3 to 2024-11-17 09:22:00+00:00, run_after=2024-11-17 09:23:00+00:00
[2024-11-17T09:23:50.200+0000] {processor.py:208} INFO - Processing /home/airflow/.local/lib/python3.12/site-packages/airflow/example_dags/example_branch_python_dop_operator_3.py took 0.260 seconds
[2024-11-17T09:24:20.762+0000] {processor.py:186} INFO - Started process (PID=3424) to work on /home/airflow/.local/lib/python3.12/site-packages/airflow/example_dags/example_branch_python_dop_operator_3.py
[2024-11-17T09:24:20.770+0000] {processor.py:914} INFO - Processing file /home/airflow/.local/lib/python3.12/site-packages/airflow/example_dags/example_branch_python_dop_operator_3.py for tasks to queue
[2024-11-17T09:24:20.783+0000] {logging_mixin.py:190} INFO - [2024-11-17T09:24:20.782+0000] {dagbag.py:588} INFO - Filling up the DagBag from /home/airflow/.local/lib/python3.12/site-packages/airflow/example_dags/example_branch_python_dop_operator_3.py
[2024-11-17T09:24:20.826+0000] {processor.py:925} INFO - DAG(s) 'example_branch_dop_operator_v3' retrieved from /home/airflow/.local/lib/python3.12/site-packages/airflow/example_dags/example_branch_python_dop_operator_3.py
[2024-11-17T09:24:20.897+0000] {logging_mixin.py:190} INFO - [2024-11-17T09:24:20.896+0000] {dag.py:3239} INFO - Sync 1 DAGs
[2024-11-17T09:24:21.000+0000] {logging_mixin.py:190} INFO - [2024-11-17T09:24:21.000+0000] {dag.py:4180} INFO - Setting next_dagrun for example_branch_dop_operator_v3 to 2024-11-17 09:23:00+00:00, run_after=2024-11-17 09:24:00+00:00
[2024-11-17T09:24:21.074+0000] {processor.py:208} INFO - Processing /home/airflow/.local/lib/python3.12/site-packages/airflow/example_dags/example_branch_python_dop_operator_3.py took 0.342 seconds
[2024-11-17T09:24:51.412+0000] {processor.py:186} INFO - Started process (PID=3489) to work on /home/airflow/.local/lib/python3.12/site-packages/airflow/example_dags/example_branch_python_dop_operator_3.py
[2024-11-17T09:24:51.415+0000] {processor.py:914} INFO - Processing file /home/airflow/.local/lib/python3.12/site-packages/airflow/example_dags/example_branch_python_dop_operator_3.py for tasks to queue
[2024-11-17T09:24:51.423+0000] {logging_mixin.py:190} INFO - [2024-11-17T09:24:51.422+0000] {dagbag.py:588} INFO - Filling up the DagBag from /home/airflow/.local/lib/python3.12/site-packages/airflow/example_dags/example_branch_python_dop_operator_3.py
[2024-11-17T09:24:51.457+0000] {processor.py:925} INFO - DAG(s) 'example_branch_dop_operator_v3' retrieved from /home/airflow/.local/lib/python3.12/site-packages/airflow/example_dags/example_branch_python_dop_operator_3.py
[2024-11-17T09:24:51.518+0000] {logging_mixin.py:190} INFO - [2024-11-17T09:24:51.517+0000] {dag.py:3239} INFO - Sync 1 DAGs
[2024-11-17T09:24:51.616+0000] {logging_mixin.py:190} INFO - [2024-11-17T09:24:51.615+0000] {dag.py:4180} INFO - Setting next_dagrun for example_branch_dop_operator_v3 to 2024-11-17 09:23:00+00:00, run_after=2024-11-17 09:24:00+00:00
[2024-11-17T09:24:51.673+0000] {processor.py:208} INFO - Processing /home/airflow/.local/lib/python3.12/site-packages/airflow/example_dags/example_branch_python_dop_operator_3.py took 0.280 seconds
[2024-11-17T09:25:21.888+0000] {processor.py:186} INFO - Started process (PID=3556) to work on /home/airflow/.local/lib/python3.12/site-packages/airflow/example_dags/example_branch_python_dop_operator_3.py
[2024-11-17T09:25:21.891+0000] {processor.py:914} INFO - Processing file /home/airflow/.local/lib/python3.12/site-packages/airflow/example_dags/example_branch_python_dop_operator_3.py for tasks to queue
[2024-11-17T09:25:21.900+0000] {logging_mixin.py:190} INFO - [2024-11-17T09:25:21.898+0000] {dagbag.py:588} INFO - Filling up the DagBag from /home/airflow/.local/lib/python3.12/site-packages/airflow/example_dags/example_branch_python_dop_operator_3.py
[2024-11-17T09:25:21.931+0000] {processor.py:925} INFO - DAG(s) 'example_branch_dop_operator_v3' retrieved from /home/airflow/.local/lib/python3.12/site-packages/airflow/example_dags/example_branch_python_dop_operator_3.py
[2024-11-17T09:25:21.986+0000] {logging_mixin.py:190} INFO - [2024-11-17T09:25:21.986+0000] {dag.py:3239} INFO - Sync 1 DAGs
[2024-11-17T09:25:22.070+0000] {logging_mixin.py:190} INFO - [2024-11-17T09:25:22.069+0000] {dag.py:4180} INFO - Setting next_dagrun for example_branch_dop_operator_v3 to 2024-11-17 09:24:00+00:00, run_after=2024-11-17 09:25:00+00:00
[2024-11-17T09:25:22.120+0000] {processor.py:208} INFO - Processing /home/airflow/.local/lib/python3.12/site-packages/airflow/example_dags/example_branch_python_dop_operator_3.py took 0.255 seconds
[2024-11-17T09:25:52.504+0000] {processor.py:186} INFO - Started process (PID=3622) to work on /home/airflow/.local/lib/python3.12/site-packages/airflow/example_dags/example_branch_python_dop_operator_3.py
[2024-11-17T09:25:52.506+0000] {processor.py:914} INFO - Processing file /home/airflow/.local/lib/python3.12/site-packages/airflow/example_dags/example_branch_python_dop_operator_3.py for tasks to queue
[2024-11-17T09:25:52.515+0000] {logging_mixin.py:190} INFO - [2024-11-17T09:25:52.514+0000] {dagbag.py:588} INFO - Filling up the DagBag from /home/airflow/.local/lib/python3.12/site-packages/airflow/example_dags/example_branch_python_dop_operator_3.py
[2024-11-17T09:25:52.548+0000] {processor.py:925} INFO - DAG(s) 'example_branch_dop_operator_v3' retrieved from /home/airflow/.local/lib/python3.12/site-packages/airflow/example_dags/example_branch_python_dop_operator_3.py
[2024-11-17T09:25:52.628+0000] {logging_mixin.py:190} INFO - [2024-11-17T09:25:52.626+0000] {dag.py:3239} INFO - Sync 1 DAGs
[2024-11-17T09:25:52.794+0000] {logging_mixin.py:190} INFO - [2024-11-17T09:25:52.793+0000] {dag.py:4180} INFO - Setting next_dagrun for example_branch_dop_operator_v3 to 2024-11-17 09:24:00+00:00, run_after=2024-11-17 09:25:00+00:00
[2024-11-17T09:25:52.908+0000] {processor.py:208} INFO - Processing /home/airflow/.local/lib/python3.12/site-packages/airflow/example_dags/example_branch_python_dop_operator_3.py took 0.421 seconds
[2024-11-17T09:26:23.774+0000] {processor.py:186} INFO - Started process (PID=3688) to work on /home/airflow/.local/lib/python3.12/site-packages/airflow/example_dags/example_branch_python_dop_operator_3.py
[2024-11-17T09:26:23.779+0000] {processor.py:914} INFO - Processing file /home/airflow/.local/lib/python3.12/site-packages/airflow/example_dags/example_branch_python_dop_operator_3.py for tasks to queue
[2024-11-17T09:26:23.790+0000] {logging_mixin.py:190} INFO - [2024-11-17T09:26:23.789+0000] {dagbag.py:588} INFO - Filling up the DagBag from /home/airflow/.local/lib/python3.12/site-packages/airflow/example_dags/example_branch_python_dop_operator_3.py
[2024-11-17T09:26:23.840+0000] {processor.py:925} INFO - DAG(s) 'example_branch_dop_operator_v3' retrieved from /home/airflow/.local/lib/python3.12/site-packages/airflow/example_dags/example_branch_python_dop_operator_3.py
[2024-11-17T09:26:23.911+0000] {logging_mixin.py:190} INFO - [2024-11-17T09:26:23.910+0000] {dag.py:3239} INFO - Sync 1 DAGs
[2024-11-17T09:26:24.075+0000] {logging_mixin.py:190} INFO - [2024-11-17T09:26:24.074+0000] {dag.py:4180} INFO - Setting next_dagrun for example_branch_dop_operator_v3 to 2024-11-17 09:25:00+00:00, run_after=2024-11-17 09:26:00+00:00
[2024-11-17T09:26:24.161+0000] {processor.py:208} INFO - Processing /home/airflow/.local/lib/python3.12/site-packages/airflow/example_dags/example_branch_python_dop_operator_3.py took 0.415 seconds
[2024-11-17T09:26:54.694+0000] {processor.py:186} INFO - Started process (PID=3754) to work on /home/airflow/.local/lib/python3.12/site-packages/airflow/example_dags/example_branch_python_dop_operator_3.py
[2024-11-17T09:26:54.697+0000] {processor.py:914} INFO - Processing file /home/airflow/.local/lib/python3.12/site-packages/airflow/example_dags/example_branch_python_dop_operator_3.py for tasks to queue
[2024-11-17T09:26:54.706+0000] {logging_mixin.py:190} INFO - [2024-11-17T09:26:54.705+0000] {dagbag.py:588} INFO - Filling up the DagBag from /home/airflow/.local/lib/python3.12/site-packages/airflow/example_dags/example_branch_python_dop_operator_3.py
[2024-11-17T09:26:54.734+0000] {processor.py:925} INFO - DAG(s) 'example_branch_dop_operator_v3' retrieved from /home/airflow/.local/lib/python3.12/site-packages/airflow/example_dags/example_branch_python_dop_operator_3.py
[2024-11-17T09:26:54.793+0000] {logging_mixin.py:190} INFO - [2024-11-17T09:26:54.793+0000] {dag.py:3239} INFO - Sync 1 DAGs
[2024-11-17T09:26:54.881+0000] {logging_mixin.py:190} INFO - [2024-11-17T09:26:54.880+0000] {dag.py:4180} INFO - Setting next_dagrun for example_branch_dop_operator_v3 to 2024-11-17 09:25:00+00:00, run_after=2024-11-17 09:26:00+00:00
[2024-11-17T09:26:54.948+0000] {processor.py:208} INFO - Processing /home/airflow/.local/lib/python3.12/site-packages/airflow/example_dags/example_branch_python_dop_operator_3.py took 0.275 seconds
[2024-11-17T09:27:25.271+0000] {processor.py:186} INFO - Started process (PID=3819) to work on /home/airflow/.local/lib/python3.12/site-packages/airflow/example_dags/example_branch_python_dop_operator_3.py
[2024-11-17T09:27:25.274+0000] {processor.py:914} INFO - Processing file /home/airflow/.local/lib/python3.12/site-packages/airflow/example_dags/example_branch_python_dop_operator_3.py for tasks to queue
[2024-11-17T09:27:25.282+0000] {logging_mixin.py:190} INFO - [2024-11-17T09:27:25.281+0000] {dagbag.py:588} INFO - Filling up the DagBag from /home/airflow/.local/lib/python3.12/site-packages/airflow/example_dags/example_branch_python_dop_operator_3.py
[2024-11-17T09:27:25.312+0000] {processor.py:925} INFO - DAG(s) 'example_branch_dop_operator_v3' retrieved from /home/airflow/.local/lib/python3.12/site-packages/airflow/example_dags/example_branch_python_dop_operator_3.py
[2024-11-17T09:27:25.366+0000] {logging_mixin.py:190} INFO - [2024-11-17T09:27:25.366+0000] {dag.py:3239} INFO - Sync 1 DAGs
[2024-11-17T09:27:25.444+0000] {logging_mixin.py:190} INFO - [2024-11-17T09:27:25.443+0000] {dag.py:4180} INFO - Setting next_dagrun for example_branch_dop_operator_v3 to 2024-11-17 09:26:00+00:00, run_after=2024-11-17 09:27:00+00:00
[2024-11-17T09:27:25.508+0000] {processor.py:208} INFO - Processing /home/airflow/.local/lib/python3.12/site-packages/airflow/example_dags/example_branch_python_dop_operator_3.py took 0.254 seconds
[2024-11-17T09:27:55.747+0000] {processor.py:186} INFO - Started process (PID=3885) to work on /home/airflow/.local/lib/python3.12/site-packages/airflow/example_dags/example_branch_python_dop_operator_3.py
[2024-11-17T09:27:55.749+0000] {processor.py:914} INFO - Processing file /home/airflow/.local/lib/python3.12/site-packages/airflow/example_dags/example_branch_python_dop_operator_3.py for tasks to queue
[2024-11-17T09:27:55.759+0000] {logging_mixin.py:190} INFO - [2024-11-17T09:27:55.758+0000] {dagbag.py:588} INFO - Filling up the DagBag from /home/airflow/.local/lib/python3.12/site-packages/airflow/example_dags/example_branch_python_dop_operator_3.py
[2024-11-17T09:27:55.791+0000] {processor.py:925} INFO - DAG(s) 'example_branch_dop_operator_v3' retrieved from /home/airflow/.local/lib/python3.12/site-packages/airflow/example_dags/example_branch_python_dop_operator_3.py
[2024-11-17T09:27:55.855+0000] {logging_mixin.py:190} INFO - [2024-11-17T09:27:55.854+0000] {dag.py:3239} INFO - Sync 1 DAGs
[2024-11-17T09:27:55.940+0000] {logging_mixin.py:190} INFO - [2024-11-17T09:27:55.939+0000] {dag.py:4180} INFO - Setting next_dagrun for example_branch_dop_operator_v3 to 2024-11-17 09:26:00+00:00, run_after=2024-11-17 09:27:00+00:00
[2024-11-17T09:27:56.010+0000] {processor.py:208} INFO - Processing /home/airflow/.local/lib/python3.12/site-packages/airflow/example_dags/example_branch_python_dop_operator_3.py took 0.281 seconds
