[2024-11-17T08:57:49.499+0000] {processor.py:186} INFO - Started process (PID=84) to work on /home/airflow/.local/lib/python3.12/site-packages/airflow/example_dags/example_sensors.py
[2024-11-17T08:57:49.502+0000] {processor.py:914} INFO - Processing file /home/airflow/.local/lib/python3.12/site-packages/airflow/example_dags/example_sensors.py for tasks to queue
[2024-11-17T08:57:49.509+0000] {logging_mixin.py:190} INFO - [2024-11-17T08:57:49.508+0000] {dagbag.py:588} INFO - Filling up the DagBag from /home/airflow/.local/lib/python3.12/site-packages/airflow/example_dags/example_sensors.py
[2024-11-17T08:57:49.551+0000] {processor.py:925} INFO - DAG(s) 'example_sensors' retrieved from /home/airflow/.local/lib/python3.12/site-packages/airflow/example_dags/example_sensors.py
[2024-11-17T08:57:49.953+0000] {logging_mixin.py:190} INFO - [2024-11-17T08:57:49.952+0000] {override.py:1911} INFO - Created Permission View: can delete on DAG:example_sensors
[2024-11-17T08:57:49.982+0000] {logging_mixin.py:190} INFO - [2024-11-17T08:57:49.981+0000] {override.py:1911} INFO - Created Permission View: can edit on DAG:example_sensors
[2024-11-17T08:57:50.006+0000] {logging_mixin.py:190} INFO - [2024-11-17T08:57:50.005+0000] {override.py:1911} INFO - Created Permission View: can read on DAG:example_sensors
[2024-11-17T08:57:50.030+0000] {logging_mixin.py:190} INFO - [2024-11-17T08:57:50.029+0000] {override.py:1911} INFO - Created Permission View: can delete on DAG Run:example_sensors
[2024-11-17T08:57:50.051+0000] {logging_mixin.py:190} INFO - [2024-11-17T08:57:50.051+0000] {override.py:1911} INFO - Created Permission View: menu access on DAG Run:example_sensors
[2024-11-17T08:57:50.072+0000] {logging_mixin.py:190} INFO - [2024-11-17T08:57:50.071+0000] {override.py:1911} INFO - Created Permission View: can create on DAG Run:example_sensors
[2024-11-17T08:57:50.092+0000] {logging_mixin.py:190} INFO - [2024-11-17T08:57:50.091+0000] {override.py:1911} INFO - Created Permission View: can read on DAG Run:example_sensors
[2024-11-17T08:57:50.094+0000] {logging_mixin.py:190} INFO - [2024-11-17T08:57:50.093+0000] {dag.py:3239} INFO - Sync 1 DAGs
[2024-11-17T08:57:50.142+0000] {logging_mixin.py:190} INFO - [2024-11-17T08:57:50.141+0000] {dag.py:3262} INFO - Creating ORM DAG for example_sensors
[2024-11-17T08:57:50.144+0000] {logging_mixin.py:190} INFO - [2024-11-17T08:57:50.144+0000] {dag.py:4180} INFO - Setting next_dagrun for example_sensors to None, run_after=None
[2024-11-17T08:57:50.192+0000] {processor.py:208} INFO - Processing /home/airflow/.local/lib/python3.12/site-packages/airflow/example_dags/example_sensors.py took 0.710 seconds
[2024-11-17T08:58:20.861+0000] {processor.py:186} INFO - Started process (PID=150) to work on /home/airflow/.local/lib/python3.12/site-packages/airflow/example_dags/example_sensors.py
[2024-11-17T08:58:20.864+0000] {processor.py:914} INFO - Processing file /home/airflow/.local/lib/python3.12/site-packages/airflow/example_dags/example_sensors.py for tasks to queue
[2024-11-17T08:58:20.871+0000] {logging_mixin.py:190} INFO - [2024-11-17T08:58:20.870+0000] {dagbag.py:588} INFO - Filling up the DagBag from /home/airflow/.local/lib/python3.12/site-packages/airflow/example_dags/example_sensors.py
[2024-11-17T08:58:20.905+0000] {processor.py:925} INFO - DAG(s) 'example_sensors' retrieved from /home/airflow/.local/lib/python3.12/site-packages/airflow/example_dags/example_sensors.py
[2024-11-17T08:58:20.987+0000] {logging_mixin.py:190} INFO - [2024-11-17T08:58:20.986+0000] {dag.py:3239} INFO - Sync 1 DAGs
[2024-11-17T08:58:21.035+0000] {logging_mixin.py:190} INFO - [2024-11-17T08:58:21.034+0000] {dag.py:4180} INFO - Setting next_dagrun for example_sensors to None, run_after=None
[2024-11-17T08:58:21.096+0000] {processor.py:208} INFO - Processing /home/airflow/.local/lib/python3.12/site-packages/airflow/example_dags/example_sensors.py took 0.252 seconds
[2024-11-17T08:58:55.150+0000] {processor.py:186} INFO - Started process (PID=216) to work on /home/airflow/.local/lib/python3.12/site-packages/airflow/example_dags/example_sensors.py
[2024-11-17T08:58:55.153+0000] {processor.py:914} INFO - Processing file /home/airflow/.local/lib/python3.12/site-packages/airflow/example_dags/example_sensors.py for tasks to queue
[2024-11-17T08:58:55.160+0000] {logging_mixin.py:190} INFO - [2024-11-17T08:58:55.159+0000] {dagbag.py:588} INFO - Filling up the DagBag from /home/airflow/.local/lib/python3.12/site-packages/airflow/example_dags/example_sensors.py
[2024-11-17T08:58:55.191+0000] {processor.py:925} INFO - DAG(s) 'example_sensors' retrieved from /home/airflow/.local/lib/python3.12/site-packages/airflow/example_dags/example_sensors.py
[2024-11-17T08:58:55.278+0000] {logging_mixin.py:190} INFO - [2024-11-17T08:58:55.277+0000] {dag.py:3239} INFO - Sync 1 DAGs
[2024-11-17T08:58:55.320+0000] {logging_mixin.py:190} INFO - [2024-11-17T08:58:55.320+0000] {dag.py:4180} INFO - Setting next_dagrun for example_sensors to None, run_after=None
[2024-11-17T08:58:55.372+0000] {processor.py:208} INFO - Processing /home/airflow/.local/lib/python3.12/site-packages/airflow/example_dags/example_sensors.py took 0.250 seconds
[2024-11-17T08:59:30.586+0000] {processor.py:186} INFO - Started process (PID=271) to work on /home/airflow/.local/lib/python3.12/site-packages/airflow/example_dags/example_sensors.py
[2024-11-17T08:59:30.588+0000] {processor.py:914} INFO - Processing file /home/airflow/.local/lib/python3.12/site-packages/airflow/example_dags/example_sensors.py for tasks to queue
[2024-11-17T08:59:30.597+0000] {logging_mixin.py:190} INFO - [2024-11-17T08:59:30.596+0000] {dagbag.py:588} INFO - Filling up the DagBag from /home/airflow/.local/lib/python3.12/site-packages/airflow/example_dags/example_sensors.py
[2024-11-17T08:59:30.651+0000] {processor.py:925} INFO - DAG(s) 'example_sensors' retrieved from /home/airflow/.local/lib/python3.12/site-packages/airflow/example_dags/example_sensors.py
[2024-11-17T08:59:30.764+0000] {logging_mixin.py:190} INFO - [2024-11-17T08:59:30.763+0000] {dag.py:3239} INFO - Sync 1 DAGs
[2024-11-17T08:59:30.816+0000] {logging_mixin.py:190} INFO - [2024-11-17T08:59:30.816+0000] {dag.py:4180} INFO - Setting next_dagrun for example_sensors to None, run_after=None
[2024-11-17T08:59:30.869+0000] {processor.py:208} INFO - Processing /home/airflow/.local/lib/python3.12/site-packages/airflow/example_dags/example_sensors.py took 0.304 seconds
[2024-11-17T09:00:01.748+0000] {processor.py:186} INFO - Started process (PID=337) to work on /home/airflow/.local/lib/python3.12/site-packages/airflow/example_dags/example_sensors.py
[2024-11-17T09:00:01.751+0000] {processor.py:914} INFO - Processing file /home/airflow/.local/lib/python3.12/site-packages/airflow/example_dags/example_sensors.py for tasks to queue
[2024-11-17T09:00:01.758+0000] {logging_mixin.py:190} INFO - [2024-11-17T09:00:01.757+0000] {dagbag.py:588} INFO - Filling up the DagBag from /home/airflow/.local/lib/python3.12/site-packages/airflow/example_dags/example_sensors.py
[2024-11-17T09:00:01.791+0000] {processor.py:925} INFO - DAG(s) 'example_sensors' retrieved from /home/airflow/.local/lib/python3.12/site-packages/airflow/example_dags/example_sensors.py
[2024-11-17T09:00:01.888+0000] {logging_mixin.py:190} INFO - [2024-11-17T09:00:01.887+0000] {dag.py:3239} INFO - Sync 1 DAGs
[2024-11-17T09:00:01.954+0000] {logging_mixin.py:190} INFO - [2024-11-17T09:00:01.953+0000] {dag.py:4180} INFO - Setting next_dagrun for example_sensors to None, run_after=None
[2024-11-17T09:00:02.031+0000] {processor.py:208} INFO - Processing /home/airflow/.local/lib/python3.12/site-packages/airflow/example_dags/example_sensors.py took 0.300 seconds
[2024-11-17T09:00:33.949+0000] {processor.py:186} INFO - Started process (PID=404) to work on /home/airflow/.local/lib/python3.12/site-packages/airflow/example_dags/example_sensors.py
[2024-11-17T09:00:33.952+0000] {processor.py:914} INFO - Processing file /home/airflow/.local/lib/python3.12/site-packages/airflow/example_dags/example_sensors.py for tasks to queue
[2024-11-17T09:00:33.960+0000] {logging_mixin.py:190} INFO - [2024-11-17T09:00:33.958+0000] {dagbag.py:588} INFO - Filling up the DagBag from /home/airflow/.local/lib/python3.12/site-packages/airflow/example_dags/example_sensors.py
[2024-11-17T09:00:34.004+0000] {processor.py:925} INFO - DAG(s) 'example_sensors' retrieved from /home/airflow/.local/lib/python3.12/site-packages/airflow/example_dags/example_sensors.py
[2024-11-17T09:00:34.099+0000] {logging_mixin.py:190} INFO - [2024-11-17T09:00:34.097+0000] {dag.py:3239} INFO - Sync 1 DAGs
[2024-11-17T09:00:34.144+0000] {logging_mixin.py:190} INFO - [2024-11-17T09:00:34.144+0000] {dag.py:4180} INFO - Setting next_dagrun for example_sensors to None, run_after=None
[2024-11-17T09:00:34.205+0000] {processor.py:208} INFO - Processing /home/airflow/.local/lib/python3.12/site-packages/airflow/example_dags/example_sensors.py took 0.278 seconds
[2024-11-17T09:01:06.279+0000] {processor.py:186} INFO - Started process (PID=470) to work on /home/airflow/.local/lib/python3.12/site-packages/airflow/example_dags/example_sensors.py
[2024-11-17T09:01:06.281+0000] {processor.py:914} INFO - Processing file /home/airflow/.local/lib/python3.12/site-packages/airflow/example_dags/example_sensors.py for tasks to queue
[2024-11-17T09:01:06.288+0000] {logging_mixin.py:190} INFO - [2024-11-17T09:01:06.287+0000] {dagbag.py:588} INFO - Filling up the DagBag from /home/airflow/.local/lib/python3.12/site-packages/airflow/example_dags/example_sensors.py
[2024-11-17T09:01:06.320+0000] {processor.py:925} INFO - DAG(s) 'example_sensors' retrieved from /home/airflow/.local/lib/python3.12/site-packages/airflow/example_dags/example_sensors.py
[2024-11-17T09:01:06.396+0000] {logging_mixin.py:190} INFO - [2024-11-17T09:01:06.395+0000] {dag.py:3239} INFO - Sync 1 DAGs
[2024-11-17T09:01:06.435+0000] {logging_mixin.py:190} INFO - [2024-11-17T09:01:06.435+0000] {dag.py:4180} INFO - Setting next_dagrun for example_sensors to None, run_after=None
[2024-11-17T09:01:06.494+0000] {processor.py:208} INFO - Processing /home/airflow/.local/lib/python3.12/site-packages/airflow/example_dags/example_sensors.py took 0.231 seconds
[2024-11-17T09:01:38.725+0000] {processor.py:186} INFO - Started process (PID=542) to work on /home/airflow/.local/lib/python3.12/site-packages/airflow/example_dags/example_sensors.py
[2024-11-17T09:01:38.727+0000] {processor.py:914} INFO - Processing file /home/airflow/.local/lib/python3.12/site-packages/airflow/example_dags/example_sensors.py for tasks to queue
[2024-11-17T09:01:38.734+0000] {logging_mixin.py:190} INFO - [2024-11-17T09:01:38.733+0000] {dagbag.py:588} INFO - Filling up the DagBag from /home/airflow/.local/lib/python3.12/site-packages/airflow/example_dags/example_sensors.py
[2024-11-17T09:01:38.771+0000] {processor.py:925} INFO - DAG(s) 'example_sensors' retrieved from /home/airflow/.local/lib/python3.12/site-packages/airflow/example_dags/example_sensors.py
[2024-11-17T09:01:38.843+0000] {logging_mixin.py:190} INFO - [2024-11-17T09:01:38.842+0000] {dag.py:3239} INFO - Sync 1 DAGs
[2024-11-17T09:01:38.884+0000] {logging_mixin.py:190} INFO - [2024-11-17T09:01:38.883+0000] {dag.py:4180} INFO - Setting next_dagrun for example_sensors to None, run_after=None
[2024-11-17T09:01:38.941+0000] {processor.py:208} INFO - Processing /home/airflow/.local/lib/python3.12/site-packages/airflow/example_dags/example_sensors.py took 0.232 seconds
[2024-11-17T09:02:10.552+0000] {processor.py:186} INFO - Started process (PID=604) to work on /home/airflow/.local/lib/python3.12/site-packages/airflow/example_dags/example_sensors.py
[2024-11-17T09:02:10.555+0000] {processor.py:914} INFO - Processing file /home/airflow/.local/lib/python3.12/site-packages/airflow/example_dags/example_sensors.py for tasks to queue
[2024-11-17T09:02:10.561+0000] {logging_mixin.py:190} INFO - [2024-11-17T09:02:10.560+0000] {dagbag.py:588} INFO - Filling up the DagBag from /home/airflow/.local/lib/python3.12/site-packages/airflow/example_dags/example_sensors.py
[2024-11-17T09:02:10.592+0000] {processor.py:925} INFO - DAG(s) 'example_sensors' retrieved from /home/airflow/.local/lib/python3.12/site-packages/airflow/example_dags/example_sensors.py
[2024-11-17T09:02:10.670+0000] {logging_mixin.py:190} INFO - [2024-11-17T09:02:10.670+0000] {dag.py:3239} INFO - Sync 1 DAGs
[2024-11-17T09:02:10.710+0000] {logging_mixin.py:190} INFO - [2024-11-17T09:02:10.710+0000] {dag.py:4180} INFO - Setting next_dagrun for example_sensors to None, run_after=None
[2024-11-17T09:02:10.760+0000] {processor.py:208} INFO - Processing /home/airflow/.local/lib/python3.12/site-packages/airflow/example_dags/example_sensors.py took 0.225 seconds
[2024-11-17T09:02:43.479+0000] {processor.py:186} INFO - Started process (PID=666) to work on /home/airflow/.local/lib/python3.12/site-packages/airflow/example_dags/example_sensors.py
[2024-11-17T09:02:43.482+0000] {processor.py:914} INFO - Processing file /home/airflow/.local/lib/python3.12/site-packages/airflow/example_dags/example_sensors.py for tasks to queue
[2024-11-17T09:02:43.489+0000] {logging_mixin.py:190} INFO - [2024-11-17T09:02:43.488+0000] {dagbag.py:588} INFO - Filling up the DagBag from /home/airflow/.local/lib/python3.12/site-packages/airflow/example_dags/example_sensors.py
[2024-11-17T09:02:43.529+0000] {processor.py:925} INFO - DAG(s) 'example_sensors' retrieved from /home/airflow/.local/lib/python3.12/site-packages/airflow/example_dags/example_sensors.py
[2024-11-17T09:02:43.616+0000] {logging_mixin.py:190} INFO - [2024-11-17T09:02:43.616+0000] {dag.py:3239} INFO - Sync 1 DAGs
[2024-11-17T09:02:43.665+0000] {logging_mixin.py:190} INFO - [2024-11-17T09:02:43.665+0000] {dag.py:4180} INFO - Setting next_dagrun for example_sensors to None, run_after=None
[2024-11-17T09:02:43.716+0000] {processor.py:208} INFO - Processing /home/airflow/.local/lib/python3.12/site-packages/airflow/example_dags/example_sensors.py took 0.259 seconds
[2024-11-17T09:03:15.386+0000] {processor.py:186} INFO - Started process (PID=732) to work on /home/airflow/.local/lib/python3.12/site-packages/airflow/example_dags/example_sensors.py
[2024-11-17T09:03:15.390+0000] {processor.py:914} INFO - Processing file /home/airflow/.local/lib/python3.12/site-packages/airflow/example_dags/example_sensors.py for tasks to queue
[2024-11-17T09:03:15.399+0000] {logging_mixin.py:190} INFO - [2024-11-17T09:03:15.398+0000] {dagbag.py:588} INFO - Filling up the DagBag from /home/airflow/.local/lib/python3.12/site-packages/airflow/example_dags/example_sensors.py
[2024-11-17T09:03:15.454+0000] {processor.py:925} INFO - DAG(s) 'example_sensors' retrieved from /home/airflow/.local/lib/python3.12/site-packages/airflow/example_dags/example_sensors.py
[2024-11-17T09:03:15.555+0000] {logging_mixin.py:190} INFO - [2024-11-17T09:03:15.554+0000] {dag.py:3239} INFO - Sync 1 DAGs
[2024-11-17T09:03:15.609+0000] {logging_mixin.py:190} INFO - [2024-11-17T09:03:15.608+0000] {dag.py:4180} INFO - Setting next_dagrun for example_sensors to None, run_after=None
[2024-11-17T09:03:15.661+0000] {processor.py:208} INFO - Processing /home/airflow/.local/lib/python3.12/site-packages/airflow/example_dags/example_sensors.py took 0.297 seconds
[2024-11-17T09:03:47.717+0000] {processor.py:186} INFO - Started process (PID=798) to work on /home/airflow/.local/lib/python3.12/site-packages/airflow/example_dags/example_sensors.py
[2024-11-17T09:03:47.720+0000] {processor.py:914} INFO - Processing file /home/airflow/.local/lib/python3.12/site-packages/airflow/example_dags/example_sensors.py for tasks to queue
[2024-11-17T09:03:47.728+0000] {logging_mixin.py:190} INFO - [2024-11-17T09:03:47.727+0000] {dagbag.py:588} INFO - Filling up the DagBag from /home/airflow/.local/lib/python3.12/site-packages/airflow/example_dags/example_sensors.py
[2024-11-17T09:03:47.771+0000] {processor.py:925} INFO - DAG(s) 'example_sensors' retrieved from /home/airflow/.local/lib/python3.12/site-packages/airflow/example_dags/example_sensors.py
[2024-11-17T09:03:47.859+0000] {logging_mixin.py:190} INFO - [2024-11-17T09:03:47.858+0000] {dag.py:3239} INFO - Sync 1 DAGs
[2024-11-17T09:03:47.899+0000] {logging_mixin.py:190} INFO - [2024-11-17T09:03:47.898+0000] {dag.py:4180} INFO - Setting next_dagrun for example_sensors to None, run_after=None
[2024-11-17T09:03:47.949+0000] {processor.py:208} INFO - Processing /home/airflow/.local/lib/python3.12/site-packages/airflow/example_dags/example_sensors.py took 0.254 seconds
[2024-11-17T09:04:19.110+0000] {processor.py:186} INFO - Started process (PID=862) to work on /home/airflow/.local/lib/python3.12/site-packages/airflow/example_dags/example_sensors.py
[2024-11-17T09:04:19.112+0000] {processor.py:914} INFO - Processing file /home/airflow/.local/lib/python3.12/site-packages/airflow/example_dags/example_sensors.py for tasks to queue
[2024-11-17T09:04:19.119+0000] {logging_mixin.py:190} INFO - [2024-11-17T09:04:19.118+0000] {dagbag.py:588} INFO - Filling up the DagBag from /home/airflow/.local/lib/python3.12/site-packages/airflow/example_dags/example_sensors.py
[2024-11-17T09:04:19.156+0000] {processor.py:925} INFO - DAG(s) 'example_sensors' retrieved from /home/airflow/.local/lib/python3.12/site-packages/airflow/example_dags/example_sensors.py
[2024-11-17T09:04:19.240+0000] {logging_mixin.py:190} INFO - [2024-11-17T09:04:19.240+0000] {dag.py:3239} INFO - Sync 1 DAGs
[2024-11-17T09:04:19.288+0000] {logging_mixin.py:190} INFO - [2024-11-17T09:04:19.288+0000] {dag.py:4180} INFO - Setting next_dagrun for example_sensors to None, run_after=None
[2024-11-17T09:04:19.345+0000] {processor.py:208} INFO - Processing /home/airflow/.local/lib/python3.12/site-packages/airflow/example_dags/example_sensors.py took 0.253 seconds
[2024-11-17T09:04:50.806+0000] {processor.py:186} INFO - Started process (PID=927) to work on /home/airflow/.local/lib/python3.12/site-packages/airflow/example_dags/example_sensors.py
[2024-11-17T09:04:50.809+0000] {processor.py:914} INFO - Processing file /home/airflow/.local/lib/python3.12/site-packages/airflow/example_dags/example_sensors.py for tasks to queue
[2024-11-17T09:04:50.817+0000] {logging_mixin.py:190} INFO - [2024-11-17T09:04:50.816+0000] {dagbag.py:588} INFO - Filling up the DagBag from /home/airflow/.local/lib/python3.12/site-packages/airflow/example_dags/example_sensors.py
[2024-11-17T09:04:50.857+0000] {processor.py:925} INFO - DAG(s) 'example_sensors' retrieved from /home/airflow/.local/lib/python3.12/site-packages/airflow/example_dags/example_sensors.py
[2024-11-17T09:04:50.951+0000] {logging_mixin.py:190} INFO - [2024-11-17T09:04:50.950+0000] {dag.py:3239} INFO - Sync 1 DAGs
[2024-11-17T09:04:51.005+0000] {logging_mixin.py:190} INFO - [2024-11-17T09:04:51.004+0000] {dag.py:4180} INFO - Setting next_dagrun for example_sensors to None, run_after=None
[2024-11-17T09:04:51.071+0000] {processor.py:208} INFO - Processing /home/airflow/.local/lib/python3.12/site-packages/airflow/example_dags/example_sensors.py took 0.286 seconds
[2024-11-17T09:05:21.635+0000] {processor.py:186} INFO - Started process (PID=993) to work on /home/airflow/.local/lib/python3.12/site-packages/airflow/example_dags/example_sensors.py
[2024-11-17T09:05:21.638+0000] {processor.py:914} INFO - Processing file /home/airflow/.local/lib/python3.12/site-packages/airflow/example_dags/example_sensors.py for tasks to queue
[2024-11-17T09:05:21.648+0000] {logging_mixin.py:190} INFO - [2024-11-17T09:05:21.647+0000] {dagbag.py:588} INFO - Filling up the DagBag from /home/airflow/.local/lib/python3.12/site-packages/airflow/example_dags/example_sensors.py
[2024-11-17T09:05:21.690+0000] {processor.py:925} INFO - DAG(s) 'example_sensors' retrieved from /home/airflow/.local/lib/python3.12/site-packages/airflow/example_dags/example_sensors.py
[2024-11-17T09:05:21.788+0000] {logging_mixin.py:190} INFO - [2024-11-17T09:05:21.787+0000] {dag.py:3239} INFO - Sync 1 DAGs
[2024-11-17T09:05:21.836+0000] {logging_mixin.py:190} INFO - [2024-11-17T09:05:21.835+0000] {dag.py:4180} INFO - Setting next_dagrun for example_sensors to None, run_after=None
[2024-11-17T09:05:21.894+0000] {processor.py:208} INFO - Processing /home/airflow/.local/lib/python3.12/site-packages/airflow/example_dags/example_sensors.py took 0.279 seconds
[2024-11-17T09:05:52.484+0000] {processor.py:186} INFO - Started process (PID=1058) to work on /home/airflow/.local/lib/python3.12/site-packages/airflow/example_dags/example_sensors.py
[2024-11-17T09:05:52.487+0000] {processor.py:914} INFO - Processing file /home/airflow/.local/lib/python3.12/site-packages/airflow/example_dags/example_sensors.py for tasks to queue
[2024-11-17T09:05:52.495+0000] {logging_mixin.py:190} INFO - [2024-11-17T09:05:52.494+0000] {dagbag.py:588} INFO - Filling up the DagBag from /home/airflow/.local/lib/python3.12/site-packages/airflow/example_dags/example_sensors.py
[2024-11-17T09:05:52.536+0000] {processor.py:925} INFO - DAG(s) 'example_sensors' retrieved from /home/airflow/.local/lib/python3.12/site-packages/airflow/example_dags/example_sensors.py
[2024-11-17T09:05:52.627+0000] {logging_mixin.py:190} INFO - [2024-11-17T09:05:52.626+0000] {dag.py:3239} INFO - Sync 1 DAGs
[2024-11-17T09:05:52.698+0000] {logging_mixin.py:190} INFO - [2024-11-17T09:05:52.697+0000] {dag.py:4180} INFO - Setting next_dagrun for example_sensors to None, run_after=None
[2024-11-17T09:05:52.768+0000] {processor.py:208} INFO - Processing /home/airflow/.local/lib/python3.12/site-packages/airflow/example_dags/example_sensors.py took 0.302 seconds
[2024-11-17T09:06:22.944+0000] {processor.py:186} INFO - Started process (PID=1123) to work on /home/airflow/.local/lib/python3.12/site-packages/airflow/example_dags/example_sensors.py
[2024-11-17T09:06:22.946+0000] {processor.py:914} INFO - Processing file /home/airflow/.local/lib/python3.12/site-packages/airflow/example_dags/example_sensors.py for tasks to queue
[2024-11-17T09:06:22.953+0000] {logging_mixin.py:190} INFO - [2024-11-17T09:06:22.952+0000] {dagbag.py:588} INFO - Filling up the DagBag from /home/airflow/.local/lib/python3.12/site-packages/airflow/example_dags/example_sensors.py
[2024-11-17T09:06:22.984+0000] {processor.py:925} INFO - DAG(s) 'example_sensors' retrieved from /home/airflow/.local/lib/python3.12/site-packages/airflow/example_dags/example_sensors.py
[2024-11-17T09:06:23.059+0000] {logging_mixin.py:190} INFO - [2024-11-17T09:06:23.058+0000] {dag.py:3239} INFO - Sync 1 DAGs
[2024-11-17T09:06:23.099+0000] {logging_mixin.py:190} INFO - [2024-11-17T09:06:23.099+0000] {dag.py:4180} INFO - Setting next_dagrun for example_sensors to None, run_after=None
[2024-11-17T09:06:23.152+0000] {processor.py:208} INFO - Processing /home/airflow/.local/lib/python3.12/site-packages/airflow/example_dags/example_sensors.py took 0.225 seconds
[2024-11-17T09:06:53.443+0000] {processor.py:186} INFO - Started process (PID=1189) to work on /home/airflow/.local/lib/python3.12/site-packages/airflow/example_dags/example_sensors.py
[2024-11-17T09:06:53.447+0000] {processor.py:914} INFO - Processing file /home/airflow/.local/lib/python3.12/site-packages/airflow/example_dags/example_sensors.py for tasks to queue
[2024-11-17T09:06:53.457+0000] {logging_mixin.py:190} INFO - [2024-11-17T09:06:53.456+0000] {dagbag.py:588} INFO - Filling up the DagBag from /home/airflow/.local/lib/python3.12/site-packages/airflow/example_dags/example_sensors.py
[2024-11-17T09:06:53.502+0000] {processor.py:925} INFO - DAG(s) 'example_sensors' retrieved from /home/airflow/.local/lib/python3.12/site-packages/airflow/example_dags/example_sensors.py
[2024-11-17T09:06:53.581+0000] {logging_mixin.py:190} INFO - [2024-11-17T09:06:53.581+0000] {dag.py:3239} INFO - Sync 1 DAGs
[2024-11-17T09:06:53.619+0000] {logging_mixin.py:190} INFO - [2024-11-17T09:06:53.618+0000] {dag.py:4180} INFO - Setting next_dagrun for example_sensors to None, run_after=None
[2024-11-17T09:06:53.674+0000] {processor.py:208} INFO - Processing /home/airflow/.local/lib/python3.12/site-packages/airflow/example_dags/example_sensors.py took 0.256 seconds
[2024-11-17T09:07:24.567+0000] {processor.py:186} INFO - Started process (PID=1256) to work on /home/airflow/.local/lib/python3.12/site-packages/airflow/example_dags/example_sensors.py
[2024-11-17T09:07:24.570+0000] {processor.py:914} INFO - Processing file /home/airflow/.local/lib/python3.12/site-packages/airflow/example_dags/example_sensors.py for tasks to queue
[2024-11-17T09:07:24.577+0000] {logging_mixin.py:190} INFO - [2024-11-17T09:07:24.576+0000] {dagbag.py:588} INFO - Filling up the DagBag from /home/airflow/.local/lib/python3.12/site-packages/airflow/example_dags/example_sensors.py
[2024-11-17T09:07:24.608+0000] {processor.py:925} INFO - DAG(s) 'example_sensors' retrieved from /home/airflow/.local/lib/python3.12/site-packages/airflow/example_dags/example_sensors.py
[2024-11-17T09:07:24.680+0000] {logging_mixin.py:190} INFO - [2024-11-17T09:07:24.679+0000] {dag.py:3239} INFO - Sync 1 DAGs
[2024-11-17T09:07:24.727+0000] {logging_mixin.py:190} INFO - [2024-11-17T09:07:24.726+0000] {dag.py:4180} INFO - Setting next_dagrun for example_sensors to None, run_after=None
[2024-11-17T09:07:24.783+0000] {processor.py:208} INFO - Processing /home/airflow/.local/lib/python3.12/site-packages/airflow/example_dags/example_sensors.py took 0.234 seconds
[2024-11-17T09:07:55.062+0000] {processor.py:186} INFO - Started process (PID=1322) to work on /home/airflow/.local/lib/python3.12/site-packages/airflow/example_dags/example_sensors.py
[2024-11-17T09:07:55.065+0000] {processor.py:914} INFO - Processing file /home/airflow/.local/lib/python3.12/site-packages/airflow/example_dags/example_sensors.py for tasks to queue
[2024-11-17T09:07:55.073+0000] {logging_mixin.py:190} INFO - [2024-11-17T09:07:55.071+0000] {dagbag.py:588} INFO - Filling up the DagBag from /home/airflow/.local/lib/python3.12/site-packages/airflow/example_dags/example_sensors.py
[2024-11-17T09:07:55.115+0000] {processor.py:925} INFO - DAG(s) 'example_sensors' retrieved from /home/airflow/.local/lib/python3.12/site-packages/airflow/example_dags/example_sensors.py
[2024-11-17T09:07:55.197+0000] {logging_mixin.py:190} INFO - [2024-11-17T09:07:55.197+0000] {dag.py:3239} INFO - Sync 1 DAGs
[2024-11-17T09:07:55.254+0000] {logging_mixin.py:190} INFO - [2024-11-17T09:07:55.254+0000] {dag.py:4180} INFO - Setting next_dagrun for example_sensors to None, run_after=None
[2024-11-17T09:07:55.325+0000] {processor.py:208} INFO - Processing /home/airflow/.local/lib/python3.12/site-packages/airflow/example_dags/example_sensors.py took 0.280 seconds
[2024-11-17T09:08:25.678+0000] {processor.py:186} INFO - Started process (PID=1388) to work on /home/airflow/.local/lib/python3.12/site-packages/airflow/example_dags/example_sensors.py
[2024-11-17T09:08:25.682+0000] {processor.py:914} INFO - Processing file /home/airflow/.local/lib/python3.12/site-packages/airflow/example_dags/example_sensors.py for tasks to queue
[2024-11-17T09:08:25.690+0000] {logging_mixin.py:190} INFO - [2024-11-17T09:08:25.689+0000] {dagbag.py:588} INFO - Filling up the DagBag from /home/airflow/.local/lib/python3.12/site-packages/airflow/example_dags/example_sensors.py
[2024-11-17T09:08:25.749+0000] {processor.py:925} INFO - DAG(s) 'example_sensors' retrieved from /home/airflow/.local/lib/python3.12/site-packages/airflow/example_dags/example_sensors.py
[2024-11-17T09:08:25.848+0000] {logging_mixin.py:190} INFO - [2024-11-17T09:08:25.847+0000] {dag.py:3239} INFO - Sync 1 DAGs
[2024-11-17T09:08:25.912+0000] {logging_mixin.py:190} INFO - [2024-11-17T09:08:25.911+0000] {dag.py:4180} INFO - Setting next_dagrun for example_sensors to None, run_after=None
[2024-11-17T09:08:25.980+0000] {processor.py:208} INFO - Processing /home/airflow/.local/lib/python3.12/site-packages/airflow/example_dags/example_sensors.py took 0.331 seconds
[2024-11-17T09:08:56.445+0000] {processor.py:186} INFO - Started process (PID=1454) to work on /home/airflow/.local/lib/python3.12/site-packages/airflow/example_dags/example_sensors.py
[2024-11-17T09:08:56.448+0000] {processor.py:914} INFO - Processing file /home/airflow/.local/lib/python3.12/site-packages/airflow/example_dags/example_sensors.py for tasks to queue
[2024-11-17T09:08:56.455+0000] {logging_mixin.py:190} INFO - [2024-11-17T09:08:56.454+0000] {dagbag.py:588} INFO - Filling up the DagBag from /home/airflow/.local/lib/python3.12/site-packages/airflow/example_dags/example_sensors.py
[2024-11-17T09:08:56.487+0000] {processor.py:925} INFO - DAG(s) 'example_sensors' retrieved from /home/airflow/.local/lib/python3.12/site-packages/airflow/example_dags/example_sensors.py
[2024-11-17T09:08:56.563+0000] {logging_mixin.py:190} INFO - [2024-11-17T09:08:56.562+0000] {dag.py:3239} INFO - Sync 1 DAGs
[2024-11-17T09:08:56.604+0000] {logging_mixin.py:190} INFO - [2024-11-17T09:08:56.603+0000] {dag.py:4180} INFO - Setting next_dagrun for example_sensors to None, run_after=None
[2024-11-17T09:08:56.655+0000] {processor.py:208} INFO - Processing /home/airflow/.local/lib/python3.12/site-packages/airflow/example_dags/example_sensors.py took 0.227 seconds
[2024-11-17T09:09:26.967+0000] {processor.py:186} INFO - Started process (PID=1520) to work on /home/airflow/.local/lib/python3.12/site-packages/airflow/example_dags/example_sensors.py
[2024-11-17T09:09:26.971+0000] {processor.py:914} INFO - Processing file /home/airflow/.local/lib/python3.12/site-packages/airflow/example_dags/example_sensors.py for tasks to queue
[2024-11-17T09:09:26.978+0000] {logging_mixin.py:190} INFO - [2024-11-17T09:09:26.977+0000] {dagbag.py:588} INFO - Filling up the DagBag from /home/airflow/.local/lib/python3.12/site-packages/airflow/example_dags/example_sensors.py
[2024-11-17T09:09:27.017+0000] {processor.py:925} INFO - DAG(s) 'example_sensors' retrieved from /home/airflow/.local/lib/python3.12/site-packages/airflow/example_dags/example_sensors.py
[2024-11-17T09:09:27.108+0000] {logging_mixin.py:190} INFO - [2024-11-17T09:09:27.108+0000] {dag.py:3239} INFO - Sync 1 DAGs
[2024-11-17T09:09:27.159+0000] {logging_mixin.py:190} INFO - [2024-11-17T09:09:27.158+0000] {dag.py:4180} INFO - Setting next_dagrun for example_sensors to None, run_after=None
[2024-11-17T09:09:27.215+0000] {processor.py:208} INFO - Processing /home/airflow/.local/lib/python3.12/site-packages/airflow/example_dags/example_sensors.py took 0.265 seconds
[2024-11-17T09:09:58.834+0000] {processor.py:186} INFO - Started process (PID=1586) to work on /home/airflow/.local/lib/python3.12/site-packages/airflow/example_dags/example_sensors.py
[2024-11-17T09:09:58.838+0000] {processor.py:914} INFO - Processing file /home/airflow/.local/lib/python3.12/site-packages/airflow/example_dags/example_sensors.py for tasks to queue
[2024-11-17T09:09:58.847+0000] {logging_mixin.py:190} INFO - [2024-11-17T09:09:58.846+0000] {dagbag.py:588} INFO - Filling up the DagBag from /home/airflow/.local/lib/python3.12/site-packages/airflow/example_dags/example_sensors.py
[2024-11-17T09:09:58.894+0000] {processor.py:925} INFO - DAG(s) 'example_sensors' retrieved from /home/airflow/.local/lib/python3.12/site-packages/airflow/example_dags/example_sensors.py
[2024-11-17T09:09:59.013+0000] {logging_mixin.py:190} INFO - [2024-11-17T09:09:59.011+0000] {dag.py:3239} INFO - Sync 1 DAGs
[2024-11-17T09:09:59.066+0000] {logging_mixin.py:190} INFO - [2024-11-17T09:09:59.066+0000] {dag.py:4180} INFO - Setting next_dagrun for example_sensors to None, run_after=None
[2024-11-17T09:09:59.131+0000] {processor.py:208} INFO - Processing /home/airflow/.local/lib/python3.12/site-packages/airflow/example_dags/example_sensors.py took 0.321 seconds
[2024-11-17T09:10:29.587+0000] {processor.py:186} INFO - Started process (PID=1651) to work on /home/airflow/.local/lib/python3.12/site-packages/airflow/example_dags/example_sensors.py
[2024-11-17T09:10:29.593+0000] {processor.py:914} INFO - Processing file /home/airflow/.local/lib/python3.12/site-packages/airflow/example_dags/example_sensors.py for tasks to queue
[2024-11-17T09:10:29.603+0000] {logging_mixin.py:190} INFO - [2024-11-17T09:10:29.601+0000] {dagbag.py:588} INFO - Filling up the DagBag from /home/airflow/.local/lib/python3.12/site-packages/airflow/example_dags/example_sensors.py
[2024-11-17T09:10:29.656+0000] {processor.py:925} INFO - DAG(s) 'example_sensors' retrieved from /home/airflow/.local/lib/python3.12/site-packages/airflow/example_dags/example_sensors.py
[2024-11-17T09:10:29.792+0000] {logging_mixin.py:190} INFO - [2024-11-17T09:10:29.790+0000] {dag.py:3239} INFO - Sync 1 DAGs
[2024-11-17T09:10:29.897+0000] {logging_mixin.py:190} INFO - [2024-11-17T09:10:29.896+0000] {dag.py:4180} INFO - Setting next_dagrun for example_sensors to None, run_after=None
[2024-11-17T09:10:29.980+0000] {processor.py:208} INFO - Processing /home/airflow/.local/lib/python3.12/site-packages/airflow/example_dags/example_sensors.py took 0.430 seconds
[2024-11-17T09:11:00.864+0000] {processor.py:186} INFO - Started process (PID=1717) to work on /home/airflow/.local/lib/python3.12/site-packages/airflow/example_dags/example_sensors.py
[2024-11-17T09:11:00.876+0000] {processor.py:914} INFO - Processing file /home/airflow/.local/lib/python3.12/site-packages/airflow/example_dags/example_sensors.py for tasks to queue
[2024-11-17T09:11:00.903+0000] {logging_mixin.py:190} INFO - [2024-11-17T09:11:00.901+0000] {dagbag.py:588} INFO - Filling up the DagBag from /home/airflow/.local/lib/python3.12/site-packages/airflow/example_dags/example_sensors.py
[2024-11-17T09:11:01.026+0000] {processor.py:925} INFO - DAG(s) 'example_sensors' retrieved from /home/airflow/.local/lib/python3.12/site-packages/airflow/example_dags/example_sensors.py
[2024-11-17T09:11:01.270+0000] {logging_mixin.py:190} INFO - [2024-11-17T09:11:01.269+0000] {dag.py:3239} INFO - Sync 1 DAGs
[2024-11-17T09:11:01.376+0000] {logging_mixin.py:190} INFO - [2024-11-17T09:11:01.374+0000] {dag.py:4180} INFO - Setting next_dagrun for example_sensors to None, run_after=None
[2024-11-17T09:11:01.518+0000] {processor.py:208} INFO - Processing /home/airflow/.local/lib/python3.12/site-packages/airflow/example_dags/example_sensors.py took 0.709 seconds
[2024-11-17T09:11:31.820+0000] {processor.py:186} INFO - Started process (PID=1782) to work on /home/airflow/.local/lib/python3.12/site-packages/airflow/example_dags/example_sensors.py
[2024-11-17T09:11:31.823+0000] {processor.py:914} INFO - Processing file /home/airflow/.local/lib/python3.12/site-packages/airflow/example_dags/example_sensors.py for tasks to queue
[2024-11-17T09:11:31.834+0000] {logging_mixin.py:190} INFO - [2024-11-17T09:11:31.831+0000] {dagbag.py:588} INFO - Filling up the DagBag from /home/airflow/.local/lib/python3.12/site-packages/airflow/example_dags/example_sensors.py
[2024-11-17T09:11:31.879+0000] {processor.py:925} INFO - DAG(s) 'example_sensors' retrieved from /home/airflow/.local/lib/python3.12/site-packages/airflow/example_dags/example_sensors.py
[2024-11-17T09:11:31.960+0000] {logging_mixin.py:190} INFO - [2024-11-17T09:11:31.959+0000] {dag.py:3239} INFO - Sync 1 DAGs
[2024-11-17T09:11:32.001+0000] {logging_mixin.py:190} INFO - [2024-11-17T09:11:32.001+0000] {dag.py:4180} INFO - Setting next_dagrun for example_sensors to None, run_after=None
[2024-11-17T09:11:32.056+0000] {processor.py:208} INFO - Processing /home/airflow/.local/lib/python3.12/site-packages/airflow/example_dags/example_sensors.py took 0.280 seconds
[2024-11-17T09:12:02.272+0000] {processor.py:186} INFO - Started process (PID=1848) to work on /home/airflow/.local/lib/python3.12/site-packages/airflow/example_dags/example_sensors.py
[2024-11-17T09:12:02.276+0000] {processor.py:914} INFO - Processing file /home/airflow/.local/lib/python3.12/site-packages/airflow/example_dags/example_sensors.py for tasks to queue
[2024-11-17T09:12:02.282+0000] {logging_mixin.py:190} INFO - [2024-11-17T09:12:02.281+0000] {dagbag.py:588} INFO - Filling up the DagBag from /home/airflow/.local/lib/python3.12/site-packages/airflow/example_dags/example_sensors.py
[2024-11-17T09:12:02.314+0000] {processor.py:925} INFO - DAG(s) 'example_sensors' retrieved from /home/airflow/.local/lib/python3.12/site-packages/airflow/example_dags/example_sensors.py
[2024-11-17T09:12:02.400+0000] {logging_mixin.py:190} INFO - [2024-11-17T09:12:02.399+0000] {dag.py:3239} INFO - Sync 1 DAGs
[2024-11-17T09:12:02.443+0000] {logging_mixin.py:190} INFO - [2024-11-17T09:12:02.442+0000] {dag.py:4180} INFO - Setting next_dagrun for example_sensors to None, run_after=None
[2024-11-17T09:12:02.505+0000] {processor.py:208} INFO - Processing /home/airflow/.local/lib/python3.12/site-packages/airflow/example_dags/example_sensors.py took 0.250 seconds
[2024-11-17T09:12:34.826+0000] {processor.py:186} INFO - Started process (PID=1914) to work on /home/airflow/.local/lib/python3.12/site-packages/airflow/example_dags/example_sensors.py
[2024-11-17T09:12:34.830+0000] {processor.py:914} INFO - Processing file /home/airflow/.local/lib/python3.12/site-packages/airflow/example_dags/example_sensors.py for tasks to queue
[2024-11-17T09:12:34.840+0000] {logging_mixin.py:190} INFO - [2024-11-17T09:12:34.839+0000] {dagbag.py:588} INFO - Filling up the DagBag from /home/airflow/.local/lib/python3.12/site-packages/airflow/example_dags/example_sensors.py
[2024-11-17T09:12:34.895+0000] {processor.py:925} INFO - DAG(s) 'example_sensors' retrieved from /home/airflow/.local/lib/python3.12/site-packages/airflow/example_dags/example_sensors.py
[2024-11-17T09:12:35.014+0000] {logging_mixin.py:190} INFO - [2024-11-17T09:12:35.013+0000] {dag.py:3239} INFO - Sync 1 DAGs
[2024-11-17T09:12:35.093+0000] {logging_mixin.py:190} INFO - [2024-11-17T09:12:35.092+0000] {dag.py:4180} INFO - Setting next_dagrun for example_sensors to None, run_after=None
[2024-11-17T09:12:35.176+0000] {processor.py:208} INFO - Processing /home/airflow/.local/lib/python3.12/site-packages/airflow/example_dags/example_sensors.py took 0.377 seconds
[2024-11-17T09:13:05.633+0000] {processor.py:186} INFO - Started process (PID=1979) to work on /home/airflow/.local/lib/python3.12/site-packages/airflow/example_dags/example_sensors.py
[2024-11-17T09:13:05.637+0000] {processor.py:914} INFO - Processing file /home/airflow/.local/lib/python3.12/site-packages/airflow/example_dags/example_sensors.py for tasks to queue
[2024-11-17T09:13:05.644+0000] {logging_mixin.py:190} INFO - [2024-11-17T09:13:05.643+0000] {dagbag.py:588} INFO - Filling up the DagBag from /home/airflow/.local/lib/python3.12/site-packages/airflow/example_dags/example_sensors.py
[2024-11-17T09:13:05.678+0000] {processor.py:925} INFO - DAG(s) 'example_sensors' retrieved from /home/airflow/.local/lib/python3.12/site-packages/airflow/example_dags/example_sensors.py
[2024-11-17T09:13:05.756+0000] {logging_mixin.py:190} INFO - [2024-11-17T09:13:05.756+0000] {dag.py:3239} INFO - Sync 1 DAGs
[2024-11-17T09:13:05.798+0000] {logging_mixin.py:190} INFO - [2024-11-17T09:13:05.797+0000] {dag.py:4180} INFO - Setting next_dagrun for example_sensors to None, run_after=None
[2024-11-17T09:13:05.855+0000] {processor.py:208} INFO - Processing /home/airflow/.local/lib/python3.12/site-packages/airflow/example_dags/example_sensors.py took 0.244 seconds
[2024-11-17T09:13:36.473+0000] {processor.py:186} INFO - Started process (PID=2044) to work on /home/airflow/.local/lib/python3.12/site-packages/airflow/example_dags/example_sensors.py
[2024-11-17T09:13:36.476+0000] {processor.py:914} INFO - Processing file /home/airflow/.local/lib/python3.12/site-packages/airflow/example_dags/example_sensors.py for tasks to queue
[2024-11-17T09:13:36.482+0000] {logging_mixin.py:190} INFO - [2024-11-17T09:13:36.481+0000] {dagbag.py:588} INFO - Filling up the DagBag from /home/airflow/.local/lib/python3.12/site-packages/airflow/example_dags/example_sensors.py
[2024-11-17T09:13:36.512+0000] {processor.py:925} INFO - DAG(s) 'example_sensors' retrieved from /home/airflow/.local/lib/python3.12/site-packages/airflow/example_dags/example_sensors.py
[2024-11-17T09:13:36.588+0000] {logging_mixin.py:190} INFO - [2024-11-17T09:13:36.587+0000] {dag.py:3239} INFO - Sync 1 DAGs
[2024-11-17T09:13:36.631+0000] {logging_mixin.py:190} INFO - [2024-11-17T09:13:36.631+0000] {dag.py:4180} INFO - Setting next_dagrun for example_sensors to None, run_after=None
[2024-11-17T09:13:36.698+0000] {processor.py:208} INFO - Processing /home/airflow/.local/lib/python3.12/site-packages/airflow/example_dags/example_sensors.py took 0.242 seconds
[2024-11-17T09:14:07.067+0000] {processor.py:186} INFO - Started process (PID=2110) to work on /home/airflow/.local/lib/python3.12/site-packages/airflow/example_dags/example_sensors.py
[2024-11-17T09:14:07.070+0000] {processor.py:914} INFO - Processing file /home/airflow/.local/lib/python3.12/site-packages/airflow/example_dags/example_sensors.py for tasks to queue
[2024-11-17T09:14:07.085+0000] {logging_mixin.py:190} INFO - [2024-11-17T09:14:07.084+0000] {dagbag.py:588} INFO - Filling up the DagBag from /home/airflow/.local/lib/python3.12/site-packages/airflow/example_dags/example_sensors.py
[2024-11-17T09:14:07.137+0000] {processor.py:925} INFO - DAG(s) 'example_sensors' retrieved from /home/airflow/.local/lib/python3.12/site-packages/airflow/example_dags/example_sensors.py
[2024-11-17T09:14:07.224+0000] {logging_mixin.py:190} INFO - [2024-11-17T09:14:07.223+0000] {dag.py:3239} INFO - Sync 1 DAGs
[2024-11-17T09:14:07.267+0000] {logging_mixin.py:190} INFO - [2024-11-17T09:14:07.266+0000] {dag.py:4180} INFO - Setting next_dagrun for example_sensors to None, run_after=None
[2024-11-17T09:14:07.316+0000] {processor.py:208} INFO - Processing /home/airflow/.local/lib/python3.12/site-packages/airflow/example_dags/example_sensors.py took 0.276 seconds
[2024-11-17T09:14:37.979+0000] {processor.py:186} INFO - Started process (PID=2175) to work on /home/airflow/.local/lib/python3.12/site-packages/airflow/example_dags/example_sensors.py
[2024-11-17T09:14:37.982+0000] {processor.py:914} INFO - Processing file /home/airflow/.local/lib/python3.12/site-packages/airflow/example_dags/example_sensors.py for tasks to queue
[2024-11-17T09:14:37.989+0000] {logging_mixin.py:190} INFO - [2024-11-17T09:14:37.988+0000] {dagbag.py:588} INFO - Filling up the DagBag from /home/airflow/.local/lib/python3.12/site-packages/airflow/example_dags/example_sensors.py
[2024-11-17T09:14:38.030+0000] {processor.py:925} INFO - DAG(s) 'example_sensors' retrieved from /home/airflow/.local/lib/python3.12/site-packages/airflow/example_dags/example_sensors.py
[2024-11-17T09:14:38.113+0000] {logging_mixin.py:190} INFO - [2024-11-17T09:14:38.113+0000] {dag.py:3239} INFO - Sync 1 DAGs
[2024-11-17T09:14:38.156+0000] {logging_mixin.py:190} INFO - [2024-11-17T09:14:38.156+0000] {dag.py:4180} INFO - Setting next_dagrun for example_sensors to None, run_after=None
[2024-11-17T09:14:38.221+0000] {processor.py:208} INFO - Processing /home/airflow/.local/lib/python3.12/site-packages/airflow/example_dags/example_sensors.py took 0.264 seconds
[2024-11-17T09:15:08.600+0000] {processor.py:186} INFO - Started process (PID=2241) to work on /home/airflow/.local/lib/python3.12/site-packages/airflow/example_dags/example_sensors.py
[2024-11-17T09:15:08.603+0000] {processor.py:914} INFO - Processing file /home/airflow/.local/lib/python3.12/site-packages/airflow/example_dags/example_sensors.py for tasks to queue
[2024-11-17T09:15:08.610+0000] {logging_mixin.py:190} INFO - [2024-11-17T09:15:08.609+0000] {dagbag.py:588} INFO - Filling up the DagBag from /home/airflow/.local/lib/python3.12/site-packages/airflow/example_dags/example_sensors.py
[2024-11-17T09:15:08.651+0000] {processor.py:925} INFO - DAG(s) 'example_sensors' retrieved from /home/airflow/.local/lib/python3.12/site-packages/airflow/example_dags/example_sensors.py
[2024-11-17T09:15:08.746+0000] {logging_mixin.py:190} INFO - [2024-11-17T09:15:08.745+0000] {dag.py:3239} INFO - Sync 1 DAGs
[2024-11-17T09:15:08.806+0000] {logging_mixin.py:190} INFO - [2024-11-17T09:15:08.805+0000] {dag.py:4180} INFO - Setting next_dagrun for example_sensors to None, run_after=None
[2024-11-17T09:15:08.878+0000] {processor.py:208} INFO - Processing /home/airflow/.local/lib/python3.12/site-packages/airflow/example_dags/example_sensors.py took 0.294 seconds
[2024-11-17T09:15:39.189+0000] {processor.py:186} INFO - Started process (PID=2306) to work on /home/airflow/.local/lib/python3.12/site-packages/airflow/example_dags/example_sensors.py
[2024-11-17T09:15:39.191+0000] {processor.py:914} INFO - Processing file /home/airflow/.local/lib/python3.12/site-packages/airflow/example_dags/example_sensors.py for tasks to queue
[2024-11-17T09:15:39.198+0000] {logging_mixin.py:190} INFO - [2024-11-17T09:15:39.197+0000] {dagbag.py:588} INFO - Filling up the DagBag from /home/airflow/.local/lib/python3.12/site-packages/airflow/example_dags/example_sensors.py
[2024-11-17T09:15:39.230+0000] {processor.py:925} INFO - DAG(s) 'example_sensors' retrieved from /home/airflow/.local/lib/python3.12/site-packages/airflow/example_dags/example_sensors.py
[2024-11-17T09:15:39.306+0000] {logging_mixin.py:190} INFO - [2024-11-17T09:15:39.306+0000] {dag.py:3239} INFO - Sync 1 DAGs
[2024-11-17T09:15:39.349+0000] {logging_mixin.py:190} INFO - [2024-11-17T09:15:39.348+0000] {dag.py:4180} INFO - Setting next_dagrun for example_sensors to None, run_after=None
[2024-11-17T09:15:39.407+0000] {processor.py:208} INFO - Processing /home/airflow/.local/lib/python3.12/site-packages/airflow/example_dags/example_sensors.py took 0.238 seconds
[2024-11-17T09:16:09.799+0000] {processor.py:186} INFO - Started process (PID=2372) to work on /home/airflow/.local/lib/python3.12/site-packages/airflow/example_dags/example_sensors.py
[2024-11-17T09:16:09.802+0000] {processor.py:914} INFO - Processing file /home/airflow/.local/lib/python3.12/site-packages/airflow/example_dags/example_sensors.py for tasks to queue
[2024-11-17T09:16:09.810+0000] {logging_mixin.py:190} INFO - [2024-11-17T09:16:09.809+0000] {dagbag.py:588} INFO - Filling up the DagBag from /home/airflow/.local/lib/python3.12/site-packages/airflow/example_dags/example_sensors.py
[2024-11-17T09:16:09.847+0000] {processor.py:925} INFO - DAG(s) 'example_sensors' retrieved from /home/airflow/.local/lib/python3.12/site-packages/airflow/example_dags/example_sensors.py
[2024-11-17T09:16:09.944+0000] {logging_mixin.py:190} INFO - [2024-11-17T09:16:09.944+0000] {dag.py:3239} INFO - Sync 1 DAGs
[2024-11-17T09:16:09.995+0000] {logging_mixin.py:190} INFO - [2024-11-17T09:16:09.995+0000] {dag.py:4180} INFO - Setting next_dagrun for example_sensors to None, run_after=None
[2024-11-17T09:16:10.057+0000] {processor.py:208} INFO - Processing /home/airflow/.local/lib/python3.12/site-packages/airflow/example_dags/example_sensors.py took 0.276 seconds
[2024-11-17T09:16:40.491+0000] {processor.py:186} INFO - Started process (PID=2437) to work on /home/airflow/.local/lib/python3.12/site-packages/airflow/example_dags/example_sensors.py
[2024-11-17T09:16:40.495+0000] {processor.py:914} INFO - Processing file /home/airflow/.local/lib/python3.12/site-packages/airflow/example_dags/example_sensors.py for tasks to queue
[2024-11-17T09:16:40.505+0000] {logging_mixin.py:190} INFO - [2024-11-17T09:16:40.504+0000] {dagbag.py:588} INFO - Filling up the DagBag from /home/airflow/.local/lib/python3.12/site-packages/airflow/example_dags/example_sensors.py
[2024-11-17T09:16:40.560+0000] {processor.py:925} INFO - DAG(s) 'example_sensors' retrieved from /home/airflow/.local/lib/python3.12/site-packages/airflow/example_dags/example_sensors.py
[2024-11-17T09:16:40.663+0000] {logging_mixin.py:190} INFO - [2024-11-17T09:16:40.662+0000] {dag.py:3239} INFO - Sync 1 DAGs
[2024-11-17T09:16:40.719+0000] {logging_mixin.py:190} INFO - [2024-11-17T09:16:40.718+0000] {dag.py:4180} INFO - Setting next_dagrun for example_sensors to None, run_after=None
[2024-11-17T09:16:40.790+0000] {processor.py:208} INFO - Processing /home/airflow/.local/lib/python3.12/site-packages/airflow/example_dags/example_sensors.py took 0.325 seconds
[2024-11-17T09:17:11.207+0000] {processor.py:186} INFO - Started process (PID=2503) to work on /home/airflow/.local/lib/python3.12/site-packages/airflow/example_dags/example_sensors.py
[2024-11-17T09:17:11.210+0000] {processor.py:914} INFO - Processing file /home/airflow/.local/lib/python3.12/site-packages/airflow/example_dags/example_sensors.py for tasks to queue
[2024-11-17T09:17:11.218+0000] {logging_mixin.py:190} INFO - [2024-11-17T09:17:11.217+0000] {dagbag.py:588} INFO - Filling up the DagBag from /home/airflow/.local/lib/python3.12/site-packages/airflow/example_dags/example_sensors.py
[2024-11-17T09:17:11.264+0000] {processor.py:925} INFO - DAG(s) 'example_sensors' retrieved from /home/airflow/.local/lib/python3.12/site-packages/airflow/example_dags/example_sensors.py
[2024-11-17T09:17:11.354+0000] {logging_mixin.py:190} INFO - [2024-11-17T09:17:11.354+0000] {dag.py:3239} INFO - Sync 1 DAGs
[2024-11-17T09:17:11.415+0000] {logging_mixin.py:190} INFO - [2024-11-17T09:17:11.414+0000] {dag.py:4180} INFO - Setting next_dagrun for example_sensors to None, run_after=None
[2024-11-17T09:17:11.482+0000] {processor.py:208} INFO - Processing /home/airflow/.local/lib/python3.12/site-packages/airflow/example_dags/example_sensors.py took 0.298 seconds
[2024-11-17T09:17:41.782+0000] {processor.py:186} INFO - Started process (PID=2568) to work on /home/airflow/.local/lib/python3.12/site-packages/airflow/example_dags/example_sensors.py
[2024-11-17T09:17:41.786+0000] {processor.py:914} INFO - Processing file /home/airflow/.local/lib/python3.12/site-packages/airflow/example_dags/example_sensors.py for tasks to queue
[2024-11-17T09:17:41.796+0000] {logging_mixin.py:190} INFO - [2024-11-17T09:17:41.795+0000] {dagbag.py:588} INFO - Filling up the DagBag from /home/airflow/.local/lib/python3.12/site-packages/airflow/example_dags/example_sensors.py
[2024-11-17T09:17:41.848+0000] {processor.py:925} INFO - DAG(s) 'example_sensors' retrieved from /home/airflow/.local/lib/python3.12/site-packages/airflow/example_dags/example_sensors.py
[2024-11-17T09:17:41.932+0000] {logging_mixin.py:190} INFO - [2024-11-17T09:17:41.931+0000] {dag.py:3239} INFO - Sync 1 DAGs
[2024-11-17T09:17:41.975+0000] {logging_mixin.py:190} INFO - [2024-11-17T09:17:41.975+0000] {dag.py:4180} INFO - Setting next_dagrun for example_sensors to None, run_after=None
[2024-11-17T09:17:42.037+0000] {processor.py:208} INFO - Processing /home/airflow/.local/lib/python3.12/site-packages/airflow/example_dags/example_sensors.py took 0.279 seconds
[2024-11-17T09:18:12.291+0000] {processor.py:186} INFO - Started process (PID=2641) to work on /home/airflow/.local/lib/python3.12/site-packages/airflow/example_dags/example_sensors.py
[2024-11-17T09:18:12.293+0000] {processor.py:914} INFO - Processing file /home/airflow/.local/lib/python3.12/site-packages/airflow/example_dags/example_sensors.py for tasks to queue
[2024-11-17T09:18:12.301+0000] {logging_mixin.py:190} INFO - [2024-11-17T09:18:12.300+0000] {dagbag.py:588} INFO - Filling up the DagBag from /home/airflow/.local/lib/python3.12/site-packages/airflow/example_dags/example_sensors.py
[2024-11-17T09:18:12.338+0000] {processor.py:925} INFO - DAG(s) 'example_sensors' retrieved from /home/airflow/.local/lib/python3.12/site-packages/airflow/example_dags/example_sensors.py
[2024-11-17T09:18:12.421+0000] {logging_mixin.py:190} INFO - [2024-11-17T09:18:12.420+0000] {dag.py:3239} INFO - Sync 1 DAGs
[2024-11-17T09:18:12.466+0000] {logging_mixin.py:190} INFO - [2024-11-17T09:18:12.465+0000] {dag.py:4180} INFO - Setting next_dagrun for example_sensors to None, run_after=None
[2024-11-17T09:18:12.516+0000] {processor.py:208} INFO - Processing /home/airflow/.local/lib/python3.12/site-packages/airflow/example_dags/example_sensors.py took 0.246 seconds
[2024-11-17T09:18:42.977+0000] {processor.py:186} INFO - Started process (PID=2707) to work on /home/airflow/.local/lib/python3.12/site-packages/airflow/example_dags/example_sensors.py
[2024-11-17T09:18:42.980+0000] {processor.py:914} INFO - Processing file /home/airflow/.local/lib/python3.12/site-packages/airflow/example_dags/example_sensors.py for tasks to queue
[2024-11-17T09:18:42.987+0000] {logging_mixin.py:190} INFO - [2024-11-17T09:18:42.986+0000] {dagbag.py:588} INFO - Filling up the DagBag from /home/airflow/.local/lib/python3.12/site-packages/airflow/example_dags/example_sensors.py
[2024-11-17T09:18:43.020+0000] {processor.py:925} INFO - DAG(s) 'example_sensors' retrieved from /home/airflow/.local/lib/python3.12/site-packages/airflow/example_dags/example_sensors.py
[2024-11-17T09:18:43.098+0000] {logging_mixin.py:190} INFO - [2024-11-17T09:18:43.097+0000] {dag.py:3239} INFO - Sync 1 DAGs
[2024-11-17T09:18:43.137+0000] {logging_mixin.py:190} INFO - [2024-11-17T09:18:43.137+0000] {dag.py:4180} INFO - Setting next_dagrun for example_sensors to None, run_after=None
[2024-11-17T09:18:43.191+0000] {processor.py:208} INFO - Processing /home/airflow/.local/lib/python3.12/site-packages/airflow/example_dags/example_sensors.py took 0.231 seconds
[2024-11-17T09:19:13.843+0000] {processor.py:186} INFO - Started process (PID=2772) to work on /home/airflow/.local/lib/python3.12/site-packages/airflow/example_dags/example_sensors.py
[2024-11-17T09:19:13.846+0000] {processor.py:914} INFO - Processing file /home/airflow/.local/lib/python3.12/site-packages/airflow/example_dags/example_sensors.py for tasks to queue
[2024-11-17T09:19:13.854+0000] {logging_mixin.py:190} INFO - [2024-11-17T09:19:13.852+0000] {dagbag.py:588} INFO - Filling up the DagBag from /home/airflow/.local/lib/python3.12/site-packages/airflow/example_dags/example_sensors.py
[2024-11-17T09:19:13.902+0000] {processor.py:925} INFO - DAG(s) 'example_sensors' retrieved from /home/airflow/.local/lib/python3.12/site-packages/airflow/example_dags/example_sensors.py
[2024-11-17T09:19:14.039+0000] {logging_mixin.py:190} INFO - [2024-11-17T09:19:14.038+0000] {dag.py:3239} INFO - Sync 1 DAGs
[2024-11-17T09:19:14.083+0000] {logging_mixin.py:190} INFO - [2024-11-17T09:19:14.082+0000] {dag.py:4180} INFO - Setting next_dagrun for example_sensors to None, run_after=None
[2024-11-17T09:19:14.162+0000] {processor.py:208} INFO - Processing /home/airflow/.local/lib/python3.12/site-packages/airflow/example_dags/example_sensors.py took 0.340 seconds
[2024-11-17T09:19:44.397+0000] {processor.py:186} INFO - Started process (PID=2837) to work on /home/airflow/.local/lib/python3.12/site-packages/airflow/example_dags/example_sensors.py
[2024-11-17T09:19:44.400+0000] {processor.py:914} INFO - Processing file /home/airflow/.local/lib/python3.12/site-packages/airflow/example_dags/example_sensors.py for tasks to queue
[2024-11-17T09:19:44.407+0000] {logging_mixin.py:190} INFO - [2024-11-17T09:19:44.406+0000] {dagbag.py:588} INFO - Filling up the DagBag from /home/airflow/.local/lib/python3.12/site-packages/airflow/example_dags/example_sensors.py
[2024-11-17T09:19:44.453+0000] {processor.py:925} INFO - DAG(s) 'example_sensors' retrieved from /home/airflow/.local/lib/python3.12/site-packages/airflow/example_dags/example_sensors.py
[2024-11-17T09:19:44.552+0000] {logging_mixin.py:190} INFO - [2024-11-17T09:19:44.551+0000] {dag.py:3239} INFO - Sync 1 DAGs
[2024-11-17T09:19:44.605+0000] {logging_mixin.py:190} INFO - [2024-11-17T09:19:44.605+0000] {dag.py:4180} INFO - Setting next_dagrun for example_sensors to None, run_after=None
[2024-11-17T09:19:44.668+0000] {processor.py:208} INFO - Processing /home/airflow/.local/lib/python3.12/site-packages/airflow/example_dags/example_sensors.py took 0.295 seconds
[2024-11-17T09:20:15.452+0000] {processor.py:186} INFO - Started process (PID=2903) to work on /home/airflow/.local/lib/python3.12/site-packages/airflow/example_dags/example_sensors.py
[2024-11-17T09:20:15.455+0000] {processor.py:914} INFO - Processing file /home/airflow/.local/lib/python3.12/site-packages/airflow/example_dags/example_sensors.py for tasks to queue
[2024-11-17T09:20:15.462+0000] {logging_mixin.py:190} INFO - [2024-11-17T09:20:15.461+0000] {dagbag.py:588} INFO - Filling up the DagBag from /home/airflow/.local/lib/python3.12/site-packages/airflow/example_dags/example_sensors.py
[2024-11-17T09:20:15.496+0000] {processor.py:925} INFO - DAG(s) 'example_sensors' retrieved from /home/airflow/.local/lib/python3.12/site-packages/airflow/example_dags/example_sensors.py
[2024-11-17T09:20:15.572+0000] {logging_mixin.py:190} INFO - [2024-11-17T09:20:15.572+0000] {dag.py:3239} INFO - Sync 1 DAGs
[2024-11-17T09:20:15.613+0000] {logging_mixin.py:190} INFO - [2024-11-17T09:20:15.612+0000] {dag.py:4180} INFO - Setting next_dagrun for example_sensors to None, run_after=None
[2024-11-17T09:20:15.754+0000] {processor.py:208} INFO - Processing /home/airflow/.local/lib/python3.12/site-packages/airflow/example_dags/example_sensors.py took 0.311 seconds
[2024-11-17T09:20:45.996+0000] {processor.py:186} INFO - Started process (PID=2969) to work on /home/airflow/.local/lib/python3.12/site-packages/airflow/example_dags/example_sensors.py
[2024-11-17T09:20:45.999+0000] {processor.py:914} INFO - Processing file /home/airflow/.local/lib/python3.12/site-packages/airflow/example_dags/example_sensors.py for tasks to queue
[2024-11-17T09:20:46.005+0000] {logging_mixin.py:190} INFO - [2024-11-17T09:20:46.004+0000] {dagbag.py:588} INFO - Filling up the DagBag from /home/airflow/.local/lib/python3.12/site-packages/airflow/example_dags/example_sensors.py
[2024-11-17T09:20:46.043+0000] {processor.py:925} INFO - DAG(s) 'example_sensors' retrieved from /home/airflow/.local/lib/python3.12/site-packages/airflow/example_dags/example_sensors.py
[2024-11-17T09:20:46.119+0000] {logging_mixin.py:190} INFO - [2024-11-17T09:20:46.119+0000] {dag.py:3239} INFO - Sync 1 DAGs
[2024-11-17T09:20:46.160+0000] {logging_mixin.py:190} INFO - [2024-11-17T09:20:46.160+0000] {dag.py:4180} INFO - Setting next_dagrun for example_sensors to None, run_after=None
[2024-11-17T09:20:46.216+0000] {processor.py:208} INFO - Processing /home/airflow/.local/lib/python3.12/site-packages/airflow/example_dags/example_sensors.py took 0.237 seconds
[2024-11-17T09:21:17.142+0000] {processor.py:186} INFO - Started process (PID=3035) to work on /home/airflow/.local/lib/python3.12/site-packages/airflow/example_dags/example_sensors.py
[2024-11-17T09:21:17.145+0000] {processor.py:914} INFO - Processing file /home/airflow/.local/lib/python3.12/site-packages/airflow/example_dags/example_sensors.py for tasks to queue
[2024-11-17T09:21:17.152+0000] {logging_mixin.py:190} INFO - [2024-11-17T09:21:17.151+0000] {dagbag.py:588} INFO - Filling up the DagBag from /home/airflow/.local/lib/python3.12/site-packages/airflow/example_dags/example_sensors.py
[2024-11-17T09:21:17.183+0000] {processor.py:925} INFO - DAG(s) 'example_sensors' retrieved from /home/airflow/.local/lib/python3.12/site-packages/airflow/example_dags/example_sensors.py
[2024-11-17T09:21:17.286+0000] {logging_mixin.py:190} INFO - [2024-11-17T09:21:17.285+0000] {dag.py:3239} INFO - Sync 1 DAGs
[2024-11-17T09:21:17.334+0000] {logging_mixin.py:190} INFO - [2024-11-17T09:21:17.333+0000] {dag.py:4180} INFO - Setting next_dagrun for example_sensors to None, run_after=None
[2024-11-17T09:21:17.394+0000] {processor.py:208} INFO - Processing /home/airflow/.local/lib/python3.12/site-packages/airflow/example_dags/example_sensors.py took 0.268 seconds
[2024-11-17T09:21:48.119+0000] {processor.py:186} INFO - Started process (PID=3100) to work on /home/airflow/.local/lib/python3.12/site-packages/airflow/example_dags/example_sensors.py
[2024-11-17T09:21:48.122+0000] {processor.py:914} INFO - Processing file /home/airflow/.local/lib/python3.12/site-packages/airflow/example_dags/example_sensors.py for tasks to queue
[2024-11-17T09:21:48.130+0000] {logging_mixin.py:190} INFO - [2024-11-17T09:21:48.129+0000] {dagbag.py:588} INFO - Filling up the DagBag from /home/airflow/.local/lib/python3.12/site-packages/airflow/example_dags/example_sensors.py
[2024-11-17T09:21:48.161+0000] {processor.py:925} INFO - DAG(s) 'example_sensors' retrieved from /home/airflow/.local/lib/python3.12/site-packages/airflow/example_dags/example_sensors.py
[2024-11-17T09:21:48.248+0000] {logging_mixin.py:190} INFO - [2024-11-17T09:21:48.248+0000] {dag.py:3239} INFO - Sync 1 DAGs
[2024-11-17T09:21:48.303+0000] {logging_mixin.py:190} INFO - [2024-11-17T09:21:48.302+0000] {dag.py:4180} INFO - Setting next_dagrun for example_sensors to None, run_after=None
[2024-11-17T09:21:48.370+0000] {processor.py:208} INFO - Processing /home/airflow/.local/lib/python3.12/site-packages/airflow/example_dags/example_sensors.py took 0.275 seconds
[2024-11-17T09:22:19.164+0000] {processor.py:186} INFO - Started process (PID=3166) to work on /home/airflow/.local/lib/python3.12/site-packages/airflow/example_dags/example_sensors.py
[2024-11-17T09:22:19.167+0000] {processor.py:914} INFO - Processing file /home/airflow/.local/lib/python3.12/site-packages/airflow/example_dags/example_sensors.py for tasks to queue
[2024-11-17T09:22:19.175+0000] {logging_mixin.py:190} INFO - [2024-11-17T09:22:19.173+0000] {dagbag.py:588} INFO - Filling up the DagBag from /home/airflow/.local/lib/python3.12/site-packages/airflow/example_dags/example_sensors.py
[2024-11-17T09:22:19.214+0000] {processor.py:925} INFO - DAG(s) 'example_sensors' retrieved from /home/airflow/.local/lib/python3.12/site-packages/airflow/example_dags/example_sensors.py
[2024-11-17T09:22:19.724+0000] {logging_mixin.py:190} INFO - [2024-11-17T09:22:19.724+0000] {dag.py:3239} INFO - Sync 1 DAGs
[2024-11-17T09:22:19.758+0000] {logging_mixin.py:190} INFO - [2024-11-17T09:22:19.758+0000] {dag.py:4180} INFO - Setting next_dagrun for example_sensors to None, run_after=None
[2024-11-17T09:22:19.803+0000] {processor.py:208} INFO - Processing /home/airflow/.local/lib/python3.12/site-packages/airflow/example_dags/example_sensors.py took 0.654 seconds
[2024-11-17T09:22:50.259+0000] {processor.py:186} INFO - Started process (PID=3231) to work on /home/airflow/.local/lib/python3.12/site-packages/airflow/example_dags/example_sensors.py
[2024-11-17T09:22:50.262+0000] {processor.py:914} INFO - Processing file /home/airflow/.local/lib/python3.12/site-packages/airflow/example_dags/example_sensors.py for tasks to queue
[2024-11-17T09:22:50.269+0000] {logging_mixin.py:190} INFO - [2024-11-17T09:22:50.268+0000] {dagbag.py:588} INFO - Filling up the DagBag from /home/airflow/.local/lib/python3.12/site-packages/airflow/example_dags/example_sensors.py
[2024-11-17T09:22:50.300+0000] {processor.py:925} INFO - DAG(s) 'example_sensors' retrieved from /home/airflow/.local/lib/python3.12/site-packages/airflow/example_dags/example_sensors.py
[2024-11-17T09:22:50.373+0000] {logging_mixin.py:190} INFO - [2024-11-17T09:22:50.373+0000] {dag.py:3239} INFO - Sync 1 DAGs
[2024-11-17T09:22:50.788+0000] {logging_mixin.py:190} INFO - [2024-11-17T09:22:50.787+0000] {dag.py:4180} INFO - Setting next_dagrun for example_sensors to None, run_after=None
[2024-11-17T09:22:50.836+0000] {processor.py:208} INFO - Processing /home/airflow/.local/lib/python3.12/site-packages/airflow/example_dags/example_sensors.py took 0.593 seconds
[2024-11-17T09:23:21.546+0000] {processor.py:186} INFO - Started process (PID=3297) to work on /home/airflow/.local/lib/python3.12/site-packages/airflow/example_dags/example_sensors.py
[2024-11-17T09:23:21.549+0000] {processor.py:914} INFO - Processing file /home/airflow/.local/lib/python3.12/site-packages/airflow/example_dags/example_sensors.py for tasks to queue
[2024-11-17T09:23:21.556+0000] {logging_mixin.py:190} INFO - [2024-11-17T09:23:21.555+0000] {dagbag.py:588} INFO - Filling up the DagBag from /home/airflow/.local/lib/python3.12/site-packages/airflow/example_dags/example_sensors.py
[2024-11-17T09:23:21.586+0000] {processor.py:925} INFO - DAG(s) 'example_sensors' retrieved from /home/airflow/.local/lib/python3.12/site-packages/airflow/example_dags/example_sensors.py
[2024-11-17T09:23:21.666+0000] {logging_mixin.py:190} INFO - [2024-11-17T09:23:21.665+0000] {dag.py:3239} INFO - Sync 1 DAGs
[2024-11-17T09:23:21.706+0000] {logging_mixin.py:190} INFO - [2024-11-17T09:23:21.706+0000] {dag.py:4180} INFO - Setting next_dagrun for example_sensors to None, run_after=None
[2024-11-17T09:23:21.768+0000] {processor.py:208} INFO - Processing /home/airflow/.local/lib/python3.12/site-packages/airflow/example_dags/example_sensors.py took 0.239 seconds
[2024-11-17T09:23:52.206+0000] {processor.py:186} INFO - Started process (PID=3363) to work on /home/airflow/.local/lib/python3.12/site-packages/airflow/example_dags/example_sensors.py
[2024-11-17T09:23:52.209+0000] {processor.py:914} INFO - Processing file /home/airflow/.local/lib/python3.12/site-packages/airflow/example_dags/example_sensors.py for tasks to queue
[2024-11-17T09:23:52.216+0000] {logging_mixin.py:190} INFO - [2024-11-17T09:23:52.215+0000] {dagbag.py:588} INFO - Filling up the DagBag from /home/airflow/.local/lib/python3.12/site-packages/airflow/example_dags/example_sensors.py
[2024-11-17T09:23:52.256+0000] {processor.py:925} INFO - DAG(s) 'example_sensors' retrieved from /home/airflow/.local/lib/python3.12/site-packages/airflow/example_dags/example_sensors.py
[2024-11-17T09:23:52.333+0000] {logging_mixin.py:190} INFO - [2024-11-17T09:23:52.332+0000] {dag.py:3239} INFO - Sync 1 DAGs
[2024-11-17T09:23:52.385+0000] {logging_mixin.py:190} INFO - [2024-11-17T09:23:52.384+0000] {dag.py:4180} INFO - Setting next_dagrun for example_sensors to None, run_after=None
[2024-11-17T09:23:52.438+0000] {processor.py:208} INFO - Processing /home/airflow/.local/lib/python3.12/site-packages/airflow/example_dags/example_sensors.py took 0.255 seconds
[2024-11-17T09:24:22.610+0000] {processor.py:186} INFO - Started process (PID=3428) to work on /home/airflow/.local/lib/python3.12/site-packages/airflow/example_dags/example_sensors.py
[2024-11-17T09:24:22.613+0000] {processor.py:914} INFO - Processing file /home/airflow/.local/lib/python3.12/site-packages/airflow/example_dags/example_sensors.py for tasks to queue
[2024-11-17T09:24:22.622+0000] {logging_mixin.py:190} INFO - [2024-11-17T09:24:22.621+0000] {dagbag.py:588} INFO - Filling up the DagBag from /home/airflow/.local/lib/python3.12/site-packages/airflow/example_dags/example_sensors.py
[2024-11-17T09:24:22.669+0000] {processor.py:925} INFO - DAG(s) 'example_sensors' retrieved from /home/airflow/.local/lib/python3.12/site-packages/airflow/example_dags/example_sensors.py
[2024-11-17T09:24:22.767+0000] {logging_mixin.py:190} INFO - [2024-11-17T09:24:22.766+0000] {dag.py:3239} INFO - Sync 1 DAGs
[2024-11-17T09:24:22.823+0000] {logging_mixin.py:190} INFO - [2024-11-17T09:24:22.823+0000] {dag.py:4180} INFO - Setting next_dagrun for example_sensors to None, run_after=None
[2024-11-17T09:24:22.907+0000] {processor.py:208} INFO - Processing /home/airflow/.local/lib/python3.12/site-packages/airflow/example_dags/example_sensors.py took 0.321 seconds
[2024-11-17T09:24:53.633+0000] {processor.py:186} INFO - Started process (PID=3494) to work on /home/airflow/.local/lib/python3.12/site-packages/airflow/example_dags/example_sensors.py
[2024-11-17T09:24:53.636+0000] {processor.py:914} INFO - Processing file /home/airflow/.local/lib/python3.12/site-packages/airflow/example_dags/example_sensors.py for tasks to queue
[2024-11-17T09:24:53.643+0000] {logging_mixin.py:190} INFO - [2024-11-17T09:24:53.642+0000] {dagbag.py:588} INFO - Filling up the DagBag from /home/airflow/.local/lib/python3.12/site-packages/airflow/example_dags/example_sensors.py
[2024-11-17T09:24:53.675+0000] {processor.py:925} INFO - DAG(s) 'example_sensors' retrieved from /home/airflow/.local/lib/python3.12/site-packages/airflow/example_dags/example_sensors.py
[2024-11-17T09:24:53.755+0000] {logging_mixin.py:190} INFO - [2024-11-17T09:24:53.755+0000] {dag.py:3239} INFO - Sync 1 DAGs
[2024-11-17T09:24:53.807+0000] {logging_mixin.py:190} INFO - [2024-11-17T09:24:53.807+0000] {dag.py:4180} INFO - Setting next_dagrun for example_sensors to None, run_after=None
[2024-11-17T09:24:53.873+0000] {processor.py:208} INFO - Processing /home/airflow/.local/lib/python3.12/site-packages/airflow/example_dags/example_sensors.py took 0.257 seconds
[2024-11-17T09:25:24.036+0000] {processor.py:186} INFO - Started process (PID=3560) to work on /home/airflow/.local/lib/python3.12/site-packages/airflow/example_dags/example_sensors.py
[2024-11-17T09:25:24.040+0000] {processor.py:914} INFO - Processing file /home/airflow/.local/lib/python3.12/site-packages/airflow/example_dags/example_sensors.py for tasks to queue
[2024-11-17T09:25:24.047+0000] {logging_mixin.py:190} INFO - [2024-11-17T09:25:24.046+0000] {dagbag.py:588} INFO - Filling up the DagBag from /home/airflow/.local/lib/python3.12/site-packages/airflow/example_dags/example_sensors.py
[2024-11-17T09:25:24.081+0000] {processor.py:925} INFO - DAG(s) 'example_sensors' retrieved from /home/airflow/.local/lib/python3.12/site-packages/airflow/example_dags/example_sensors.py
[2024-11-17T09:25:24.164+0000] {logging_mixin.py:190} INFO - [2024-11-17T09:25:24.163+0000] {dag.py:3239} INFO - Sync 1 DAGs
[2024-11-17T09:25:24.207+0000] {logging_mixin.py:190} INFO - [2024-11-17T09:25:24.206+0000] {dag.py:4180} INFO - Setting next_dagrun for example_sensors to None, run_after=None
[2024-11-17T09:25:24.256+0000] {processor.py:208} INFO - Processing /home/airflow/.local/lib/python3.12/site-packages/airflow/example_dags/example_sensors.py took 0.243 seconds
[2024-11-17T09:25:54.621+0000] {processor.py:186} INFO - Started process (PID=3626) to work on /home/airflow/.local/lib/python3.12/site-packages/airflow/example_dags/example_sensors.py
[2024-11-17T09:25:54.624+0000] {processor.py:914} INFO - Processing file /home/airflow/.local/lib/python3.12/site-packages/airflow/example_dags/example_sensors.py for tasks to queue
[2024-11-17T09:25:54.630+0000] {logging_mixin.py:190} INFO - [2024-11-17T09:25:54.629+0000] {dagbag.py:588} INFO - Filling up the DagBag from /home/airflow/.local/lib/python3.12/site-packages/airflow/example_dags/example_sensors.py
[2024-11-17T09:25:54.668+0000] {processor.py:925} INFO - DAG(s) 'example_sensors' retrieved from /home/airflow/.local/lib/python3.12/site-packages/airflow/example_dags/example_sensors.py
[2024-11-17T09:25:54.758+0000] {logging_mixin.py:190} INFO - [2024-11-17T09:25:54.757+0000] {dag.py:3239} INFO - Sync 1 DAGs
[2024-11-17T09:25:54.806+0000] {logging_mixin.py:190} INFO - [2024-11-17T09:25:54.806+0000] {dag.py:4180} INFO - Setting next_dagrun for example_sensors to None, run_after=None
[2024-11-17T09:25:54.856+0000] {processor.py:208} INFO - Processing /home/airflow/.local/lib/python3.12/site-packages/airflow/example_dags/example_sensors.py took 0.263 seconds
[2024-11-17T09:26:25.009+0000] {processor.py:186} INFO - Started process (PID=3692) to work on /home/airflow/.local/lib/python3.12/site-packages/airflow/example_dags/example_sensors.py
[2024-11-17T09:26:25.013+0000] {processor.py:914} INFO - Processing file /home/airflow/.local/lib/python3.12/site-packages/airflow/example_dags/example_sensors.py for tasks to queue
[2024-11-17T09:26:25.026+0000] {logging_mixin.py:190} INFO - [2024-11-17T09:26:25.024+0000] {dagbag.py:588} INFO - Filling up the DagBag from /home/airflow/.local/lib/python3.12/site-packages/airflow/example_dags/example_sensors.py
[2024-11-17T09:26:25.073+0000] {processor.py:925} INFO - DAG(s) 'example_sensors' retrieved from /home/airflow/.local/lib/python3.12/site-packages/airflow/example_dags/example_sensors.py
[2024-11-17T09:26:25.157+0000] {logging_mixin.py:190} INFO - [2024-11-17T09:26:25.156+0000] {dag.py:3239} INFO - Sync 1 DAGs
[2024-11-17T09:26:25.213+0000] {logging_mixin.py:190} INFO - [2024-11-17T09:26:25.212+0000] {dag.py:4180} INFO - Setting next_dagrun for example_sensors to None, run_after=None
[2024-11-17T09:26:25.272+0000] {processor.py:208} INFO - Processing /home/airflow/.local/lib/python3.12/site-packages/airflow/example_dags/example_sensors.py took 0.286 seconds
[2024-11-17T09:26:55.988+0000] {processor.py:186} INFO - Started process (PID=3758) to work on /home/airflow/.local/lib/python3.12/site-packages/airflow/example_dags/example_sensors.py
[2024-11-17T09:26:55.990+0000] {processor.py:914} INFO - Processing file /home/airflow/.local/lib/python3.12/site-packages/airflow/example_dags/example_sensors.py for tasks to queue
[2024-11-17T09:26:55.997+0000] {logging_mixin.py:190} INFO - [2024-11-17T09:26:55.996+0000] {dagbag.py:588} INFO - Filling up the DagBag from /home/airflow/.local/lib/python3.12/site-packages/airflow/example_dags/example_sensors.py
[2024-11-17T09:26:56.028+0000] {processor.py:925} INFO - DAG(s) 'example_sensors' retrieved from /home/airflow/.local/lib/python3.12/site-packages/airflow/example_dags/example_sensors.py
[2024-11-17T09:26:56.116+0000] {logging_mixin.py:190} INFO - [2024-11-17T09:26:56.116+0000] {dag.py:3239} INFO - Sync 1 DAGs
[2024-11-17T09:26:56.162+0000] {logging_mixin.py:190} INFO - [2024-11-17T09:26:56.161+0000] {dag.py:4180} INFO - Setting next_dagrun for example_sensors to None, run_after=None
[2024-11-17T09:26:56.235+0000] {processor.py:208} INFO - Processing /home/airflow/.local/lib/python3.12/site-packages/airflow/example_dags/example_sensors.py took 0.265 seconds
[2024-11-17T09:27:26.940+0000] {processor.py:186} INFO - Started process (PID=3824) to work on /home/airflow/.local/lib/python3.12/site-packages/airflow/example_dags/example_sensors.py
[2024-11-17T09:27:26.943+0000] {processor.py:914} INFO - Processing file /home/airflow/.local/lib/python3.12/site-packages/airflow/example_dags/example_sensors.py for tasks to queue
[2024-11-17T09:27:26.951+0000] {logging_mixin.py:190} INFO - [2024-11-17T09:27:26.950+0000] {dagbag.py:588} INFO - Filling up the DagBag from /home/airflow/.local/lib/python3.12/site-packages/airflow/example_dags/example_sensors.py
[2024-11-17T09:27:26.991+0000] {processor.py:925} INFO - DAG(s) 'example_sensors' retrieved from /home/airflow/.local/lib/python3.12/site-packages/airflow/example_dags/example_sensors.py
[2024-11-17T09:27:27.089+0000] {logging_mixin.py:190} INFO - [2024-11-17T09:27:27.088+0000] {dag.py:3239} INFO - Sync 1 DAGs
[2024-11-17T09:27:27.146+0000] {logging_mixin.py:190} INFO - [2024-11-17T09:27:27.145+0000] {dag.py:4180} INFO - Setting next_dagrun for example_sensors to None, run_after=None
[2024-11-17T09:27:27.224+0000] {processor.py:208} INFO - Processing /home/airflow/.local/lib/python3.12/site-packages/airflow/example_dags/example_sensors.py took 0.304 seconds
[2024-11-17T09:27:57.652+0000] {processor.py:186} INFO - Started process (PID=3889) to work on /home/airflow/.local/lib/python3.12/site-packages/airflow/example_dags/example_sensors.py
[2024-11-17T09:27:57.654+0000] {processor.py:914} INFO - Processing file /home/airflow/.local/lib/python3.12/site-packages/airflow/example_dags/example_sensors.py for tasks to queue
[2024-11-17T09:27:57.663+0000] {logging_mixin.py:190} INFO - [2024-11-17T09:27:57.662+0000] {dagbag.py:588} INFO - Filling up the DagBag from /home/airflow/.local/lib/python3.12/site-packages/airflow/example_dags/example_sensors.py
[2024-11-17T09:27:57.699+0000] {processor.py:925} INFO - DAG(s) 'example_sensors' retrieved from /home/airflow/.local/lib/python3.12/site-packages/airflow/example_dags/example_sensors.py
[2024-11-17T09:27:57.785+0000] {logging_mixin.py:190} INFO - [2024-11-17T09:27:57.784+0000] {dag.py:3239} INFO - Sync 1 DAGs
[2024-11-17T09:27:57.830+0000] {logging_mixin.py:190} INFO - [2024-11-17T09:27:57.830+0000] {dag.py:4180} INFO - Setting next_dagrun for example_sensors to None, run_after=None
[2024-11-17T09:27:57.903+0000] {processor.py:208} INFO - Processing /home/airflow/.local/lib/python3.12/site-packages/airflow/example_dags/example_sensors.py took 0.268 seconds
