[2024-11-17T08:57:41.901+0000] {processor.py:186} INFO - Started process (PID=71) to work on /home/airflow/.local/lib/python3.12/site-packages/airflow/example_dags/tutorial.py
[2024-11-17T08:57:41.904+0000] {processor.py:914} INFO - Processing file /home/airflow/.local/lib/python3.12/site-packages/airflow/example_dags/tutorial.py for tasks to queue
[2024-11-17T08:57:41.917+0000] {logging_mixin.py:190} INFO - [2024-11-17T08:57:41.916+0000] {dagbag.py:588} INFO - Filling up the DagBag from /home/airflow/.local/lib/python3.12/site-packages/airflow/example_dags/tutorial.py
[2024-11-17T08:57:41.954+0000] {processor.py:925} INFO - DAG(s) 'tutorial' retrieved from /home/airflow/.local/lib/python3.12/site-packages/airflow/example_dags/tutorial.py
[2024-11-17T08:57:42.503+0000] {logging_mixin.py:190} INFO - [2024-11-17T08:57:42.501+0000] {override.py:1911} INFO - Created Permission View: can delete on DAG:tutorial
[2024-11-17T08:57:42.551+0000] {logging_mixin.py:190} INFO - [2024-11-17T08:57:42.550+0000] {override.py:1911} INFO - Created Permission View: can edit on DAG:tutorial
[2024-11-17T08:57:42.580+0000] {logging_mixin.py:190} INFO - [2024-11-17T08:57:42.579+0000] {override.py:1911} INFO - Created Permission View: can read on DAG:tutorial
[2024-11-17T08:57:42.607+0000] {logging_mixin.py:190} INFO - [2024-11-17T08:57:42.606+0000] {override.py:1911} INFO - Created Permission View: can delete on DAG Run:tutorial
[2024-11-17T08:57:42.655+0000] {logging_mixin.py:190} INFO - [2024-11-17T08:57:42.654+0000] {override.py:1911} INFO - Created Permission View: menu access on DAG Run:tutorial
[2024-11-17T08:57:42.679+0000] {logging_mixin.py:190} INFO - [2024-11-17T08:57:42.679+0000] {override.py:1911} INFO - Created Permission View: can create on DAG Run:tutorial
[2024-11-17T08:57:42.701+0000] {logging_mixin.py:190} INFO - [2024-11-17T08:57:42.700+0000] {override.py:1911} INFO - Created Permission View: can read on DAG Run:tutorial
[2024-11-17T08:57:42.703+0000] {logging_mixin.py:190} INFO - [2024-11-17T08:57:42.703+0000] {dag.py:3239} INFO - Sync 1 DAGs
[2024-11-17T08:57:42.763+0000] {logging_mixin.py:190} INFO - [2024-11-17T08:57:42.762+0000] {dag.py:3262} INFO - Creating ORM DAG for tutorial
[2024-11-17T08:57:42.817+0000] {logging_mixin.py:190} INFO - [2024-11-17T08:57:42.816+0000] {dag.py:4180} INFO - Setting next_dagrun for tutorial to 2024-11-16 00:00:00+00:00, run_after=2024-11-17 00:00:00+00:00
[2024-11-17T08:57:42.904+0000] {processor.py:208} INFO - Processing /home/airflow/.local/lib/python3.12/site-packages/airflow/example_dags/tutorial.py took 1.030 seconds
[2024-11-17T08:58:17.271+0000] {processor.py:186} INFO - Started process (PID=138) to work on /home/airflow/.local/lib/python3.12/site-packages/airflow/example_dags/tutorial.py
[2024-11-17T08:58:17.274+0000] {processor.py:914} INFO - Processing file /home/airflow/.local/lib/python3.12/site-packages/airflow/example_dags/tutorial.py for tasks to queue
[2024-11-17T08:58:17.282+0000] {logging_mixin.py:190} INFO - [2024-11-17T08:58:17.281+0000] {dagbag.py:588} INFO - Filling up the DagBag from /home/airflow/.local/lib/python3.12/site-packages/airflow/example_dags/tutorial.py
[2024-11-17T08:58:17.315+0000] {processor.py:925} INFO - DAG(s) 'tutorial' retrieved from /home/airflow/.local/lib/python3.12/site-packages/airflow/example_dags/tutorial.py
[2024-11-17T08:58:17.374+0000] {logging_mixin.py:190} INFO - [2024-11-17T08:58:17.374+0000] {dag.py:3239} INFO - Sync 1 DAGs
[2024-11-17T08:58:17.443+0000] {logging_mixin.py:190} INFO - [2024-11-17T08:58:17.442+0000] {dag.py:4180} INFO - Setting next_dagrun for tutorial to 2024-11-16 00:00:00+00:00, run_after=2024-11-17 00:00:00+00:00
[2024-11-17T08:58:17.500+0000] {processor.py:208} INFO - Processing /home/airflow/.local/lib/python3.12/site-packages/airflow/example_dags/tutorial.py took 0.253 seconds
[2024-11-17T08:58:51.661+0000] {processor.py:186} INFO - Started process (PID=196) to work on /home/airflow/.local/lib/python3.12/site-packages/airflow/example_dags/tutorial.py
[2024-11-17T08:58:51.663+0000] {processor.py:914} INFO - Processing file /home/airflow/.local/lib/python3.12/site-packages/airflow/example_dags/tutorial.py for tasks to queue
[2024-11-17T08:58:51.672+0000] {logging_mixin.py:190} INFO - [2024-11-17T08:58:51.671+0000] {dagbag.py:588} INFO - Filling up the DagBag from /home/airflow/.local/lib/python3.12/site-packages/airflow/example_dags/tutorial.py
[2024-11-17T08:58:51.701+0000] {processor.py:925} INFO - DAG(s) 'tutorial' retrieved from /home/airflow/.local/lib/python3.12/site-packages/airflow/example_dags/tutorial.py
[2024-11-17T08:58:51.761+0000] {logging_mixin.py:190} INFO - [2024-11-17T08:58:51.760+0000] {dag.py:3239} INFO - Sync 1 DAGs
[2024-11-17T08:58:51.824+0000] {logging_mixin.py:190} INFO - [2024-11-17T08:58:51.823+0000] {dag.py:4180} INFO - Setting next_dagrun for tutorial to 2024-11-16 00:00:00+00:00, run_after=2024-11-17 00:00:00+00:00
[2024-11-17T08:58:51.875+0000] {processor.py:208} INFO - Processing /home/airflow/.local/lib/python3.12/site-packages/airflow/example_dags/tutorial.py took 0.234 seconds
[2024-11-17T08:59:28.132+0000] {processor.py:186} INFO - Started process (PID=259) to work on /home/airflow/.local/lib/python3.12/site-packages/airflow/example_dags/tutorial.py
[2024-11-17T08:59:28.135+0000] {processor.py:914} INFO - Processing file /home/airflow/.local/lib/python3.12/site-packages/airflow/example_dags/tutorial.py for tasks to queue
[2024-11-17T08:59:28.151+0000] {logging_mixin.py:190} INFO - [2024-11-17T08:59:28.150+0000] {dagbag.py:588} INFO - Filling up the DagBag from /home/airflow/.local/lib/python3.12/site-packages/airflow/example_dags/tutorial.py
[2024-11-17T08:59:28.187+0000] {processor.py:925} INFO - DAG(s) 'tutorial' retrieved from /home/airflow/.local/lib/python3.12/site-packages/airflow/example_dags/tutorial.py
[2024-11-17T08:59:28.268+0000] {logging_mixin.py:190} INFO - [2024-11-17T08:59:28.267+0000] {dag.py:3239} INFO - Sync 1 DAGs
[2024-11-17T08:59:28.351+0000] {logging_mixin.py:190} INFO - [2024-11-17T08:59:28.350+0000] {dag.py:4180} INFO - Setting next_dagrun for tutorial to 2024-11-16 00:00:00+00:00, run_after=2024-11-17 00:00:00+00:00
[2024-11-17T08:59:28.404+0000] {processor.py:208} INFO - Processing /home/airflow/.local/lib/python3.12/site-packages/airflow/example_dags/tutorial.py took 0.301 seconds
[2024-11-17T08:59:58.986+0000] {processor.py:186} INFO - Started process (PID=325) to work on /home/airflow/.local/lib/python3.12/site-packages/airflow/example_dags/tutorial.py
[2024-11-17T08:59:58.990+0000] {processor.py:914} INFO - Processing file /home/airflow/.local/lib/python3.12/site-packages/airflow/example_dags/tutorial.py for tasks to queue
[2024-11-17T08:59:58.998+0000] {logging_mixin.py:190} INFO - [2024-11-17T08:59:58.997+0000] {dagbag.py:588} INFO - Filling up the DagBag from /home/airflow/.local/lib/python3.12/site-packages/airflow/example_dags/tutorial.py
[2024-11-17T08:59:59.035+0000] {processor.py:925} INFO - DAG(s) 'tutorial' retrieved from /home/airflow/.local/lib/python3.12/site-packages/airflow/example_dags/tutorial.py
[2024-11-17T08:59:59.094+0000] {logging_mixin.py:190} INFO - [2024-11-17T08:59:59.093+0000] {dag.py:3239} INFO - Sync 1 DAGs
[2024-11-17T08:59:59.173+0000] {logging_mixin.py:190} INFO - [2024-11-17T08:59:59.173+0000] {dag.py:4180} INFO - Setting next_dagrun for tutorial to 2024-11-16 00:00:00+00:00, run_after=2024-11-17 00:00:00+00:00
[2024-11-17T08:59:59.237+0000] {processor.py:208} INFO - Processing /home/airflow/.local/lib/python3.12/site-packages/airflow/example_dags/tutorial.py took 0.280 seconds
[2024-11-17T09:00:29.875+0000] {processor.py:186} INFO - Started process (PID=391) to work on /home/airflow/.local/lib/python3.12/site-packages/airflow/example_dags/tutorial.py
[2024-11-17T09:00:29.878+0000] {processor.py:914} INFO - Processing file /home/airflow/.local/lib/python3.12/site-packages/airflow/example_dags/tutorial.py for tasks to queue
[2024-11-17T09:00:29.888+0000] {logging_mixin.py:190} INFO - [2024-11-17T09:00:29.886+0000] {dagbag.py:588} INFO - Filling up the DagBag from /home/airflow/.local/lib/python3.12/site-packages/airflow/example_dags/tutorial.py
[2024-11-17T09:00:29.916+0000] {processor.py:925} INFO - DAG(s) 'tutorial' retrieved from /home/airflow/.local/lib/python3.12/site-packages/airflow/example_dags/tutorial.py
[2024-11-17T09:00:29.971+0000] {logging_mixin.py:190} INFO - [2024-11-17T09:00:29.971+0000] {dag.py:3239} INFO - Sync 1 DAGs
[2024-11-17T09:00:30.044+0000] {logging_mixin.py:190} INFO - [2024-11-17T09:00:30.043+0000] {dag.py:4180} INFO - Setting next_dagrun for tutorial to 2024-11-16 00:00:00+00:00, run_after=2024-11-17 00:00:00+00:00
[2024-11-17T09:00:30.106+0000] {processor.py:208} INFO - Processing /home/airflow/.local/lib/python3.12/site-packages/airflow/example_dags/tutorial.py took 0.255 seconds
[2024-11-17T09:01:01.273+0000] {processor.py:186} INFO - Started process (PID=448) to work on /home/airflow/.local/lib/python3.12/site-packages/airflow/example_dags/tutorial.py
[2024-11-17T09:01:01.276+0000] {processor.py:914} INFO - Processing file /home/airflow/.local/lib/python3.12/site-packages/airflow/example_dags/tutorial.py for tasks to queue
[2024-11-17T09:01:01.283+0000] {logging_mixin.py:190} INFO - [2024-11-17T09:01:01.282+0000] {dagbag.py:588} INFO - Filling up the DagBag from /home/airflow/.local/lib/python3.12/site-packages/airflow/example_dags/tutorial.py
[2024-11-17T09:01:01.315+0000] {processor.py:925} INFO - DAG(s) 'tutorial' retrieved from /home/airflow/.local/lib/python3.12/site-packages/airflow/example_dags/tutorial.py
[2024-11-17T09:01:01.381+0000] {logging_mixin.py:190} INFO - [2024-11-17T09:01:01.380+0000] {dag.py:3239} INFO - Sync 1 DAGs
[2024-11-17T09:01:01.480+0000] {logging_mixin.py:190} INFO - [2024-11-17T09:01:01.479+0000] {dag.py:4180} INFO - Setting next_dagrun for tutorial to 2024-11-16 00:00:00+00:00, run_after=2024-11-17 00:00:00+00:00
[2024-11-17T09:01:01.549+0000] {processor.py:208} INFO - Processing /home/airflow/.local/lib/python3.12/site-packages/airflow/example_dags/tutorial.py took 0.294 seconds
[2024-11-17T09:01:32.988+0000] {processor.py:186} INFO - Started process (PID=510) to work on /home/airflow/.local/lib/python3.12/site-packages/airflow/example_dags/tutorial.py
[2024-11-17T09:01:32.991+0000] {processor.py:914} INFO - Processing file /home/airflow/.local/lib/python3.12/site-packages/airflow/example_dags/tutorial.py for tasks to queue
[2024-11-17T09:01:32.998+0000] {logging_mixin.py:190} INFO - [2024-11-17T09:01:32.997+0000] {dagbag.py:588} INFO - Filling up the DagBag from /home/airflow/.local/lib/python3.12/site-packages/airflow/example_dags/tutorial.py
[2024-11-17T09:01:33.021+0000] {processor.py:925} INFO - DAG(s) 'tutorial' retrieved from /home/airflow/.local/lib/python3.12/site-packages/airflow/example_dags/tutorial.py
[2024-11-17T09:01:33.080+0000] {logging_mixin.py:190} INFO - [2024-11-17T09:01:33.079+0000] {dag.py:3239} INFO - Sync 1 DAGs
[2024-11-17T09:01:33.150+0000] {logging_mixin.py:190} INFO - [2024-11-17T09:01:33.149+0000] {dag.py:4180} INFO - Setting next_dagrun for tutorial to 2024-11-16 00:00:00+00:00, run_after=2024-11-17 00:00:00+00:00
[2024-11-17T09:01:33.209+0000] {processor.py:208} INFO - Processing /home/airflow/.local/lib/python3.12/site-packages/airflow/example_dags/tutorial.py took 0.243 seconds
[2024-11-17T09:02:05.573+0000] {processor.py:186} INFO - Started process (PID=576) to work on /home/airflow/.local/lib/python3.12/site-packages/airflow/example_dags/tutorial.py
[2024-11-17T09:02:05.575+0000] {processor.py:914} INFO - Processing file /home/airflow/.local/lib/python3.12/site-packages/airflow/example_dags/tutorial.py for tasks to queue
[2024-11-17T09:02:05.582+0000] {logging_mixin.py:190} INFO - [2024-11-17T09:02:05.581+0000] {dagbag.py:588} INFO - Filling up the DagBag from /home/airflow/.local/lib/python3.12/site-packages/airflow/example_dags/tutorial.py
[2024-11-17T09:02:05.604+0000] {processor.py:925} INFO - DAG(s) 'tutorial' retrieved from /home/airflow/.local/lib/python3.12/site-packages/airflow/example_dags/tutorial.py
[2024-11-17T09:02:05.661+0000] {logging_mixin.py:190} INFO - [2024-11-17T09:02:05.660+0000] {dag.py:3239} INFO - Sync 1 DAGs
[2024-11-17T09:02:05.734+0000] {logging_mixin.py:190} INFO - [2024-11-17T09:02:05.734+0000] {dag.py:4180} INFO - Setting next_dagrun for tutorial to 2024-11-16 00:00:00+00:00, run_after=2024-11-17 00:00:00+00:00
[2024-11-17T09:02:05.789+0000] {processor.py:208} INFO - Processing /home/airflow/.local/lib/python3.12/site-packages/airflow/example_dags/tutorial.py took 0.234 seconds
[2024-11-17T09:02:38.792+0000] {processor.py:186} INFO - Started process (PID=648) to work on /home/airflow/.local/lib/python3.12/site-packages/airflow/example_dags/tutorial.py
[2024-11-17T09:02:38.795+0000] {processor.py:914} INFO - Processing file /home/airflow/.local/lib/python3.12/site-packages/airflow/example_dags/tutorial.py for tasks to queue
[2024-11-17T09:02:38.804+0000] {logging_mixin.py:190} INFO - [2024-11-17T09:02:38.802+0000] {dagbag.py:588} INFO - Filling up the DagBag from /home/airflow/.local/lib/python3.12/site-packages/airflow/example_dags/tutorial.py
[2024-11-17T09:02:38.836+0000] {processor.py:925} INFO - DAG(s) 'tutorial' retrieved from /home/airflow/.local/lib/python3.12/site-packages/airflow/example_dags/tutorial.py
[2024-11-17T09:02:38.906+0000] {logging_mixin.py:190} INFO - [2024-11-17T09:02:38.905+0000] {dag.py:3239} INFO - Sync 1 DAGs
[2024-11-17T09:02:39.009+0000] {logging_mixin.py:190} INFO - [2024-11-17T09:02:39.008+0000] {dag.py:4180} INFO - Setting next_dagrun for tutorial to 2024-11-16 00:00:00+00:00, run_after=2024-11-17 00:00:00+00:00
[2024-11-17T09:02:39.083+0000] {processor.py:208} INFO - Processing /home/airflow/.local/lib/python3.12/site-packages/airflow/example_dags/tutorial.py took 0.316 seconds
[2024-11-17T09:03:11.346+0000] {processor.py:186} INFO - Started process (PID=714) to work on /home/airflow/.local/lib/python3.12/site-packages/airflow/example_dags/tutorial.py
[2024-11-17T09:03:11.349+0000] {processor.py:914} INFO - Processing file /home/airflow/.local/lib/python3.12/site-packages/airflow/example_dags/tutorial.py for tasks to queue
[2024-11-17T09:03:11.356+0000] {logging_mixin.py:190} INFO - [2024-11-17T09:03:11.355+0000] {dagbag.py:588} INFO - Filling up the DagBag from /home/airflow/.local/lib/python3.12/site-packages/airflow/example_dags/tutorial.py
[2024-11-17T09:03:11.384+0000] {processor.py:925} INFO - DAG(s) 'tutorial' retrieved from /home/airflow/.local/lib/python3.12/site-packages/airflow/example_dags/tutorial.py
[2024-11-17T09:03:11.444+0000] {logging_mixin.py:190} INFO - [2024-11-17T09:03:11.443+0000] {dag.py:3239} INFO - Sync 1 DAGs
[2024-11-17T09:03:11.554+0000] {logging_mixin.py:190} INFO - [2024-11-17T09:03:11.553+0000] {dag.py:4180} INFO - Setting next_dagrun for tutorial to 2024-11-16 00:00:00+00:00, run_after=2024-11-17 00:00:00+00:00
[2024-11-17T09:03:11.627+0000] {processor.py:208} INFO - Processing /home/airflow/.local/lib/python3.12/site-packages/airflow/example_dags/tutorial.py took 0.300 seconds
[2024-11-17T09:03:43.237+0000] {processor.py:186} INFO - Started process (PID=780) to work on /home/airflow/.local/lib/python3.12/site-packages/airflow/example_dags/tutorial.py
[2024-11-17T09:03:43.240+0000] {processor.py:914} INFO - Processing file /home/airflow/.local/lib/python3.12/site-packages/airflow/example_dags/tutorial.py for tasks to queue
[2024-11-17T09:03:43.246+0000] {logging_mixin.py:190} INFO - [2024-11-17T09:03:43.246+0000] {dagbag.py:588} INFO - Filling up the DagBag from /home/airflow/.local/lib/python3.12/site-packages/airflow/example_dags/tutorial.py
[2024-11-17T09:03:43.269+0000] {processor.py:925} INFO - DAG(s) 'tutorial' retrieved from /home/airflow/.local/lib/python3.12/site-packages/airflow/example_dags/tutorial.py
[2024-11-17T09:03:43.328+0000] {logging_mixin.py:190} INFO - [2024-11-17T09:03:43.327+0000] {dag.py:3239} INFO - Sync 1 DAGs
[2024-11-17T09:03:43.396+0000] {logging_mixin.py:190} INFO - [2024-11-17T09:03:43.395+0000] {dag.py:4180} INFO - Setting next_dagrun for tutorial to 2024-11-16 00:00:00+00:00, run_after=2024-11-17 00:00:00+00:00
[2024-11-17T09:03:43.454+0000] {processor.py:208} INFO - Processing /home/airflow/.local/lib/python3.12/site-packages/airflow/example_dags/tutorial.py took 0.233 seconds
[2024-11-17T09:04:14.521+0000] {processor.py:186} INFO - Started process (PID=844) to work on /home/airflow/.local/lib/python3.12/site-packages/airflow/example_dags/tutorial.py
[2024-11-17T09:04:14.525+0000] {processor.py:914} INFO - Processing file /home/airflow/.local/lib/python3.12/site-packages/airflow/example_dags/tutorial.py for tasks to queue
[2024-11-17T09:04:14.533+0000] {logging_mixin.py:190} INFO - [2024-11-17T09:04:14.532+0000] {dagbag.py:588} INFO - Filling up the DagBag from /home/airflow/.local/lib/python3.12/site-packages/airflow/example_dags/tutorial.py
[2024-11-17T09:04:14.568+0000] {processor.py:925} INFO - DAG(s) 'tutorial' retrieved from /home/airflow/.local/lib/python3.12/site-packages/airflow/example_dags/tutorial.py
[2024-11-17T09:04:14.636+0000] {logging_mixin.py:190} INFO - [2024-11-17T09:04:14.636+0000] {dag.py:3239} INFO - Sync 1 DAGs
[2024-11-17T09:04:14.721+0000] {logging_mixin.py:190} INFO - [2024-11-17T09:04:14.720+0000] {dag.py:4180} INFO - Setting next_dagrun for tutorial to 2024-11-16 00:00:00+00:00, run_after=2024-11-17 00:00:00+00:00
[2024-11-17T09:04:14.806+0000] {processor.py:208} INFO - Processing /home/airflow/.local/lib/python3.12/site-packages/airflow/example_dags/tutorial.py took 0.315 seconds
[2024-11-17T09:04:45.155+0000] {processor.py:186} INFO - Started process (PID=909) to work on /home/airflow/.local/lib/python3.12/site-packages/airflow/example_dags/tutorial.py
[2024-11-17T09:04:45.158+0000] {processor.py:914} INFO - Processing file /home/airflow/.local/lib/python3.12/site-packages/airflow/example_dags/tutorial.py for tasks to queue
[2024-11-17T09:04:45.166+0000] {logging_mixin.py:190} INFO - [2024-11-17T09:04:45.165+0000] {dagbag.py:588} INFO - Filling up the DagBag from /home/airflow/.local/lib/python3.12/site-packages/airflow/example_dags/tutorial.py
[2024-11-17T09:04:45.187+0000] {processor.py:925} INFO - DAG(s) 'tutorial' retrieved from /home/airflow/.local/lib/python3.12/site-packages/airflow/example_dags/tutorial.py
[2024-11-17T09:04:45.244+0000] {logging_mixin.py:190} INFO - [2024-11-17T09:04:45.243+0000] {dag.py:3239} INFO - Sync 1 DAGs
[2024-11-17T09:04:45.332+0000] {logging_mixin.py:190} INFO - [2024-11-17T09:04:45.331+0000] {dag.py:4180} INFO - Setting next_dagrun for tutorial to 2024-11-16 00:00:00+00:00, run_after=2024-11-17 00:00:00+00:00
[2024-11-17T09:04:45.391+0000] {processor.py:208} INFO - Processing /home/airflow/.local/lib/python3.12/site-packages/airflow/example_dags/tutorial.py took 0.252 seconds
[2024-11-17T09:05:15.713+0000] {processor.py:186} INFO - Started process (PID=975) to work on /home/airflow/.local/lib/python3.12/site-packages/airflow/example_dags/tutorial.py
[2024-11-17T09:05:15.716+0000] {processor.py:914} INFO - Processing file /home/airflow/.local/lib/python3.12/site-packages/airflow/example_dags/tutorial.py for tasks to queue
[2024-11-17T09:05:15.724+0000] {logging_mixin.py:190} INFO - [2024-11-17T09:05:15.723+0000] {dagbag.py:588} INFO - Filling up the DagBag from /home/airflow/.local/lib/python3.12/site-packages/airflow/example_dags/tutorial.py
[2024-11-17T09:05:15.753+0000] {processor.py:925} INFO - DAG(s) 'tutorial' retrieved from /home/airflow/.local/lib/python3.12/site-packages/airflow/example_dags/tutorial.py
[2024-11-17T09:05:15.827+0000] {logging_mixin.py:190} INFO - [2024-11-17T09:05:15.826+0000] {dag.py:3239} INFO - Sync 1 DAGs
[2024-11-17T09:05:15.899+0000] {logging_mixin.py:190} INFO - [2024-11-17T09:05:15.898+0000] {dag.py:4180} INFO - Setting next_dagrun for tutorial to 2024-11-16 00:00:00+00:00, run_after=2024-11-17 00:00:00+00:00
[2024-11-17T09:05:15.955+0000] {processor.py:208} INFO - Processing /home/airflow/.local/lib/python3.12/site-packages/airflow/example_dags/tutorial.py took 0.268 seconds
[2024-11-17T09:05:46.349+0000] {processor.py:186} INFO - Started process (PID=1041) to work on /home/airflow/.local/lib/python3.12/site-packages/airflow/example_dags/tutorial.py
[2024-11-17T09:05:46.352+0000] {processor.py:914} INFO - Processing file /home/airflow/.local/lib/python3.12/site-packages/airflow/example_dags/tutorial.py for tasks to queue
[2024-11-17T09:05:46.360+0000] {logging_mixin.py:190} INFO - [2024-11-17T09:05:46.359+0000] {dagbag.py:588} INFO - Filling up the DagBag from /home/airflow/.local/lib/python3.12/site-packages/airflow/example_dags/tutorial.py
[2024-11-17T09:05:46.383+0000] {processor.py:925} INFO - DAG(s) 'tutorial' retrieved from /home/airflow/.local/lib/python3.12/site-packages/airflow/example_dags/tutorial.py
[2024-11-17T09:05:46.439+0000] {logging_mixin.py:190} INFO - [2024-11-17T09:05:46.438+0000] {dag.py:3239} INFO - Sync 1 DAGs
[2024-11-17T09:05:46.513+0000] {logging_mixin.py:190} INFO - [2024-11-17T09:05:46.513+0000] {dag.py:4180} INFO - Setting next_dagrun for tutorial to 2024-11-16 00:00:00+00:00, run_after=2024-11-17 00:00:00+00:00
[2024-11-17T09:05:46.565+0000] {processor.py:208} INFO - Processing /home/airflow/.local/lib/python3.12/site-packages/airflow/example_dags/tutorial.py took 0.232 seconds
[2024-11-17T09:06:16.986+0000] {processor.py:186} INFO - Started process (PID=1107) to work on /home/airflow/.local/lib/python3.12/site-packages/airflow/example_dags/tutorial.py
[2024-11-17T09:06:16.989+0000] {processor.py:914} INFO - Processing file /home/airflow/.local/lib/python3.12/site-packages/airflow/example_dags/tutorial.py for tasks to queue
[2024-11-17T09:06:16.996+0000] {logging_mixin.py:190} INFO - [2024-11-17T09:06:16.995+0000] {dagbag.py:588} INFO - Filling up the DagBag from /home/airflow/.local/lib/python3.12/site-packages/airflow/example_dags/tutorial.py
[2024-11-17T09:06:17.024+0000] {processor.py:925} INFO - DAG(s) 'tutorial' retrieved from /home/airflow/.local/lib/python3.12/site-packages/airflow/example_dags/tutorial.py
[2024-11-17T09:06:17.077+0000] {logging_mixin.py:190} INFO - [2024-11-17T09:06:17.076+0000] {dag.py:3239} INFO - Sync 1 DAGs
[2024-11-17T09:06:17.138+0000] {logging_mixin.py:190} INFO - [2024-11-17T09:06:17.137+0000] {dag.py:4180} INFO - Setting next_dagrun for tutorial to 2024-11-16 00:00:00+00:00, run_after=2024-11-17 00:00:00+00:00
[2024-11-17T09:06:17.194+0000] {processor.py:208} INFO - Processing /home/airflow/.local/lib/python3.12/site-packages/airflow/example_dags/tutorial.py took 0.224 seconds
[2024-11-17T09:06:47.462+0000] {processor.py:186} INFO - Started process (PID=1173) to work on /home/airflow/.local/lib/python3.12/site-packages/airflow/example_dags/tutorial.py
[2024-11-17T09:06:47.466+0000] {processor.py:914} INFO - Processing file /home/airflow/.local/lib/python3.12/site-packages/airflow/example_dags/tutorial.py for tasks to queue
[2024-11-17T09:06:47.474+0000] {logging_mixin.py:190} INFO - [2024-11-17T09:06:47.473+0000] {dagbag.py:588} INFO - Filling up the DagBag from /home/airflow/.local/lib/python3.12/site-packages/airflow/example_dags/tutorial.py
[2024-11-17T09:06:47.497+0000] {processor.py:925} INFO - DAG(s) 'tutorial' retrieved from /home/airflow/.local/lib/python3.12/site-packages/airflow/example_dags/tutorial.py
[2024-11-17T09:06:47.549+0000] {logging_mixin.py:190} INFO - [2024-11-17T09:06:47.548+0000] {dag.py:3239} INFO - Sync 1 DAGs
[2024-11-17T09:06:47.625+0000] {logging_mixin.py:190} INFO - [2024-11-17T09:06:47.624+0000] {dag.py:4180} INFO - Setting next_dagrun for tutorial to 2024-11-16 00:00:00+00:00, run_after=2024-11-17 00:00:00+00:00
[2024-11-17T09:06:47.679+0000] {processor.py:208} INFO - Processing /home/airflow/.local/lib/python3.12/site-packages/airflow/example_dags/tutorial.py took 0.233 seconds
[2024-11-17T09:07:18.194+0000] {processor.py:186} INFO - Started process (PID=1240) to work on /home/airflow/.local/lib/python3.12/site-packages/airflow/example_dags/tutorial.py
[2024-11-17T09:07:18.196+0000] {processor.py:914} INFO - Processing file /home/airflow/.local/lib/python3.12/site-packages/airflow/example_dags/tutorial.py for tasks to queue
[2024-11-17T09:07:18.203+0000] {logging_mixin.py:190} INFO - [2024-11-17T09:07:18.202+0000] {dagbag.py:588} INFO - Filling up the DagBag from /home/airflow/.local/lib/python3.12/site-packages/airflow/example_dags/tutorial.py
[2024-11-17T09:07:18.226+0000] {processor.py:925} INFO - DAG(s) 'tutorial' retrieved from /home/airflow/.local/lib/python3.12/site-packages/airflow/example_dags/tutorial.py
[2024-11-17T09:07:18.288+0000] {logging_mixin.py:190} INFO - [2024-11-17T09:07:18.287+0000] {dag.py:3239} INFO - Sync 1 DAGs
[2024-11-17T09:07:18.367+0000] {logging_mixin.py:190} INFO - [2024-11-17T09:07:18.366+0000] {dag.py:4180} INFO - Setting next_dagrun for tutorial to 2024-11-16 00:00:00+00:00, run_after=2024-11-17 00:00:00+00:00
[2024-11-17T09:07:18.428+0000] {processor.py:208} INFO - Processing /home/airflow/.local/lib/python3.12/site-packages/airflow/example_dags/tutorial.py took 0.251 seconds
[2024-11-17T09:07:48.828+0000] {processor.py:186} INFO - Started process (PID=1306) to work on /home/airflow/.local/lib/python3.12/site-packages/airflow/example_dags/tutorial.py
[2024-11-17T09:07:48.835+0000] {processor.py:914} INFO - Processing file /home/airflow/.local/lib/python3.12/site-packages/airflow/example_dags/tutorial.py for tasks to queue
[2024-11-17T09:07:48.852+0000] {logging_mixin.py:190} INFO - [2024-11-17T09:07:48.850+0000] {dagbag.py:588} INFO - Filling up the DagBag from /home/airflow/.local/lib/python3.12/site-packages/airflow/example_dags/tutorial.py
[2024-11-17T09:07:48.919+0000] {processor.py:925} INFO - DAG(s) 'tutorial' retrieved from /home/airflow/.local/lib/python3.12/site-packages/airflow/example_dags/tutorial.py
[2024-11-17T09:07:49.068+0000] {logging_mixin.py:190} INFO - [2024-11-17T09:07:49.067+0000] {dag.py:3239} INFO - Sync 1 DAGs
[2024-11-17T09:07:49.189+0000] {logging_mixin.py:190} INFO - [2024-11-17T09:07:49.188+0000] {dag.py:4180} INFO - Setting next_dagrun for tutorial to 2024-11-16 00:00:00+00:00, run_after=2024-11-17 00:00:00+00:00
[2024-11-17T09:07:49.256+0000] {processor.py:208} INFO - Processing /home/airflow/.local/lib/python3.12/site-packages/airflow/example_dags/tutorial.py took 0.466 seconds
[2024-11-17T09:08:20.215+0000] {processor.py:186} INFO - Started process (PID=1372) to work on /home/airflow/.local/lib/python3.12/site-packages/airflow/example_dags/tutorial.py
[2024-11-17T09:08:20.224+0000] {processor.py:914} INFO - Processing file /home/airflow/.local/lib/python3.12/site-packages/airflow/example_dags/tutorial.py for tasks to queue
[2024-11-17T09:08:20.233+0000] {logging_mixin.py:190} INFO - [2024-11-17T09:08:20.232+0000] {dagbag.py:588} INFO - Filling up the DagBag from /home/airflow/.local/lib/python3.12/site-packages/airflow/example_dags/tutorial.py
[2024-11-17T09:08:20.265+0000] {processor.py:925} INFO - DAG(s) 'tutorial' retrieved from /home/airflow/.local/lib/python3.12/site-packages/airflow/example_dags/tutorial.py
[2024-11-17T09:08:20.342+0000] {logging_mixin.py:190} INFO - [2024-11-17T09:08:20.342+0000] {dag.py:3239} INFO - Sync 1 DAGs
[2024-11-17T09:08:20.439+0000] {logging_mixin.py:190} INFO - [2024-11-17T09:08:20.438+0000] {dag.py:4180} INFO - Setting next_dagrun for tutorial to 2024-11-16 00:00:00+00:00, run_after=2024-11-17 00:00:00+00:00
[2024-11-17T09:08:20.494+0000] {processor.py:208} INFO - Processing /home/airflow/.local/lib/python3.12/site-packages/airflow/example_dags/tutorial.py took 0.318 seconds
[2024-11-17T09:08:50.791+0000] {processor.py:186} INFO - Started process (PID=1437) to work on /home/airflow/.local/lib/python3.12/site-packages/airflow/example_dags/tutorial.py
[2024-11-17T09:08:50.794+0000] {processor.py:914} INFO - Processing file /home/airflow/.local/lib/python3.12/site-packages/airflow/example_dags/tutorial.py for tasks to queue
[2024-11-17T09:08:50.802+0000] {logging_mixin.py:190} INFO - [2024-11-17T09:08:50.801+0000] {dagbag.py:588} INFO - Filling up the DagBag from /home/airflow/.local/lib/python3.12/site-packages/airflow/example_dags/tutorial.py
[2024-11-17T09:08:50.824+0000] {processor.py:925} INFO - DAG(s) 'tutorial' retrieved from /home/airflow/.local/lib/python3.12/site-packages/airflow/example_dags/tutorial.py
[2024-11-17T09:08:50.884+0000] {logging_mixin.py:190} INFO - [2024-11-17T09:08:50.883+0000] {dag.py:3239} INFO - Sync 1 DAGs
[2024-11-17T09:08:50.946+0000] {logging_mixin.py:190} INFO - [2024-11-17T09:08:50.945+0000] {dag.py:4180} INFO - Setting next_dagrun for tutorial to 2024-11-16 00:00:00+00:00, run_after=2024-11-17 00:00:00+00:00
[2024-11-17T09:08:51.001+0000] {processor.py:208} INFO - Processing /home/airflow/.local/lib/python3.12/site-packages/airflow/example_dags/tutorial.py took 0.227 seconds
[2024-11-17T09:09:21.238+0000] {processor.py:186} INFO - Started process (PID=1503) to work on /home/airflow/.local/lib/python3.12/site-packages/airflow/example_dags/tutorial.py
[2024-11-17T09:09:21.241+0000] {processor.py:914} INFO - Processing file /home/airflow/.local/lib/python3.12/site-packages/airflow/example_dags/tutorial.py for tasks to queue
[2024-11-17T09:09:21.248+0000] {logging_mixin.py:190} INFO - [2024-11-17T09:09:21.247+0000] {dagbag.py:588} INFO - Filling up the DagBag from /home/airflow/.local/lib/python3.12/site-packages/airflow/example_dags/tutorial.py
[2024-11-17T09:09:21.269+0000] {processor.py:925} INFO - DAG(s) 'tutorial' retrieved from /home/airflow/.local/lib/python3.12/site-packages/airflow/example_dags/tutorial.py
[2024-11-17T09:09:21.322+0000] {logging_mixin.py:190} INFO - [2024-11-17T09:09:21.322+0000] {dag.py:3239} INFO - Sync 1 DAGs
[2024-11-17T09:09:21.395+0000] {logging_mixin.py:190} INFO - [2024-11-17T09:09:21.394+0000] {dag.py:4180} INFO - Setting next_dagrun for tutorial to 2024-11-16 00:00:00+00:00, run_after=2024-11-17 00:00:00+00:00
[2024-11-17T09:09:21.449+0000] {processor.py:208} INFO - Processing /home/airflow/.local/lib/python3.12/site-packages/airflow/example_dags/tutorial.py took 0.228 seconds
[2024-11-17T09:09:52.704+0000] {processor.py:186} INFO - Started process (PID=1568) to work on /home/airflow/.local/lib/python3.12/site-packages/airflow/example_dags/tutorial.py
[2024-11-17T09:09:52.707+0000] {processor.py:914} INFO - Processing file /home/airflow/.local/lib/python3.12/site-packages/airflow/example_dags/tutorial.py for tasks to queue
[2024-11-17T09:09:52.715+0000] {logging_mixin.py:190} INFO - [2024-11-17T09:09:52.714+0000] {dagbag.py:588} INFO - Filling up the DagBag from /home/airflow/.local/lib/python3.12/site-packages/airflow/example_dags/tutorial.py
[2024-11-17T09:09:52.741+0000] {processor.py:925} INFO - DAG(s) 'tutorial' retrieved from /home/airflow/.local/lib/python3.12/site-packages/airflow/example_dags/tutorial.py
[2024-11-17T09:09:52.807+0000] {logging_mixin.py:190} INFO - [2024-11-17T09:09:52.807+0000] {dag.py:3239} INFO - Sync 1 DAGs
[2024-11-17T09:09:52.902+0000] {logging_mixin.py:190} INFO - [2024-11-17T09:09:52.901+0000] {dag.py:4180} INFO - Setting next_dagrun for tutorial to 2024-11-16 00:00:00+00:00, run_after=2024-11-17 00:00:00+00:00
[2024-11-17T09:09:52.971+0000] {processor.py:208} INFO - Processing /home/airflow/.local/lib/python3.12/site-packages/airflow/example_dags/tutorial.py took 0.288 seconds
[2024-11-17T09:10:23.325+0000] {processor.py:186} INFO - Started process (PID=1634) to work on /home/airflow/.local/lib/python3.12/site-packages/airflow/example_dags/tutorial.py
[2024-11-17T09:10:23.328+0000] {processor.py:914} INFO - Processing file /home/airflow/.local/lib/python3.12/site-packages/airflow/example_dags/tutorial.py for tasks to queue
[2024-11-17T09:10:23.335+0000] {logging_mixin.py:190} INFO - [2024-11-17T09:10:23.334+0000] {dagbag.py:588} INFO - Filling up the DagBag from /home/airflow/.local/lib/python3.12/site-packages/airflow/example_dags/tutorial.py
[2024-11-17T09:10:23.358+0000] {processor.py:925} INFO - DAG(s) 'tutorial' retrieved from /home/airflow/.local/lib/python3.12/site-packages/airflow/example_dags/tutorial.py
[2024-11-17T09:10:23.420+0000] {logging_mixin.py:190} INFO - [2024-11-17T09:10:23.419+0000] {dag.py:3239} INFO - Sync 1 DAGs
[2024-11-17T09:10:23.508+0000] {logging_mixin.py:190} INFO - [2024-11-17T09:10:23.507+0000] {dag.py:4180} INFO - Setting next_dagrun for tutorial to 2024-11-16 00:00:00+00:00, run_after=2024-11-17 00:00:00+00:00
[2024-11-17T09:10:23.581+0000] {processor.py:208} INFO - Processing /home/airflow/.local/lib/python3.12/site-packages/airflow/example_dags/tutorial.py took 0.274 seconds
[2024-11-17T09:10:54.286+0000] {processor.py:186} INFO - Started process (PID=1700) to work on /home/airflow/.local/lib/python3.12/site-packages/airflow/example_dags/tutorial.py
[2024-11-17T09:10:54.290+0000] {processor.py:914} INFO - Processing file /home/airflow/.local/lib/python3.12/site-packages/airflow/example_dags/tutorial.py for tasks to queue
[2024-11-17T09:10:54.298+0000] {logging_mixin.py:190} INFO - [2024-11-17T09:10:54.297+0000] {dagbag.py:588} INFO - Filling up the DagBag from /home/airflow/.local/lib/python3.12/site-packages/airflow/example_dags/tutorial.py
[2024-11-17T09:10:54.323+0000] {processor.py:925} INFO - DAG(s) 'tutorial' retrieved from /home/airflow/.local/lib/python3.12/site-packages/airflow/example_dags/tutorial.py
[2024-11-17T09:10:54.384+0000] {logging_mixin.py:190} INFO - [2024-11-17T09:10:54.382+0000] {dag.py:3239} INFO - Sync 1 DAGs
[2024-11-17T09:10:54.451+0000] {logging_mixin.py:190} INFO - [2024-11-17T09:10:54.450+0000] {dag.py:4180} INFO - Setting next_dagrun for tutorial to 2024-11-16 00:00:00+00:00, run_after=2024-11-17 00:00:00+00:00
[2024-11-17T09:10:54.503+0000] {processor.py:208} INFO - Processing /home/airflow/.local/lib/python3.12/site-packages/airflow/example_dags/tutorial.py took 0.241 seconds
[2024-11-17T09:11:24.911+0000] {processor.py:186} INFO - Started process (PID=1765) to work on /home/airflow/.local/lib/python3.12/site-packages/airflow/example_dags/tutorial.py
[2024-11-17T09:11:24.914+0000] {processor.py:914} INFO - Processing file /home/airflow/.local/lib/python3.12/site-packages/airflow/example_dags/tutorial.py for tasks to queue
[2024-11-17T09:11:24.920+0000] {logging_mixin.py:190} INFO - [2024-11-17T09:11:24.919+0000] {dagbag.py:588} INFO - Filling up the DagBag from /home/airflow/.local/lib/python3.12/site-packages/airflow/example_dags/tutorial.py
[2024-11-17T09:11:24.958+0000] {processor.py:925} INFO - DAG(s) 'tutorial' retrieved from /home/airflow/.local/lib/python3.12/site-packages/airflow/example_dags/tutorial.py
[2024-11-17T09:11:25.034+0000] {logging_mixin.py:190} INFO - [2024-11-17T09:11:25.033+0000] {dag.py:3239} INFO - Sync 1 DAGs
[2024-11-17T09:11:25.101+0000] {logging_mixin.py:190} INFO - [2024-11-17T09:11:25.101+0000] {dag.py:4180} INFO - Setting next_dagrun for tutorial to 2024-11-16 00:00:00+00:00, run_after=2024-11-17 00:00:00+00:00
[2024-11-17T09:11:25.156+0000] {processor.py:208} INFO - Processing /home/airflow/.local/lib/python3.12/site-packages/airflow/example_dags/tutorial.py took 0.261 seconds
[2024-11-17T09:11:56.254+0000] {processor.py:186} INFO - Started process (PID=1831) to work on /home/airflow/.local/lib/python3.12/site-packages/airflow/example_dags/tutorial.py
[2024-11-17T09:11:56.257+0000] {processor.py:914} INFO - Processing file /home/airflow/.local/lib/python3.12/site-packages/airflow/example_dags/tutorial.py for tasks to queue
[2024-11-17T09:11:56.263+0000] {logging_mixin.py:190} INFO - [2024-11-17T09:11:56.262+0000] {dagbag.py:588} INFO - Filling up the DagBag from /home/airflow/.local/lib/python3.12/site-packages/airflow/example_dags/tutorial.py
[2024-11-17T09:11:56.287+0000] {processor.py:925} INFO - DAG(s) 'tutorial' retrieved from /home/airflow/.local/lib/python3.12/site-packages/airflow/example_dags/tutorial.py
[2024-11-17T09:11:56.346+0000] {logging_mixin.py:190} INFO - [2024-11-17T09:11:56.345+0000] {dag.py:3239} INFO - Sync 1 DAGs
[2024-11-17T09:11:56.409+0000] {logging_mixin.py:190} INFO - [2024-11-17T09:11:56.408+0000] {dag.py:4180} INFO - Setting next_dagrun for tutorial to 2024-11-16 00:00:00+00:00, run_after=2024-11-17 00:00:00+00:00
[2024-11-17T09:11:56.467+0000] {processor.py:208} INFO - Processing /home/airflow/.local/lib/python3.12/site-packages/airflow/example_dags/tutorial.py took 0.229 seconds
[2024-11-17T09:12:26.801+0000] {processor.py:186} INFO - Started process (PID=1896) to work on /home/airflow/.local/lib/python3.12/site-packages/airflow/example_dags/tutorial.py
[2024-11-17T09:12:26.805+0000] {processor.py:914} INFO - Processing file /home/airflow/.local/lib/python3.12/site-packages/airflow/example_dags/tutorial.py for tasks to queue
[2024-11-17T09:12:26.816+0000] {logging_mixin.py:190} INFO - [2024-11-17T09:12:26.814+0000] {dagbag.py:588} INFO - Filling up the DagBag from /home/airflow/.local/lib/python3.12/site-packages/airflow/example_dags/tutorial.py
[2024-11-17T09:12:26.848+0000] {processor.py:925} INFO - DAG(s) 'tutorial' retrieved from /home/airflow/.local/lib/python3.12/site-packages/airflow/example_dags/tutorial.py
[2024-11-17T09:12:26.923+0000] {logging_mixin.py:190} INFO - [2024-11-17T09:12:26.921+0000] {dag.py:3239} INFO - Sync 1 DAGs
[2024-11-17T09:12:27.023+0000] {logging_mixin.py:190} INFO - [2024-11-17T09:12:27.022+0000] {dag.py:4180} INFO - Setting next_dagrun for tutorial to 2024-11-16 00:00:00+00:00, run_after=2024-11-17 00:00:00+00:00
[2024-11-17T09:12:27.088+0000] {processor.py:208} INFO - Processing /home/airflow/.local/lib/python3.12/site-packages/airflow/example_dags/tutorial.py took 0.312 seconds
[2024-11-17T09:12:57.837+0000] {processor.py:186} INFO - Started process (PID=1962) to work on /home/airflow/.local/lib/python3.12/site-packages/airflow/example_dags/tutorial.py
[2024-11-17T09:12:57.840+0000] {processor.py:914} INFO - Processing file /home/airflow/.local/lib/python3.12/site-packages/airflow/example_dags/tutorial.py for tasks to queue
[2024-11-17T09:12:57.847+0000] {logging_mixin.py:190} INFO - [2024-11-17T09:12:57.845+0000] {dagbag.py:588} INFO - Filling up the DagBag from /home/airflow/.local/lib/python3.12/site-packages/airflow/example_dags/tutorial.py
[2024-11-17T09:12:57.868+0000] {processor.py:925} INFO - DAG(s) 'tutorial' retrieved from /home/airflow/.local/lib/python3.12/site-packages/airflow/example_dags/tutorial.py
[2024-11-17T09:12:57.922+0000] {logging_mixin.py:190} INFO - [2024-11-17T09:12:57.921+0000] {dag.py:3239} INFO - Sync 1 DAGs
[2024-11-17T09:12:58.003+0000] {logging_mixin.py:190} INFO - [2024-11-17T09:12:58.003+0000] {dag.py:4180} INFO - Setting next_dagrun for tutorial to 2024-11-16 00:00:00+00:00, run_after=2024-11-17 00:00:00+00:00
[2024-11-17T09:12:58.059+0000] {processor.py:208} INFO - Processing /home/airflow/.local/lib/python3.12/site-packages/airflow/example_dags/tutorial.py took 0.239 seconds
[2024-11-17T09:13:29.002+0000] {processor.py:186} INFO - Started process (PID=2028) to work on /home/airflow/.local/lib/python3.12/site-packages/airflow/example_dags/tutorial.py
[2024-11-17T09:13:29.005+0000] {processor.py:914} INFO - Processing file /home/airflow/.local/lib/python3.12/site-packages/airflow/example_dags/tutorial.py for tasks to queue
[2024-11-17T09:13:29.012+0000] {logging_mixin.py:190} INFO - [2024-11-17T09:13:29.011+0000] {dagbag.py:588} INFO - Filling up the DagBag from /home/airflow/.local/lib/python3.12/site-packages/airflow/example_dags/tutorial.py
[2024-11-17T09:13:29.042+0000] {processor.py:925} INFO - DAG(s) 'tutorial' retrieved from /home/airflow/.local/lib/python3.12/site-packages/airflow/example_dags/tutorial.py
[2024-11-17T09:13:29.099+0000] {logging_mixin.py:190} INFO - [2024-11-17T09:13:29.098+0000] {dag.py:3239} INFO - Sync 1 DAGs
[2024-11-17T09:13:29.185+0000] {logging_mixin.py:190} INFO - [2024-11-17T09:13:29.184+0000] {dag.py:4180} INFO - Setting next_dagrun for tutorial to 2024-11-16 00:00:00+00:00, run_after=2024-11-17 00:00:00+00:00
[2024-11-17T09:13:29.259+0000] {processor.py:208} INFO - Processing /home/airflow/.local/lib/python3.12/site-packages/airflow/example_dags/tutorial.py took 0.273 seconds
[2024-11-17T09:13:59.697+0000] {processor.py:186} INFO - Started process (PID=2093) to work on /home/airflow/.local/lib/python3.12/site-packages/airflow/example_dags/tutorial.py
[2024-11-17T09:13:59.699+0000] {processor.py:914} INFO - Processing file /home/airflow/.local/lib/python3.12/site-packages/airflow/example_dags/tutorial.py for tasks to queue
[2024-11-17T09:13:59.709+0000] {logging_mixin.py:190} INFO - [2024-11-17T09:13:59.707+0000] {dagbag.py:588} INFO - Filling up the DagBag from /home/airflow/.local/lib/python3.12/site-packages/airflow/example_dags/tutorial.py
[2024-11-17T09:13:59.752+0000] {processor.py:925} INFO - DAG(s) 'tutorial' retrieved from /home/airflow/.local/lib/python3.12/site-packages/airflow/example_dags/tutorial.py
[2024-11-17T09:13:59.818+0000] {logging_mixin.py:190} INFO - [2024-11-17T09:13:59.817+0000] {dag.py:3239} INFO - Sync 1 DAGs
[2024-11-17T09:13:59.892+0000] {logging_mixin.py:190} INFO - [2024-11-17T09:13:59.890+0000] {dag.py:4180} INFO - Setting next_dagrun for tutorial to 2024-11-16 00:00:00+00:00, run_after=2024-11-17 00:00:00+00:00
[2024-11-17T09:13:59.955+0000] {processor.py:208} INFO - Processing /home/airflow/.local/lib/python3.12/site-packages/airflow/example_dags/tutorial.py took 0.286 seconds
[2024-11-17T09:14:30.602+0000] {processor.py:186} INFO - Started process (PID=2159) to work on /home/airflow/.local/lib/python3.12/site-packages/airflow/example_dags/tutorial.py
[2024-11-17T09:14:30.606+0000] {processor.py:914} INFO - Processing file /home/airflow/.local/lib/python3.12/site-packages/airflow/example_dags/tutorial.py for tasks to queue
[2024-11-17T09:14:30.613+0000] {logging_mixin.py:190} INFO - [2024-11-17T09:14:30.612+0000] {dagbag.py:588} INFO - Filling up the DagBag from /home/airflow/.local/lib/python3.12/site-packages/airflow/example_dags/tutorial.py
[2024-11-17T09:14:30.637+0000] {processor.py:925} INFO - DAG(s) 'tutorial' retrieved from /home/airflow/.local/lib/python3.12/site-packages/airflow/example_dags/tutorial.py
[2024-11-17T09:14:30.705+0000] {logging_mixin.py:190} INFO - [2024-11-17T09:14:30.704+0000] {dag.py:3239} INFO - Sync 1 DAGs
[2024-11-17T09:14:30.786+0000] {logging_mixin.py:190} INFO - [2024-11-17T09:14:30.786+0000] {dag.py:4180} INFO - Setting next_dagrun for tutorial to 2024-11-16 00:00:00+00:00, run_after=2024-11-17 00:00:00+00:00
[2024-11-17T09:14:30.847+0000] {processor.py:208} INFO - Processing /home/airflow/.local/lib/python3.12/site-packages/airflow/example_dags/tutorial.py took 0.266 seconds
[2024-11-17T09:15:01.049+0000] {processor.py:186} INFO - Started process (PID=2224) to work on /home/airflow/.local/lib/python3.12/site-packages/airflow/example_dags/tutorial.py
[2024-11-17T09:15:01.052+0000] {processor.py:914} INFO - Processing file /home/airflow/.local/lib/python3.12/site-packages/airflow/example_dags/tutorial.py for tasks to queue
[2024-11-17T09:15:01.059+0000] {logging_mixin.py:190} INFO - [2024-11-17T09:15:01.058+0000] {dagbag.py:588} INFO - Filling up the DagBag from /home/airflow/.local/lib/python3.12/site-packages/airflow/example_dags/tutorial.py
[2024-11-17T09:15:01.082+0000] {processor.py:925} INFO - DAG(s) 'tutorial' retrieved from /home/airflow/.local/lib/python3.12/site-packages/airflow/example_dags/tutorial.py
[2024-11-17T09:15:01.138+0000] {logging_mixin.py:190} INFO - [2024-11-17T09:15:01.137+0000] {dag.py:3239} INFO - Sync 1 DAGs
[2024-11-17T09:15:01.209+0000] {logging_mixin.py:190} INFO - [2024-11-17T09:15:01.208+0000] {dag.py:4180} INFO - Setting next_dagrun for tutorial to 2024-11-16 00:00:00+00:00, run_after=2024-11-17 00:00:00+00:00
[2024-11-17T09:15:01.264+0000] {processor.py:208} INFO - Processing /home/airflow/.local/lib/python3.12/site-packages/airflow/example_dags/tutorial.py took 0.234 seconds
[2024-11-17T09:15:31.520+0000] {processor.py:186} INFO - Started process (PID=2290) to work on /home/airflow/.local/lib/python3.12/site-packages/airflow/example_dags/tutorial.py
[2024-11-17T09:15:31.523+0000] {processor.py:914} INFO - Processing file /home/airflow/.local/lib/python3.12/site-packages/airflow/example_dags/tutorial.py for tasks to queue
[2024-11-17T09:15:31.531+0000] {logging_mixin.py:190} INFO - [2024-11-17T09:15:31.530+0000] {dagbag.py:588} INFO - Filling up the DagBag from /home/airflow/.local/lib/python3.12/site-packages/airflow/example_dags/tutorial.py
[2024-11-17T09:15:31.555+0000] {processor.py:925} INFO - DAG(s) 'tutorial' retrieved from /home/airflow/.local/lib/python3.12/site-packages/airflow/example_dags/tutorial.py
[2024-11-17T09:15:31.625+0000] {logging_mixin.py:190} INFO - [2024-11-17T09:15:31.624+0000] {dag.py:3239} INFO - Sync 1 DAGs
[2024-11-17T09:15:31.691+0000] {logging_mixin.py:190} INFO - [2024-11-17T09:15:31.690+0000] {dag.py:4180} INFO - Setting next_dagrun for tutorial to 2024-11-16 00:00:00+00:00, run_after=2024-11-17 00:00:00+00:00
[2024-11-17T09:15:31.751+0000] {processor.py:208} INFO - Processing /home/airflow/.local/lib/python3.12/site-packages/airflow/example_dags/tutorial.py took 0.253 seconds
[2024-11-17T09:16:02.279+0000] {processor.py:186} INFO - Started process (PID=2355) to work on /home/airflow/.local/lib/python3.12/site-packages/airflow/example_dags/tutorial.py
[2024-11-17T09:16:02.282+0000] {processor.py:914} INFO - Processing file /home/airflow/.local/lib/python3.12/site-packages/airflow/example_dags/tutorial.py for tasks to queue
[2024-11-17T09:16:02.291+0000] {logging_mixin.py:190} INFO - [2024-11-17T09:16:02.290+0000] {dagbag.py:588} INFO - Filling up the DagBag from /home/airflow/.local/lib/python3.12/site-packages/airflow/example_dags/tutorial.py
[2024-11-17T09:16:02.315+0000] {processor.py:925} INFO - DAG(s) 'tutorial' retrieved from /home/airflow/.local/lib/python3.12/site-packages/airflow/example_dags/tutorial.py
[2024-11-17T09:16:02.389+0000] {logging_mixin.py:190} INFO - [2024-11-17T09:16:02.388+0000] {dag.py:3239} INFO - Sync 1 DAGs
[2024-11-17T09:16:02.473+0000] {logging_mixin.py:190} INFO - [2024-11-17T09:16:02.472+0000] {dag.py:4180} INFO - Setting next_dagrun for tutorial to 2024-11-16 00:00:00+00:00, run_after=2024-11-17 00:00:00+00:00
[2024-11-17T09:16:02.555+0000] {processor.py:208} INFO - Processing /home/airflow/.local/lib/python3.12/site-packages/airflow/example_dags/tutorial.py took 0.294 seconds
[2024-11-17T09:16:32.998+0000] {processor.py:186} INFO - Started process (PID=2421) to work on /home/airflow/.local/lib/python3.12/site-packages/airflow/example_dags/tutorial.py
[2024-11-17T09:16:33.007+0000] {processor.py:914} INFO - Processing file /home/airflow/.local/lib/python3.12/site-packages/airflow/example_dags/tutorial.py for tasks to queue
[2024-11-17T09:16:33.021+0000] {logging_mixin.py:190} INFO - [2024-11-17T09:16:33.019+0000] {dagbag.py:588} INFO - Filling up the DagBag from /home/airflow/.local/lib/python3.12/site-packages/airflow/example_dags/tutorial.py
[2024-11-17T09:16:33.103+0000] {processor.py:925} INFO - DAG(s) 'tutorial' retrieved from /home/airflow/.local/lib/python3.12/site-packages/airflow/example_dags/tutorial.py
[2024-11-17T09:16:33.206+0000] {logging_mixin.py:190} INFO - [2024-11-17T09:16:33.205+0000] {dag.py:3239} INFO - Sync 1 DAGs
[2024-11-17T09:16:33.300+0000] {logging_mixin.py:190} INFO - [2024-11-17T09:16:33.299+0000] {dag.py:4180} INFO - Setting next_dagrun for tutorial to 2024-11-16 00:00:00+00:00, run_after=2024-11-17 00:00:00+00:00
[2024-11-17T09:16:33.368+0000] {processor.py:208} INFO - Processing /home/airflow/.local/lib/python3.12/site-packages/airflow/example_dags/tutorial.py took 0.430 seconds
[2024-11-17T09:17:03.674+0000] {processor.py:186} INFO - Started process (PID=2487) to work on /home/airflow/.local/lib/python3.12/site-packages/airflow/example_dags/tutorial.py
[2024-11-17T09:17:03.677+0000] {processor.py:914} INFO - Processing file /home/airflow/.local/lib/python3.12/site-packages/airflow/example_dags/tutorial.py for tasks to queue
[2024-11-17T09:17:03.685+0000] {logging_mixin.py:190} INFO - [2024-11-17T09:17:03.683+0000] {dagbag.py:588} INFO - Filling up the DagBag from /home/airflow/.local/lib/python3.12/site-packages/airflow/example_dags/tutorial.py
[2024-11-17T09:17:03.712+0000] {processor.py:925} INFO - DAG(s) 'tutorial' retrieved from /home/airflow/.local/lib/python3.12/site-packages/airflow/example_dags/tutorial.py
[2024-11-17T09:17:03.778+0000] {logging_mixin.py:190} INFO - [2024-11-17T09:17:03.777+0000] {dag.py:3239} INFO - Sync 1 DAGs
[2024-11-17T09:17:03.857+0000] {logging_mixin.py:190} INFO - [2024-11-17T09:17:03.856+0000] {dag.py:4180} INFO - Setting next_dagrun for tutorial to 2024-11-16 00:00:00+00:00, run_after=2024-11-17 00:00:00+00:00
[2024-11-17T09:17:03.906+0000] {processor.py:208} INFO - Processing /home/airflow/.local/lib/python3.12/site-packages/airflow/example_dags/tutorial.py took 0.254 seconds
[2024-11-17T09:17:34.379+0000] {processor.py:186} INFO - Started process (PID=2552) to work on /home/airflow/.local/lib/python3.12/site-packages/airflow/example_dags/tutorial.py
[2024-11-17T09:17:34.383+0000] {processor.py:914} INFO - Processing file /home/airflow/.local/lib/python3.12/site-packages/airflow/example_dags/tutorial.py for tasks to queue
[2024-11-17T09:17:34.397+0000] {logging_mixin.py:190} INFO - [2024-11-17T09:17:34.395+0000] {dagbag.py:588} INFO - Filling up the DagBag from /home/airflow/.local/lib/python3.12/site-packages/airflow/example_dags/tutorial.py
[2024-11-17T09:17:34.441+0000] {processor.py:925} INFO - DAG(s) 'tutorial' retrieved from /home/airflow/.local/lib/python3.12/site-packages/airflow/example_dags/tutorial.py
[2024-11-17T09:17:34.508+0000] {logging_mixin.py:190} INFO - [2024-11-17T09:17:34.507+0000] {dag.py:3239} INFO - Sync 1 DAGs
[2024-11-17T09:17:34.579+0000] {logging_mixin.py:190} INFO - [2024-11-17T09:17:34.578+0000] {dag.py:4180} INFO - Setting next_dagrun for tutorial to 2024-11-16 00:00:00+00:00, run_after=2024-11-17 00:00:00+00:00
[2024-11-17T09:17:34.651+0000] {processor.py:208} INFO - Processing /home/airflow/.local/lib/python3.12/site-packages/airflow/example_dags/tutorial.py took 0.300 seconds
[2024-11-17T09:18:05.274+0000] {processor.py:186} INFO - Started process (PID=2619) to work on /home/airflow/.local/lib/python3.12/site-packages/airflow/example_dags/tutorial.py
[2024-11-17T09:18:05.277+0000] {processor.py:914} INFO - Processing file /home/airflow/.local/lib/python3.12/site-packages/airflow/example_dags/tutorial.py for tasks to queue
[2024-11-17T09:18:05.283+0000] {logging_mixin.py:190} INFO - [2024-11-17T09:18:05.282+0000] {dagbag.py:588} INFO - Filling up the DagBag from /home/airflow/.local/lib/python3.12/site-packages/airflow/example_dags/tutorial.py
[2024-11-17T09:18:05.304+0000] {processor.py:925} INFO - DAG(s) 'tutorial' retrieved from /home/airflow/.local/lib/python3.12/site-packages/airflow/example_dags/tutorial.py
[2024-11-17T09:18:05.355+0000] {logging_mixin.py:190} INFO - [2024-11-17T09:18:05.354+0000] {dag.py:3239} INFO - Sync 1 DAGs
[2024-11-17T09:18:05.417+0000] {logging_mixin.py:190} INFO - [2024-11-17T09:18:05.416+0000] {dag.py:4180} INFO - Setting next_dagrun for tutorial to 2024-11-16 00:00:00+00:00, run_after=2024-11-17 00:00:00+00:00
[2024-11-17T09:18:05.468+0000] {processor.py:208} INFO - Processing /home/airflow/.local/lib/python3.12/site-packages/airflow/example_dags/tutorial.py took 0.211 seconds
[2024-11-17T09:18:36.381+0000] {processor.py:186} INFO - Started process (PID=2685) to work on /home/airflow/.local/lib/python3.12/site-packages/airflow/example_dags/tutorial.py
[2024-11-17T09:18:36.384+0000] {processor.py:914} INFO - Processing file /home/airflow/.local/lib/python3.12/site-packages/airflow/example_dags/tutorial.py for tasks to queue
[2024-11-17T09:18:36.390+0000] {logging_mixin.py:190} INFO - [2024-11-17T09:18:36.389+0000] {dagbag.py:588} INFO - Filling up the DagBag from /home/airflow/.local/lib/python3.12/site-packages/airflow/example_dags/tutorial.py
[2024-11-17T09:18:36.415+0000] {processor.py:925} INFO - DAG(s) 'tutorial' retrieved from /home/airflow/.local/lib/python3.12/site-packages/airflow/example_dags/tutorial.py
[2024-11-17T09:18:36.470+0000] {logging_mixin.py:190} INFO - [2024-11-17T09:18:36.469+0000] {dag.py:3239} INFO - Sync 1 DAGs
[2024-11-17T09:18:36.579+0000] {logging_mixin.py:190} INFO - [2024-11-17T09:18:36.578+0000] {dag.py:4180} INFO - Setting next_dagrun for tutorial to 2024-11-16 00:00:00+00:00, run_after=2024-11-17 00:00:00+00:00
[2024-11-17T09:18:36.632+0000] {processor.py:208} INFO - Processing /home/airflow/.local/lib/python3.12/site-packages/airflow/example_dags/tutorial.py took 0.268 seconds
[2024-11-17T09:19:07.925+0000] {processor.py:186} INFO - Started process (PID=2752) to work on /home/airflow/.local/lib/python3.12/site-packages/airflow/example_dags/tutorial.py
[2024-11-17T09:19:07.929+0000] {processor.py:914} INFO - Processing file /home/airflow/.local/lib/python3.12/site-packages/airflow/example_dags/tutorial.py for tasks to queue
[2024-11-17T09:19:07.936+0000] {logging_mixin.py:190} INFO - [2024-11-17T09:19:07.935+0000] {dagbag.py:588} INFO - Filling up the DagBag from /home/airflow/.local/lib/python3.12/site-packages/airflow/example_dags/tutorial.py
[2024-11-17T09:19:07.961+0000] {processor.py:925} INFO - DAG(s) 'tutorial' retrieved from /home/airflow/.local/lib/python3.12/site-packages/airflow/example_dags/tutorial.py
[2024-11-17T09:19:08.018+0000] {logging_mixin.py:190} INFO - [2024-11-17T09:19:08.017+0000] {dag.py:3239} INFO - Sync 1 DAGs
[2024-11-17T09:19:08.106+0000] {logging_mixin.py:190} INFO - [2024-11-17T09:19:08.105+0000] {dag.py:4180} INFO - Setting next_dagrun for tutorial to 2024-11-16 00:00:00+00:00, run_after=2024-11-17 00:00:00+00:00
[2024-11-17T09:19:08.162+0000] {processor.py:208} INFO - Processing /home/airflow/.local/lib/python3.12/site-packages/airflow/example_dags/tutorial.py took 0.260 seconds
[2024-11-17T09:19:38.776+0000] {processor.py:186} INFO - Started process (PID=2817) to work on /home/airflow/.local/lib/python3.12/site-packages/airflow/example_dags/tutorial.py
[2024-11-17T09:19:38.779+0000] {processor.py:914} INFO - Processing file /home/airflow/.local/lib/python3.12/site-packages/airflow/example_dags/tutorial.py for tasks to queue
[2024-11-17T09:19:38.788+0000] {logging_mixin.py:190} INFO - [2024-11-17T09:19:38.786+0000] {dagbag.py:588} INFO - Filling up the DagBag from /home/airflow/.local/lib/python3.12/site-packages/airflow/example_dags/tutorial.py
[2024-11-17T09:19:38.819+0000] {processor.py:925} INFO - DAG(s) 'tutorial' retrieved from /home/airflow/.local/lib/python3.12/site-packages/airflow/example_dags/tutorial.py
[2024-11-17T09:19:38.907+0000] {logging_mixin.py:190} INFO - [2024-11-17T09:19:38.906+0000] {dag.py:3239} INFO - Sync 1 DAGs
[2024-11-17T09:19:39.020+0000] {logging_mixin.py:190} INFO - [2024-11-17T09:19:39.019+0000] {dag.py:4180} INFO - Setting next_dagrun for tutorial to 2024-11-16 00:00:00+00:00, run_after=2024-11-17 00:00:00+00:00
[2024-11-17T09:19:39.499+0000] {processor.py:208} INFO - Processing /home/airflow/.local/lib/python3.12/site-packages/airflow/example_dags/tutorial.py took 0.744 seconds
[2024-11-17T09:20:09.733+0000] {processor.py:186} INFO - Started process (PID=2884) to work on /home/airflow/.local/lib/python3.12/site-packages/airflow/example_dags/tutorial.py
[2024-11-17T09:20:09.736+0000] {processor.py:914} INFO - Processing file /home/airflow/.local/lib/python3.12/site-packages/airflow/example_dags/tutorial.py for tasks to queue
[2024-11-17T09:20:09.748+0000] {logging_mixin.py:190} INFO - [2024-11-17T09:20:09.747+0000] {dagbag.py:588} INFO - Filling up the DagBag from /home/airflow/.local/lib/python3.12/site-packages/airflow/example_dags/tutorial.py
[2024-11-17T09:20:09.771+0000] {processor.py:925} INFO - DAG(s) 'tutorial' retrieved from /home/airflow/.local/lib/python3.12/site-packages/airflow/example_dags/tutorial.py
[2024-11-17T09:20:09.821+0000] {logging_mixin.py:190} INFO - [2024-11-17T09:20:09.821+0000] {dag.py:3239} INFO - Sync 1 DAGs
[2024-11-17T09:20:09.883+0000] {logging_mixin.py:190} INFO - [2024-11-17T09:20:09.883+0000] {dag.py:4180} INFO - Setting next_dagrun for tutorial to 2024-11-16 00:00:00+00:00, run_after=2024-11-17 00:00:00+00:00
[2024-11-17T09:20:09.937+0000] {processor.py:208} INFO - Processing /home/airflow/.local/lib/python3.12/site-packages/airflow/example_dags/tutorial.py took 0.220 seconds
[2024-11-17T09:20:40.188+0000] {processor.py:186} INFO - Started process (PID=2949) to work on /home/airflow/.local/lib/python3.12/site-packages/airflow/example_dags/tutorial.py
[2024-11-17T09:20:40.191+0000] {processor.py:914} INFO - Processing file /home/airflow/.local/lib/python3.12/site-packages/airflow/example_dags/tutorial.py for tasks to queue
[2024-11-17T09:20:40.199+0000] {logging_mixin.py:190} INFO - [2024-11-17T09:20:40.198+0000] {dagbag.py:588} INFO - Filling up the DagBag from /home/airflow/.local/lib/python3.12/site-packages/airflow/example_dags/tutorial.py
[2024-11-17T09:20:40.225+0000] {processor.py:925} INFO - DAG(s) 'tutorial' retrieved from /home/airflow/.local/lib/python3.12/site-packages/airflow/example_dags/tutorial.py
[2024-11-17T09:20:40.278+0000] {logging_mixin.py:190} INFO - [2024-11-17T09:20:40.277+0000] {dag.py:3239} INFO - Sync 1 DAGs
[2024-11-17T09:20:40.351+0000] {logging_mixin.py:190} INFO - [2024-11-17T09:20:40.350+0000] {dag.py:4180} INFO - Setting next_dagrun for tutorial to 2024-11-16 00:00:00+00:00, run_after=2024-11-17 00:00:00+00:00
[2024-11-17T09:20:40.407+0000] {processor.py:208} INFO - Processing /home/airflow/.local/lib/python3.12/site-packages/airflow/example_dags/tutorial.py took 0.239 seconds
[2024-11-17T09:21:10.548+0000] {processor.py:186} INFO - Started process (PID=3015) to work on /home/airflow/.local/lib/python3.12/site-packages/airflow/example_dags/tutorial.py
[2024-11-17T09:21:10.551+0000] {processor.py:914} INFO - Processing file /home/airflow/.local/lib/python3.12/site-packages/airflow/example_dags/tutorial.py for tasks to queue
[2024-11-17T09:21:10.558+0000] {logging_mixin.py:190} INFO - [2024-11-17T09:21:10.557+0000] {dagbag.py:588} INFO - Filling up the DagBag from /home/airflow/.local/lib/python3.12/site-packages/airflow/example_dags/tutorial.py
[2024-11-17T09:21:10.580+0000] {processor.py:925} INFO - DAG(s) 'tutorial' retrieved from /home/airflow/.local/lib/python3.12/site-packages/airflow/example_dags/tutorial.py
[2024-11-17T09:21:10.637+0000] {logging_mixin.py:190} INFO - [2024-11-17T09:21:10.636+0000] {dag.py:3239} INFO - Sync 1 DAGs
[2024-11-17T09:21:10.725+0000] {logging_mixin.py:190} INFO - [2024-11-17T09:21:10.724+0000] {dag.py:4180} INFO - Setting next_dagrun for tutorial to 2024-11-16 00:00:00+00:00, run_after=2024-11-17 00:00:00+00:00
[2024-11-17T09:21:10.780+0000] {processor.py:208} INFO - Processing /home/airflow/.local/lib/python3.12/site-packages/airflow/example_dags/tutorial.py took 0.249 seconds
[2024-11-17T09:21:41.546+0000] {processor.py:186} INFO - Started process (PID=3081) to work on /home/airflow/.local/lib/python3.12/site-packages/airflow/example_dags/tutorial.py
[2024-11-17T09:21:41.549+0000] {processor.py:914} INFO - Processing file /home/airflow/.local/lib/python3.12/site-packages/airflow/example_dags/tutorial.py for tasks to queue
[2024-11-17T09:21:41.559+0000] {logging_mixin.py:190} INFO - [2024-11-17T09:21:41.557+0000] {dagbag.py:588} INFO - Filling up the DagBag from /home/airflow/.local/lib/python3.12/site-packages/airflow/example_dags/tutorial.py
[2024-11-17T09:21:41.614+0000] {processor.py:925} INFO - DAG(s) 'tutorial' retrieved from /home/airflow/.local/lib/python3.12/site-packages/airflow/example_dags/tutorial.py
[2024-11-17T09:21:41.715+0000] {logging_mixin.py:190} INFO - [2024-11-17T09:21:41.714+0000] {dag.py:3239} INFO - Sync 1 DAGs
[2024-11-17T09:21:42.194+0000] {logging_mixin.py:190} INFO - [2024-11-17T09:21:42.193+0000] {dag.py:4180} INFO - Setting next_dagrun for tutorial to 2024-11-16 00:00:00+00:00, run_after=2024-11-17 00:00:00+00:00
[2024-11-17T09:21:42.248+0000] {processor.py:208} INFO - Processing /home/airflow/.local/lib/python3.12/site-packages/airflow/example_dags/tutorial.py took 0.726 seconds
[2024-11-17T09:22:13.445+0000] {processor.py:186} INFO - Started process (PID=3153) to work on /home/airflow/.local/lib/python3.12/site-packages/airflow/example_dags/tutorial.py
[2024-11-17T09:22:13.448+0000] {processor.py:914} INFO - Processing file /home/airflow/.local/lib/python3.12/site-packages/airflow/example_dags/tutorial.py for tasks to queue
[2024-11-17T09:22:13.454+0000] {logging_mixin.py:190} INFO - [2024-11-17T09:22:13.454+0000] {dagbag.py:588} INFO - Filling up the DagBag from /home/airflow/.local/lib/python3.12/site-packages/airflow/example_dags/tutorial.py
[2024-11-17T09:22:13.477+0000] {processor.py:925} INFO - DAG(s) 'tutorial' retrieved from /home/airflow/.local/lib/python3.12/site-packages/airflow/example_dags/tutorial.py
[2024-11-17T09:22:13.532+0000] {logging_mixin.py:190} INFO - [2024-11-17T09:22:13.531+0000] {dag.py:3239} INFO - Sync 1 DAGs
[2024-11-17T09:22:14.002+0000] {logging_mixin.py:190} INFO - [2024-11-17T09:22:14.002+0000] {dag.py:4180} INFO - Setting next_dagrun for tutorial to 2024-11-16 00:00:00+00:00, run_after=2024-11-17 00:00:00+00:00
[2024-11-17T09:22:14.058+0000] {processor.py:208} INFO - Processing /home/airflow/.local/lib/python3.12/site-packages/airflow/example_dags/tutorial.py took 0.630 seconds
[2024-11-17T09:22:45.061+0000] {processor.py:186} INFO - Started process (PID=3219) to work on /home/airflow/.local/lib/python3.12/site-packages/airflow/example_dags/tutorial.py
[2024-11-17T09:22:45.064+0000] {processor.py:914} INFO - Processing file /home/airflow/.local/lib/python3.12/site-packages/airflow/example_dags/tutorial.py for tasks to queue
[2024-11-17T09:22:45.071+0000] {logging_mixin.py:190} INFO - [2024-11-17T09:22:45.070+0000] {dagbag.py:588} INFO - Filling up the DagBag from /home/airflow/.local/lib/python3.12/site-packages/airflow/example_dags/tutorial.py
[2024-11-17T09:22:45.093+0000] {processor.py:925} INFO - DAG(s) 'tutorial' retrieved from /home/airflow/.local/lib/python3.12/site-packages/airflow/example_dags/tutorial.py
[2024-11-17T09:22:45.146+0000] {logging_mixin.py:190} INFO - [2024-11-17T09:22:45.145+0000] {dag.py:3239} INFO - Sync 1 DAGs
[2024-11-17T09:22:45.214+0000] {logging_mixin.py:190} INFO - [2024-11-17T09:22:45.213+0000] {dag.py:4180} INFO - Setting next_dagrun for tutorial to 2024-11-16 00:00:00+00:00, run_after=2024-11-17 00:00:00+00:00
[2024-11-17T09:22:45.637+0000] {processor.py:208} INFO - Processing /home/airflow/.local/lib/python3.12/site-packages/airflow/example_dags/tutorial.py took 0.599 seconds
[2024-11-17T09:23:15.957+0000] {processor.py:186} INFO - Started process (PID=3284) to work on /home/airflow/.local/lib/python3.12/site-packages/airflow/example_dags/tutorial.py
[2024-11-17T09:23:15.959+0000] {processor.py:914} INFO - Processing file /home/airflow/.local/lib/python3.12/site-packages/airflow/example_dags/tutorial.py for tasks to queue
[2024-11-17T09:23:15.966+0000] {logging_mixin.py:190} INFO - [2024-11-17T09:23:15.965+0000] {dagbag.py:588} INFO - Filling up the DagBag from /home/airflow/.local/lib/python3.12/site-packages/airflow/example_dags/tutorial.py
[2024-11-17T09:23:15.993+0000] {processor.py:925} INFO - DAG(s) 'tutorial' retrieved from /home/airflow/.local/lib/python3.12/site-packages/airflow/example_dags/tutorial.py
[2024-11-17T09:23:16.050+0000] {logging_mixin.py:190} INFO - [2024-11-17T09:23:16.050+0000] {dag.py:3239} INFO - Sync 1 DAGs
[2024-11-17T09:23:16.114+0000] {logging_mixin.py:190} INFO - [2024-11-17T09:23:16.113+0000] {dag.py:4180} INFO - Setting next_dagrun for tutorial to 2024-11-16 00:00:00+00:00, run_after=2024-11-17 00:00:00+00:00
[2024-11-17T09:23:16.169+0000] {processor.py:208} INFO - Processing /home/airflow/.local/lib/python3.12/site-packages/airflow/example_dags/tutorial.py took 0.235 seconds
[2024-11-17T09:23:46.397+0000] {processor.py:186} INFO - Started process (PID=3350) to work on /home/airflow/.local/lib/python3.12/site-packages/airflow/example_dags/tutorial.py
[2024-11-17T09:23:46.401+0000] {processor.py:914} INFO - Processing file /home/airflow/.local/lib/python3.12/site-packages/airflow/example_dags/tutorial.py for tasks to queue
[2024-11-17T09:23:46.407+0000] {logging_mixin.py:190} INFO - [2024-11-17T09:23:46.406+0000] {dagbag.py:588} INFO - Filling up the DagBag from /home/airflow/.local/lib/python3.12/site-packages/airflow/example_dags/tutorial.py
[2024-11-17T09:23:46.429+0000] {processor.py:925} INFO - DAG(s) 'tutorial' retrieved from /home/airflow/.local/lib/python3.12/site-packages/airflow/example_dags/tutorial.py
[2024-11-17T09:23:46.482+0000] {logging_mixin.py:190} INFO - [2024-11-17T09:23:46.482+0000] {dag.py:3239} INFO - Sync 1 DAGs
[2024-11-17T09:23:46.547+0000] {logging_mixin.py:190} INFO - [2024-11-17T09:23:46.546+0000] {dag.py:4180} INFO - Setting next_dagrun for tutorial to 2024-11-16 00:00:00+00:00, run_after=2024-11-17 00:00:00+00:00
[2024-11-17T09:23:46.600+0000] {processor.py:208} INFO - Processing /home/airflow/.local/lib/python3.12/site-packages/airflow/example_dags/tutorial.py took 0.223 seconds
[2024-11-17T09:24:16.717+0000] {processor.py:186} INFO - Started process (PID=3416) to work on /home/airflow/.local/lib/python3.12/site-packages/airflow/example_dags/tutorial.py
[2024-11-17T09:24:16.722+0000] {processor.py:914} INFO - Processing file /home/airflow/.local/lib/python3.12/site-packages/airflow/example_dags/tutorial.py for tasks to queue
[2024-11-17T09:24:16.733+0000] {logging_mixin.py:190} INFO - [2024-11-17T09:24:16.730+0000] {dagbag.py:588} INFO - Filling up the DagBag from /home/airflow/.local/lib/python3.12/site-packages/airflow/example_dags/tutorial.py
[2024-11-17T09:24:16.770+0000] {processor.py:925} INFO - DAG(s) 'tutorial' retrieved from /home/airflow/.local/lib/python3.12/site-packages/airflow/example_dags/tutorial.py
[2024-11-17T09:24:16.839+0000] {logging_mixin.py:190} INFO - [2024-11-17T09:24:16.838+0000] {dag.py:3239} INFO - Sync 1 DAGs
[2024-11-17T09:24:16.922+0000] {logging_mixin.py:190} INFO - [2024-11-17T09:24:16.921+0000] {dag.py:4180} INFO - Setting next_dagrun for tutorial to 2024-11-16 00:00:00+00:00, run_after=2024-11-17 00:00:00+00:00
[2024-11-17T09:24:17.001+0000] {processor.py:208} INFO - Processing /home/airflow/.local/lib/python3.12/site-packages/airflow/example_dags/tutorial.py took 0.316 seconds
[2024-11-17T09:24:47.197+0000] {processor.py:186} INFO - Started process (PID=3482) to work on /home/airflow/.local/lib/python3.12/site-packages/airflow/example_dags/tutorial.py
[2024-11-17T09:24:47.200+0000] {processor.py:914} INFO - Processing file /home/airflow/.local/lib/python3.12/site-packages/airflow/example_dags/tutorial.py for tasks to queue
[2024-11-17T09:24:47.208+0000] {logging_mixin.py:190} INFO - [2024-11-17T09:24:47.207+0000] {dagbag.py:588} INFO - Filling up the DagBag from /home/airflow/.local/lib/python3.12/site-packages/airflow/example_dags/tutorial.py
[2024-11-17T09:24:47.233+0000] {processor.py:925} INFO - DAG(s) 'tutorial' retrieved from /home/airflow/.local/lib/python3.12/site-packages/airflow/example_dags/tutorial.py
[2024-11-17T09:24:47.284+0000] {logging_mixin.py:190} INFO - [2024-11-17T09:24:47.283+0000] {dag.py:3239} INFO - Sync 1 DAGs
[2024-11-17T09:24:47.351+0000] {logging_mixin.py:190} INFO - [2024-11-17T09:24:47.350+0000] {dag.py:4180} INFO - Setting next_dagrun for tutorial to 2024-11-16 00:00:00+00:00, run_after=2024-11-17 00:00:00+00:00
[2024-11-17T09:24:47.402+0000] {processor.py:208} INFO - Processing /home/airflow/.local/lib/python3.12/site-packages/airflow/example_dags/tutorial.py took 0.228 seconds
[2024-11-17T09:25:18.636+0000] {processor.py:186} INFO - Started process (PID=3549) to work on /home/airflow/.local/lib/python3.12/site-packages/airflow/example_dags/tutorial.py
[2024-11-17T09:25:18.639+0000] {processor.py:914} INFO - Processing file /home/airflow/.local/lib/python3.12/site-packages/airflow/example_dags/tutorial.py for tasks to queue
[2024-11-17T09:25:18.646+0000] {logging_mixin.py:190} INFO - [2024-11-17T09:25:18.645+0000] {dagbag.py:588} INFO - Filling up the DagBag from /home/airflow/.local/lib/python3.12/site-packages/airflow/example_dags/tutorial.py
[2024-11-17T09:25:18.672+0000] {processor.py:925} INFO - DAG(s) 'tutorial' retrieved from /home/airflow/.local/lib/python3.12/site-packages/airflow/example_dags/tutorial.py
[2024-11-17T09:25:18.736+0000] {logging_mixin.py:190} INFO - [2024-11-17T09:25:18.736+0000] {dag.py:3239} INFO - Sync 1 DAGs
[2024-11-17T09:25:18.812+0000] {logging_mixin.py:190} INFO - [2024-11-17T09:25:18.811+0000] {dag.py:4180} INFO - Setting next_dagrun for tutorial to 2024-11-16 00:00:00+00:00, run_after=2024-11-17 00:00:00+00:00
[2024-11-17T09:25:18.865+0000] {processor.py:208} INFO - Processing /home/airflow/.local/lib/python3.12/site-packages/airflow/example_dags/tutorial.py took 0.249 seconds
[2024-11-17T09:25:49.216+0000] {processor.py:186} INFO - Started process (PID=3615) to work on /home/airflow/.local/lib/python3.12/site-packages/airflow/example_dags/tutorial.py
[2024-11-17T09:25:49.218+0000] {processor.py:914} INFO - Processing file /home/airflow/.local/lib/python3.12/site-packages/airflow/example_dags/tutorial.py for tasks to queue
[2024-11-17T09:25:49.225+0000] {logging_mixin.py:190} INFO - [2024-11-17T09:25:49.224+0000] {dagbag.py:588} INFO - Filling up the DagBag from /home/airflow/.local/lib/python3.12/site-packages/airflow/example_dags/tutorial.py
[2024-11-17T09:25:49.253+0000] {processor.py:925} INFO - DAG(s) 'tutorial' retrieved from /home/airflow/.local/lib/python3.12/site-packages/airflow/example_dags/tutorial.py
[2024-11-17T09:25:49.316+0000] {logging_mixin.py:190} INFO - [2024-11-17T09:25:49.315+0000] {dag.py:3239} INFO - Sync 1 DAGs
[2024-11-17T09:25:49.405+0000] {logging_mixin.py:190} INFO - [2024-11-17T09:25:49.405+0000] {dag.py:4180} INFO - Setting next_dagrun for tutorial to 2024-11-16 00:00:00+00:00, run_after=2024-11-17 00:00:00+00:00
[2024-11-17T09:25:49.471+0000] {processor.py:208} INFO - Processing /home/airflow/.local/lib/python3.12/site-packages/airflow/example_dags/tutorial.py took 0.275 seconds
[2024-11-17T09:26:19.637+0000] {processor.py:186} INFO - Started process (PID=3680) to work on /home/airflow/.local/lib/python3.12/site-packages/airflow/example_dags/tutorial.py
[2024-11-17T09:26:19.643+0000] {processor.py:914} INFO - Processing file /home/airflow/.local/lib/python3.12/site-packages/airflow/example_dags/tutorial.py for tasks to queue
[2024-11-17T09:26:19.654+0000] {logging_mixin.py:190} INFO - [2024-11-17T09:26:19.653+0000] {dagbag.py:588} INFO - Filling up the DagBag from /home/airflow/.local/lib/python3.12/site-packages/airflow/example_dags/tutorial.py
[2024-11-17T09:26:19.699+0000] {processor.py:925} INFO - DAG(s) 'tutorial' retrieved from /home/airflow/.local/lib/python3.12/site-packages/airflow/example_dags/tutorial.py
[2024-11-17T09:26:19.779+0000] {logging_mixin.py:190} INFO - [2024-11-17T09:26:19.778+0000] {dag.py:3239} INFO - Sync 1 DAGs
[2024-11-17T09:26:19.891+0000] {logging_mixin.py:190} INFO - [2024-11-17T09:26:19.890+0000] {dag.py:4180} INFO - Setting next_dagrun for tutorial to 2024-11-16 00:00:00+00:00, run_after=2024-11-17 00:00:00+00:00
[2024-11-17T09:26:19.962+0000] {processor.py:208} INFO - Processing /home/airflow/.local/lib/python3.12/site-packages/airflow/example_dags/tutorial.py took 0.368 seconds
[2024-11-17T09:26:50.718+0000] {processor.py:186} INFO - Started process (PID=3746) to work on /home/airflow/.local/lib/python3.12/site-packages/airflow/example_dags/tutorial.py
[2024-11-17T09:26:50.721+0000] {processor.py:914} INFO - Processing file /home/airflow/.local/lib/python3.12/site-packages/airflow/example_dags/tutorial.py for tasks to queue
[2024-11-17T09:26:50.727+0000] {logging_mixin.py:190} INFO - [2024-11-17T09:26:50.726+0000] {dagbag.py:588} INFO - Filling up the DagBag from /home/airflow/.local/lib/python3.12/site-packages/airflow/example_dags/tutorial.py
[2024-11-17T09:26:50.750+0000] {processor.py:925} INFO - DAG(s) 'tutorial' retrieved from /home/airflow/.local/lib/python3.12/site-packages/airflow/example_dags/tutorial.py
[2024-11-17T09:26:50.803+0000] {logging_mixin.py:190} INFO - [2024-11-17T09:26:50.803+0000] {dag.py:3239} INFO - Sync 1 DAGs
[2024-11-17T09:26:50.882+0000] {logging_mixin.py:190} INFO - [2024-11-17T09:26:50.882+0000] {dag.py:4180} INFO - Setting next_dagrun for tutorial to 2024-11-16 00:00:00+00:00, run_after=2024-11-17 00:00:00+00:00
[2024-11-17T09:26:50.938+0000] {processor.py:208} INFO - Processing /home/airflow/.local/lib/python3.12/site-packages/airflow/example_dags/tutorial.py took 0.240 seconds
[2024-11-17T09:27:21.407+0000] {processor.py:186} INFO - Started process (PID=3812) to work on /home/airflow/.local/lib/python3.12/site-packages/airflow/example_dags/tutorial.py
[2024-11-17T09:27:21.409+0000] {processor.py:914} INFO - Processing file /home/airflow/.local/lib/python3.12/site-packages/airflow/example_dags/tutorial.py for tasks to queue
[2024-11-17T09:27:21.416+0000] {logging_mixin.py:190} INFO - [2024-11-17T09:27:21.415+0000] {dagbag.py:588} INFO - Filling up the DagBag from /home/airflow/.local/lib/python3.12/site-packages/airflow/example_dags/tutorial.py
[2024-11-17T09:27:21.438+0000] {processor.py:925} INFO - DAG(s) 'tutorial' retrieved from /home/airflow/.local/lib/python3.12/site-packages/airflow/example_dags/tutorial.py
[2024-11-17T09:27:21.491+0000] {logging_mixin.py:190} INFO - [2024-11-17T09:27:21.490+0000] {dag.py:3239} INFO - Sync 1 DAGs
[2024-11-17T09:27:21.563+0000] {logging_mixin.py:190} INFO - [2024-11-17T09:27:21.563+0000] {dag.py:4180} INFO - Setting next_dagrun for tutorial to 2024-11-16 00:00:00+00:00, run_after=2024-11-17 00:00:00+00:00
[2024-11-17T09:27:21.616+0000] {processor.py:208} INFO - Processing /home/airflow/.local/lib/python3.12/site-packages/airflow/example_dags/tutorial.py took 0.230 seconds
[2024-11-17T09:27:51.998+0000] {processor.py:186} INFO - Started process (PID=3877) to work on /home/airflow/.local/lib/python3.12/site-packages/airflow/example_dags/tutorial.py
[2024-11-17T09:27:52.001+0000] {processor.py:914} INFO - Processing file /home/airflow/.local/lib/python3.12/site-packages/airflow/example_dags/tutorial.py for tasks to queue
[2024-11-17T09:27:52.008+0000] {logging_mixin.py:190} INFO - [2024-11-17T09:27:52.007+0000] {dagbag.py:588} INFO - Filling up the DagBag from /home/airflow/.local/lib/python3.12/site-packages/airflow/example_dags/tutorial.py
[2024-11-17T09:27:52.031+0000] {processor.py:925} INFO - DAG(s) 'tutorial' retrieved from /home/airflow/.local/lib/python3.12/site-packages/airflow/example_dags/tutorial.py
[2024-11-17T09:27:52.083+0000] {logging_mixin.py:190} INFO - [2024-11-17T09:27:52.082+0000] {dag.py:3239} INFO - Sync 1 DAGs
[2024-11-17T09:27:52.162+0000] {logging_mixin.py:190} INFO - [2024-11-17T09:27:52.162+0000] {dag.py:4180} INFO - Setting next_dagrun for tutorial to 2024-11-16 00:00:00+00:00, run_after=2024-11-17 00:00:00+00:00
[2024-11-17T09:27:52.224+0000] {processor.py:208} INFO - Processing /home/airflow/.local/lib/python3.12/site-packages/airflow/example_dags/tutorial.py took 0.245 seconds
