[2024-11-17T08:57:52.291+0000] {processor.py:186} INFO - Started process (PID=87) to work on /home/airflow/.local/lib/python3.12/site-packages/airflow/example_dags/tutorial_dag.py
[2024-11-17T08:57:52.294+0000] {processor.py:914} INFO - Processing file /home/airflow/.local/lib/python3.12/site-packages/airflow/example_dags/tutorial_dag.py for tasks to queue
[2024-11-17T08:57:52.303+0000] {logging_mixin.py:190} INFO - [2024-11-17T08:57:52.302+0000] {dagbag.py:588} INFO - Filling up the DagBag from /home/airflow/.local/lib/python3.12/site-packages/airflow/example_dags/tutorial_dag.py
[2024-11-17T08:57:52.339+0000] {processor.py:925} INFO - DAG(s) 'tutorial_dag' retrieved from /home/airflow/.local/lib/python3.12/site-packages/airflow/example_dags/tutorial_dag.py
[2024-11-17T08:57:52.724+0000] {logging_mixin.py:190} INFO - [2024-11-17T08:57:52.722+0000] {override.py:1911} INFO - Created Permission View: can delete on DAG:tutorial_dag
[2024-11-17T08:57:52.754+0000] {logging_mixin.py:190} INFO - [2024-11-17T08:57:52.752+0000] {override.py:1911} INFO - Created Permission View: can edit on DAG:tutorial_dag
[2024-11-17T08:57:52.776+0000] {logging_mixin.py:190} INFO - [2024-11-17T08:57:52.775+0000] {override.py:1911} INFO - Created Permission View: can read on DAG:tutorial_dag
[2024-11-17T08:57:52.801+0000] {logging_mixin.py:190} INFO - [2024-11-17T08:57:52.801+0000] {override.py:1911} INFO - Created Permission View: can delete on DAG Run:tutorial_dag
[2024-11-17T08:57:52.829+0000] {logging_mixin.py:190} INFO - [2024-11-17T08:57:52.828+0000] {override.py:1911} INFO - Created Permission View: menu access on DAG Run:tutorial_dag
[2024-11-17T08:57:52.849+0000] {logging_mixin.py:190} INFO - [2024-11-17T08:57:52.847+0000] {override.py:1911} INFO - Created Permission View: can create on DAG Run:tutorial_dag
[2024-11-17T08:57:52.873+0000] {logging_mixin.py:190} INFO - [2024-11-17T08:57:52.872+0000] {override.py:1911} INFO - Created Permission View: can read on DAG Run:tutorial_dag
[2024-11-17T08:57:52.875+0000] {logging_mixin.py:190} INFO - [2024-11-17T08:57:52.874+0000] {dag.py:3239} INFO - Sync 1 DAGs
[2024-11-17T08:57:52.929+0000] {logging_mixin.py:190} INFO - [2024-11-17T08:57:52.928+0000] {dag.py:3262} INFO - Creating ORM DAG for tutorial_dag
[2024-11-17T08:57:52.932+0000] {logging_mixin.py:190} INFO - [2024-11-17T08:57:52.931+0000] {dag.py:4180} INFO - Setting next_dagrun for tutorial_dag to None, run_after=None
[2024-11-17T08:57:52.987+0000] {processor.py:208} INFO - Processing /home/airflow/.local/lib/python3.12/site-packages/airflow/example_dags/tutorial_dag.py took 0.713 seconds
[2024-11-17T08:58:23.519+0000] {processor.py:186} INFO - Started process (PID=153) to work on /home/airflow/.local/lib/python3.12/site-packages/airflow/example_dags/tutorial_dag.py
[2024-11-17T08:58:23.522+0000] {processor.py:914} INFO - Processing file /home/airflow/.local/lib/python3.12/site-packages/airflow/example_dags/tutorial_dag.py for tasks to queue
[2024-11-17T08:58:23.531+0000] {logging_mixin.py:190} INFO - [2024-11-17T08:58:23.530+0000] {dagbag.py:588} INFO - Filling up the DagBag from /home/airflow/.local/lib/python3.12/site-packages/airflow/example_dags/tutorial_dag.py
[2024-11-17T08:58:23.553+0000] {processor.py:925} INFO - DAG(s) 'tutorial_dag' retrieved from /home/airflow/.local/lib/python3.12/site-packages/airflow/example_dags/tutorial_dag.py
[2024-11-17T08:58:23.603+0000] {logging_mixin.py:190} INFO - [2024-11-17T08:58:23.602+0000] {dag.py:3239} INFO - Sync 1 DAGs
[2024-11-17T08:58:23.643+0000] {logging_mixin.py:190} INFO - [2024-11-17T08:58:23.642+0000] {dag.py:4180} INFO - Setting next_dagrun for tutorial_dag to None, run_after=None
[2024-11-17T08:58:23.702+0000] {processor.py:208} INFO - Processing /home/airflow/.local/lib/python3.12/site-packages/airflow/example_dags/tutorial_dag.py took 0.206 seconds
[2024-11-17T08:58:55.465+0000] {processor.py:186} INFO - Started process (PID=219) to work on /home/airflow/.local/lib/python3.12/site-packages/airflow/example_dags/tutorial_dag.py
[2024-11-17T08:58:55.467+0000] {processor.py:914} INFO - Processing file /home/airflow/.local/lib/python3.12/site-packages/airflow/example_dags/tutorial_dag.py for tasks to queue
[2024-11-17T08:58:55.474+0000] {logging_mixin.py:190} INFO - [2024-11-17T08:58:55.473+0000] {dagbag.py:588} INFO - Filling up the DagBag from /home/airflow/.local/lib/python3.12/site-packages/airflow/example_dags/tutorial_dag.py
[2024-11-17T08:58:55.494+0000] {processor.py:925} INFO - DAG(s) 'tutorial_dag' retrieved from /home/airflow/.local/lib/python3.12/site-packages/airflow/example_dags/tutorial_dag.py
[2024-11-17T08:58:55.559+0000] {logging_mixin.py:190} INFO - [2024-11-17T08:58:55.558+0000] {dag.py:3239} INFO - Sync 1 DAGs
[2024-11-17T08:58:55.605+0000] {logging_mixin.py:190} INFO - [2024-11-17T08:58:55.605+0000] {dag.py:4180} INFO - Setting next_dagrun for tutorial_dag to None, run_after=None
[2024-11-17T08:58:55.659+0000] {processor.py:208} INFO - Processing /home/airflow/.local/lib/python3.12/site-packages/airflow/example_dags/tutorial_dag.py took 0.211 seconds
[2024-11-17T08:59:31.034+0000] {processor.py:186} INFO - Started process (PID=274) to work on /home/airflow/.local/lib/python3.12/site-packages/airflow/example_dags/tutorial_dag.py
[2024-11-17T08:59:31.038+0000] {processor.py:914} INFO - Processing file /home/airflow/.local/lib/python3.12/site-packages/airflow/example_dags/tutorial_dag.py for tasks to queue
[2024-11-17T08:59:31.047+0000] {logging_mixin.py:190} INFO - [2024-11-17T08:59:31.046+0000] {dagbag.py:588} INFO - Filling up the DagBag from /home/airflow/.local/lib/python3.12/site-packages/airflow/example_dags/tutorial_dag.py
[2024-11-17T08:59:31.069+0000] {processor.py:925} INFO - DAG(s) 'tutorial_dag' retrieved from /home/airflow/.local/lib/python3.12/site-packages/airflow/example_dags/tutorial_dag.py
[2024-11-17T08:59:31.122+0000] {logging_mixin.py:190} INFO - [2024-11-17T08:59:31.121+0000] {dag.py:3239} INFO - Sync 1 DAGs
[2024-11-17T08:59:31.170+0000] {logging_mixin.py:190} INFO - [2024-11-17T08:59:31.169+0000] {dag.py:4180} INFO - Setting next_dagrun for tutorial_dag to None, run_after=None
[2024-11-17T08:59:31.216+0000] {processor.py:208} INFO - Processing /home/airflow/.local/lib/python3.12/site-packages/airflow/example_dags/tutorial_dag.py took 0.211 seconds
[2024-11-17T09:00:02.194+0000] {processor.py:186} INFO - Started process (PID=340) to work on /home/airflow/.local/lib/python3.12/site-packages/airflow/example_dags/tutorial_dag.py
[2024-11-17T09:00:02.198+0000] {processor.py:914} INFO - Processing file /home/airflow/.local/lib/python3.12/site-packages/airflow/example_dags/tutorial_dag.py for tasks to queue
[2024-11-17T09:00:02.204+0000] {logging_mixin.py:190} INFO - [2024-11-17T09:00:02.203+0000] {dagbag.py:588} INFO - Filling up the DagBag from /home/airflow/.local/lib/python3.12/site-packages/airflow/example_dags/tutorial_dag.py
[2024-11-17T09:00:02.227+0000] {processor.py:925} INFO - DAG(s) 'tutorial_dag' retrieved from /home/airflow/.local/lib/python3.12/site-packages/airflow/example_dags/tutorial_dag.py
[2024-11-17T09:00:02.284+0000] {logging_mixin.py:190} INFO - [2024-11-17T09:00:02.283+0000] {dag.py:3239} INFO - Sync 1 DAGs
[2024-11-17T09:00:02.332+0000] {logging_mixin.py:190} INFO - [2024-11-17T09:00:02.332+0000] {dag.py:4180} INFO - Setting next_dagrun for tutorial_dag to None, run_after=None
[2024-11-17T09:00:02.381+0000] {processor.py:208} INFO - Processing /home/airflow/.local/lib/python3.12/site-packages/airflow/example_dags/tutorial_dag.py took 0.204 seconds
[2024-11-17T09:00:34.450+0000] {processor.py:186} INFO - Started process (PID=407) to work on /home/airflow/.local/lib/python3.12/site-packages/airflow/example_dags/tutorial_dag.py
[2024-11-17T09:00:34.454+0000] {processor.py:914} INFO - Processing file /home/airflow/.local/lib/python3.12/site-packages/airflow/example_dags/tutorial_dag.py for tasks to queue
[2024-11-17T09:00:34.464+0000] {logging_mixin.py:190} INFO - [2024-11-17T09:00:34.463+0000] {dagbag.py:588} INFO - Filling up the DagBag from /home/airflow/.local/lib/python3.12/site-packages/airflow/example_dags/tutorial_dag.py
[2024-11-17T09:00:34.498+0000] {processor.py:925} INFO - DAG(s) 'tutorial_dag' retrieved from /home/airflow/.local/lib/python3.12/site-packages/airflow/example_dags/tutorial_dag.py
[2024-11-17T09:00:34.593+0000] {logging_mixin.py:190} INFO - [2024-11-17T09:00:34.592+0000] {dag.py:3239} INFO - Sync 1 DAGs
[2024-11-17T09:00:34.663+0000] {logging_mixin.py:190} INFO - [2024-11-17T09:00:34.662+0000] {dag.py:4180} INFO - Setting next_dagrun for tutorial_dag to None, run_after=None
[2024-11-17T09:00:34.745+0000] {processor.py:208} INFO - Processing /home/airflow/.local/lib/python3.12/site-packages/airflow/example_dags/tutorial_dag.py took 0.318 seconds
[2024-11-17T09:01:07.987+0000] {processor.py:186} INFO - Started process (PID=480) to work on /home/airflow/.local/lib/python3.12/site-packages/airflow/example_dags/tutorial_dag.py
[2024-11-17T09:01:07.990+0000] {processor.py:914} INFO - Processing file /home/airflow/.local/lib/python3.12/site-packages/airflow/example_dags/tutorial_dag.py for tasks to queue
[2024-11-17T09:01:07.996+0000] {logging_mixin.py:190} INFO - [2024-11-17T09:01:07.995+0000] {dagbag.py:588} INFO - Filling up the DagBag from /home/airflow/.local/lib/python3.12/site-packages/airflow/example_dags/tutorial_dag.py
[2024-11-17T09:01:08.021+0000] {processor.py:925} INFO - DAG(s) 'tutorial_dag' retrieved from /home/airflow/.local/lib/python3.12/site-packages/airflow/example_dags/tutorial_dag.py
[2024-11-17T09:01:08.088+0000] {logging_mixin.py:190} INFO - [2024-11-17T09:01:08.087+0000] {dag.py:3239} INFO - Sync 1 DAGs
[2024-11-17T09:01:08.146+0000] {logging_mixin.py:190} INFO - [2024-11-17T09:01:08.146+0000] {dag.py:4180} INFO - Setting next_dagrun for tutorial_dag to None, run_after=None
[2024-11-17T09:01:08.207+0000] {processor.py:208} INFO - Processing /home/airflow/.local/lib/python3.12/site-packages/airflow/example_dags/tutorial_dag.py took 0.239 seconds
[2024-11-17T09:01:39.417+0000] {processor.py:186} INFO - Started process (PID=545) to work on /home/airflow/.local/lib/python3.12/site-packages/airflow/example_dags/tutorial_dag.py
[2024-11-17T09:01:39.420+0000] {processor.py:914} INFO - Processing file /home/airflow/.local/lib/python3.12/site-packages/airflow/example_dags/tutorial_dag.py for tasks to queue
[2024-11-17T09:01:39.427+0000] {logging_mixin.py:190} INFO - [2024-11-17T09:01:39.426+0000] {dagbag.py:588} INFO - Filling up the DagBag from /home/airflow/.local/lib/python3.12/site-packages/airflow/example_dags/tutorial_dag.py
[2024-11-17T09:01:39.449+0000] {processor.py:925} INFO - DAG(s) 'tutorial_dag' retrieved from /home/airflow/.local/lib/python3.12/site-packages/airflow/example_dags/tutorial_dag.py
[2024-11-17T09:01:39.507+0000] {logging_mixin.py:190} INFO - [2024-11-17T09:01:39.506+0000] {dag.py:3239} INFO - Sync 1 DAGs
[2024-11-17T09:01:39.548+0000] {logging_mixin.py:190} INFO - [2024-11-17T09:01:39.548+0000] {dag.py:4180} INFO - Setting next_dagrun for tutorial_dag to None, run_after=None
[2024-11-17T09:01:39.605+0000] {processor.py:208} INFO - Processing /home/airflow/.local/lib/python3.12/site-packages/airflow/example_dags/tutorial_dag.py took 0.205 seconds
[2024-11-17T09:02:11.675+0000] {processor.py:186} INFO - Started process (PID=611) to work on /home/airflow/.local/lib/python3.12/site-packages/airflow/example_dags/tutorial_dag.py
[2024-11-17T09:02:11.677+0000] {processor.py:914} INFO - Processing file /home/airflow/.local/lib/python3.12/site-packages/airflow/example_dags/tutorial_dag.py for tasks to queue
[2024-11-17T09:02:11.684+0000] {logging_mixin.py:190} INFO - [2024-11-17T09:02:11.683+0000] {dagbag.py:588} INFO - Filling up the DagBag from /home/airflow/.local/lib/python3.12/site-packages/airflow/example_dags/tutorial_dag.py
[2024-11-17T09:02:11.704+0000] {processor.py:925} INFO - DAG(s) 'tutorial_dag' retrieved from /home/airflow/.local/lib/python3.12/site-packages/airflow/example_dags/tutorial_dag.py
[2024-11-17T09:02:11.755+0000] {logging_mixin.py:190} INFO - [2024-11-17T09:02:11.755+0000] {dag.py:3239} INFO - Sync 1 DAGs
[2024-11-17T09:02:11.802+0000] {logging_mixin.py:190} INFO - [2024-11-17T09:02:11.801+0000] {dag.py:4180} INFO - Setting next_dagrun for tutorial_dag to None, run_after=None
[2024-11-17T09:02:11.864+0000] {processor.py:208} INFO - Processing /home/airflow/.local/lib/python3.12/site-packages/airflow/example_dags/tutorial_dag.py took 0.206 seconds
[2024-11-17T09:02:46.398+0000] {processor.py:186} INFO - Started process (PID=677) to work on /home/airflow/.local/lib/python3.12/site-packages/airflow/example_dags/tutorial_dag.py
[2024-11-17T09:02:46.401+0000] {processor.py:914} INFO - Processing file /home/airflow/.local/lib/python3.12/site-packages/airflow/example_dags/tutorial_dag.py for tasks to queue
[2024-11-17T09:02:46.407+0000] {logging_mixin.py:190} INFO - [2024-11-17T09:02:46.406+0000] {dagbag.py:588} INFO - Filling up the DagBag from /home/airflow/.local/lib/python3.12/site-packages/airflow/example_dags/tutorial_dag.py
[2024-11-17T09:02:46.428+0000] {processor.py:925} INFO - DAG(s) 'tutorial_dag' retrieved from /home/airflow/.local/lib/python3.12/site-packages/airflow/example_dags/tutorial_dag.py
[2024-11-17T09:02:46.484+0000] {logging_mixin.py:190} INFO - [2024-11-17T09:02:46.484+0000] {dag.py:3239} INFO - Sync 1 DAGs
[2024-11-17T09:02:46.531+0000] {logging_mixin.py:190} INFO - [2024-11-17T09:02:46.531+0000] {dag.py:4180} INFO - Setting next_dagrun for tutorial_dag to None, run_after=None
[2024-11-17T09:02:46.594+0000] {processor.py:208} INFO - Processing /home/airflow/.local/lib/python3.12/site-packages/airflow/example_dags/tutorial_dag.py took 0.213 seconds
[2024-11-17T09:03:17.588+0000] {processor.py:186} INFO - Started process (PID=742) to work on /home/airflow/.local/lib/python3.12/site-packages/airflow/example_dags/tutorial_dag.py
[2024-11-17T09:03:17.592+0000] {processor.py:914} INFO - Processing file /home/airflow/.local/lib/python3.12/site-packages/airflow/example_dags/tutorial_dag.py for tasks to queue
[2024-11-17T09:03:17.603+0000] {logging_mixin.py:190} INFO - [2024-11-17T09:03:17.601+0000] {dagbag.py:588} INFO - Filling up the DagBag from /home/airflow/.local/lib/python3.12/site-packages/airflow/example_dags/tutorial_dag.py
[2024-11-17T09:03:17.641+0000] {processor.py:925} INFO - DAG(s) 'tutorial_dag' retrieved from /home/airflow/.local/lib/python3.12/site-packages/airflow/example_dags/tutorial_dag.py
[2024-11-17T09:03:17.745+0000] {logging_mixin.py:190} INFO - [2024-11-17T09:03:17.744+0000] {dag.py:3239} INFO - Sync 1 DAGs
[2024-11-17T09:03:17.820+0000] {logging_mixin.py:190} INFO - [2024-11-17T09:03:17.819+0000] {dag.py:4180} INFO - Setting next_dagrun for tutorial_dag to None, run_after=None
[2024-11-17T09:03:17.910+0000] {processor.py:208} INFO - Processing /home/airflow/.local/lib/python3.12/site-packages/airflow/example_dags/tutorial_dag.py took 0.348 seconds
[2024-11-17T09:03:49.066+0000] {processor.py:186} INFO - Started process (PID=805) to work on /home/airflow/.local/lib/python3.12/site-packages/airflow/example_dags/tutorial_dag.py
[2024-11-17T09:03:49.070+0000] {processor.py:914} INFO - Processing file /home/airflow/.local/lib/python3.12/site-packages/airflow/example_dags/tutorial_dag.py for tasks to queue
[2024-11-17T09:03:49.082+0000] {logging_mixin.py:190} INFO - [2024-11-17T09:03:49.081+0000] {dagbag.py:588} INFO - Filling up the DagBag from /home/airflow/.local/lib/python3.12/site-packages/airflow/example_dags/tutorial_dag.py
[2024-11-17T09:03:49.111+0000] {processor.py:925} INFO - DAG(s) 'tutorial_dag' retrieved from /home/airflow/.local/lib/python3.12/site-packages/airflow/example_dags/tutorial_dag.py
[2024-11-17T09:03:49.175+0000] {logging_mixin.py:190} INFO - [2024-11-17T09:03:49.174+0000] {dag.py:3239} INFO - Sync 1 DAGs
[2024-11-17T09:03:49.238+0000] {logging_mixin.py:190} INFO - [2024-11-17T09:03:49.238+0000] {dag.py:4180} INFO - Setting next_dagrun for tutorial_dag to None, run_after=None
[2024-11-17T09:03:49.322+0000] {processor.py:208} INFO - Processing /home/airflow/.local/lib/python3.12/site-packages/airflow/example_dags/tutorial_dag.py took 0.285 seconds
[2024-11-17T09:04:20.198+0000] {processor.py:186} INFO - Started process (PID=868) to work on /home/airflow/.local/lib/python3.12/site-packages/airflow/example_dags/tutorial_dag.py
[2024-11-17T09:04:20.201+0000] {processor.py:914} INFO - Processing file /home/airflow/.local/lib/python3.12/site-packages/airflow/example_dags/tutorial_dag.py for tasks to queue
[2024-11-17T09:04:20.208+0000] {logging_mixin.py:190} INFO - [2024-11-17T09:04:20.207+0000] {dagbag.py:588} INFO - Filling up the DagBag from /home/airflow/.local/lib/python3.12/site-packages/airflow/example_dags/tutorial_dag.py
[2024-11-17T09:04:20.229+0000] {processor.py:925} INFO - DAG(s) 'tutorial_dag' retrieved from /home/airflow/.local/lib/python3.12/site-packages/airflow/example_dags/tutorial_dag.py
[2024-11-17T09:04:20.282+0000] {logging_mixin.py:190} INFO - [2024-11-17T09:04:20.281+0000] {dag.py:3239} INFO - Sync 1 DAGs
[2024-11-17T09:04:20.322+0000] {logging_mixin.py:190} INFO - [2024-11-17T09:04:20.322+0000] {dag.py:4180} INFO - Setting next_dagrun for tutorial_dag to None, run_after=None
[2024-11-17T09:04:20.374+0000] {processor.py:208} INFO - Processing /home/airflow/.local/lib/python3.12/site-packages/airflow/example_dags/tutorial_dag.py took 0.195 seconds
[2024-11-17T09:04:51.550+0000] {processor.py:186} INFO - Started process (PID=931) to work on /home/airflow/.local/lib/python3.12/site-packages/airflow/example_dags/tutorial_dag.py
[2024-11-17T09:04:51.553+0000] {processor.py:914} INFO - Processing file /home/airflow/.local/lib/python3.12/site-packages/airflow/example_dags/tutorial_dag.py for tasks to queue
[2024-11-17T09:04:51.560+0000] {logging_mixin.py:190} INFO - [2024-11-17T09:04:51.559+0000] {dagbag.py:588} INFO - Filling up the DagBag from /home/airflow/.local/lib/python3.12/site-packages/airflow/example_dags/tutorial_dag.py
[2024-11-17T09:04:51.585+0000] {processor.py:925} INFO - DAG(s) 'tutorial_dag' retrieved from /home/airflow/.local/lib/python3.12/site-packages/airflow/example_dags/tutorial_dag.py
[2024-11-17T09:04:51.644+0000] {logging_mixin.py:190} INFO - [2024-11-17T09:04:51.643+0000] {dag.py:3239} INFO - Sync 1 DAGs
[2024-11-17T09:04:51.689+0000] {logging_mixin.py:190} INFO - [2024-11-17T09:04:51.688+0000] {dag.py:4180} INFO - Setting next_dagrun for tutorial_dag to None, run_after=None
[2024-11-17T09:04:51.741+0000] {processor.py:208} INFO - Processing /home/airflow/.local/lib/python3.12/site-packages/airflow/example_dags/tutorial_dag.py took 0.212 seconds
[2024-11-17T09:05:22.695+0000] {processor.py:186} INFO - Started process (PID=996) to work on /home/airflow/.local/lib/python3.12/site-packages/airflow/example_dags/tutorial_dag.py
[2024-11-17T09:05:22.698+0000] {processor.py:914} INFO - Processing file /home/airflow/.local/lib/python3.12/site-packages/airflow/example_dags/tutorial_dag.py for tasks to queue
[2024-11-17T09:05:22.705+0000] {logging_mixin.py:190} INFO - [2024-11-17T09:05:22.704+0000] {dagbag.py:588} INFO - Filling up the DagBag from /home/airflow/.local/lib/python3.12/site-packages/airflow/example_dags/tutorial_dag.py
[2024-11-17T09:05:22.727+0000] {processor.py:925} INFO - DAG(s) 'tutorial_dag' retrieved from /home/airflow/.local/lib/python3.12/site-packages/airflow/example_dags/tutorial_dag.py
[2024-11-17T09:05:22.783+0000] {logging_mixin.py:190} INFO - [2024-11-17T09:05:22.783+0000] {dag.py:3239} INFO - Sync 1 DAGs
[2024-11-17T09:05:22.833+0000] {logging_mixin.py:190} INFO - [2024-11-17T09:05:22.832+0000] {dag.py:4180} INFO - Setting next_dagrun for tutorial_dag to None, run_after=None
[2024-11-17T09:05:22.887+0000] {processor.py:208} INFO - Processing /home/airflow/.local/lib/python3.12/site-packages/airflow/example_dags/tutorial_dag.py took 0.212 seconds
[2024-11-17T09:05:53.332+0000] {processor.py:186} INFO - Started process (PID=1061) to work on /home/airflow/.local/lib/python3.12/site-packages/airflow/example_dags/tutorial_dag.py
[2024-11-17T09:05:53.335+0000] {processor.py:914} INFO - Processing file /home/airflow/.local/lib/python3.12/site-packages/airflow/example_dags/tutorial_dag.py for tasks to queue
[2024-11-17T09:05:53.344+0000] {logging_mixin.py:190} INFO - [2024-11-17T09:05:53.343+0000] {dagbag.py:588} INFO - Filling up the DagBag from /home/airflow/.local/lib/python3.12/site-packages/airflow/example_dags/tutorial_dag.py
[2024-11-17T09:05:53.369+0000] {processor.py:925} INFO - DAG(s) 'tutorial_dag' retrieved from /home/airflow/.local/lib/python3.12/site-packages/airflow/example_dags/tutorial_dag.py
[2024-11-17T09:05:53.436+0000] {logging_mixin.py:190} INFO - [2024-11-17T09:05:53.435+0000] {dag.py:3239} INFO - Sync 1 DAGs
[2024-11-17T09:05:53.499+0000] {logging_mixin.py:190} INFO - [2024-11-17T09:05:53.499+0000] {dag.py:4180} INFO - Setting next_dagrun for tutorial_dag to None, run_after=None
[2024-11-17T09:05:53.570+0000] {processor.py:208} INFO - Processing /home/airflow/.local/lib/python3.12/site-packages/airflow/example_dags/tutorial_dag.py took 0.262 seconds
[2024-11-17T09:06:24.626+0000] {processor.py:186} INFO - Started process (PID=1127) to work on /home/airflow/.local/lib/python3.12/site-packages/airflow/example_dags/tutorial_dag.py
[2024-11-17T09:06:24.629+0000] {processor.py:914} INFO - Processing file /home/airflow/.local/lib/python3.12/site-packages/airflow/example_dags/tutorial_dag.py for tasks to queue
[2024-11-17T09:06:24.636+0000] {logging_mixin.py:190} INFO - [2024-11-17T09:06:24.635+0000] {dagbag.py:588} INFO - Filling up the DagBag from /home/airflow/.local/lib/python3.12/site-packages/airflow/example_dags/tutorial_dag.py
[2024-11-17T09:06:24.657+0000] {processor.py:925} INFO - DAG(s) 'tutorial_dag' retrieved from /home/airflow/.local/lib/python3.12/site-packages/airflow/example_dags/tutorial_dag.py
[2024-11-17T09:06:24.712+0000] {logging_mixin.py:190} INFO - [2024-11-17T09:06:24.711+0000] {dag.py:3239} INFO - Sync 1 DAGs
[2024-11-17T09:06:24.763+0000] {logging_mixin.py:190} INFO - [2024-11-17T09:06:24.763+0000] {dag.py:4180} INFO - Setting next_dagrun for tutorial_dag to None, run_after=None
[2024-11-17T09:06:24.820+0000] {processor.py:208} INFO - Processing /home/airflow/.local/lib/python3.12/site-packages/airflow/example_dags/tutorial_dag.py took 0.216 seconds
[2024-11-17T09:06:55.138+0000] {processor.py:186} INFO - Started process (PID=1192) to work on /home/airflow/.local/lib/python3.12/site-packages/airflow/example_dags/tutorial_dag.py
[2024-11-17T09:06:55.141+0000] {processor.py:914} INFO - Processing file /home/airflow/.local/lib/python3.12/site-packages/airflow/example_dags/tutorial_dag.py for tasks to queue
[2024-11-17T09:06:55.148+0000] {logging_mixin.py:190} INFO - [2024-11-17T09:06:55.147+0000] {dagbag.py:588} INFO - Filling up the DagBag from /home/airflow/.local/lib/python3.12/site-packages/airflow/example_dags/tutorial_dag.py
[2024-11-17T09:06:55.171+0000] {processor.py:925} INFO - DAG(s) 'tutorial_dag' retrieved from /home/airflow/.local/lib/python3.12/site-packages/airflow/example_dags/tutorial_dag.py
[2024-11-17T09:06:55.223+0000] {logging_mixin.py:190} INFO - [2024-11-17T09:06:55.222+0000] {dag.py:3239} INFO - Sync 1 DAGs
[2024-11-17T09:06:55.265+0000] {logging_mixin.py:190} INFO - [2024-11-17T09:06:55.264+0000] {dag.py:4180} INFO - Setting next_dagrun for tutorial_dag to None, run_after=None
[2024-11-17T09:06:55.320+0000] {processor.py:208} INFO - Processing /home/airflow/.local/lib/python3.12/site-packages/airflow/example_dags/tutorial_dag.py took 0.199 seconds
[2024-11-17T09:07:25.606+0000] {processor.py:186} INFO - Started process (PID=1259) to work on /home/airflow/.local/lib/python3.12/site-packages/airflow/example_dags/tutorial_dag.py
[2024-11-17T09:07:25.609+0000] {processor.py:914} INFO - Processing file /home/airflow/.local/lib/python3.12/site-packages/airflow/example_dags/tutorial_dag.py for tasks to queue
[2024-11-17T09:07:25.616+0000] {logging_mixin.py:190} INFO - [2024-11-17T09:07:25.615+0000] {dagbag.py:588} INFO - Filling up the DagBag from /home/airflow/.local/lib/python3.12/site-packages/airflow/example_dags/tutorial_dag.py
[2024-11-17T09:07:25.636+0000] {processor.py:925} INFO - DAG(s) 'tutorial_dag' retrieved from /home/airflow/.local/lib/python3.12/site-packages/airflow/example_dags/tutorial_dag.py
[2024-11-17T09:07:25.688+0000] {logging_mixin.py:190} INFO - [2024-11-17T09:07:25.688+0000] {dag.py:3239} INFO - Sync 1 DAGs
[2024-11-17T09:07:25.727+0000] {logging_mixin.py:190} INFO - [2024-11-17T09:07:25.727+0000] {dag.py:4180} INFO - Setting next_dagrun for tutorial_dag to None, run_after=None
[2024-11-17T09:07:25.781+0000] {processor.py:208} INFO - Processing /home/airflow/.local/lib/python3.12/site-packages/airflow/example_dags/tutorial_dag.py took 0.190 seconds
[2024-11-17T09:07:56.288+0000] {processor.py:186} INFO - Started process (PID=1325) to work on /home/airflow/.local/lib/python3.12/site-packages/airflow/example_dags/tutorial_dag.py
[2024-11-17T09:07:56.292+0000] {processor.py:914} INFO - Processing file /home/airflow/.local/lib/python3.12/site-packages/airflow/example_dags/tutorial_dag.py for tasks to queue
[2024-11-17T09:07:56.300+0000] {logging_mixin.py:190} INFO - [2024-11-17T09:07:56.299+0000] {dagbag.py:588} INFO - Filling up the DagBag from /home/airflow/.local/lib/python3.12/site-packages/airflow/example_dags/tutorial_dag.py
[2024-11-17T09:07:56.327+0000] {processor.py:925} INFO - DAG(s) 'tutorial_dag' retrieved from /home/airflow/.local/lib/python3.12/site-packages/airflow/example_dags/tutorial_dag.py
[2024-11-17T09:07:56.392+0000] {logging_mixin.py:190} INFO - [2024-11-17T09:07:56.391+0000] {dag.py:3239} INFO - Sync 1 DAGs
[2024-11-17T09:07:56.444+0000] {logging_mixin.py:190} INFO - [2024-11-17T09:07:56.443+0000] {dag.py:4180} INFO - Setting next_dagrun for tutorial_dag to None, run_after=None
[2024-11-17T09:07:56.506+0000] {processor.py:208} INFO - Processing /home/airflow/.local/lib/python3.12/site-packages/airflow/example_dags/tutorial_dag.py took 0.239 seconds
[2024-11-17T09:08:27.134+0000] {processor.py:186} INFO - Started process (PID=1391) to work on /home/airflow/.local/lib/python3.12/site-packages/airflow/example_dags/tutorial_dag.py
[2024-11-17T09:08:27.137+0000] {processor.py:914} INFO - Processing file /home/airflow/.local/lib/python3.12/site-packages/airflow/example_dags/tutorial_dag.py for tasks to queue
[2024-11-17T09:08:27.143+0000] {logging_mixin.py:190} INFO - [2024-11-17T09:08:27.143+0000] {dagbag.py:588} INFO - Filling up the DagBag from /home/airflow/.local/lib/python3.12/site-packages/airflow/example_dags/tutorial_dag.py
[2024-11-17T09:08:27.165+0000] {processor.py:925} INFO - DAG(s) 'tutorial_dag' retrieved from /home/airflow/.local/lib/python3.12/site-packages/airflow/example_dags/tutorial_dag.py
[2024-11-17T09:08:27.235+0000] {logging_mixin.py:190} INFO - [2024-11-17T09:08:27.234+0000] {dag.py:3239} INFO - Sync 1 DAGs
[2024-11-17T09:08:27.300+0000] {logging_mixin.py:190} INFO - [2024-11-17T09:08:27.300+0000] {dag.py:4180} INFO - Setting next_dagrun for tutorial_dag to None, run_after=None
[2024-11-17T09:08:27.362+0000] {processor.py:208} INFO - Processing /home/airflow/.local/lib/python3.12/site-packages/airflow/example_dags/tutorial_dag.py took 0.248 seconds
[2024-11-17T09:08:57.775+0000] {processor.py:186} INFO - Started process (PID=1457) to work on /home/airflow/.local/lib/python3.12/site-packages/airflow/example_dags/tutorial_dag.py
[2024-11-17T09:08:57.777+0000] {processor.py:914} INFO - Processing file /home/airflow/.local/lib/python3.12/site-packages/airflow/example_dags/tutorial_dag.py for tasks to queue
[2024-11-17T09:08:57.786+0000] {logging_mixin.py:190} INFO - [2024-11-17T09:08:57.785+0000] {dagbag.py:588} INFO - Filling up the DagBag from /home/airflow/.local/lib/python3.12/site-packages/airflow/example_dags/tutorial_dag.py
[2024-11-17T09:08:57.808+0000] {processor.py:925} INFO - DAG(s) 'tutorial_dag' retrieved from /home/airflow/.local/lib/python3.12/site-packages/airflow/example_dags/tutorial_dag.py
[2024-11-17T09:08:57.864+0000] {logging_mixin.py:190} INFO - [2024-11-17T09:08:57.863+0000] {dag.py:3239} INFO - Sync 1 DAGs
[2024-11-17T09:08:57.919+0000] {logging_mixin.py:190} INFO - [2024-11-17T09:08:57.919+0000] {dag.py:4180} INFO - Setting next_dagrun for tutorial_dag to None, run_after=None
[2024-11-17T09:08:57.977+0000] {processor.py:208} INFO - Processing /home/airflow/.local/lib/python3.12/site-packages/airflow/example_dags/tutorial_dag.py took 0.222 seconds
[2024-11-17T09:09:28.326+0000] {processor.py:186} INFO - Started process (PID=1523) to work on /home/airflow/.local/lib/python3.12/site-packages/airflow/example_dags/tutorial_dag.py
[2024-11-17T09:09:28.328+0000] {processor.py:914} INFO - Processing file /home/airflow/.local/lib/python3.12/site-packages/airflow/example_dags/tutorial_dag.py for tasks to queue
[2024-11-17T09:09:28.334+0000] {logging_mixin.py:190} INFO - [2024-11-17T09:09:28.333+0000] {dagbag.py:588} INFO - Filling up the DagBag from /home/airflow/.local/lib/python3.12/site-packages/airflow/example_dags/tutorial_dag.py
[2024-11-17T09:09:28.355+0000] {processor.py:925} INFO - DAG(s) 'tutorial_dag' retrieved from /home/airflow/.local/lib/python3.12/site-packages/airflow/example_dags/tutorial_dag.py
[2024-11-17T09:09:28.414+0000] {logging_mixin.py:190} INFO - [2024-11-17T09:09:28.413+0000] {dag.py:3239} INFO - Sync 1 DAGs
[2024-11-17T09:09:28.476+0000] {logging_mixin.py:190} INFO - [2024-11-17T09:09:28.475+0000] {dag.py:4180} INFO - Setting next_dagrun for tutorial_dag to None, run_after=None
[2024-11-17T09:09:28.559+0000] {processor.py:208} INFO - Processing /home/airflow/.local/lib/python3.12/site-packages/airflow/example_dags/tutorial_dag.py took 0.248 seconds
[2024-11-17T09:09:59.374+0000] {processor.py:186} INFO - Started process (PID=1589) to work on /home/airflow/.local/lib/python3.12/site-packages/airflow/example_dags/tutorial_dag.py
[2024-11-17T09:09:59.376+0000] {processor.py:914} INFO - Processing file /home/airflow/.local/lib/python3.12/site-packages/airflow/example_dags/tutorial_dag.py for tasks to queue
[2024-11-17T09:09:59.383+0000] {logging_mixin.py:190} INFO - [2024-11-17T09:09:59.382+0000] {dagbag.py:588} INFO - Filling up the DagBag from /home/airflow/.local/lib/python3.12/site-packages/airflow/example_dags/tutorial_dag.py
[2024-11-17T09:09:59.405+0000] {processor.py:925} INFO - DAG(s) 'tutorial_dag' retrieved from /home/airflow/.local/lib/python3.12/site-packages/airflow/example_dags/tutorial_dag.py
[2024-11-17T09:09:59.475+0000] {logging_mixin.py:190} INFO - [2024-11-17T09:09:59.474+0000] {dag.py:3239} INFO - Sync 1 DAGs
[2024-11-17T09:09:59.532+0000] {logging_mixin.py:190} INFO - [2024-11-17T09:09:59.531+0000] {dag.py:4180} INFO - Setting next_dagrun for tutorial_dag to None, run_after=None
[2024-11-17T09:09:59.591+0000] {processor.py:208} INFO - Processing /home/airflow/.local/lib/python3.12/site-packages/airflow/example_dags/tutorial_dag.py took 0.234 seconds
[2024-11-17T09:10:30.796+0000] {processor.py:186} INFO - Started process (PID=1655) to work on /home/airflow/.local/lib/python3.12/site-packages/airflow/example_dags/tutorial_dag.py
[2024-11-17T09:10:30.800+0000] {processor.py:914} INFO - Processing file /home/airflow/.local/lib/python3.12/site-packages/airflow/example_dags/tutorial_dag.py for tasks to queue
[2024-11-17T09:10:30.806+0000] {logging_mixin.py:190} INFO - [2024-11-17T09:10:30.805+0000] {dagbag.py:588} INFO - Filling up the DagBag from /home/airflow/.local/lib/python3.12/site-packages/airflow/example_dags/tutorial_dag.py
[2024-11-17T09:10:30.833+0000] {processor.py:925} INFO - DAG(s) 'tutorial_dag' retrieved from /home/airflow/.local/lib/python3.12/site-packages/airflow/example_dags/tutorial_dag.py
[2024-11-17T09:10:30.902+0000] {logging_mixin.py:190} INFO - [2024-11-17T09:10:30.901+0000] {dag.py:3239} INFO - Sync 1 DAGs
[2024-11-17T09:10:30.950+0000] {logging_mixin.py:190} INFO - [2024-11-17T09:10:30.949+0000] {dag.py:4180} INFO - Setting next_dagrun for tutorial_dag to None, run_after=None
[2024-11-17T09:10:31.016+0000] {processor.py:208} INFO - Processing /home/airflow/.local/lib/python3.12/site-packages/airflow/example_dags/tutorial_dag.py took 0.240 seconds
[2024-11-17T09:11:02.974+0000] {processor.py:186} INFO - Started process (PID=1720) to work on /home/airflow/.local/lib/python3.12/site-packages/airflow/example_dags/tutorial_dag.py
[2024-11-17T09:11:02.976+0000] {processor.py:914} INFO - Processing file /home/airflow/.local/lib/python3.12/site-packages/airflow/example_dags/tutorial_dag.py for tasks to queue
[2024-11-17T09:11:02.985+0000] {logging_mixin.py:190} INFO - [2024-11-17T09:11:02.984+0000] {dagbag.py:588} INFO - Filling up the DagBag from /home/airflow/.local/lib/python3.12/site-packages/airflow/example_dags/tutorial_dag.py
[2024-11-17T09:11:03.010+0000] {processor.py:925} INFO - DAG(s) 'tutorial_dag' retrieved from /home/airflow/.local/lib/python3.12/site-packages/airflow/example_dags/tutorial_dag.py
[2024-11-17T09:11:03.074+0000] {logging_mixin.py:190} INFO - [2024-11-17T09:11:03.073+0000] {dag.py:3239} INFO - Sync 1 DAGs
[2024-11-17T09:11:03.123+0000] {logging_mixin.py:190} INFO - [2024-11-17T09:11:03.123+0000] {dag.py:4180} INFO - Setting next_dagrun for tutorial_dag to None, run_after=None
[2024-11-17T09:11:03.181+0000] {processor.py:208} INFO - Processing /home/airflow/.local/lib/python3.12/site-packages/airflow/example_dags/tutorial_dag.py took 0.228 seconds
[2024-11-17T09:11:33.548+0000] {processor.py:186} INFO - Started process (PID=1785) to work on /home/airflow/.local/lib/python3.12/site-packages/airflow/example_dags/tutorial_dag.py
[2024-11-17T09:11:33.551+0000] {processor.py:914} INFO - Processing file /home/airflow/.local/lib/python3.12/site-packages/airflow/example_dags/tutorial_dag.py for tasks to queue
[2024-11-17T09:11:33.575+0000] {logging_mixin.py:190} INFO - [2024-11-17T09:11:33.574+0000] {dagbag.py:588} INFO - Filling up the DagBag from /home/airflow/.local/lib/python3.12/site-packages/airflow/example_dags/tutorial_dag.py
[2024-11-17T09:11:33.610+0000] {processor.py:925} INFO - DAG(s) 'tutorial_dag' retrieved from /home/airflow/.local/lib/python3.12/site-packages/airflow/example_dags/tutorial_dag.py
[2024-11-17T09:11:33.670+0000] {logging_mixin.py:190} INFO - [2024-11-17T09:11:33.670+0000] {dag.py:3239} INFO - Sync 1 DAGs
[2024-11-17T09:11:33.712+0000] {logging_mixin.py:190} INFO - [2024-11-17T09:11:33.712+0000] {dag.py:4180} INFO - Setting next_dagrun for tutorial_dag to None, run_after=None
[2024-11-17T09:11:33.764+0000] {processor.py:208} INFO - Processing /home/airflow/.local/lib/python3.12/site-packages/airflow/example_dags/tutorial_dag.py took 0.235 seconds
[2024-11-17T09:12:04.025+0000] {processor.py:186} INFO - Started process (PID=1851) to work on /home/airflow/.local/lib/python3.12/site-packages/airflow/example_dags/tutorial_dag.py
[2024-11-17T09:12:04.028+0000] {processor.py:914} INFO - Processing file /home/airflow/.local/lib/python3.12/site-packages/airflow/example_dags/tutorial_dag.py for tasks to queue
[2024-11-17T09:12:04.035+0000] {logging_mixin.py:190} INFO - [2024-11-17T09:12:04.034+0000] {dagbag.py:588} INFO - Filling up the DagBag from /home/airflow/.local/lib/python3.12/site-packages/airflow/example_dags/tutorial_dag.py
[2024-11-17T09:12:04.056+0000] {processor.py:925} INFO - DAG(s) 'tutorial_dag' retrieved from /home/airflow/.local/lib/python3.12/site-packages/airflow/example_dags/tutorial_dag.py
[2024-11-17T09:12:04.117+0000] {logging_mixin.py:190} INFO - [2024-11-17T09:12:04.116+0000] {dag.py:3239} INFO - Sync 1 DAGs
[2024-11-17T09:12:04.167+0000] {logging_mixin.py:190} INFO - [2024-11-17T09:12:04.166+0000] {dag.py:4180} INFO - Setting next_dagrun for tutorial_dag to None, run_after=None
[2024-11-17T09:12:04.218+0000] {processor.py:208} INFO - Processing /home/airflow/.local/lib/python3.12/site-packages/airflow/example_dags/tutorial_dag.py took 0.230 seconds
[2024-11-17T09:12:35.452+0000] {processor.py:186} INFO - Started process (PID=1917) to work on /home/airflow/.local/lib/python3.12/site-packages/airflow/example_dags/tutorial_dag.py
[2024-11-17T09:12:35.455+0000] {processor.py:914} INFO - Processing file /home/airflow/.local/lib/python3.12/site-packages/airflow/example_dags/tutorial_dag.py for tasks to queue
[2024-11-17T09:12:35.465+0000] {logging_mixin.py:190} INFO - [2024-11-17T09:12:35.464+0000] {dagbag.py:588} INFO - Filling up the DagBag from /home/airflow/.local/lib/python3.12/site-packages/airflow/example_dags/tutorial_dag.py
[2024-11-17T09:12:35.495+0000] {processor.py:925} INFO - DAG(s) 'tutorial_dag' retrieved from /home/airflow/.local/lib/python3.12/site-packages/airflow/example_dags/tutorial_dag.py
[2024-11-17T09:12:35.570+0000] {logging_mixin.py:190} INFO - [2024-11-17T09:12:35.569+0000] {dag.py:3239} INFO - Sync 1 DAGs
[2024-11-17T09:12:35.663+0000] {logging_mixin.py:190} INFO - [2024-11-17T09:12:35.662+0000] {dag.py:4180} INFO - Setting next_dagrun for tutorial_dag to None, run_after=None
[2024-11-17T09:12:35.744+0000] {processor.py:208} INFO - Processing /home/airflow/.local/lib/python3.12/site-packages/airflow/example_dags/tutorial_dag.py took 0.314 seconds
[2024-11-17T09:13:07.499+0000] {processor.py:186} INFO - Started process (PID=1983) to work on /home/airflow/.local/lib/python3.12/site-packages/airflow/example_dags/tutorial_dag.py
[2024-11-17T09:13:07.501+0000] {processor.py:914} INFO - Processing file /home/airflow/.local/lib/python3.12/site-packages/airflow/example_dags/tutorial_dag.py for tasks to queue
[2024-11-17T09:13:07.508+0000] {logging_mixin.py:190} INFO - [2024-11-17T09:13:07.507+0000] {dagbag.py:588} INFO - Filling up the DagBag from /home/airflow/.local/lib/python3.12/site-packages/airflow/example_dags/tutorial_dag.py
[2024-11-17T09:13:07.530+0000] {processor.py:925} INFO - DAG(s) 'tutorial_dag' retrieved from /home/airflow/.local/lib/python3.12/site-packages/airflow/example_dags/tutorial_dag.py
[2024-11-17T09:13:07.596+0000] {logging_mixin.py:190} INFO - [2024-11-17T09:13:07.595+0000] {dag.py:3239} INFO - Sync 1 DAGs
[2024-11-17T09:13:07.641+0000] {logging_mixin.py:190} INFO - [2024-11-17T09:13:07.641+0000] {dag.py:4180} INFO - Setting next_dagrun for tutorial_dag to None, run_after=None
[2024-11-17T09:13:07.693+0000] {processor.py:208} INFO - Processing /home/airflow/.local/lib/python3.12/site-packages/airflow/example_dags/tutorial_dag.py took 0.216 seconds
[2024-11-17T09:13:38.101+0000] {processor.py:186} INFO - Started process (PID=2049) to work on /home/airflow/.local/lib/python3.12/site-packages/airflow/example_dags/tutorial_dag.py
[2024-11-17T09:13:38.103+0000] {processor.py:914} INFO - Processing file /home/airflow/.local/lib/python3.12/site-packages/airflow/example_dags/tutorial_dag.py for tasks to queue
[2024-11-17T09:13:38.110+0000] {logging_mixin.py:190} INFO - [2024-11-17T09:13:38.109+0000] {dagbag.py:588} INFO - Filling up the DagBag from /home/airflow/.local/lib/python3.12/site-packages/airflow/example_dags/tutorial_dag.py
[2024-11-17T09:13:38.130+0000] {processor.py:925} INFO - DAG(s) 'tutorial_dag' retrieved from /home/airflow/.local/lib/python3.12/site-packages/airflow/example_dags/tutorial_dag.py
[2024-11-17T09:13:38.180+0000] {logging_mixin.py:190} INFO - [2024-11-17T09:13:38.180+0000] {dag.py:3239} INFO - Sync 1 DAGs
[2024-11-17T09:13:38.219+0000] {logging_mixin.py:190} INFO - [2024-11-17T09:13:38.218+0000] {dag.py:4180} INFO - Setting next_dagrun for tutorial_dag to None, run_after=None
[2024-11-17T09:13:38.271+0000] {processor.py:208} INFO - Processing /home/airflow/.local/lib/python3.12/site-packages/airflow/example_dags/tutorial_dag.py took 0.187 seconds
[2024-11-17T09:14:08.464+0000] {processor.py:186} INFO - Started process (PID=2114) to work on /home/airflow/.local/lib/python3.12/site-packages/airflow/example_dags/tutorial_dag.py
[2024-11-17T09:14:08.466+0000] {processor.py:914} INFO - Processing file /home/airflow/.local/lib/python3.12/site-packages/airflow/example_dags/tutorial_dag.py for tasks to queue
[2024-11-17T09:14:08.473+0000] {logging_mixin.py:190} INFO - [2024-11-17T09:14:08.472+0000] {dagbag.py:588} INFO - Filling up the DagBag from /home/airflow/.local/lib/python3.12/site-packages/airflow/example_dags/tutorial_dag.py
[2024-11-17T09:14:08.493+0000] {processor.py:925} INFO - DAG(s) 'tutorial_dag' retrieved from /home/airflow/.local/lib/python3.12/site-packages/airflow/example_dags/tutorial_dag.py
[2024-11-17T09:14:08.543+0000] {logging_mixin.py:190} INFO - [2024-11-17T09:14:08.542+0000] {dag.py:3239} INFO - Sync 1 DAGs
[2024-11-17T09:14:08.588+0000] {logging_mixin.py:190} INFO - [2024-11-17T09:14:08.587+0000] {dag.py:4180} INFO - Setting next_dagrun for tutorial_dag to None, run_after=None
[2024-11-17T09:14:08.637+0000] {processor.py:208} INFO - Processing /home/airflow/.local/lib/python3.12/site-packages/airflow/example_dags/tutorial_dag.py took 0.190 seconds
[2024-11-17T09:14:39.862+0000] {processor.py:186} INFO - Started process (PID=2179) to work on /home/airflow/.local/lib/python3.12/site-packages/airflow/example_dags/tutorial_dag.py
[2024-11-17T09:14:39.865+0000] {processor.py:914} INFO - Processing file /home/airflow/.local/lib/python3.12/site-packages/airflow/example_dags/tutorial_dag.py for tasks to queue
[2024-11-17T09:14:39.873+0000] {logging_mixin.py:190} INFO - [2024-11-17T09:14:39.872+0000] {dagbag.py:588} INFO - Filling up the DagBag from /home/airflow/.local/lib/python3.12/site-packages/airflow/example_dags/tutorial_dag.py
[2024-11-17T09:14:39.901+0000] {processor.py:925} INFO - DAG(s) 'tutorial_dag' retrieved from /home/airflow/.local/lib/python3.12/site-packages/airflow/example_dags/tutorial_dag.py
[2024-11-17T09:14:39.988+0000] {logging_mixin.py:190} INFO - [2024-11-17T09:14:39.987+0000] {dag.py:3239} INFO - Sync 1 DAGs
[2024-11-17T09:14:40.072+0000] {logging_mixin.py:190} INFO - [2024-11-17T09:14:40.071+0000] {dag.py:4180} INFO - Setting next_dagrun for tutorial_dag to None, run_after=None
[2024-11-17T09:14:40.165+0000] {processor.py:208} INFO - Processing /home/airflow/.local/lib/python3.12/site-packages/airflow/example_dags/tutorial_dag.py took 0.327 seconds
[2024-11-17T09:15:10.466+0000] {processor.py:186} INFO - Started process (PID=2244) to work on /home/airflow/.local/lib/python3.12/site-packages/airflow/example_dags/tutorial_dag.py
[2024-11-17T09:15:10.470+0000] {processor.py:914} INFO - Processing file /home/airflow/.local/lib/python3.12/site-packages/airflow/example_dags/tutorial_dag.py for tasks to queue
[2024-11-17T09:15:10.479+0000] {logging_mixin.py:190} INFO - [2024-11-17T09:15:10.477+0000] {dagbag.py:588} INFO - Filling up the DagBag from /home/airflow/.local/lib/python3.12/site-packages/airflow/example_dags/tutorial_dag.py
[2024-11-17T09:15:10.506+0000] {processor.py:925} INFO - DAG(s) 'tutorial_dag' retrieved from /home/airflow/.local/lib/python3.12/site-packages/airflow/example_dags/tutorial_dag.py
[2024-11-17T09:15:10.566+0000] {logging_mixin.py:190} INFO - [2024-11-17T09:15:10.565+0000] {dag.py:3239} INFO - Sync 1 DAGs
[2024-11-17T09:15:10.619+0000] {logging_mixin.py:190} INFO - [2024-11-17T09:15:10.618+0000] {dag.py:4180} INFO - Setting next_dagrun for tutorial_dag to None, run_after=None
[2024-11-17T09:15:10.708+0000] {processor.py:208} INFO - Processing /home/airflow/.local/lib/python3.12/site-packages/airflow/example_dags/tutorial_dag.py took 0.264 seconds
[2024-11-17T09:15:41.153+0000] {processor.py:186} INFO - Started process (PID=2310) to work on /home/airflow/.local/lib/python3.12/site-packages/airflow/example_dags/tutorial_dag.py
[2024-11-17T09:15:41.157+0000] {processor.py:914} INFO - Processing file /home/airflow/.local/lib/python3.12/site-packages/airflow/example_dags/tutorial_dag.py for tasks to queue
[2024-11-17T09:15:41.166+0000] {logging_mixin.py:190} INFO - [2024-11-17T09:15:41.165+0000] {dagbag.py:588} INFO - Filling up the DagBag from /home/airflow/.local/lib/python3.12/site-packages/airflow/example_dags/tutorial_dag.py
[2024-11-17T09:15:41.191+0000] {processor.py:925} INFO - DAG(s) 'tutorial_dag' retrieved from /home/airflow/.local/lib/python3.12/site-packages/airflow/example_dags/tutorial_dag.py
[2024-11-17T09:15:41.241+0000] {logging_mixin.py:190} INFO - [2024-11-17T09:15:41.240+0000] {dag.py:3239} INFO - Sync 1 DAGs
[2024-11-17T09:15:41.280+0000] {logging_mixin.py:190} INFO - [2024-11-17T09:15:41.280+0000] {dag.py:4180} INFO - Setting next_dagrun for tutorial_dag to None, run_after=None
[2024-11-17T09:15:41.341+0000] {processor.py:208} INFO - Processing /home/airflow/.local/lib/python3.12/site-packages/airflow/example_dags/tutorial_dag.py took 0.212 seconds
[2024-11-17T09:16:11.887+0000] {processor.py:186} INFO - Started process (PID=2381) to work on /home/airflow/.local/lib/python3.12/site-packages/airflow/example_dags/tutorial_dag.py
[2024-11-17T09:16:11.889+0000] {processor.py:914} INFO - Processing file /home/airflow/.local/lib/python3.12/site-packages/airflow/example_dags/tutorial_dag.py for tasks to queue
[2024-11-17T09:16:11.896+0000] {logging_mixin.py:190} INFO - [2024-11-17T09:16:11.895+0000] {dagbag.py:588} INFO - Filling up the DagBag from /home/airflow/.local/lib/python3.12/site-packages/airflow/example_dags/tutorial_dag.py
[2024-11-17T09:16:11.916+0000] {processor.py:925} INFO - DAG(s) 'tutorial_dag' retrieved from /home/airflow/.local/lib/python3.12/site-packages/airflow/example_dags/tutorial_dag.py
[2024-11-17T09:16:11.971+0000] {logging_mixin.py:190} INFO - [2024-11-17T09:16:11.970+0000] {dag.py:3239} INFO - Sync 1 DAGs
[2024-11-17T09:16:12.011+0000] {logging_mixin.py:190} INFO - [2024-11-17T09:16:12.010+0000] {dag.py:4180} INFO - Setting next_dagrun for tutorial_dag to None, run_after=None
[2024-11-17T09:16:12.069+0000] {processor.py:208} INFO - Processing /home/airflow/.local/lib/python3.12/site-packages/airflow/example_dags/tutorial_dag.py took 0.198 seconds
[2024-11-17T09:16:42.234+0000] {processor.py:186} INFO - Started process (PID=2447) to work on /home/airflow/.local/lib/python3.12/site-packages/airflow/example_dags/tutorial_dag.py
[2024-11-17T09:16:42.237+0000] {processor.py:914} INFO - Processing file /home/airflow/.local/lib/python3.12/site-packages/airflow/example_dags/tutorial_dag.py for tasks to queue
[2024-11-17T09:16:42.244+0000] {logging_mixin.py:190} INFO - [2024-11-17T09:16:42.243+0000] {dagbag.py:588} INFO - Filling up the DagBag from /home/airflow/.local/lib/python3.12/site-packages/airflow/example_dags/tutorial_dag.py
[2024-11-17T09:16:42.269+0000] {processor.py:925} INFO - DAG(s) 'tutorial_dag' retrieved from /home/airflow/.local/lib/python3.12/site-packages/airflow/example_dags/tutorial_dag.py
[2024-11-17T09:16:42.321+0000] {logging_mixin.py:190} INFO - [2024-11-17T09:16:42.321+0000] {dag.py:3239} INFO - Sync 1 DAGs
[2024-11-17T09:16:42.362+0000] {logging_mixin.py:190} INFO - [2024-11-17T09:16:42.361+0000] {dag.py:4180} INFO - Setting next_dagrun for tutorial_dag to None, run_after=None
[2024-11-17T09:16:42.412+0000] {processor.py:208} INFO - Processing /home/airflow/.local/lib/python3.12/site-packages/airflow/example_dags/tutorial_dag.py took 0.194 seconds
[2024-11-17T09:17:13.111+0000] {processor.py:186} INFO - Started process (PID=2513) to work on /home/airflow/.local/lib/python3.12/site-packages/airflow/example_dags/tutorial_dag.py
[2024-11-17T09:17:13.117+0000] {processor.py:914} INFO - Processing file /home/airflow/.local/lib/python3.12/site-packages/airflow/example_dags/tutorial_dag.py for tasks to queue
[2024-11-17T09:17:13.136+0000] {logging_mixin.py:190} INFO - [2024-11-17T09:17:13.134+0000] {dagbag.py:588} INFO - Filling up the DagBag from /home/airflow/.local/lib/python3.12/site-packages/airflow/example_dags/tutorial_dag.py
[2024-11-17T09:17:13.169+0000] {processor.py:925} INFO - DAG(s) 'tutorial_dag' retrieved from /home/airflow/.local/lib/python3.12/site-packages/airflow/example_dags/tutorial_dag.py
[2024-11-17T09:17:13.243+0000] {logging_mixin.py:190} INFO - [2024-11-17T09:17:13.242+0000] {dag.py:3239} INFO - Sync 1 DAGs
[2024-11-17T09:17:13.302+0000] {logging_mixin.py:190} INFO - [2024-11-17T09:17:13.300+0000] {dag.py:4180} INFO - Setting next_dagrun for tutorial_dag to None, run_after=None
[2024-11-17T09:17:13.378+0000] {processor.py:208} INFO - Processing /home/airflow/.local/lib/python3.12/site-packages/airflow/example_dags/tutorial_dag.py took 0.305 seconds
[2024-11-17T09:17:43.799+0000] {processor.py:186} INFO - Started process (PID=2580) to work on /home/airflow/.local/lib/python3.12/site-packages/airflow/example_dags/tutorial_dag.py
[2024-11-17T09:17:43.801+0000] {processor.py:914} INFO - Processing file /home/airflow/.local/lib/python3.12/site-packages/airflow/example_dags/tutorial_dag.py for tasks to queue
[2024-11-17T09:17:43.808+0000] {logging_mixin.py:190} INFO - [2024-11-17T09:17:43.807+0000] {dagbag.py:588} INFO - Filling up the DagBag from /home/airflow/.local/lib/python3.12/site-packages/airflow/example_dags/tutorial_dag.py
[2024-11-17T09:17:43.831+0000] {processor.py:925} INFO - DAG(s) 'tutorial_dag' retrieved from /home/airflow/.local/lib/python3.12/site-packages/airflow/example_dags/tutorial_dag.py
[2024-11-17T09:17:43.883+0000] {logging_mixin.py:190} INFO - [2024-11-17T09:17:43.882+0000] {dag.py:3239} INFO - Sync 1 DAGs
[2024-11-17T09:17:43.922+0000] {logging_mixin.py:190} INFO - [2024-11-17T09:17:43.921+0000] {dag.py:4180} INFO - Setting next_dagrun for tutorial_dag to None, run_after=None
[2024-11-17T09:17:43.972+0000] {processor.py:208} INFO - Processing /home/airflow/.local/lib/python3.12/site-packages/airflow/example_dags/tutorial_dag.py took 0.190 seconds
[2024-11-17T09:18:14.262+0000] {processor.py:186} INFO - Started process (PID=2645) to work on /home/airflow/.local/lib/python3.12/site-packages/airflow/example_dags/tutorial_dag.py
[2024-11-17T09:18:14.264+0000] {processor.py:914} INFO - Processing file /home/airflow/.local/lib/python3.12/site-packages/airflow/example_dags/tutorial_dag.py for tasks to queue
[2024-11-17T09:18:14.271+0000] {logging_mixin.py:190} INFO - [2024-11-17T09:18:14.270+0000] {dagbag.py:588} INFO - Filling up the DagBag from /home/airflow/.local/lib/python3.12/site-packages/airflow/example_dags/tutorial_dag.py
[2024-11-17T09:18:14.292+0000] {processor.py:925} INFO - DAG(s) 'tutorial_dag' retrieved from /home/airflow/.local/lib/python3.12/site-packages/airflow/example_dags/tutorial_dag.py
[2024-11-17T09:18:14.370+0000] {logging_mixin.py:190} INFO - [2024-11-17T09:18:14.369+0000] {dag.py:3239} INFO - Sync 1 DAGs
[2024-11-17T09:18:14.436+0000] {logging_mixin.py:190} INFO - [2024-11-17T09:18:14.435+0000] {dag.py:4180} INFO - Setting next_dagrun for tutorial_dag to None, run_after=None
[2024-11-17T09:18:14.506+0000] {processor.py:208} INFO - Processing /home/airflow/.local/lib/python3.12/site-packages/airflow/example_dags/tutorial_dag.py took 0.261 seconds
[2024-11-17T09:18:44.844+0000] {processor.py:186} INFO - Started process (PID=2711) to work on /home/airflow/.local/lib/python3.12/site-packages/airflow/example_dags/tutorial_dag.py
[2024-11-17T09:18:44.848+0000] {processor.py:914} INFO - Processing file /home/airflow/.local/lib/python3.12/site-packages/airflow/example_dags/tutorial_dag.py for tasks to queue
[2024-11-17T09:18:44.863+0000] {logging_mixin.py:190} INFO - [2024-11-17T09:18:44.861+0000] {dagbag.py:588} INFO - Filling up the DagBag from /home/airflow/.local/lib/python3.12/site-packages/airflow/example_dags/tutorial_dag.py
[2024-11-17T09:18:44.909+0000] {processor.py:925} INFO - DAG(s) 'tutorial_dag' retrieved from /home/airflow/.local/lib/python3.12/site-packages/airflow/example_dags/tutorial_dag.py
[2024-11-17T09:18:44.989+0000] {logging_mixin.py:190} INFO - [2024-11-17T09:18:44.988+0000] {dag.py:3239} INFO - Sync 1 DAGs
[2024-11-17T09:18:45.044+0000] {logging_mixin.py:190} INFO - [2024-11-17T09:18:45.044+0000] {dag.py:4180} INFO - Setting next_dagrun for tutorial_dag to None, run_after=None
[2024-11-17T09:18:45.107+0000] {processor.py:208} INFO - Processing /home/airflow/.local/lib/python3.12/site-packages/airflow/example_dags/tutorial_dag.py took 0.292 seconds
[2024-11-17T09:19:15.620+0000] {processor.py:186} INFO - Started process (PID=2776) to work on /home/airflow/.local/lib/python3.12/site-packages/airflow/example_dags/tutorial_dag.py
[2024-11-17T09:19:15.622+0000] {processor.py:914} INFO - Processing file /home/airflow/.local/lib/python3.12/site-packages/airflow/example_dags/tutorial_dag.py for tasks to queue
[2024-11-17T09:19:15.630+0000] {logging_mixin.py:190} INFO - [2024-11-17T09:19:15.629+0000] {dagbag.py:588} INFO - Filling up the DagBag from /home/airflow/.local/lib/python3.12/site-packages/airflow/example_dags/tutorial_dag.py
[2024-11-17T09:19:15.650+0000] {processor.py:925} INFO - DAG(s) 'tutorial_dag' retrieved from /home/airflow/.local/lib/python3.12/site-packages/airflow/example_dags/tutorial_dag.py
[2024-11-17T09:19:15.709+0000] {logging_mixin.py:190} INFO - [2024-11-17T09:19:15.708+0000] {dag.py:3239} INFO - Sync 1 DAGs
[2024-11-17T09:19:15.758+0000] {logging_mixin.py:190} INFO - [2024-11-17T09:19:15.757+0000] {dag.py:4180} INFO - Setting next_dagrun for tutorial_dag to None, run_after=None
[2024-11-17T09:19:15.821+0000] {processor.py:208} INFO - Processing /home/airflow/.local/lib/python3.12/site-packages/airflow/example_dags/tutorial_dag.py took 0.219 seconds
[2024-11-17T09:19:46.082+0000] {processor.py:186} INFO - Started process (PID=2841) to work on /home/airflow/.local/lib/python3.12/site-packages/airflow/example_dags/tutorial_dag.py
[2024-11-17T09:19:46.086+0000] {processor.py:914} INFO - Processing file /home/airflow/.local/lib/python3.12/site-packages/airflow/example_dags/tutorial_dag.py for tasks to queue
[2024-11-17T09:19:46.094+0000] {logging_mixin.py:190} INFO - [2024-11-17T09:19:46.093+0000] {dagbag.py:588} INFO - Filling up the DagBag from /home/airflow/.local/lib/python3.12/site-packages/airflow/example_dags/tutorial_dag.py
[2024-11-17T09:19:46.116+0000] {processor.py:925} INFO - DAG(s) 'tutorial_dag' retrieved from /home/airflow/.local/lib/python3.12/site-packages/airflow/example_dags/tutorial_dag.py
[2024-11-17T09:19:46.176+0000] {logging_mixin.py:190} INFO - [2024-11-17T09:19:46.176+0000] {dag.py:3239} INFO - Sync 1 DAGs
[2024-11-17T09:19:46.291+0000] {logging_mixin.py:190} INFO - [2024-11-17T09:19:46.290+0000] {dag.py:4180} INFO - Setting next_dagrun for tutorial_dag to None, run_after=None
[2024-11-17T09:19:46.391+0000] {processor.py:208} INFO - Processing /home/airflow/.local/lib/python3.12/site-packages/airflow/example_dags/tutorial_dag.py took 0.329 seconds
[2024-11-17T09:20:17.080+0000] {processor.py:186} INFO - Started process (PID=2907) to work on /home/airflow/.local/lib/python3.12/site-packages/airflow/example_dags/tutorial_dag.py
[2024-11-17T09:20:17.084+0000] {processor.py:914} INFO - Processing file /home/airflow/.local/lib/python3.12/site-packages/airflow/example_dags/tutorial_dag.py for tasks to queue
[2024-11-17T09:20:17.091+0000] {logging_mixin.py:190} INFO - [2024-11-17T09:20:17.090+0000] {dagbag.py:588} INFO - Filling up the DagBag from /home/airflow/.local/lib/python3.12/site-packages/airflow/example_dags/tutorial_dag.py
[2024-11-17T09:20:17.123+0000] {processor.py:925} INFO - DAG(s) 'tutorial_dag' retrieved from /home/airflow/.local/lib/python3.12/site-packages/airflow/example_dags/tutorial_dag.py
[2024-11-17T09:20:17.186+0000] {logging_mixin.py:190} INFO - [2024-11-17T09:20:17.185+0000] {dag.py:3239} INFO - Sync 1 DAGs
[2024-11-17T09:20:17.232+0000] {logging_mixin.py:190} INFO - [2024-11-17T09:20:17.231+0000] {dag.py:4180} INFO - Setting next_dagrun for tutorial_dag to None, run_after=None
[2024-11-17T09:20:17.284+0000] {processor.py:208} INFO - Processing /home/airflow/.local/lib/python3.12/site-packages/airflow/example_dags/tutorial_dag.py took 0.225 seconds
[2024-11-17T09:20:47.610+0000] {processor.py:186} INFO - Started process (PID=2973) to work on /home/airflow/.local/lib/python3.12/site-packages/airflow/example_dags/tutorial_dag.py
[2024-11-17T09:20:47.613+0000] {processor.py:914} INFO - Processing file /home/airflow/.local/lib/python3.12/site-packages/airflow/example_dags/tutorial_dag.py for tasks to queue
[2024-11-17T09:20:47.619+0000] {logging_mixin.py:190} INFO - [2024-11-17T09:20:47.619+0000] {dagbag.py:588} INFO - Filling up the DagBag from /home/airflow/.local/lib/python3.12/site-packages/airflow/example_dags/tutorial_dag.py
[2024-11-17T09:20:47.643+0000] {processor.py:925} INFO - DAG(s) 'tutorial_dag' retrieved from /home/airflow/.local/lib/python3.12/site-packages/airflow/example_dags/tutorial_dag.py
[2024-11-17T09:20:47.691+0000] {logging_mixin.py:190} INFO - [2024-11-17T09:20:47.690+0000] {dag.py:3239} INFO - Sync 1 DAGs
[2024-11-17T09:20:47.735+0000] {logging_mixin.py:190} INFO - [2024-11-17T09:20:47.735+0000] {dag.py:4180} INFO - Setting next_dagrun for tutorial_dag to None, run_after=None
[2024-11-17T09:20:47.782+0000] {processor.py:208} INFO - Processing /home/airflow/.local/lib/python3.12/site-packages/airflow/example_dags/tutorial_dag.py took 0.188 seconds
[2024-11-17T09:21:18.363+0000] {processor.py:186} INFO - Started process (PID=3039) to work on /home/airflow/.local/lib/python3.12/site-packages/airflow/example_dags/tutorial_dag.py
[2024-11-17T09:21:18.365+0000] {processor.py:914} INFO - Processing file /home/airflow/.local/lib/python3.12/site-packages/airflow/example_dags/tutorial_dag.py for tasks to queue
[2024-11-17T09:21:18.373+0000] {logging_mixin.py:190} INFO - [2024-11-17T09:21:18.372+0000] {dagbag.py:588} INFO - Filling up the DagBag from /home/airflow/.local/lib/python3.12/site-packages/airflow/example_dags/tutorial_dag.py
[2024-11-17T09:21:18.399+0000] {processor.py:925} INFO - DAG(s) 'tutorial_dag' retrieved from /home/airflow/.local/lib/python3.12/site-packages/airflow/example_dags/tutorial_dag.py
[2024-11-17T09:21:18.457+0000] {logging_mixin.py:190} INFO - [2024-11-17T09:21:18.456+0000] {dag.py:3239} INFO - Sync 1 DAGs
[2024-11-17T09:21:18.509+0000] {logging_mixin.py:190} INFO - [2024-11-17T09:21:18.508+0000] {dag.py:4180} INFO - Setting next_dagrun for tutorial_dag to None, run_after=None
[2024-11-17T09:21:18.563+0000] {processor.py:208} INFO - Processing /home/airflow/.local/lib/python3.12/site-packages/airflow/example_dags/tutorial_dag.py took 0.217 seconds
[2024-11-17T09:21:49.141+0000] {processor.py:186} INFO - Started process (PID=3104) to work on /home/airflow/.local/lib/python3.12/site-packages/airflow/example_dags/tutorial_dag.py
[2024-11-17T09:21:49.145+0000] {processor.py:914} INFO - Processing file /home/airflow/.local/lib/python3.12/site-packages/airflow/example_dags/tutorial_dag.py for tasks to queue
[2024-11-17T09:21:49.154+0000] {logging_mixin.py:190} INFO - [2024-11-17T09:21:49.152+0000] {dagbag.py:588} INFO - Filling up the DagBag from /home/airflow/.local/lib/python3.12/site-packages/airflow/example_dags/tutorial_dag.py
[2024-11-17T09:21:49.188+0000] {processor.py:925} INFO - DAG(s) 'tutorial_dag' retrieved from /home/airflow/.local/lib/python3.12/site-packages/airflow/example_dags/tutorial_dag.py
[2024-11-17T09:21:49.291+0000] {logging_mixin.py:190} INFO - [2024-11-17T09:21:49.290+0000] {dag.py:3239} INFO - Sync 1 DAGs
[2024-11-17T09:21:49.366+0000] {logging_mixin.py:190} INFO - [2024-11-17T09:21:49.365+0000] {dag.py:4180} INFO - Setting next_dagrun for tutorial_dag to None, run_after=None
[2024-11-17T09:21:49.448+0000] {processor.py:208} INFO - Processing /home/airflow/.local/lib/python3.12/site-packages/airflow/example_dags/tutorial_dag.py took 0.335 seconds
[2024-11-17T09:22:21.456+0000] {processor.py:186} INFO - Started process (PID=3170) to work on /home/airflow/.local/lib/python3.12/site-packages/airflow/example_dags/tutorial_dag.py
[2024-11-17T09:22:21.460+0000] {processor.py:914} INFO - Processing file /home/airflow/.local/lib/python3.12/site-packages/airflow/example_dags/tutorial_dag.py for tasks to queue
[2024-11-17T09:22:21.470+0000] {logging_mixin.py:190} INFO - [2024-11-17T09:22:21.468+0000] {dagbag.py:588} INFO - Filling up the DagBag from /home/airflow/.local/lib/python3.12/site-packages/airflow/example_dags/tutorial_dag.py
[2024-11-17T09:22:21.493+0000] {processor.py:925} INFO - DAG(s) 'tutorial_dag' retrieved from /home/airflow/.local/lib/python3.12/site-packages/airflow/example_dags/tutorial_dag.py
[2024-11-17T09:22:21.977+0000] {logging_mixin.py:190} INFO - [2024-11-17T09:22:21.976+0000] {dag.py:3239} INFO - Sync 1 DAGs
[2024-11-17T09:22:22.040+0000] {logging_mixin.py:190} INFO - [2024-11-17T09:22:22.039+0000] {dag.py:4180} INFO - Setting next_dagrun for tutorial_dag to None, run_after=None
[2024-11-17T09:22:22.128+0000] {processor.py:208} INFO - Processing /home/airflow/.local/lib/python3.12/site-packages/airflow/example_dags/tutorial_dag.py took 0.695 seconds
[2024-11-17T09:22:52.832+0000] {processor.py:186} INFO - Started process (PID=3236) to work on /home/airflow/.local/lib/python3.12/site-packages/airflow/example_dags/tutorial_dag.py
[2024-11-17T09:22:52.835+0000] {processor.py:914} INFO - Processing file /home/airflow/.local/lib/python3.12/site-packages/airflow/example_dags/tutorial_dag.py for tasks to queue
[2024-11-17T09:22:52.842+0000] {logging_mixin.py:190} INFO - [2024-11-17T09:22:52.841+0000] {dagbag.py:588} INFO - Filling up the DagBag from /home/airflow/.local/lib/python3.12/site-packages/airflow/example_dags/tutorial_dag.py
[2024-11-17T09:22:52.862+0000] {processor.py:925} INFO - DAG(s) 'tutorial_dag' retrieved from /home/airflow/.local/lib/python3.12/site-packages/airflow/example_dags/tutorial_dag.py
[2024-11-17T09:22:52.916+0000] {logging_mixin.py:190} INFO - [2024-11-17T09:22:52.915+0000] {dag.py:3239} INFO - Sync 1 DAGs
[2024-11-17T09:22:53.385+0000] {logging_mixin.py:190} INFO - [2024-11-17T09:22:53.384+0000] {dag.py:4180} INFO - Setting next_dagrun for tutorial_dag to None, run_after=None
[2024-11-17T09:22:53.445+0000] {processor.py:208} INFO - Processing /home/airflow/.local/lib/python3.12/site-packages/airflow/example_dags/tutorial_dag.py took 0.631 seconds
[2024-11-17T09:23:23.979+0000] {processor.py:186} INFO - Started process (PID=3301) to work on /home/airflow/.local/lib/python3.12/site-packages/airflow/example_dags/tutorial_dag.py
[2024-11-17T09:23:23.983+0000] {processor.py:914} INFO - Processing file /home/airflow/.local/lib/python3.12/site-packages/airflow/example_dags/tutorial_dag.py for tasks to queue
[2024-11-17T09:23:23.992+0000] {logging_mixin.py:190} INFO - [2024-11-17T09:23:23.991+0000] {dagbag.py:588} INFO - Filling up the DagBag from /home/airflow/.local/lib/python3.12/site-packages/airflow/example_dags/tutorial_dag.py
[2024-11-17T09:23:24.012+0000] {processor.py:925} INFO - DAG(s) 'tutorial_dag' retrieved from /home/airflow/.local/lib/python3.12/site-packages/airflow/example_dags/tutorial_dag.py
[2024-11-17T09:23:24.074+0000] {logging_mixin.py:190} INFO - [2024-11-17T09:23:24.074+0000] {dag.py:3239} INFO - Sync 1 DAGs
[2024-11-17T09:23:24.115+0000] {logging_mixin.py:190} INFO - [2024-11-17T09:23:24.114+0000] {dag.py:4180} INFO - Setting next_dagrun for tutorial_dag to None, run_after=None
[2024-11-17T09:23:24.166+0000] {processor.py:208} INFO - Processing /home/airflow/.local/lib/python3.12/site-packages/airflow/example_dags/tutorial_dag.py took 0.203 seconds
[2024-11-17T09:23:54.731+0000] {processor.py:186} INFO - Started process (PID=3367) to work on /home/airflow/.local/lib/python3.12/site-packages/airflow/example_dags/tutorial_dag.py
[2024-11-17T09:23:54.737+0000] {processor.py:914} INFO - Processing file /home/airflow/.local/lib/python3.12/site-packages/airflow/example_dags/tutorial_dag.py for tasks to queue
[2024-11-17T09:23:54.759+0000] {logging_mixin.py:190} INFO - [2024-11-17T09:23:54.758+0000] {dagbag.py:588} INFO - Filling up the DagBag from /home/airflow/.local/lib/python3.12/site-packages/airflow/example_dags/tutorial_dag.py
[2024-11-17T09:23:54.789+0000] {processor.py:925} INFO - DAG(s) 'tutorial_dag' retrieved from /home/airflow/.local/lib/python3.12/site-packages/airflow/example_dags/tutorial_dag.py
[2024-11-17T09:23:54.861+0000] {logging_mixin.py:190} INFO - [2024-11-17T09:23:54.860+0000] {dag.py:3239} INFO - Sync 1 DAGs
[2024-11-17T09:23:54.910+0000] {logging_mixin.py:190} INFO - [2024-11-17T09:23:54.909+0000] {dag.py:4180} INFO - Setting next_dagrun for tutorial_dag to None, run_after=None
[2024-11-17T09:23:54.966+0000] {processor.py:208} INFO - Processing /home/airflow/.local/lib/python3.12/site-packages/airflow/example_dags/tutorial_dag.py took 0.279 seconds
[2024-11-17T09:24:25.487+0000] {processor.py:186} INFO - Started process (PID=3433) to work on /home/airflow/.local/lib/python3.12/site-packages/airflow/example_dags/tutorial_dag.py
[2024-11-17T09:24:25.490+0000] {processor.py:914} INFO - Processing file /home/airflow/.local/lib/python3.12/site-packages/airflow/example_dags/tutorial_dag.py for tasks to queue
[2024-11-17T09:24:25.500+0000] {logging_mixin.py:190} INFO - [2024-11-17T09:24:25.498+0000] {dagbag.py:588} INFO - Filling up the DagBag from /home/airflow/.local/lib/python3.12/site-packages/airflow/example_dags/tutorial_dag.py
[2024-11-17T09:24:25.524+0000] {processor.py:925} INFO - DAG(s) 'tutorial_dag' retrieved from /home/airflow/.local/lib/python3.12/site-packages/airflow/example_dags/tutorial_dag.py
[2024-11-17T09:24:25.585+0000] {logging_mixin.py:190} INFO - [2024-11-17T09:24:25.584+0000] {dag.py:3239} INFO - Sync 1 DAGs
[2024-11-17T09:24:25.640+0000] {logging_mixin.py:190} INFO - [2024-11-17T09:24:25.639+0000] {dag.py:4180} INFO - Setting next_dagrun for tutorial_dag to None, run_after=None
[2024-11-17T09:24:25.698+0000] {processor.py:208} INFO - Processing /home/airflow/.local/lib/python3.12/site-packages/airflow/example_dags/tutorial_dag.py took 0.230 seconds
[2024-11-17T09:24:56.422+0000] {processor.py:186} INFO - Started process (PID=3499) to work on /home/airflow/.local/lib/python3.12/site-packages/airflow/example_dags/tutorial_dag.py
[2024-11-17T09:24:56.429+0000] {processor.py:914} INFO - Processing file /home/airflow/.local/lib/python3.12/site-packages/airflow/example_dags/tutorial_dag.py for tasks to queue
[2024-11-17T09:24:56.441+0000] {logging_mixin.py:190} INFO - [2024-11-17T09:24:56.440+0000] {dagbag.py:588} INFO - Filling up the DagBag from /home/airflow/.local/lib/python3.12/site-packages/airflow/example_dags/tutorial_dag.py
[2024-11-17T09:24:56.482+0000] {processor.py:925} INFO - DAG(s) 'tutorial_dag' retrieved from /home/airflow/.local/lib/python3.12/site-packages/airflow/example_dags/tutorial_dag.py
[2024-11-17T09:24:56.558+0000] {logging_mixin.py:190} INFO - [2024-11-17T09:24:56.557+0000] {dag.py:3239} INFO - Sync 1 DAGs
[2024-11-17T09:24:56.603+0000] {logging_mixin.py:190} INFO - [2024-11-17T09:24:56.602+0000] {dag.py:4180} INFO - Setting next_dagrun for tutorial_dag to None, run_after=None
[2024-11-17T09:24:56.662+0000] {processor.py:208} INFO - Processing /home/airflow/.local/lib/python3.12/site-packages/airflow/example_dags/tutorial_dag.py took 0.268 seconds
[2024-11-17T09:25:27.027+0000] {processor.py:186} INFO - Started process (PID=3566) to work on /home/airflow/.local/lib/python3.12/site-packages/airflow/example_dags/tutorial_dag.py
[2024-11-17T09:25:27.030+0000] {processor.py:914} INFO - Processing file /home/airflow/.local/lib/python3.12/site-packages/airflow/example_dags/tutorial_dag.py for tasks to queue
[2024-11-17T09:25:27.039+0000] {logging_mixin.py:190} INFO - [2024-11-17T09:25:27.038+0000] {dagbag.py:588} INFO - Filling up the DagBag from /home/airflow/.local/lib/python3.12/site-packages/airflow/example_dags/tutorial_dag.py
[2024-11-17T09:25:27.060+0000] {processor.py:925} INFO - DAG(s) 'tutorial_dag' retrieved from /home/airflow/.local/lib/python3.12/site-packages/airflow/example_dags/tutorial_dag.py
[2024-11-17T09:25:27.115+0000] {logging_mixin.py:190} INFO - [2024-11-17T09:25:27.114+0000] {dag.py:3239} INFO - Sync 1 DAGs
[2024-11-17T09:25:27.155+0000] {logging_mixin.py:190} INFO - [2024-11-17T09:25:27.155+0000] {dag.py:4180} INFO - Setting next_dagrun for tutorial_dag to None, run_after=None
[2024-11-17T09:25:27.204+0000] {processor.py:208} INFO - Processing /home/airflow/.local/lib/python3.12/site-packages/airflow/example_dags/tutorial_dag.py took 0.201 seconds
[2024-11-17T09:25:57.813+0000] {processor.py:186} INFO - Started process (PID=3632) to work on /home/airflow/.local/lib/python3.12/site-packages/airflow/example_dags/tutorial_dag.py
[2024-11-17T09:25:57.816+0000] {processor.py:914} INFO - Processing file /home/airflow/.local/lib/python3.12/site-packages/airflow/example_dags/tutorial_dag.py for tasks to queue
[2024-11-17T09:25:57.825+0000] {logging_mixin.py:190} INFO - [2024-11-17T09:25:57.824+0000] {dagbag.py:588} INFO - Filling up the DagBag from /home/airflow/.local/lib/python3.12/site-packages/airflow/example_dags/tutorial_dag.py
[2024-11-17T09:25:57.855+0000] {processor.py:925} INFO - DAG(s) 'tutorial_dag' retrieved from /home/airflow/.local/lib/python3.12/site-packages/airflow/example_dags/tutorial_dag.py
[2024-11-17T09:25:57.919+0000] {logging_mixin.py:190} INFO - [2024-11-17T09:25:57.918+0000] {dag.py:3239} INFO - Sync 1 DAGs
[2024-11-17T09:25:57.970+0000] {logging_mixin.py:190} INFO - [2024-11-17T09:25:57.969+0000] {dag.py:4180} INFO - Setting next_dagrun for tutorial_dag to None, run_after=None
[2024-11-17T09:25:58.036+0000] {processor.py:208} INFO - Processing /home/airflow/.local/lib/python3.12/site-packages/airflow/example_dags/tutorial_dag.py took 0.240 seconds
[2024-11-17T09:26:28.196+0000] {processor.py:186} INFO - Started process (PID=3697) to work on /home/airflow/.local/lib/python3.12/site-packages/airflow/example_dags/tutorial_dag.py
[2024-11-17T09:26:28.200+0000] {processor.py:914} INFO - Processing file /home/airflow/.local/lib/python3.12/site-packages/airflow/example_dags/tutorial_dag.py for tasks to queue
[2024-11-17T09:26:28.213+0000] {logging_mixin.py:190} INFO - [2024-11-17T09:26:28.212+0000] {dagbag.py:588} INFO - Filling up the DagBag from /home/airflow/.local/lib/python3.12/site-packages/airflow/example_dags/tutorial_dag.py
[2024-11-17T09:26:28.240+0000] {processor.py:925} INFO - DAG(s) 'tutorial_dag' retrieved from /home/airflow/.local/lib/python3.12/site-packages/airflow/example_dags/tutorial_dag.py
[2024-11-17T09:26:28.302+0000] {logging_mixin.py:190} INFO - [2024-11-17T09:26:28.301+0000] {dag.py:3239} INFO - Sync 1 DAGs
[2024-11-17T09:26:28.345+0000] {logging_mixin.py:190} INFO - [2024-11-17T09:26:28.345+0000] {dag.py:4180} INFO - Setting next_dagrun for tutorial_dag to None, run_after=None
[2024-11-17T09:26:28.396+0000] {processor.py:208} INFO - Processing /home/airflow/.local/lib/python3.12/site-packages/airflow/example_dags/tutorial_dag.py took 0.221 seconds
[2024-11-17T09:26:58.786+0000] {processor.py:186} INFO - Started process (PID=3762) to work on /home/airflow/.local/lib/python3.12/site-packages/airflow/example_dags/tutorial_dag.py
[2024-11-17T09:26:58.789+0000] {processor.py:914} INFO - Processing file /home/airflow/.local/lib/python3.12/site-packages/airflow/example_dags/tutorial_dag.py for tasks to queue
[2024-11-17T09:26:58.801+0000] {logging_mixin.py:190} INFO - [2024-11-17T09:26:58.799+0000] {dagbag.py:588} INFO - Filling up the DagBag from /home/airflow/.local/lib/python3.12/site-packages/airflow/example_dags/tutorial_dag.py
[2024-11-17T09:26:58.836+0000] {processor.py:925} INFO - DAG(s) 'tutorial_dag' retrieved from /home/airflow/.local/lib/python3.12/site-packages/airflow/example_dags/tutorial_dag.py
[2024-11-17T09:26:58.924+0000] {logging_mixin.py:190} INFO - [2024-11-17T09:26:58.924+0000] {dag.py:3239} INFO - Sync 1 DAGs
[2024-11-17T09:26:58.978+0000] {logging_mixin.py:190} INFO - [2024-11-17T09:26:58.977+0000] {dag.py:4180} INFO - Setting next_dagrun for tutorial_dag to None, run_after=None
[2024-11-17T09:26:59.037+0000] {processor.py:208} INFO - Processing /home/airflow/.local/lib/python3.12/site-packages/airflow/example_dags/tutorial_dag.py took 0.278 seconds
[2024-11-17T09:27:29.563+0000] {processor.py:186} INFO - Started process (PID=3828) to work on /home/airflow/.local/lib/python3.12/site-packages/airflow/example_dags/tutorial_dag.py
[2024-11-17T09:27:29.566+0000] {processor.py:914} INFO - Processing file /home/airflow/.local/lib/python3.12/site-packages/airflow/example_dags/tutorial_dag.py for tasks to queue
[2024-11-17T09:27:29.574+0000] {logging_mixin.py:190} INFO - [2024-11-17T09:27:29.573+0000] {dagbag.py:588} INFO - Filling up the DagBag from /home/airflow/.local/lib/python3.12/site-packages/airflow/example_dags/tutorial_dag.py
[2024-11-17T09:27:29.613+0000] {processor.py:925} INFO - DAG(s) 'tutorial_dag' retrieved from /home/airflow/.local/lib/python3.12/site-packages/airflow/example_dags/tutorial_dag.py
[2024-11-17T09:27:29.681+0000] {logging_mixin.py:190} INFO - [2024-11-17T09:27:29.680+0000] {dag.py:3239} INFO - Sync 1 DAGs
[2024-11-17T09:27:29.742+0000] {logging_mixin.py:190} INFO - [2024-11-17T09:27:29.741+0000] {dag.py:4180} INFO - Setting next_dagrun for tutorial_dag to None, run_after=None
[2024-11-17T09:27:29.810+0000] {processor.py:208} INFO - Processing /home/airflow/.local/lib/python3.12/site-packages/airflow/example_dags/tutorial_dag.py took 0.270 seconds
[2024-11-17T09:28:00.474+0000] {processor.py:186} INFO - Started process (PID=3894) to work on /home/airflow/.local/lib/python3.12/site-packages/airflow/example_dags/tutorial_dag.py
[2024-11-17T09:28:00.477+0000] {processor.py:914} INFO - Processing file /home/airflow/.local/lib/python3.12/site-packages/airflow/example_dags/tutorial_dag.py for tasks to queue
[2024-11-17T09:28:00.484+0000] {logging_mixin.py:190} INFO - [2024-11-17T09:28:00.483+0000] {dagbag.py:588} INFO - Filling up the DagBag from /home/airflow/.local/lib/python3.12/site-packages/airflow/example_dags/tutorial_dag.py
[2024-11-17T09:28:00.511+0000] {processor.py:925} INFO - DAG(s) 'tutorial_dag' retrieved from /home/airflow/.local/lib/python3.12/site-packages/airflow/example_dags/tutorial_dag.py
[2024-11-17T09:28:00.567+0000] {logging_mixin.py:190} INFO - [2024-11-17T09:28:00.566+0000] {dag.py:3239} INFO - Sync 1 DAGs
[2024-11-17T09:28:00.624+0000] {logging_mixin.py:190} INFO - [2024-11-17T09:28:00.623+0000] {dag.py:4180} INFO - Setting next_dagrun for tutorial_dag to None, run_after=None
[2024-11-17T09:28:00.692+0000] {processor.py:208} INFO - Processing /home/airflow/.local/lib/python3.12/site-packages/airflow/example_dags/tutorial_dag.py took 0.239 seconds
